Current memory usage: 8228.09765625 MB
@analyze_image: file_name: data/crop1008/20230426.jpg, output_dir: output/crop1008, external_logger: <Logger data_crop1008.log (DEBUG)>
Loaded image & JSON file: data/crop1008/20230426.jpg
Scaled JSON data: scalar_position: 0.5, scalar_size: 0.5

@find_prev_next_date: image_output_dir: output/crop1008/20230426
data_dir: data/crop1008
Previous date file: data/crop1008/20230424.jpg, Next date file: data/crop1008/20230501.json


Loaded prev_results from JSON file: 20230424, length: 10
Scaled JSON data: scalar_position: 0.5, scalar_size: 0.5
Loaded next_results from JSON file: 20230501, length: 15
Scaled JSON data: scalar_position: 0.5, scalar_size: 0.5
prev_results is not empty, generating matching
Current memory usage: 8229.328125 MB
current_date:20230426, generating Matching: 20230424_20230426_matching.json
spatial_distances: (12, 10), attribute_distances: (12, 10)
combined_distances: (12, 10)
Current memory usage: 8229.328125 MB

@find_matching: combined_distances: (12, 10), next_matching: [{'id': '20230501_0', 'p': {'id': 0, 'tq': 68.0, 'dx': -3, 'dy': 2, 'dd': 0, 'da': -13.0, 'dp': -2.0, 'de': -0.09}, 'c': {'id': 3}, 'n': {}, 'i': 0}, {'id': '20230501_1', 'p': {'id': 1, 'tq': 47.0, 'dx': -10, 'dy': 4, 'dd': 1, 'da': 10.0, 'dp': 1.41, 'de': 0.0}, 'c': {'id': 4}, 'n': {}, 'i': 0}, {'id': '20230501_2', 'p': {'id': 7, 'tq': -1003.0, 'dx': -69, 'dy': -273, 'dd': 4, 'da': 74.0, 'dp': 25.11, 'de': -0.29}, 'c': {'id': 5}, 'n': {}, 'i': 0}, {'id': '20230501_3', 'p': {'id': 6, 'tq': -775.0, 'dx': -67, 'dy': -234, 'dd': 1, 'da': 15.0, 'dp': 3.41, 'de': 0.11}, 'c': {'id': 6}, 'n': {}, 'i': 0}, {'id': '20230501_4', 'p': {'id': 2, 'tq': -157.0, 'dx': 59, 'dy': 34, 'dd': 0, 'da': -12.0, 'dp': -2.59, 'de': 0.08}, 'c': {'id': 7}, 'n': {}, 'i': 0}, {'id': '20230501_5', 'p': {'id': 3, 'tq': 44.0, 'dx': -7, 'dy': 3, 'dd': -1, 'da': -19.0, 'dp': -3.41, 'de': 0.09}, 'c': {'id': 8}, 'n': {}, 'i': 0}, {'id': '20230501_6', 'p': {'id': 4, 'tq': 55.0, 'dx': 0, 'dy': 1, 'dd': 1, 'da': 27.0, 'dp': 6.24, 'de': -0.07}, 'c': {'id': 9}, 'n': {}, 'i': 0}, {'id': '20230501_7', 'p': {'id': 5, 'tq': -115.0, 'dx': -34, 'dy': -13, 'dd': 2, 'da': 57.0, 'dp': 12.49, 'de': 0.04}, 'c': {'id': 10}, 'n': {}, 'i': 0}, {'id': '20230501_8', 'p': {'id': 8, 'tq': 77.0, 'dx': -1, 'dy': 0, 'dd': 0, 'da': -13.0, 'dp': -1.76, 'de': 0.05}, 'c': {'id': 11}, 'n': {}, 'i': 0}, {'id': '20230501_9', 'p': {'id': 9, 'tq': -17.0, 'dx': -2, 'dy': 0, 'dd': -3, 'da': -72.0, 'dp': -14.49, 'de': 0.26}, 'c': {'id': 12}, 'n': {}, 'i': 0}, {'id': '20230501_10', 'p': {'id': 11, 'tq': -316.0, 'dx': 61, 'dy': 25, 'dd': -4, 'da': -121.0, 'dp': -24.73, 'de': 0.24}, 'c': {'id': 13}, 'n': {}, 'i': 0}, {'id': '20230503_7', 'p': {'id': 10, 'tq': -356.0, 'dx': -116, 'dy': 52, 'dd': 1, 'da': 6.0, 'dp': 4.04, 'de': 0.16}, 'c': {'id': 14}, 'n': {'id': 7, 'dx': -7, 'dy': -9, 'dd': -1, 'da': -2.0, 'dp': -1.0, 'de': -0.26}, 'i': 1}], current_date_string: 20230426, distance_threshold: 20
matched entry: {'id': '20230501_0', 'p': {'id': 0, 'tq': 68.0, 'dx': -3, 'dy': 2, 'dd': 0, 'da': -13.0, 'dp': -2.0, 'de': -0.09}, 'c': {'id': 3}, 'n': {}, 'i': 0}, len(matching): 0
matched entry: {'id': '20230501_1', 'p': {'id': 1, 'tq': 47.0, 'dx': -10, 'dy': 4, 'dd': 1, 'da': 10.0, 'dp': 1.41, 'de': 0.0}, 'c': {'id': 4}, 'n': {}, 'i': 0}, len(matching): 1
tq < 0
matched entry: {'id': '20230501_5', 'p': {'id': 3, 'tq': 44.0, 'dx': -7, 'dy': 3, 'dd': -1, 'da': -19.0, 'dp': -3.41, 'de': 0.09}, 'c': {'id': 8}, 'n': {}, 'i': 0}, len(matching): 3
matched entry: {'id': '20230501_6', 'p': {'id': 4, 'tq': 55.0, 'dx': 0, 'dy': 1, 'dd': 1, 'da': 27.0, 'dp': 6.24, 'de': -0.07}, 'c': {'id': 9}, 'n': {}, 'i': 0}, len(matching): 4
tq < 0
matched entry: {'id': '20230501_8', 'p': {'id': 8, 'tq': 77.0, 'dx': -1, 'dy': 0, 'dd': 0, 'da': -13.0, 'dp': -1.76, 'de': 0.05}, 'c': {'id': 11}, 'n': {}, 'i': 0}, len(matching): 6
tq < 0
tq < 0
tq < 0
i_dict: {0: 5, 1: 5}
tq_average: -280.2, dx_average: -12.2, dy_average: 38.2, dd_average: -1.0, da_average: -42.9, dp_average: -7.69, de_average: -0.01
average_tracking_quality: 49.5
@find_matching:
Returning:
Matching(lenght=10): [{'id': '20230501_0', 'p': {'id': 0, 'tq': -242.0, 'dx': -21, 'dy': -36, 'dd': -4, 'da': -129.0, 'dp': -21.9, 'de': 0.05}, 'c': {'id': 0}, 'n': {'id': 3, 'dx': -3, 'dy': 2, 'dd': 0, 'da': -13.0, 'dp': -2.0, 'de': -0.09}, 'i': 1}, {'id': '20230501_1', 'p': {'id': 3, 'tq': -184.0, 'dx': 1, 'dy': -49, 'dd': -2, 'da': -72.0, 'dp': -19.9, 'de': -0.22}, 'c': {'id': 1}, 'n': {'id': 4, 'dx': -10, 'dy': 4, 'dd': 1, 'da': 10.0, 'dp': 1.41, 'de': 0.0}, 'i': 1}, {'id': '20230426_2', 'p': {'id': 2, 'tq': -466.0, 'dx': -134, 'dy': 18, 'dd': 3, 'da': 59.0, 'dp': 19.07, 'de': -0.29}, 'c': {'id': 2}, 'n': {}, 'i': 0}, {'id': '20230501_5', 'p': {'id': 4, 'tq': -232.0, 'dx': 9, 'dy': 62, 'dd': -2, 'da': -74.0, 'dp': -14.24, 'de': 0.3}, 'c': {'id': 3}, 'n': {'id': 8, 'dx': -7, 'dy': 3, 'dd': -1, 'da': -19.0, 'dp': -3.41, 'de': 0.09}, 'i': 1}, {'id': '20230501_6', 'p': {'id': 5, 'tq': 31.0, 'dx': 2, 'dy': 3, 'dd': 2, 'da': 34.0, 'dp': 16.49, 'de': -0.25}, 'c': {'id': 4}, 'n': {'id': 9, 'dx': 0, 'dy': 1, 'dd': 1, 'da': 27.0, 'dp': 6.24, 'de': -0.07}, 'i': 1}, {'id': '20230426_5', 'p': {'id': 1, 'tq': -866.0, 'dx': -50, 'dy': 226, 'dd': -3, 'da': -102.0, 'dp': -20.73, 'de': 0.11}, 'c': {'id': 5}, 'n': {}, 'i': 0}, {'id': '20230501_8', 'p': {'id': 6, 'tq': 68.0, 'dx': 1, 'dy': 3, 'dd': 0, 'da': -14.0, 'dp': -2.24, 'de': 0.02}, 'c': {'id': 8}, 'n': {'id': 11, 'dx': -1, 'dy': 0, 'dd': 0, 'da': -13.0, 'dp': -1.76, 'de': 0.05}, 'i': 1}, {'id': '20230426_7', 'p': {'id': 7, 'tq': -16.0, 'dx': 14, 'dy': -3, 'dd': 2, 'da': 43.0, 'dp': 8.24, 'de': -0.04}, 'c': {'id': 9}, 'n': {}, 'i': 0}, {'id': '20230426_8', 'p': {'id': 9, 'tq': -595.0, 'dx': 103, 'dy': 58, 'dd': -6, 'da': -183.0, 'dp': -41.35, 'de': 0.06}, 'c': {'id': 10}, 'n': {}, 'i': 0}, {'id': '20230426_9', 'p': {'id': 8, 'tq': -300.0, 'dx': -47, 'dy': 100, 'dd': 0, 'da': 9.0, 'dp': -0.34, 'de': 0.16}, 'c': {'id': 11}, 'n': {}, 'i': 0}]
Unmatched current(length=2): {6, 7}
Unmatched previous(length=0): set()
Distance threshold: 20



@plot_data: normalized_points: (12, 2), normalized_prev_points: (10, 2), current_points: (12, 2), prev_points: (10, 2), current_data: 12, prev_data: 10, matching: 10, unmatched_current: 2, unmatched_prev: 0, combined_distances: (12, 10), distance_threshold: 20, current_date_string: 20230426, previous_date_string: 20230424, filename: output/crop1008/plots/20230424_20230426.png
Plots created
Plotted the normalized points
Drawing lines between the matched points
Plotting the unmatched points
Plotted the original points with diameter as size
Drawing lines between the matched points and add the indices to the plots with color coding
Setting the titles and labels
Done plotting

@process_image: output_dir: output/crop1008/20230426, image_name: 20230426, date_string: 20230426
len(json_data) = 12 json_data entries
len(matching) = 10 matching entries, setting max_id_i to 10
crop_dir: output/crop1008
nodules_dir: output/crop1008/nodules-last-detected-on
Split image into left and right images: (705, 300, 3), (705, 300, 3)
Converted right image to HSV: (705, 300, 3)
Created mask to detect nodules: (705, 300)

Found 12 contours in mask, processing each contour...

@process_contour: max_id: 20230426_10
Moments: {'m00': 36.5, 'm10': 3366.1666666666665, 'm01': 22911.833333333332, 'm20': 310542.0833333333, 'm11': 2113015.2916666665, 'm02': 14382363.416666666, 'm30': 28658088.05, 'm21': 194933975.81666666, 'm12': 1326395704.5166667, 'm03': 9028261192.95, 'mu20': 101.58942161343293, 'mu11': 0.2330669709481299, 'mu02': 113.91818873770535, 'mu30': -3.548995364457369, 'mu21': 2.5179274743495625, 'mu12': 5.8576905322133825, 'mu03': -4.069318771362305, 'nu20': 0.07625402260343998, 'nu11': 0.00017494236888581714, 'nu02': 0.08550811689825884, 'nu30': -0.0004409336779504485, 'nu21': 0.0003128319166590933, 'nu12': 0.0007277701899898868, 'nu03': -0.0005055796101001458}
Centroid: 92, 627
Processing contour#1: area: 36.5 centroid: 92, 627 rectangle: (89, 624, 8, 8)
@find_dayJSON_match_for_contour: x: 89, y: 624, w: 8, h: 8, area: 36.5
Matched with JSON#11: (92, 627, 6, 147.0, 41.799, 0.336819)
Match with input JSON(nodules) ID: 11
Matched contour: {'x': 92, 'y': 627, 'd': 6, 'a': 147.0, 'p': 41.799, 'e': 0.336819, 'id': 11, 'tq': 100}
JSON_entry: 11
Matched with first_id: 11 second_id: 8 name: 20230426_9
entry_id:20230426_9, entry saved to results list
created dirs at nodule_detection_path: output/crop1008/nodules-last-detected-on/2023-04-26/9/detection and nodule_images_original_path: output/crop1008/nodules-last-detected-on/2023-04-26/9
Segmented nodule image saved as output/crop1008/nodules-last-detected-on/2023-04-26/9/detection/2023-04-26.jpg
Original nodule image saved as output/crop1008/nodules-last-detected-on/2023-04-26/9/2023-04-26.jpg


@process_contour: max_id: 20230426_11
Moments: {'m00': 0.0, 'm10': 0.0, 'm01': 0.0, 'm20': 0.0, 'm11': 0.0, 'm02': 0.0, 'm30': 0.0, 'm21': 0.0, 'm12': 0.0, 'm03': 0.0, 'mu20': 0.0, 'mu11': 0.0, 'mu02': 0.0, 'mu30': 0.0, 'mu21': 0.0, 'mu12': 0.0, 'mu03': 0.0, 'nu20': 0.0, 'nu11': 0.0, 'nu02': 0.0, 'nu30': 0.0, 'nu21': 0.0, 'nu12': 0.0, 'nu03': 0.0}
Skipping contour#2 because area is 0.


@process_contour: max_id: 20230426_12
Moments: {'m00': 27.0, 'm10': 7254.333333333333, 'm01': 10810.0, 'm20': 1949138.5, 'm11': 2904412.333333333, 'm02': 4328084.5, 'm30': 523720215.1, 'm21': 780373105.6666666, 'm12': 1162859259.7, 'm03': 1732901514.0, 'mu20': 51.38477366277948, 'mu11': -7.790123456623405, 'mu02': 80.79629629664123, 'mu30': -4.025412857532501, 'mu21': -11.396128644300916, 'mu12': 28.76058531329545, 'mu03': 22.854595184326172, 'nu20': 0.0704866579736344, 'nu11': -0.010686040406890815, 'nu02': 0.11083168216274517, 'nu30': -0.0010626763588915272, 'nu21': -0.0030084855695046812, 'nu12': 0.007592561350106229, 'nu03': 0.006033427838084426}
Centroid: 268, 400
Processing contour#3: area: 27.0 centroid: 268, 400 rectangle: (266, 397, 7, 8)
@find_dayJSON_match_for_contour: x: 266, y: 397, w: 7, h: 8, area: 27.0
Matched with JSON#9: (269, 400, 6, 118.0, 37.5563, 0.283327)
Match with input JSON(nodules) ID: 9
Matched contour: {'x': 269, 'y': 400, 'd': 6, 'a': 118.0, 'p': 37.5563, 'e': 0.283327, 'id': 9, 'tq': 100}
JSON_entry: 9
Matched with first_id: 9 second_id: 7 name: 20230426_7
entry_id:20230426_7, entry saved to results list
created dirs at nodule_detection_path: output/crop1008/nodules-last-detected-on/2023-04-26/7/detection and nodule_images_original_path: output/crop1008/nodules-last-detected-on/2023-04-26/7
Segmented nodule image saved as output/crop1008/nodules-last-detected-on/2023-04-26/7/detection/2023-04-26.jpg
Original nodule image saved as output/crop1008/nodules-last-detected-on/2023-04-26/7/2023-04-26.jpg


@process_contour: max_id: 20230426_13
Moments: {'m00': 17.0, 'm10': 3225.1666666666665, 'm01': 6287.333333333333, 'm20': 611893.6666666666, 'm11': 1192807.4166666665, 'm02': 2325346.5, 'm30': 116096810.65, 'm21': 226305297.78333333, 'm12': 441155936.8833333, 'm03': 860027808.6, 'mu20': 28.95915032690391, 'mu11': 1.6584967321250588, 'mu02': 19.415032680146396, 'mu30': -4.258849173784256, 'mu21': -4.848763281461288, 'mu12': 3.042534866051028, 'mu03': 2.802101492881775, 'nu20': 0.10020467241143222, 'nu11': 0.005738743017733768, 'nu02': 0.0671800438759391, 'nu30': -0.0035741268038035805, 'nu21': -0.004069196654402887, 'nu12': 0.0025533671122232584, 'nu03': 0.00235158974737482}
Centroid: 189, 369
Processing contour#4: area: 17.0 centroid: 189, 369 rectangle: (187, 368, 6, 5)
@find_dayJSON_match_for_contour: x: 187, y: 368, w: 6, h: 5, area: 17.0
Matched with JSON#8: (189, 369, 5, 95.0, 33.3137, 0.460749)
Match with input JSON(nodules) ID: 8
Matched contour: {'x': 189, 'y': 369, 'd': 5, 'a': 95.0, 'p': 33.3137, 'e': 0.460749, 'id': 8, 'tq': 100}
JSON_entry: 8
Matched with first_id: 8 second_id: 6 name: 20230501_8
entry_id:20230501_8, entry saved to results list
created dirs at nodule_detection_path: output/crop1008/nodules-last-detected-on/2023-05-01/8/detection and nodule_images_original_path: output/crop1008/nodules-last-detected-on/2023-05-01/8
Segmented nodule image saved as output/crop1008/nodules-last-detected-on/2023-05-01/8/detection/2023-04-26.jpg
Original nodule image saved as output/crop1008/nodules-last-detected-on/2023-05-01/8/2023-04-26.jpg


@process_contour: max_id: 20230426_14
Moments: {'m00': 1.0, 'm10': 270.5, 'm01': 363.5, 'm20': 73170.33333333333, 'm11': 98326.75, 'm02': 132132.3333333333, 'm30': 19792620.25, 'm21': 26597416.166666668, 'm12': 35741796.166666664, 'm03': 48030163.75, 'mu20': 0.0833333333284827, 'mu11': 0.0, 'mu02': 0.08333333331393078, 'mu30': 3.725290298461914e-09, 'mu21': 3.004970494657755e-09, 'mu12': 2.764863893389702e-09, 'mu03': 2.2351741790771484e-08, 'nu20': 0.0833333333284827, 'nu11': 0.0, 'nu02': 0.08333333331393078, 'nu30': 3.725290298461914e-09, 'nu21': 3.004970494657755e-09, 'nu12': 2.764863893389702e-09, 'nu03': 2.2351741790771484e-08}
Centroid: 270, 363
Processing contour#5: area: 1.0 centroid: 270, 363 rectangle: (270, 363, 2, 2)
@find_dayJSON_match_for_contour: x: 270, y: 363, w: 2, h: 2, area: 1.0
Matched with JSON#7: (271, 363, 1, 6.0, 5.6213, 0.717741)
Match with input JSON(nodules) ID: 7
Matched contour: {'x': 271, 'y': 363, 'd': 1, 'a': 6.0, 'p': 5.6213, 'e': 0.717741, 'id': 7, 'tq': 100}
JSON_entry: 7
WARNING: match is empty
entry_id:20230426_14, entry saved to results list
created dirs at nodule_detection_path: output/crop1008/nodules-last-detected-on/2023-04-26/14/detection and nodule_images_original_path: output/crop1008/nodules-last-detected-on/2023-04-26/14
Segmented nodule image saved as output/crop1008/nodules-last-detected-on/2023-04-26/14/detection/2023-04-26.jpg
Original nodule image saved as output/crop1008/nodules-last-detected-on/2023-04-26/14/2023-04-26.jpg


@process_contour: max_id: 20230426_15
Moments: {'m00': 7.0, 'm10': 1901.0, 'm01': 2367.333333333333, 'm20': 516262.1666666666, 'm11': 642900.6666666666, 'm02': 800613.1666666666, 'm30': 140204704.5, 'm21': 174595257.86666667, 'm12': 217424048.33333334, 'm03': 270762169.6, 'mu20': 4.880952380946837, 'mu11': 0.5714285714784637, 'mu02': 3.5793650795239955, 'mu30': -0.6734693646430969, 'mu21': -0.4848072496572513, 'mu12': 0.4251700516990695, 'mu03': 0.5062735676765442, 'nu20': 0.0996112730805477, 'nu11': 0.011661807581193137, 'nu02': 0.07304826692906112, 'nu30': -0.005194846806024229, 'nu21': -0.003739590135260323, 'nu12': 0.0032795749904029527, 'nu03': 0.0039051718817421704}
Centroid: 271, 338
Processing contour#6: area: 7.0 centroid: 271, 338 rectangle: (270, 337, 4, 4)
@find_dayJSON_match_for_contour: x: 270, y: 337, w: 4, h: 4, area: 7.0
Matched with JSON#6: (271, 338, 3, 36.0, 20.4853, 0.336277)
Match with input JSON(nodules) ID: 6
Matched contour: {'x': 271, 'y': 338, 'd': 3, 'a': 36.0, 'p': 20.4853, 'e': 0.336277, 'id': 6, 'tq': 100}
JSON_entry: 6
WARNING: match is empty
entry_id:20230426_15, entry saved to results list
created dirs at nodule_detection_path: output/crop1008/nodules-last-detected-on/2023-04-26/15/detection and nodule_images_original_path: output/crop1008/nodules-last-detected-on/2023-04-26/15
Segmented nodule image saved as output/crop1008/nodules-last-detected-on/2023-04-26/15/detection/2023-04-26.jpg
Original nodule image saved as output/crop1008/nodules-last-detected-on/2023-04-26/15/2023-04-26.jpg


@process_contour: max_id: 20230426_16
Moments: {'m00': 9.0, 'm10': 1921.5, 'm01': 2929.5, 'm20': 410247.0, 'm11': 625448.25, 'm02': 953559.0, 'm30': 87590616.75, 'm21': 133535398.5, 'm12': 203584846.5, 'm03': 310387848.75, 'mu20': 6.75, 'mu11': 0.0, 'mu02': 6.75, 'mu30': 0.0, 'mu21': 0.0, 'mu12': 0.0, 'mu03': 0.0, 'nu20': 0.08333333333333333, 'nu11': 0.0, 'nu02': 0.08333333333333333, 'nu30': 0.0, 'nu21': 0.0, 'nu12': 0.0, 'nu03': 0.0}
Centroid: 213, 325
Processing contour#7: area: 9.0 centroid: 213, 325 rectangle: (212, 324, 4, 4)
@find_dayJSON_match_for_contour: x: 212, y: 324, w: 4, h: 4, area: 9.0
Matched with JSON#5: (213, 325, 3, 46.0, 22.4853, 0.406236)
Match with input JSON(nodules) ID: 5
Matched contour: {'x': 213, 'y': 325, 'd': 3, 'a': 46.0, 'p': 22.4853, 'e': 0.406236, 'id': 5, 'tq': 100}
JSON_entry: 5
Matched with first_id: 5 second_id: 1 name: 20230426_5
entry_id:20230426_5, entry saved to results list
created dirs at nodule_detection_path: output/crop1008/nodules-last-detected-on/2023-04-26/5/detection and nodule_images_original_path: output/crop1008/nodules-last-detected-on/2023-04-26/5
Segmented nodule image saved as output/crop1008/nodules-last-detected-on/2023-04-26/5/detection/2023-04-26.jpg
Original nodule image saved as output/crop1008/nodules-last-detected-on/2023-04-26/5/2023-04-26.jpg


@process_contour: max_id: 20230426_17
Moments: {'m00': 11.5, 'm10': 965.1666666666666, 'm01': 3395.833333333333, 'm20': 81015.91666666666, 'm11': 285004.7083333333, 'm02': 1002764.9166666666, 'm30': 6801456.550000001, 'm21': 23923310.483333334, 'm12': 84160051.35, 'm03': 296112083.95, 'mu20': 11.856280193242128, 'mu11': 0.7832125604036264, 'mu02': 9.783816425246187, 'mu30': 0.131828049197793, 'mu21': 0.7260694558508476, 'mu12': -0.07505076958796053, 'mu03': -1.087719738483429, 'nu20': 0.08965051185816353, 'nu11': 0.005922212176965039, 'nu02': 0.07397970831944185, 'nu30': 0.00029394306918422103, 'nu21': 0.0016189504858218629, 'nu12': -0.00016734415544770304, 'nu03': -0.0024253387673389775}
Centroid: 83, 295
Processing contour#8: area: 11.5 centroid: 83, 295 rectangle: (82, 293, 5, 5)
@find_dayJSON_match_for_contour: x: 82, y: 293, w: 5, h: 5, area: 11.5
Matched with JSON#4: (84, 295, 3, 44.0, 23.4853, 0.329133)
Match with input JSON(nodules) ID: 4
Matched contour: {'x': 84, 'y': 295, 'd': 3, 'a': 44.0, 'p': 23.4853, 'e': 0.329133, 'id': 4, 'tq': 100}
JSON_entry: 4
Matched with first_id: 4 second_id: 5 name: 20230501_6
entry_id:20230501_6, entry saved to results list
created dirs at nodule_detection_path: output/crop1008/nodules-last-detected-on/2023-05-01/6/detection and nodule_images_original_path: output/crop1008/nodules-last-detected-on/2023-05-01/6
Segmented nodule image saved as output/crop1008/nodules-last-detected-on/2023-05-01/6/detection/2023-04-26.jpg
Original nodule image saved as output/crop1008/nodules-last-detected-on/2023-05-01/6/2023-04-26.jpg


@process_contour: max_id: 20230426_18
Moments: {'m00': 11.5, 'm10': 1714.3333333333333, 'm01': 2639.833333333333, 'm20': 255574.41666666666, 'm11': 393525.4583333333, 'm02': 605983.9166666666, 'm30': 38103437.2, 'm21': 58666995.233333334, 'm12': 90335056.73333333, 'm03': 139107839.95000002, 'mu20': 14.522946859913645, 'mu11': -1.0006038646679372, 'mu02': 8.262077294755727, 'mu30': -0.7115381881594658, 'mu21': 1.0136140738582071, 'mu12': 0.6506651172521742, 'mu03': -0.3712735176086426, 'nu20': 0.1098143429861145, 'nu11': -0.007566002757413513, 'nu02': 0.06247317425146107, 'nu30': -0.0015865494493934654, 'nu21': 0.0022601019559287477, 'nu12': 0.0014508179612766135, 'nu03': -0.0008278456514892689}
Centroid: 149, 229
Processing contour#9: area: 11.5 centroid: 149, 229 rectangle: (147, 228, 5, 4)
@find_dayJSON_match_for_contour: x: 147, y: 228, w: 5, h: 4, area: 11.5
Matched with JSON#3: (149, 229, 4, 65.0, 27.3137, 0.591603)
Match with input JSON(nodules) ID: 3
Matched contour: {'x': 149, 'y': 229, 'd': 4, 'a': 65.0, 'p': 27.3137, 'e': 0.591603, 'id': 3, 'tq': 100}
JSON_entry: 3
Matched with first_id: 3 second_id: 4 name: 20230501_5
entry_id:20230501_5, entry saved to results list
created dirs at nodule_detection_path: output/crop1008/nodules-last-detected-on/2023-05-01/5/detection and nodule_images_original_path: output/crop1008/nodules-last-detected-on/2023-05-01/5
Segmented nodule image saved as output/crop1008/nodules-last-detected-on/2023-05-01/5/detection/2023-04-26.jpg
Original nodule image saved as output/crop1008/nodules-last-detected-on/2023-05-01/5/2023-04-26.jpg


@process_contour: max_id: 20230426_19
Moments: {'m00': 22.5, 'm10': 1182.3333333333333, 'm01': 2879.1666666666665, 'm20': 62165.58333333333, 'm11': 151293.125, 'm02': 368472.75, 'm30': 3270486.2, 'm21': 7954705.766666667, 'm12': 19362113.066666666, 'm03': 47162653.550000004, 'mu20': 36.15617283950996, 'mu11': -1.7515432098589372, 'mu02': 46.05246913584415, 'mu30': 0.03743027010932565, 'mu21': -2.3902834937889565, 'mu12': 0.6764288940657934, 'mu03': 2.668084129691124, 'nu20': 0.07141960067063696, 'nu11': -0.0034598384392275305, 'nu02': 0.09096784026833413, 'nu30': 1.5587148244383703e-05, 'nu21': -0.0009953896419921699, 'nu12': 0.0002816863842497662, 'nu03': 0.0011110746125131898}
Centroid: 52, 127
Processing contour#10: area: 22.5 centroid: 52, 127 rectangle: (50, 125, 6, 7)
@find_dayJSON_match_for_contour: x: 50, y: 125, w: 6, h: 7, area: 22.5
Matched with JSON#2: (52, 127, 4, 68.0, 27.8995, 0.280744)
Match with input JSON(nodules) ID: 2
Matched contour: {'x': 52, 'y': 127, 'd': 4, 'a': 68.0, 'p': 27.8995, 'e': 0.280744, 'id': 2, 'tq': 100}
JSON_entry: 2
Matched with first_id: 2 second_id: 2 name: 20230426_2
entry_id:20230426_2, entry saved to results list
created dirs at nodule_detection_path: output/crop1008/nodules-last-detected-on/2023-04-26/2/detection and nodule_images_original_path: output/crop1008/nodules-last-detected-on/2023-04-26/2
Segmented nodule image saved as output/crop1008/nodules-last-detected-on/2023-04-26/2/detection/2023-04-26.jpg
Original nodule image saved as output/crop1008/nodules-last-detected-on/2023-04-26/2/2023-04-26.jpg


@process_contour: max_id: 20230426_20
Moments: {'m00': 49.0, 'm10': 6552.0, 'm01': 4239.5, 'm20': 876284.8333333333, 'm11': 566824.5833333333, 'm02': 367022.6666666666, 'm30': 117222288.0, 'm21': 75801219.91666667, 'm12': 49066319.583333336, 'm03': 31792914.75, 'mu20': 188.83333333337214, 'mu11': -57.13095238094684, 'mu02': 219.39625850337325, 'mu30': -11.999999985098839, 'mu21': -23.081632637156872, 'mu12': 31.85568514260376, 'mu03': -0.6828404739499092, 'nu20': 0.07864778564488634, 'nu11': -0.023794649054954944, 'nu02': 0.09137703394559483, 'nu30': -0.0007139882183077787, 'nu21': -0.0013733344818918822, 'nu12': 0.0018953819921820522, 'nu03': -4.062833783244535e-05}
Centroid: 133, 86
Processing contour#11: area: 49.0 centroid: 133, 86 rectangle: (130, 82, 9, 10)
@find_dayJSON_match_for_contour: x: 130, y: 82, w: 9, h: 10, area: 49.0
Matched with JSON#1: (134, 86, 7, 192.0, 50.0416, 0.669742)
Match with input JSON(nodules) ID: 1
Matched contour: {'x': 134, 'y': 86, 'd': 7, 'a': 192.0, 'p': 50.0416, 'e': 0.669742, 'id': 1, 'tq': 100}
JSON_entry: 1
Matched with first_id: 1 second_id: 3 name: 20230501_1
entry_id:20230501_1, entry saved to results list
created dirs at nodule_detection_path: output/crop1008/nodules-last-detected-on/2023-05-01/1/detection and nodule_images_original_path: output/crop1008/nodules-last-detected-on/2023-05-01/1
Segmented nodule image saved as output/crop1008/nodules-last-detected-on/2023-05-01/1/detection/2023-04-26.jpg
Original nodule image saved as output/crop1008/nodules-last-detected-on/2023-05-01/1/2023-04-26.jpg


@process_contour: max_id: 20230426_21
Moments: {'m00': 14.5, 'm10': 1263.5, 'm01': 909.1666666666666, 'm20': 110121.41666666666, 'm11': 79221.04166666666, 'm02': 57027.75, 'm30': 9599684.85, 'm21': 6904406.016666667, 'm12': 4969055.783333333, 'm03': 3578453.5500000003, 'mu20': 22.64080459768593, 'mu11': -1.8606321839179145, 'mu02': 21.954980842914665, 'mu30': -13.306658737361431, 'mu21': -9.121396482881437, 'mu12': 8.964334787709504, 'mu03': -5.129206852521747, 'nu20': 0.10768515860968336, 'nu11': -0.00884961799723146, 'nu02': 0.10442321447284025, 'nu30': -0.016620688628628668, 'nu21': -0.011393084754971515, 'nu12': 0.01119690676750966, 'nu03': -0.006406638337258268}
Centroid: 87, 62
Processing contour#12: area: 14.5 centroid: 87, 62 rectangle: (84, 60, 6, 6)
@find_dayJSON_match_for_contour: x: 84, y: 60, w: 6, h: 6, area: 14.5
Matched with JSON#0: (86, 61, 4, 78.0, 30.1421, 0.63026)
Match with input JSON(nodules) ID: 0
Matched contour: {'x': 86, 'y': 61, 'd': 4, 'a': 78.0, 'p': 30.1421, 'e': 0.63026, 'id': 0, 'tq': 100}
JSON_entry: 0
Matched with first_id: 0 second_id: 0 name: 20230501_0
entry_id:20230501_0, entry saved to results list
created dirs at nodule_detection_path: output/crop1008/nodules-last-detected-on/2023-05-01/0/detection and nodule_images_original_path: output/crop1008/nodules-last-detected-on/2023-05-01/0
Segmented nodule image saved as output/crop1008/nodules-last-detected-on/2023-05-01/0/detection/2023-04-26.jpg
Original nodule image saved as output/crop1008/nodules-last-detected-on/2023-05-01/0/2023-04-26.jpg


Done analyzing contours, found 11 nodules.


results_entry: {'date': '20230426', 'json': 'output/crop1008/20230426/20230426.json', 'log': 'output/crop1008/20230426/crop1008_20230426.log', 'image': 'data/crop1008/20230426.jpg', 'plot': 'output/crop1008/plots/20230424_20230426.png', 'match_stats': {'i_dict': {0: 5, 1: 5}, 'average_tracking_quality': 49.5, 'distance_threshold': 20, 'lengths': {'matching': 10, 'unmatched_current': 2, 'unmatched_previous': 0}, 'averages': {'tq': -280.2, 'i': 0.5, 'dx': -12.2, 'dy': 38.2, 'dd': -1.0, 'da': -42.9, 'dp': -7.69, 'de': -0.01}}}
