@post_process: subdir: output\crop1000\nodules-last-detected-on\2023-06-05
@generate_gif: path:output\crop1000\nodules-last-detected-on\2023-06-05\0, output_name:o.gif
len_jpg_files: 1
@generate_gif: path:output\crop1000\nodules-last-detected-on\2023-06-05\0\detection, output_name:d.gif
len_jpg_files: 1
nodules_dir: output\crop1000\nodules-last-detected-on\2023-06-05\0 has 1 entries
nodules_dir: output\crop1000\nodules-last-detected-on\2023-06-05\0 has less than 2 entries, skipping
@generate_gif: path:output\crop1000\nodules-last-detected-on\2023-06-05\11, output_name:o.gif
len_jpg_files: 2
@generate_gif: path:output\crop1000\nodules-last-detected-on\2023-06-05\11\detection, output_name:d.gif
len_jpg_files: 2
nodules_dir: output\crop1000\nodules-last-detected-on\2023-06-05\11 has 2 entries
nodules_dir: output\crop1000\nodules-last-detected-on\2023-06-05\11 has 2 entries


Plotting date: 2023-05-31

@check_overlap_helper: existing_positions:[], x:169, y:124, offset_increment:{'x': 2.323749999999997, 'y': 0.1222222222222216}, xlim:(159.705, 178.295), ylim:(121.9, 124.1), i:0
returning: (169, 124), modified:False


Plotting date: 2023-05-29

@check_overlap_helper: existing_positions:[(169, 124)], x:169, y:122, offset_increment:{'x': 2.323749999999997, 'y': 0.1222222222222216}, xlim:(159.705, 178.295), ylim:(121.9, 124.1), i:0
returning: (169, 122), modified:False
@generate_gif: path:output\crop1000\nodules-last-detected-on\2023-06-05\120, output_name:o.gif
len_jpg_files: 1
@generate_gif: path:output\crop1000\nodules-last-detected-on\2023-06-05\120\detection, output_name:d.gif
len_jpg_files: 1
nodules_dir: output\crop1000\nodules-last-detected-on\2023-06-05\120 has 1 entries
nodules_dir: output\crop1000\nodules-last-detected-on\2023-06-05\120 has less than 2 entries, skipping
@generate_gif: path:output\crop1000\nodules-last-detected-on\2023-06-05\138, output_name:o.gif
len_jpg_files: 1
@generate_gif: path:output\crop1000\nodules-last-detected-on\2023-06-05\138\detection, output_name:d.gif
len_jpg_files: 1
nodules_dir: output\crop1000\nodules-last-detected-on\2023-06-05\138 has 1 entries
nodules_dir: output\crop1000\nodules-last-detected-on\2023-06-05\138 has less than 2 entries, skipping
@generate_gif: path:output\crop1000\nodules-last-detected-on\2023-06-05\18, output_name:o.gif
len_jpg_files: 1
@generate_gif: path:output\crop1000\nodules-last-detected-on\2023-06-05\18\detection, output_name:d.gif
len_jpg_files: 1
nodules_dir: output\crop1000\nodules-last-detected-on\2023-06-05\18 has 1 entries
nodules_dir: output\crop1000\nodules-last-detected-on\2023-06-05\18 has less than 2 entries, skipping
@generate_gif: path:output\crop1000\nodules-last-detected-on\2023-06-05\2, output_name:o.gif
len_jpg_files: 1
@generate_gif: path:output\crop1000\nodules-last-detected-on\2023-06-05\2\detection, output_name:d.gif
len_jpg_files: 1
nodules_dir: output\crop1000\nodules-last-detected-on\2023-06-05\2 has 1 entries
nodules_dir: output\crop1000\nodules-last-detected-on\2023-06-05\2 has less than 2 entries, skipping
@generate_gif: path:output\crop1000\nodules-last-detected-on\2023-06-05\20, output_name:o.gif
len_jpg_files: 9
@generate_gif: path:output\crop1000\nodules-last-detected-on\2023-06-05\20\detection, output_name:d.gif
len_jpg_files: 9
nodules_dir: output\crop1000\nodules-last-detected-on\2023-06-05\20 has 9 entries
nodules_dir: output\crop1000\nodules-last-detected-on\2023-06-05\20 has 9 entries


Plotting date: 2023-06-05

@check_overlap_helper: existing_positions:[], x:148, y:161, offset_increment:{'x': 0.4125000000000014, 'y': 0.3666666666666679}, xlim:(145.85, 149.15), ylim:(156.7, 163.3), i:0
returning: (148, 161), modified:False


Plotting date: 2023-06-02

@check_overlap_helper: existing_positions:[(148, 161)], x:148, y:162, offset_increment:{'x': 0.4125000000000014, 'y': 0.3666666666666679}, xlim:(145.85, 149.15), ylim:(156.7, 163.3), i:0
returning: (148, 162), modified:False


Plotting date: 2023-05-31

@check_overlap_helper: existing_positions:[(148, 161), (148, 162)], x:148, y:163, offset_increment:{'x': 0.4125000000000014, 'y': 0.3666666666666679}, xlim:(145.85, 149.15), ylim:(156.7, 163.3), i:0
returning: (148, 163), modified:False


Plotting date: 2023-05-29

@check_overlap_helper: existing_positions:[(148, 161), (148, 162), (148, 163)], x:147, y:160, offset_increment:{'x': 0.4125000000000014, 'y': 0.3666666666666679}, xlim:(145.85, 149.15), ylim:(156.7, 163.3), i:0
returning: (147, 160), modified:False


Plotting date: 2023-05-26

@check_overlap_helper: existing_positions:[(148, 161), (148, 162), (148, 163), (147, 160)], x:149, y:160, offset_increment:{'x': 0.4125000000000014, 'y': 0.3666666666666679}, xlim:(145.85, 149.15), ylim:(156.7, 163.3), i:0
returning: (149, 160), modified:False


Plotting date: 2023-05-24

@check_overlap_helper: existing_positions:[(148, 161), (148, 162), (148, 163), (147, 160), (149, 160)], x:147, y:159, offset_increment:{'x': 0.4125000000000014, 'y': 0.3666666666666679}, xlim:(145.85, 149.15), ylim:(156.7, 163.3), i:0
returning: (147, 159), modified:False


Plotting date: 2023-05-22

@check_overlap_helper: existing_positions:[(148, 161), (148, 162), (148, 163), (147, 160), (149, 160), (147, 159)], x:146, y:158, offset_increment:{'x': 0.4125000000000014, 'y': 0.3666666666666679}, xlim:(145.85, 149.15), ylim:(156.7, 163.3), i:0
returning: (146, 158), modified:False


Plotting date: 2023-05-19

@check_overlap_helper: existing_positions:[(148, 161), (148, 162), (148, 163), (147, 160), (149, 160), (147, 159), (146, 158)], x:146, y:157, offset_increment:{'x': 0.4125000000000014, 'y': 0.3666666666666679}, xlim:(145.85, 149.15), ylim:(156.7, 163.3), i:0
returning: (146, 157), modified:False


Plotting date: 2023-05-17

@check_overlap_helper: existing_positions:[(148, 161), (148, 162), (148, 163), (147, 160), (149, 160), (147, 159), (146, 158), (146, 157)], x:146, y:161, offset_increment:{'x': 0.4125000000000014, 'y': 0.3666666666666679}, xlim:(145.85, 149.15), ylim:(156.7, 163.3), i:0
returning: (146, 161), modified:False
@generate_gif: path:output\crop1000\nodules-last-detected-on\2023-06-05\22, output_name:o.gif
len_jpg_files: 5
@generate_gif: path:output\crop1000\nodules-last-detected-on\2023-06-05\22\detection, output_name:d.gif
len_jpg_files: 5
nodules_dir: output\crop1000\nodules-last-detected-on\2023-06-05\22 has 5 entries
nodules_dir: output\crop1000\nodules-last-detected-on\2023-06-05\22 has 5 entries


Plotting date: 2023-06-05

@check_overlap_helper: existing_positions:[], x:43, y:174, offset_increment:{'x': 0.6875, 'y': 0.1222222222222216}, xlim:(38.75, 44.25), ylim:(172.9, 175.1), i:0
returning: (43, 174), modified:False


Plotting date: 2023-06-02

@check_overlap_helper: existing_positions:[(43, 174)], x:43, y:175, offset_increment:{'x': 0.6875, 'y': 0.1222222222222216}, xlim:(38.75, 44.25), ylim:(172.9, 175.1), i:0
returning: (43, 175), modified:False


Plotting date: 2023-05-31

@check_overlap_helper: existing_positions:[(43, 174), (43, 175)], x:44, y:175, offset_increment:{'x': 0.6875, 'y': 0.1222222222222216}, xlim:(38.75, 44.25), ylim:(172.9, 175.1), i:0
returning: (44, 175), modified:False


Plotting date: 2023-05-29

@check_overlap_helper: existing_positions:[(43, 174), (43, 175), (44, 175)], x:39, y:174, offset_increment:{'x': 0.6875, 'y': 0.1222222222222216}, xlim:(38.75, 44.25), ylim:(172.9, 175.1), i:0
returning: (39, 174), modified:False


Plotting date: 2023-05-26

@check_overlap_helper: existing_positions:[(43, 174), (43, 175), (44, 175), (39, 174)], x:42, y:173, offset_increment:{'x': 0.6875, 'y': 0.1222222222222216}, xlim:(38.75, 44.25), ylim:(172.9, 175.1), i:0
returning: (42, 173), modified:False
@generate_gif: path:output\crop1000\nodules-last-detected-on\2023-06-05\24, output_name:o.gif
len_jpg_files: 1
@generate_gif: path:output\crop1000\nodules-last-detected-on\2023-06-05\24\detection, output_name:d.gif
len_jpg_files: 1
nodules_dir: output\crop1000\nodules-last-detected-on\2023-06-05\24 has 1 entries
nodules_dir: output\crop1000\nodules-last-detected-on\2023-06-05\24 has less than 2 entries, skipping
@generate_gif: path:output\crop1000\nodules-last-detected-on\2023-06-05\26, output_name:o.gif
len_jpg_files: 2
@generate_gif: path:output\crop1000\nodules-last-detected-on\2023-06-05\26\detection, output_name:d.gif
len_jpg_files: 2
nodules_dir: output\crop1000\nodules-last-detected-on\2023-06-05\26 has 2 entries
nodules_dir: output\crop1000\nodules-last-detected-on\2023-06-05\26 has 2 entries


Plotting date: 2023-06-05

@check_overlap_helper: existing_positions:[], x:30, y:195, offset_increment:{'x': 0.41249999999999964, 'y': 0.06111111111111237}, xlim:(28.35, 31.65), ylim:(194.95, 196.05), i:0
returning: (30, 195), modified:False


Plotting date: 2023-06-02

@check_overlap_helper: existing_positions:[(30, 195)], x:30, y:196, offset_increment:{'x': 0.41249999999999964, 'y': 0.06111111111111237}, xlim:(28.35, 31.65), ylim:(194.95, 196.05), i:0
returning: (30, 196), modified:False
@generate_gif: path:output\crop1000\nodules-last-detected-on\2023-06-05\27, output_name:o.gif
len_jpg_files: 8
@generate_gif: path:output\crop1000\nodules-last-detected-on\2023-06-05\27\detection, output_name:d.gif
len_jpg_files: 8
nodules_dir: output\crop1000\nodules-last-detected-on\2023-06-05\27 has 8 entries
nodules_dir: output\crop1000\nodules-last-detected-on\2023-06-05\27 has 8 entries


Plotting date: 2023-06-05

@check_overlap_helper: existing_positions:[], x:192, y:212, offset_increment:{'x': 0.4125000000000014, 'y': 0.3666666666666679}, xlim:(189.85, 193.15), ylim:(206.7, 213.3), i:0
returning: (192, 212), modified:False


Plotting date: 2023-06-02

@check_overlap_helper: existing_positions:[(192, 212)], x:192, y:212, offset_increment:{'x': 0.4125000000000014, 'y': 0.3666666666666679}, xlim:(189.85, 193.15), ylim:(206.7, 213.3), i:0
returning: (192.4125, 212), modified:True, original:(192, 212)


Plotting date: 2023-05-31

@check_overlap_helper: existing_positions:[(192, 212), (192.4125, 212)], x:192, y:213, offset_increment:{'x': 0.4125000000000014, 'y': 0.3666666666666679}, xlim:(189.85, 193.15), ylim:(206.7, 213.3), i:0
returning: (192, 213), modified:False


Plotting date: 2023-05-29

@check_overlap_helper: existing_positions:[(192, 212), (192.4125, 212), (192, 213)], x:192, y:212, offset_increment:{'x': 0.4125000000000014, 'y': 0.3666666666666679}, xlim:(189.85, 193.15), ylim:(206.7, 213.3), i:0
returning: (192, 212.36666666666667), modified:True, original:(192, 212)


Plotting date: 2023-05-26

@check_overlap_helper: existing_positions:[(192, 212), (192.4125, 212), (192, 213), (192, 212.36666666666667)], x:193, y:212, offset_increment:{'x': 0.4125000000000014, 'y': 0.3666666666666679}, xlim:(189.85, 193.15), ylim:(206.7, 213.3), i:0
returning: (193, 212), modified:False


Plotting date: 2023-05-24

@check_overlap_helper: existing_positions:[(192, 212), (192.4125, 212), (192, 213), (192, 212.36666666666667), (193, 212)], x:191, y:209, offset_increment:{'x': 0.4125000000000014, 'y': 0.3666666666666679}, xlim:(189.85, 193.15), ylim:(206.7, 213.3), i:0
returning: (191, 209), modified:False


Plotting date: 2023-05-22

@check_overlap_helper: existing_positions:[(192, 212), (192.4125, 212), (192, 213), (192, 212.36666666666667), (193, 212), (191, 209)], x:190, y:208, offset_increment:{'x': 0.4125000000000014, 'y': 0.3666666666666679}, xlim:(189.85, 193.15), ylim:(206.7, 213.3), i:0
returning: (190, 208), modified:False


Plotting date: 2023-05-19

@check_overlap_helper: existing_positions:[(192, 212), (192.4125, 212), (192, 213), (192, 212.36666666666667), (193, 212), (191, 209), (190, 208)], x:190, y:207, offset_increment:{'x': 0.4125000000000014, 'y': 0.3666666666666679}, xlim:(189.85, 193.15), ylim:(206.7, 213.3), i:0
returning: (190, 207), modified:False
@generate_gif: path:output\crop1000\nodules-last-detected-on\2023-06-05\3, output_name:o.gif
len_jpg_files: 3
@generate_gif: path:output\crop1000\nodules-last-detected-on\2023-06-05\3\detection, output_name:d.gif
len_jpg_files: 3
nodules_dir: output\crop1000\nodules-last-detected-on\2023-06-05\3 has 3 entries
nodules_dir: output\crop1000\nodules-last-detected-on\2023-06-05\3 has 3 entries


Plotting date: 2023-06-05

@check_overlap_helper: existing_positions:[], x:240, y:71, offset_increment:{'x': 3.299999999999997, 'y': 0.0611111111111108}, xlim:(226.8, 253.2), ylim:(69.95, 71.05), i:0
returning: (240, 71), modified:False


Plotting date: 2023-06-02

@check_overlap_helper: existing_positions:[(240, 71)], x:240, y:70, offset_increment:{'x': 3.299999999999997, 'y': 0.0611111111111108}, xlim:(226.8, 253.2), ylim:(69.95, 71.05), i:0
returning: (240, 70), modified:False


Plotting date: 2023-05-31

@check_overlap_helper: existing_positions:[(240, 71), (240, 70)], x:240, y:71, offset_increment:{'x': 3.299999999999997, 'y': 0.0611111111111108}, xlim:(226.8, 253.2), ylim:(69.95, 71.05), i:0
returning: (243.3, 71), modified:True, original:(240, 71)
@generate_gif: path:output\crop1000\nodules-last-detected-on\2023-06-05\33, output_name:o.gif
len_jpg_files: 1
@generate_gif: path:output\crop1000\nodules-last-detected-on\2023-06-05\33\detection, output_name:d.gif
len_jpg_files: 1
nodules_dir: output\crop1000\nodules-last-detected-on\2023-06-05\33 has 1 entries
nodules_dir: output\crop1000\nodules-last-detected-on\2023-06-05\33 has less than 2 entries, skipping
@generate_gif: path:output\crop1000\nodules-last-detected-on\2023-06-05\37, output_name:o.gif
len_jpg_files: 2
@generate_gif: path:output\crop1000\nodules-last-detected-on\2023-06-05\37\detection, output_name:d.gif
len_jpg_files: 2
nodules_dir: output\crop1000\nodules-last-detected-on\2023-06-05\37 has 2 entries
nodules_dir: output\crop1000\nodules-last-detected-on\2023-06-05\37 has 2 entries


Plotting date: 2023-06-05

@check_overlap_helper: existing_positions:[], x:117, y:235, offset_increment:{'x': 1.608749999999997, 'y': 0.06111111111111237}, xlim:(110.56500000000001, 123.43499999999999), ylim:(234.95, 236.05), i:0
returning: (117, 235), modified:False


Plotting date: 2023-06-02

@check_overlap_helper: existing_positions:[(117, 235)], x:117, y:236, offset_increment:{'x': 1.608749999999997, 'y': 0.06111111111111237}, xlim:(110.56500000000001, 123.43499999999999), ylim:(234.95, 236.05), i:0
returning: (117, 236), modified:False
@generate_gif: path:output\crop1000\nodules-last-detected-on\2023-06-05\4, output_name:o.gif
len_jpg_files: 3
@generate_gif: path:output\crop1000\nodules-last-detected-on\2023-06-05\4\detection, output_name:d.gif
len_jpg_files: 3
nodules_dir: output\crop1000\nodules-last-detected-on\2023-06-05\4 has 3 entries
nodules_dir: output\crop1000\nodules-last-detected-on\2023-06-05\4 has 3 entries


Plotting date: 2023-06-05

@check_overlap_helper: existing_positions:[], x:203, y:73, offset_increment:{'x': 2.791250000000005, 'y': 0.4461111111111112}, xlim:(191.83499999999998, 214.16500000000002), ylim:(68.985, 77.015), i:0
returning: (203, 73), modified:False


Plotting date: 2023-06-02

@check_overlap_helper: existing_positions:[(203, 73)], x:203, y:73, offset_increment:{'x': 2.791250000000005, 'y': 0.4461111111111112}, xlim:(191.83499999999998, 214.16500000000002), ylim:(68.985, 77.015), i:0
returning: (205.79125, 73), modified:True, original:(203, 73)


Plotting date: 2023-05-26

@check_overlap_helper: existing_positions:[(203, 73), (205.79125, 73)], x:203, y:73, offset_increment:{'x': 2.791250000000005, 'y': 0.4461111111111112}, xlim:(191.83499999999998, 214.16500000000002), ylim:(68.985, 77.015), i:0
returning: (203, 73.44611111111111), modified:True, original:(203, 73)
@generate_gif: path:output\crop1000\nodules-last-detected-on\2023-06-05\56, output_name:o.gif
len_jpg_files: 1
@generate_gif: path:output\crop1000\nodules-last-detected-on\2023-06-05\56\detection, output_name:d.gif
len_jpg_files: 1
nodules_dir: output\crop1000\nodules-last-detected-on\2023-06-05\56 has 1 entries
nodules_dir: output\crop1000\nodules-last-detected-on\2023-06-05\56 has less than 2 entries, skipping
@generate_gif: path:output\crop1000\nodules-last-detected-on\2023-06-05\7, output_name:o.gif
len_jpg_files: 3
@generate_gif: path:output\crop1000\nodules-last-detected-on\2023-06-05\7\detection, output_name:d.gif
len_jpg_files: 3
nodules_dir: output\crop1000\nodules-last-detected-on\2023-06-05\7 has 3 entries
nodules_dir: output\crop1000\nodules-last-detected-on\2023-06-05\7 has 3 entries


Plotting date: 2023-06-05

@check_overlap_helper: existing_positions:[], x:272, y:99, offset_increment:{'x': 0.13750000000000284, 'y': 0.0611111111111108}, xlim:(271.95, 273.05), ylim:(97.95, 99.05), i:0
returning: (272, 99), modified:False


Plotting date: 2023-06-02

@check_overlap_helper: existing_positions:[(272, 99)], x:272, y:98, offset_increment:{'x': 0.13750000000000284, 'y': 0.0611111111111108}, xlim:(271.95, 273.05), ylim:(97.95, 99.05), i:0
returning: (272, 98), modified:False


Plotting date: 2023-05-31

@check_overlap_helper: existing_positions:[(272, 99), (272, 98)], x:273, y:99, offset_increment:{'x': 0.13750000000000284, 'y': 0.0611111111111108}, xlim:(271.95, 273.05), ylim:(97.95, 99.05), i:0
returning: (273, 99), modified:False
@generate_gif: path:output\crop1000\nodules-last-detected-on\2023-06-05\73, output_name:o.gif
len_jpg_files: 2
@generate_gif: path:output\crop1000\nodules-last-detected-on\2023-06-05\73\detection, output_name:d.gif
len_jpg_files: 2
nodules_dir: output\crop1000\nodules-last-detected-on\2023-06-05\73 has 2 entries
nodules_dir: output\crop1000\nodules-last-detected-on\2023-06-05\73 has 2 entries


Plotting date: 2023-06-02

@check_overlap_helper: existing_positions:[], x:238, y:373, offset_increment:{'x': 3.272500000000001, 'y': 0.06111111111111237}, xlim:(224.91, 251.09), ylim:(372.95, 374.05), i:0
returning: (238, 373), modified:False


Plotting date: 2023-05-31

@check_overlap_helper: existing_positions:[(238, 373)], x:238, y:374, offset_increment:{'x': 3.272500000000001, 'y': 0.06111111111111237}, xlim:(224.91, 251.09), ylim:(372.95, 374.05), i:0
returning: (238, 374), modified:False
@generate_gif: path:output\crop1000\nodules-last-detected-on\2023-06-05\9, output_name:o.gif
len_jpg_files: 1
@generate_gif: path:output\crop1000\nodules-last-detected-on\2023-06-05\9\detection, output_name:d.gif
len_jpg_files: 1
nodules_dir: output\crop1000\nodules-last-detected-on\2023-06-05\9 has 1 entries
nodules_dir: output\crop1000\nodules-last-detected-on\2023-06-05\9 has less than 2 entries, skipping
@generate_gif: path:output\crop1000\nodules-last-detected-on\2023-06-05\97, output_name:o.gif
len_jpg_files: 2
@generate_gif: path:output\crop1000\nodules-last-detected-on\2023-06-05\97\detection, output_name:d.gif
len_jpg_files: 2
nodules_dir: output\crop1000\nodules-last-detected-on\2023-06-05\97 has 2 entries
nodules_dir: output\crop1000\nodules-last-detected-on\2023-06-05\97 has 2 entries


Plotting date: 2023-06-05

@check_overlap_helper: existing_positions:[], x:39, y:419, offset_increment:{'x': 0.5362500000000008, 'y': 2.560555555555551}, xlim:(36.855, 41.145), ylim:(395.95500000000004, 442.04499999999996), i:0
returning: (39, 419), modified:False


Plotting date: 2023-06-02

@check_overlap_helper: existing_positions:[(39, 419)], x:39, y:419, offset_increment:{'x': 0.5362500000000008, 'y': 2.560555555555551}, xlim:(36.855, 41.145), ylim:(395.95500000000004, 442.04499999999996), i:0
returning: (39.53625, 419), modified:True, original:(39, 419)
@post_process: output\crop1000\nodules-last-detected-on\2023-06-05, 20 nodules, took 13.8s
