Current memory usage: 2139.25 MB
@analyze_image: file_name: data/crop979/20230515.jpg, output_dir: output/crop979, external_logger: <Logger data_crop979.log (DEBUG)>
Loaded image & JSON file: data/crop979/20230515.jpg
Scaled JSON data: scalar_position: 0.5, scalar_size: 0.5

@find_prev_next_date: image_output_dir: output/crop979/20230515
data_dir: data/crop979
Previous date file: data/crop979/20230512.jpg, Next date file: data/crop979/20230517.json


Loaded prev_results from JSON file: 20230512, length: 31
Scaled JSON data: scalar_position: 0.5, scalar_size: 0.5
Loaded next_results from JSON file: 20230517, length: 32
Scaled JSON data: scalar_position: 0.5, scalar_size: 0.5
prev_results is not empty, generating matching
Current memory usage: 2140.47265625 MB
current_date:20230515, generating Matching: 20230512_20230515_matching.json
spatial_distances: (39, 31), attribute_distances: (39, 31)
combined_distances: (39, 31)
Current memory usage: 2140.484375 MB

@find_matching: combined_distances: (39, 31), next_matching: [{'id': '20230519_0', 'p': {'id': 1, 'tq': 87.0, 'dx': -2, 'dy': 1, 'dd': 0, 'da': -1.0, 'dp': -3.41, 'de': -0.12}, 'c': {'id': 0}, 'n': {'id': 2, 'dx': -2, 'dy': 0, 'dd': 0, 'da': 17.0, 'dp': 6.24, 'de': -0.21}, 'i': 1}, {'id': '20230519_1', 'p': {'id': 4, 'tq': 51.0, 'dx': 0, 'dy': 0, 'dd': 0, 'da': 32.0, 'dp': 6.24, 'de': -0.27}, 'c': {'id': 1}, 'n': {'id': 3, 'dx': 3, 'dy': 1, 'dd': 1, 'da': 24.0, 'dp': 2.83, 'de': 0.13}, 'i': 1}, {'id': '20230517_2', 'p': {'id': 5, 'tq': 95.0, 'dx': 0, 'dy': 0, 'dd': 0, 'da': -3.0, 'dp': -0.83, 'de': -0.1}, 'c': {'id': 2}, 'n': {}, 'i': 0}, {'id': '20230519_2', 'p': {'id': 6, 'tq': 83.0, 'dx': -1, 'dy': 0, 'dd': 0, 'da': -6.0, 'dp': -6.73, 'de': -0.22}, 'c': {'id': 3}, 'n': {'id': 6, 'dx': 3, 'dy': 1, 'dd': 0, 'da': 16.0, 'dp': 1.41, 'de': -0.09}, 'i': 1}, {'id': '20230519_3', 'p': {'id': 7, 'tq': 97.0, 'dx': 0, 'dy': 0, 'dd': 0, 'da': 1.0, 'dp': 1.83, 'de': 0.04}, 'c': {'id': 4}, 'n': {'id': 7, 'dx': -3, 'dy': 1, 'dd': -2, 'da': -32.0, 'dp': -18.49, 'de': 0.21}, 'i': 1}, {'id': '20230519_4', 'p': {'id': 8, 'tq': 92.0, 'dx': -1, 'dy': 1, 'dd': 0, 'da': -2.0, 'dp': -0.34, 'de': -0.05}, 'c': {'id': 5}, 'n': {'id': 8, 'dx': 3, 'dy': 1, 'dd': 1, 'da': 48.0, 'dp': 7.66, 'de': 0.0}, 'i': 1}, {'id': '20230517_6', 'p': {'id': 9, 'tq': 5.0, 'dx': -1, 'dy': 0, 'dd': -2, 'da': -59.0, 'dp': -16.24, 'de': 0.12}, 'c': {'id': 6}, 'n': {}, 'i': 0}, {'id': '20230519_7', 'p': {'id': 10, 'tq': 77.0, 'dx': -1, 'dy': 0, 'dd': 0, 'da': 13.0, 'dp': 2.0, 'de': -0.07}, 'c': {'id': 7}, 'n': {'id': 11, 'dx': 4, 'dy': 0, 'dd': 1, 'da': 56.0, 'dp': 8.83, 'de': 0.1}, 'i': 1}, {'id': '20230519_8', 'p': {'id': 11, 'tq': 62.0, 'dx': 0, 'dy': 0, 'dd': 1, 'da': 25.0, 'dp': 5.07, 'de': -0.03}, 'c': {'id': 8}, 'n': {'id': 12, 'dx': 3, 'dy': 0, 'dd': 0, 'da': 8.0, 'dp': -1.07, 'de': -0.23}, 'i': 1}, {'id': '20230519_9', 'p': {'id': 12, 'tq': 49.0, 'dx': -1, 'dy': 0, 'dd': 0, 'da': -31.0, 'dp': -4.83, 'de': 0.08}, 'c': {'id': 9}, 'n': {'id': 14, 'dx': 1, 'dy': 0, 'dd': -2, 'da': -52.0, 'dp': -10.0, 'de': 0.01}, 'i': 1}, {'id': '20230517_10', 'p': {'id': 13, 'tq': 66.0, 'dx': -1, 'dy': 0, 'dd': -1, 'da': -19.0, 'dp': -6.24, 'de': 0.16}, 'c': {'id': 10}, 'n': {}, 'i': 0}, {'id': '20230517_11', 'p': {'id': 17, 'tq': 43.0, 'dx': -1, 'dy': 0, 'dd': -1, 'da': -35.0, 'dp': -6.24, 'de': 0.05}, 'c': {'id': 11}, 'n': {}, 'i': 0}, {'id': '20230517_12', 'p': {'id': 18, 'tq': 85.0, 'dx': 0, 'dy': 0, 'dd': 1, 'da': 10.0, 'dp': 1.41, 'de': 0.11}, 'c': {'id': 12}, 'n': {}, 'i': 0}, {'id': '20230519_15', 'p': {'id': 19, 'tq': 1.0, 'dx': 0, 'dy': 1, 'dd': 3, 'da': 62.0, 'dp': 15.31, 'de': -0.15}, 'c': {'id': 13}, 'n': {'id': 22, 'dx': 9, 'dy': 16, 'dd': -1, 'da': -21.0, 'dp': -4.0, 'de': -0.2}, 'i': 1}, {'id': '20230519_14', 'p': {'id': 20, 'tq': 55.0, 'dx': -2, 'dy': 4, 'dd': 0, 'da': -19.0, 'dp': -3.66, 'de': -0.02}, 'c': {'id': 14}, 'n': {'id': 20, 'dx': 2, 'dy': -2, 'dd': 0, 'da': 14.0, 'dp': 2.24, 'de': 0.08}, 'i': 1}, {'id': '20230517_15', 'p': {'id': 16, 'tq': -203.0, 'dx': -46, 'dy': 60, 'dd': -1, 'da': -25.0, 'dp': -5.41, 'de': 0.19}, 'c': {'id': 15}, 'n': {}, 'i': 0}, {'id': '20230517_16', 'p': {'id': 24, 'tq': 1.0, 'dx': 8, 'dy': -18, 'dd': -1, 'da': -20.0, 'dp': -2.59, 'de': 0.31}, 'c': {'id': 16}, 'n': {}, 'i': 0}, {'id': '20230519_17', 'p': {'id': 23, 'tq': 7.0, 'dx': -11, 'dy': 18, 'dd': 0, 'da': -12.0, 'dp': -4.24, 'de': -0.33}, 'c': {'id': 17}, 'n': {'id': 26, 'dx': 1, 'dy': 0, 'dd': 1, 'da': 59.0, 'dp': 9.66, 'de': 0.01}, 'i': 1}, {'id': '20230517_18', 'p': {'id': 25, 'tq': 16.0, 'dx': -1, 'dy': 0, 'dd': 2, 'da': 52.0, 'dp': 11.9, 'de': -0.07}, 'c': {'id': 18}, 'n': {}, 'i': 0}, {'id': '20230519_20', 'p': {'id': 26, 'tq': -111.0, 'dx': -6, 'dy': 41, 'dd': -2, 'da': -42.0, 'dp': -11.9, 'de': 0.06}, 'c': {'id': 19}, 'n': {'id': 34, 'dx': 1, 'dy': -1, 'dd': 1, 'da': 18.0, 'dp': 4.83, 'de': -0.41}, 'i': 1}, {'id': '20230517_20', 'p': {'id': 33, 'tq': -268.0, 'dx': -6, 'dy': -97, 'dd': -1, 'da': -18.0, 'dp': -4.73, 'de': 0.18}, 'c': {'id': 20}, 'n': {}, 'i': 0}, {'id': '20230517_21', 'p': {'id': 27, 'tq': -175.0, 'dx': -51, 'dy': 56, 'dd': -1, 'da': -6.0, 'dp': -2.24, 'de': -0.1}, 'c': {'id': 21}, 'n': {}, 'i': 0}, {'id': '20230519_26', 'p': {'id': 29, 'tq': 30.0, 'dx': 0, 'dy': 2, 'dd': 1, 'da': 41.0, 'dp': 7.9, 'de': 0.03}, 'c': {'id': 22}, 'n': {'id': 41, 'dx': 1, 'dy': -2, 'dd': -1, 'da': -27.0, 'dp': -4.83, 'de': 0.0}, 'i': 1}, {'id': '20230519_29', 'p': {'id': 31, 'tq': 92.0, 'dx': 0, 'dy': 1, 'dd': 0, 'da': -1.0, 'dp': -2.66, 'de': -0.04}, 'c': {'id': 23}, 'n': {'id': 44, 'dx': -3, 'dy': 6, 'dd': 2, 'da': 42.0, 'dp': 10.66, 'de': -0.2}, 'i': 1}, {'id': '20230517_24', 'p': {'id': 28, 'tq': -307.0, 'dx': -36, 'dy': 96, 'dd': -1, 'da': -31.0, 'dp': -7.9, 'de': 0.47}, 'c': {'id': 24}, 'n': {}, 'i': 0}, {'id': '20230517_25', 'p': {'id': 30, 'tq': -1644.0, 'dx': 66, 'dy': 173, 'dd': 11, 'da': 715.0, 'dp': 151.01, 'de': 0.4}, 'c': {'id': 25}, 'n': {}, 'i': 0}, {'id': '20230517_26', 'p': {'id': 35, 'tq': -257.0, 'dx': -36, 'dy': 71, 'dd': 2, 'da': 47.0, 'dp': 23.41, 'de': 0.48}, 'c': {'id': 26}, 'n': {}, 'i': 0}, {'id': '20230517_27', 'p': {'id': 32, 'tq': -481.0, 'dx': -25, 'dy': 160, 'dd': 0, 'da': 6.0, 'dp': 7.62, 'de': 0.76}, 'c': {'id': 27}, 'n': {}, 'i': 0}, {'id': '20230517_28', 'p': {'id': 34, 'tq': -499.0, 'dx': -51, 'dy': 145, 'dd': -2, 'da': -38.0, 'dp': -14.86, 'de': 0.41}, 'c': {'id': 28}, 'n': {}, 'i': 0}, {'id': '20230517_29', 'p': {'id': 37, 'tq': -221.0, 'dx': 8, 'dy': -89, 'dd': 0, 'da': 4.0, 'dp': 4.0, 'de': 0.11}, 'c': {'id': 29}, 'n': {}, 'i': 0}, {'id': '20230519_30', 'p': {'id': 36, 'tq': 77.0, 'dx': 2, 'dy': 4, 'dd': 0, 'da': 5.0, 'dp': 0.0, 'de': -0.17}, 'c': {'id': 30}, 'n': {'id': 45, 'dx': 1, 'dy': -1, 'dd': 0, 'da': -8.0, 'dp': 0.24, 'de': 0.06}, 'i': 1}, {'id': '20230519_31', 'p': {'id': 38, 'tq': 25.0, 'dx': 2, 'dy': 5, 'dd': 2, 'da': 36.0, 'dp': 10.24, 'de': -0.18}, 'c': {'id': 31}, 'n': {'id': 46, 'dx': 1, 'dy': -1, 'dd': 0, 'da': -5.0, 'dp': -1.41, 'de': 0.07}, 'i': 1}], current_date_string: 20230515, distance_threshold: 20
matched entry: {'id': '20230519_0', 'p': {'id': 1, 'tq': 87.0, 'dx': -2, 'dy': 1, 'dd': 0, 'da': -1.0, 'dp': -3.41, 'de': -0.12}, 'c': {'id': 0}, 'n': {'id': 2, 'dx': -2, 'dy': 0, 'dd': 0, 'da': 17.0, 'dp': 6.24, 'de': -0.21}, 'i': 1}, len(matching): 0
matched entry: {'id': '20230519_1', 'p': {'id': 4, 'tq': 51.0, 'dx': 0, 'dy': 0, 'dd': 0, 'da': 32.0, 'dp': 6.24, 'de': -0.27}, 'c': {'id': 1}, 'n': {'id': 3, 'dx': 3, 'dy': 1, 'dd': 1, 'da': 24.0, 'dp': 2.83, 'de': 0.13}, 'i': 1}, len(matching): 3
matched entry: {'id': '20230517_2', 'p': {'id': 5, 'tq': 95.0, 'dx': 0, 'dy': 0, 'dd': 0, 'da': -3.0, 'dp': -0.83, 'de': -0.1}, 'c': {'id': 2}, 'n': {}, 'i': 0}, len(matching): 4
matched entry: {'id': '20230519_2', 'p': {'id': 6, 'tq': 83.0, 'dx': -1, 'dy': 0, 'dd': 0, 'da': -6.0, 'dp': -6.73, 'de': -0.22}, 'c': {'id': 3}, 'n': {'id': 6, 'dx': 3, 'dy': 1, 'dd': 0, 'da': 16.0, 'dp': 1.41, 'de': -0.09}, 'i': 1}, len(matching): 5
matched entry: {'id': '20230519_3', 'p': {'id': 7, 'tq': 97.0, 'dx': 0, 'dy': 0, 'dd': 0, 'da': 1.0, 'dp': 1.83, 'de': 0.04}, 'c': {'id': 4}, 'n': {'id': 7, 'dx': -3, 'dy': 1, 'dd': -2, 'da': -32.0, 'dp': -18.49, 'de': 0.21}, 'i': 1}, len(matching): 6
matched entry: {'id': '20230519_4', 'p': {'id': 8, 'tq': 92.0, 'dx': -1, 'dy': 1, 'dd': 0, 'da': -2.0, 'dp': -0.34, 'de': -0.05}, 'c': {'id': 5}, 'n': {'id': 8, 'dx': 3, 'dy': 1, 'dd': 1, 'da': 48.0, 'dp': 7.66, 'de': 0.0}, 'i': 1}, len(matching): 7
matched entry: {'id': '20230517_6', 'p': {'id': 9, 'tq': 5.0, 'dx': -1, 'dy': 0, 'dd': -2, 'da': -59.0, 'dp': -16.24, 'de': 0.12}, 'c': {'id': 6}, 'n': {}, 'i': 0}, len(matching): 8
matched entry: {'id': '20230519_7', 'p': {'id': 10, 'tq': 77.0, 'dx': -1, 'dy': 0, 'dd': 0, 'da': 13.0, 'dp': 2.0, 'de': -0.07}, 'c': {'id': 7}, 'n': {'id': 11, 'dx': 4, 'dy': 0, 'dd': 1, 'da': 56.0, 'dp': 8.83, 'de': 0.1}, 'i': 1}, len(matching): 9
matched entry: {'id': '20230519_8', 'p': {'id': 11, 'tq': 62.0, 'dx': 0, 'dy': 0, 'dd': 1, 'da': 25.0, 'dp': 5.07, 'de': -0.03}, 'c': {'id': 8}, 'n': {'id': 12, 'dx': 3, 'dy': 0, 'dd': 0, 'da': 8.0, 'dp': -1.07, 'de': -0.23}, 'i': 1}, len(matching): 10
matched entry: {'id': '20230519_9', 'p': {'id': 12, 'tq': 49.0, 'dx': -1, 'dy': 0, 'dd': 0, 'da': -31.0, 'dp': -4.83, 'de': 0.08}, 'c': {'id': 9}, 'n': {'id': 14, 'dx': 1, 'dy': 0, 'dd': -2, 'da': -52.0, 'dp': -10.0, 'de': 0.01}, 'i': 1}, len(matching): 11
matched entry: {'id': '20230517_10', 'p': {'id': 13, 'tq': 66.0, 'dx': -1, 'dy': 0, 'dd': -1, 'da': -19.0, 'dp': -6.24, 'de': 0.16}, 'c': {'id': 10}, 'n': {}, 'i': 0}, len(matching): 12
tq < 0
matched entry: {'id': '20230517_12', 'p': {'id': 18, 'tq': 85.0, 'dx': 0, 'dy': 0, 'dd': 1, 'da': 10.0, 'dp': 1.41, 'de': 0.11}, 'c': {'id': 12}, 'n': {}, 'i': 0}, len(matching): 16
matched entry: {'id': '20230519_14', 'p': {'id': 20, 'tq': 55.0, 'dx': -2, 'dy': 4, 'dd': 0, 'da': -19.0, 'dp': -3.66, 'de': -0.02}, 'c': {'id': 14}, 'n': {'id': 20, 'dx': 2, 'dy': -2, 'dd': 0, 'da': 14.0, 'dp': 2.24, 'de': 0.08}, 'i': 1}, len(matching): 17
matched entry: {'id': '20230519_17', 'p': {'id': 23, 'tq': 7.0, 'dx': -11, 'dy': 18, 'dd': 0, 'da': -12.0, 'dp': -4.24, 'de': -0.33}, 'c': {'id': 17}, 'n': {'id': 26, 'dx': 1, 'dy': 0, 'dd': 1, 'da': 59.0, 'dp': 9.66, 'de': 0.01}, 'i': 1}, len(matching): 18
tq < 0
tq < 0
tq < 0
matched entry: {'id': '20230519_26', 'p': {'id': 29, 'tq': 30.0, 'dx': 0, 'dy': 2, 'dd': 1, 'da': 41.0, 'dp': 7.9, 'de': 0.03}, 'c': {'id': 22}, 'n': {'id': 41, 'dx': 1, 'dy': -2, 'dd': -1, 'da': -27.0, 'dp': -4.83, 'de': 0.0}, 'i': 1}, len(matching): 22
matched entry: {'id': '20230519_29', 'p': {'id': 31, 'tq': 92.0, 'dx': 0, 'dy': 1, 'dd': 0, 'da': -1.0, 'dp': -2.66, 'de': -0.04}, 'c': {'id': 23}, 'n': {'id': 44, 'dx': -3, 'dy': 6, 'dd': 2, 'da': 42.0, 'dp': 10.66, 'de': -0.2}, 'i': 1}, len(matching): 23
tq < 0
tq < 0
tq < 0
tq < 0
matched entry: {'id': '20230519_30', 'p': {'id': 36, 'tq': 77.0, 'dx': 2, 'dy': 4, 'dd': 0, 'da': 5.0, 'dp': 0.0, 'de': -0.17}, 'c': {'id': 30}, 'n': {'id': 45, 'dx': 1, 'dy': -1, 'dd': 0, 'da': -8.0, 'dp': 0.24, 'de': 0.06}, 'i': 1}, len(matching): 28
tq < 0
matched entry: {'id': '20230519_31', 'p': {'id': 38, 'tq': 25.0, 'dx': 2, 'dy': 5, 'dd': 2, 'da': 36.0, 'dp': 10.24, 'de': -0.18}, 'c': {'id': 31}, 'n': {'id': 46, 'dx': 1, 'dy': -1, 'dd': 0, 'da': -5.0, 'dp': -1.41, 'de': 0.07}, 'i': 1}, len(matching): 30
i_dict: {0: 13, 1: 4, 2: 14}
tq_average: -39.4516, dx_average: -3.4839, dy_average: 4.1613, dd_average: -0.1935, da_average: -5.0645, dp_average: -2.0423, de_average: 0.0142
average_tracking_quality: 55.9474
@find_matching:
Returning:
Matching(lenght=31): [{'id': '20230519_0', 'p': {'id': 1, 'tq': 8.0, 'dx': 0, 'dy': 1, 'dd': -2, 'da': -58.0, 'dp': -11.66, 'de': 0.14}, 'c': {'id': 1}, 'n': {'id': 0, 'dx': -2, 'dy': 1, 'dd': 0, 'da': -1.0, 'dp': -3.41, 'de': -0.12}, 'i': 2}, {'id': '20230515_1', 'p': {'id': 8, 'tq': -70.0, 'dx': -38, 'dy': -20, 'dd': 0, 'da': 13.0, 'dp': 2.83, 'de': 0.03}, 'c': {'id': 2}, 'n': {}, 'i': 0}, {'id': '20230515_2', 'p': {'id': 2, 'tq': 93.0, 'dx': -1, 'dy': 1, 'dd': 0, 'da': 1.0, 'dp': 0.59, 'de': 0.3}, 'c': {'id': 3}, 'n': {}, 'i': 0}, {'id': '20230519_1', 'p': {'id': 3, 'tq': 75.0, 'dx': -2, 'dy': 0, 'dd': 1, 'da': 12.0, 'dp': 0.34, 'de': 0.07}, 'c': {'id': 4}, 'n': {'id': 1, 'dx': 0, 'dy': 0, 'dd': 0, 'da': 32.0, 'dp': 6.24, 'de': -0.27}, 'i': 2}, {'id': '20230517_2', 'p': {'id': 4, 'tq': 56.0, 'dx': -2, 'dy': 1, 'dd': -1, 'da': -24.0, 'dp': -4.0, 'de': 0.04}, 'c': {'id': 5}, 'n': {'id': 2, 'dx': 0, 'dy': 0, 'dd': 0, 'da': -3.0, 'dp': -0.83, 'de': -0.1}, 'i': 1}, {'id': '20230519_2', 'p': {'id': 6, 'tq': 40.0, 'dx': -1, 'dy': 1, 'dd': 1, 'da': 35.0, 'dp': 11.56, 'de': 0.3}, 'c': {'id': 6}, 'n': {'id': 3, 'dx': -1, 'dy': 0, 'dd': 0, 'da': -6.0, 'dp': -6.73, 'de': -0.22}, 'i': 2}, {'id': '20230519_3', 'p': {'id': 5, 'tq': -2.0, 'dx': -1, 'dy': 2, 'dd': -2, 'da': -61.0, 'dp': -14.07, 'de': 0.09}, 'c': {'id': 7}, 'n': {'id': 4, 'dx': 0, 'dy': 0, 'dd': 0, 'da': 1.0, 'dp': 1.83, 'de': 0.04}, 'i': 2}, {'id': '20230519_4', 'p': {'id': 7, 'tq': 48.0, 'dx': -1, 'dy': 0, 'dd': 1, 'da': 32.0, 'dp': 2.79, 'de': -0.0}, 'c': {'id': 8}, 'n': {'id': 5, 'dx': -1, 'dy': 1, 'dd': 0, 'da': -2.0, 'dp': -0.34, 'de': -0.05}, 'i': 2}, {'id': '20230517_6', 'p': {'id': 9, 'tq': 72.0, 'dx': -1, 'dy': 1, 'dd': 0, 'da': 15.0, 'dp': 2.83, 'de': 0.0}, 'c': {'id': 9}, 'n': {'id': 6, 'dx': -1, 'dy': 0, 'dd': -2, 'da': -59.0, 'dp': -16.24, 'de': 0.12}, 'i': 1}, {'id': '20230519_7', 'p': {'id': 11, 'tq': 80.0, 'dx': -2, 'dy': 1, 'dd': 0, 'da': -8.0, 'dp': -1.76, 'de': -0.07}, 'c': {'id': 10}, 'n': {'id': 7, 'dx': -1, 'dy': 0, 'dd': 0, 'da': 13.0, 'dp': 2.0, 'de': -0.07}, 'i': 2}, {'id': '20230519_8', 'p': {'id': 12, 'tq': 81.0, 'dx': -2, 'dy': 1, 'dd': 0, 'da': 7.0, 'dp': 2.24, 'de': 0.04}, 'c': {'id': 11}, 'n': {'id': 8, 'dx': 0, 'dy': 0, 'dd': 1, 'da': 25.0, 'dp': 5.07, 'de': -0.03}, 'i': 2}, {'id': '20230519_9', 'p': {'id': 13, 'tq': -13.0, 'dx': -1, 'dy': 1, 'dd': 2, 'da': 71.0, 'dp': 12.83, 'de': -0.12}, 'c': {'id': 12}, 'n': {'id': 9, 'dx': -1, 'dy': 0, 'dd': 0, 'da': -31.0, 'dp': -4.83, 'de': 0.08}, 'i': 2}, {'id': '20230517_10', 'p': {'id': 0, 'tq': -179.0, 'dx': -51, 'dy': 51, 'dd': 1, 'da': 17.0, 'dp': 4.41, 'de': -0.12}, 'c': {'id': 13}, 'n': {'id': 10, 'dx': -1, 'dy': 0, 'dd': -1, 'da': -19.0, 'dp': -6.24, 'de': 0.16}, 'i': 1}, {'id': '20230515_13', 'p': {'id': 14, 'tq': 90.0, 'dx': -1, 'dy': 1, 'dd': 0, 'da': 2.0, 'dp': 2.41, 'de': -0.13}, 'c': {'id': 14}, 'n': {}, 'i': 0}, {'id': '20230515_14', 'p': {'id': 10, 'tq': -119.0, 'dx': -36, 'dy': 34, 'dd': 2, 'da': 29.0, 'dp': 8.83, 'de': -0.02}, 'c': {'id': 15}, 'n': {}, 'i': 0}, {'id': '20230515_15', 'p': {'id': 15, 'tq': -88.0, 'dx': 36, 'dy': 15, 'dd': 1, 'da': 33.0, 'dp': 8.83, 'de': -0.11}, 'c': {'id': 16}, 'n': {}, 'i': 0}, {'id': '20230517_12', 'p': {'id': 16, 'tq': -106.0, 'dx': -6, 'dy': 54, 'dd': -1, 'da': -10.0, 'dp': -2.59, 'de': -0.2}, 'c': {'id': 18}, 'n': {'id': 12, 'dx': 0, 'dy': 0, 'dd': 1, 'da': 10.0, 'dp': 1.41, 'de': 0.11}, 'i': 1}, {'id': '20230519_14', 'p': {'id': 17, 'tq': 47.0, 'dx': -1, 'dy': -8, 'dd': 0, 'da': 16.0, 'dp': 2.59, 'de': -0.02}, 'c': {'id': 20}, 'n': {'id': 14, 'dx': -2, 'dy': 4, 'dd': 0, 'da': -19.0, 'dp': -3.66, 'de': -0.02}, 'i': 2}, {'id': '20230519_17', 'p': {'id': 18, 'tq': 24.0, 'dx': -1, 'dy': 1, 'dd': 1, 'da': 46.0, 'dp': 10.24, 'de': 0.44}, 'c': {'id': 23}, 'n': {'id': 17, 'dx': -11, 'dy': 18, 'dd': 0, 'da': -12.0, 'dp': -4.24, 'de': -0.33}, 'i': 2}, {'id': '20230515_19', 'p': {'id': 19, 'tq': 40.0, 'dx': 0, 'dy': 2, 'dd': -1, 'da': -35.0, 'dp': -5.17, 'de': 0.14}, 'c': {'id': 26}, 'n': {}, 'i': 0}, {'id': '20230515_20', 'p': {'id': 20, 'tq': 86.0, 'dx': 0, 'dy': 1, 'dd': 0, 'da': -7.0, 'dp': -1.17, 'de': 0.16}, 'c': {'id': 27}, 'n': {}, 'i': 0}, {'id': '20230515_21', 'p': {'id': 21, 'tq': 54.0, 'dx': 0, 'dy': 1, 'dd': 1, 'da': 27.0, 'dp': 7.66, 'de': -0.1}, 'c': {'id': 28}, 'n': {}, 'i': 0}, {'id': '20230519_26', 'p': {'id': 22, 'tq': 30.0, 'dx': -2, 'dy': -7, 'dd': -1, 'da': -29.0, 'dp': -6.49, 'de': 0.02}, 'c': {'id': 29}, 'n': {'id': 22, 'dx': 0, 'dy': 2, 'dd': 1, 'da': 41.0, 'dp': 7.9, 'de': 0.03}, 'i': 2}, {'id': '20230519_29', 'p': {'id': 23, 'tq': -19.0, 'dx': 7, 'dy': 26, 'dd': 1, 'da': 15.0, 'dp': 7.49, 'de': 0.15}, 'c': {'id': 31}, 'n': {'id': 23, 'dx': 0, 'dy': 1, 'dd': 0, 'da': -1.0, 'dp': -2.66, 'de': -0.04}, 'i': 2}, {'id': '20230515_24', 'p': {'id': 24, 'tq': 61.0, 'dx': 0, 'dy': 1, 'dd': 1, 'da': 23.0, 'dp': 5.66, 'de': -0.29}, 'c': {'id': 32}, 'n': {}, 'i': 0}, {'id': '20230515_25', 'p': {'id': 25, 'tq': 12.0, 'dx': 0, 'dy': 0, 'dd': 3, 'da': 57.0, 'dp': 14.9, 'de': -0.14}, 'c': {'id': 33}, 'n': {}, 'i': 0}, {'id': '20230515_26', 'p': {'id': 26, 'tq': -388.0, 'dx': 44, 'dy': -107, 'dd': -2, 'da': -54.0, 'dp': -10.83, 'de': 0.18}, 'c': {'id': 34}, 'n': {}, 'i': 0}, {'id': '20230515_27', 'p': {'id': 29, 'tq': -559.0, 'dx': 70, 'dy': -86, 'dd': -5, 'da': -172.0, 'dp': -53.97, 'de': -0.47}, 'c': {'id': 35}, 'n': {}, 'i': 0}, {'id': '20230519_30', 'p': {'id': 30, 'tq': 66.0, 'dx': -3, 'dy': -7, 'dd': 0, 'da': -5.0, 'dp': 0.0, 'de': 0.2}, 'c': {'id': 36}, 'n': {'id': 30, 'dx': 2, 'dy': 4, 'dd': 0, 'da': 5.0, 'dp': 0.0, 'de': -0.17}, 'i': 2}, {'id': '20230515_29', 'p': {'id': 28, 'tq': -346.0, 'dx': -44, 'dy': 77, 'dd': -4, 'da': -79.0, 'dp': -43.8, 'de': -0.12}, 'c': {'id': 37}, 'n': {}, 'i': 0}, {'id': '20230519_31', 'p': {'id': 27, 'tq': -397.0, 'dx': -68, 'dy': 90, 'dd': -3, 'da': -66.0, 'dp': -16.83, 'de': 0.05}, 'c': {'id': 38}, 'n': {'id': 31, 'dx': 2, 'dy': 5, 'dd': 2, 'da': 36.0, 'dp': 10.24, 'de': -0.18}, 'i': 2}]
Unmatched current(length=8): {0, 17, 19, 21, 22, 24, 25, 30}
Unmatched previous(length=0): set()
Distance threshold: 20



@plot_data: normalized_points: (39, 2), normalized_prev_points: (31, 2), current_points: (39, 2), prev_points: (31, 2), current_data: 39, prev_data: 31, matching: 31, unmatched_current: 8, unmatched_prev: 0, combined_distances: (39, 31), distance_threshold: 20, current_date_string: 20230515, previous_date_string: 20230512, filename: output/crop979/plots/20230512_20230515.png
Plots created
Plotted the normalized points
Drawing lines between the matched points
Plotting the unmatched points
Plotted the original points with diameter as size
Drawing lines between the matched points and add the indices to the plots with color coding
Setting the titles and labels
Done plotting

@process_image: output_dir: output/crop979/20230515, image_name: 20230515, date_string: 20230515
len(json_data) = 39 json_data entries
len(matching) = 31 matching entries, setting max_id_i to 31
crop_dir: output/crop979
nodules_dir: output/crop979/nodules-last-detected-on
Split image into left and right images: (705, 300, 3), (705, 300, 3)
Converted right image to HSV: (705, 300, 3)
Created mask to detect nodules: (705, 300)

Found 36 contours in mask, processing each contour...

@process_contour: max_id: 20230515_31
Moments: {'m00': 2.5, 'm10': 99.66666666666666, 'm01': 1742.1666666666665, 'm20': 3973.9166666666665, 'm11': 69454.54166666666, 'm02': 1214058.4166666665, 'm30': 158469.80000000002, 'm21': 2769303.1, 'm12': 48400690.6, 'm03': 846037593.0500001, 'mu20': 0.5388888888892325, 'mu11': 0.163888888884685, 'mu02': 0.5388888888992369, 'mu30': 0.02148148146807216, 'mu21': -0.028518518011537708, 'mu12': -0.028518506822486245, 'mu03': 0.021481633186340332, 'nu20': 0.08622222222227721, 'nu11': 0.026222222221549605, 'nu02': 0.08622222222387792, 'nu30': 0.0021737730865217806, 'nu21': -0.0028858711170878485, 'nu12': -0.002885869984835449, 'nu03': 0.002173788439331063}
Centroid: 39, 696
Processing contour#1: area: 2.5 centroid: 39, 696 rectangle: (39, 696, 4, 3)
@find_dayJSON_match_for_contour: x: 39, y: 696, w: 4, h: 3, area: 2.5
Matched with JSON#38: (40, 697, 2, 26.0, 17.8995, 0.763446)
Match with input JSON(nodules) ID: 38
Matched contour: {'x': 40, 'y': 697, 'd': 2, 'a': 26.0, 'p': 17.8995, 'e': 0.763446, 'id': 38, 'tq': 100}
JSON_entry: 38
Matched with first_id: 38 second_id: 27 name: 20230519_31
entry_id:20230519_31, entry saved to results list
WARNING: right_nodule_img.shape != (50, 50, 3) != (34, 50, 3)
@process_contour: max_id: 20230515_32
Moments: {'m00': 26.0, 'm10': 3285.0, 'm01': 17264.0, 'm20': 415091.3333333333, 'm11': 2181240.0, 'm02': 11463363.333333332, 'm30': 52456370.5, 'm21': 275620645.3333333, 'm12': 1448351861.6666667, 'm03': 7611762672.0, 'mu20': 44.21794871788006, 'mu11': 0.0, 'mu02': 67.33333333209157, 'mu30': 3.502958595752716, 'mu21': 2.7939677238464355e-09, 'mu12': -5.641025404660468, 'mu03': 2.86102294921875e-06, 'nu20': 0.06541116674242614, 'nu11': 0.0, 'nu02': 0.09960552268060885, 'nu30': 0.0010162525167871348, 'nu21': 8.105653131680356e-13, 'nu12': -0.0016365326931631979, 'nu03': 8.300188806840684e-10}
Centroid: 126, 664
Processing contour#2: area: 26.0 centroid: 126, 664 rectangle: (124, 661, 6, 7)
@find_dayJSON_match_for_contour: x: 124, y: 661, w: 6, h: 7, area: 26.0
Matched with JSON#36: (126, 663, 6, 120.0, 38.9706, 0.674302)
Match with input JSON(nodules) ID: 36
Matched contour: {'x': 126, 'y': 663, 'd': 6, 'a': 120.0, 'p': 38.9706, 'e': 0.674302, 'id': 36, 'tq': 100}
JSON_entry: 36
Matched with first_id: 36 second_id: 30 name: 20230519_30
entry_id:20230519_30, entry saved to results list
created dirs at nodule_detection_path: output/crop979/nodules-last-detected-on/2023-05-19/30/detection and nodule_images_original_path: output/crop979/nodules-last-detected-on/2023-05-19/30
Segmented nodule image saved as output/crop979/nodules-last-detected-on/2023-05-19/30/detection/2023-05-15.jpg
Original nodule image saved as output/crop979/nodules-last-detected-on/2023-05-19/30/2023-05-15.jpg


@process_contour: max_id: 20230515_33
Moments: {'m00': 5.0, 'm10': 1282.5, 'm01': 2614.333333333333, 'm20': 328964.3333333333, 'm11': 670576.5, 'm02': 1366949.1666666665, 'm30': 84380933.25, 'm21': 172004483.95, 'm12': 350622461.25, 'm03': 714733630.1, 'mu20': 3.083333333313931, 'mu11': 0.0, 'mu02': 1.411111111054197, 'mu30': 1.4901161193847656e-08, 'mu21': -0.4722221941958651, 'mu12': 2.6775524020195007e-09, 'mu03': 0.17629647254943848, 'nu20': 0.12333333333255725, 'nu11': 0.0, 'nu02': 0.05644444444216789, 'nu30': 2.6656007498500227e-10, 'nu21': -0.008447367413648488, 'nu12': 4.7897513473867594e-11, 'nu03': 0.003153687174511761}
Centroid: 256, 522
Processing contour#3: area: 5.0 centroid: 256, 522 rectangle: (255, 522, 4, 3)
@find_dayJSON_match_for_contour: x: 255, y: 522, w: 4, h: 3, area: 5.0
Matched with JSON#35: (256, 522, 2, 21.0, 15.4853, 0.497588)
Match with input JSON(nodules) ID: 35
Matched contour: {'x': 256, 'y': 522, 'd': 2, 'a': 21.0, 'p': 15.4853, 'e': 0.497588, 'id': 35, 'tq': 100}
JSON_entry: 35
Matched with first_id: 35 second_id: 29 name: 20230515_27
entry_id:20230515_27, entry saved to results list
created dirs at nodule_detection_path: output/crop979/nodules-last-detected-on/2023-05-15/27/detection and nodule_images_original_path: output/crop979/nodules-last-detected-on/2023-05-15/27
Segmented nodule image saved as output/crop979/nodules-last-detected-on/2023-05-15/27/detection/2023-05-15.jpg
Original nodule image saved as output/crop979/nodules-last-detected-on/2023-05-15/27/2023-05-15.jpg


@process_contour: max_id: 20230515_34
Moments: {'m00': 9.0, 'm10': 1759.5, 'm01': 4063.5, 'm20': 343989.0, 'm11': 794414.25, 'm02': 1834677.0, 'm30': 67252488.75, 'm21': 155311033.5, 'm12': 358679353.5, 'm03': 828362760.75, 'mu20': 6.75, 'mu11': 0.0, 'mu02': 6.75, 'mu30': 0.0, 'mu21': 0.0, 'mu12': 0.0, 'mu03': 0.0, 'nu20': 0.08333333333333333, 'nu11': 0.0, 'nu02': 0.08333333333333333, 'nu30': 0.0, 'nu21': 0.0, 'nu12': 0.0, 'nu03': 0.0}
Centroid: 195, 451
Processing contour#4: area: 9.0 centroid: 195, 451 rectangle: (194, 450, 4, 4)
@find_dayJSON_match_for_contour: x: 194, y: 450, w: 4, h: 4, area: 9.0
Matched with JSON#34: (195, 451, 3, 47.0, 23.3137, 0.428862)
Match with input JSON(nodules) ID: 34
Matched contour: {'x': 195, 'y': 451, 'd': 3, 'a': 47.0, 'p': 23.3137, 'e': 0.428862, 'id': 34, 'tq': 100}
JSON_entry: 34
Matched with first_id: 34 second_id: 26 name: 20230515_26
entry_id:20230515_26, entry saved to results list
created dirs at nodule_detection_path: output/crop979/nodules-last-detected-on/2023-05-15/26/detection and nodule_images_original_path: output/crop979/nodules-last-detected-on/2023-05-15/26
Segmented nodule image saved as output/crop979/nodules-last-detected-on/2023-05-15/26/detection/2023-05-15.jpg
Original nodule image saved as output/crop979/nodules-last-detected-on/2023-05-15/26/2023-05-15.jpg


@process_contour: max_id: 20230515_35
Moments: {'m00': 27.0, 'm10': 5647.0, 'm01': 11768.5, 'm20': 1181120.1666666665, 'm11': 2461362.75, 'm02': 5129599.0, 'm30': 247054426.5, 'm21': 514816435.75, 'm12': 1072848548.75, 'm03': 2235891263.25, 'mu20': 60.57407407416031, 'mu11': 2.7685185186564922, 'mu02': 58.54629629664123, 'mu30': -7.0096021592617035, 'mu21': -6.807956133579864, 'mu12': 3.7270232912997017, 'mu03': 10.076817512512207, 'nu20': 0.08309200833218149, 'nu11': 0.003797693441229756, 'nu02': 0.08031042016000169, 'nu30': -0.001850478140631882, 'nu21': -0.001797245224670095, 'nu12': 0.0009839039325596193, 'nu03': 0.0026601981268512378}
Centroid: 209, 435
Processing contour#5: area: 27.0 centroid: 209, 435 rectangle: (206, 433, 7, 7)
@find_dayJSON_match_for_contour: x: 206, y: 433, w: 7, h: 7, area: 27.0
Matched with JSON#32: (209, 435, 5, 95.0, 34.9706, 0.136265)
Match with input JSON(nodules) ID: 32
Matched contour: {'x': 209, 'y': 435, 'd': 5, 'a': 95.0, 'p': 34.9706, 'e': 0.136265, 'id': 32, 'tq': 100}
JSON_entry: 32
Matched with first_id: 32 second_id: 24 name: 20230515_24
entry_id:20230515_24, entry saved to results list
created dirs at nodule_detection_path: output/crop979/nodules-last-detected-on/2023-05-15/24/detection and nodule_images_original_path: output/crop979/nodules-last-detected-on/2023-05-15/24
Segmented nodule image saved as output/crop979/nodules-last-detected-on/2023-05-15/24/detection/2023-05-15.jpg
Original nodule image saved as output/crop979/nodules-last-detected-on/2023-05-15/24/2023-05-15.jpg


@process_contour: max_id: 20230515_36
Moments: {'m00': 37.5, 'm10': 1311.3333333333333, 'm01': 16298.666666666666, 'm20': 45952.416666666664, 'm11': 569865.2916666666, 'm02': 7084188.416666666, 'm30': 1613687.5, 'm21': 19966633.183333334, 'm12': 247655935.25, 'm03': 3079252663.3, 'mu20': 96.54703703703126, 'mu11': -80.97203703701962, 'mu02': 280.8137037027627, 'mu30': 30.262186008505523, 'mu21': -53.72640823402617, 'mu12': 123.57248234076542, 'mu03': -120.30040693283081, 'nu20': 0.0686556707818889, 'nu11': -0.05758011522632507, 'nu02': 0.19968974485529797, 'nu30': 0.0035141648223777616, 'nu21': -0.006238923182735588, 'nu12': 0.014349725771091455, 'nu03': -0.01396975942327047}
Centroid: 34, 434
Processing contour#6: area: 37.5 centroid: 34, 434 rectangle: (32, 430, 8, 10)
@find_dayJSON_match_for_contour: x: 32, y: 430, w: 8, h: 10, area: 37.5
Matched with JSON#31: (36, 430, 3, 40.0, 24.1421, 0.755082)
Match with input JSON(nodules) ID: 31
Matched contour: {'x': 36, 'y': 430, 'd': 3, 'a': 40.0, 'p': 24.1421, 'e': 0.755082, 'id': 31, 'tq': 100}
JSON_entry: 31
Matched with first_id: 31 second_id: 23 name: 20230519_29
entry_id:20230519_29, entry saved to results list
created dirs at nodule_detection_path: output/crop979/nodules-last-detected-on/2023-05-19/29/detection and nodule_images_original_path: output/crop979/nodules-last-detected-on/2023-05-19/29
Segmented nodule image saved as output/crop979/nodules-last-detected-on/2023-05-19/29/detection/2023-05-15.jpg
Original nodule image saved as output/crop979/nodules-last-detected-on/2023-05-19/29/2023-05-15.jpg


@process_contour: max_id: 20230515_37
Moments: {'m00': 26.5, 'm10': 1121.6666666666665, 'm01': 11184.833333333332, 'm20': 47524.916666666664, 'm11': 473418.125, 'm02': 4720842.083333333, 'm30': 2015666.8, 'm21': 20058564.9, 'm12': 199816907.93333334, 'm03': 1992579888.45, 'mu20': 48.082285115313425, 'mu11': -2.807914045988582, 'mu02': 68.62316561955959, 'mu30': 7.197960259625688, 'mu21': -0.11924701002499205, 'mu12': -12.495760396415335, 'mu03': 2.698680877685547, 'nu20': 0.06846890012860579, 'nu11': -0.00399845360767331, 'nu02': 0.09771899696626497, 'nu30': 0.001991107735986857, 'nu21': -3.298623993325731e-05, 'nu12': -0.0034565910750991857, 'nu03': 0.0007465120921352409}
Centroid: 42, 422
Processing contour#7: area: 26.5 centroid: 42, 422 rectangle: (40, 419, 6, 7)
@find_dayJSON_match_for_contour: x: 40, y: 419, w: 6, h: 7, area: 26.5
Matched with JSON#30: (42, 422, 5, 108.0, 37.2132, 0.591881)
Match with input JSON(nodules) ID: 30
Matched contour: {'x': 42, 'y': 422, 'd': 5, 'a': 108.0, 'p': 37.2132, 'e': 0.591881, 'id': 30, 'tq': 100}
JSON_entry: 30
WARNING: match is empty
entry_id:20230515_37, entry saved to results list
created dirs at nodule_detection_path: output/crop979/nodules-last-detected-on/2023-05-15/37/detection and nodule_images_original_path: output/crop979/nodules-last-detected-on/2023-05-15/37
Segmented nodule image saved as output/crop979/nodules-last-detected-on/2023-05-15/37/detection/2023-05-15.jpg
Original nodule image saved as output/crop979/nodules-last-detected-on/2023-05-15/37/2023-05-15.jpg


@process_contour: max_id: 20230515_38
Moments: {'m00': 24.0, 'm10': 5952.166666666666, 'm01': 9408.5, 'm20': 1476232.1666666665, 'm11': 2333371.4166666665, 'm02': 3688373.1666666665, 'm30': 366142378.15000004, 'm21': 578712794.0, 'm12': 914740646.3, 'm03': 1445954542.25, 'mu20': 53.4988425928168, 'mu11': -1.9201388885267079, 'mu02': 45.15625, 'mu30': 13.035432755947113, 'mu21': -17.754581405381032, 'mu12': -7.266985085272609, 'mu03': 15.427517414093018, 'nu20': 0.0928799350569736, 'nu11': -0.0033335744592477567, 'nu02': 0.0783962673611111, 'nu30': 0.0046195252934653225, 'nu21': -0.006291907557854424, 'nu12': -0.002575290137056365, 'nu03': 0.005467237509032076}
Centroid: 248, 392
Processing contour#8: area: 24.0 centroid: 248, 392 rectangle: (245, 389, 7, 7)
@find_dayJSON_match_for_contour: x: 245, y: 389, w: 7, h: 7, area: 24.0
Matched with JSON#29: (248, 391, 5, 87.0, 31.8995, 0.322817)
Match with input JSON(nodules) ID: 29
Matched contour: {'x': 248, 'y': 391, 'd': 5, 'a': 87.0, 'p': 31.8995, 'e': 0.322817, 'id': 29, 'tq': 100}
JSON_entry: 29
Matched with first_id: 29 second_id: 22 name: 20230519_26
entry_id:20230519_26, entry saved to results list
created dirs at nodule_detection_path: output/crop979/nodules-last-detected-on/2023-05-19/26/detection and nodule_images_original_path: output/crop979/nodules-last-detected-on/2023-05-19/26
Segmented nodule image saved as output/crop979/nodules-last-detected-on/2023-05-19/26/detection/2023-05-15.jpg
Original nodule image saved as output/crop979/nodules-last-detected-on/2023-05-19/26/2023-05-15.jpg


@process_contour: max_id: 20230515_39
Moments: {'m00': 13.5, 'm10': 3135.6666666666665, 'm01': 4825.166666666666, 'm20': 728350.4166666666, 'm11': 1120746.7916666665, 'm02': 1724619.9166666665, 'm30': 169186312.8, 'm21': 260325701.1, 'm12': 400578509.93333334, 'm03': 616420401.5500001, 'mu20': 24.087448559701443, 'mu11': -2.4140946501865983, 'mu02': 10.038065843982622, 'mu30': 2.9027028679847717, 'mu21': -3.5341131732220674, 'mu12': -0.32911392179994436, 'mu03': 1.1610475778579712, 'nu20': 0.13216707028642766, 'nu11': -0.013246061180722074, 'nu02': 0.055078550584266785, 'nu30': 0.004334790977885085, 'nu21': -0.005277716182071247, 'nu12': -0.0004914867707094093, 'nu03': 0.0017338662599276657}
Centroid: 232, 357
Processing contour#9: area: 13.5 centroid: 232, 357 rectangle: (230, 356, 6, 4)
@find_dayJSON_match_for_contour: x: 230, y: 356, w: 6, h: 4, area: 13.5
Matched with JSON#28: (232, 357, 4, 60.0, 26.7279, 0.389445)
Match with input JSON(nodules) ID: 28
Matched contour: {'x': 232, 'y': 357, 'd': 4, 'a': 60.0, 'p': 26.7279, 'e': 0.389445, 'id': 28, 'tq': 100}
JSON_entry: 28
Matched with first_id: 28 second_id: 21 name: 20230515_21
entry_id:20230515_21, entry saved to results list
created dirs at nodule_detection_path: output/crop979/nodules-last-detected-on/2023-05-15/21/detection and nodule_images_original_path: output/crop979/nodules-last-detected-on/2023-05-15/21
Segmented nodule image saved as output/crop979/nodules-last-detected-on/2023-05-15/21/detection/2023-05-15.jpg
Original nodule image saved as output/crop979/nodules-last-detected-on/2023-05-15/21/2023-05-15.jpg


@process_contour: max_id: 20230515_40
Moments: {'m00': 12.0, 'm10': 2759.5, 'm01': 3939.6666666666665, 'm20': 634582.1666666666, 'm11': 905957.4166666666, 'm02': 1293426.6666666665, 'm30': 145933042.75, 'm21': 208336042.55, 'm12': 297433082.5833333, 'm03': 424647175.90000004, 'mu20': 12.145833333372138, 'mu11': -1.7638888888759539, 'mu02': 12.212962962919846, 'mu30': -0.730902761220932, 'mu21': 3.018750008011466, 'mu12': 0.21682097034272374, 'mu03': -3.6375513076782227, 'nu20': 0.08434606481508429, 'nu11': -0.012249228394971902, 'nu02': 0.08481224279805448, 'nu30': -0.0014652323122998118, 'nu21': 0.00605165322826946, 'nu12': 0.0004346584916434979, 'nu03': -0.007292157037080197}
Centroid: 229, 328
Processing contour#10: area: 12.0 centroid: 229, 328 rectangle: (228, 326, 5, 5)
@find_dayJSON_match_for_contour: x: 228, y: 326, w: 5, h: 5, area: 12.0
Matched with JSON#27: (230, 328, 4, 51.0, 24.7279, 0.62911)
Match with input JSON(nodules) ID: 27
Matched contour: {'x': 230, 'y': 328, 'd': 4, 'a': 51.0, 'p': 24.7279, 'e': 0.62911, 'id': 27, 'tq': 100}
JSON_entry: 27
Matched with first_id: 27 second_id: 20 name: 20230515_20
entry_id:20230515_20, entry saved to results list
created dirs at nodule_detection_path: output/crop979/nodules-last-detected-on/2023-05-15/20/detection and nodule_images_original_path: output/crop979/nodules-last-detected-on/2023-05-15/20
Segmented nodule image saved as output/crop979/nodules-last-detected-on/2023-05-15/20/detection/2023-05-15.jpg
Original nodule image saved as output/crop979/nodules-last-detected-on/2023-05-15/20/2023-05-15.jpg


@process_contour: max_id: 20230515_41
Moments: {'m00': 24.5, 'm10': 903.1666666666666, 'm01': 6690.333333333333, 'm20': 33346.416666666664, 'm11': 246640.9583333333, 'm02': 1827008.9166666665, 'm30': 1233126.55, 'm21': 9106728.066666666, 'm12': 67355604.1, 'm03': 498935964.20000005, 'mu20': 52.12981859410502, 'mu11': 8.874433106568176, 'mu02': 47.27947845798917, 'mu30': 2.639179663034156, 'mu21': 6.713337808856522, 'mu12': 0.056434048518895, 'mu03': -6.674026072025299, 'nu20': 0.08684684480483966, 'nu11': 0.014784561610276008, 'nu02': 0.07876631146687074, 'nu30': 0.0008882878974242059, 'nu21': 0.002259556941292787, 'nu12': 1.8994418229319346e-05, 'nu03': -0.0022463255040613577}
Centroid: 36, 273
Processing contour#11: area: 24.5 centroid: 36, 273 rectangle: (34, 270, 7, 7)
@find_dayJSON_match_for_contour: x: 34, y: 270, w: 7, h: 7, area: 24.5
Matched with JSON#26: (36, 273, 5, 79.0, 32.3848, 0.551105)
Match with input JSON(nodules) ID: 26
Matched contour: {'x': 36, 'y': 273, 'd': 5, 'a': 79.0, 'p': 32.3848, 'e': 0.551105, 'id': 26, 'tq': 100}
JSON_entry: 26
Matched with first_id: 26 second_id: 19 name: 20230515_19
entry_id:20230515_19, entry saved to results list
created dirs at nodule_detection_path: output/crop979/nodules-last-detected-on/2023-05-15/19/detection and nodule_images_original_path: output/crop979/nodules-last-detected-on/2023-05-15/19
Segmented nodule image saved as output/crop979/nodules-last-detected-on/2023-05-15/19/detection/2023-05-15.jpg
Original nodule image saved as output/crop979/nodules-last-detected-on/2023-05-15/19/2023-05-15.jpg


@process_contour: max_id: 20230515_42
Moments: {'m00': 10.5, 'm10': 2548.1666666666665, 'm01': 2580.6666666666665, 'm20': 618405.0833333333, 'm11': 626281.5416666666, 'm02': 634279.5833333333, 'm30': 150080741.05, 'm21': 151989646.1, 'm12': 153927989.43333334, 'm03': 155896282.3, 'mu20': 9.525132275186479, 'mu11': -1.1990740740438923, 'mu02': 9.064814814832062, 'mu30': 1.7074914276599884, 'mu21': 0.9405350159445334, 'mu12': -1.3072604243343449, 'mu03': -0.04156374931335449, 'nu20': 0.08639575759806328, 'nu11': -0.010875955320126005, 'nu02': 0.08222054253815927, 'nu30': 0.004779531017133625, 'nu21': 0.002632702108242921, 'nu12': -0.003659222906986942, 'nu03': -0.00011634332437252055}
Centroid: 242, 245
Processing contour#12: area: 10.5 centroid: 242, 245 rectangle: (241, 244, 5, 5)
@find_dayJSON_match_for_contour: x: 241, y: 244, w: 5, h: 5, area: 10.5
Matched with JSON#25: (242, 245, 3, 36.0, 19.6569, 0.498148)
Match with input JSON(nodules) ID: 25
Matched contour: {'x': 242, 'y': 245, 'd': 3, 'a': 36.0, 'p': 19.6569, 'e': 0.498148, 'id': 25, 'tq': 100}
JSON_entry: 25
WARNING: match is empty
entry_id:20230515_42, entry saved to results list
created dirs at nodule_detection_path: output/crop979/nodules-last-detected-on/2023-05-15/42/detection and nodule_images_original_path: output/crop979/nodules-last-detected-on/2023-05-15/42
Segmented nodule image saved as output/crop979/nodules-last-detected-on/2023-05-15/42/detection/2023-05-15.jpg
Original nodule image saved as output/crop979/nodules-last-detected-on/2023-05-15/42/2023-05-15.jpg


@process_contour: max_id: 20230515_43
Moments: {'m00': 9.5, 'm10': 425.66666666666663, 'm01': 2178.0, 'm20': 19083.083333333332, 'm11': 97588.20833333333, 'm02': 499341.0833333333, 'm30': 855974.8, 'm21': 4374913.216666667, 'm12': 22373307.516666666, 'm03': 114483231.9, 'mu20': 10.229532163746626, 'mu11': -1.4758771929627983, 'mu02': 5.925438596517779, 'mu30': 2.040638144942932, 'mu21': -2.4713911987973916, 'mu12': -0.4360880296914047, 'mu03': 1.2988919764757156, 'nu20': 0.11334661677281578, 'nu11': -0.016353209894324632, 'nu02': 0.06565582932429671, 'nu30': 0.007335960551496628, 'nu21': -0.008884489583135107, 'nu12': -0.0015677079205463453, 'nu03': 0.00466943163034317}
Centroid: 44, 229
Processing contour#13: area: 9.5 centroid: 44, 229 rectangle: (43, 228, 5, 4)
@find_dayJSON_match_for_contour: x: 43, y: 228, w: 5, h: 4, area: 9.5
Matched with JSON#24: (45, 229, 3, 40.0, 20.4853, 0.29346)
Match with input JSON(nodules) ID: 24
Matched contour: {'x': 45, 'y': 229, 'd': 3, 'a': 40.0, 'p': 20.4853, 'e': 0.29346, 'id': 24, 'tq': 100}
JSON_entry: 24
WARNING: match is empty
entry_id:20230515_43, entry saved to results list
created dirs at nodule_detection_path: output/crop979/nodules-last-detected-on/2023-05-15/43/detection and nodule_images_original_path: output/crop979/nodules-last-detected-on/2023-05-15/43
Segmented nodule image saved as output/crop979/nodules-last-detected-on/2023-05-15/43/detection/2023-05-15.jpg
Original nodule image saved as output/crop979/nodules-last-detected-on/2023-05-15/43/2023-05-15.jpg


@process_contour: max_id: 20230515_44
Moments: {'m00': 29.5, 'm10': 1610.8333333333333, 'm01': 6235.166666666666, 'm20': 88010.58333333333, 'm11': 340456.7083333333, 'm02': 1317972.5833333333, 'm30': 4811430.45, 'm21': 18600784.516666666, 'm12': 71962377.48333333, 'm03': 278610159.55, 'mu20': 51.8027306967997, 'mu11': -11.57321092276834, 'mu02': 97.89312617713585, 'mu30': -2.5144126303493977, 'mu21': -7.703198844501458, 'mu12': 9.759440665851798, 'mu03': 7.716270327568054, 'nu20': 0.059526263368916636, 'nu11': -0.013298719819325872, 'nu02': 0.11248851040176484, 'nu30': -0.0005319631017345855, 'nu21': -0.0016297315329782788, 'nu12': 0.002064761473569176, 'nu03': 0.0016324970085380367}
Centroid: 54, 211
Processing contour#14: area: 29.5 centroid: 54, 211 rectangle: (52, 208, 6, 8)
@find_dayJSON_match_for_contour: x: 52, y: 208, w: 6, h: 8, area: 29.5
Matched with JSON#23: (54, 211, 5, 104.0, 37.799, 0.642749)
Match with input JSON(nodules) ID: 23
Matched contour: {'x': 54, 'y': 211, 'd': 5, 'a': 104.0, 'p': 37.799, 'e': 0.642749, 'id': 23, 'tq': 100}
JSON_entry: 23
Matched with first_id: 23 second_id: 18 name: 20230519_17
entry_id:20230519_17, entry saved to results list
created dirs at nodule_detection_path: output/crop979/nodules-last-detected-on/2023-05-19/17/detection and nodule_images_original_path: output/crop979/nodules-last-detected-on/2023-05-19/17
Segmented nodule image saved as output/crop979/nodules-last-detected-on/2023-05-19/17/detection/2023-05-15.jpg
Original nodule image saved as output/crop979/nodules-last-detected-on/2023-05-19/17/2023-05-15.jpg


@process_contour: max_id: 20230515_45
Moments: {'m00': 17.5, 'm10': 2948.6666666666665, 'm01': 3502.0, 'm20': 496862.4166666666, 'm11': 590077.875, 'm02': 700827.75, 'm30': 83727751.30000001, 'm21': 99431805.38333333, 'm12': 118089160.01666667, 'm03': 140256667.9, 'mu20': 26.124603174626827, 'mu11': 7.5511904762825, 'mu02': 27.521428571431898, 'mu30': -3.63928946852684, 'mu21': -6.905464864627902, 'mu12': -0.7855102213225109, 'mu03': 8.43795919418335, 'nu20': 0.08530482669265901, 'nu11': 0.02465694849398367, 'nu02': 0.08986588921283883, 'nu30': -0.002840674540690703, 'nu21': -0.005390112109032962, 'nu12': -0.0006131358624974736, 'nu03': 0.0065863119890835105}
Centroid: 168, 200
Processing contour#15: area: 17.5 centroid: 168, 200 rectangle: (166, 198, 6, 6)
@find_dayJSON_match_for_contour: x: 166, y: 198, w: 6, h: 6, area: 17.5
Matched with JSON#22: (168, 200, 4, 71.0, 29.3137, 0.504565)
Match with input JSON(nodules) ID: 22
Matched contour: {'x': 168, 'y': 200, 'd': 4, 'a': 71.0, 'p': 29.3137, 'e': 0.504565, 'id': 22, 'tq': 100}
JSON_entry: 22
WARNING: match is empty
entry_id:20230515_45, entry saved to results list
created dirs at nodule_detection_path: output/crop979/nodules-last-detected-on/2023-05-15/45/detection and nodule_images_original_path: output/crop979/nodules-last-detected-on/2023-05-15/45
Segmented nodule image saved as output/crop979/nodules-last-detected-on/2023-05-15/45/detection/2023-05-15.jpg
Original nodule image saved as output/crop979/nodules-last-detected-on/2023-05-15/45/2023-05-15.jpg


@process_contour: max_id: 20230515_46
Moments: {'m00': 62.5, 'm10': 8175.5, 'm01': 12125.0, 'm20': 1069752.0833333333, 'm11': 1586073.625, 'm02': 2352556.25, 'm30': 140018714.85, 'm21': 207538826.8, 'm12': 307743581.5333333, 'm03': 456514799.40000004, 'mu20': 331.279333333252, 'mu11': 26.625, 'mu02': 306.25, 'mu30': -83.64073595404625, 'mu21': -42.89266661321744, 'mu12': 73.0833333015471, 'mu03': 61.90000003576279, 'nu20': 0.0848075093333125, 'nu11': 0.006816, 'nu02': 0.0784, 'nu30': -0.0027084311632642314, 'nu21': -0.0013889384593001228, 'nu12': 0.002366564272436451, 'nu03': 0.002004428669721749}
Centroid: 130, 194
Processing contour#16: area: 62.5 centroid: 130, 194 rectangle: (126, 190, 10, 10)
@find_dayJSON_match_for_contour: x: 126, y: 190, w: 10, h: 10, area: 62.5
Matched with JSON#21: (131, 193, 9, 259.0, 57.2132, 0.461187)
Match with input JSON(nodules) ID: 21
Matched contour: {'x': 131, 'y': 193, 'd': 9, 'a': 259.0, 'p': 57.2132, 'e': 0.461187, 'id': 21, 'tq': 100}
JSON_entry: 21
WARNING: match is empty
entry_id:20230515_46, entry saved to results list
created dirs at nodule_detection_path: output/crop979/nodules-last-detected-on/2023-05-15/46/detection and nodule_images_original_path: output/crop979/nodules-last-detected-on/2023-05-15/46
Segmented nodule image saved as output/crop979/nodules-last-detected-on/2023-05-15/46/detection/2023-05-15.jpg
Original nodule image saved as output/crop979/nodules-last-detected-on/2023-05-15/46/2023-05-15.jpg


@process_contour: max_id: 20230515_47
Moments: {'m00': 33.5, 'm10': 6933.166666666666, 'm01': 6114.833333333333, 'm20': 1435022.9166666665, 'm11': 1265530.0416666665, 'm02': 1116216.5833333333, 'm30': 297047836.55, 'm21': 261939299.98333332, 'm12': 231013467.51666665, 'm03': 203768167.45000002, 'mu20': 133.3635986733716, 'mu11': 2.9181177446153015, 'mu02': 61.756633499171585, 'mu30': 6.2261239886283875, 'mu21': 3.60948535654461, 'mu12': -4.004364130907561, 'mu03': -0.7299480438232422, 'nu20': 0.1188359088201128, 'nu11': 0.0026002385784052585, 'nu02': 0.05502930140269243, 'nu30': 0.0009585300828747147, 'nu21': 0.0005556908767417539, 'nu12': -0.0006164836243656201, 'nu03': -0.00011237764622388556}
Centroid: 206, 182
Processing contour#17: area: 33.5 centroid: 206, 182 rectangle: (203, 180, 9, 6)
@find_dayJSON_match_for_contour: x: 203, y: 180, w: 9, h: 6, area: 33.5
Matched with JSON#20: (207, 182, 6, 145.0, 42.3848, 0.292788)
Match with input JSON(nodules) ID: 20
Matched contour: {'x': 207, 'y': 182, 'd': 6, 'a': 145.0, 'p': 42.3848, 'e': 0.292788, 'id': 20, 'tq': 100}
JSON_entry: 20
Matched with first_id: 20 second_id: 17 name: 20230519_14
entry_id:20230519_14, entry saved to results list
created dirs at nodule_detection_path: output/crop979/nodules-last-detected-on/2023-05-19/14/detection and nodule_images_original_path: output/crop979/nodules-last-detected-on/2023-05-19/14
Segmented nodule image saved as output/crop979/nodules-last-detected-on/2023-05-19/14/detection/2023-05-15.jpg
Original nodule image saved as output/crop979/nodules-last-detected-on/2023-05-19/14/2023-05-15.jpg


@process_contour: max_id: 20230515_48
Moments: {'m00': 8.0, 'm10': 1855.5, 'm01': 1406.1666666666665, 'm20': 430366.8333333333, 'm11': 326141.5833333333, 'm02': 247167.8333333333, 'm30': 99821361.75, 'm21': 75645382.96666667, 'm12': 57327068.5, 'm03': 43446563.150000006, 'mu20': 6.802083333313931, 'mu11': -1.1979166666278616, 'mu02': 4.746527777810115, 'mu30': -0.9726562350988388, 'mu21': 1.716232644286265, 'mu12': 0.2738715211053204, 'mu03': -1.4904803186655045, 'nu20': 0.10628255208303017, 'nu11': -0.018717447916060337, 'nu02': 0.07416449652828305, 'nu30': -0.005373217340638795, 'nu21': 0.009480935475535452, 'nu12': 0.0015129407011519277, 'nu03': -0.008233818285573942}
Centroid: 231, 175
Processing contour#18: area: 8.0 centroid: 231, 175 rectangle: (230, 174, 5, 4)
@find_dayJSON_match_for_contour: x: 230, y: 174, w: 5, h: 4, area: 8.0
Matched with JSON#19: (231, 175, 2, 28.0, 17.6569, 0.585065)
Match with input JSON(nodules) ID: 19
Matched contour: {'x': 231, 'y': 175, 'd': 2, 'a': 28.0, 'p': 17.6569, 'e': 0.585065, 'id': 19, 'tq': 100}
JSON_entry: 19
WARNING: match is empty
entry_id:20230515_48, entry saved to results list
created dirs at nodule_detection_path: output/crop979/nodules-last-detected-on/2023-05-15/48/detection and nodule_images_original_path: output/crop979/nodules-last-detected-on/2023-05-15/48
Segmented nodule image saved as output/crop979/nodules-last-detected-on/2023-05-15/48/detection/2023-05-15.jpg
Original nodule image saved as output/crop979/nodules-last-detected-on/2023-05-15/48/2023-05-15.jpg


@process_contour: max_id: 20230515_49
Moments: {'m00': 37.0, 'm10': 6108.333333333333, 'm01': 6404.833333333333, 'm20': 1008537.1666666666, 'm11': 1057362.4166666665, 'm02': 1108813.6666666665, 'm30': 166536461.10000002, 'm21': 174577395.28333333, 'm12': 183049935.45, 'm03': 191979122.35000002, 'mu20': 111.86636636639014, 'mu11': -12.095345345325768, 'mu02': 113.93618618603796, 'mu30': 33.338792860507965, 'mu21': -28.99152935175516, 'mu12': -25.17739086835718, 'mu03': 35.39625582098961, 'nu20': 0.08171392722161443, 'nu11': -0.00883516825809041, 'nu02': 0.08322584820017383, 'nu30': 0.004003552800767411, 'nu21': -0.00348150333518049, 'nu12': -0.003023475209458781, 'nu03': 0.004250627181425895}
Centroid: 165, 173
Processing contour#19: area: 37.0 centroid: 165, 173 rectangle: (162, 170, 8, 8)
@find_dayJSON_match_for_contour: x: 162, y: 170, w: 8, h: 8, area: 37.0
Matched with JSON#18: (164, 172, 6, 144.0, 41.799, 0.390399)
Match with input JSON(nodules) ID: 18
Matched contour: {'x': 164, 'y': 172, 'd': 6, 'a': 144.0, 'p': 41.799, 'e': 0.390399, 'id': 18, 'tq': 100}
JSON_entry: 18
Matched with first_id: 18 second_id: 16 name: 20230517_12
entry_id:20230517_12, entry saved to results list
created dirs at nodule_detection_path: output/crop979/nodules-last-detected-on/2023-05-17/12/detection and nodule_images_original_path: output/crop979/nodules-last-detected-on/2023-05-17/12
Segmented nodule image saved as output/crop979/nodules-last-detected-on/2023-05-17/12/detection/2023-05-15.jpg
Original nodule image saved as output/crop979/nodules-last-detected-on/2023-05-17/12/2023-05-15.jpg


@process_contour: max_id: 20230515_50
Moments: {'m00': 26.0, 'm10': 1940.0, 'm01': 3473.333333333333, 'm20': 144797.3333333333, 'm11': 259157.41666666666, 'm02': 464072.6666666666, 'm30': 10810593.0, 'm21': 19342439.03333333, 'm12': 34625181.333333336, 'm03': 62014302.6, 'mu20': 43.487179487157846, 'mu11': -6.685897435905645, 'mu02': 70.95726495725103, 'mu30': -5.343195261433721, 'mu21': -1.857527935926555, 'mu12': 7.155161084141582, 'mu03': -4.272671476006508, 'nu20': 0.06433014717035185, 'nu11': -0.00989038082234563, 'nu02': 0.10496636827995716, 'nu30': -0.0015501284082263909, 'nu21': -0.0005388923072561011, 'nu12': 0.002075802571173056, 'nu03': -0.0012395559417005275}
Centroid: 74, 133
Processing contour#20: area: 26.0 centroid: 74, 133 rectangle: (72, 130, 6, 8)
@find_dayJSON_match_for_contour: x: 72, y: 130, w: 6, h: 8, area: 26.0
Matched with JSON#17: (74, 133, 5, 102.0, 34.9706, 0.512717)
Match with input JSON(nodules) ID: 17
Matched contour: {'x': 74, 'y': 133, 'd': 5, 'a': 102.0, 'p': 34.9706, 'e': 0.512717, 'id': 17, 'tq': 100}
JSON_entry: 17
WARNING: match is empty
entry_id:20230515_50, entry saved to results list
created dirs at nodule_detection_path: output/crop979/nodules-last-detected-on/2023-05-15/50/detection and nodule_images_original_path: output/crop979/nodules-last-detected-on/2023-05-15/50
Segmented nodule image saved as output/crop979/nodules-last-detected-on/2023-05-15/50/detection/2023-05-15.jpg
Original nodule image saved as output/crop979/nodules-last-detected-on/2023-05-15/50/2023-05-15.jpg


@process_contour: max_id: 20230515_51
Moments: {'m00': 14.0, 'm10': 1855.0, 'm01': 1791.0, 'm20': 245806.66666666666, 'm11': 237307.5, 'm02': 229134.0, 'm30': 32574462.5, 'm21': 31445697.833333332, 'm12': 30360255.0, 'm03': 29316347.5, 'mu20': 19.166666666656965, 'mu11': 2.9103830456733704e-11, 'mu02': 13.928571428579744, 'mu30': 3.725290298461914e-09, 'mu21': 2.1190476115966703, 'mu12': -3.230525180697441e-09, 'mu03': -1.510204080492258, 'nu20': 0.097789115646209, 'nu11': 1.4848893090170256e-13, 'nu02': 0.07106413994173338, 'nu30': 5.079723018628761e-12, 'nu21': 0.002889486205851443, 'nu12': -4.405072305217129e-12, 'nu03': -0.0020592807045590397}
Centroid: 132, 127
Processing contour#21: area: 14.0 centroid: 132, 127 rectangle: (130, 126, 6, 5)
@find_dayJSON_match_for_contour: x: 130, y: 126, w: 6, h: 5, area: 14.0
Matched with JSON#16: (132, 127, 4, 64.0, 26.7279, 0.445748)
Match with input JSON(nodules) ID: 16
Matched contour: {'x': 132, 'y': 127, 'd': 4, 'a': 64.0, 'p': 26.7279, 'e': 0.445748, 'id': 16, 'tq': 100}
JSON_entry: 16
Matched with first_id: 16 second_id: 15 name: 20230515_15
entry_id:20230515_15, entry saved to results list
created dirs at nodule_detection_path: output/crop979/nodules-last-detected-on/2023-05-15/15/detection and nodule_images_original_path: output/crop979/nodules-last-detected-on/2023-05-15/15
Segmented nodule image saved as output/crop979/nodules-last-detected-on/2023-05-15/15/detection/2023-05-15.jpg
Original nodule image saved as output/crop979/nodules-last-detected-on/2023-05-15/15/2023-05-15.jpg


@process_contour: max_id: 20230515_52
Moments: {'m00': 10.0, 'm10': 1494.5, 'm01': 1113.1666666666665, 'm20': 223360.16666666666, 'm11': 166363.5833333333, 'm02': 123923.83333333333, 'm30': 33383312.25, 'm21': 24863956.466666665, 'm12': 18520599.666666668, 'm03': 13796975.65, 'mu20': 7.141666666633682, 'mu11': 0.8249999999825377, 'mu02': 9.830555555570754, 'mu30': 0.6975000090897083, 'mu21': 0.65472222529786, 'mu12': -0.8974999976687741, 'mu03': -1.0065740756690502, 'nu20': 0.07141666666633684, 'nu11': 0.008249999999825378, 'nu02': 0.09830555555570757, 'nu30': 0.0022056886967116267, 'nu21': 0.0020704134666751513, 'nu12': -0.0028381441926291374, 'nu03': -0.003183066712792874}
Centroid: 149, 111
Processing contour#22: area: 10.0 centroid: 149, 111 rectangle: (148, 109, 4, 5)
@find_dayJSON_match_for_contour: x: 148, y: 109, w: 4, h: 5, area: 10.0
Matched with JSON#15: (149, 110, 4, 52.0, 23.8995, 0.585122)
Match with input JSON(nodules) ID: 15
Matched contour: {'x': 149, 'y': 110, 'd': 4, 'a': 52.0, 'p': 23.8995, 'e': 0.585122, 'id': 15, 'tq': 100}
JSON_entry: 15
Matched with first_id: 15 second_id: 10 name: 20230515_14
entry_id:20230515_14, entry saved to results list
created dirs at nodule_detection_path: output/crop979/nodules-last-detected-on/2023-05-15/14/detection and nodule_images_original_path: output/crop979/nodules-last-detected-on/2023-05-15/14
Segmented nodule image saved as output/crop979/nodules-last-detected-on/2023-05-15/14/detection/2023-05-15.jpg
Original nodule image saved as output/crop979/nodules-last-detected-on/2023-05-15/14/2023-05-15.jpg


@process_contour: max_id: 20230515_53
Moments: {'m00': 1.0, 'm10': 100.5, 'm01': 108.5, 'm20': 10100.333333333332, 'm11': 10904.25, 'm02': 11772.333333333332, 'm30': 1015100.25, 'm21': 1095886.1666666667, 'm12': 1183119.5, 'm03': 1277316.25, 'mu20': 0.08333333333212067, 'mu11': 0.0, 'mu02': 0.08333333333212067, 'mu30': 3.4924596548080444e-10, 'mu21': 2.091837814077735e-10, 'mu12': 1.2187229003757238e-10, 'mu03': 4.656612873077393e-10, 'nu20': 0.08333333333212067, 'nu11': 0.0, 'nu02': 0.08333333333212067, 'nu30': 3.4924596548080444e-10, 'nu21': 2.091837814077735e-10, 'nu12': 1.2187229003757238e-10, 'nu03': 4.656612873077393e-10}
Centroid: 100, 108
Processing contour#23: area: 1.0 centroid: 100, 108 rectangle: (100, 108, 2, 2)
@find_dayJSON_match_for_contour: x: 100, y: 108, w: 2, h: 2, area: 1.0
Matched with JSON#14: (101, 108, 1, 7.0, 7.6213, 0.690066)
Match with input JSON(nodules) ID: 14
Matched contour: {'x': 101, 'y': 108, 'd': 1, 'a': 7.0, 'p': 7.6213, 'e': 0.690066, 'id': 14, 'tq': 100}
JSON_entry: 14
Matched with first_id: 14 second_id: 14 name: 20230515_13
entry_id:20230515_13, entry saved to results list
created dirs at nodule_detection_path: output/crop979/nodules-last-detected-on/2023-05-15/13/detection and nodule_images_original_path: output/crop979/nodules-last-detected-on/2023-05-15/13
Segmented nodule image saved as output/crop979/nodules-last-detected-on/2023-05-15/13/detection/2023-05-15.jpg
Original nodule image saved as output/crop979/nodules-last-detected-on/2023-05-15/13/2023-05-15.jpg


@process_contour: max_id: 20230515_54
Moments: {'m00': 10.5, 'm10': 2024.1666666666665, 'm01': 1064.6666666666665, 'm20': 390226.0833333333, 'm11': 205242.2083333333, 'm02': 107961.58333333333, 'm30': 75231442.05, 'm21': 39566964.6, 'm12': 20812215.433333334, 'm03': 10948537.3, 'mu20': 11.731481481576338, 'mu11': -1.8657407407008577, 'mu02': 7.7632275132637005, 'mu30': 1.736213967204094, 'mu21': -2.090329223046183, 'mu12': -0.326660791777158, 'mu03': 1.1519358325749636, 'nu20': 0.10640799529774454, 'nu11': -0.016922818509758342, 'nu02': 0.07041476202506756, 'nu30': 0.004859929821144041, 'nu21': -0.005851152864211933, 'nu12': -0.0009143737772786366, 'nu03': 0.003224445494924051}
Centroid: 192, 101
Processing contour#24: area: 10.5 centroid: 192, 101 rectangle: (191, 100, 5, 4)
@find_dayJSON_match_for_contour: x: 191, y: 100, w: 5, h: 4, area: 10.5
Matched with JSON#13: (192, 101, 3, 43.0, 21.8995, 0.336035)
Match with input JSON(nodules) ID: 13
Matched contour: {'x': 192, 'y': 101, 'd': 3, 'a': 43.0, 'p': 21.8995, 'e': 0.336035, 'id': 13, 'tq': 100}
JSON_entry: 13
Matched with first_id: 13 second_id: 0 name: 20230517_10
entry_id:20230517_10, entry saved to results list
created dirs at nodule_detection_path: output/crop979/nodules-last-detected-on/2023-05-17/10/detection and nodule_images_original_path: output/crop979/nodules-last-detected-on/2023-05-17/10
Segmented nodule image saved as output/crop979/nodules-last-detected-on/2023-05-17/10/detection/2023-05-15.jpg
Original nodule image saved as output/crop979/nodules-last-detected-on/2023-05-17/10/2023-05-15.jpg


@process_contour: max_id: 20230515_55
Moments: {'m00': 45.5, 'm10': 4151.333333333333, 'm01': 4260.833333333333, 'm20': 378943.0833333333, 'm11': 388724.9583333333, 'm02': 399159.25, 'm30': 34607489.7, 'm21': 35481404.9, 'm12': 36413779.233333334, 'm03': 37408124.45, 'mu20': 183.3373015872785, 'mu11': -25.35912698408356, 'mu02': 154.83913308917545, 'mu30': -10.119349956512451, 'mu21': 25.284077556098055, 'mu12': -0.9382318766074604, 'mu03': -18.960713729262352, 'nu20': 0.08855804931157035, 'nu11': -0.012249306597794258, 'nu02': 0.07479248066135756, 'nu30': -0.0007246430373451902, 'nu21': 0.0018105837662952754, 'nu12': -6.718644969495885e-05, 'nu03': -0.001357769940366862}
Centroid: 91, 93
Processing contour#25: area: 45.5 centroid: 91, 93 rectangle: (87, 90, 9, 8)
@find_dayJSON_match_for_contour: x: 87, y: 90, w: 9, h: 8, area: 45.5
Matched with JSON#12: (91, 93, 6, 145.0, 42.9706, 0.614386)
Match with input JSON(nodules) ID: 12
Matched contour: {'x': 91, 'y': 93, 'd': 6, 'a': 145.0, 'p': 42.9706, 'e': 0.614386, 'id': 12, 'tq': 100}
JSON_entry: 12
Matched with first_id: 12 second_id: 13 name: 20230519_9
entry_id:20230519_9, entry saved to results list
created dirs at nodule_detection_path: output/crop979/nodules-last-detected-on/2023-05-19/9/detection and nodule_images_original_path: output/crop979/nodules-last-detected-on/2023-05-19/9
Segmented nodule image saved as output/crop979/nodules-last-detected-on/2023-05-19/9/detection/2023-05-15.jpg
Original nodule image saved as output/crop979/nodules-last-detected-on/2023-05-19/9/2023-05-15.jpg


@process_contour: max_id: 20230515_56
Moments: {'m00': 23.5, 'm10': 3901.333333333333, 'm01': 2121.1666666666665, 'm20': 647730.4166666666, 'm11': 352132.375, 'm02': 191503.25, 'm30': 107550292.7, 'm21': 58461918.93333333, 'm12': 31790199.566666666, 'm03': 17293071.55, 'mu20': 53.745271867723204, 'mu11': -11.379137115785852, 'mu02': 41.63179669031524, 'mu30': 10.91290007531643, 'mu21': -12.18179753061031, 'mu12': -2.0747791088097074, 'mu03': 10.851397480815649, 'nu20': 0.0973205466142566, 'nu11': -0.02060504683709525, 'nu02': 0.07538577943017699, 'nu30': 0.0040763411483858945, 'nu21': -0.00455031771505455, 'nu12': -0.0007750009068792094, 'nu03': 0.0040533678273652896}
Centroid: 166, 90
Processing contour#26: area: 23.5 centroid: 166, 90 rectangle: (163, 88, 7, 6)
@find_dayJSON_match_for_contour: x: 163, y: 88, w: 7, h: 6, area: 23.5
Matched with JSON#11: (165, 90, 5, 110.0, 36.9706, 0.470381)
Match with input JSON(nodules) ID: 11
Matched contour: {'x': 165, 'y': 90, 'd': 5, 'a': 110.0, 'p': 36.9706, 'e': 0.470381, 'id': 11, 'tq': 100}
JSON_entry: 11
Matched with first_id: 11 second_id: 12 name: 20230519_8
entry_id:20230519_8, entry saved to results list
created dirs at nodule_detection_path: output/crop979/nodules-last-detected-on/2023-05-19/8/detection and nodule_images_original_path: output/crop979/nodules-last-detected-on/2023-05-19/8
Segmented nodule image saved as output/crop979/nodules-last-detected-on/2023-05-19/8/detection/2023-05-15.jpg
Original nodule image saved as output/crop979/nodules-last-detected-on/2023-05-19/8/2023-05-15.jpg


@process_contour: max_id: 20230515_57
Moments: {'m00': 31.0, 'm10': 4324.5, 'm01': 2737.6666666666665, 'm20': 603355.0, 'm11': 381904.5, 'm02': 241838.16666666666, 'm30': 84192365.25, 'm21': 53283397.05, 'm12': 33736424.25, 'm03': 21369490.900000002, 'mu20': 87.25, 'mu11': 5.820766091346741e-11, 'mu02': 69.81899641582277, 'mu30': 0.0, 'mu21': 14.093010734807649, 'mu12': -7.275957614183426e-09, 'mu03': -11.3544995598495, 'nu20': 0.09079084287200831, 'nu11': 6.05698864864385e-14, 'nu02': 0.07265244163977394, 'nu30': 0.0, 'nu21': 0.0026339016123743063, 'nu12': -1.3598340945155324e-12, 'nu03': -0.002122089826024612}
Centroid: 139, 88
Processing contour#27: area: 31.0 centroid: 139, 88 rectangle: (136, 85, 8, 7)
@find_dayJSON_match_for_contour: x: 136, y: 85, w: 8, h: 7, area: 31.0
Matched with JSON#10: (139, 88, 6, 121.0, 37.799, 0.26433)
Match with input JSON(nodules) ID: 10
Matched contour: {'x': 139, 'y': 88, 'd': 6, 'a': 121.0, 'p': 37.799, 'e': 0.26433, 'id': 10, 'tq': 100}
JSON_entry: 10
Matched with first_id: 10 second_id: 11 name: 20230519_7
entry_id:20230519_7, entry saved to results list
created dirs at nodule_detection_path: output/crop979/nodules-last-detected-on/2023-05-19/7/detection and nodule_images_original_path: output/crop979/nodules-last-detected-on/2023-05-19/7
Segmented nodule image saved as output/crop979/nodules-last-detected-on/2023-05-19/7/detection/2023-05-15.jpg
Original nodule image saved as output/crop979/nodules-last-detected-on/2023-05-19/7/2023-05-15.jpg


@process_contour: max_id: 20230515_58
Moments: {'m00': 19.0, 'm10': 3160.5, 'm01': 1461.6666666666665, 'm20': 525756.3333333333, 'm11': 243137.8333333333, 'm02': 112474.83333333333, 'm30': 87466103.25, 'm21': 40446724.88333333, 'm12': 18709469.583333332, 'm03': 8657131.9, 'mu20': 32.109649122692645, 'mu11': 1.1228070175857283, 'mu02': 29.073099415239994, 'mu30': 5.534626096487045, 'mu21': 8.857787012776498, 'mu12': -3.7371498956881624, 'mu03': -10.472781371325254, 'nu20': 0.08894639646175247, 'nu11': 0.00311026874677487, 'nu02': 0.0805349014272576, 'nu30': 0.0035172584698746207, 'nu21': 0.005629129385056097, 'nu12': -0.0023749611797883466, 'nu03': -0.006655459346173217}
Centroid: 166, 76
Processing contour#28: area: 19.0 centroid: 166, 76 rectangle: (164, 74, 6, 6)
@find_dayJSON_match_for_contour: x: 164, y: 74, w: 6, h: 6, area: 19.0
Matched with JSON#9: (166, 77, 4, 76.0, 29.3137, 0.436896)
Match with input JSON(nodules) ID: 9
Matched contour: {'x': 166, 'y': 77, 'd': 4, 'a': 76.0, 'p': 29.3137, 'e': 0.436896, 'id': 9, 'tq': 100}
JSON_entry: 9
Matched with first_id: 9 second_id: 9 name: 20230517_6
entry_id:20230517_6, entry saved to results list
created dirs at nodule_detection_path: output/crop979/nodules-last-detected-on/2023-05-17/6/detection and nodule_images_original_path: output/crop979/nodules-last-detected-on/2023-05-17/6
Segmented nodule image saved as output/crop979/nodules-last-detected-on/2023-05-17/6/detection/2023-05-15.jpg
Original nodule image saved as output/crop979/nodules-last-detected-on/2023-05-17/6/2023-05-15.jpg


@process_contour: max_id: 20230515_59
Moments: {'m00': 42.5, 'm10': 6212.166666666666, 'm01': 3194.5, 'm20': 908188.75, 'm11': 466982.2916666666, 'm02': 240259.41666666666, 'm30': 132796864.05000001, 'm21': 68277312.55, 'm12': 35125389.516666666, 'm03': 18080975.150000002, 'mu20': 164.87483660143334, 'mu11': 46.611274509865325, 'mu02': 145.763725490222, 'mu30': -38.06105601787567, 'mu21': -53.94144945782864, 'mu12': -6.6951518680325535, 'mu03': 34.185674741864204, 'nu20': 0.09128018635373471, 'nu11': 0.02580554990165554, 'nu02': 0.08069964040981147, 'nu30': -0.0032322765291924326, 'nu21': -0.004580894469960918, 'nu12': -0.000568575454980987, 'nu03': 0.0029031657463954286}
Centroid: 146, 75
Processing contour#29: area: 42.5 centroid: 146, 75 rectangle: (142, 72, 9, 8)
@find_dayJSON_match_for_contour: x: 142, y: 72, w: 9, h: 8, area: 42.5
Matched with JSON#8: (146, 74, 7, 169.0, 46.9706, 0.603977)
Match with input JSON(nodules) ID: 8
Matched contour: {'x': 146, 'y': 74, 'd': 7, 'a': 169.0, 'p': 46.9706, 'e': 0.603977, 'id': 8, 'tq': 100}
JSON_entry: 8
Matched with first_id: 8 second_id: 7 name: 20230519_4
entry_id:20230519_4, entry saved to results list
created dirs at nodule_detection_path: output/crop979/nodules-last-detected-on/2023-05-19/4/detection and nodule_images_original_path: output/crop979/nodules-last-detected-on/2023-05-19/4
Segmented nodule image saved as output/crop979/nodules-last-detected-on/2023-05-19/4/detection/2023-05-15.jpg
Original nodule image saved as output/crop979/nodules-last-detected-on/2023-05-19/4/2023-05-15.jpg


@process_contour: max_id: 20230515_60
Moments: {'m00': 9.5, 'm10': 637.1666666666666, 'm01': 678.1666666666666, 'm20': 42744.25, 'm11': 45486.45833333333, 'm02': 48417.916666666664, 'm30': 2868120.5500000003, 'm21': 3051566.0166666666, 'm12': 3247640.35, 'm03': 3457265.0500000003, 'mu20': 9.36988304094848, 'mu11': 1.7010233918117592, 'mu02': 6.334795321643469, 'mu30': -0.6758900182321668, 'mu21': -1.689909715336512, 'mu12': -0.6735970039773065, 'mu03': 0.9187544882297516, 'nu20': 0.10382141873627122, 'nu11': 0.01884790461841284, 'nu02': 0.07019163791294701, 'nu30': -0.002429780371982694, 'nu21': -0.006075114805641469, 'nu12': -0.002421537135836511, 'nu03': 0.003302862243787185}
Centroid: 67, 71
Processing contour#30: area: 9.5 centroid: 67, 71 rectangle: (65, 70, 5, 4)
@find_dayJSON_match_for_contour: x: 65, y: 70, w: 5, h: 4, area: 9.5
Matched with JSON#7: (66, 71, 3, 35.0, 20.0711, 0.58757)
Match with input JSON(nodules) ID: 7
Matched contour: {'x': 66, 'y': 71, 'd': 3, 'a': 35.0, 'p': 20.0711, 'e': 0.58757, 'id': 7, 'tq': 100}
JSON_entry: 7
Matched with first_id: 7 second_id: 5 name: 20230519_3
entry_id:20230519_3, entry saved to results list
created dirs at nodule_detection_path: output/crop979/nodules-last-detected-on/2023-05-19/3/detection and nodule_images_original_path: output/crop979/nodules-last-detected-on/2023-05-19/3
Segmented nodule image saved as output/crop979/nodules-last-detected-on/2023-05-19/3/detection/2023-05-15.jpg
Original nodule image saved as output/crop979/nodules-last-detected-on/2023-05-19/3/2023-05-15.jpg


@process_contour: max_id: 20230515_61
Moments: {'m00': 39.0, 'm10': 4587.333333333333, 'm01': 2754.0, 'm20': 539736.8333333333, 'm11': 323911.6666666666, 'm02': 194579.16666666666, 'm30': 63522831.6, 'm21': 38107884.333333336, 'm12': 22883695.53333333, 'm03': 13755042.0, 'mu20': 156.6509971510386, 'mu11': -24.64102564105997, 'mu02': 104.39743589743739, 'mu30': 11.408727206289768, 'mu21': -42.994959434081466, 'mu12': 9.008897659943614, 'mu03': 15.177514793351293, 'nu20': 0.1029921085805645, 'nu11': -0.01620054282778433, 'nu02': 0.06863736745393648, 'nu30': 0.0012010903516167322, 'nu21': -0.004526432266340617, 'nu12': 0.0009484405983601186, 'nu03': 0.0015978615537204082}
Centroid: 117, 70
Processing contour#31: area: 39.0 centroid: 117, 70 rectangle: (114, 67, 9, 8)
@find_dayJSON_match_for_contour: x: 114, y: 67, w: 9, h: 8, area: 39.0
Matched with JSON#6: (117, 70, 7, 165.0, 51.6985, 0.677228)
Match with input JSON(nodules) ID: 6
Matched contour: {'x': 117, 'y': 70, 'd': 7, 'a': 165.0, 'p': 51.6985, 'e': 0.677228, 'id': 6, 'tq': 100}
JSON_entry: 6
Matched with first_id: 6 second_id: 6 name: 20230519_2
entry_id:20230519_2, entry saved to results list
created dirs at nodule_detection_path: output/crop979/nodules-last-detected-on/2023-05-19/2/detection and nodule_images_original_path: output/crop979/nodules-last-detected-on/2023-05-19/2
Segmented nodule image saved as output/crop979/nodules-last-detected-on/2023-05-19/2/detection/2023-05-15.jpg
Original nodule image saved as output/crop979/nodules-last-detected-on/2023-05-19/2/2023-05-15.jpg


@process_contour: max_id: 20230515_62
Moments: {'m00': 29.0, 'm10': 5183.833333333333, 'm01': 1883.5, 'm20': 926691.0, 'm11': 336688.0, 'm02': 122400.66666666666, 'm30': 165672241.85000002, 'm21': 60189474.666666664, 'm12': 21880371.03333333, 'm03': 7958877.75, 'mu20': 65.89559386984911, 'mu11': 6.962643678183667, 'mu02': 70.5890804597584, 'mu30': 4.641308844089508, 'mu21': 2.7746399678026137, 'mu12': -4.282791650524814, 'mu03': -3.7925089159980416, 'nu20': 0.07835385715796564, 'nu11': 0.008279005562644074, 'nu02': 0.08393469733621689, 'nu30': 0.001024815000460574, 'nu21': 0.0006126488788830804, 'nu12': -0.0009456533220999516, 'nu03': -0.0008373974146203812}
Centroid: 178, 64
Processing contour#32: area: 29.0 centroid: 178, 64 rectangle: (176, 62, 7, 7)
@find_dayJSON_match_for_contour: x: 176, y: 62, w: 7, h: 7, area: 29.0
Matched with JSON#5: (178, 65, 5, 109.0, 36.9706, 0.319335)
Match with input JSON(nodules) ID: 5
Matched contour: {'x': 178, 'y': 65, 'd': 5, 'a': 109.0, 'p': 36.9706, 'e': 0.319335, 'id': 5, 'tq': 100}
JSON_entry: 5
Matched with first_id: 5 second_id: 4 name: 20230517_2
entry_id:20230517_2, entry saved to results list
created dirs at nodule_detection_path: output/crop979/nodules-last-detected-on/2023-05-17/2/detection and nodule_images_original_path: output/crop979/nodules-last-detected-on/2023-05-17/2
Segmented nodule image saved as output/crop979/nodules-last-detected-on/2023-05-17/2/detection/2023-05-15.jpg
Original nodule image saved as output/crop979/nodules-last-detected-on/2023-05-17/2/2023-05-15.jpg


@process_contour: max_id: 20230515_63
Moments: {'m00': 29.5, 'm10': 5560.333333333333, 'm01': 1869.1666666666665, 'm20': 1048098.0833333333, 'm11': 352318.2083333333, 'm02': 118525.91666666666, 'm30': 197571964.20000002, 'm21': 66411670.93333333, 'm12': 22341304.4, 'm03': 7521724.550000001, 'mu20': 53.785781544283964, 'mu11': 6.692325800366234, 'mu02': 92.55979284369096, 'mu30': 3.4166417121887207, 'mu21': -4.452712059722671, 'mu12': -4.869497375981155, 'mu03': 5.501581071875989, 'nu20': 0.061804977356258506, 'nu11': 0.007690118701943389, 'nu02': 0.10636000326767131, 'nu30': 0.0007228436974877575, 'nu21': -0.000942040494798151, 'nu12': -0.0010302179112325746, 'nu03': 0.0011639450486823067}
Centroid: 188, 63
Processing contour#33: area: 29.5 centroid: 188, 63 rectangle: (186, 60, 6, 8)
@find_dayJSON_match_for_contour: x: 186, y: 60, w: 6, h: 8, area: 29.5
Matched with JSON#4: (188, 63, 6, 115.0, 36.7279, 0.454664)
Match with input JSON(nodules) ID: 4
Matched contour: {'x': 188, 'y': 63, 'd': 6, 'a': 115.0, 'p': 36.7279, 'e': 0.454664, 'id': 4, 'tq': 100}
JSON_entry: 4
Matched with first_id: 4 second_id: 3 name: 20230519_1
entry_id:20230519_1, entry saved to results list
created dirs at nodule_detection_path: output/crop979/nodules-last-detected-on/2023-05-19/1/detection and nodule_images_original_path: output/crop979/nodules-last-detected-on/2023-05-19/1
Segmented nodule image saved as output/crop979/nodules-last-detected-on/2023-05-19/1/detection/2023-05-15.jpg
Original nodule image saved as output/crop979/nodules-last-detected-on/2023-05-19/1/2023-05-15.jpg


@process_contour: max_id: 20230515_64
Moments: {'m00': 3.0, 'm10': 180.66666666666666, 'm01': 183.0, 'm20': 10880.833333333332, 'm11': 11020.666666666666, 'm02': 11163.833333333332, 'm30': 655350.4, 'm21': 663730.8333333334, 'm12': 672310.9666666667, 'm03': 681095.5, 'mu20': 0.6851851851861284, 'mu11': 0.0, 'mu02': 0.8333333333321207, 'mu30': -0.08971193409524858, 'mu21': 5.4569682106375694e-11, 'mu12': 0.11481481493441947, 'mu03': 2.3283064365386963e-10, 'nu20': 0.07613168724290315, 'nu11': 0.0, 'nu02': 0.09259259259245785, 'nu30': -0.005755023255490414, 'nu21': 3.500646739300923e-12, 'nu12': 0.007365373812149349, 'nu03': 1.4936092754350605e-11}
Centroid: 60, 61
Processing contour#34: area: 3.0 centroid: 60, 61 rectangle: (58, 60, 4, 3)
@find_dayJSON_match_for_contour: x: 58, y: 60, w: 4, h: 3, area: 3.0
Matched with JSON#3: (60, 60, 2, 20.0, 14.2426, 0.757969)
Match with input JSON(nodules) ID: 3
Matched contour: {'x': 60, 'y': 60, 'd': 2, 'a': 20.0, 'p': 14.2426, 'e': 0.757969, 'id': 3, 'tq': 100}
JSON_entry: 3
Matched with first_id: 3 second_id: 2 name: 20230515_2
entry_id:20230515_2, entry saved to results list
created dirs at nodule_detection_path: output/crop979/nodules-last-detected-on/2023-05-15/2/detection and nodule_images_original_path: output/crop979/nodules-last-detected-on/2023-05-15/2
Segmented nodule image saved as output/crop979/nodules-last-detected-on/2023-05-15/2/detection/2023-05-15.jpg
Original nodule image saved as output/crop979/nodules-last-detected-on/2023-05-15/2/2023-05-15.jpg


@process_contour: max_id: 20230515_65
Moments: {'m00': 14.0, 'm10': 1396.8333333333333, 'm01': 771.0, 'm20': 139382.8333333333, 'm11': 76927.25, 'm02': 42477.33333333333, 'm30': 13909841.350000001, 'm21': 7676341.25, 'm12': 4238303.783333333, 'm03': 2341186.5, 'mu20': 15.450396825384814, 'mu11': 1.642857142869616, 'mu02': 17.26190476190095, 'mu30': 1.9962112680077553, 'mu21': 1.6717687061297966, 'mu12': -2.530725623915714, 'mu03': -2.204081631731242, 'nu20': 0.07882855523155517, 'nu11': 0.008381924198314366, 'nu02': 0.08807094266275994, 'nu30': 0.0027219892990169798, 'nu21': 0.002279586635666205, 'nu12': -0.003450841189731167, 'nu03': -0.0030054367049635435}
Centroid: 99, 55
Processing contour#35: area: 14.0 centroid: 99, 55 rectangle: (98, 53, 5, 5)
@find_dayJSON_match_for_contour: x: 98, y: 53, w: 5, h: 5, area: 14.0
Matched with JSON#2: (99, 55, 4, 71.0, 28.7279, 0.38114)
Match with input JSON(nodules) ID: 2
Matched contour: {'x': 99, 'y': 55, 'd': 4, 'a': 71.0, 'p': 28.7279, 'e': 0.38114, 'id': 2, 'tq': 100}
JSON_entry: 2
Matched with first_id: 2 second_id: 8 name: 20230515_1
entry_id:20230515_1, entry saved to results list
created dirs at nodule_detection_path: output/crop979/nodules-last-detected-on/2023-05-15/1/detection and nodule_images_original_path: output/crop979/nodules-last-detected-on/2023-05-15/1
Segmented nodule image saved as output/crop979/nodules-last-detected-on/2023-05-15/1/detection/2023-05-15.jpg
Original nodule image saved as output/crop979/nodules-last-detected-on/2023-05-15/1/2023-05-15.jpg


@process_contour: max_id: 20230515_66
Moments: {'m00': 12.0, 'm10': 700.0, 'm01': 648.5, 'm20': 40845.0, 'm11': 37823.83333333333, 'm02': 35064.166666666664, 'm30': 2383981.0, 'm21': 2206712.5833333335, 'm12': 2044837.4166666667, 'm03': 1896874.25, 'mu20': 11.666666666671517, 'mu11': -5.333333333335759, 'mu02': 18.14583333333576, 'mu30': -5.111111111473292, 'mu21': 2.930555556069521, 'mu12': 4.138888889368445, 'mu03': -13.019097222248092, 'nu20': 0.0810185185185522, 'nu11': -0.037037037037053876, 'nu02': 0.12601273148149833, 'nu30': -0.01024618533356664, 'nu21': 0.005874850830457956, 'nu12': 0.008297182688968134, 'nu03': -0.026099233631495987}
Centroid: 58, 54
Processing contour#36: area: 12.0 centroid: 58, 54 rectangle: (56, 51, 6, 6)
@find_dayJSON_match_for_contour: x: 56, y: 51, w: 6, h: 6, area: 12.0
Matched with JSON#1: (58, 54, 3, 33.0, 22.4853, 0.893945)
Match with input JSON(nodules) ID: 1
Matched contour: {'x': 58, 'y': 54, 'd': 3, 'a': 33.0, 'p': 22.4853, 'e': 0.893945, 'id': 1, 'tq': 100}
JSON_entry: 1
Matched with first_id: 1 second_id: 1 name: 20230519_0
entry_id:20230519_0, entry saved to results list
created dirs at nodule_detection_path: output/crop979/nodules-last-detected-on/2023-05-19/0/detection and nodule_images_original_path: output/crop979/nodules-last-detected-on/2023-05-19/0
Segmented nodule image saved as output/crop979/nodules-last-detected-on/2023-05-19/0/detection/2023-05-15.jpg
Original nodule image saved as output/crop979/nodules-last-detected-on/2023-05-19/0/2023-05-15.jpg


Done analyzing contours, found 36 nodules.


results_entry: {'date': '20230515', 'json': 'output/crop979/20230515/20230515.json', 'log': 'output/crop979/20230515/crop979_20230515.log', 'image': 'data/crop979/20230515.jpg', 'plot': 'output/crop979/plots/20230512_20230515.png', 'match_stats': {'i_dict': {0: 13, 1: 4, 2: 14}, 'average_tracking_quality': 55.9474, 'distance_threshold': 20, 'lengths': {'matching': 31, 'unmatched_current': 8, 'unmatched_previous': 0}, 'averages': {'tq': -39.4516, 'i': 1.0323, 'dx': -3.4839, 'dy': 4.1613, 'dd': -0.1935, 'da': -5.0645, 'dp': -2.0423, 'de': 0.0142}}}
