Current memory usage: 9018.15234375 MB
@analyze_image: file_name: data/crop1014/20230426.jpg, output_dir: output/crop1014, external_logger: <Logger data_crop1014.log (DEBUG)>
Loaded image & JSON file: data/crop1014/20230426.jpg
Scaled JSON data: scalar_position: 0.5, scalar_size: 0.5

@find_prev_next_date: image_output_dir: output/crop1014/20230426
data_dir: data/crop1014
Previous date file: data/crop1014/20230424.jpg, Next date file: None


Loaded prev_results from JSON file: 20230424, length: 25
Scaled JSON data: scalar_position: 0.5, scalar_size: 0.5
prev_results is not empty, generating matching
Current memory usage: 9018.37109375 MB
current_date:20230426, generating Matching: 20230424_20230426_matching.json
spatial_distances: (14, 25), attribute_distances: (14, 25)
combined_distances: (14, 25)
Current memory usage: 9018.44921875 MB

@find_matching: combined_distances: (14, 25), next_matching: None, current_date_string: 20230426, distance_threshold: 20
next_matching is None
match is None, entry: {'id': '20230426_0', 'p': {'id': 3, 'tq': -111.0, 'dx': 41, 'dy': -36, 'dd': 0, 'da': -13.0, 'dp': -2.83, 'de': 0.24}, 'c': {'id': 0}, 'n': {}, 'i': 0} len(matching): 0
match is None, entry: {'id': '20230426_1', 'p': {'id': 2, 'tq': -248.0, 'dx': 28, 'dy': 5, 'dd': 5, 'da': 162.0, 'dp': 33.8, 'de': 0.11}, 'c': {'id': 1}, 'n': {}, 'i': 0} len(matching): 1
match is None, entry: {'id': '20230426_2', 'p': {'id': 1, 'tq': -4738.0, 'dx': -5, 'dy': 85, 'dd': 29, 'da': 3001.0, 'dp': 391.66, 'de': 0.48}, 'c': {'id': 2}, 'n': {}, 'i': 0} len(matching): 2
match is None, entry: {'id': '20230426_3', 'p': {'id': 4, 'tq': 74.0, 'dx': 0, 'dy': 0, 'dd': 0, 'da': -17.0, 'dp': -2.83, 'de': -0.03}, 'c': {'id': 3}, 'n': {}, 'i': 0} len(matching): 3
match is None, entry: {'id': '20230426_4', 'p': {'id': 5, 'tq': 32.0, 'dx': 0, 'dy': 1, 'dd': 2, 'da': 38.0, 'dp': 20.73, 'de': -0.34}, 'c': {'id': 4}, 'n': {}, 'i': 0} len(matching): 4
match is None, entry: {'id': '20230426_5', 'p': {'id': 10, 'tq': -100.0, 'dx': -42, 'dy': 4, 'dd': -1, 'da': -33.0, 'dp': -10.49, 'de': 0.47}, 'c': {'id': 5}, 'n': {}, 'i': 0} len(matching): 5
match is None, entry: {'id': '20230426_6', 'p': {'id': 14, 'tq': 95.0, 'dx': 0, 'dy': 0, 'dd': 0, 'da': -3.0, 'dp': -0.83, 'de': 0.07}, 'c': {'id': 6}, 'n': {}, 'i': 0} len(matching): 6
match is None, entry: {'id': '20230426_7', 'p': {'id': 13, 'tq': 77.0, 'dx': 0, 'dy': 3, 'dd': 0, 'da': 8.0, 'dp': 3.0, 'de': -0.12}, 'c': {'id': 7}, 'n': {}, 'i': 0} len(matching): 7
match is None, entry: {'id': '20230426_8', 'p': {'id': 19, 'tq': -52.0, 'dx': 24, 'dy': 16, 'dd': -2, 'da': -29.0, 'dp': -17.31, 'de': 0.41}, 'c': {'id': 8}, 'n': {}, 'i': 0} len(matching): 8
match is None, entry: {'id': '20230426_9', 'p': {'id': 20, 'tq': -46.0, 'dx': 3, 'dy': 36, 'dd': 1, 'da': 11.0, 'dp': 7.45, 'de': -0.1}, 'c': {'id': 9}, 'n': {}, 'i': 0} len(matching): 9
match is None, entry: {'id': '20230426_10', 'p': {'id': 21, 'tq': -422.0, 'dx': -44, 'dy': 55, 'dd': 6, 'da': 177.0, 'dp': 47.56, 'de': 0.54}, 'c': {'id': 10}, 'n': {}, 'i': 0} len(matching): 10
match is None, entry: {'id': '20230426_11', 'p': {'id': 17, 'tq': -820.0, 'dx': -34, 'dy': 210, 'dd': 3, 'da': 115.0, 'dp': 19.9, 'de': -0.02}, 'c': {'id': 11}, 'n': {}, 'i': 0} len(matching): 11
match is None, entry: {'id': '20230426_12', 'p': {'id': 24, 'tq': 6.0, 'dx': -1, 'dy': 0, 'dd': 1, 'da': 58.0, 'dp': 17.38, 'de': 0.03}, 'c': {'id': 12}, 'n': {}, 'i': 0} len(matching): 12
match is None, entry: {'id': '20230426_13', 'p': {'id': 23, 'tq': -104.0, 'dx': -24, 'dy': 1, 'dd': -3, 'da': -76.0, 'dp': -23.66, 'de': 0.02}, 'c': {'id': 13}, 'n': {}, 'i': 0} len(matching): 13
i_dict: {0: 14}
tq_average: -454.0714, dx_average: -3.8571, dy_average: 27.1429, dd_average: 2.9286, da_average: 242.7857, dp_average: 34.5379, de_average: 0.1257
average_tracking_quality: 56.8
@find_matching:
Returning:
Matching(lenght=14): [{'id': '20230426_0', 'p': {'id': 3, 'tq': -111.0, 'dx': 41, 'dy': -36, 'dd': 0, 'da': -13.0, 'dp': -2.83, 'de': 0.24}, 'c': {'id': 0}, 'n': {}, 'i': 0}, {'id': '20230426_1', 'p': {'id': 2, 'tq': -248.0, 'dx': 28, 'dy': 5, 'dd': 5, 'da': 162.0, 'dp': 33.8, 'de': 0.11}, 'c': {'id': 1}, 'n': {}, 'i': 0}, {'id': '20230426_2', 'p': {'id': 1, 'tq': -4738.0, 'dx': -5, 'dy': 85, 'dd': 29, 'da': 3001.0, 'dp': 391.66, 'de': 0.48}, 'c': {'id': 2}, 'n': {}, 'i': 0}, {'id': '20230426_3', 'p': {'id': 4, 'tq': 74.0, 'dx': 0, 'dy': 0, 'dd': 0, 'da': -17.0, 'dp': -2.83, 'de': -0.03}, 'c': {'id': 3}, 'n': {}, 'i': 0}, {'id': '20230426_4', 'p': {'id': 5, 'tq': 32.0, 'dx': 0, 'dy': 1, 'dd': 2, 'da': 38.0, 'dp': 20.73, 'de': -0.34}, 'c': {'id': 4}, 'n': {}, 'i': 0}, {'id': '20230426_5', 'p': {'id': 10, 'tq': -100.0, 'dx': -42, 'dy': 4, 'dd': -1, 'da': -33.0, 'dp': -10.49, 'de': 0.47}, 'c': {'id': 5}, 'n': {}, 'i': 0}, {'id': '20230426_6', 'p': {'id': 14, 'tq': 95.0, 'dx': 0, 'dy': 0, 'dd': 0, 'da': -3.0, 'dp': -0.83, 'de': 0.07}, 'c': {'id': 6}, 'n': {}, 'i': 0}, {'id': '20230426_7', 'p': {'id': 13, 'tq': 77.0, 'dx': 0, 'dy': 3, 'dd': 0, 'da': 8.0, 'dp': 3.0, 'de': -0.12}, 'c': {'id': 7}, 'n': {}, 'i': 0}, {'id': '20230426_8', 'p': {'id': 19, 'tq': -52.0, 'dx': 24, 'dy': 16, 'dd': -2, 'da': -29.0, 'dp': -17.31, 'de': 0.41}, 'c': {'id': 8}, 'n': {}, 'i': 0}, {'id': '20230426_9', 'p': {'id': 20, 'tq': -46.0, 'dx': 3, 'dy': 36, 'dd': 1, 'da': 11.0, 'dp': 7.45, 'de': -0.1}, 'c': {'id': 9}, 'n': {}, 'i': 0}, {'id': '20230426_10', 'p': {'id': 21, 'tq': -422.0, 'dx': -44, 'dy': 55, 'dd': 6, 'da': 177.0, 'dp': 47.56, 'de': 0.54}, 'c': {'id': 10}, 'n': {}, 'i': 0}, {'id': '20230426_11', 'p': {'id': 17, 'tq': -820.0, 'dx': -34, 'dy': 210, 'dd': 3, 'da': 115.0, 'dp': 19.9, 'de': -0.02}, 'c': {'id': 11}, 'n': {}, 'i': 0}, {'id': '20230426_12', 'p': {'id': 24, 'tq': 6.0, 'dx': -1, 'dy': 0, 'dd': 1, 'da': 58.0, 'dp': 17.38, 'de': 0.03}, 'c': {'id': 12}, 'n': {}, 'i': 0}, {'id': '20230426_13', 'p': {'id': 23, 'tq': -104.0, 'dx': -24, 'dy': 1, 'dd': -3, 'da': -76.0, 'dp': -23.66, 'de': 0.02}, 'c': {'id': 13}, 'n': {}, 'i': 0}]
Unmatched current(length=0): set()
Unmatched previous(length=11): {0, 6, 7, 8, 9, 11, 12, 15, 16, 18, 22}
Distance threshold: 20



@plot_data: normalized_points: (14, 2), normalized_prev_points: (25, 2), current_points: (14, 2), prev_points: (25, 2), current_data: 14, prev_data: 25, matching: 14, unmatched_current: 0, unmatched_prev: 11, combined_distances: (14, 25), distance_threshold: 20, current_date_string: 20230426, previous_date_string: 20230424, filename: output/crop1014/plots/20230424_20230426.png
Plots created
Plotted the normalized points
Drawing lines between the matched points
Plotting the unmatched points
Plotted the original points with diameter as size
Drawing lines between the matched points and add the indices to the plots with color coding
Setting the titles and labels
Done plotting

@process_image: output_dir: output/crop1014/20230426, image_name: 20230426, date_string: 20230426
len(json_data) = 14 json_data entries
len(matching) = 14 matching entries, setting max_id_i to 14
crop_dir: output/crop1014
nodules_dir: output/crop1014/nodules-last-detected-on
Split image into left and right images: (705, 300, 3), (705, 300, 3)
Converted right image to HSV: (705, 300, 3)
Created mask to detect nodules: (705, 300)

Found 14 contours in mask, processing each contour...

@process_contour: max_id: 20230426_14
Moments: {'m00': 0.0, 'm10': 0.0, 'm01': 0.0, 'm20': 0.0, 'm11': 0.0, 'm02': 0.0, 'm30': 0.0, 'm21': 0.0, 'm12': 0.0, 'm03': 0.0, 'mu20': 0.0, 'mu11': 0.0, 'mu02': 0.0, 'mu30': 0.0, 'mu21': 0.0, 'mu12': 0.0, 'mu03': 0.0, 'nu20': 0.0, 'nu11': 0.0, 'nu02': 0.0, 'nu30': 0.0, 'nu21': 0.0, 'nu12': 0.0, 'nu03': 0.0}
Skipping contour#1 because area is 0.


@process_contour: max_id: 20230426_15
Moments: {'m00': 19.5, 'm10': 5733.833333333333, 'm01': 13709.833333333332, 'm20': 1686161.9166666665, 'm11': 4031270.625, 'm02': 9638956.583333332, 'm30': 495903493.95000005, 'm21': 1185483454.65, 'm12': 2834256347.983333, 'm03': 6776854445.950001, 'mu20': 169.88105413131416, 'mu11': -6.265313389711082, 'mu02': 6.325498577207327, 'mu30': -72.33114421367645, 'mu21': 18.650596606486943, 'mu12': 1.149244413512406, 'mu03': -0.6037721633911133, 'nu20': 0.44676148358005036, 'nu11': -0.016476826797399292, 'nu02': 0.016635104739532745, 'nu30': -0.04307634106327238, 'nu21': 0.011107241136420932, 'nu12': 0.0006844250130383024, 'nu03': -0.0003595725730248815}
Centroid: 294, 703
Processing contour#2: area: 19.5 centroid: 294, 703 rectangle: (288, 702, 12, 3)
@find_dayJSON_match_for_contour: x: 288, y: 702, w: 12, h: 3, area: 19.5
Matched with JSON#12: (294, 703, 6, 140.0, 56.6569, 0.962094)
Match with input JSON(nodules) ID: 12
Matched contour: {'x': 294, 'y': 703, 'd': 6, 'a': 140.0, 'p': 56.6569, 'e': 0.962094, 'id': 12, 'tq': 100}
JSON_entry: 12
Matched with first_id: 12 second_id: 24 name: 20230426_12
entry_id:20230426_12, entry saved to results list
WARNING: right_nodule_img.shape != (50, 50, 3) != (27, 31, 3)
@process_contour: max_id: 20230426_16
Moments: {'m00': 46.0, 'm10': 3945.333333333333, 'm01': 28701.5, 'm20': 338557.6666666666, 'm11': 2461659.25, 'm02': 17908344.166666664, 'm30': 29067289.6, 'm21': 211239137.41666666, 'm12': 1535947045.45, 'm03': 11174043155.75, 'mu20': 173.85990338167176, 'mu11': -14.329710144549608, 'mu02': 168.03079710155725, 'mu30': 13.119568724185228, 'mu21': 11.354337297307211, 'mu12': -11.445741643721703, 'mu03': -8.846288681030273, 'nu20': 0.08216441558680139, 'nu11': -0.006772074737499814, 'nu02': 0.07940963946198357, 'nu30': 0.0009141658207006039, 'nu21': 0.00079116526557537, 'nu12': -0.0007975342805264156, 'nu03': -0.0006164055330066296}
Centroid: 85, 623
Processing contour#3: area: 46.0 centroid: 85, 623 rectangle: (82, 620, 9, 9)
@find_dayJSON_match_for_contour: x: 82, y: 620, w: 9, h: 9, area: 46.0
Matched with JSON#11: (85, 624, 6, 151.0, 43.2132, 0.510553)
Match with input JSON(nodules) ID: 11
Matched contour: {'x': 85, 'y': 624, 'd': 6, 'a': 151.0, 'p': 43.2132, 'e': 0.510553, 'id': 11, 'tq': 100}
JSON_entry: 11
Matched with first_id: 11 second_id: 17 name: 20230426_11
entry_id:20230426_11, entry saved to results list
created dirs at nodule_detection_path: output/crop1014/nodules-last-detected-on/2023-04-26/11/detection and nodule_images_original_path: output/crop1014/nodules-last-detected-on/2023-04-26/11
Segmented nodule image saved as output/crop1014/nodules-last-detected-on/2023-04-26/11/detection/2023-04-26.jpg
Original nodule image saved as output/crop1014/nodules-last-detected-on/2023-04-26/11/2023-04-26.jpg


@process_contour: max_id: 20230426_17
Moments: {'m00': 53.5, 'm10': 11464.333333333332, 'm01': 31453.833333333332, 'm20': 2457206.4166666665, 'm11': 6740096.125, 'm02': 18492516.25, 'm30': 526784135.20000005, 'm21': 1444629207.7333333, 'm12': 3962652560.0666666, 'm03': 10872290962.95, 'mu20': 553.3553997930139, 'mu11': -39.014148492366076, 'mu02': 111.9254932552576, 'mu30': 562.6582753658295, 'mu21': -73.63161017542006, 'mu12': -78.68164495153178, 'mu03': 28.12608528137207, 'nu20': 0.19332881467132984, 'nu11': -0.013630587297533784, 'nu02': 0.039104024196089646, 'nu30': 0.026875729147632015, 'nu21': -0.003517060529309679, 'nu12': -0.003758278641210115, 'nu03': 0.0013434602903758552}
Centroid: 214, 587
Processing contour#4: area: 53.5 centroid: 214, 587 rectangle: (208, 585, 14, 7)
@find_dayJSON_match_for_contour: x: 208, y: 585, w: 14, h: 7, area: 53.5
Matched with JSON#10: (215, 587, 8, 204.0, 64.0416, 0.944307)
Match with input JSON(nodules) ID: 10
Matched contour: {'x': 215, 'y': 587, 'd': 8, 'a': 204.0, 'p': 64.0416, 'e': 0.944307, 'id': 10, 'tq': 100}
JSON_entry: 10
Matched with first_id: 10 second_id: 21 name: 20230426_10
entry_id:20230426_10, entry saved to results list
created dirs at nodule_detection_path: output/crop1014/nodules-last-detected-on/2023-04-26/10/detection and nodule_images_original_path: output/crop1014/nodules-last-detected-on/2023-04-26/10
Segmented nodule image saved as output/crop1014/nodules-last-detected-on/2023-04-26/10/detection/2023-04-26.jpg
Original nodule image saved as output/crop1014/nodules-last-detected-on/2023-04-26/10/2023-04-26.jpg


@process_contour: max_id: 20230426_18
Moments: {'m00': 6.0, 'm10': 189.0, 'm01': 2910.0, 'm20': 5958.0, 'm11': 91665.0, 'm02': 1411352.0, 'm30': 187960.5, 'm21': 2889630.0, 'm12': 44457588.0, 'm03': 684507660.0, 'mu20': 4.5, 'mu11': 0.0, 'mu02': 2.0, 'mu30': 0.0, 'mu21': 0.0, 'mu12': 0.0, 'mu03': 0.0, 'nu20': 0.125, 'nu11': 0.0, 'nu02': 0.05555555555555555, 'nu30': 0.0, 'nu21': 0.0, 'nu12': 0.0, 'nu03': 0.0}
Centroid: 31, 485
Processing contour#5: area: 6.0 centroid: 31, 485 rectangle: (30, 484, 4, 3)
@find_dayJSON_match_for_contour: x: 30, y: 484, w: 4, h: 3, area: 6.0
Matched with JSON#9: (32, 485, 2, 20.0, 15.0711, 0.521468)
Match with input JSON(nodules) ID: 9
Matched contour: {'x': 32, 'y': 485, 'd': 2, 'a': 20.0, 'p': 15.0711, 'e': 0.521468, 'id': 9, 'tq': 100}
JSON_entry: 9
Matched with first_id: 9 second_id: 20 name: 20230426_9
entry_id:20230426_9, entry saved to results list
created dirs at nodule_detection_path: output/crop1014/nodules-last-detected-on/2023-04-26/9/detection and nodule_images_original_path: output/crop1014/nodules-last-detected-on/2023-04-26/9
Segmented nodule image saved as output/crop1014/nodules-last-detected-on/2023-04-26/9/detection/2023-04-26.jpg
Original nodule image saved as output/crop1014/nodules-last-detected-on/2023-04-26/9/2023-04-26.jpg


@process_contour: max_id: 20230426_19
Moments: {'m00': 2.0, 'm10': 120.0, 'm01': 885.0, 'm20': 7200.666666666666, 'm11': 53100.0, 'm02': 391612.6666666666, 'm30': 432120.0, 'm21': 3186295.0, 'm12': 23496760.0, 'm03': 173288752.5, 'mu20': 0.6666666666660603, 'mu11': 0.0, 'mu02': 0.16666666662786156, 'mu30': 1.1641532182693481e-10, 'mu21': 2.6830093702301383e-10, 'mu12': 2.3283064365386963e-09, 'mu03': 5.960464477539063e-08, 'nu20': 0.16666666666651508, 'nu11': 0.0, 'nu02': 0.04166666665696539, 'nu30': 2.0579515874459978e-11, 'nu21': 4.742935299191948e-11, 'nu12': 4.1159031748919954e-10, 'nu03': 1.0536712127723509e-08}
Centroid: 60, 442
Processing contour#6: area: 2.0 centroid: 60, 442 rectangle: (59, 442, 3, 2)
@find_dayJSON_match_for_contour: x: 59, y: 442, w: 3, h: 2, area: 2.0
Matched with JSON#8: (59, 442, 1, 4.0, 2.0, 1.0)
Match with input JSON(nodules) ID: 8
Matched contour: {'x': 59, 'y': 442, 'd': 1, 'a': 4.0, 'p': 2.0, 'e': 1.0, 'id': 8, 'tq': 100}
JSON_entry: 8
Matched with first_id: 8 second_id: 19 name: 20230426_8
entry_id:20230426_8, entry saved to results list
created dirs at nodule_detection_path: output/crop1014/nodules-last-detected-on/2023-04-26/8/detection and nodule_images_original_path: output/crop1014/nodules-last-detected-on/2023-04-26/8
Segmented nodule image saved as output/crop1014/nodules-last-detected-on/2023-04-26/8/detection/2023-04-26.jpg
Original nodule image saved as output/crop1014/nodules-last-detected-on/2023-04-26/8/2023-04-26.jpg


@process_contour: max_id: 20230426_20
Moments: {'m00': 9.0, 'm10': 1975.5, 'm01': 3469.5, 'm20': 433629.0, 'm11': 761555.25, 'm02': 1337499.0, 'm30': 95184528.75, 'm21': 167163979.5, 'm12': 293581030.5, 'm03': 515611068.75, 'mu20': 6.75, 'mu11': 0.0, 'mu02': 6.75, 'mu30': 0.0, 'mu21': 0.0, 'mu12': 0.0, 'mu03': 0.0, 'nu20': 0.08333333333333333, 'nu11': 0.0, 'nu02': 0.08333333333333333, 'nu30': 0.0, 'nu21': 0.0, 'nu12': 0.0, 'nu03': 0.0}
Centroid: 219, 385
Processing contour#7: area: 9.0 centroid: 219, 385 rectangle: (218, 384, 4, 4)
@find_dayJSON_match_for_contour: x: 218, y: 384, w: 4, h: 4, area: 9.0
Matched with JSON#7: (219, 385, 3, 41.0, 22.0711, 0.367059)
Match with input JSON(nodules) ID: 7
Matched contour: {'x': 219, 'y': 385, 'd': 3, 'a': 41.0, 'p': 22.0711, 'e': 0.367059, 'id': 7, 'tq': 100}
JSON_entry: 7
Matched with first_id: 7 second_id: 13 name: 20230426_7
entry_id:20230426_7, entry saved to results list
created dirs at nodule_detection_path: output/crop1014/nodules-last-detected-on/2023-04-26/7/detection and nodule_images_original_path: output/crop1014/nodules-last-detected-on/2023-04-26/7
Segmented nodule image saved as output/crop1014/nodules-last-detected-on/2023-04-26/7/detection/2023-04-26.jpg
Original nodule image saved as output/crop1014/nodules-last-detected-on/2023-04-26/7/2023-04-26.jpg


@process_contour: max_id: 20230426_21
Moments: {'m00': 30.0, 'm10': 7613.0, 'm01': 11522.5, 'm20': 1932012.0, 'm11': 2924026.0, 'm02': 4425663.166666666, 'm30': 490324073.5, 'm21': 742053389.0833334, 'm12': 1123085471.0833333, 'm03': 1699871829.25, 'mu20': 86.36666666669771, 'mu11': -0.41666666651144624, 'mu02': 62.95833333302289, 'mu30': -5.66222220659256, 'mu21': -8.444444466964342, 'mu12': 1.5583332796595641, 'mu03': 5.493056058883667, 'nu20': 0.09596296296299746, 'nu11': -0.0004629629627904958, 'nu02': 0.06995370370335877, 'nu30': -0.0011486395659842303, 'nu21': -0.0017130417482059475, 'nu12': 0.00031612381088168506, 'nu03': 0.0011143224863300039}
Centroid: 253, 384
Processing contour#8: area: 30.0 centroid: 253, 384 rectangle: (250, 381, 8, 7)
@find_dayJSON_match_for_contour: x: 250, y: 381, w: 8, h: 7, area: 30.0
Matched with JSON#6: (253, 384, 6, 117.0, 37.3137, 0.411249)
Match with input JSON(nodules) ID: 6
Matched contour: {'x': 253, 'y': 384, 'd': 6, 'a': 117.0, 'p': 37.3137, 'e': 0.411249, 'id': 6, 'tq': 100}
JSON_entry: 6
Matched with first_id: 6 second_id: 14 name: 20230426_6
entry_id:20230426_6, entry saved to results list
created dirs at nodule_detection_path: output/crop1014/nodules-last-detected-on/2023-04-26/6/detection and nodule_images_original_path: output/crop1014/nodules-last-detected-on/2023-04-26/6
Segmented nodule image saved as output/crop1014/nodules-last-detected-on/2023-04-26/6/detection/2023-04-26.jpg
Original nodule image saved as output/crop1014/nodules-last-detected-on/2023-04-26/6/2023-04-26.jpg


@process_contour: max_id: 20230426_22
Moments: {'m00': 2.0, 'm10': 388.0, 'm01': 625.0, 'm20': 75272.66666666666, 'm11': 121250.0, 'm02': 195312.66666666666, 'm30': 14603156.0, 'm21': 23522708.333333332, 'm12': 37890657.333333336, 'm03': 61035312.5, 'mu20': 0.6666666666569654, 'mu11': 0.0, 'mu02': 0.1666666666569654, 'mu30': 5.587935447692871e-09, 'mu21': 1.7898855730891228e-09, 'mu12': 4.3655745685100555e-09, 'mu03': 7.450580596923828e-09, 'nu20': 0.16666666666424135, 'nu11': 0.0, 'nu02': 0.04166666666424135, 'nu30': 9.87816761974079e-10, 'nu21': 3.1641005656982216e-10, 'nu12': 7.717318452922491e-10, 'nu03': 1.3170890159654386e-09}
Centroid: 194, 312
Processing contour#9: area: 2.0 centroid: 194, 312 rectangle: (193, 312, 3, 2)
@find_dayJSON_match_for_contour: x: 193, y: 312, w: 3, h: 2, area: 2.0
Matched with JSON#5: (194, 312, 2, 16.0, 12.8284, 0.73598)
Match with input JSON(nodules) ID: 5
Matched contour: {'x': 194, 'y': 312, 'd': 2, 'a': 16.0, 'p': 12.8284, 'e': 0.73598, 'id': 5, 'tq': 100}
JSON_entry: 5
Matched with first_id: 5 second_id: 10 name: 20230426_5
entry_id:20230426_5, entry saved to results list
created dirs at nodule_detection_path: output/crop1014/nodules-last-detected-on/2023-04-26/5/detection and nodule_images_original_path: output/crop1014/nodules-last-detected-on/2023-04-26/5
Segmented nodule image saved as output/crop1014/nodules-last-detected-on/2023-04-26/5/detection/2023-04-26.jpg
Original nodule image saved as output/crop1014/nodules-last-detected-on/2023-04-26/5/2023-04-26.jpg


@process_contour: max_id: 20230426_23
Moments: {'m00': 9.0, 'm10': 253.33333333333331, 'm01': 2268.0, 'm20': 7135.166666666666, 'm11': 63840.0, 'm02': 571546.8333333333, 'm30': 201084.6, 'm21': 1798062.0, 'm12': 16087983.533333333, 'm03': 144035262.0, 'mu20': 4.302469135803221, 'mu11': 7.275957614183426e-12, 'mu02': 10.833333333255723, 'mu30': 0.6585276634723414, 'mu21': -1.6370904631912708e-10, 'mu12': -1.4049382714071612, 'mu03': 5.960464477539063e-08, 'nu20': 0.05311690291115088, 'nu11': 8.982663721214106e-14, 'nu02': 0.13374485596612004, 'nu30': 0.0027099903846598407, 'nu21': -6.736997790910579e-13, 'nu12': -0.005781638976984201, 'nu03': 2.4528660401395316e-10}
Centroid: 28, 252
Processing contour#10: area: 9.0 centroid: 28, 252 rectangle: (27, 250, 4, 5)
@find_dayJSON_match_for_contour: x: 27, y: 250, w: 4, h: 5, area: 9.0
Matched with JSON#4: (27, 251, 3, 42.0, 22.7279, 0.655086)
Match with input JSON(nodules) ID: 4
Matched contour: {'x': 27, 'y': 251, 'd': 3, 'a': 42.0, 'p': 22.7279, 'e': 0.655086, 'id': 4, 'tq': 100}
JSON_entry: 4
Matched with first_id: 4 second_id: 5 name: 20230426_4
entry_id:20230426_4, entry saved to results list
created dirs at nodule_detection_path: output/crop1014/nodules-last-detected-on/2023-04-26/4/detection and nodule_images_original_path: output/crop1014/nodules-last-detected-on/2023-04-26/4
Segmented nodule image saved as output/crop1014/nodules-last-detected-on/2023-04-26/4/detection/2023-04-26.jpg
Original nodule image saved as output/crop1014/nodules-last-detected-on/2023-04-26/4/2023-04-26.jpg


@process_contour: max_id: 20230426_24
Moments: {'m00': 18.5, 'm10': 2312.0, 'm01': 4074.0, 'm20': 288964.25, 'm11': 509143.7916666666, 'm02': 897191.9166666666, 'm30': 36119397.1, 'm21': 63635583.71666667, 'm12': 112126465.78333333, 'm03': 197589891.9, 'mu20': 26.736486486450303, 'mu11': 3.8997747747343965, 'mu02': 31.051801801775582, 'mu30': -6.981811530888081, 'mu21': -4.772985137753494, 'mu12': 7.042890197068573, 'mu03': 6.57129293680191, 'nu20': 0.07811975598670652, 'nu11': 0.011394520890385382, 'nu02': 0.09072842016588922, 'nu30': -0.004742843562425768, 'nu21': -0.0032423564763955403, 'nu12': 0.004784335166347488, 'nu03': 0.0044639724610498754}
Centroid: 124, 220
Processing contour#11: area: 18.5 centroid: 124, 220 rectangle: (122, 218, 6, 6)
@find_dayJSON_match_for_contour: x: 122, y: 218, w: 6, h: 6, area: 18.5
Matched with JSON#3: (125, 220, 5, 82.0, 32.1421, 0.441462)
Match with input JSON(nodules) ID: 3
Matched contour: {'x': 125, 'y': 220, 'd': 5, 'a': 82.0, 'p': 32.1421, 'e': 0.441462, 'id': 3, 'tq': 100}
JSON_entry: 3
Matched with first_id: 3 second_id: 4 name: 20230426_3
entry_id:20230426_3, entry saved to results list
created dirs at nodule_detection_path: output/crop1014/nodules-last-detected-on/2023-04-26/3/detection and nodule_images_original_path: output/crop1014/nodules-last-detected-on/2023-04-26/3
Segmented nodule image saved as output/crop1014/nodules-last-detected-on/2023-04-26/3/detection/2023-04-26.jpg
Original nodule image saved as output/crop1014/nodules-last-detected-on/2023-04-26/3/2023-04-26.jpg


@process_contour: max_id: 20230426_25
Moments: {'m00': 791.0, 'm10': 42748.83333333333, 'm01': 107827.83333333333, 'm20': 2333256.0, 'm11': 5914305.333333333, 'm02': 15166326.0, 'm30': 128601492.95, 'm21': 327488552.43333334, 'm12': 843229539.2333333, 'm03': 2193985643.05, 'mu20': 22936.466041579377, 'mu11': 86853.90999438055, 'mu02': 467411.156307064, 'mu30': 23760.717213317752, 'mu21': 35017.99920406379, 'mu12': -99512.99858177826, 'mu03': -896704.2671141624, 'nu20': 0.03665840267097671, 'nu11': 0.13881500316356188, 'nu02': 0.7470438710893635, 'nu30': 0.0013502629055335634, 'nu21': 0.001989986452292317, 'nu12': -0.005655078060020695, 'nu03': -0.05095748997169472}
Centroid: 54, 136
Processing contour#12: area: 791.0 centroid: 54, 136 rectangle: (43, 90, 26, 87)
@find_dayJSON_match_for_contour: x: 43, y: 90, w: 26, h: 87, area: 791.0
Matched with JSON#2: (53, 135, 31, 3024.0, 409.5635, 0.994081)
Match with input JSON(nodules) ID: 2
Matched contour: {'x': 53, 'y': 135, 'd': 31, 'a': 3024.0, 'p': 409.5635, 'e': 0.994081, 'id': 2, 'tq': 100}
JSON_entry: 2
Matched with first_id: 2 second_id: 1 name: 20230426_2
entry_id:20230426_2, entry saved to results list
created dirs at nodule_detection_path: output/crop1014/nodules-last-detected-on/2023-04-26/2/detection and nodule_images_original_path: output/crop1014/nodules-last-detected-on/2023-04-26/2
Segmented nodule image saved as output/crop1014/nodules-last-detected-on/2023-04-26/2/detection/2023-04-26.jpg
Original nodule image saved as output/crop1014/nodules-last-detected-on/2023-04-26/2/2023-04-26.jpg


@process_contour: max_id: 20230426_26
Moments: {'m00': 43.0, 'm10': 4443.333333333333, 'm01': 3325.833333333333, 'm20': 459301.5, 'm11': 343628.9166666666, 'm02': 257391.0, 'm30': 47493638.6, 'm21': 35516255.95, 'm12': 26590781.45, 'm03': 19931833.85, 'mu20': 157.05555555562023, 'mu11': -40.52777777775191, 'mu02': 154.5497416021244, 'mu30': 25.451851844787598, 'mu21': -25.02437553676282, 'mu12': -19.311197247374366, 'mu03': 29.64384752139449, 'nu20': 0.08494080884565723, 'nu11': -0.021918754882505085, 'nu02': 0.0835855822618304, 'nu30': 0.002099173076607558, 'nu21': -0.0020639164374378237, 'nu12': -0.001592714965730406, 'nu03': 0.00244491312394288}
Centroid: 103, 77
Processing contour#13: area: 43.0 centroid: 103, 77 rectangle: (100, 74, 8, 8)
@find_dayJSON_match_for_contour: x: 100, y: 74, w: 8, h: 8, area: 43.0
Matched with JSON#1: (103, 77, 7, 184.0, 49.4558, 0.712645)
Match with input JSON(nodules) ID: 1
Matched contour: {'x': 103, 'y': 77, 'd': 7, 'a': 184.0, 'p': 49.4558, 'e': 0.712645, 'id': 1, 'tq': 100}
JSON_entry: 1
Matched with first_id: 1 second_id: 2 name: 20230426_1
entry_id:20230426_1, entry saved to results list
created dirs at nodule_detection_path: output/crop1014/nodules-last-detected-on/2023-04-26/1/detection and nodule_images_original_path: output/crop1014/nodules-last-detected-on/2023-04-26/1
Segmented nodule image saved as output/crop1014/nodules-last-detected-on/2023-04-26/1/detection/2023-04-26.jpg
Original nodule image saved as output/crop1014/nodules-last-detected-on/2023-04-26/1/2023-04-26.jpg


@process_contour: max_id: 20230426_27
Moments: {'m00': 31.5, 'm10': 7003.166666666666, 'm01': 1642.3333333333333, 'm20': 1557053.9166666665, 'm11': 365137.2083333333, 'm02': 85698.41666666666, 'm30': 346208822.55, 'm21': 81185075.9, 'm12': 19053655.933333334, 'm03': 4475517.2, 'mu20': 90.63536155223846, 'mu11': 9.143077601445839, 'mu02': 71.15388007054571, 'mu30': 11.232905983924866, 'mu21': 8.911699467550534, 'mu12': -5.23962981414661, 'mu03': -9.247099277563393, 'nu20': 0.09134327190953737, 'nu11': 0.00921448989815655, 'nu02': 0.07170962970072634, 'nu30': 0.002017045706592265, 'nu21': 0.001600236410345408, 'nu12': -0.0009408582993467294, 'nu03': -0.0016604627442741745}
Centroid: 222, 52
Processing contour#14: area: 31.5 centroid: 222, 52 rectangle: (219, 49, 8, 7)
@find_dayJSON_match_for_contour: x: 219, y: 49, w: 8, h: 7, area: 31.5
Matched with JSON#0: (222, 52, 5, 96.0, 34.1421, 0.475191)
Match with input JSON(nodules) ID: 0
Matched contour: {'x': 222, 'y': 52, 'd': 5, 'a': 96.0, 'p': 34.1421, 'e': 0.475191, 'id': 0, 'tq': 100}
JSON_entry: 0
Matched with first_id: 0 second_id: 3 name: 20230426_0
entry_id:20230426_0, entry saved to results list
created dirs at nodule_detection_path: output/crop1014/nodules-last-detected-on/2023-04-26/0/detection and nodule_images_original_path: output/crop1014/nodules-last-detected-on/2023-04-26/0
Segmented nodule image saved as output/crop1014/nodules-last-detected-on/2023-04-26/0/detection/2023-04-26.jpg
Original nodule image saved as output/crop1014/nodules-last-detected-on/2023-04-26/0/2023-04-26.jpg


Done analyzing contours, found 13 nodules.


results_entry: {'date': '20230426', 'json': 'output/crop1014/20230426/20230426.json', 'log': 'output/crop1014/20230426/crop1014_20230426.log', 'image': 'data/crop1014/20230426.jpg', 'plot': 'output/crop1014/plots/20230424_20230426.png', 'match_stats': {'i_dict': {0: 14}, 'average_tracking_quality': 56.8, 'distance_threshold': 20, 'lengths': {'matching': 14, 'unmatched_current': 0, 'unmatched_previous': 11}, 'averages': {'tq': -454.0714, 'i': 0.0, 'dx': -3.8571, 'dy': 27.1429, 'dd': 2.9286, 'da': 242.7857, 'dp': 34.5379, 'de': 0.1257}}}
