Current memory usage: 2257.921875 MB
@analyze_image: file_name: data/crop1017/20230503.jpg, output_dir: output/crop1017, external_logger: <Logger data_crop1017.log (DEBUG)>
Loaded image & JSON file: data/crop1017/20230503.jpg
Scaled JSON data: scalar_position: 0.5, scalar_size: 0.5

@find_prev_next_date: image_output_dir: output/crop1017/20230503
data_dir: data/crop1017
Previous date file: data/crop1017/20230501.json, Next date file: data/crop1017/20230505.json


Loaded prev_results from JSON file: 20230501, length: 10
Scaled JSON data: scalar_position: 0.5, scalar_size: 0.5
Loaded next_results from JSON file: 20230505, length: 11
Scaled JSON data: scalar_position: 0.5, scalar_size: 0.5
prev_results is not empty, generating matching
Current memory usage: 2259.15234375 MB
current_date:20230503, generating Matching: 20230501_20230503_matching.json
spatial_distances: (11, 10), attribute_distances: (11, 10)
combined_distances: (11, 10)
Current memory usage: 2259.15234375 MB

@find_matching: combined_distances: (11, 10), next_matching: [{'id': '20230510_3', 'p': {'id': 1, 'tq': 78.0, 'dx': 6, 'dy': -1, 'dd': 0, 'da': 0.0, 'dp': -0.59, 'de': -0.06}, 'c': {'id': 0}, 'n': {'id': 3, 'dx': -4, 'dy': -3, 'dd': 1, 'da': 32.0, 'dp': 6.83, 'de': 0.13}, 'i': 2}, {'id': '20230524_0', 'p': {'id': 2, 'tq': -32.0, 'dx': 1, 'dy': -2, 'dd': 2, 'da': 82.0, 'dp': 13.07, 'de': -0.24}, 'c': {'id': 1}, 'n': {'id': 4, 'dx': -4, 'dy': 3, 'dd': 1, 'da': 35.0, 'dp': 6.0, 'de': -0.13}, 'i': 8}, {'id': '20230519_2', 'p': {'id': 4, 'tq': -644.0, 'dx': 1, 'dy': -196, 'dd': -1, 'da': -38.0, 'dp': -7.41, 'de': -0.2}, 'c': {'id': 2}, 'n': {'id': 7, 'dx': 2, 'dy': 8, 'dd': 0, 'da': 19.0, 'dp': 3.66, 'de': 0.16}, 'i': 6}, {'id': '20230505_3', 'p': {'id': 0, 'tq': -335.0, 'dx': 68, 'dy': 100, 'dd': 1, 'da': 7.0, 'dp': 3.83, 'de': 0.07}, 'c': {'id': 3}, 'n': {}, 'i': 0}, {'id': '20230519_3', 'p': {'id': 5, 'tq': -668.0, 'dx': -38, 'dy': -205, 'dd': 1, 'da': 25.0, 'dp': 6.24, 'de': -0.07}, 'c': {'id': 4}, 'n': {'id': 8, 'dx': -5, 'dy': -1, 'dd': 1, 'da': 34.0, 'dp': 7.07, 'de': -0.12}, 'i': 6}, {'id': '20230508_5', 'p': {'id': 3, 'tq': 14.0, 'dx': 6, 'dy': -2, 'dd': 2, 'da': 41.0, 'dp': 12.49, 'de': -0.33}, 'c': {'id': 5}, 'n': {'id': 12, 'dx': -4, 'dy': 1, 'dd': 0, 'da': 13.0, 'dp': 4.24, 'de': 0.01}, 'i': 1}, {'id': '20230510_30', 'p': {'id': 8, 'tq': -955.0, 'dx': -121, 'dy': -217, 'dd': -3, 'da': -115.0, 'dp': -46.1, 'de': -0.69}, 'c': {'id': 6}, 'n': {'id': 30, 'dx': -13, 'dy': 8, 'dd': 0, 'da': -5.0, 'dp': -0.24, 'de': 0.22}, 'i': 2}, {'id': '20230505_7', 'p': {'id': 6, 'tq': 57.0, 'dx': -7, 'dy': -2, 'dd': -1, 'da': -10.0, 'dp': -5.66, 'de': -0.29}, 'c': {'id': 7}, 'n': {}, 'i': 0}, {'id': '20230505_8', 'p': {'id': 10, 'tq': -335.0, 'dx': 16, 'dy': -71, 'dd': 5, 'da': 114.0, 'dp': 37.94, 'de': -0.41}, 'c': {'id': 8}, 'n': {}, 'i': 0}, {'id': '20230508_10', 'p': {'id': 9, 'tq': -451.0, 'dx': -112, 'dy': -41, 'dd': 3, 'da': 88.0, 'dp': 13.35, 'de': -0.41}, 'c': {'id': 9}, 'n': {'id': 34, 'dx': 2, 'dy': 0, 'dd': -2, 'da': -50.0, 'dp': -9.66, 'de': 0.12}, 'i': 1}, {'id': '20230505_10', 'p': {'id': 7, 'tq': -1.0, 'dx': -26, 'dy': 9, 'dd': 0, 'da': 3.0, 'dp': 0.0, 'de': -0.12}, 'c': {'id': 10}, 'n': {}, 'i': 0}], current_date_string: 20230503, distance_threshold: 20
tq < 0
matched entry: {'id': '20230510_3', 'p': {'id': 1, 'tq': 78.0, 'dx': 6, 'dy': -1, 'dd': 0, 'da': 0.0, 'dp': -0.59, 'de': -0.06}, 'c': {'id': 0}, 'n': {'id': 3, 'dx': -4, 'dy': -3, 'dd': 1, 'da': 32.0, 'dp': 6.83, 'de': 0.13}, 'i': 2}, len(matching): 1
tq < 0
matched entry: {'id': '20230508_5', 'p': {'id': 3, 'tq': 14.0, 'dx': 6, 'dy': -2, 'dd': 2, 'da': 41.0, 'dp': 12.49, 'de': -0.33}, 'c': {'id': 5}, 'n': {'id': 12, 'dx': -4, 'dy': 1, 'dd': 0, 'da': 13.0, 'dp': 4.24, 'de': 0.01}, 'i': 1}, len(matching): 3
tq < 0
tq < 0
matched entry: {'id': '20230505_7', 'p': {'id': 6, 'tq': 57.0, 'dx': -7, 'dy': -2, 'dd': -1, 'da': -10.0, 'dp': -5.66, 'de': -0.29}, 'c': {'id': 7}, 'n': {}, 'i': 0}, len(matching): 6
tq < 0
tq < 0
tq < 0
i_dict: {0: 7, 1: 1, 2: 1, 3: 1}
tq_average: -648.7, dx_average: 73.7, dy_average: 176.0, dd_average: -0.4, da_average: -18.4, dp_average: -0.378, de_average: 0.075
average_tracking_quality: 37.0
@find_matching:
Returning:
Matching(lenght=10): [{'id': '20230503_0', 'p': {'id': 0, 'tq': -16.0, 'dx': 1, 'dy': 2, 'dd': -4, 'da': -68.0, 'dp': -22.73, 'de': -0.08}, 'c': {'id': 0}, 'n': {}, 'i': 0}, {'id': '20230510_3', 'p': {'id': 2, 'tq': 37.0, 'dx': -2, 'dy': -1, 'dd': -1, 'da': -36.0, 'dp': -5.66, 'de': 0.15}, 'c': {'id': 1}, 'n': {'id': 0, 'dx': 6, 'dy': -1, 'dd': 0, 'da': 0.0, 'dp': -0.59, 'de': -0.06}, 'i': 3}, {'id': '20230503_2', 'p': {'id': 1, 'tq': -228.0, 'dx': 31, 'dy': 88, 'dd': 0, 'da': 0.0, 'dp': 1.17, 'de': -0.01}, 'c': {'id': 2}, 'n': {}, 'i': 0}, {'id': '20230508_5', 'p': {'id': 4, 'tq': -382.0, 'dx': 6, 'dy': 137, 'dd': 0, 'da': -1.0, 'dp': -0.41, 'de': 0.13}, 'c': {'id': 3}, 'n': {'id': 5, 'dx': 6, 'dy': -2, 'dd': 2, 'da': 41.0, 'dp': 12.49, 'de': -0.33}, 'i': 2}, {'id': '20230503_4', 'p': {'id': 3, 'tq': -1014.0, 'dx': 49, 'dy': 280, 'dd': -1, 'da': -78.0, 'dp': -13.31, 'de': -0.18}, 'c': {'id': 4}, 'n': {}, 'i': 0}, {'id': '20230503_5', 'p': {'id': 7, 'tq': -238.0, 'dx': 20, 'dy': 79, 'dd': 2, 'da': 32.0, 'dp': 14.07, 'de': -0.34}, 'c': {'id': 5}, 'n': {}, 'i': 0}, {'id': '20230505_7', 'p': {'id': 6, 'tq': -1351.0, 'dx': 146, 'dy': 368, 'dd': -1, 'da': -43.0, 'dp': -8.49, 'de': 0.3}, 'c': {'id': 6}, 'n': {'id': 7, 'dx': -7, 'dy': -2, 'dd': -1, 'da': -10.0, 'dp': -5.66, 'de': -0.29}, 'i': 1}, {'id': '20230503_7', 'p': {'id': 9, 'tq': -479.0, 'dx': 109, 'dy': 115, 'dd': 0, 'da': -16.0, 'dp': -2.0, 'de': -0.11}, 'c': {'id': 7}, 'n': {}, 'i': 0}, {'id': '20230503_8', 'p': {'id': 5, 'tq': -1905.0, 'dx': 166, 'dy': 517, 'dd': 2, 'da': 60.0, 'dp': 35.86, 'de': 0.28}, 'c': {'id': 8}, 'n': {}, 'i': 0}, {'id': '20230503_9', 'p': {'id': 8, 'tq': -911.0, 'dx': 211, 'dy': 175, 'dd': -1, 'da': -34.0, 'dp': -2.28, 'de': 0.61}, 'c': {'id': 9}, 'n': {}, 'i': 0}]
Unmatched current(length=1): {10}
Unmatched previous(length=0): set()
Distance threshold: 20



@plot_data: normalized_points: (11, 2), normalized_prev_points: (10, 2), current_points: (11, 2), prev_points: (10, 2), current_data: 11, prev_data: 10, matching: 10, unmatched_current: 1, unmatched_prev: 0, combined_distances: (11, 10), distance_threshold: 20, current_date_string: 20230503, previous_date_string: 20230501, filename: output/crop1017/plots/20230501_20230503.png
Plots created
Plotted the normalized points
Drawing lines between the matched points
Plotting the unmatched points
Plotted the original points with diameter as size
Drawing lines between the matched points and add the indices to the plots with color coding
Setting the titles and labels
Done plotting

@process_image: output_dir: output/crop1017/20230503, image_name: 20230503, date_string: 20230503
len(json_data) = 11 json_data entries
len(matching) = 10 matching entries, setting max_id_i to 10
crop_dir: output/crop1017
nodules_dir: output/crop1017/nodules-last-detected-on
Split image into left and right images: (705, 300, 3), (705, 300, 3)
Converted right image to HSV: (705, 300, 3)
Created mask to detect nodules: (705, 300)

Found 9 contours in mask, processing each contour...

@process_contour: max_id: 20230503_10
Moments: {'m00': 0.0, 'm10': 0.0, 'm01': 0.0, 'm20': 0.0, 'm11': 0.0, 'm02': 0.0, 'm30': 0.0, 'm21': 0.0, 'm12': 0.0, 'm03': 0.0, 'mu20': 0.0, 'mu11': 0.0, 'mu02': 0.0, 'mu30': 0.0, 'mu21': 0.0, 'mu12': 0.0, 'mu03': 0.0, 'nu20': 0.0, 'nu11': 0.0, 'nu02': 0.0, 'nu30': 0.0, 'nu21': 0.0, 'nu12': 0.0, 'nu03': 0.0}
Skipping contour#1 because area is 0.


@process_contour: max_id: 20230503_11
Moments: {'m00': 26.0, 'm10': 7599.666666666666, 'm01': 18279.166666666664, 'm20': 2221795.0, 'm11': 5342893.25, 'm02': 12851084.5, 'm30': 649682566.9000001, 'm21': 1562013798.95, 'm12': 3756287217.2166667, 'm03': 9034903273.85, 'mu20': 451.4059829064645, 'mu11': -13.427350426092744, 'mu02': 10.114316241815686, 'mu30': -605.0872892141342, 'mu21': 67.51185574143892, 'mu12': 0.9238209050295154, 'mu03': -2.5138931274414062, 'nu20': 0.6677603297432907, 'nu11': -0.01986294441729696, 'nu02': 0.014962006274875277, 'nu30': -0.17554346239928492, 'nu21': 0.01958604175150536, 'nu12': 0.0002680121086601301, 'nu03': -0.00072931213654475}
Centroid: 292, 703
Processing contour#2: area: 26.0 centroid: 292, 703 rectangle: (281, 701, 19, 4)
@find_dayJSON_match_for_contour: x: 281, y: 701, w: 19, h: 4, area: 26.0
Matched with JSON#8: (291, 702, 9, 257.0, 87.8995, 0.979956)
Match with input JSON(nodules) ID: 8
Matched contour: {'x': 291, 'y': 702, 'd': 9, 'a': 257.0, 'p': 87.8995, 'e': 0.979956, 'id': 8, 'tq': 100}
JSON_entry: 8
Matched with first_id: 8 second_id: 5 name: 20230503_8
entry_id:20230503_8, entry saved to results list
WARNING: right_nodule_img.shape != (50, 50, 3) != (27, 33, 3)
@process_contour: max_id: 20230503_12
Moments: {'m00': 56.5, 'm10': 10986.166666666666, 'm01': 37365.33333333333, 'm20': 2136523.083333333, 'm11': 7265544.291666666, 'm02': 24711153.916666664, 'm30': 415558979.05, 'm21': 1412964037.5666666, 'm12': 4805005340.766666, 'm03': 16342592155.7, 'mu20': 313.20673549640924, 'mu11': 26.069444444961846, 'mu02': 213.4722222276032, 'mu30': 31.023891627788544, 'mu21': -33.04632900157594, 'mu12': -33.41237341005035, 'mu03': 12.885181427001953, 'nu20': 0.09811472644573865, 'nu11': 0.00816647958178772, 'nu02': 0.06687202513199254, 'nu30': 0.001292930424419947, 'nu21': -0.0013772161369741878, 'nu12': -0.0013924711526273966, 'nu03': 0.0005369939816389564}
Centroid: 194, 661
Processing contour#3: area: 56.5 centroid: 194, 661 rectangle: (190, 657, 10, 9)
@find_dayJSON_match_for_contour: x: 190, y: 657, w: 10, h: 9, area: 56.5
Matched with JSON#7: (194, 661, 8, 223.0, 53.4558, 0.437557)
Match with input JSON(nodules) ID: 7
Matched contour: {'x': 194, 'y': 661, 'd': 8, 'a': 223.0, 'p': 53.4558, 'e': 0.437557, 'id': 7, 'tq': 100}
JSON_entry: 7
Matched with first_id: 7 second_id: 9 name: 20230503_7
entry_id:20230503_7, entry saved to results list
created dirs at nodule_detection_path: output/crop1017/nodules-last-detected-on/2023-05-03/7/detection and nodule_images_original_path: output/crop1017/nodules-last-detected-on/2023-05-03/7
Segmented nodule image saved as output/crop1017/nodules-last-detected-on/2023-05-03/7/detection/2023-05-03.jpg
Original nodule image saved as output/crop1017/nodules-last-detected-on/2023-05-03/7/2023-05-03.jpg


@process_contour: max_id: 20230503_13
Moments: {'m00': 7.5, 'm10': 1883.3333333333333, 'm01': 2925.333333333333, 'm20': 472935.0833333333, 'm11': 734583.125, 'm02': 1141012.4166666665, 'm30': 118763852.7, 'm21': 184465411.81666666, 'm12': 286520444.48333335, 'm03': 445047427.70000005, 'mu20': 9.157407407474238, 'mu11': -0.5787037035916001, 'mu02': 2.4018518519587815, 'mu30': -0.612757220864296, 'mu21': 0.6174896838560926, 'mu12': 0.18292178110118584, 'mu03': -0.12090528011322021, 'nu20': 0.16279835391065312, 'nu11': -0.010288065841628445, 'nu02': 0.04269958847926723, 'nu30': -0.003977729803159112, 'nu21': 0.004008450712589221, 'nu12': 0.0011874416091039012, 'nu03': -0.0007848598428384175}
Centroid: 251, 390
Processing contour#4: area: 7.5 centroid: 251, 390 rectangle: (249, 389, 5, 3)
@find_dayJSON_match_for_contour: x: 249, y: 389, w: 5, h: 3, area: 7.5
Matched with JSON#5: (250, 390, 3, 43.0, 22.4853, 0.45016)
Match with input JSON(nodules) ID: 5
Matched contour: {'x': 250, 'y': 390, 'd': 3, 'a': 43.0, 'p': 22.4853, 'e': 0.45016, 'id': 5, 'tq': 100}
JSON_entry: 5
Matched with first_id: 5 second_id: 7 name: 20230503_5
entry_id:20230503_5, entry saved to results list
created dirs at nodule_detection_path: output/crop1017/nodules-last-detected-on/2023-05-03/5/detection and nodule_images_original_path: output/crop1017/nodules-last-detected-on/2023-05-03/5
Segmented nodule image saved as output/crop1017/nodules-last-detected-on/2023-05-03/5/detection/2023-05-03.jpg
Original nodule image saved as output/crop1017/nodules-last-detected-on/2023-05-03/5/2023-05-03.jpg


@process_contour: max_id: 20230503_14
Moments: {'m00': 25.5, 'm10': 3904.5, 'm01': 9301.833333333332, 'm20': 597921.25, 'm11': 1424275.2916666665, 'm02': 3393140.583333333, 'm30': 91574775.15, 'm21': 218108532.48333332, 'm12': 519550034.8833333, 'm03': 1237770356.95, 'mu20': 73.39705882349517, 'mu11': 0.45833333348855376, 'mu02': 38.49074074160308, 'mu30': 3.4536332339048386, 'mu21': 7.264379044987436, 'mu12': -1.7561002518878013, 'mu03': -5.859671115875244, 'nu20': 0.11287513852133052, 'nu11': 0.0007048571064798982, 'nu02': 0.05919375738808624, 'nu30': 0.001051782071785763, 'nu21': 0.002212320511386559, 'nu12': -0.000534809180969604, 'nu03': -0.00178452563107582}
Centroid: 153, 364
Processing contour#5: area: 25.5 centroid: 153, 364 rectangle: (150, 362, 8, 6)
@find_dayJSON_match_for_contour: x: 150, y: 362, w: 8, h: 6, area: 25.5
Matched with JSON#4: (153, 364, 6, 118.0, 38.1421, 0.533269)
Match with input JSON(nodules) ID: 4
Matched contour: {'x': 153, 'y': 364, 'd': 6, 'a': 118.0, 'p': 38.1421, 'e': 0.533269, 'id': 4, 'tq': 100}
JSON_entry: 4
Matched with first_id: 4 second_id: 3 name: 20230503_4
entry_id:20230503_4, entry saved to results list
created dirs at nodule_detection_path: output/crop1017/nodules-last-detected-on/2023-05-03/4/detection and nodule_images_original_path: output/crop1017/nodules-last-detected-on/2023-05-03/4
Segmented nodule image saved as output/crop1017/nodules-last-detected-on/2023-05-03/4/detection/2023-05-03.jpg
Original nodule image saved as output/crop1017/nodules-last-detected-on/2023-05-03/4/2023-05-03.jpg


@process_contour: max_id: 20230503_15
Moments: {'m00': 3.0, 'm10': 370.5, 'm01': 679.5, 'm20': 45759.0, 'm11': 83918.25, 'm02': 153907.0, 'm30': 5651792.25, 'm21': 10364413.5, 'm12': 19007514.5, 'm03': 34860048.75, 'mu20': 2.25, 'mu11': 0.0, 'mu02': 0.25, 'mu30': 0.0, 'mu21': 0.0, 'mu12': 0.0, 'mu03': 0.0, 'nu20': 0.25, 'nu11': 0.0, 'nu02': 0.027777777777777776, 'nu30': 0.0, 'nu21': 0.0, 'nu12': 0.0, 'nu03': 0.0}
Centroid: 123, 226
Processing contour#6: area: 3.0 centroid: 123, 226 rectangle: (122, 226, 4, 2)
@find_dayJSON_match_for_contour: x: 122, y: 226, w: 4, h: 2, area: 3.0
Matched with JSON#3: (124, 226, 2, 16.0, 12.8284, 0.860138)
Match with input JSON(nodules) ID: 3
Matched contour: {'x': 124, 'y': 226, 'd': 2, 'a': 16.0, 'p': 12.8284, 'e': 0.860138, 'id': 3, 'tq': 100}
JSON_entry: 3
Matched with first_id: 3 second_id: 4 name: 20230508_5
entry_id:20230508_5, entry saved to results list
created dirs at nodule_detection_path: output/crop1017/nodules-last-detected-on/2023-05-08/5/detection and nodule_images_original_path: output/crop1017/nodules-last-detected-on/2023-05-08/5
Segmented nodule image saved as output/crop1017/nodules-last-detected-on/2023-05-08/5/detection/2023-05-03.jpg
Original nodule image saved as output/crop1017/nodules-last-detected-on/2023-05-08/5/2023-05-03.jpg


@process_contour: max_id: 20230503_16
Moments: {'m00': 15.0, 'm10': 1125.0, 'm01': 2407.5, 'm20': 84390.83333333333, 'm11': 180556.75, 'm02': 386426.3333333333, 'm30': 6331687.5, 'm21': 13543866.25, 'm12': 28980129.25, 'm03': 62028675.75, 'mu20': 15.833333333328483, 'mu11': -5.75, 'mu02': 22.58333333331393, 'mu30': 9.313225746154785e-10, 'mu21': 7.785274647176266e-10, 'mu12': 1.4551915228366852e-09, 'mu03': 7.450580596923828e-09, 'nu20': 0.07037037037034881, 'nu11': -0.025555555555555557, 'nu02': 0.10037037037028414, 'nu30': 1.0687397989430407e-12, 'nu21': 8.933996756789481e-13, 'nu12': 1.6699059358485012e-12, 'nu03': 8.549918391544326e-12}
Centroid: 75, 160
Processing contour#7: area: 15.0 centroid: 75, 160 rectangle: (73, 158, 5, 6)
@find_dayJSON_match_for_contour: x: 73, y: 158, w: 5, h: 6, area: 15.0
Matched with JSON#2: (75, 160, 4, 65.0, 28.7279, 0.522181)
Match with input JSON(nodules) ID: 2
Matched contour: {'x': 75, 'y': 160, 'd': 4, 'a': 65.0, 'p': 28.7279, 'e': 0.522181, 'id': 2, 'tq': 100}
JSON_entry: 2
Matched with first_id: 2 second_id: 1 name: 20230503_2
entry_id:20230503_2, entry saved to results list
created dirs at nodule_detection_path: output/crop1017/nodules-last-detected-on/2023-05-03/2/detection and nodule_images_original_path: output/crop1017/nodules-last-detected-on/2023-05-03/2
Segmented nodule image saved as output/crop1017/nodules-last-detected-on/2023-05-03/2/detection/2023-05-03.jpg
Original nodule image saved as output/crop1017/nodules-last-detected-on/2023-05-03/2/2023-05-03.jpg


@process_contour: max_id: 20230503_17
Moments: {'m00': 15.0, 'm10': 2686.0, 'm01': 1224.5, 'm20': 480990.5, 'm11': 219268.91666666666, 'm02': 99979.66666666666, 'm30': 86135607.0, 'm21': 39265496.083333336, 'm12': 17903318.75, 'm03': 8164882.25, 'mu20': 17.433333333348855, 'mu11': 1.7833333333546761, 'mu02': 19.64999999999418, 'mu30': -1.9911111146211624, 'mu21': -0.40444444789682166, 'mu12': 1.9466666665666708, 'mu03': 0.6044444469735026, 'nu20': 0.07748148148155047, 'nu11': 0.007925925926020783, 'nu02': 0.08733333333330746, 'nu30': -0.0022849007962596293, 'nu21': -0.0004641204773838351, 'nu12': 0.0022338985422903175, 'nu03': 0.0006936306005439786}
Centroid: 179, 81
Processing contour#8: area: 15.0 centroid: 179, 81 rectangle: (177, 79, 5, 6)
@find_dayJSON_match_for_contour: x: 177, y: 79, w: 5, h: 6, area: 15.0
Matched with JSON#1: (179, 81, 5, 93.0, 34.1421, 0.327092)
Match with input JSON(nodules) ID: 1
Matched contour: {'x': 179, 'y': 81, 'd': 5, 'a': 93.0, 'p': 34.1421, 'e': 0.327092, 'id': 1, 'tq': 100}
JSON_entry: 1
Matched with first_id: 1 second_id: 2 name: 20230510_3
entry_id:20230510_3, entry saved to results list
created dirs at nodule_detection_path: output/crop1017/nodules-last-detected-on/2023-05-10/3/detection and nodule_images_original_path: output/crop1017/nodules-last-detected-on/2023-05-10/3
Segmented nodule image saved as output/crop1017/nodules-last-detected-on/2023-05-10/3/detection/2023-05-03.jpg
Original nodule image saved as output/crop1017/nodules-last-detected-on/2023-05-10/3/2023-05-03.jpg


@process_contour: max_id: 20230503_18
Moments: {'m00': 1.5, 'm10': 117.33333333333333, 'm01': 108.83333333333333, 'm20': 9178.416666666666, 'm11': 8513.125, 'm02': 7896.583333333333, 'm30': 718009.7000000001, 'm21': 665935.7333333333, 'm12': 617679.5666666667, 'm03': 572958.4500000001, 'mu20': 0.3425925925930642, 'mu11': -0.060185185182490386, 'mu02': 0.12037037037134724, 'mu30': -0.04485596693120897, 'mu21': 0.028600822655388214, 'mu12': 0.003909464841450827, 'mu03': -0.007818929967470467, 'nu20': 0.1522633744858063, 'nu11': -0.026748971192217946, 'nu02': 0.053497942387265435, 'nu30': -0.016277663837128562, 'nu21': 0.01037887729326432, 'nu12': 0.0014186954116896689, 'nu03': -0.0028373909266457657}
Centroid: 78, 72
Processing contour#9: area: 1.5 centroid: 78, 72 rectangle: (77, 72, 3, 2)
@find_dayJSON_match_for_contour: x: 77, y: 72, w: 3, h: 2, area: 1.5
Matched with JSON#0: (77, 72, 1, 11.0, 9.6569, 0.49793)
Match with input JSON(nodules) ID: 0
Matched contour: {'x': 77, 'y': 72, 'd': 1, 'a': 11.0, 'p': 9.6569, 'e': 0.49793, 'id': 0, 'tq': 100}
JSON_entry: 0
Matched with first_id: 0 second_id: 0 name: 20230503_0
entry_id:20230503_0, entry saved to results list
created dirs at nodule_detection_path: output/crop1017/nodules-last-detected-on/2023-05-03/0/detection and nodule_images_original_path: output/crop1017/nodules-last-detected-on/2023-05-03/0
Segmented nodule image saved as output/crop1017/nodules-last-detected-on/2023-05-03/0/detection/2023-05-03.jpg
Original nodule image saved as output/crop1017/nodules-last-detected-on/2023-05-03/0/2023-05-03.jpg


Done analyzing contours, found 8 nodules.


results_entry: {'date': '20230503', 'json': 'output/crop1017/20230503/20230503.json', 'log': 'output/crop1017/20230503/crop1017_20230503.log', 'image': 'data/crop1017/20230503.jpg', 'plot': 'output/crop1017/plots/20230501_20230503.png', 'match_stats': {'i_dict': {0: 7, 1: 1, 2: 1, 3: 1}, 'average_tracking_quality': 37.0, 'distance_threshold': 20, 'lengths': {'matching': 10, 'unmatched_current': 1, 'unmatched_previous': 0}, 'averages': {'tq': -648.7, 'i': 0.6, 'dx': 73.7, 'dy': 176.0, 'dd': -0.4, 'da': -18.4, 'dp': -0.378, 'de': 0.075}}}
