Current memory usage: 3791.8125 MB
@analyze_image: file_name: data/crop978/20230503.jpg, output_dir: output/crop978, external_logger: <Logger data_crop978.log (DEBUG)>
Loaded image & JSON file: data/crop978/20230503.jpg
Scaled JSON data: scalar_position: 0.5, scalar_size: 0.5

@find_prev_next_date: image_output_dir: output/crop978/20230503
data_dir: data/crop978
Previous date file: data/crop978/20230501.json, Next date file: data/crop978/20230505.json


Loaded prev_results from JSON file: 20230501, length: 21
Scaled JSON data: scalar_position: 0.5, scalar_size: 0.5
Loaded next_results from JSON file: 20230505, length: 24
Scaled JSON data: scalar_position: 0.5, scalar_size: 0.5
prev_results is not empty, generating matching
Current memory usage: 3781.10546875 MB
current_date:20230503, generating Matching: 20230501_20230503_matching.json
spatial_distances: (16, 21), attribute_distances: (16, 21)
combined_distances: (16, 21)
Current memory usage: 3779.11328125 MB

@find_matching: combined_distances: (16, 21), next_matching: [{'id': '20230512_20', 'p': {'id': 0, 'tq': 52.0, 'dx': 9, 'dy': 8, 'dd': 0, 'da': 4.0, 'dp': 0.59, 'de': -0.03}, 'c': {'id': 4}, 'n': {'id': 9, 'dx': 1, 'dy': 1, 'dd': 2, 'da': 50.0, 'dp': 10.24, 'de': -0.08}, 'i': 3}, {'id': '20230505_1', 'p': {'id': 1, 'tq': 48.0, 'dx': 1, 'dy': 4, 'dd': 1, 'da': 24.0, 'dp': 6.24, 'de': 0.06}, 'c': {'id': 7}, 'n': {}, 'i': 0}, {'id': '20230505_2', 'p': {'id': 2, 'tq': -106.0, 'dx': -33, 'dy': -10, 'dd': -3, 'da': -53.0, 'dp': -19.66, 'de': 0.27}, 'c': {'id': 9}, 'n': {}, 'i': 0}, {'id': '20230505_3', 'p': {'id': 3, 'tq': -48.0, 'dx': 0, 'dy': -2, 'dd': -3, 'da': -92.0, 'dp': -20.49, 'de': 0.25}, 'c': {'id': 10}, 'n': {}, 'i': 0}, {'id': '20230510_45', 'p': {'id': 6, 'tq': -29.0, 'dx': -12, 'dy': -33, 'dd': -1, 'da': -4.0, 'dp': -1.41, 'de': -0.05}, 'c': {'id': 11}, 'n': {'id': 45, 'dx': -8, 'dy': 8, 'dd': -1, 'da': -27.0, 'dp': -9.66, 'de': 0.32}, 'i': 2}, {'id': '20230505_5', 'p': {'id': 5, 'tq': -93.0, 'dx': -40, 'dy': -1, 'dd': -2, 'da': -34.0, 'dp': -9.66, 'de': 0.16}, 'c': {'id': 12}, 'n': {}, 'i': 0}, {'id': '20230508_18', 'p': {'id': 7, 'tq': -158.0, 'dx': 14, 'dy': -33, 'dd': 3, 'da': 85.0, 'dp': 24.28, 'de': -0.06}, 'c': {'id': 13}, 'n': {'id': 47, 'dx': -13, 'dy': 4, 'dd': 0, 'da': 9.0, 'dp': -0.38, 'de': -0.19}, 'i': 1}, {'id': '20230505_7', 'p': {'id': 4, 'tq': -151.0, 'dx': 37, 'dy': 40, 'dd': -1, 'da': -40.0, 'dp': -6.0, 'de': -0.11}, 'c': {'id': 14}, 'n': {}, 'i': 0}, {'id': '20230505_8', 'p': {'id': 9, 'tq': -652.0, 'dx': -13, 'dy': -36, 'dd': -5, 'da': -409.0, 'dp': -48.63, 'de': -0.17}, 'c': {'id': 16}, 'n': {}, 'i': 0}, {'id': '20230505_9', 'p': {'id': 13, 'tq': -243.0, 'dx': -42, 'dy': -67, 'dd': -1, 'da': -44.0, 'dp': 1.17, 'de': 0.44}, 'c': {'id': 17}, 'n': {}, 'i': 0}, {'id': '20230505_10', 'p': {'id': 11, 'tq': -472.0, 'dx': 148, 'dy': -50, 'dd': 1, 'da': 15.0, 'dp': 6.79, 'de': 0.11}, 'c': {'id': 18}, 'n': {}, 'i': 0}, {'id': '20230505_11', 'p': {'id': 10, 'tq': -144.0, 'dx': 50, 'dy': -39, 'dd': 1, 'da': 14.0, 'dp': 3.17, 'de': 0.1}, 'c': {'id': 19}, 'n': {}, 'i': 0}, {'id': '20230505_12', 'p': {'id': 12, 'tq': 19.0, 'dx': -17, 'dy': 1, 'dd': 0, 'da': -14.0, 'dp': -1.41, 'de': 0.14}, 'c': {'id': 20}, 'n': {}, 'i': 0}, {'id': '20230505_13', 'p': {'id': 8, 'tq': -109.0, 'dx': -6, 'dy': 35, 'dd': 2, 'da': 55.0, 'dp': 11.45, 'de': -0.07}, 'c': {'id': 21}, 'n': {}, 'i': 0}, {'id': '20230505_14', 'p': {'id': 15, 'tq': -134.0, 'dx': -41, 'dy': -26, 'dd': 2, 'da': 40.0, 'dp': 15.66, 'de': -0.22}, 'c': {'id': 22}, 'n': {}, 'i': 0}, {'id': '20230508_22', 'p': {'id': 14, 'tq': 75.0, 'dx': -2, 'dy': 3, 'dd': 0, 'da': -8.0, 'dp': -2.0, 'de': -0.22}, 'c': {'id': 23}, 'n': {'id': 51, 'dx': -9, 'dy': -8, 'dd': 0, 'da': 22.0, 'dp': 4.0, 'de': -0.12}, 'i': 1}], current_date_string: 20230503, distance_threshold: 20
matched entry: {'id': '20230512_20', 'p': {'id': 0, 'tq': 52.0, 'dx': 9, 'dy': 8, 'dd': 0, 'da': 4.0, 'dp': 0.59, 'de': -0.03}, 'c': {'id': 4}, 'n': {'id': 9, 'dx': 1, 'dy': 1, 'dd': 2, 'da': 50.0, 'dp': 10.24, 'de': -0.08}, 'i': 3}, len(matching): 0
matched entry: {'id': '20230505_1', 'p': {'id': 1, 'tq': 48.0, 'dx': 1, 'dy': 4, 'dd': 1, 'da': 24.0, 'dp': 6.24, 'de': 0.06}, 'c': {'id': 7}, 'n': {}, 'i': 0}, len(matching): 1
tq < 0
tq < 0
tq < 0
tq < 0
tq < 0
tq < 0
tq < 0
tq < 0
tq < 0
tq < 0
matched entry: {'id': '20230505_12', 'p': {'id': 12, 'tq': 19.0, 'dx': -17, 'dy': 1, 'dd': 0, 'da': -14.0, 'dp': -1.41, 'de': 0.14}, 'c': {'id': 20}, 'n': {}, 'i': 0}, len(matching): 12
tq < 0
matched entry: {'id': '20230508_22', 'p': {'id': 14, 'tq': 75.0, 'dx': -2, 'dy': 3, 'dd': 0, 'da': -8.0, 'dp': -2.0, 'de': -0.22}, 'c': {'id': 23}, 'n': {'id': 51, 'dx': -9, 'dy': -8, 'dd': 0, 'da': 22.0, 'dp': 4.0, 'de': -0.12}, 'i': 1}, len(matching): 14
tq < 0
i_dict: {0: 12, 1: 2, 2: 1, 4: 1}
tq_average: -276.875, dx_average: -20.375, dy_average: 48.1875, dd_average: 0.4375, da_average: 29.1875, dp_average: 3.34, de_average: 0.02
average_tracking_quality: 11.0
@find_matching:
Returning:
Matching(lenght=16): [{'id': '20230512_20', 'p': {'id': 2, 'tq': 21.0, 'dx': 13, 'dy': -4, 'dd': 1, 'da': 20.0, 'dp': 4.83, 'de': 0.19}, 'c': {'id': 0}, 'n': {'id': 4, 'dx': 9, 'dy': 8, 'dd': 0, 'da': 4.0, 'dp': 0.59, 'de': -0.03}, 'i': 4}, {'id': '20230505_1', 'p': {'id': 5, 'tq': 1.0, 'dx': 13, 'dy': 9, 'dd': -1, 'da': -28.0, 'dp': -7.41, 'de': 0.16}, 'c': {'id': 1}, 'n': {'id': 7, 'dx': 1, 'dy': 4, 'dd': 1, 'da': 24.0, 'dp': 6.24, 'de': 0.06}, 'i': 1}, {'id': '20230503_2', 'p': {'id': 9, 'tq': -325.0, 'dx': -105, 'dy': -36, 'dd': 1, 'da': 24.0, 'dp': 4.59, 'de': -0.28}, 'c': {'id': 2}, 'n': {}, 'i': 0}, {'id': '20230503_3', 'p': {'id': 8, 'tq': -23.0, 'dx': -1, 'dy': -3, 'dd': -1, 'da': -74.0, 'dp': -10.83, 'de': 0.04}, 'c': {'id': 3}, 'n': {}, 'i': 0}, {'id': '20230503_4', 'p': {'id': 7, 'tq': -119.0, 'dx': 20, 'dy': 58, 'dd': 0, 'da': -3.0, 'dp': -0.24, 'de': 0.15}, 'c': {'id': 4}, 'n': {}, 'i': 0}, {'id': '20230503_5', 'p': {'id': 11, 'tq': -12.0, 'dx': 3, 'dy': -4, 'dd': 3, 'da': 60.0, 'dp': 17.9, 'de': -0.16}, 'c': {'id': 5}, 'n': {}, 'i': 0}, {'id': '20230503_6', 'p': {'id': 13, 'tq': -20.0, 'dx': 23, 'dy': 6, 'dd': 0, 'da': -24.0, 'dp': -5.41, 'de': -0.02}, 'c': {'id': 6}, 'n': {}, 'i': 0}, {'id': '20230503_7', 'p': {'id': 12, 'tq': -207.0, 'dx': -43, 'dy': 27, 'dd': -3, 'da': -83.0, 'dp': -22.49, 'de': 0.09}, 'c': {'id': 7}, 'n': {}, 'i': 0}, {'id': '20230503_8', 'p': {'id': 16, 'tq': -288.0, 'dx': 15, 'dy': 103, 'dd': -1, 'da': -16.0, 'dp': -0.38, 'de': 0.38}, 'c': {'id': 8}, 'n': {}, 'i': 0}, {'id': '20230503_9', 'p': {'id': 19, 'tq': -936.0, 'dx': -76, 'dy': -70, 'dd': 6, 'da': 447.0, 'dp': 48.11, 'de': -0.02}, 'c': {'id': 9}, 'n': {}, 'i': 0}, {'id': '20230503_10', 'p': {'id': 14, 'tq': -647.0, 'dx': -64, 'dy': 189, 'dd': 1, 'da': 31.0, 'dp': 9.07, 'de': -0.02}, 'c': {'id': 10}, 'n': {}, 'i': 0}, {'id': '20230503_11', 'p': {'id': 17, 'tq': -149.0, 'dx': -15, 'dy': 63, 'dd': -1, 'da': -14.0, 'dp': -5.17, 'de': 0.06}, 'c': {'id': 11}, 'n': {}, 'i': 0}, {'id': '20230505_12', 'p': {'id': 10, 'tq': -866.0, 'dx': -77, 'dy': 264, 'dd': 0, 'da': -1.0, 'dp': -2.24, 'de': -0.23}, 'c': {'id': 12}, 'n': {'id': 20, 'dx': -17, 'dy': 1, 'dd': 0, 'da': -14.0, 'dp': -1.41, 'de': 0.14}, 'i': 1}, {'id': '20230503_13', 'p': {'id': 18, 'tq': -136.0, 'dx': -12, 'dy': -4, 'dd': 3, 'da': 125.0, 'dp': 25.31, 'de': 0.05}, 'c': {'id': 13}, 'n': {}, 'i': 0}, {'id': '20230508_22', 'p': {'id': 15, 'tq': -599.0, 'dx': 38, 'dy': 192, 'dd': 0, 'da': 9.0, 'dp': 2.59, 'de': 0.29}, 'c': {'id': 14}, 'n': {'id': 23, 'dx': -2, 'dy': 3, 'dd': 0, 'da': -8.0, 'dp': -2.0, 'de': -0.22}, 'i': 2}, {'id': '20230503_15', 'p': {'id': 20, 'tq': -125.0, 'dx': -58, 'dy': -19, 'dd': -1, 'da': -6.0, 'dp': -4.79, 'de': -0.36}, 'c': {'id': 15}, 'n': {}, 'i': 0}]
Unmatched current(length=0): set()
Unmatched previous(length=5): {0, 1, 3, 4, 6}
Distance threshold: 20



@plot_data: normalized_points: (16, 2), normalized_prev_points: (21, 2), current_points: (16, 2), prev_points: (21, 2), current_data: 16, prev_data: 21, matching: 16, unmatched_current: 0, unmatched_prev: 5, combined_distances: (16, 21), distance_threshold: 20, current_date_string: 20230503, previous_date_string: 20230501, filename: output/crop978/plots/20230501_20230503.png
Plots created
Plotted the normalized points
Drawing lines between the matched points
Plotting the unmatched points
Plotted the original points with diameter as size
Drawing lines between the matched points and add the indices to the plots with color coding
Setting the titles and labels
Done plotting

@process_image: output_dir: output/crop978/20230503, image_name: 20230503, date_string: 20230503
len(json_data) = 16 json_data entries
len(matching) = 16 matching entries, setting max_id_i to 16
crop_dir: output/crop978
nodules_dir: output/crop978/nodules-last-detected-on
Split image into left and right images: (705, 300, 3), (705, 300, 3)
Converted right image to HSV: (705, 300, 3)
Created mask to detect nodules: (705, 300)

Found 13 contours in mask, processing each contour...

@process_contour: max_id: 20230503_16
Moments: {'m00': 22.0, 'm10': 3115.833333333333, 'm01': 14662.5, 'm20': 441333.8333333333, 'm11': 2076624.9166666665, 'm02': 9772261.166666666, 'm30': 62517517.85, 'm21': 294136933.0, 'm12': 1384023921.7, 'm03': 6513040832.25, 'mu20': 42.13510101014981, 'mu11': -7.185606060549617, 'mu02': 38.155303029343486, 'mu30': 6.898534581065178, 'mu21': -1.2249196922275587, 'mu12': -4.083688986699599, 'mu03': 2.2267580032348633, 'nu20': 0.08705599382262358, 'nu11': -0.014846293513532267, 'nu02': 0.07883327072178406, 'nu30': 0.0030387861869567087, 'nu21': -0.0005395738757458872, 'nu12': -0.0017988541680534534, 'nu03': 0.0009808809947112842}
Centroid: 141, 666
Processing contour#1: area: 22.0 centroid: 141, 666 rectangle: (139, 664, 7, 6)
@find_dayJSON_match_for_contour: x: 139, y: 664, w: 7, h: 6, area: 22.0
Matched with JSON#14: (141, 666, 5, 88.0, 33.5563, 0.647515)
Match with input JSON(nodules) ID: 14
Matched contour: {'x': 141, 'y': 666, 'd': 5, 'a': 88.0, 'p': 33.5563, 'e': 0.647515, 'id': 14, 'tq': 100}
JSON_entry: 14
Matched with first_id: 14 second_id: 15 name: 20230508_22
entry_id:20230508_22, entry saved to results list
created dirs at nodule_detection_path: output/crop978/nodules-last-detected-on/2023-05-08/22/detection and nodule_images_original_path: output/crop978/nodules-last-detected-on/2023-05-08/22
Segmented nodule image saved as output/crop978/nodules-last-detected-on/2023-05-08/22/detection/2023-05-03.jpg
Original nodule image saved as output/crop978/nodules-last-detected-on/2023-05-08/22/2023-05-03.jpg


@process_contour: max_id: 20230503_17
Moments: {'m00': 52.5, 'm10': 7953.166666666666, 'm01': 34858.666666666664, 'm20': 1205003.75, 'm11': 5280697.125, 'm02': 23145539.583333332, 'm30': 182601465.55, 'm21': 800090878.8333334, 'm12': 3506287337.7666664, 'm03': 15368409212.5, 'mu20': 187.36851851874962, 'mu11': -3.5564814815297723, 'mu02': 270.2161375656724, 'mu30': 17.85818925499916, 'mu21': 69.6380306565552, 'mu12': -13.619535847006773, 'mu03': -80.9112434387207, 'nu20': 0.06797950785260759, 'nu11': -0.001290333417335065, 'nu02': 0.09803760093085621, 'nu30': 0.0008942092594715732, 'nu21': 0.0034869700917199665, 'nu12': -0.0006819680814329597, 'nu03': -0.004051451244308477}
Centroid: 151, 663
Processing contour#2: area: 52.5 centroid: 151, 663 rectangle: (148, 659, 9, 10)
@find_dayJSON_match_for_contour: x: 148, y: 659, w: 9, h: 10, area: 52.5
Matched with JSON#13: (151, 664, 8, 238.0, 62.2843, 0.502484)
Match with input JSON(nodules) ID: 13
Matched contour: {'x': 151, 'y': 664, 'd': 8, 'a': 238.0, 'p': 62.2843, 'e': 0.502484, 'id': 13, 'tq': 100}
JSON_entry: 13
Matched with first_id: 13 second_id: 18 name: 20230503_13
entry_id:20230503_13, entry saved to results list
created dirs at nodule_detection_path: output/crop978/nodules-last-detected-on/2023-05-03/13/detection and nodule_images_original_path: output/crop978/nodules-last-detected-on/2023-05-03/13
Segmented nodule image saved as output/crop978/nodules-last-detected-on/2023-05-03/13/detection/2023-05-03.jpg
Original nodule image saved as output/crop978/nodules-last-detected-on/2023-05-03/13/2023-05-03.jpg


@process_contour: max_id: 20230503_18
Moments: {'m00': 34.0, 'm10': 5848.0, 'm01': 22117.0, 'm20': 1005936.6666666666, 'm11': 3804124.0, 'm02': 14387214.0, 'm30': 173048856.0, 'm21': 654361801.6666666, 'm12': 2474600808.0, 'm03': 9359019962.5, 'mu20': 80.66666666662786, 'mu11': 0.0, 'mu02': 105.5, 'mu30': 2.9802322387695312e-08, 'mu21': -1.4493707567453384e-08, 'mu12': 0.0, 'mu03': 0.0, 'nu20': 0.06978085351784417, 'nu11': 0.0, 'nu02': 0.09126297577854671, 'nu30': 4.421328826514414e-12, 'nu21': -2.1502165582072054e-12, 'nu12': 0.0, 'nu03': 0.0}
Centroid: 172, 650
Processing contour#3: area: 34.0 centroid: 172, 650 rectangle: (169, 647, 7, 8)
@find_dayJSON_match_for_contour: x: 169, y: 647, w: 7, h: 8, area: 34.0
Matched with JSON#12: (172, 650, 5, 101.0, 34.1421, 0.278283)
Match with input JSON(nodules) ID: 12
Matched contour: {'x': 172, 'y': 650, 'd': 5, 'a': 101.0, 'p': 34.1421, 'e': 0.278283, 'id': 12, 'tq': 100}
JSON_entry: 12
Matched with first_id: 12 second_id: 10 name: 20230505_12
entry_id:20230505_12, entry saved to results list
created dirs at nodule_detection_path: output/crop978/nodules-last-detected-on/2023-05-05/12/detection and nodule_images_original_path: output/crop978/nodules-last-detected-on/2023-05-05/12
Segmented nodule image saved as output/crop978/nodules-last-detected-on/2023-05-05/12/detection/2023-05-03.jpg
Original nodule image saved as output/crop978/nodules-last-detected-on/2023-05-05/12/2023-05-03.jpg


@process_contour: max_id: 20230503_19
Moments: {'m00': 18.5, 'm10': 2478.5, 'm01': 11780.5, 'm20': 332078.75, 'm11': 1578264.7083333333, 'm02': 7501662.416666666, 'm30': 44496734.35, 'm21': 211461322.78333333, 'm12': 1005015056.6166667, 'm03': 4776976518.35, 'mu20': 26.73648648650851, 'mu11': -3.89977477514185, 'mu02': 31.051801800727844, 'mu30': -6.981811545789242, 'mu21': 4.772985239625996, 'mu12': 7.042890506822005, 'mu03': -6.571290969848633, 'nu20': 0.0781197559868766, 'nu11': -0.011394520891575896, 'nu02': 0.09072842016282791, 'nu30': -0.004742843572548339, 'nu21': 0.003242356545598975, 'nu12': 0.004784335376767385, 'nu03': -0.004463971124870626}
Centroid: 133, 636
Processing contour#4: area: 18.5 centroid: 133, 636 rectangle: (131, 634, 6, 6)
@find_dayJSON_match_for_contour: x: 131, y: 634, w: 6, h: 6, area: 18.5
Matched with JSON#10: (134, 637, 4, 66.0, 28.1421, 0.453286)
Match with input JSON(nodules) ID: 10
Matched contour: {'x': 134, 'y': 637, 'd': 4, 'a': 66.0, 'p': 28.1421, 'e': 0.453286, 'id': 10, 'tq': 100}
JSON_entry: 10
Matched with first_id: 10 second_id: 14 name: 20230503_10
entry_id:20230503_10, entry saved to results list
created dirs at nodule_detection_path: output/crop978/nodules-last-detected-on/2023-05-03/10/detection and nodule_images_original_path: output/crop978/nodules-last-detected-on/2023-05-03/10
Segmented nodule image saved as output/crop978/nodules-last-detected-on/2023-05-03/10/detection/2023-05-03.jpg
Original nodule image saved as output/crop978/nodules-last-detected-on/2023-05-03/10/2023-05-03.jpg


@process_contour: max_id: 20230503_20
Moments: {'m00': 165.0, 'm10': 36140.666666666664, 'm01': 104415.66666666666, 'm20': 7917300.833333333, 'm11': 22869962.583333332, 'm02': 66080835.83333333, 'm30': 1734709413.4, 'm21': 5009957782.633333, 'm12': 14473145550.466667, 'm03': 41822837310.9, 'mu20': 1253.6387205393985, 'mu11': -654.4092592597008, 'mu02': 4281.618518523872, 'mu30': -556.2694609165192, 'mu21': 551.4863611544715, 'mu12': 1309.5632402611664, 'mu03': -3074.1430435180664, 'nu20': 0.046047335924312156, 'nu11': -0.024037071047188274, 'nu02': 0.15726789783375103, 'nu30': -0.0015906526648037087, 'nu21': 0.00157697538981905, 'nu12': 0.00374469641820408, 'nu03': -0.00879051281388542}
Centroid: 219, 632
Processing contour#5: area: 165.0 centroid: 219, 632 rectangle: (213, 622, 12, 21)
@find_dayJSON_match_for_contour: x: 213, y: 622, w: 12, h: 21, area: 165.0
Matched with JSON#9: (219, 632, 13, 612.0, 102.4264, 0.868451)
Match with input JSON(nodules) ID: 9
Matched contour: {'x': 219, 'y': 632, 'd': 13, 'a': 612.0, 'p': 102.4264, 'e': 0.868451, 'id': 9, 'tq': 100}
JSON_entry: 9
Matched with first_id: 9 second_id: 19 name: 20230503_9
entry_id:20230503_9, entry saved to results list
created dirs at nodule_detection_path: output/crop978/nodules-last-detected-on/2023-05-03/9/detection and nodule_images_original_path: output/crop978/nodules-last-detected-on/2023-05-03/9
Segmented nodule image saved as output/crop978/nodules-last-detected-on/2023-05-03/9/detection/2023-05-03.jpg
Original nodule image saved as output/crop978/nodules-last-detected-on/2023-05-03/9/2023-05-03.jpg


@process_contour: max_id: 20230503_21
Moments: {'m00': 2.5, 'm10': 74.33333333333333, 'm01': 1141.3333333333333, 'm20': 2211.583333333333, 'm11': 33935.541666666664, 'm02': 521056.9166666666, 'm30': 65841.2, 'm21': 1009655.4833333333, 'm12': 15492665.15, 'm03': 237880038.70000002, 'mu20': 1.405555555555111, 'mu11': -0.10277777777810115, 'mu02': 0.20555555558530614, 'mu30': -0.12814814811281394, 'mu21': 0.08407407430161129, 'mu12': 0.004074075841344893, 'mu03': -0.008148133754730225, 'nu20': 0.22488888888881778, 'nu11': -0.01644444444449619, 'nu02': 0.032888888893648986, 'nu30': -0.012967680831011208, 'nu21': 0.0085076981428263, 'nu12': 0.00041226748860533286, 'nu03': -0.0008245331630287133}
Centroid: 29, 456
Processing contour#6: area: 2.5 centroid: 29, 456 rectangle: (28, 456, 4, 2)
@find_dayJSON_match_for_contour: x: 28, y: 456, w: 4, h: 2, area: 2.5
Matched with JSON#7: (29, 456, 2, 14.0, 11.6569, 0.6742)
Match with input JSON(nodules) ID: 7
Matched contour: {'x': 29, 'y': 456, 'd': 2, 'a': 14.0, 'p': 11.6569, 'e': 0.6742, 'id': 7, 'tq': 100}
JSON_entry: 7
Matched with first_id: 7 second_id: 12 name: 20230503_7
entry_id:20230503_7, entry saved to results list
created dirs at nodule_detection_path: output/crop978/nodules-last-detected-on/2023-05-03/7/detection and nodule_images_original_path: output/crop978/nodules-last-detected-on/2023-05-03/7
Segmented nodule image saved as output/crop978/nodules-last-detected-on/2023-05-03/7/detection/2023-05-03.jpg
Original nodule image saved as output/crop978/nodules-last-detected-on/2023-05-03/7/2023-05-03.jpg


@process_contour: max_id: 20230503_22
Moments: {'m00': 13.5, 'm10': 3645.1666666666665, 'm01': 5874.833333333333, 'm20': 984255.9166666666, 'm11': 1586274.7083333333, 'm02': 2556582.25, 'm30': 265769841.55, 'm21': 428319920.15, 'm12': 690306316.0166667, 'm03': 1112567642.45, 'mu20': 15.914609053637832, 'mu11': -2.8204732509329915, 'mu02': 14.346707819029689, 'mu30': -1.539455384016037, 'mu21': 1.2186125525922762, 'mu12': 0.5595462597957521, 'mu03': -1.3087384700775146, 'nu20': 0.0873229577703036, 'nu11': -0.015475847741744809, 'nu02': 0.0787199331634002, 'nu30': -0.0022989667261817536, 'nu21': 0.0018198317012660305, 'nu12': 0.0008356060502864723, 'nu03': -0.0019544224712334224}
Centroid: 270, 435
Processing contour#7: area: 13.5 centroid: 270, 435 rectangle: (268, 433, 5, 5)
@find_dayJSON_match_for_contour: x: 268, y: 433, w: 5, h: 5, area: 13.5
Matched with JSON#6: (270, 435, 4, 51.0, 24.7279, 0.461106)
Match with input JSON(nodules) ID: 6
Matched contour: {'x': 270, 'y': 435, 'd': 4, 'a': 51.0, 'p': 24.7279, 'e': 0.461106, 'id': 6, 'tq': 100}
JSON_entry: 6
Matched with first_id: 6 second_id: 13 name: 20230503_6
entry_id:20230503_6, entry saved to results list
created dirs at nodule_detection_path: output/crop978/nodules-last-detected-on/2023-05-03/6/detection and nodule_images_original_path: output/crop978/nodules-last-detected-on/2023-05-03/6
Segmented nodule image saved as output/crop978/nodules-last-detected-on/2023-05-03/6/detection/2023-05-03.jpg
Original nodule image saved as output/crop978/nodules-last-detected-on/2023-05-03/6/2023-05-03.jpg


@process_contour: max_id: 20230503_23
Moments: {'m00': 19.5, 'm10': 4491.666666666666, 'm01': 8118.666666666666, 'm20': 1034649.75, 'm11': 1870070.125, 'm02': 3380171.75, 'm30': 238337360.8, 'm21': 430768564.84999996, 'm12': 778596097.85, 'm03': 1407332713.3000002, 'mu20': 30.804131054435857, 'mu11': 1.179131054552272, 'mu02': 30.804131054785103, 'mu30': 0.9268048703670502, 'mu21': -0.7667849508434301, 'mu12': -0.766784970520348, 'mu03': 0.926804780960083, 'nu20': 0.08101020658628758, 'nu11': 0.003100936369631221, 'nu02': 0.08101020658720605, 'nu30': 0.0005519525942669139, 'nu21': -0.00045665377513094473, 'nu12': -0.0004566537868494048, 'nu03': 0.0005519525410211779}
Centroid: 230, 416
Processing contour#8: area: 19.5 centroid: 230, 416 rectangle: (228, 414, 6, 6)
@find_dayJSON_match_for_contour: x: 228, y: 414, w: 6, h: 6, area: 19.5
Matched with JSON#5: (230, 416, 5, 81.0, 32.1421, 0.340939)
Match with input JSON(nodules) ID: 5
Matched contour: {'x': 230, 'y': 416, 'd': 5, 'a': 81.0, 'p': 32.1421, 'e': 0.340939, 'id': 5, 'tq': 100}
JSON_entry: 5
Matched with first_id: 5 second_id: 11 name: 20230503_5
entry_id:20230503_5, entry saved to results list
created dirs at nodule_detection_path: output/crop978/nodules-last-detected-on/2023-05-03/5/detection and nodule_images_original_path: output/crop978/nodules-last-detected-on/2023-05-03/5
Segmented nodule image saved as output/crop978/nodules-last-detected-on/2023-05-03/5/detection/2023-05-03.jpg
Original nodule image saved as output/crop978/nodules-last-detected-on/2023-05-03/5/2023-05-03.jpg


@process_contour: max_id: 20230503_24
Moments: {'m00': 27.0, 'm10': 3291.5, 'm01': 10839.0, 'm20': 401327.3333333333, 'm11': 1321350.5833333333, 'm02': 4351306.833333333, 'm30': 48941625.75, 'm21': 161109694.58333334, 'm12': 530453477.9166667, 'm03': 1746848504.5, 'mu20': 69.10185185185401, 'mu11': -3.8055555555038154, 'mu02': 50.5, 'mu30': 2.9663923233747482, 'mu21': -5.936213973745907, 'mu12': -1.5308641040764996, 'mu03': 4.2962965965271, 'nu20': 0.09478992023573937, 'nu11': -0.005220240816877661, 'nu02': 0.06927297668038408, 'nu30': 0.0007831035237414038, 'nu21': -0.0015671123620070496, 'nu12': -0.0004041357121999553, 'nu03': 0.0011341874698323703}
Centroid: 121, 401
Processing contour#9: area: 27.0 centroid: 121, 401 rectangle: (119, 399, 7, 6)
@find_dayJSON_match_for_contour: x: 119, y: 399, w: 7, h: 6, area: 27.0
Matched with JSON#4: (122, 401, 6, 138.0, 40.7279, 0.382222)
Match with input JSON(nodules) ID: 4
Matched contour: {'x': 122, 'y': 401, 'd': 6, 'a': 138.0, 'p': 40.7279, 'e': 0.382222, 'id': 4, 'tq': 100}
JSON_entry: 4
Matched with first_id: 4 second_id: 7 name: 20230503_4
entry_id:20230503_4, entry saved to results list
created dirs at nodule_detection_path: output/crop978/nodules-last-detected-on/2023-05-03/4/detection and nodule_images_original_path: output/crop978/nodules-last-detected-on/2023-05-03/4
Segmented nodule image saved as output/crop978/nodules-last-detected-on/2023-05-03/4/detection/2023-05-03.jpg
Original nodule image saved as output/crop978/nodules-last-detected-on/2023-05-03/4/2023-05-03.jpg


@process_contour: max_id: 20230503_25
Moments: {'m00': 30.5, 'm10': 947.1666666666666, 'm01': 10864.333333333332, 'm20': 29487.083333333332, 'm11': 337387.4583333333, 'm02': 3870037.9166666665, 'm30': 920256.55, 'm21': 10503509.233333332, 'm12': 120182250.6, 'm03': 1378593564.2, 'mu20': 73.15892531875943, 'mu11': -0.5544171220390126, 'mu02': 79.26821493683383, 'mu30': 1.8017567959614098, 'mu21': 19.000209522426303, 'mu12': -7.323211118387917, 'mu03': -20.45328450202942, 'nu20': 0.07864437013572635, 'nu11': -0.0005959872314313493, 'nu02': 0.08521173333709631, 'nu30': 0.0003507087249869263, 'nu21': 0.0036983566655781354, 'nu12': -0.0014254498941792349, 'nu03': -0.003981195101125753}
Centroid: 31, 356
Processing contour#10: area: 30.5 centroid: 31, 356 rectangle: (28, 353, 7, 7)
@find_dayJSON_match_for_contour: x: 28, y: 353, w: 7, h: 7, area: 30.5
Matched with JSON#3: (30, 355, 6, 126.0, 40.3848, 0.385)
Match with input JSON(nodules) ID: 3
Matched contour: {'x': 30, 'y': 355, 'd': 6, 'a': 126.0, 'p': 40.3848, 'e': 0.385, 'id': 3, 'tq': 100}
JSON_entry: 3
Matched with first_id: 3 second_id: 8 name: 20230503_3
entry_id:20230503_3, entry saved to results list
created dirs at nodule_detection_path: output/crop978/nodules-last-detected-on/2023-05-03/3/detection and nodule_images_original_path: output/crop978/nodules-last-detected-on/2023-05-03/3
Segmented nodule image saved as output/crop978/nodules-last-detected-on/2023-05-03/3/detection/2023-05-03.jpg
Original nodule image saved as output/crop978/nodules-last-detected-on/2023-05-03/3/2023-05-03.jpg


@process_contour: max_id: 20230503_26
Moments: {'m00': 12.5, 'm10': 1568.8333333333333, 'm01': 4003.1666666666665, 'm20': 196907.75, 'm11': 502421.9583333333, 'm02': 1282046.75, 'm30': 24715421.450000003, 'm21': 63059824.516666666, 'm12': 160904039.31666666, 'm03': 410592095.55, 'mu20': 8.70777777780313, 'mu11': -2.1461111110984348, 'mu02': 19.281111111165956, 'mu30': 0.33834073692560196, 'mu21': -0.07749629875479513, 'mu12': -0.1881925876218702, 'mu03': 0.6931259036064148, 'nu20': 0.05572977777794004, 'nu11': -0.013735111111029983, 'nu02': 0.12339911111146212, 'nu30': 0.000612462155345272, 'nu21': -0.00014028328541791806, 'nu12': -0.0003406649724837579, 'nu03': 0.001254691908239742}
Centroid: 125, 320
Processing contour#11: area: 12.5 centroid: 125, 320 rectangle: (124, 318, 4, 6)
@find_dayJSON_match_for_contour: x: 124, y: 318, w: 4, h: 6, area: 12.5
Matched with JSON#2: (125, 320, 4, 60.0, 26.4853, 0.543534)
Match with input JSON(nodules) ID: 2
Matched contour: {'x': 125, 'y': 320, 'd': 4, 'a': 60.0, 'p': 26.4853, 'e': 0.543534, 'id': 2, 'tq': 100}
JSON_entry: 2
Matched with first_id: 2 second_id: 9 name: 20230503_2
entry_id:20230503_2, entry saved to results list
created dirs at nodule_detection_path: output/crop978/nodules-last-detected-on/2023-05-03/2/detection and nodule_images_original_path: output/crop978/nodules-last-detected-on/2023-05-03/2
Segmented nodule image saved as output/crop978/nodules-last-detected-on/2023-05-03/2/detection/2023-05-03.jpg
Original nodule image saved as output/crop978/nodules-last-detected-on/2023-05-03/2/2023-05-03.jpg


@process_contour: max_id: 20230503_27
Moments: {'m00': 2.5, 'm10': 324.66666666666663, 'm01': 585.3333333333333, 'm20': 42163.916666666664, 'm11': 76015.125, 'm02': 137046.91666666666, 'm30': 5475827.300000001, 'm21': 9871935.816666666, 'm12': 17797749.683333334, 'm03': 32087659.700000003, 'mu20': 0.5388888888992369, 'mu11': -0.163888888884685, 'mu02': 0.8722222222422715, 'mu30': 0.021481480449438095, 'mu21': 0.02851851892968682, 'mu12': 0.18259259092157265, 'mu03': -0.15481481701135635, 'nu20': 0.08622222222387792, 'nu11': -0.026222222221549605, 'nu02': 0.13955555555876348, 'nu30': 0.0021737729834432605, 'nu21': 0.002885871209998006, 'nu12': 0.018477071077873695, 'nu03': -0.015666157993538172}
Centroid: 129, 234
Processing contour#12: area: 2.5 centroid: 129, 234 rectangle: (129, 233, 3, 3)
@find_dayJSON_match_for_contour: x: 129, y: 233, w: 3, h: 3, area: 2.5
Matched with JSON#1: (130, 234, 3, 36.0, 19.8995, 0.54311)
Match with input JSON(nodules) ID: 1
Matched contour: {'x': 130, 'y': 234, 'd': 3, 'a': 36.0, 'p': 19.8995, 'e': 0.54311, 'id': 1, 'tq': 100}
JSON_entry: 1
Matched with first_id: 1 second_id: 5 name: 20230505_1
entry_id:20230505_1, entry saved to results list
created dirs at nodule_detection_path: output/crop978/nodules-last-detected-on/2023-05-05/1/detection and nodule_images_original_path: output/crop978/nodules-last-detected-on/2023-05-05/1
Segmented nodule image saved as output/crop978/nodules-last-detected-on/2023-05-05/1/detection/2023-05-03.jpg
Original nodule image saved as output/crop978/nodules-last-detected-on/2023-05-05/1/2023-05-03.jpg


@process_contour: max_id: 20230503_28
Moments: {'m00': 13.5, 'm10': 2524.333333333333, 'm01': 1226.1666666666665, 'm20': 472035.0833333333, 'm11': 229275.2083333333, 'm02': 111383.58333333333, 'm30': 88270686.2, 'm21': 42872550.266666666, 'm12': 20826842.066666666, 'm03': 10119262.05, 'mu20': 15.914609053637832, 'mu11': -2.820473250991199, 'mu02': 14.34670781895693, 'mu30': 1.5394553393125534, 'mu21': -1.2186125125447234, 'mu12': -0.5595463151075819, 'mu03': 1.3087385036051273, 'nu20': 0.0873229577703036, 'nu11': -0.015475847742064192, 'nu02': 0.07871993316300098, 'nu30': 0.0022989666594231957, 'nu21': -0.0018198316414604705, 'nu12': -0.0008356061328871488, 'nu03': 0.001954422521302341}
Centroid: 186, 90
Processing contour#13: area: 13.5 centroid: 186, 90 rectangle: (185, 89, 5, 5)
@find_dayJSON_match_for_contour: x: 185, y: 89, w: 5, h: 5, area: 13.5
Matched with JSON#0: (186, 90, 4, 69.0, 28.1421, 0.471237)
Match with input JSON(nodules) ID: 0
Matched contour: {'x': 186, 'y': 90, 'd': 4, 'a': 69.0, 'p': 28.1421, 'e': 0.471237, 'id': 0, 'tq': 100}
JSON_entry: 0
Matched with first_id: 0 second_id: 2 name: 20230512_20
entry_id:20230512_20, entry saved to results list
created dirs at nodule_detection_path: output/crop978/nodules-last-detected-on/2023-05-12/20/detection and nodule_images_original_path: output/crop978/nodules-last-detected-on/2023-05-12/20
Segmented nodule image saved as output/crop978/nodules-last-detected-on/2023-05-12/20/detection/2023-05-03.jpg
Original nodule image saved as output/crop978/nodules-last-detected-on/2023-05-12/20/2023-05-03.jpg


Done analyzing contours, found 13 nodules.


results_entry: {'date': '20230503', 'json': 'output/crop978/20230503/20230503.json', 'log': 'output/crop978/20230503/crop978_20230503.log', 'image': 'data/crop978/20230503.jpg', 'plot': 'output/crop978/plots/20230501_20230503.png', 'match_stats': {'i_dict': {0: 12, 1: 2, 2: 1, 4: 1}, 'average_tracking_quality': 11.0, 'distance_threshold': 20, 'lengths': {'matching': 16, 'unmatched_current': 0, 'unmatched_previous': 5}, 'averages': {'tq': -276.875, 'i': 0.5, 'dx': -20.375, 'dy': 48.1875, 'dd': 0.4375, 'da': 29.1875, 'dp': 3.34, 'de': 0.02}}}
