Current memory usage: 3834.6484375 MB
@analyze_image: file_name: data/crop978/20230508.jpg, output_dir: output/crop978, external_logger: <Logger data_crop978.log (DEBUG)>
Loaded image & JSON file: data/crop978/20230508.jpg
Scaled JSON data: scalar_position: 0.5, scalar_size: 0.5

@find_prev_next_date: image_output_dir: output/crop978/20230508
data_dir: data/crop978
Previous date file: data/crop978/20230505.json, Next date file: data/crop978/20230510.json


Loaded prev_results from JSON file: 20230505, length: 24
Scaled JSON data: scalar_position: 0.5, scalar_size: 0.5
Loaded next_results from JSON file: 20230510, length: 104
Scaled JSON data: scalar_position: 0.5, scalar_size: 0.5
prev_results is not empty, generating matching
Current memory usage: 3835.875 MB
current_date:20230508, generating Matching: 20230505_20230508_matching.json
spatial_distances: (53, 24), attribute_distances: (53, 24)
combined_distances: (53, 24)
Current memory usage: 3835.90234375 MB

@find_matching: combined_distances: (53, 24), next_matching: [{'id': '20230524_0', 'p': {'id': 0, 'tq': -91.0, 'dx': -1, 'dy': 1, 'dd': 5, 'da': 120.0, 'dp': 31.31, 'de': -0.19}, 'c': {'id': 0}, 'n': {'id': 2, 'dx': 1, 'dy': -1, 'dd': 1, 'da': 39.0, 'dp': 6.83, 'de': -0.19}, 'i': 6}, {'id': '20230510_1', 'p': {'id': 1, 'tq': -57.0, 'dx': 0, 'dy': 0, 'dd': 3, 'da': 103.0, 'dp': 19.9, 'de': -0.01}, 'c': {'id': 1}, 'n': {}, 'i': 0}, {'id': '20230522_2', 'p': {'id': 2, 'tq': 49.0, 'dx': 0, 'dy': 1, 'dd': 1, 'da': 31.0, 'dp': 5.41, 'de': -0.11}, 'c': {'id': 2}, 'n': {'id': 6, 'dx': 0, 'dy': -1, 'dd': 1, 'da': 59.0, 'dp': 9.66, 'de': -0.02}, 'i': 5}, {'id': '20230515_5', 'p': {'id': 3, 'tq': 72.0, 'dx': -1, 'dy': 2, 'dd': -1, 'da': -13.0, 'dp': -3.24, 'de': -0.26}, 'c': {'id': 3}, 'n': {'id': 7, 'dx': 0, 'dy': -2, 'dd': 0, 'da': 8.0, 'dp': 1.83, 'de': -0.08}, 'i': 2}, {'id': '20230515_8', 'p': {'id': 5, 'tq': 76.0, 'dx': -1, 'dy': 1, 'dd': -1, 'da': -12.0, 'dp': -4.83, 'de': 0.05}, 'c': {'id': 6}, 'n': {'id': 9, 'dx': 1, 'dy': -2, 'dd': 2, 'da': 39.0, 'dp': 9.66, 'de': -0.16}, 'i': 2}, {'id': '20230510_5', 'p': {'id': 4, 'tq': 48.0, 'dx': -3, 'dy': 8, 'dd': 0, 'da': 15.0, 'dp': 1.17, 'de': -0.08}, 'c': {'id': 8}, 'n': {}, 'i': 0}, {'id': '20230522_6', 'p': {'id': 6, 'tq': -59.0, 'dx': -1, 'dy': 2, 'dd': 3, 'da': 99.0, 'dp': 20.24, 'de': 0.09}, 'c': {'id': 9}, 'n': {'id': 11, 'dx': 1, 'dy': -2, 'dd': 1, 'da': 37.0, 'dp': 6.49, 'de': -0.15}, 'i': 5}, {'id': '20230510_7', 'p': {'id': 11, 'tq': -25.0, 'dx': -8, 'dy': -15, 'dd': 0, 'da': -38.0, 'dp': -20.97, 'de': -0.52}, 'c': {'id': 12}, 'n': {}, 'i': 0}, {'id': '20230510_8', 'p': {'id': 10, 'tq': 79.0, 'dx': -2, 'dy': -3, 'dd': 0, 'da': -5.0, 'dp': -2.24, 'de': 0.13}, 'c': {'id': 13}, 'n': {}, 'i': 0}, {'id': '20230524_10', 'p': {'id': 8, 'tq': -1.0, 'dx': 16, 'dy': 11, 'dd': 1, 'da': 22.0, 'dp': 2.83, 'de': 0.08}, 'c': {'id': 14}, 'n': {'id': 14, 'dx': 1, 'dy': -1, 'dd': 0, 'da': 20.0, 'dp': 3.41, 'de': -0.06}, 'i': 6}, {'id': '20230512_15', 'p': {'id': 7, 'tq': -103.0, 'dx': 35, 'dy': 27, 'dd': 1, 'da': 31.0, 'dp': 8.0, 'de': -0.03}, 'c': {'id': 15}, 'n': {'id': 15, 'dx': 1, 'dy': -2, 'dd': 0, 'da': 10.0, 'dp': 3.66, 'de': 0.1}, 'i': 1}, {'id': '20230517_12', 'p': {'id': 12, 'tq': 33.0, 'dx': -1, 'dy': 3, 'dd': 1, 'da': 37.0, 'dp': 6.24, 'de': -0.07}, 'c': {'id': 18}, 'n': {'id': 20, 'dx': 1, 'dy': -2, 'dd': 0, 'da': 0.0, 'dp': -0.83, 'de': -0.03}, 'i': 3}, {'id': '20230512_20', 'p': {'id': 9, 'tq': 8.0, 'dx': -3, 'dy': 24, 'dd': 0, 'da': -5.0, 'dp': -1.41, 'de': -0.11}, 'c': {'id': 19}, 'n': {'id': 21, 'dx': 1, 'dy': -1, 'dd': 1, 'da': 36.0, 'dp': 6.24, 'de': -0.09}, 'i': 1}, {'id': '20230510_13', 'p': {'id': 13, 'tq': 44.0, 'dx': 6, 'dy': 6, 'dd': 1, 'da': 17.0, 'dp': 3.86, 'de': -0.32}, 'c': {'id': 21}, 'n': {}, 'i': 0}, {'id': '20230517_20', 'p': {'id': 17, 'tq': -29.0, 'dx': 12, 'dy': -17, 'dd': 1, 'da': 37.0, 'dp': 7.07, 'de': 0.03}, 'c': {'id': 22}, 'n': {'id': 23, 'dx': 1, 'dy': -1, 'dd': 1, 'da': 50.0, 'dp': 9.41, 'de': -0.18}, 'i': 3}, {'id': '20230524_20', 'p': {'id': 14, 'tq': -1.0, 'dx': 0, 'dy': 1, 'dd': 2, 'da': 64.0, 'dp': 10.49, 'de': -0.09}, 'c': {'id': 23}, 'n': {'id': 24, 'dx': 1, 'dy': -2, 'dd': 0, 'da': 5.0, 'dp': 1.17, 'de': -0.04}, 'i': 6}, {'id': '20230522_20', 'p': {'id': 18, 'tq': -0.0, 'dx': 9, 'dy': -12, 'dd': 1, 'da': 31.0, 'dp': 7.66, 'de': 0.0}, 'c': {'id': 24}, 'n': {'id': 25, 'dx': 1, 'dy': -1, 'dd': 1, 'da': 41.0, 'dp': 7.66, 'de': -0.13}, 'i': 5}, {'id': '20230510_17', 'p': {'id': 15, 'tq': -38.0, 'dx': -1, 'dy': 2, 'dd': 3, 'da': 85.0, 'dp': 17.9, 'de': 0.03}, 'c': {'id': 25}, 'n': {}, 'i': 0}, {'id': '20230510_18', 'p': {'id': 16, 'tq': -79.0, 'dx': -1, 'dy': 3, 'dd': 4, 'da': 109.0, 'dp': 26.07, 'de': -0.3}, 'c': {'id': 26}, 'n': {}, 'i': 0}, {'id': '20230522_26', 'p': {'id': 19, 'tq': 14.0, 'dx': -1, 'dy': 2, 'dd': 2, 'da': 51.0, 'dp': 9.66, 'de': -0.04}, 'c': {'id': 29}, 'n': {'id': 30, 'dx': 1, 'dy': -1, 'dd': 1, 'da': 41.0, 'dp': 6.83, 'de': -0.18}, 'i': 5}, {'id': '20230522_28', 'p': {'id': 20, 'tq': -78.0, 'dx': -2, 'dy': -7, 'dd': 4, 'da': 97.0, 'dp': 29.56, 'de': -0.29}, 'c': {'id': 31}, 'n': {'id': 32, 'dx': 1, 'dy': -2, 'dd': 1, 'da': 24.0, 'dp': 3.17, 'de': -0.04}, 'i': 5}, {'id': '20230519_31', 'p': {'id': 23, 'tq': 39.0, 'dx': -6, 'dy': -14, 'dd': 0, 'da': -5.0, 'dp': -0.59, 'de': 0.1}, 'c': {'id': 32}, 'n': {'id': 36, 'dx': 1, 'dy': -2, 'dd': 2, 'da': 50.0, 'dp': 7.41, 'de': -0.21}, 'i': 4}, {'id': '20230515_34', 'p': {'id': 22, 'tq': 37.0, 'dx': -5, 'dy': -5, 'dd': 0, 'da': 25.0, 'dp': 4.59, 'de': 0.13}, 'c': {'id': 33}, 'n': {'id': 34, 'dx': -6, 'dy': -5, 'dd': 1, 'da': 17.0, 'dp': 5.07, 'de': 0.44}, 'i': 2}, {'id': '20230510_23', 'p': {'id': 24, 'tq': 62.0, 'dx': 9, 'dy': -4, 'dd': 1, 'da': 2.0, 'dp': 0.59, 'de': 0.17}, 'c': {'id': 38}, 'n': {}, 'i': 0}, {'id': '20230512_39', 'p': {'id': 21, 'tq': 50.0, 'dx': 3, 'dy': 13, 'dd': 0, 'da': -2.0, 'dp': -0.83, 'de': 0.38}, 'c': {'id': 39}, 'n': {'id': 43, 'dx': -20, 'dy': -1, 'dd': 0, 'da': 17.0, 'dp': 4.24, 'de': -0.16}, 'i': 1}, {'id': '20230510_25', 'p': {'id': 26, 'tq': 47.0, 'dx': 6, 'dy': -6, 'dd': 0, 'da': 15.0, 'dp': 2.83, 'de': -0.16}, 'c': {'id': 40}, 'n': {}, 'i': 0}, {'id': '20230512_40', 'p': {'id': 25, 'tq': 7.0, 'dx': 26, 'dy': -4, 'dd': 0, 'da': 0.0, 'dp': -0.59, 'de': 0.01}, 'c': {'id': 41}, 'n': {'id': 44, 'dx': -26, 'dy': 2, 'dd': 0, 'da': -3.0, 'dp': -0.83, 'de': 0.17}, 'i': 1}, {'id': '20230522_52', 'p': {'id': 27, 'tq': -78.0, 'dx': 0, 'dy': 2, 'dd': 3, 'da': 112.0, 'dp': 21.9, 'de': -0.14}, 'c': {'id': 46}, 'n': {'id': 54, 'dx': -6, 'dy': 19, 'dd': 1, 'da': 18.0, 'dp': 2.83, 'de': -0.44}, 'i': 5}, {'id': '20230524_49', 'p': {'id': 28, 'tq': 11.0, 'dx': -1, 'dy': 1, 'dd': 2, 'da': 55.0, 'dp': 10.24, 'de': 0.17}, 'c': {'id': 47}, 'n': {'id': 52, 'dx': 0, 'dy': 8, 'dd': 1, 'da': 36.0, 'dp': 5.41, 'de': 0.02}, 'i': 6}, {'id': '20230515_49', 'p': {'id': 30, 'tq': 51.0, 'dx': 8, 'dy': 0, 'dd': 1, 'da': 14.0, 'dp': 2.0, 'de': -0.1}, 'c': {'id': 48}, 'n': {'id': 51, 'dx': 1, 'dy': -2, 'dd': 1, 'da': 33.0, 'dp': 4.0, 'de': 0.12}, 'i': 2}, {'id': '20230524_51', 'p': {'id': 35, 'tq': -42.0, 'dx': 16, 'dy': -34, 'dd': 0, 'da': 7.0, 'dp': 0.83, 'de': -0.11}, 'c': {'id': 49}, 'n': {'id': 55, 'dx': -2, 'dy': 6, 'dd': 0, 'da': 0.0, 'dp': -0.24, 'de': 0.14}, 'i': 6}, {'id': '20230510_31', 'p': {'id': 29, 'tq': -28.0, 'dx': 20, 'dy': 11, 'dd': 1, 'da': 31.0, 'dp': 7.41, 'de': -0.18}, 'c': {'id': 51}, 'n': {}, 'i': 0}, {'id': '20230519_55', 'p': {'id': 31, 'tq': 20.0, 'dx': -5, 'dy': 19, 'dd': 0, 'da': -7.0, 'dp': -2.0, 'de': 0.42}, 'c': {'id': 55}, 'n': {'id': 59, 'dx': 1, 'dy': -1, 'dd': 2, 'da': 59.0, 'dp': 14.49, 'de': -0.19}, 'i': 4}, {'id': '20230510_33', 'p': {'id': 36, 'tq': -86.0, 'dx': -16, 'dy': -32, 'dd': -2, 'da': -39.0, 'dp': -10.83, 'de': 0.07}, 'c': {'id': 56}, 'n': {}, 'i': 0}, {'id': '20230524_59', 'p': {'id': 33, 'tq': 14.0, 'dx': 0, 'dy': 1, 'dd': 1, 'da': 54.0, 'dp': 10.0, 'de': -0.01}, 'c': {'id': 57}, 'n': {'id': 61, 'dx': 0, 'dy': -2, 'dd': 1, 'da': 33.0, 'dp': 4.83, 'de': -0.0}, 'i': 6}, {'id': '20230512_58', 'p': {'id': 32, 'tq': -3.0, 'dx': 1, 'dy': 17, 'dd': -1, 'da': -28.0, 'dp': -8.0, 'de': 0.13}, 'c': {'id': 58}, 'n': {'id': 62, 'dx': 1, 'dy': -2, 'dd': 0, 'da': -8.0, 'dp': -4.83, 'de': 0.19}, 'i': 1}, {'id': '20230510_36', 'p': {'id': 34, 'tq': 24.0, 'dx': 10, 'dy': 11, 'dd': 0, 'da': -16.0, 'dp': -2.83, 'de': -0.16}, 'c': {'id': 60}, 'n': {}, 'i': 0}, {'id': '20230510_37', 'p': {'id': 39, 'tq': -39.0, 'dx': 36, 'dy': -11, 'dd': 0, 'da': 5.0, 'dp': 0.59, 'de': -0.0}, 'c': {'id': 62}, 'n': {}, 'i': 0}, {'id': '20230524_68', 'p': {'id': 38, 'tq': 1.0, 'dx': 0, 'dy': 0, 'dd': 2, 'da': 65.0, 'dp': 11.17, 'de': 0.09}, 'c': {'id': 65}, 'n': {'id': 69, 'dx': 1, 'dy': -2, 'dd': 0, 'da': 13.0, 'dp': 3.41, 'de': -0.18}, 'i': 6}, {'id': '20230515_73', 'p': {'id': 41, 'tq': 21.0, 'dx': 5, 'dy': -4, 'dd': -1, 'da': -37.0, 'dp': -8.24, 'de': 0.21}, 'c': {'id': 67}, 'n': {'id': 75, 'dx': 0, 'dy': 10, 'dd': 1, 'da': 30.0, 'dp': 7.07, 'de': -0.09}, 'i': 2}, {'id': '20230524_73', 'p': {'id': 37, 'tq': -55.0, 'dx': -32, 'dy': 20, 'dd': 0, 'da': 15.0, 'dp': 2.83, 'de': -0.02}, 'c': {'id': 68}, 'n': {'id': 76, 'dx': -4, 'dy': 11, 'dd': 0, 'da': -6.0, 'dp': -0.24, 'de': -0.05}, 'i': 6}, {'id': '20230510_41', 'p': {'id': 40, 'tq': -51.0, 'dx': 7, 'dy': 36, 'dd': -1, 'da': -13.0, 'dp': -7.45, 'de': -0.03}, 'c': {'id': 72}, 'n': {}, 'i': 0}, {'id': '20230515_83', 'p': {'id': 42, 'tq': -14.0, 'dx': -1, 'dy': 1, 'dd': -2, 'da': -72.0, 'dp': -11.07, 'de': 0.03}, 'c': {'id': 75}, 'n': {'id': 84, 'dx': 11, 'dy': 3, 'dd': 0, 'da': -20.0, 'dp': -4.59, 'de': -0.08}, 'i': 2}, {'id': '20230510_43', 'p': {'id': 43, 'tq': -56.0, 'dx': -34, 'dy': -9, 'dd': 1, 'da': 21.0, 'dp': 6.59, 'de': -0.06}, 'c': {'id': 78}, 'n': {}, 'i': 0}, {'id': '20230524_110', 'p': {'id': 44, 'tq': 38.0, 'dx': -7, 'dy': 15, 'dd': 0, 'da': -3.0, 'dp': 0.0, 'de': 0.01}, 'c': {'id': 88}, 'n': {'id': 107, 'dx': -2, 'dy': 8, 'dd': 1, 'da': 26.0, 'dp': 4.59, 'de': 0.03}, 'i': 6}, {'id': '20230510_45', 'p': {'id': 45, 'tq': 39.0, 'dx': -8, 'dy': 2, 'dd': 1, 'da': 20.0, 'dp': 6.83, 'de': -0.44}, 'c': {'id': 91}, 'n': {}, 'i': 0}, {'id': '20230512_95', 'p': {'id': 46, 'tq': -156.0, 'dx': 59, 'dy': 1, 'dd': 2, 'da': 32.0, 'dp': 7.41, 'de': -0.16}, 'c': {'id': 92}, 'n': {'id': 114, 'dx': -9, 'dy': 17, 'dd': -1, 'da': -14.0, 'dp': -4.83, 'de': -0.2}, 'i': 1}, {'id': '20230524_111', 'p': {'id': 48, 'tq': 14.0, 'dx': 1, 'dy': 1, 'dd': 2, 'da': 51.0, 'dp': 16.69, 'de': -0.32}, 'c': {'id': 94}, 'n': {'id': 110, 'dx': 1, 'dy': -3, 'dd': -1, 'da': -27.0, 'dp': -7.07, 'de': 0.24}, 'i': 6}, {'id': '20230512_94', 'p': {'id': 47, 'tq': -83.0, 'dx': 6, 'dy': 13, 'dd': -3, 'da': -86.0, 'dp': -20.11, 'de': 0.24}, 'c': {'id': 96}, 'n': {'id': 112, 'dx': -6, 'dy': -14, 'dd': 1, 'da': 16.0, 'dp': 6.45, 'de': -0.31}, 'i': 1}, {'id': '20230512_100', 'p': {'id': 49, 'tq': 83.0, 'dx': 2, 'dy': -1, 'dd': 1, 'da': 6.0, 'dp': 0.59, 'de': -0.29}, 'c': {'id': 97}, 'n': {'id': 124, 'dx': 0, 'dy': -1, 'dd': 0, 'da': 10.0, 'dp': 2.24, 'de': 0.14}, 'i': 1}, {'id': '20230510_50', 'p': {'id': 51, 'tq': -177.0, 'dx': -6, 'dy': -64, 'dd': -1, 'da': -34.0, 'dp': -7.41, 'de': 0.14}, 'c': {'id': 99}, 'n': {}, 'i': 0}, {'id': '20230522_152', 'p': {'id': 52, 'tq': -833.0, 'dx': 38, 'dy': -45, 'dd': -7, 'da': -461.0, 'dp': -148.35, 'de': -0.45}, 'c': {'id': 101}, 'n': {'id': 126, 'dx': 1, 'dy': -1, 'dd': 0, 'da': 4.0, 'dp': 0.59, 'de': 0.1}, 'i': 5}, {'id': '20230510_52', 'p': {'id': 50, 'tq': 10.0, 'dx': 22, 'dy': 2, 'dd': 0, 'da': -8.0, 'dp': -2.0, 'de': -0.25}, 'c': {'id': 102}, 'n': {}, 'i': 0}], current_date_string: 20230508, distance_threshold: 20
tq < 0
tq < 0
tq < 0
matched entry: {'id': '20230512_20', 'p': {'id': 9, 'tq': 8.0, 'dx': -3, 'dy': 24, 'dd': 0, 'da': -5.0, 'dp': -1.41, 'de': -0.11}, 'c': {'id': 19}, 'n': {'id': 21, 'dx': 1, 'dy': -1, 'dd': 1, 'da': 36.0, 'dp': 6.24, 'de': -0.09}, 'i': 1}, len(matching): 3
matched entry: {'id': '20230510_8', 'p': {'id': 10, 'tq': 79.0, 'dx': -2, 'dy': -3, 'dd': 0, 'da': -5.0, 'dp': -2.24, 'de': 0.13}, 'c': {'id': 13}, 'n': {}, 'i': 0}, len(matching): 4
matched entry: {'id': '20230517_12', 'p': {'id': 12, 'tq': 33.0, 'dx': -1, 'dy': 3, 'dd': 1, 'da': 37.0, 'dp': 6.24, 'de': -0.07}, 'c': {'id': 18}, 'n': {'id': 20, 'dx': 1, 'dy': -2, 'dd': 0, 'da': 0.0, 'dp': -0.83, 'de': -0.03}, 'i': 3}, len(matching): 5
tq < 0
tq < 0
tq < 0
tq < 0
matched entry: {'id': '20230524_68', 'p': {'id': 38, 'tq': 1.0, 'dx': 0, 'dy': 0, 'dd': 2, 'da': 65.0, 'dp': 11.17, 'de': 0.09}, 'c': {'id': 65}, 'n': {'id': 69, 'dx': 1, 'dy': -2, 'dd': 0, 'da': 13.0, 'dp': 3.41, 'de': -0.18}, 'i': 6}, len(matching): 10
tq < 0
matched entry: {'id': '20230515_73', 'p': {'id': 41, 'tq': 21.0, 'dx': 5, 'dy': -4, 'dd': -1, 'da': -37.0, 'dp': -8.24, 'de': 0.21}, 'c': {'id': 67}, 'n': {'id': 75, 'dx': 0, 'dy': 10, 'dd': 1, 'da': 30.0, 'dp': 7.07, 'de': -0.09}, 'i': 2}, len(matching): 12
tq < 0
tq < 0
matched entry: {'id': '20230524_110', 'p': {'id': 44, 'tq': 38.0, 'dx': -7, 'dy': 15, 'dd': 0, 'da': -3.0, 'dp': 0.0, 'de': 0.01}, 'c': {'id': 88}, 'n': {'id': 107, 'dx': -2, 'dy': 8, 'dd': 1, 'da': 26.0, 'dp': 4.59, 'de': 0.03}, 'i': 6}, len(matching): 15
matched entry: {'id': '20230510_45', 'p': {'id': 45, 'tq': 39.0, 'dx': -8, 'dy': 2, 'dd': 1, 'da': 20.0, 'dp': 6.83, 'de': -0.44}, 'c': {'id': 91}, 'n': {}, 'i': 0}, len(matching): 16
tq < 0
tq < 0
matched entry: {'id': '20230524_111', 'p': {'id': 48, 'tq': 14.0, 'dx': 1, 'dy': 1, 'dd': 2, 'da': 51.0, 'dp': 16.69, 'de': -0.32}, 'c': {'id': 94}, 'n': {'id': 110, 'dx': 1, 'dy': -3, 'dd': -1, 'da': -27.0, 'dp': -7.07, 'de': 0.24}, 'i': 6}, len(matching): 19
matched entry: {'id': '20230512_100', 'p': {'id': 49, 'tq': 83.0, 'dx': 2, 'dy': -1, 'dd': 1, 'da': 6.0, 'dp': 0.59, 'de': -0.29}, 'c': {'id': 97}, 'n': {'id': 124, 'dx': 0, 'dy': -1, 'dd': 0, 'da': 10.0, 'dp': 2.24, 'de': 0.14}, 'i': 1}, len(matching): 20
matched entry: {'id': '20230510_52', 'p': {'id': 50, 'tq': 10.0, 'dx': 22, 'dy': 2, 'dd': 0, 'da': -8.0, 'dp': -2.0, 'de': -0.25}, 'c': {'id': 102}, 'n': {}, 'i': 0}, len(matching): 21
tq < 0
tq < 0
i_dict: {0: 14, 1: 3, 2: 2, 3: 1, 4: 1, 7: 3}
tq_average: -242.5417, dx_average: -7.2917, dy_average: -52.875, dd_average: 0.625, da_average: 30.4583, dp_average: 8.0496, de_average: -0.0683
average_tracking_quality: 21.3333
@find_matching:
Returning:
Matching(lenght=24): [{'id': '20230508_0', 'p': {'id': 0, 'tq': 61.0, 'dx': 0, 'dy': 0, 'dd': 1, 'da': 25.0, 'dp': 6.59, 'de': 0.05}, 'c': {'id': 1}, 'n': {}, 'i': 0}, {'id': '20230508_1', 'p': {'id': 1, 'tq': -9.0, 'dx': -24, 'dy': 17, 'dd': 0, 'da': 4.0, 'dp': 1.66, 'de': 0.04}, 'c': {'id': 6}, 'n': {}, 'i': 0}, {'id': '20230508_2', 'p': {'id': 2, 'tq': 11.0, 'dx': 1, 'dy': 1, 'dd': 1, 'da': 55.0, 'dp': 9.66, 'de': 0.05}, 'c': {'id': 8}, 'n': {}, 'i': 0}, {'id': '20230512_20', 'p': {'id': 4, 'tq': 18.0, 'dx': 1, 'dy': 1, 'dd': 2, 'da': 50.0, 'dp': 10.24, 'de': -0.08}, 'c': {'id': 9}, 'n': {'id': 19, 'dx': -3, 'dy': 24, 'dd': 0, 'da': -5.0, 'dp': -1.41, 'de': -0.11}, 'i': 2}, {'id': '20230510_8', 'p': {'id': 5, 'tq': 11.0, 'dx': 20, 'dy': -3, 'dd': 1, 'da': 11.0, 'dp': 5.45, 'de': -0.28}, 'c': {'id': 10}, 'n': {'id': 13, 'dx': -2, 'dy': -3, 'dd': 0, 'da': -5.0, 'dp': -2.24, 'de': 0.13}, 'i': 1}, {'id': '20230517_12', 'p': {'id': 3, 'tq': -56.0, 'dx': 15, 'dy': 22, 'dd': 1, 'da': 41.0, 'dp': 6.59, 'de': -0.15}, 'c': {'id': 12}, 'n': {'id': 18, 'dx': -1, 'dy': 3, 'dd': 1, 'da': 37.0, 'dp': 6.24, 'de': -0.07}, 'i': 4}, {'id': '20230508_6', 'p': {'id': 6, 'tq': 5.0, 'dx': 1, 'dy': 20, 'dd': -1, 'da': -16.0, 'dp': -4.59, 'de': -0.07}, 'c': {'id': 15}, 'n': {}, 'i': 0}, {'id': '20230508_7', 'p': {'id': 7, 'tq': -89.0, 'dx': 42, 'dy': -11, 'dd': 1, 'da': 24.0, 'dp': 5.41, 'de': -0.11}, 'c': {'id': 29}, 'n': {}, 'i': 0}, {'id': '20230508_8', 'p': {'id': 8, 'tq': 6.0, 'dx': 0, 'dy': 3, 'dd': 3, 'da': 52.0, 'dp': 19.07, 'de': -0.27}, 'c': {'id': 36}, 'n': {}, 'i': 0}, {'id': '20230508_9', 'p': {'id': 15, 'tq': -658.0, 'dx': 29, 'dy': -208, 'dd': 0, 'da': -15.0, 'dp': -3.41, 'de': 0.13}, 'c': {'id': 37}, 'n': {}, 'i': 0}, {'id': '20230524_68', 'p': {'id': 21, 'tq': -1184.0, 'dx': -44, 'dy': -362, 'dd': 0, 'da': -5.0, 'dp': -2.0, 'de': -0.31}, 'c': {'id': 38}, 'n': {'id': 65, 'dx': 0, 'dy': 0, 'dd': 2, 'da': 65.0, 'dp': 11.17, 'de': 0.09}, 'i': 7}, {'id': '20230508_11', 'p': {'id': 9, 'tq': -61.0, 'dx': 14, 'dy': -19, 'dd': 3, 'da': 49.0, 'dp': 18.49, 'de': -0.34}, 'c': {'id': 39}, 'n': {}, 'i': 0}, {'id': '20230515_73', 'p': {'id': 14, 'tq': -375.0, 'dx': 11, 'dy': -135, 'dd': 0, 'da': 0.0, 'dp': -0.59, 'de': 0.04}, 'c': {'id': 41}, 'n': {'id': 67, 'dx': 5, 'dy': -4, 'dd': -1, 'da': -37.0, 'dp': -8.24, 'de': 0.21}, 'i': 3}, {'id': '20230508_13', 'p': {'id': 10, 'tq': -140.0, 'dx': 2, 'dy': 3, 'dd': 4, 'da': 149.0, 'dp': 27.9, 'de': -0.21}, 'c': {'id': 42}, 'n': {}, 'i': 0}, {'id': '20230508_14', 'p': {'id': 12, 'tq': -99.0, 'dx': 22, 'dy': -41, 'dd': -1, 'da': -23.0, 'dp': -6.0, 'de': -0.11}, 'c': {'id': 43}, 'n': {}, 'i': 0}, {'id': '20230524_110', 'p': {'id': 16, 'tq': -836.0, 'dx': 2, 'dy': -209, 'dd': -4, 'da': -134.0, 'dp': -25.66, 'de': -0.37}, 'c': {'id': 44}, 'n': {'id': 88, 'dx': -7, 'dy': 15, 'dd': 0, 'da': -3.0, 'dp': 0.0, 'de': 0.01}, 'i': 7}, {'id': '20230510_45', 'p': {'id': 11, 'tq': 17.0, 'dx': -8, 'dy': 8, 'dd': -1, 'da': -27.0, 'dp': -9.66, 'de': 0.32}, 'c': {'id': 45}, 'n': {'id': 91, 'dx': -8, 'dy': 2, 'dd': 1, 'da': 20.0, 'dp': 6.83, 'de': -0.44}, 'i': 1}, {'id': '20230508_17', 'p': {'id': 22, 'tq': -797.0, 'dx': -83, 'dy': -241, 'dd': 0, 'da': 3.0, 'dp': 1.66, 'de': 0.19}, 'c': {'id': 46}, 'n': {}, 'i': 0}, {'id': '20230508_18', 'p': {'id': 13, 'tq': 39.0, 'dx': -13, 'dy': 4, 'dd': 0, 'da': 9.0, 'dp': -0.38, 'de': -0.19}, 'c': {'id': 47}, 'n': {}, 'i': 0}, {'id': '20230524_111', 'p': {'id': 18, 'tq': -621.0, 'dx': -101, 'dy': -170, 'dd': -1, 'da': -17.0, 'dp': -8.41, 'de': -0.04}, 'c': {'id': 48}, 'n': {'id': 94, 'dx': 1, 'dy': 1, 'dd': 2, 'da': 51.0, 'dp': 16.69, 'de': -0.32}, 'i': 7}, {'id': '20230512_100', 'p': {'id': 19, 'tq': -109.0, 'dx': -27, 'dy': -52, 'dd': -1, 'da': -2.0, 'dp': -0.59, 'de': -0.04}, 'c': {'id': 49}, 'n': {'id': 97, 'dx': 2, 'dy': -1, 'dd': 1, 'da': 6.0, 'dp': 0.59, 'de': -0.29}, 'i': 2}, {'id': '20230510_52', 'p': {'id': 20, 'tq': -6.0, 'dx': -18, 'dy': 6, 'dd': 0, 'da': 26.0, 'dp': 4.24, 'de': 0.18}, 'c': {'id': 50}, 'n': {'id': 102, 'dx': 22, 'dy': 2, 'dd': 0, 'da': -8.0, 'dp': -2.0, 'de': -0.25}, 'i': 1}, {'id': '20230508_22', 'p': {'id': 23, 'tq': 24.0, 'dx': -9, 'dy': -8, 'dd': 0, 'da': 22.0, 'dp': 4.0, 'de': -0.12}, 'c': {'id': 51}, 'n': {}, 'i': 0}, {'id': '20230508_23', 'p': {'id': 17, 'tq': -973.0, 'dx': -8, 'dy': 105, 'dd': 7, 'da': 450.0, 'dp': 133.52, 'de': 0.05}, 'c': {'id': 52}, 'n': {}, 'i': 0}]
Unmatched current(length=29): {0, 2, 3, 4, 5, 7, 11, 13, 14, 16, 17, 18, 19, 20, 21, 22, 23, 24, 25, 26, 27, 28, 30, 31, 32, 33, 34, 35, 40}
Unmatched previous(length=0): set()
Distance threshold: 20



@plot_data: normalized_points: (53, 2), normalized_prev_points: (24, 2), current_points: (53, 2), prev_points: (24, 2), current_data: 53, prev_data: 24, matching: 24, unmatched_current: 29, unmatched_prev: 0, combined_distances: (53, 24), distance_threshold: 20, current_date_string: 20230508, previous_date_string: 20230505, filename: output/crop978/plots/20230505_20230508.png
Plots created
Plotted the normalized points
Drawing lines between the matched points
Plotting the unmatched points
Plotted the original points with diameter as size
Drawing lines between the matched points and add the indices to the plots with color coding
Setting the titles and labels
Done plotting

@process_image: output_dir: output/crop978/20230508, image_name: 20230508, date_string: 20230508
len(json_data) = 53 json_data entries
len(matching) = 24 matching entries, setting max_id_i to 24
crop_dir: output/crop978
nodules_dir: output/crop978/nodules-last-detected-on
Split image into left and right images: (705, 300, 3), (705, 300, 3)
Converted right image to HSV: (705, 300, 3)
Created mask to detect nodules: (705, 300)

Found 49 contours in mask, processing each contour...

@process_contour: max_id: 20230508_24
Moments: {'m00': 85.0, 'm10': 8722.5, 'm01': 59739.0, 'm20': 905154.0, 'm11': 6130062.5, 'm02': 41985321.166666664, 'm30': 94925031.25, 'm21': 636109491.8166666, 'm12': 4308135472.583333, 'm03': 29507846739.7, 'mu20': 10071.573529411806, 'mu11': -213.11764705833048, 'mu02': 49.15490195900202, 'mu30': -26784.811418682337, 'mu21': 351.0090541243553, 'mu12': 166.6302193830561, 'mu03': -14.47500991821289, 'nu20': 1.393989415835544, 'nu11': -0.029497252188004214, 'nu02': 0.006803446637924154, 'nu30': -0.402106671532258, 'nu21': 0.005269519363992377, 'nu12': 0.0025015342406359497, 'nu03': -0.00021730591892647134}
Centroid: 102, 702
Processing contour#1: area: 85.0 centroid: 102, 702 rectangle: (78, 701, 44, 4)
@find_dayJSON_match_for_contour: x: 78, y: 701, w: 44, h: 4, area: 85.0
Matched with JSON#52: (101, 702, 14, 644.0, 196.9767, 0.996162)
Match with input JSON(nodules) ID: 52
Matched contour: {'x': 101, 'y': 702, 'd': 14, 'a': 644.0, 'p': 196.9767, 'e': 0.996162, 'id': 52, 'tq': 100}
JSON_entry: 52
Matched with first_id: 52 second_id: 17 name: 20230508_23
entry_id:20230508_23, entry saved to results list
WARNING: right_nodule_img.shape != (50, 50, 3) != (28, 50, 3)
@process_contour: max_id: 20230508_25
Moments: {'m00': 52.5, 'm10': 6991.0, 'm01': 34673.5, 'm20': 931662.9166666666, 'm11': 4616910.791666666, 'm02': 22900295.416666664, 'm30': 124256283.60000001, 'm21': 615240359.4666667, 'm12': 3049079090.7, 'm03': 15124795409.650002, 'mu20': 728.0404761903919, 'mu11': -278.51309523917735, 'mu02': 264.89761904254556, 'mu30': 380.5075283795595, 'mu21': -20.93226723681437, 'mu12': 20.027597535859968, 'mu03': -75.77817726135254, 'nu20': 0.26414166936612865, 'nu11': -0.1010478350074113, 'nu02': 0.09610797969797573, 'nu30': 0.019053071412623492, 'nu21': -0.001048136903334309, 'nu12': 0.0010028375724891985, 'nu03': -0.0037944243285477964}
Centroid: 133, 660
Processing contour#2: area: 52.5 centroid: 133, 660 rectangle: (127, 654, 14, 12)
@find_dayJSON_match_for_contour: x: 127, y: 654, w: 14, h: 12, area: 52.5
Matched with JSON#50: (137, 657, 5, 113.0, 36.9706, 0.599244)
Match with input JSON(nodules) ID: 50
Matched contour: {'x': 137, 'y': 657, 'd': 5, 'a': 113.0, 'p': 36.9706, 'e': 0.599244, 'id': 50, 'tq': 100}
JSON_entry: 50
Matched with first_id: 50 second_id: 20 name: 20230510_52
entry_id:20230510_52, entry saved to results list
created dirs at nodule_detection_path: output/crop978/nodules-last-detected-on/2023-05-10/52/detection and nodule_images_original_path: output/crop978/nodules-last-detected-on/2023-05-10/52
Segmented nodule image saved as output/crop978/nodules-last-detected-on/2023-05-10/52/detection/2023-05-08.jpg
Original nodule image saved as output/crop978/nodules-last-detected-on/2023-05-10/52/2023-05-08.jpg


@process_contour: max_id: 20230508_26
Moments: {'m00': 18.5, 'm10': 2916.833333333333, 'm01': 10105.666666666666, 'm20': 459916.0833333333, 'm11': 1593326.7916666665, 'm02': 5520270.916666666, 'm30': 72522479.45, 'm21': 251230199.93333334, 'm12': 870362733.9, 'm03': 3015490729.8, 'mu20': 28.694444444496185, 'mu11': 0.013888888992369175, 'mu02': 27.739489489234984, 'mu30': -4.670370370149612, 'mu21': -0.8141641630663798, 'mu12': 4.198548689174459, 'mu03': 3.0110092163085938, 'nu20': 0.08384059735426205, 'nu11': 4.0581121964555666e-05, 'nu02': 0.08105037104232284, 'nu30': -0.0031726488098699182, 'nu21': -0.000553073259350209, 'nu12': 0.002852133652403147, 'nu03': 0.0020454212513177613}
Centroid: 157, 546
Processing contour#3: area: 18.5 centroid: 157, 546 rectangle: (155, 544, 6, 6)
@find_dayJSON_match_for_contour: x: 155, y: 544, w: 6, h: 6, area: 18.5
Matched with JSON#49: (157, 546, 4, 78.0, 30.7279, 0.512183)
Match with input JSON(nodules) ID: 49
Matched contour: {'x': 157, 'y': 546, 'd': 4, 'a': 78.0, 'p': 30.7279, 'e': 0.512183, 'id': 49, 'tq': 100}
JSON_entry: 49
Matched with first_id: 49 second_id: 19 name: 20230512_100
entry_id:20230512_100, entry saved to results list
created dirs at nodule_detection_path: output/crop978/nodules-last-detected-on/2023-05-12/100/detection and nodule_images_original_path: output/crop978/nodules-last-detected-on/2023-05-12/100
Segmented nodule image saved as output/crop978/nodules-last-detected-on/2023-05-12/100/detection/2023-05-08.jpg
Original nodule image saved as output/crop978/nodules-last-detected-on/2023-05-12/100/2023-05-08.jpg


@process_contour: max_id: 20230508_27
Moments: {'m00': 1.0, 'm10': 74.5, 'm01': 428.5, 'm20': 5550.333333333333, 'm11': 31923.25, 'm02': 183612.3333333333, 'm30': 413512.25, 'm21': 2378317.8333333335, 'm12': 13679118.833333334, 'm03': 78677956.25, 'mu20': 0.08333333333303017, 'mu11': 0.0, 'mu02': 0.08333333331393078, 'mu30': 5.820766091346741e-11, 'mu21': 2.85126589005813e-10, 'mu12': 2.066371962428093e-09, 'mu03': 2.9802322387695312e-08, 'nu20': 0.08333333333303017, 'nu11': 0.0, 'nu02': 0.08333333331393078, 'nu30': 5.820766091346741e-11, 'nu21': 2.85126589005813e-10, 'nu12': 2.066371962428093e-09, 'nu03': 2.9802322387695312e-08}
Centroid: 74, 428
Processing contour#4: area: 1.0 centroid: 74, 428 rectangle: (74, 428, 2, 2)
@find_dayJSON_match_for_contour: x: 74, y: 428, w: 2, h: 2, area: 1.0
Closest match: {'x': 30, 'y': 427, 'd': 5, 'a': 108.0, 'p': 35.5563, 'e': 0.424389}
No input JSON(nodules) match, ID:20230508_27 area: 1.0 position: {'x': 74, 'y': 428}
Matched contour: None
JSON_entry: ERROR
WARNING: match is empty
entry_id:20230508_27, entry saved to results list
created dirs at nodule_detection_path: output/crop978/nodules-last-detected-on/2023-05-08/27/detection and nodule_images_original_path: output/crop978/nodules-last-detected-on/2023-05-08/27
Segmented nodule image saved as output/crop978/nodules-last-detected-on/2023-05-08/27/detection/2023-05-08.jpg
Original nodule image saved as output/crop978/nodules-last-detected-on/2023-05-08/27/2023-05-08.jpg


@process_contour: max_id: 20230508_28
Moments: {'m00': 21.5, 'm10': 667.3333333333333, 'm01': 9206.833333333332, 'm20': 20746.75, 'm11': 285764.7916666666, 'm02': 3942638.25, 'm30': 646034.7000000001, 'm21': 8884026.233333332, 'm12': 122371269.39999999, 'm03': 1688373042.45, 'mu20': 33.551033591738815, 'mu11': -3.8956718345871195, 'mu02': 43.83010336011648, 'mu30': -1.452534904005006, 'mu21': -4.931084872840074, 'mu12': 4.660586273832223, 'mu03': 3.6458961963653564, 'nu20': 0.07258200885178759, 'nu11': -0.008427629712465374, 'nu02': 0.09481904458651483, 'nu30': -0.0006776889859325039, 'nu21': -0.0023006276116381594, 'nu12': 0.002174424846560122, 'nu03': 0.0017010150250554642}
Centroid: 31, 428
Processing contour#5: area: 21.5 centroid: 31, 428 rectangle: (28, 425, 7, 7)
@find_dayJSON_match_for_contour: x: 28, y: 425, w: 7, h: 7, area: 21.5
Matched with JSON#47: (30, 427, 5, 108.0, 35.5563, 0.424389)
Match with input JSON(nodules) ID: 47
Matched contour: {'x': 30, 'y': 427, 'd': 5, 'a': 108.0, 'p': 35.5563, 'e': 0.424389, 'id': 47, 'tq': 100}
JSON_entry: 47
Matched with first_id: 47 second_id: 13 name: 20230508_18
entry_id:20230508_18, entry saved to results list
created dirs at nodule_detection_path: output/crop978/nodules-last-detected-on/2023-05-08/18/detection and nodule_images_original_path: output/crop978/nodules-last-detected-on/2023-05-08/18
Segmented nodule image saved as output/crop978/nodules-last-detected-on/2023-05-08/18/detection/2023-05-08.jpg
Original nodule image saved as output/crop978/nodules-last-detected-on/2023-05-08/18/2023-05-08.jpg


@process_contour: max_id: 20230508_29
Moments: {'m00': 11.5, 'm10': 753.8333333333333, 'm01': 4817.666666666666, 'm20': 49422.58333333333, 'm11': 315802.5416666666, 'm02': 2018267.75, 'm30': 3240768.95, 'm21': 20704611.6, 'm12': 132299752.89999999, 'm03': 845520104.8000001, 'mu20': 8.262077294690243, 'mu11': 1.0006038647843525, 'mu02': 14.52294686040841, 'mu30': -0.3712735418230295, 'mu21': -0.6506651307972788, 'mu12': 1.0136140562101446, 'mu03': 0.7115379571914673, 'nu20': 0.06247317425096592, 'nu11': 0.00756600275829378, 'nu02': 0.10981434298985565, 'nu30': -0.000827845705481202, 'nu21': -0.0014508179914787566, 'nu12': 0.00226010191657805, 'nu03': 0.0015865489343934878}
Centroid: 65, 418
Processing contour#6: area: 11.5 centroid: 65, 418 rectangle: (64, 417, 4, 5)
@find_dayJSON_match_for_contour: x: 64, y: 417, w: 4, h: 5, area: 11.5
Matched with JSON#46: (65, 418, 3, 50.0, 24.7279, 0.58805)
Match with input JSON(nodules) ID: 46
Matched contour: {'x': 65, 'y': 418, 'd': 3, 'a': 50.0, 'p': 24.7279, 'e': 0.58805, 'id': 46, 'tq': 100}
JSON_entry: 46
Matched with first_id: 46 second_id: 22 name: 20230508_17
entry_id:20230508_17, entry saved to results list
created dirs at nodule_detection_path: output/crop978/nodules-last-detected-on/2023-05-08/17/detection and nodule_images_original_path: output/crop978/nodules-last-detected-on/2023-05-08/17
Segmented nodule image saved as output/crop978/nodules-last-detected-on/2023-05-08/17/detection/2023-05-08.jpg
Original nodule image saved as output/crop978/nodules-last-detected-on/2023-05-08/17/2023-05-08.jpg


@process_contour: max_id: 20230508_30
Moments: {'m00': 4.5, 'm10': 1129.1666666666665, 'm01': 1847.8333333333333, 'm20': 283338.4166666666, 'm11': 463668.9583333333, 'm02': 758777.4166666666, 'm30': 71097569.55, 'm21': 116346982.64999999, 'm12': 190396653.18333334, 'm03': 311578377.95, 'mu20': 1.2253086420241743, 'mu11': -0.33179012330947444, 'mu02': 2.299382716184482, 'mu30': 0.07411979138851166, 'mu21': 0.06380882956682399, 'mu12': -0.1797211259274718, 'mu03': -0.016506671905517578, 'nu20': 0.060509068741934534, 'nu11': -0.01638469744738145, 'nu02': 0.11354976376219664, 'nu30': 0.001725452085957164, 'nu21': 0.0014854207765029764, 'nu12': -0.004183770431795778, 'nu03': -0.0003842627041716197}
Centroid: 250, 410
Processing contour#7: area: 4.5 centroid: 250, 410 rectangle: (250, 409, 3, 4)
@find_dayJSON_match_for_contour: x: 250, y: 409, w: 3, h: 4, area: 4.5
Matched with JSON#45: (250, 410, 2, 20.0, 13.6569, 0.730297)
Match with input JSON(nodules) ID: 45
Matched contour: {'x': 250, 'y': 410, 'd': 2, 'a': 20.0, 'p': 13.6569, 'e': 0.730297, 'id': 45, 'tq': 100}
JSON_entry: 45
Matched with first_id: 45 second_id: 11 name: 20230510_45
entry_id:20230510_45, entry saved to results list
created dirs at nodule_detection_path: output/crop978/nodules-last-detected-on/2023-05-10/45/detection and nodule_images_original_path: output/crop978/nodules-last-detected-on/2023-05-10/45
Segmented nodule image saved as output/crop978/nodules-last-detected-on/2023-05-10/45/detection/2023-05-08.jpg
Original nodule image saved as output/crop978/nodules-last-detected-on/2023-05-10/45/2023-05-08.jpg


@process_contour: max_id: 20230508_31
Moments: {'m00': 15.0, 'm10': 3128.0, 'm01': 5810.666666666666, 'm20': 652319.1666666666, 'm11': 1211714.3333333333, 'm02': 2250936.1666666665, 'm30': 136041507.0, 'm21': 252692552.46666667, 'm12': 469392622.6666667, 'm03': 871972740.4000001, 'mu20': 26.900000000023283, 'mu11': -3.3555555555503815, 'mu02': 13.025925926398486, 'mu30': -2.3155555427074432, 'mu21': 2.771851854709894, 'mu12': 0.44641974146179564, 'mu03': -1.6714404821395874, 'nu20': 0.11955555555565904, 'nu11': -0.014913580246890585, 'nu02': 0.057893004117326605, 'nu30': -0.0026572172012219865, 'nu21': 0.0031808403174653508, 'nu12': 0.0005122892515851126, 'nu03': -0.0019180625634084496}
Centroid: 208, 387
Processing contour#8: area: 15.0 centroid: 208, 387 rectangle: (206, 385, 6, 5)
@find_dayJSON_match_for_contour: x: 206, y: 385, w: 6, h: 5, area: 15.0
Matched with JSON#44: (208, 387, 4, 69.0, 28.1421, 0.332493)
Match with input JSON(nodules) ID: 44
Matched contour: {'x': 208, 'y': 387, 'd': 4, 'a': 69.0, 'p': 28.1421, 'e': 0.332493, 'id': 44, 'tq': 100}
JSON_entry: 44
Matched with first_id: 44 second_id: 16 name: 20230524_110
entry_id:20230524_110, entry saved to results list
created dirs at nodule_detection_path: output/crop978/nodules-last-detected-on/2023-05-24/110/detection and nodule_images_original_path: output/crop978/nodules-last-detected-on/2023-05-24/110
Segmented nodule image saved as output/crop978/nodules-last-detected-on/2023-05-24/110/detection/2023-05-08.jpg
Original nodule image saved as output/crop978/nodules-last-detected-on/2023-05-24/110/2023-05-08.jpg


@process_contour: max_id: 20230508_32
Moments: {'m00': 5.5, 'm10': 1173.6666666666665, 'm01': 2062.1666666666665, 'm20': 250457.0833333333, 'm11': 440053.4583333333, 'm02': 773189.25, 'm30': 53447615.800000004, 'm21': 93906051.6, 'm12': 164993592.1, 'm03': 289900406.05, 'mu20': 3.7297979798167944, 'mu11': -0.4103535353206098, 'mu02': 1.7297979798167944, 'mu30': 0.3058157414197922, 'mu21': -0.2989133866785778, 'mu12': -0.13913377701783247, 'mu03': 0.1157330870628357, 'nu20': 0.12329910677080312, 'nu11': -0.01356540612630115, 'nu02': 0.057183404291464277, 'nu30': 0.004310752736761773, 'nu21': -0.004213457730125909, 'nu12': -0.001961217912691812, 'nu03': 0.0016313637730805159}
Centroid: 213, 374
Processing contour#9: area: 5.5 centroid: 213, 374 rectangle: (212, 374, 4, 3)
@find_dayJSON_match_for_contour: x: 212, y: 374, w: 4, h: 3, area: 5.5
Matched with JSON#43: (212, 374, 2, 24.0, 16.4853, 0.384847)
Match with input JSON(nodules) ID: 43
Matched contour: {'x': 212, 'y': 374, 'd': 2, 'a': 24.0, 'p': 16.4853, 'e': 0.384847, 'id': 43, 'tq': 100}
JSON_entry: 43
Matched with first_id: 43 second_id: 12 name: 20230508_14
entry_id:20230508_14, entry saved to results list
created dirs at nodule_detection_path: output/crop978/nodules-last-detected-on/2023-05-08/14/detection and nodule_images_original_path: output/crop978/nodules-last-detected-on/2023-05-08/14
Segmented nodule image saved as output/crop978/nodules-last-detected-on/2023-05-08/14/detection/2023-05-08.jpg
Original nodule image saved as output/crop978/nodules-last-detected-on/2023-05-08/14/2023-05-08.jpg


@process_contour: max_id: 20230508_33
Moments: {'m00': 49.0, 'm10': 1594.1666666666665, 'm01': 17445.0, 'm20': 52069.33333333333, 'm11': 567539.0833333333, 'm02': 6210967.833333333, 'm30': 1707394.9500000002, 'm21': 18536686.25, 'm12': 202055701.98333332, 'm03': 2211367871.5, 'mu20': 204.6933106576107, 'mu11': -16.78401360544376, 'mu02': 191.81292517017573, 'mu30': 51.56099927471951, 'mu21': 33.04653154272819, 'mu12': -59.10654818443527, 'mu03': -10.244064807891846, 'nu20': 0.0852533572085009, 'nu11': -0.006990426324632968, 'nu02': 0.07988876516875289, 'nu30': 0.0030678288376699884, 'nu21': 0.0019662361838952923, 'nu12': -0.0035167815900776613, 'nu03': -0.0006095117991248791}
Centroid: 32, 356
Processing contour#10: area: 49.0 centroid: 32, 356 rectangle: (29, 352, 9, 9)
@find_dayJSON_match_for_contour: x: 29, y: 352, w: 9, h: 9, area: 49.0
Matched with JSON#42: (32, 356, 7, 183.0, 47.799, 0.421121)
Match with input JSON(nodules) ID: 42
Matched contour: {'x': 32, 'y': 356, 'd': 7, 'a': 183.0, 'p': 47.799, 'e': 0.421121, 'id': 42, 'tq': 100}
JSON_entry: 42
Matched with first_id: 42 second_id: 10 name: 20230508_13
entry_id:20230508_13, entry saved to results list
created dirs at nodule_detection_path: output/crop978/nodules-last-detected-on/2023-05-08/13/detection and nodule_images_original_path: output/crop978/nodules-last-detected-on/2023-05-08/13
Segmented nodule image saved as output/crop978/nodules-last-detected-on/2023-05-08/13/detection/2023-05-08.jpg
Original nodule image saved as output/crop978/nodules-last-detected-on/2023-05-08/13/2023-05-08.jpg


@process_contour: max_id: 20230508_34
Moments: {'m00': 21.5, 'm10': 3666.1666666666665, 'm01': 6588.166666666666, 'm20': 625190.25, 'm11': 1123413.9583333333, 'm02': 2018826.25, 'm30': 106619936.05000001, 'm21': 191576088.35, 'm12': 344251373.68333334, 'm03': 618645069.0500001, 'mu20': 37.78359173133504, 'mu11': 3.864018087973818, 'mu02': 38.34173126658425, 'mu30': -3.334376946091652, 'mu21': 0.0875057227385696, 'mu12': 5.44463570829339, 'mu03': -1.1580655574798584, 'nu20': 0.08173843533009201, 'nu11': 0.008359152164356556, 'nu02': 0.0829458761851471, 'nu30': -0.001555673825863384, 'nu21': 4.082632668067556e-05, 'nu12': 0.002540227874560274, 'nu03': -0.0005403025229397037}
Centroid: 170, 306
Processing contour#11: area: 21.5 centroid: 170, 306 rectangle: (168, 304, 6, 6)
@find_dayJSON_match_for_contour: x: 168, y: 304, w: 6, h: 6, area: 21.5
Matched with JSON#41: (170, 306, 5, 98.0, 34.1421, 0.308344)
Match with input JSON(nodules) ID: 41
Matched contour: {'x': 170, 'y': 306, 'd': 5, 'a': 98.0, 'p': 34.1421, 'e': 0.308344, 'id': 41, 'tq': 100}
JSON_entry: 41
Matched with first_id: 41 second_id: 14 name: 20230515_73
entry_id:20230515_73, entry saved to results list
created dirs at nodule_detection_path: output/crop978/nodules-last-detected-on/2023-05-15/73/detection and nodule_images_original_path: output/crop978/nodules-last-detected-on/2023-05-15/73
Segmented nodule image saved as output/crop978/nodules-last-detected-on/2023-05-15/73/detection/2023-05-08.jpg
Original nodule image saved as output/crop978/nodules-last-detected-on/2023-05-15/73/2023-05-08.jpg


@process_contour: max_id: 20230508_35
Moments: {'m00': 9.5, 'm10': 1014.6666666666666, 'm01': 2767.0, 'm20': 108383.75, 'm11': 295533.5416666666, 'm02': 805931.0833333333, 'm30': 11578332.3, 'm21': 31567875.55, 'm12': 86078235.18333334, 'm03': 234741485.4, 'mu20': 10.229532163750264, 'mu11': -1.4758771929773502, 'mu02': 5.925438596517779, 'mu30': 2.040638145059347, 'mu21': -2.4713911937233206, 'mu12': -0.4360880061755097, 'mu03': 1.2988919913768768, 'nu20': 0.1133466167728561, 'nu11': -0.01635320989448587, 'nu02': 0.06565582932429671, 'nu30': 0.007335960551915133, 'nu21': -0.008884489564894153, 'nu12': -0.001567707836008242, 'nu03': 0.004669431683911869}
Centroid: 106, 291
Processing contour#12: area: 9.5 centroid: 106, 291 rectangle: (105, 290, 5, 4)
@find_dayJSON_match_for_contour: x: 105, y: 290, w: 5, h: 4, area: 9.5
Matched with JSON#39: (106, 291, 4, 56.0, 25.3137, 0.478872)
Match with input JSON(nodules) ID: 39
Matched contour: {'x': 106, 'y': 291, 'd': 4, 'a': 56.0, 'p': 25.3137, 'e': 0.478872, 'id': 39, 'tq': 100}
JSON_entry: 39
Matched with first_id: 39 second_id: 9 name: 20230508_11
entry_id:20230508_11, entry saved to results list
created dirs at nodule_detection_path: output/crop978/nodules-last-detected-on/2023-05-08/11/detection and nodule_images_original_path: output/crop978/nodules-last-detected-on/2023-05-08/11
Segmented nodule image saved as output/crop978/nodules-last-detected-on/2023-05-08/11/detection/2023-05-08.jpg
Original nodule image saved as output/crop978/nodules-last-detected-on/2023-05-08/11/2023-05-08.jpg


@process_contour: max_id: 20230508_36
Moments: {'m00': 19.0, 'm10': 4300.5, 'm01': 5527.666666666666, 'm20': 973416.3333333333, 'm11': 1251144.8333333333, 'm02': 1608192.1666666665, 'm30': 220339643.25, 'm21': 283196360.21666664, 'm12': 364002250.25, 'm03': 467887970.90000004, 'mu20': 32.109649122692645, 'mu11': 1.1228070177603513, 'mu02': 29.07309941551648, 'mu30': 5.534626126289368, 'mu21': 8.857786917782505, 'mu12': -3.7371499500613936, 'mu03': -10.472781360149384, 'nu20': 0.08894639646175247, 'nu11': 0.0031102687472585903, 'nu02': 0.08053490142802348, 'nu30': 0.003517258488814016, 'nu21': 0.0056291293246873535, 'nu12': -0.0023749612143425703, 'nu03': -0.006655459339070944}
Centroid: 226, 290
Processing contour#13: area: 19.0 centroid: 226, 290 rectangle: (224, 288, 6, 6)
@find_dayJSON_match_for_contour: x: 224, y: 288, w: 6, h: 6, area: 19.0
Matched with JSON#38: (226, 291, 4, 73.0, 29.5563, 0.279764)
Match with input JSON(nodules) ID: 38
Matched contour: {'x': 226, 'y': 291, 'd': 4, 'a': 73.0, 'p': 29.5563, 'e': 0.279764, 'id': 38, 'tq': 100}
JSON_entry: 38
Matched with first_id: 38 second_id: 21 name: 20230524_68
entry_id:20230524_68, entry saved to results list
created dirs at nodule_detection_path: output/crop978/nodules-last-detected-on/2023-05-24/68/detection and nodule_images_original_path: output/crop978/nodules-last-detected-on/2023-05-24/68
Segmented nodule image saved as output/crop978/nodules-last-detected-on/2023-05-24/68/detection/2023-05-08.jpg
Original nodule image saved as output/crop978/nodules-last-detected-on/2023-05-24/68/2023-05-08.jpg


@process_contour: max_id: 20230508_37
Moments: {'m00': 39.0, 'm10': 7923.333333333333, 'm01': 11224.166666666666, 'm20': 1609821.5, 'm11': 2280350.6666666665, 'm02': 3230552.6666666665, 'm30': 327095060.6, 'm21': 463314157.48333335, 'm12': 656339590.7833333, 'm03': 929893055.95, 'mu20': 98.13817663816735, 'mu11': 22.105413105804473, 'mu02': 247.09330484364182, 'mu30': -3.877926290035248, 'mu21': -76.27811150677371, 'mu12': 55.94818578295963, 'mu03': 533.1555726528168, 'nu20': 0.06452214111648083, 'nu11': 0.014533473442343505, 'nu02': 0.16245450680055346, 'nu30': -0.00040826112913580214, 'nu21': -0.008030422860827249, 'nu12': 0.0058901247193749815, 'nu03': 0.05612966307678471}
Centroid: 203, 287
Processing contour#14: area: 39.0 centroid: 203, 287 rectangle: (200, 284, 8, 12)
@find_dayJSON_match_for_contour: x: 200, y: 284, w: 8, h: 12, area: 39.0
Matched with JSON#37: (203, 287, 6, 128.0, 38.9706, 0.392447)
Match with input JSON(nodules) ID: 37
Matched contour: {'x': 203, 'y': 287, 'd': 6, 'a': 128.0, 'p': 38.9706, 'e': 0.392447, 'id': 37, 'tq': 100}
JSON_entry: 37
Matched with first_id: 37 second_id: 15 name: 20230508_9
entry_id:20230508_9, entry saved to results list
created dirs at nodule_detection_path: output/crop978/nodules-last-detected-on/2023-05-08/9/detection and nodule_images_original_path: output/crop978/nodules-last-detected-on/2023-05-08/9
Segmented nodule image saved as output/crop978/nodules-last-detected-on/2023-05-08/9/detection/2023-05-08.jpg
Original nodule image saved as output/crop978/nodules-last-detected-on/2023-05-08/9/2023-05-08.jpg


@process_contour: max_id: 20230508_38
Moments: {'m00': 13.0, 'm10': 3500.6666666666665, 'm01': 3674.0, 'm20': 942676.8333333333, 'm11': 989345.6666666666, 'm02': 1038352.8333333333, 'm30': 253851407.4, 'm21': 266416813.5, 'm12': 279611714.46666664, 'm03': 293467996.0, 'mu20': 10.132478632498533, 'mu11': 3.410256410134025, 'mu02': 23.910256410134025, 'mu30': -0.9653297960758209, 'mu21': 1.037804163634064, 'mu12': 5.970282748801765, 'mu03': -4.171597540378571, 'nu20': 0.05995549486685523, 'nu11': 0.020179032012627367, 'nu02': 0.1414808071605564, 'nu30': -0.0015842267080039005, 'nu21': 0.001703166192932471, 'nu12': 0.009797979326273491, 'nu03': -0.006846112349765315}
Centroid: 269, 282
Processing contour#15: area: 13.0 centroid: 269, 282 rectangle: (267, 280, 5, 6)
@find_dayJSON_match_for_contour: x: 267, y: 280, w: 5, h: 6, area: 13.0
Matched with JSON#36: (269, 282, 4, 57.0, 25.3137, 0.393457)
Match with input JSON(nodules) ID: 36
Matched contour: {'x': 269, 'y': 282, 'd': 4, 'a': 57.0, 'p': 25.3137, 'e': 0.393457, 'id': 36, 'tq': 100}
JSON_entry: 36
Matched with first_id: 36 second_id: 8 name: 20230508_8
entry_id:20230508_8, entry saved to results list
created dirs at nodule_detection_path: output/crop978/nodules-last-detected-on/2023-05-08/8/detection and nodule_images_original_path: output/crop978/nodules-last-detected-on/2023-05-08/8
Segmented nodule image saved as output/crop978/nodules-last-detected-on/2023-05-08/8/detection/2023-05-08.jpg
Original nodule image saved as output/crop978/nodules-last-detected-on/2023-05-08/8/2023-05-08.jpg


@process_contour: max_id: 20230508_39
Moments: {'m00': 58.0, 'm10': 12943.833333333332, 'm01': 15161.666666666666, 'm20': 2888998.5, 'm11': 3383313.833333333, 'm02': 3964013.6666666665, 'm30': 644883325.85, 'm21': 755069851.3833333, 'm12': 884485896.7833333, 'm03': 1036555334.9000001, 'mu20': 329.16618773993105, 'mu11': -308.34578543994576, 'mu02': 632.0095785446465, 'mu30': -60.853381752967834, 'mu21': 25.442153082360164, 'mu12': -2.5331330506014638, 'mu03': -156.7074338197708, 'nu20': 0.097849639637316, 'nu11': -0.09166045940545355, 'nu02': 0.18787442881826588, 'nu30': -0.0023752795735532506, 'nu21': 0.0009930791811877846, 'nu12': -9.887534626443079e-05, 'nu03': -0.006116734285813064}
Centroid: 223, 261
Processing contour#16: area: 58.0 centroid: 223, 261 rectangle: (218, 255, 11, 13)
@find_dayJSON_match_for_contour: x: 218, y: 255, w: 11, h: 13, area: 58.0
Matched with JSON#34: (225, 257, 5, 97.0, 34.1421, 0.435608)
Match with input JSON(nodules) ID: 34
Matched contour: {'x': 225, 'y': 257, 'd': 5, 'a': 97.0, 'p': 34.1421, 'e': 0.435608, 'id': 34, 'tq': 100}
JSON_entry: 34
WARNING: match is empty
entry_id:20230508_39, entry saved to results list
created dirs at nodule_detection_path: output/crop978/nodules-last-detected-on/2023-05-08/39/detection and nodule_images_original_path: output/crop978/nodules-last-detected-on/2023-05-08/39
Segmented nodule image saved as output/crop978/nodules-last-detected-on/2023-05-08/39/detection/2023-05-08.jpg
Original nodule image saved as output/crop978/nodules-last-detected-on/2023-05-08/39/2023-05-08.jpg


@process_contour: max_id: 20230508_40
Moments: {'m00': 21.5, 'm10': 4100.833333333333, 'm01': 5513.666666666666, 'm20': 782213.9166666666, 'm11': 1051655.0416666665, 'm02': 1414017.75, 'm30': 149210266.45000002, 'm21': 200597661.1, 'm12': 269703642.56666666, 'm03': 362644856.8, 'mu20': 35.5897932817461, 'mu11': -2.077196382218972, 'mu02': 40.0704134372063, 'mu30': -3.2655870020389557, 'mu21': -2.251416205168425, 'mu12': 4.557918126309232, 'mu03': 0.7974058389663696, 'nu20': 0.07699252197240906, 'nu11': -0.004493664428813351, 'nu02': 0.08668558883116559, 'nu30': -0.0015235794594568438, 'nu21': -0.0010504119114698657, 'nu12': 0.0021265243984603323, 'nu03': 0.00037203453968353943}
Centroid: 190, 256
Processing contour#17: area: 21.5 centroid: 190, 256 rectangle: (188, 254, 6, 6)
@find_dayJSON_match_for_contour: x: 188, y: 254, w: 6, h: 6, area: 21.5
Matched with JSON#33: (191, 256, 5, 91.0, 32.9706, 0.281421)
Match with input JSON(nodules) ID: 33
Matched contour: {'x': 191, 'y': 256, 'd': 5, 'a': 91.0, 'p': 32.9706, 'e': 0.281421, 'id': 33, 'tq': 100}
JSON_entry: 33
WARNING: match is empty
entry_id:20230508_40, entry saved to results list
created dirs at nodule_detection_path: output/crop978/nodules-last-detected-on/2023-05-08/40/detection and nodule_images_original_path: output/crop978/nodules-last-detected-on/2023-05-08/40
Segmented nodule image saved as output/crop978/nodules-last-detected-on/2023-05-08/40/detection/2023-05-08.jpg
Original nodule image saved as output/crop978/nodules-last-detected-on/2023-05-08/40/2023-05-08.jpg


@process_contour: max_id: 20230508_41
Moments: {'m00': 9.5, 'm10': 1940.8333333333333, 'm01': 2271.5, 'm20': 396522.5833333333, 'm11': 464062.4583333333, 'm02': 543133.25, 'm30': 81014485.45, 'm21': 94810220.05, 'm12': 110960688.98333333, 'm03': 129868720.65, 'mu20': 13.738304093596525, 'mu11': -1.0065789473010227, 'mu02': 5.644736842135899, 'mu30': 3.905806913971901, 'mu21': -5.301338902815132, 'mu12': 0.23033240389531784, 'mu03': 2.606371194124222, 'nu20': 0.15222497610633268, 'nu11': -0.01115322933297532, 'nu02': 0.06254556057768308, 'nu30': 0.014041120182756335, 'nu21': -0.019057966331533917, 'nu12': 0.0008280299145122048, 'nu03': 0.009369733830584238}
Centroid: 204, 239
Processing contour#18: area: 9.5 centroid: 204, 239 rectangle: (202, 238, 6, 4)
@find_dayJSON_match_for_contour: x: 202, y: 238, w: 6, h: 4, area: 9.5
Matched with JSON#32: (204, 238, 3, 49.0, 23.0711, 0.498751)
Match with input JSON(nodules) ID: 32
Matched contour: {'x': 204, 'y': 238, 'd': 3, 'a': 49.0, 'p': 23.0711, 'e': 0.498751, 'id': 32, 'tq': 100}
JSON_entry: 32
WARNING: match is empty
entry_id:20230508_41, entry saved to results list
created dirs at nodule_detection_path: output/crop978/nodules-last-detected-on/2023-05-08/41/detection and nodule_images_original_path: output/crop978/nodules-last-detected-on/2023-05-08/41
Segmented nodule image saved as output/crop978/nodules-last-detected-on/2023-05-08/41/detection/2023-05-08.jpg
Original nodule image saved as output/crop978/nodules-last-detected-on/2023-05-08/41/2023-05-08.jpg


@process_contour: max_id: 20230508_42
Moments: {'m00': 12.0, 'm10': 2748.0, 'm01': 2754.0, 'm20': 629308.0, 'm11': 630666.0, 'm02': 632052.0, 'm30': 144118860.0, 'm21': 144426186.0, 'm12': 144739908.0, 'm03': 145060065.0, 'mu20': 16.0, 'mu11': 0.0, 'mu02': 9.0, 'mu30': 0.0, 'mu21': 0.0, 'mu12': 0.0, 'mu03': 0.0, 'nu20': 0.1111111111111111, 'nu11': 0.0, 'nu02': 0.0625, 'nu30': 0.0, 'nu21': 0.0, 'nu12': 0.0, 'nu03': 0.0}
Centroid: 229, 229
Processing contour#19: area: 12.0 centroid: 229, 229 rectangle: (227, 228, 5, 4)
@find_dayJSON_match_for_contour: x: 227, y: 228, w: 5, h: 4, area: 12.0
Matched with JSON#31: (228, 229, 3, 50.0, 23.8995, 0.191347)
Match with input JSON(nodules) ID: 31
Matched contour: {'x': 228, 'y': 229, 'd': 3, 'a': 50.0, 'p': 23.8995, 'e': 0.191347, 'id': 31, 'tq': 100}
JSON_entry: 31
WARNING: match is empty
entry_id:20230508_42, entry saved to results list
created dirs at nodule_detection_path: output/crop978/nodules-last-detected-on/2023-05-08/42/detection and nodule_images_original_path: output/crop978/nodules-last-detected-on/2023-05-08/42
Segmented nodule image saved as output/crop978/nodules-last-detected-on/2023-05-08/42/detection/2023-05-08.jpg
Original nodule image saved as output/crop978/nodules-last-detected-on/2023-05-08/42/2023-05-08.jpg


@process_contour: max_id: 20230508_43
Moments: {'m00': 24.5, 'm10': 5403.333333333333, 'm01': 5646.166666666666, 'm20': 1191723.5833333333, 'm11': 1245231.7916666665, 'm02': 1301241.4166666665, 'm30': 262849648.70000002, 'm21': 274640637.93333334, 'm12': 286982370.9, 'm03': 299901499.05, 'mu20': 49.660430839285254, 'mu11': 2.3812358279246837, 'mu02': 49.660430839285254, 'mu30': -1.3272263407707214, 'mu21': -3.100097978485792, 'mu12': 3.1000978872198175, 'mu03': 1.3272262811660767, 'nu20': 0.08273291268518991, 'nu11': 0.003967073432610884, 'nu02': 0.08273291268518991, 'nu30': -0.000446714224182012, 'nu21': -0.0010434225277229775, 'nu12': 0.0010434224970049246, 'nu03': 0.0004467142041204431}
Centroid: 220, 230
Processing contour#20: area: 24.5 centroid: 220, 230 rectangle: (218, 228, 6, 6)
@find_dayJSON_match_for_contour: x: 218, y: 228, w: 6, h: 6, area: 24.5
Matched with JSON#30: (220, 230, 5, 110.0, 36.9706, 0.356952)
Match with input JSON(nodules) ID: 30
Matched contour: {'x': 220, 'y': 230, 'd': 5, 'a': 110.0, 'p': 36.9706, 'e': 0.356952, 'id': 30, 'tq': 100}
JSON_entry: 30
WARNING: match is empty
entry_id:20230508_43, entry saved to results list
created dirs at nodule_detection_path: output/crop978/nodules-last-detected-on/2023-05-08/43/detection and nodule_images_original_path: output/crop978/nodules-last-detected-on/2023-05-08/43
Segmented nodule image saved as output/crop978/nodules-last-detected-on/2023-05-08/43/detection/2023-05-08.jpg
Original nodule image saved as output/crop978/nodules-last-detected-on/2023-05-08/43/2023-05-08.jpg


@process_contour: max_id: 20230508_44
Moments: {'m00': 16.5, 'm10': 2874.6666666666665, 'm01': 3746.833333333333, 'm20': 500857.5833333333, 'm11': 652780.4583333333, 'm02': 850852.75, 'm30': 87269853.30000001, 'm21': 113734737.23333333, 'm12': 148236921.93333334, 'm03': 193220872.45000002, 'mu20': 26.76851851848187, 'mu11': -1.1712962962919846, 'mu02': 18.80892255913932, 'mu30': 4.773251056671143, 'mu21': 0.6082865836197016, 'mu12': -2.9977366166813226, 'mu03': 0.13155454397201538, 'nu20': 0.09832330034336775, 'nu11': -0.004302282080044021, 'nu02': 0.0690869515487211, 'nu30': 0.004316228388498266, 'nu21': 0.0005500451975792369, 'nu12': -0.0027107134597659835, 'nu03': 0.00011895864068041553}
Centroid: 174, 227
Processing contour#21: area: 16.5 centroid: 174, 227 rectangle: (172, 225, 6, 5)
@find_dayJSON_match_for_contour: x: 172, y: 225, w: 6, h: 5, area: 16.5
Matched with JSON#29: (173, 227, 5, 84.0, 31.5563, 0.489453)
Match with input JSON(nodules) ID: 29
Matched contour: {'x': 173, 'y': 227, 'd': 5, 'a': 84.0, 'p': 31.5563, 'e': 0.489453, 'id': 29, 'tq': 100}
JSON_entry: 29
Matched with first_id: 29 second_id: 7 name: 20230508_7
entry_id:20230508_7, entry saved to results list
created dirs at nodule_detection_path: output/crop978/nodules-last-detected-on/2023-05-08/7/detection and nodule_images_original_path: output/crop978/nodules-last-detected-on/2023-05-08/7
Segmented nodule image saved as output/crop978/nodules-last-detected-on/2023-05-08/7/detection/2023-05-08.jpg
Original nodule image saved as output/crop978/nodules-last-detected-on/2023-05-08/7/2023-05-08.jpg


@process_contour: max_id: 20230508_45
Moments: {'m00': 17.0, 'm10': 4067.6666666666665, 'm01': 3748.5, 'm20': 973306.8333333333, 'm11': 896920.5, 'm02': 826576.3333333333, 'm30': 232896071.9, 'm21': 214614156.75, 'm12': 197778652.71666667, 'm03': 182274230.25, 'mu20': 17.885620915098116, 'mu11': 0.0, 'mu02': 32.08333333325572, 'mu30': -2.6809944808483124, 'mu21': 4.3422915041446686e-08, 'mu12': 5.742810478073807, 'mu03': 5.960464477539063e-08, 'nu20': 0.061887961643938116, 'nu11': 0.0, 'nu02': 0.11101499423271877, 'nu30': -0.0022499538828079737, 'nu21': 3.6441535780196734e-11, 'nu12': 0.004819502175656861, 'nu03': 5.002162552134243e-11}
Centroid: 239, 220
Processing contour#22: area: 17.0 centroid: 239, 220 rectangle: (237, 218, 5, 6)
@find_dayJSON_match_for_contour: x: 237, y: 218, w: 5, h: 6, area: 17.0
Matched with JSON#28: (239, 220, 4, 78.0, 30.1421, 0.168548)
Match with input JSON(nodules) ID: 28
Matched contour: {'x': 239, 'y': 220, 'd': 4, 'a': 78.0, 'p': 30.1421, 'e': 0.168548, 'id': 28, 'tq': 100}
JSON_entry: 28
WARNING: match is empty
entry_id:20230508_45, entry saved to results list
created dirs at nodule_detection_path: output/crop978/nodules-last-detected-on/2023-05-08/45/detection and nodule_images_original_path: output/crop978/nodules-last-detected-on/2023-05-08/45
Segmented nodule image saved as output/crop978/nodules-last-detected-on/2023-05-08/45/detection/2023-05-08.jpg
Original nodule image saved as output/crop978/nodules-last-detected-on/2023-05-08/45/2023-05-08.jpg


@process_contour: max_id: 20230508_46
Moments: {'m00': 9.5, 'm10': 1901.8333333333333, 'm01': 2049.5, 'm20': 380743.9166666666, 'm11': 410294.0416666666, 'm02': 442158.5833333333, 'm30': 76226353.95, 'm21': 82139901.78333333, 'm12': 88516409.15, 'm03': 95392451.85000001, 'mu20': 10.229532163764816, 'mu11': -1.4758771929773502, 'mu02': 5.925438596459571, 'mu30': -2.0406381338834763, 'mu21': 2.471391206285716, 'mu12': 0.4360880533351974, 'mu03': -1.298891931772232, 'nu20': 0.11334661677301733, 'nu11': -0.01635320989448587, 'nu02': 0.06565582932365174, 'nu30': -0.007335960511738609, 'nu21': 0.008884489610055142, 'nu12': 0.0015677080055442323, 'nu03': -0.004669431469637073}
Centroid: 200, 215
Processing contour#23: area: 9.5 centroid: 200, 215 rectangle: (198, 214, 5, 4)
@find_dayJSON_match_for_contour: x: 198, y: 214, w: 5, h: 4, area: 9.5
Matched with JSON#27: (200, 215, 3, 40.0, 21.8995, 0.650932)
Match with input JSON(nodules) ID: 27
Matched contour: {'x': 200, 'y': 215, 'd': 3, 'a': 40.0, 'p': 21.8995, 'e': 0.650932, 'id': 27, 'tq': 100}
JSON_entry: 27
WARNING: match is empty
entry_id:20230508_46, entry saved to results list
created dirs at nodule_detection_path: output/crop978/nodules-last-detected-on/2023-05-08/46/detection and nodule_images_original_path: output/crop978/nodules-last-detected-on/2023-05-08/46
Segmented nodule image saved as output/crop978/nodules-last-detected-on/2023-05-08/46/detection/2023-05-08.jpg
Original nodule image saved as output/crop978/nodules-last-detected-on/2023-05-08/46/2023-05-08.jpg


@process_contour: max_id: 20230508_47
Moments: {'m00': 25.0, 'm10': 5819.5, 'm01': 4807.166666666666, 'm20': 1354714.6666666665, 'm11': 1119013.8333333333, 'm02': 924404.6666666666, 'm30': 315374430.75, 'm21': 260494302.29999998, 'm12': 215183532.0, 'm03': 177770156.65, 'mu20': 51.4566666665487, 'mu11': 1.5766666668932885, 'mu02': 50.61222222249489, 'mu30': -5.52239990234375, 'mu21': 0.7292887921739748, 'mu12': 7.349377710761473, 'mu03': 0.5345480740070343, 'nu20': 0.08233066666647793, 'nu11': 0.002522666667029262, 'nu02': 0.08097955555599183, 'nu30': -0.0017671679687500002, 'nu21': 0.00023337241349567195, 'nu12': 0.002351800867443672, 'nu03': 0.000171055383682251}
Centroid: 232, 192
Processing contour#24: area: 25.0 centroid: 232, 192 rectangle: (230, 189, 7, 7)
@find_dayJSON_match_for_contour: x: 230, y: 189, w: 7, h: 7, area: 25.0
Matched with JSON#26: (232, 192, 5, 98.0, 34.1421, 0.430139)
Match with input JSON(nodules) ID: 26
Matched contour: {'x': 232, 'y': 192, 'd': 5, 'a': 98.0, 'p': 34.1421, 'e': 0.430139, 'id': 26, 'tq': 100}
JSON_entry: 26
WARNING: match is empty
entry_id:20230508_47, entry saved to results list
created dirs at nodule_detection_path: output/crop978/nodules-last-detected-on/2023-05-08/47/detection and nodule_images_original_path: output/crop978/nodules-last-detected-on/2023-05-08/47
Segmented nodule image saved as output/crop978/nodules-last-detected-on/2023-05-08/47/detection/2023-05-08.jpg
Original nodule image saved as output/crop978/nodules-last-detected-on/2023-05-08/47/2023-05-08.jpg


@process_contour: max_id: 20230508_48
Moments: {'m00': 9.0, 'm10': 1867.5, 'm01': 1705.5, 'm20': 387513.0, 'm11': 353891.25, 'm02': 323199.0, 'm30': 80411748.75, 'm21': 73433713.5, 'm12': 67063792.5, 'm03': 61248768.75, 'mu20': 6.75, 'mu11': 0.0, 'mu02': 6.75, 'mu30': 0.0, 'mu21': 0.0, 'mu12': 0.0, 'mu03': 0.0, 'nu20': 0.08333333333333333, 'nu11': 0.0, 'nu02': 0.08333333333333333, 'nu30': 0.0, 'nu21': 0.0, 'nu12': 0.0, 'nu03': 0.0}
Centroid: 207, 189
Processing contour#25: area: 9.0 centroid: 207, 189 rectangle: (206, 188, 4, 4)
@find_dayJSON_match_for_contour: x: 206, y: 188, w: 4, h: 4, area: 9.0
Matched with JSON#25: (207, 189, 3, 38.0, 20.4853, 0.37083)
Match with input JSON(nodules) ID: 25
Matched contour: {'x': 207, 'y': 189, 'd': 3, 'a': 38.0, 'p': 20.4853, 'e': 0.37083, 'id': 25, 'tq': 100}
JSON_entry: 25
WARNING: match is empty
entry_id:20230508_48, entry saved to results list
created dirs at nodule_detection_path: output/crop978/nodules-last-detected-on/2023-05-08/48/detection and nodule_images_original_path: output/crop978/nodules-last-detected-on/2023-05-08/48
Segmented nodule image saved as output/crop978/nodules-last-detected-on/2023-05-08/48/detection/2023-05-08.jpg
Original nodule image saved as output/crop978/nodules-last-detected-on/2023-05-08/48/2023-05-08.jpg


@process_contour: max_id: 20230508_49
Moments: {'m00': 11.5, 'm10': 2762.833333333333, 'm01': 2116.333333333333, 'm20': 663771.9166666666, 'm11': 508440.7916666666, 'm02': 389477.4166666666, 'm30': 159474185.45000002, 'm21': 122152973.56666666, 'm12': 93570310.56666666, 'm03': 71679086.2, 'mu20': 11.218599034007639, 'mu11': -0.623792270431295, 'mu02': 10.740338164323475, 'mu30': -3.0139957070350647, 'mu21': 0.8619652420852617, 'mu12': 1.9542777986562214, 'mu03': -0.7342225015163422, 'nu20': 0.0848287261550672, 'nu11': -0.004716765749953081, 'nu02': 0.08121238687579187, 'nu30': -0.0067204449586043425, 'nu21': 0.001921963575509723, 'nu12': 0.004357543160740408, 'nu03': -0.0016371297070171857}
Centroid: 240, 184
Processing contour#26: area: 11.5 centroid: 240, 184 rectangle: (238, 182, 5, 5)
@find_dayJSON_match_for_contour: x: 238, y: 182, w: 5, h: 5, area: 11.5
Matched with JSON#24: (240, 184, 3, 50.0, 23.8995, 0.373376)
Match with input JSON(nodules) ID: 24
Matched contour: {'x': 240, 'y': 184, 'd': 3, 'a': 50.0, 'p': 23.8995, 'e': 0.373376, 'id': 24, 'tq': 100}
JSON_entry: 24
WARNING: match is empty
entry_id:20230508_49, entry saved to results list
created dirs at nodule_detection_path: output/crop978/nodules-last-detected-on/2023-05-08/49/detection and nodule_images_original_path: output/crop978/nodules-last-detected-on/2023-05-08/49
Segmented nodule image saved as output/crop978/nodules-last-detected-on/2023-05-08/49/detection/2023-05-08.jpg
Original nodule image saved as output/crop978/nodules-last-detected-on/2023-05-08/49/2023-05-08.jpg


@process_contour: max_id: 20230508_50
Moments: {'m00': 29.5, 'm10': 6006.833333333333, 'm01': 5378.333333333333, 'm20': 1223208.5833333333, 'm11': 1095139.4583333333, 'm02': 980614.4166666666, 'm30': 249107511.45000002, 'm21': 223009060.06666666, 'm12': 199672442.56666666, 'm03': 178802540.20000002, 'mu20': 88.35640301322564, 'mu11': -4.675376647850499, 'mu02': 56.1304143127054, 'mu30': 0.38695675134658813, 'mu21': -1.931452737251675, 'mu12': -0.6100253270305984, 'mu03': -1.51058229804039, 'nu20': 0.10152990866213807, 'nu11': -0.00537245233881126, 'nu02': 0.06449918335272094, 'nu30': 8.186671956657556e-05, 'nu21': -0.00040862886885013075, 'nu12': -0.00012906034641528132, 'nu03': -0.00031958718111404843}
Centroid: 203, 182
Processing contour#27: area: 29.5 centroid: 203, 182 rectangle: (200, 179, 8, 7)
@find_dayJSON_match_for_contour: x: 200, y: 179, w: 8, h: 7, area: 29.5
Matched with JSON#23: (203, 182, 5, 111.0, 36.9706, 0.181451)
Match with input JSON(nodules) ID: 23
Matched contour: {'x': 203, 'y': 182, 'd': 5, 'a': 111.0, 'p': 36.9706, 'e': 0.181451, 'id': 23, 'tq': 100}
JSON_entry: 23
WARNING: match is empty
entry_id:20230508_50, entry saved to results list
created dirs at nodule_detection_path: output/crop978/nodules-last-detected-on/2023-05-08/50/detection and nodule_images_original_path: output/crop978/nodules-last-detected-on/2023-05-08/50
Segmented nodule image saved as output/crop978/nodules-last-detected-on/2023-05-08/50/detection/2023-05-08.jpg
Original nodule image saved as output/crop978/nodules-last-detected-on/2023-05-08/50/2023-05-08.jpg


@process_contour: max_id: 20230508_51
Moments: {'m00': 18.0, 'm10': 4311.0, 'm01': 3114.0, 'm20': 1032516.6666666666, 'm11': 745803.0, 'm02': 538743.0, 'm30': 247303149.5, 'm21': 178625383.33333334, 'm12': 129028948.5, 'm03': 93209805.0, 'mu20': 32.16666666662786, 'mu11': 0.0, 'mu02': 21.0, 'mu30': 2.9802322387695312e-08, 'mu21': 1.664739102125168e-08, 'mu12': 0.0, 'mu03': 0.0, 'nu20': 0.09927983539082673, 'nu11': 0.0, 'nu02': 0.06481481481481481, 'nu30': 2.1680477629060714e-11, 'nu21': 1.2110579300608134e-11, 'nu12': 0.0, 'nu03': 0.0}
Centroid: 239, 173
Processing contour#28: area: 18.0 centroid: 239, 173 rectangle: (237, 171, 6, 5)
@find_dayJSON_match_for_contour: x: 237, y: 171, w: 6, h: 5, area: 18.0
Matched with JSON#22: (239, 173, 5, 80.0, 30.9706, 0.211145)
Match with input JSON(nodules) ID: 22
Matched contour: {'x': 239, 'y': 173, 'd': 5, 'a': 80.0, 'p': 30.9706, 'e': 0.211145, 'id': 22, 'tq': 100}
JSON_entry: 22
WARNING: match is empty
entry_id:20230508_51, entry saved to results list
created dirs at nodule_detection_path: output/crop978/nodules-last-detected-on/2023-05-08/51/detection and nodule_images_original_path: output/crop978/nodules-last-detected-on/2023-05-08/51
Segmented nodule image saved as output/crop978/nodules-last-detected-on/2023-05-08/51/detection/2023-05-08.jpg
Original nodule image saved as output/crop978/nodules-last-detected-on/2023-05-08/51/2023-05-08.jpg


@process_contour: max_id: 20230508_52
Moments: {'m00': 13.0, 'm10': 2903.6666666666665, 'm01': 2210.0, 'm20': 648572.1666666666, 'm11': 493623.3333333333, 'm02': 375716.1666666666, 'm30': 144869843.9, 'm21': 110257268.33333333, 'm12': 83919579.63333333, 'm03': 63877245.0, 'mu20': 12.158119658124633, 'mu11': 0.0, 'mu02': 16.16666666662786, 'mu30': -1.2947183847427368, 'mu21': -2.3515895009040833e-08, 'mu12': 1.996581207235522, 'mu03': 2.2351741790771484e-08, 'nu20': 0.0719415364386073, 'nu11': 0.0, 'nu02': 0.09566074950667375, 'nu30': -0.0021247945031751714, 'nu21': -3.859251945540485e-11, 'nu12': 0.0032766390160744057, 'nu03': 3.6681998690285794e-11}
Centroid: 223, 170
Processing contour#29: area: 13.0 centroid: 223, 170 rectangle: (221, 168, 5, 5)
@find_dayJSON_match_for_contour: x: 221, y: 168, w: 5, h: 5, area: 13.0
Matched with JSON#21: (223, 170, 4, 53.0, 24.7279, 0.276979)
Match with input JSON(nodules) ID: 21
Matched contour: {'x': 223, 'y': 170, 'd': 4, 'a': 53.0, 'p': 24.7279, 'e': 0.276979, 'id': 21, 'tq': 100}
JSON_entry: 21
WARNING: match is empty
entry_id:20230508_52, entry saved to results list
created dirs at nodule_detection_path: output/crop978/nodules-last-detected-on/2023-05-08/52/detection and nodule_images_original_path: output/crop978/nodules-last-detected-on/2023-05-08/52
Segmented nodule image saved as output/crop978/nodules-last-detected-on/2023-05-08/52/detection/2023-05-08.jpg
Original nodule image saved as output/crop978/nodules-last-detected-on/2023-05-08/52/2023-05-08.jpg


@process_contour: max_id: 20230508_53
Moments: {'m00': 1.0, 'm10': 236.5, 'm01': 166.5, 'm20': 55932.33333333333, 'm11': 39377.25, 'm02': 27722.333333333332, 'm30': 13228036.25, 'm21': 9312733.5, 'm12': 6556331.833333333, 'm03': 4615796.25, 'mu20': 0.0833333333284827, 'mu11': 0.0, 'mu02': 0.08333333333212067, 'mu30': 3.725290298461914e-09, 'mu21': 8.076312951743603e-10, 'mu12': -2.3646862246096134e-11, 'mu03': 9.313225746154785e-10, 'nu20': 0.0833333333284827, 'nu11': 0.0, 'nu02': 0.08333333333212067, 'nu30': 3.725290298461914e-09, 'nu21': 8.076312951743603e-10, 'nu12': -2.3646862246096134e-11, 'nu03': 9.313225746154785e-10}
Centroid: 236, 166
Processing contour#30: area: 1.0 centroid: 236, 166 rectangle: (236, 166, 2, 2)
@find_dayJSON_match_for_contour: x: 236, y: 166, w: 2, h: 2, area: 1.0
Matched with JSON#20: (236, 166, 1, 6.0, 6.2426, 0.6742)
Match with input JSON(nodules) ID: 20
Matched contour: {'x': 236, 'y': 166, 'd': 1, 'a': 6.0, 'p': 6.2426, 'e': 0.6742, 'id': 20, 'tq': 100}
JSON_entry: 20
WARNING: match is empty
entry_id:20230508_53, entry saved to results list
created dirs at nodule_detection_path: output/crop978/nodules-last-detected-on/2023-05-08/53/detection and nodule_images_original_path: output/crop978/nodules-last-detected-on/2023-05-08/53
Segmented nodule image saved as output/crop978/nodules-last-detected-on/2023-05-08/53/detection/2023-05-08.jpg
Original nodule image saved as output/crop978/nodules-last-detected-on/2023-05-08/53/2023-05-08.jpg


@process_contour: max_id: 20230508_54
Moments: {'m00': 21.5, 'm10': 5215.666666666666, 'm01': 3177.6666666666665, 'm20': 1265299.75, 'm11': 770870.9583333333, 'm02': 469695.75, 'm30': 306965264.8, 'm21': 187011039.51666665, 'm12': 113944132.51666667, 'm03': 69432593.8, 'mu20': 35.620801033917814, 'mu11': 3.5113049095962197, 'mu02': 41.54328165377956, 'mu30': -5.0542256236076355, 'mu21': -5.437222351753007, 'mu12': 3.109078989327827, 'mu03': 10.095224633812904, 'nu20': 0.07705960202037385, 'nu11': 0.007596116624329301, 'nu02': 0.08987189108443386, 'nu30': -0.0023580796771854587, 'nu21': -0.0025367691280183797, 'nu12': 0.0014505596950903754, 'nu03': 0.0047099883975152464}
Centroid: 242, 147
Processing contour#31: area: 21.5 centroid: 242, 147 rectangle: (240, 145, 6, 7)
@find_dayJSON_match_for_contour: x: 240, y: 145, w: 6, h: 7, area: 21.5
Matched with JSON#19: (242, 147, 4, 75.0, 29.3137, 0.451146)
Match with input JSON(nodules) ID: 19
Matched contour: {'x': 242, 'y': 147, 'd': 4, 'a': 75.0, 'p': 29.3137, 'e': 0.451146, 'id': 19, 'tq': 100}
JSON_entry: 19
WARNING: match is empty
entry_id:20230508_54, entry saved to results list
created dirs at nodule_detection_path: output/crop978/nodules-last-detected-on/2023-05-08/54/detection and nodule_images_original_path: output/crop978/nodules-last-detected-on/2023-05-08/54
Segmented nodule image saved as output/crop978/nodules-last-detected-on/2023-05-08/54/detection/2023-05-08.jpg
Original nodule image saved as output/crop978/nodules-last-detected-on/2023-05-08/54/2023-05-08.jpg


@process_contour: max_id: 20230508_55
Moments: {'m00': 13.0, 'm10': 3037.333333333333, 'm01': 1911.0, 'm20': 709657.8333333333, 'm11': 446488.0, 'm02': 280933.1666666666, 'm30': 165810866.60000002, 'm21': 104319701.5, 'm12': 65637511.199999996, 'm03': 41301928.5, 'mu20': 12.158119658124633, 'mu11': 5.820766091346741e-11, 'mu02': 16.16666666662786, 'mu30': 1.2947184443473816, 'mu21': -3.015156835317612e-08, 'mu12': -1.9965811994356955, 'mu03': 1.4901161193847656e-08, 'nu20': 0.0719415364386073, 'nu11': 3.444240290737717e-13, 'nu02': 0.09566074950667375, 'nu30': 0.0021247946009938347, 'nu21': -4.948248781658344e-11, 'nu12': -0.0032766390032739163, 'nu03': 2.4454665793523863e-11}
Centroid: 233, 147
Processing contour#32: area: 13.0 centroid: 233, 147 rectangle: (232, 145, 5, 5)
@find_dayJSON_match_for_contour: x: 232, y: 145, w: 5, h: 5, area: 13.0
Matched with JSON#18: (233, 146, 4, 59.0, 25.3137, 0.402048)
Match with input JSON(nodules) ID: 18
Matched contour: {'x': 233, 'y': 146, 'd': 4, 'a': 59.0, 'p': 25.3137, 'e': 0.402048, 'id': 18, 'tq': 100}
JSON_entry: 18
WARNING: match is empty
entry_id:20230508_55, entry saved to results list
created dirs at nodule_detection_path: output/crop978/nodules-last-detected-on/2023-05-08/55/detection and nodule_images_original_path: output/crop978/nodules-last-detected-on/2023-05-08/55
Segmented nodule image saved as output/crop978/nodules-last-detected-on/2023-05-08/55/detection/2023-05-08.jpg
Original nodule image saved as output/crop978/nodules-last-detected-on/2023-05-08/55/2023-05-08.jpg


@process_contour: max_id: 20230508_56
Moments: {'m00': 17.0, 'm10': 3816.5, 'm01': 2469.6666666666665, 'm20': 856836.3333333333, 'm11': 554440.1666666666, 'm02': 358797.5, 'm30': 192374162.25, 'm21': 124476484.05, 'm12': 80550038.75, 'm03': 52129324.900000006, 'mu20': 32.08333333325572, 'mu11': 0.0, 'mu02': 17.885620915098116, 'mu30': 5.960464477539063e-08, 'mu21': 5.7428104757455, 'mu12': -4.0745362639427185e-09, 'mu03': -2.6809944957494736, 'nu20': 0.11101499423271877, 'nu11': 0.0, 'nu02': 0.061887961643938116, 'nu30': 5.002162552134243e-11, 'nu21': 0.004819502173702891, 'nu12': -3.4194470571230177e-12, 'nu03': -0.00224995389531338}
Centroid: 224, 145
Processing contour#33: area: 17.0 centroid: 224, 145 rectangle: (222, 143, 6, 5)
@find_dayJSON_match_for_contour: x: 222, y: 143, w: 6, h: 5, area: 17.0
Matched with JSON#17: (224, 145, 4, 65.0, 27.3137, 0.333)
Match with input JSON(nodules) ID: 17
Matched contour: {'x': 224, 'y': 145, 'd': 4, 'a': 65.0, 'p': 27.3137, 'e': 0.333, 'id': 17, 'tq': 100}
JSON_entry: 17
WARNING: match is empty
entry_id:20230508_56, entry saved to results list
created dirs at nodule_detection_path: output/crop978/nodules-last-detected-on/2023-05-08/56/detection and nodule_images_original_path: output/crop978/nodules-last-detected-on/2023-05-08/56
Segmented nodule image saved as output/crop978/nodules-last-detected-on/2023-05-08/56/detection/2023-05-08.jpg
Original nodule image saved as output/crop978/nodules-last-detected-on/2023-05-08/56/2023-05-08.jpg


@process_contour: max_id: 20230508_57
Moments: {'m00': 3.0, 'm10': 583.5, 'm01': 424.5, 'm20': 113491.0, 'm11': 82565.25, 'm02': 60069.0, 'm30': 22074096.75, 'm21': 16058976.5, 'm12': 11683420.5, 'm03': 8500400.25, 'mu20': 0.25, 'mu11': 0.0, 'mu02': 2.25, 'mu30': 0.0, 'mu21': 0.0, 'mu12': 0.0, 'mu03': 0.0, 'nu20': 0.027777777777777776, 'nu11': 0.0, 'nu02': 0.25, 'nu30': 0.0, 'nu21': 0.0, 'nu12': 0.0, 'nu03': 0.0}
Centroid: 194, 141
Processing contour#34: area: 3.0 centroid: 194, 141 rectangle: (194, 140, 2, 4)
@find_dayJSON_match_for_contour: x: 194, y: 140, w: 2, h: 4, area: 3.0
Matched with JSON#16: (194, 141, 2, 14.0, 12.0711, 0.591793)
Match with input JSON(nodules) ID: 16
Matched contour: {'x': 194, 'y': 141, 'd': 2, 'a': 14.0, 'p': 12.0711, 'e': 0.591793, 'id': 16, 'tq': 100}
JSON_entry: 16
WARNING: match is empty
entry_id:20230508_57, entry saved to results list
created dirs at nodule_detection_path: output/crop978/nodules-last-detected-on/2023-05-08/57/detection and nodule_images_original_path: output/crop978/nodules-last-detected-on/2023-05-08/57
Segmented nodule image saved as output/crop978/nodules-last-detected-on/2023-05-08/57/detection/2023-05-08.jpg
Original nodule image saved as output/crop978/nodules-last-detected-on/2023-05-08/57/2023-05-08.jpg


@process_contour: max_id: 20230508_58
Moments: {'m00': 9.0, 'm10': 1813.5, 'm01': 1246.5, 'm20': 365427.0, 'm11': 251169.75, 'm02': 172647.0, 'm30': 73636260.75, 'm21': 50611639.5, 'm12': 34788370.5, 'm03': 23913479.25, 'mu20': 6.75, 'mu11': 0.0, 'mu02': 6.75, 'mu30': 0.0, 'mu21': 0.0, 'mu12': 0.0, 'mu03': 0.0, 'nu20': 0.08333333333333333, 'nu11': 0.0, 'nu02': 0.08333333333333333, 'nu30': 0.0, 'nu21': 0.0, 'nu12': 0.0, 'nu03': 0.0}
Centroid: 201, 138
Processing contour#35: area: 9.0 centroid: 201, 138 rectangle: (200, 137, 4, 4)
@find_dayJSON_match_for_contour: x: 200, y: 137, w: 4, h: 4, area: 9.0
Matched with JSON#15: (201, 138, 3, 42.0, 21.0711, 0.315008)
Match with input JSON(nodules) ID: 15
Matched contour: {'x': 201, 'y': 138, 'd': 3, 'a': 42.0, 'p': 21.0711, 'e': 0.315008, 'id': 15, 'tq': 100}
JSON_entry: 15
Matched with first_id: 15 second_id: 6 name: 20230508_6
entry_id:20230508_6, entry saved to results list
created dirs at nodule_detection_path: output/crop978/nodules-last-detected-on/2023-05-08/6/detection and nodule_images_original_path: output/crop978/nodules-last-detected-on/2023-05-08/6
Segmented nodule image saved as output/crop978/nodules-last-detected-on/2023-05-08/6/detection/2023-05-08.jpg
Original nodule image saved as output/crop978/nodules-last-detected-on/2023-05-08/6/2023-05-08.jpg


@process_contour: max_id: 20230508_59
Moments: {'m00': 24.0, 'm10': 3183.333333333333, 'm01': 3122.5, 'm20': 422284.3333333333, 'm11': 414163.4166666666, 'm02': 406294.1666666666, 'm30': 56024733.6, 'm21': 54940545.75, 'm12': 53890010.28333333, 'm03': 52871991.25, 'mu20': 50.53703703713836, 'mu11': -1.5138888888759539, 'mu02': 43.90625, 'mu30': 2.4786008149385452, 'mu21': -3.933641967150834, 'mu12': -2.6188657374832474, 'mu03': 2.502170145511627, 'nu20': 0.08773791152280964, 'nu11': -0.0026282793209651974, 'nu02': 0.07622612847222222, 'nu30': 0.000878372001250867, 'nu21': -0.001394012680890829, 'nu12': -0.000928079392605833, 'nu03': 0.0008867245523913517}
Centroid: 132, 130
Processing contour#36: area: 24.0 centroid: 132, 130 rectangle: (130, 127, 7, 7)
@find_dayJSON_match_for_contour: x: 130, y: 127, w: 7, h: 7, area: 24.0
Matched with JSON#14: (132, 130, 5, 109.0, 36.1421, 0.376303)
Match with input JSON(nodules) ID: 14
Matched contour: {'x': 132, 'y': 130, 'd': 5, 'a': 109.0, 'p': 36.1421, 'e': 0.376303, 'id': 14, 'tq': 100}
JSON_entry: 14
WARNING: match is empty
entry_id:20230508_59, entry saved to results list
created dirs at nodule_detection_path: output/crop978/nodules-last-detected-on/2023-05-08/59/detection and nodule_images_original_path: output/crop978/nodules-last-detected-on/2023-05-08/59
Segmented nodule image saved as output/crop978/nodules-last-detected-on/2023-05-08/59/detection/2023-05-08.jpg
Original nodule image saved as output/crop978/nodules-last-detected-on/2023-05-08/59/2023-05-08.jpg


@process_contour: max_id: 20230508_60
Moments: {'m00': 7.0, 'm10': 1565.0, 'm01': 849.5, 'm20': 349894.1666666666, 'm11': 189925.75, 'm02': 103097.0, 'm30': 78228520.5, 'm21': 42462970.916666664, 'm12': 23049986.25, 'm03': 12512554.75, 'mu20': 4.880952380946837, 'mu11': 1.8214285714493599, 'mu02': 4.107142857144936, 'mu30': -0.6734693646430969, 'mu21': 0.10884353590836326, 'mu12': 0.5918367325565441, 'mu03': 0.5306122452020645, 'nu20': 0.0996112730805477, 'nu11': 0.03717201166223183, 'nu02': 0.08381924198254971, 'nu30': -0.005194846806024229, 'nu21': 0.0008395712181646003, 'nu12': 0.004565168545474227, 'nu03': 0.00409290974755186}
Centroid: 223, 121
Processing contour#37: area: 7.0 centroid: 223, 121 rectangle: (222, 120, 4, 4)
@find_dayJSON_match_for_contour: x: 222, y: 120, w: 4, h: 4, area: 7.0
Matched with JSON#13: (223, 121, 2, 25.0, 17.4497, 0.671552)
Match with input JSON(nodules) ID: 13
Matched contour: {'x': 223, 'y': 121, 'd': 2, 'a': 25.0, 'p': 17.4497, 'e': 0.671552, 'id': 13, 'tq': 100}
JSON_entry: 13
WARNING: match is empty
entry_id:20230508_60, entry saved to results list
created dirs at nodule_detection_path: output/crop978/nodules-last-detected-on/2023-05-08/60/detection and nodule_images_original_path: output/crop978/nodules-last-detected-on/2023-05-08/60
Segmented nodule image saved as output/crop978/nodules-last-detected-on/2023-05-08/60/detection/2023-05-08.jpg
Original nodule image saved as output/crop978/nodules-last-detected-on/2023-05-08/60/2023-05-08.jpg


@process_contour: max_id: 20230508_61
Moments: {'m00': 32.5, 'm10': 6540.666666666666, 'm01': 3852.333333333333, 'm20': 1316418.5833333333, 'm11': 775289.625, 'm02': 456702.25, 'm30': 264971607.3, 'm21': 156040533.31666666, 'm12': 91912521.01666667, 'm03': 54151587.2, 'mu20': 101.0311965814326, 'mu11': 2.602777777821757, 'mu02': 72.3388888889458, 'mu30': 14.372355848550797, 'mu21': 2.94749287959894, 'mu12': -9.343390325881046, 'mu03': -1.9725925996899605, 'nu20': 0.09565083700017288, 'nu11': 0.0024641683103637938, 'nu02': 0.06848652202503745, 'nu30': 0.002386819399442511, 'nu21': 0.0004894906067507916, 'nu12': -0.0015516583030210063, 'nu03': -0.0003275887637176389}
Centroid: 201, 118
Processing contour#38: area: 32.5 centroid: 201, 118 rectangle: (198, 115, 8, 8)
@find_dayJSON_match_for_contour: x: 198, y: 115, w: 8, h: 8, area: 32.5
Matched with JSON#12: (201, 118, 6, 129.0, 39.5563, 0.316827)
Match with input JSON(nodules) ID: 12
Matched contour: {'x': 201, 'y': 118, 'd': 6, 'a': 129.0, 'p': 39.5563, 'e': 0.316827, 'id': 12, 'tq': 100}
JSON_entry: 12
Matched with first_id: 12 second_id: 3 name: 20230517_12
entry_id:20230517_12, entry saved to results list
created dirs at nodule_detection_path: output/crop978/nodules-last-detected-on/2023-05-17/12/detection and nodule_images_original_path: output/crop978/nodules-last-detected-on/2023-05-17/12
Segmented nodule image saved as output/crop978/nodules-last-detected-on/2023-05-17/12/detection/2023-05-08.jpg
Original nodule image saved as output/crop978/nodules-last-detected-on/2023-05-17/12/2023-05-08.jpg


@process_contour: max_id: 20230508_62
Moments: {'m00': 8.0, 'm10': 1677.1666666666665, 'm01': 820.0, 'm20': 351616.1666666666, 'm11': 171909.5833333333, 'm02': 84055.33333333333, 'm30': 73717028.65, 'm21': 36040657.083333336, 'm12': 17621851.216666665, 'm03': 8616765.0, 'mu20': 5.163194444496185, 'mu11': 0.0, 'mu02': 5.333333333328483, 'mu30': -0.5087094902992249, 'mu21': 6.28642737865448e-09, 'mu12': 0.8138888906510147, 'mu03': 1.862645149230957e-09, 'nu20': 0.08067491319525288, 'nu11': 0.0, 'nu02': 0.08333333333325754, 'nu30': -0.002810249455035423, 'nu21': 3.472793303815121e-11, 'nu12': 0.004496143388372883, 'nu03': 1.0289757937229989e-11}
Centroid: 209, 102
Processing contour#39: area: 8.0 centroid: 209, 102 rectangle: (208, 101, 4, 4)
@find_dayJSON_match_for_contour: x: 208, y: 101, w: 4, h: 4, area: 8.0
Matched with JSON#10: (209, 102, 2, 23.0, 15.0711, 0.477631)
Match with input JSON(nodules) ID: 10
Matched contour: {'x': 209, 'y': 102, 'd': 2, 'a': 23.0, 'p': 15.0711, 'e': 0.477631, 'id': 10, 'tq': 100}
JSON_entry: 10
Matched with first_id: 10 second_id: 5 name: 20230510_8
entry_id:20230510_8, entry saved to results list
created dirs at nodule_detection_path: output/crop978/nodules-last-detected-on/2023-05-10/8/detection and nodule_images_original_path: output/crop978/nodules-last-detected-on/2023-05-10/8
Segmented nodule image saved as output/crop978/nodules-last-detected-on/2023-05-10/8/detection/2023-05-08.jpg
Original nodule image saved as output/crop978/nodules-last-detected-on/2023-05-10/8/2023-05-08.jpg


@process_contour: max_id: 20230508_63
Moments: {'m00': 106.0, 'm10': 20233.833333333332, 'm01': 11129.833333333332, 'm20': 3864964.5, 'm11': 2122724.9166666665, 'm02': 1170371.5, 'm30': 738765460.85, 'm21': 405128428.76666665, 'm12': 223032009.2, 'm03': 123253033.05000001, 'mu20': 2624.770178197883, 'mu11': -1795.7691299784929, 'mu02': 1756.499737945851, 'mu30': -1198.177338719368, 'mu21': -1195.173783599399, 'mu12': 2493.663776242349, 'mu03': -2993.6646234989166, 'nu20': 0.23360361144516578, 'nu11': -0.15982281327683273, 'nu02': 0.15632785136577526, 'nu30': -0.010357535686142515, 'nu21': -0.010331571725437312, 'nu12': 0.02155625107989161, 'nu03': -0.025878463202595046}
Centroid: 190, 104
Processing contour#40: area: 106.0 centroid: 190, 104 rectangle: (181, 96, 20, 16)
@find_dayJSON_match_for_contour: x: 181, y: 96, w: 20, h: 16, area: 106.0
Matched with JSON#9: (196, 99, 6, 123.0, 38.9706, 0.366683)
Match with input JSON(nodules) ID: 9
Matched contour: {'x': 196, 'y': 99, 'd': 6, 'a': 123.0, 'p': 38.9706, 'e': 0.366683, 'id': 9, 'tq': 100}
JSON_entry: 9
Matched with first_id: 9 second_id: 4 name: 20230512_20
entry_id:20230512_20, entry saved to results list
created dirs at nodule_detection_path: output/crop978/nodules-last-detected-on/2023-05-12/20/detection and nodule_images_original_path: output/crop978/nodules-last-detected-on/2023-05-12/20
Segmented nodule image saved as output/crop978/nodules-last-detected-on/2023-05-12/20/detection/2023-05-08.jpg
Original nodule image saved as output/crop978/nodules-last-detected-on/2023-05-12/20/2023-05-08.jpg


@process_contour: max_id: 20230508_64
Moments: {'m00': 35.0, 'm10': 6318.833333333333, 'm01': 3155.1666666666665, 'm20': 1140860.0, 'm11': 569619.5833333333, 'm02': 284573.3333333333, 'm30': 205993929.35000002, 'm21': 102842855.96666667, 'm12': 51374832.03333333, 'm03': 25679311.650000002, 'mu20': 69.86587301595137, 'mu11': -8.196825396851636, 'mu02': 142.5706349206157, 'mu30': 11.113393813371658, 'mu21': 2.978488306636791, 'mu12': -17.673635663730238, 'mu03': -1.6010128408670425, 'nu20': 0.05703336572730723, 'nu11': -0.006691286038246233, 'nu02': 0.11638419177193117, 'nu30': 0.0015334746229950416, 'nu21': 0.00041098482694093357, 'nu12': -0.002438685449424205, 'nu03': -0.00022091474519735023}
Centroid: 180, 90
Processing contour#41: area: 35.0 centroid: 180, 90 rectangle: (178, 86, 7, 9)
@find_dayJSON_match_for_contour: x: 178, y: 86, w: 7, h: 9, area: 35.0
Matched with JSON#8: (180, 90, 6, 146.0, 42.3848, 0.400769)
Match with input JSON(nodules) ID: 8
Matched contour: {'x': 180, 'y': 90, 'd': 6, 'a': 146.0, 'p': 42.3848, 'e': 0.400769, 'id': 8, 'tq': 100}
JSON_entry: 8
Matched with first_id: 8 second_id: 2 name: 20230508_2
entry_id:20230508_2, entry saved to results list
created dirs at nodule_detection_path: output/crop978/nodules-last-detected-on/2023-05-08/2/detection and nodule_images_original_path: output/crop978/nodules-last-detected-on/2023-05-08/2
Segmented nodule image saved as output/crop978/nodules-last-detected-on/2023-05-08/2/detection/2023-05-08.jpg
Original nodule image saved as output/crop978/nodules-last-detected-on/2023-05-08/2/2023-05-08.jpg


@process_contour: max_id: 20230508_65
Moments: {'m00': 10.0, 'm10': 1745.0, 'm01': 770.0, 'm20': 304508.6666666666, 'm11': 134365.0, 'm02': 59300.33333333333, 'm30': 53138914.5, 'm21': 23447167.333333332, 'm12': 10347908.166666666, 'm03': 4567717.0, 'mu20': 6.166666666627862, 'mu11': 0.0, 'mu02': 10.333333333328483, 'mu30': 2.2351741790771484e-08, 'mu21': 1.7462298274040222e-09, 'mu12': 2.255546860396862e-10, 'mu03': 9.313225746154785e-10, 'nu20': 0.061666666666278624, 'nu11': 0.0, 'nu02': 0.10333333333328484, 'nu30': 7.068241373080864e-11, 'nu21': 5.522063572719425e-12, 'nu12': 7.132665448095924e-13, 'nu03': 2.9451005721170267e-12}
Centroid: 174, 77
Processing contour#42: area: 10.0 centroid: 174, 77 rectangle: (173, 75, 4, 5)
@find_dayJSON_match_for_contour: x: 173, y: 75, w: 4, h: 5, area: 10.0
Matched with JSON#7: (174, 77, 3, 36.0, 19.8995, 0.463648)
Match with input JSON(nodules) ID: 7
Matched contour: {'x': 174, 'y': 77, 'd': 3, 'a': 36.0, 'p': 19.8995, 'e': 0.463648, 'id': 7, 'tq': 100}
JSON_entry: 7
WARNING: match is empty
entry_id:20230508_65, entry saved to results list
created dirs at nodule_detection_path: output/crop978/nodules-last-detected-on/2023-05-08/65/detection and nodule_images_original_path: output/crop978/nodules-last-detected-on/2023-05-08/65
Segmented nodule image saved as output/crop978/nodules-last-detected-on/2023-05-08/65/detection/2023-05-08.jpg
Original nodule image saved as output/crop978/nodules-last-detected-on/2023-05-08/65/2023-05-08.jpg


@process_contour: max_id: 20230508_66
Moments: {'m00': 9.5, 'm10': 1805.8333333333333, 'm01': 656.8333333333333, 'm20': 343273.9166666666, 'm11': 124855.29166666666, 'm02': 45421.916666666664, 'm30': 65254884.95, 'm21': 23733827.65, 'm12': 8634057.316666666, 'm03': 3141626.45, 'mu20': 7.176900584832765, 'mu11': -0.6586257309827488, 'mu02': 8.229532163750264, 'mu30': 0.5549297258257866, 'mu21': -1.0019954859805011, 'mu12': -0.15342669633810146, 'mu03': 1.208669333718717, 'nu20': 0.07952244415327163, 'nu11': -0.007297792033049847, 'nu02': 0.0911859519529115, 'nu30': 0.0019949360388069473, 'nu21': -0.003602108181769882, 'nu12': -0.0005515589300690255, 'nu03': 0.004345087135579438}
Centroid: 190, 69
Processing contour#43: area: 9.5 centroid: 190, 69 rectangle: (188, 67, 5, 5)
@find_dayJSON_match_for_contour: x: 188, y: 67, w: 5, h: 5, area: 9.5
Matched with JSON#6: (190, 68, 3, 39.0, 21.3137, 0.358138)
Match with input JSON(nodules) ID: 6
Matched contour: {'x': 190, 'y': 68, 'd': 3, 'a': 39.0, 'p': 21.3137, 'e': 0.358138, 'id': 6, 'tq': 100}
JSON_entry: 6
Matched with first_id: 6 second_id: 1 name: 20230508_1
entry_id:20230508_1, entry saved to results list
created dirs at nodule_detection_path: output/crop978/nodules-last-detected-on/2023-05-08/1/detection and nodule_images_original_path: output/crop978/nodules-last-detected-on/2023-05-08/1
Segmented nodule image saved as output/crop978/nodules-last-detected-on/2023-05-08/1/detection/2023-05-08.jpg
Original nodule image saved as output/crop978/nodules-last-detected-on/2023-05-08/1/2023-05-08.jpg


@process_contour: max_id: 20230508_67
Moments: {'m00': 10.5, 'm10': 479.3333333333333, 'm01': 624.1666666666666, 'm20': 21888.583333333332, 'm11': 28494.458333333332, 'm02': 37116.08333333333, 'm30': 999835.7000000001, 'm21': 1301222.9333333333, 'm12': 1694470.7333333334, 'm03': 2207873.0500000003, 'mu20': 6.636243386245042, 'mu11': 0.7546296296350192, 'mu02': 12.842592592598521, 'mu30': -1.4006130846682936, 'mu21': -0.6414756025971542, 'mu12': 2.354879482450656, 'mu03': 1.2547325105406344, 'nu20': 0.060192683775465224, 'nu11': 0.006844713193968427, 'nu02': 0.1164861006131385, 'nu30': -0.0039205313553751795, 'nu21': -0.0017955888326474825, 'nu12': 0.006591669712455934, 'nu03': 0.0035121892005943885}
Centroid: 45, 59
Processing contour#44: area: 10.5 centroid: 45, 59 rectangle: (44, 57, 4, 6)
@find_dayJSON_match_for_contour: x: 44, y: 57, w: 4, h: 6, area: 10.5
Matched with JSON#5: (45, 59, 3, 39.0, 21.8995, 0.481138)
Match with input JSON(nodules) ID: 5
Matched contour: {'x': 45, 'y': 59, 'd': 3, 'a': 39.0, 'p': 21.8995, 'e': 0.481138, 'id': 5, 'tq': 100}
JSON_entry: 5
WARNING: match is empty
entry_id:20230508_67, entry saved to results list
created dirs at nodule_detection_path: output/crop978/nodules-last-detected-on/2023-05-08/67/detection and nodule_images_original_path: output/crop978/nodules-last-detected-on/2023-05-08/67
Segmented nodule image saved as output/crop978/nodules-last-detected-on/2023-05-08/67/detection/2023-05-08.jpg
Original nodule image saved as output/crop978/nodules-last-detected-on/2023-05-08/67/2023-05-08.jpg


@process_contour: max_id: 20230508_68
Moments: {'m00': 26.0, 'm10': 4068.5, 'm01': 1518.0, 'm20': 636685.8333333333, 'm11': 237536.3333333333, 'm02': 88695.33333333333, 'm30': 99642806.25, 'm21': 37172199.916666664, 'm12': 13878938.75, 'm03': 5186319.0, 'mu20': 43.82371794863138, 'mu11': -1.4743589743738994, 'mu02': 67.4871794871724, 'mu30': 2.153476372361183, 'mu21': 3.8343195389111315, 'mu12': -3.077416170917786, 'mu03': -4.3491124249994755, 'nu20': 0.06482798513111152, 'nu11': -0.00218100439996139, 'nu02': 0.09983310575025504, 'nu30': 0.0006247506852941896, 'nu21': 0.0011123845101421229, 'nu12': -0.0008927972864676708, 'nu03': -0.0012617324261425334}
Centroid: 156, 58
Processing contour#45: area: 26.0 centroid: 156, 58 rectangle: (154, 55, 6, 8)
@find_dayJSON_match_for_contour: x: 154, y: 55, w: 6, h: 8, area: 26.0
Matched with JSON#4: (156, 58, 5, 93.0, 35.2132, 0.566577)
Match with input JSON(nodules) ID: 4
Matched contour: {'x': 156, 'y': 58, 'd': 5, 'a': 93.0, 'p': 35.2132, 'e': 0.566577, 'id': 4, 'tq': 100}
JSON_entry: 4
WARNING: match is empty
entry_id:20230508_68, entry saved to results list
created dirs at nodule_detection_path: output/crop978/nodules-last-detected-on/2023-05-08/68/detection and nodule_images_original_path: output/crop978/nodules-last-detected-on/2023-05-08/68
Segmented nodule image saved as output/crop978/nodules-last-detected-on/2023-05-08/68/detection/2023-05-08.jpg
Original nodule image saved as output/crop978/nodules-last-detected-on/2023-05-08/68/2023-05-08.jpg


@process_contour: max_id: 20230508_69
Moments: {'m00': 14.0, 'm10': 615.3333333333333, 'm01': 727.6666666666666, 'm20': 27064.0, 'm11': 31980.666666666664, 'm02': 37836.33333333333, 'm30': 1191170.6, 'm21': 1406509.3, 'm12': 1662784.2, 'm03': 1968146.9000000001, 'mu20': 18.634920634929586, 'mu11': -2.015873015865509, 'mu02': 14.992063492063608, 'mu30': 5.263643234735355, 'mu21': 2.885789871160341, 'mu12': -3.1817082388430435, 'mu03': -0.02894935687072575, 'nu20': 0.09507612568841624, 'nu11': -0.010285066407477086, 'nu02': 0.07649011985746738, 'nu30': 0.007177386877037253, 'nu21': 0.003934998902370449, 'nu12': -0.004338506608756043, 'nu03': -3.947469933589867e-05}
Centroid: 43, 51
Processing contour#46: area: 14.0 centroid: 43, 51 rectangle: (42, 50, 6, 5)
@find_dayJSON_match_for_contour: x: 42, y: 50, w: 6, h: 5, area: 14.0
Matched with JSON#3: (44, 51, 4, 53.0, 24.7279, 0.638182)
Match with input JSON(nodules) ID: 3
Matched contour: {'x': 44, 'y': 51, 'd': 4, 'a': 53.0, 'p': 24.7279, 'e': 0.638182, 'id': 3, 'tq': 100}
JSON_entry: 3
WARNING: match is empty
entry_id:20230508_69, entry saved to results list
created dirs at nodule_detection_path: output/crop978/nodules-last-detected-on/2023-05-08/69/detection and nodule_images_original_path: output/crop978/nodules-last-detected-on/2023-05-08/69
Segmented nodule image saved as output/crop978/nodules-last-detected-on/2023-05-08/69/detection/2023-05-08.jpg
Original nodule image saved as output/crop978/nodules-last-detected-on/2023-05-08/69/2023-05-08.jpg


@process_contour: max_id: 20230508_70
Moments: {'m00': 34.5, 'm10': 7366.833333333333, 'm01': 1798.3333333333333, 'm20': 1573158.0833333333, 'm11': 384012.2083333333, 'm02': 93825.91666666666, 'm30': 335964699.45000005, 'm21': 82006775.4, 'm12': 20035996.733333334, 'm03': 4899759.2, 'mu20': 107.84098228649236, 'mu11': 11.572262479923666, 'mu02': 86.7057165861479, 'mu30': -4.897501170635223, 'mu21': 18.248722643391375, 'mu12': 10.878223920230084, 'mu03': -12.54008339252323, 'nu20': 0.09060363981221792, 'nu11': 0.00972254776721165, 'nu02': 0.0728466427944952, 'nu30': -0.0007005301165136484, 'nu21': 0.002610265797637801, 'nu12': 0.001556002378517437, 'nu03': -0.0017937118897953747}
Centroid: 213, 52
Processing contour#47: area: 34.5 centroid: 213, 52 rectangle: (210, 49, 8, 7)
@find_dayJSON_match_for_contour: x: 210, y: 49, w: 8, h: 7, area: 34.5
Matched with JSON#2: (213, 52, 5, 107.0, 35.5563, 0.41895)
Match with input JSON(nodules) ID: 2
Matched contour: {'x': 213, 'y': 52, 'd': 5, 'a': 107.0, 'p': 35.5563, 'e': 0.41895, 'id': 2, 'tq': 100}
JSON_entry: 2
WARNING: match is empty
entry_id:20230508_70, entry saved to results list
created dirs at nodule_detection_path: output/crop978/nodules-last-detected-on/2023-05-08/70/detection and nodule_images_original_path: output/crop978/nodules-last-detected-on/2023-05-08/70
Segmented nodule image saved as output/crop978/nodules-last-detected-on/2023-05-08/70/detection/2023-05-08.jpg
Original nodule image saved as output/crop978/nodules-last-detected-on/2023-05-08/70/2023-05-08.jpg


@process_contour: max_id: 20230508_71
Moments: {'m00': 21.0, 'm10': 3340.5, 'm01': 922.0, 'm20': 531402.0, 'm11': 146666.91666666666, 'm02': 40533.5, 'm30': 84538475.25, 'm21': 23332049.083333332, 'm12': 6447993.083333333, 'm03': 1784301.0, 'mu20': 23.892857142956927, 'mu11': 3.0595238095265813, 'mu02': 53.30952380952658, 'mu30': -1.3775510489940643, 'mu21': -2.5680272112865623, 'mu12': 2.678004534487627, 'mu03': 6.249433106277138, 'nu20': 0.054178814383122276, 'nu11': 0.006937695713212202, 'nu02': 0.1208832739445047, 'nu30': -0.0006816469015960609, 'nu21': -0.0012707244447065138, 'nu12': 0.0013251439899281423, 'nu03': 0.0030923766612761024}
Centroid: 159, 43
Processing contour#48: area: 21.0 centroid: 159, 43 rectangle: (157, 41, 5, 7)
@find_dayJSON_match_for_contour: x: 157, y: 41, w: 5, h: 7, area: 21.0
Matched with JSON#1: (158, 43, 4, 63.0, 28.7279, 0.826437)
Match with input JSON(nodules) ID: 1
Matched contour: {'x': 158, 'y': 43, 'd': 4, 'a': 63.0, 'p': 28.7279, 'e': 0.826437, 'id': 1, 'tq': 100}
JSON_entry: 1
Matched with first_id: 1 second_id: 0 name: 20230508_0
entry_id:20230508_0, entry saved to results list
created dirs at nodule_detection_path: output/crop978/nodules-last-detected-on/2023-05-08/0/detection and nodule_images_original_path: output/crop978/nodules-last-detected-on/2023-05-08/0
Segmented nodule image saved as output/crop978/nodules-last-detected-on/2023-05-08/0/detection/2023-05-08.jpg
Original nodule image saved as output/crop978/nodules-last-detected-on/2023-05-08/0/2023-05-08.jpg


@process_contour: max_id: 20230508_72
Moments: {'m00': 1.0, 'm10': 120.5, 'm01': 32.5, 'm20': 14520.333333333332, 'm11': 3916.25, 'm02': 1056.3333333333333, 'm30': 1749720.25, 'm21': 471910.8333333333, 'm12': 127288.16666666667, 'm03': 34336.25, 'mu20': 0.08333333333212067, 'mu11': 0.0, 'mu02': 0.08333333333325754, 'mu30': 4.656612873077393e-10, 'mu21': 2.000888343900442e-11, 'mu12': 1.3983481039758772e-11, 'mu03': 7.275957614183426e-12, 'nu20': 0.08333333333212067, 'nu11': 0.0, 'nu02': 0.08333333333325754, 'nu30': 4.656612873077393e-10, 'nu21': 2.000888343900442e-11, 'nu12': 1.3983481039758772e-11, 'nu03': 7.275957614183426e-12}
Centroid: 120, 32
Processing contour#49: area: 1.0 centroid: 120, 32 rectangle: (120, 32, 2, 2)
@find_dayJSON_match_for_contour: x: 120, y: 32, w: 2, h: 2, area: 1.0
Matched with JSON#0: (121, 32, 1, 8.0, 7.6569, 0.57735)
Match with input JSON(nodules) ID: 0
Matched contour: {'x': 121, 'y': 32, 'd': 1, 'a': 8.0, 'p': 7.6569, 'e': 0.57735, 'id': 0, 'tq': 100}
JSON_entry: 0
WARNING: match is empty
entry_id:20230508_72, entry saved to results list
created dirs at nodule_detection_path: output/crop978/nodules-last-detected-on/2023-05-08/72/detection and nodule_images_original_path: output/crop978/nodules-last-detected-on/2023-05-08/72
Segmented nodule image saved as output/crop978/nodules-last-detected-on/2023-05-08/72/detection/2023-05-08.jpg
Original nodule image saved as output/crop978/nodules-last-detected-on/2023-05-08/72/2023-05-08.jpg


Done analyzing contours, found 49 nodules.


results_entry: {'date': '20230508', 'json': 'output/crop978/20230508/20230508.json', 'log': 'output/crop978/20230508/crop978_20230508.log', 'image': 'data/crop978/20230508.jpg', 'plot': 'output/crop978/plots/20230505_20230508.png', 'match_stats': {'i_dict': {0: 14, 1: 3, 2: 2, 3: 1, 4: 1, 7: 3}, 'average_tracking_quality': 21.3333, 'distance_threshold': 20, 'lengths': {'matching': 24, 'unmatched_current': 29, 'unmatched_previous': 0}, 'averages': {'tq': -242.5417, 'i': 1.4583, 'dx': -7.2917, 'dy': -52.875, 'dd': 0.625, 'da': 30.4583, 'dp': 8.0496, 'de': -0.0683}}}
