Current memory usage: 3360.13671875 MB
@analyze_image: file_name: data/crop1022/20230510.jpg, output_dir: output/crop1022, external_logger: <Logger data_crop1022.log (DEBUG)>
Loaded image & JSON file: data/crop1022/20230510.jpg
Scaled JSON data: scalar_position: 0.5, scalar_size: 0.5

@find_prev_next_date: image_output_dir: output/crop1022/20230510
data_dir: data/crop1022
Previous date file: data/crop1022/20230508.jpg, Next date file: data/crop1022/20230512.jpg


Loaded prev_results from JSON file: 20230508, length: 32
Scaled JSON data: scalar_position: 0.5, scalar_size: 0.5
Loaded next_results from JSON file: 20230512, length: 52
Scaled JSON data: scalar_position: 0.5, scalar_size: 0.5
prev_results is not empty, generating matching
Current memory usage: 3361.34765625 MB
current_date:20230510, generating Matching: 20230508_20230510_matching.json
spatial_distances: (41, 32), attribute_distances: (41, 32)
combined_distances: (41, 32)
Current memory usage: 3361.38671875 MB

@find_matching: combined_distances: (41, 32), next_matching: [{'id': '20230517_2', 'p': {'id': 1, 'tq': 21.0, 'dx': -1, 'dy': -3, 'dd': 1, 'da': 44.0, 'dp': 10.79, 'de': 0.3}, 'c': {'id': 1}, 'n': {'id': 1, 'dx': 2, 'dy': -1, 'dd': 0, 'da': 11.0, 'dp': 1.62, 'de': -0.2}, 'i': 2}, {'id': '20230515_2', 'p': {'id': 2, 'tq': 79.0, 'dx': -2, 'dy': -3, 'dd': 0, 'da': 4.0, 'dp': 3.45, 'de': -0.26}, 'c': {'id': 2}, 'n': {'id': 3, 'dx': 2, 'dy': -1, 'dd': 2, 'da': 23.0, 'dp': 8.66, 'de': -0.28}, 'i': 1}, {'id': '20230526_5', 'p': {'id': 3, 'tq': 80.0, 'dx': -1, 'dy': -3, 'dd': 0, 'da': -6.0, 'dp': -1.17, 'de': -0.15}, 'c': {'id': 3}, 'n': {'id': 4, 'dx': 1, 'dy': -2, 'dd': 0, 'da': 4.0, 'dp': 1.17, 'de': 0.14}, 'i': 6}, {'id': '20230607_5', 'p': {'id': 0, 'tq': -104.0, 'dx': -35, 'dy': 38, 'dd': 0, 'da': 15.0, 'dp': 3.59, 'de': -0.5}, 'c': {'id': 4}, 'n': {'id': 5, 'dx': 0, 'dy': 0, 'dd': 2, 'da': 50.0, 'dp': 10.66, 'de': -0.04}, 'i': 11}, {'id': '20230512_4', 'p': {'id': 4, 'tq': -101.0, 'dx': -36, 'dy': 36, 'dd': 0, 'da': -15.0, 'dp': -3.17, 'de': -0.17}, 'c': {'id': 5}, 'n': {}, 'i': 0}, {'id': '20230519_8', 'p': {'id': 5, 'tq': 10.0, 'dx': -19, 'dy': -2, 'dd': -1, 'da': -15.0, 'dp': -2.0, 'de': -0.0}, 'c': {'id': 6}, 'n': {'id': 10, 'dx': -5, 'dy': 4, 'dd': 1, 'da': 32.0, 'dp': 4.59, 'de': 0.09}, 'i': 3}, {'id': '20230512_6', 'p': {'id': 6, 'tq': -49.0, 'dx': -20, 'dy': -1, 'dd': 2, 'da': 51.0, 'dp': 11.66, 'de': 0.13}, 'c': {'id': 7}, 'n': {}, 'i': 0}, {'id': '20230531_14', 'p': {'id': 7, 'tq': 93.0, 'dx': 1, 'dy': 0, 'dd': 0, 'da': -2.0, 'dp': 0.83, 'de': -0.09}, 'c': {'id': 8}, 'n': {'id': 13, 'dx': -1, 'dy': -1, 'dd': 0, 'da': 1.0, 'dp': 0.0, 'de': -0.01}, 'i': 8}, {'id': '20230607_11', 'p': {'id': 8, 'tq': 74.0, 'dx': 1, 'dy': 0, 'dd': 0, 'da': -15.0, 'dp': -1.76, 'de': 0.18}, 'c': {'id': 9}, 'n': {'id': 14, 'dx': -1, 'dy': -1, 'dd': 0, 'da': 21.0, 'dp': 1.76, 'de': -0.03}, 'i': 11}, {'id': '20230517_17', 'p': {'id': 10, 'tq': -1.0, 'dx': 0, 'dy': -2, 'dd': 3, 'da': 59.0, 'dp': 20.14, 'de': -0.41}, 'c': {'id': 10}, 'n': {'id': 15, 'dx': 1, 'dy': -2, 'dd': 2, 'da': 53.0, 'dp': 9.45, 'de': 0.03}, 'i': 2}, {'id': '20230515_11', 'p': {'id': 9, 'tq': 95.0, 'dx': 0, 'dy': 0, 'dd': 0, 'da': -3.0, 'dp': -0.59, 'de': 0.02}, 'c': {'id': 11}, 'n': {'id': 17, 'dx': 22, 'dy': -1, 'dd': 0, 'da': 1.0, 'dp': 2.28, 'de': 0.03}, 'i': 1}, {'id': '20230607_16', 'p': {'id': 11, 'tq': 49.0, 'dx': 0, 'dy': -1, 'dd': 1, 'da': 31.0, 'dp': 4.83, 'de': -0.06}, 'c': {'id': 13}, 'n': {'id': 19, 'dx': 0, 'dy': -1, 'dd': 1, 'da': 54.0, 'dp': 7.66, 'de': -0.11}, 'i': 11}, {'id': '20230512_12', 'p': {'id': 12, 'tq': 69.0, 'dx': 1, 'dy': -1, 'dd': 0, 'da': 17.0, 'dp': 4.24, 'de': 0.17}, 'c': {'id': 14}, 'n': {}, 'i': 0}, {'id': '20230607_23', 'p': {'id': 13, 'tq': 66.0, 'dx': -1, 'dy': 0, 'dd': 1, 'da': 20.0, 'dp': 5.07, 'de': 0.15}, 'c': {'id': 18}, 'n': {'id': 26, 'dx': 0, 'dy': 0, 'dd': 1, 'da': 46.0, 'dp': 4.59, 'de': -0.02}, 'i': 11}, {'id': '20230512_14', 'p': {'id': 14, 'tq': 22.0, 'dx': 0, 'dy': -1, 'dd': 2, 'da': 49.0, 'dp': 9.66, 'de': -0.11}, 'c': {'id': 20}, 'n': {}, 'i': 0}, {'id': '20230512_15', 'p': {'id': 18, 'tq': -126.0, 'dx': -21, 'dy': -55, 'dd': 0, 'da': -13.0, 'dp': -3.17, 'de': -0.07}, 'c': {'id': 21}, 'n': {}, 'i': 0}, {'id': '20230512_16', 'p': {'id': 15, 'tq': 79.0, 'dx': 0, 'dy': -1, 'dd': 0, 'da': -11.0, 'dp': -3.41, 'de': -0.11}, 'c': {'id': 22}, 'n': {}, 'i': 0}, {'id': '20230607_37', 'p': {'id': 16, 'tq': 83.0, 'dx': 1, 'dy': -1, 'dd': 0, 'da': 8.0, 'dp': 1.41, 'de': 0.19}, 'c': {'id': 24}, 'n': {'id': 38, 'dx': 0, 'dy': 0, 'dd': 1, 'da': 57.0, 'dp': 8.83, 'de': -0.09}, 'i': 11}, {'id': '20230607_40', 'p': {'id': 17, 'tq': 54.0, 'dx': 1, 'dy': -1, 'dd': 0, 'da': 27.0, 'dp': 4.83, 'de': -0.24}, 'c': {'id': 25}, 'n': {'id': 43, 'dx': 0, 'dy': 0, 'dd': 1, 'da': 24.0, 'dp': 3.41, 'de': 0.06}, 'i': 11}, {'id': '20230515_27', 'p': {'id': 20, 'tq': 58.0, 'dx': 1, 'dy': -2, 'dd': 0, 'da': -22.0, 'dp': -5.41, 'de': 0.05}, 'c': {'id': 26}, 'n': {'id': 49, 'dx': -3, 'dy': 7, 'dd': 0, 'da': 25.0, 'dp': 5.17, 'de': -0.07}, 'i': 1}, {'id': '20230512_20', 'p': {'id': 21, 'tq': -61.0, 'dx': -31, 'dy': 1, 'dd': -2, 'da': -33.0, 'dp': -12.0, 'de': 0.41}, 'c': {'id': 27}, 'n': {}, 'i': 0}, {'id': '20230607_49', 'p': {'id': 22, 'tq': 69.0, 'dx': 1, 'dy': -1, 'dd': 1, 'da': 17.0, 'dp': 1.41, 'de': -0.0}, 'c': {'id': 28}, 'n': {'id': 52, 'dx': -1, 'dy': 1, 'dd': 0, 'da': 28.0, 'dp': 3.41, 'de': 0.0}, 'i': 11}, {'id': '20230607_53', 'p': {'id': 23, 'tq': 93.0, 'dx': 1, 'dy': -1, 'dd': 1, 'da': 1.0, 'dp': 0.0, 'de': -0.01}, 'c': {'id': 29}, 'n': {'id': 56, 'dx': -17, 'dy': 2, 'dd': 0, 'da': 0.0, 'dp': 0.24, 'de': -0.19}, 'i': 11}, {'id': '20230515_31', 'p': {'id': 19, 'tq': -64.0, 'dx': -18, 'dy': 32, 'dd': 1, 'da': 23.0, 'dp': 5.17, 'de': -0.31}, 'c': {'id': 30}, 'n': {'id': 58, 'dx': -3, 'dy': 4, 'dd': 1, 'da': 32.0, 'dp': 6.49, 'de': 0.22}, 'i': 1}, {'id': '20230607_55', 'p': {'id': 25, 'tq': 49.0, 'dx': 1, 'dy': -1, 'dd': 1, 'da': 30.0, 'dp': 4.83, 'de': -0.09}, 'c': {'id': 32}, 'n': {'id': 59, 'dx': -1, 'dy': 0, 'dd': 0, 'da': 36.0, 'dp': 4.59, 'de': 0.23}, 'i': 11}, {'id': '20230607_59', 'p': {'id': 26, 'tq': 61.0, 'dx': 0, 'dy': -1, 'dd': 0, 'da': 23.0, 'dp': 4.0, 'de': 0.11}, 'c': {'id': 33}, 'n': {'id': 61, 'dx': 0, 'dy': 0, 'dd': 1, 'da': 28.0, 'dp': 2.83, 'de': -0.33}, 'i': 11}, {'id': '20230512_26', 'p': {'id': 27, 'tq': 29.0, 'dx': 0, 'dy': 5, 'dd': 2, 'da': 34.0, 'dp': 9.83, 'de': -0.08}, 'c': {'id': 34}, 'n': {}, 'i': 0}, {'id': '20230607_61', 'p': {'id': 28, 'tq': -110.0, 'dx': -10, 'dy': 3, 'dd': 5, 'da': 111.0, 'dp': 31.94, 'de': -0.39}, 'c': {'id': 35}, 'n': {'id': 64, 'dx': 0, 'dy': 0, 'dd': 1, 'da': 56.0, 'dp': 8.83, 'de': -0.07}, 'i': 11}, {'id': '20230515_37', 'p': {'id': 29, 'tq': 33.0, 'dx': 0, 'dy': -2, 'dd': 1, 'da': 39.0, 'dp': 7.41, 'de': -0.07}, 'c': {'id': 36}, 'n': {'id': 65, 'dx': -1, 'dy': 2, 'dd': 0, 'da': -21.0, 'dp': -4.24, 'de': 0.25}, 'i': 1}, {'id': '20230607_64', 'p': {'id': 30, 'tq': 36.0, 'dx': 0, 'dy': -1, 'dd': 1, 'da': 40.0, 'dp': 6.83, 'de': -0.04}, 'c': {'id': 37}, 'n': {'id': 66, 'dx': -1, 'dy': 1, 'dd': 1, 'da': 38.0, 'dp': 6.24, 'de': 0.2}, 'i': 11}, {'id': '20230607_65', 'p': {'id': 31, 'tq': 51.0, 'dx': 1, 'dy': -1, 'dd': 0, 'da': 29.0, 'dp': 4.24, 'de': -0.02}, 'c': {'id': 38}, 'n': {'id': 67, 'dx': -1, 'dy': 1, 'dd': 1, 'da': 37.0, 'dp': 4.0, 'de': -0.09}, 'i': 11}, {'id': '20230512_31', 'p': {'id': 32, 'tq': 59.0, 'dx': 0, 'dy': -2, 'dd': 1, 'da': 22.0, 'dp': 4.24, 'de': -0.01}, 'c': {'id': 40}, 'n': {}, 'i': 0}, {'id': '20230515_41', 'p': {'id': 24, 'tq': -51.0, 'dx': -8, 'dy': 34, 'dd': -1, 'da': -18.0, 'dp': -6.83, 'de': 0.12}, 'c': {'id': 41}, 'n': {'id': 71, 'dx': -3, 'dy': 21, 'dd': -1, 'da': -13.0, 'dp': -9.21, 'de': 0.04}, 'i': 1}, {'id': '20230607_82', 'p': {'id': 33, 'tq': -140.0, 'dx': 56, 'dy': 20, 'dd': 1, 'da': 20.0, 'dp': 6.59, 'de': -0.0}, 'c': {'id': 43}, 'n': {'id': 79, 'dx': -15, 'dy': 16, 'dd': 0, 'da': 10.0, 'dp': 2.83, 'de': -0.13}, 'i': 11}, {'id': '20230607_73', 'p': {'id': 34, 'tq': 54.0, 'dx': 1, 'dy': -2, 'dd': 1, 'da': 25.0, 'dp': 5.17, 'de': -0.0}, 'c': {'id': 44}, 'n': {'id': 73, 'dx': 15, 'dy': -17, 'dd': 0, 'da': -1.0, 'dp': -1.17, 'de': 0.01}, 'i': 11}, {'id': '20230607_88', 'p': {'id': 37, 'tq': -431.0, 'dx': 102, 'dy': -97, 'dd': 0, 'da': -13.0, 'dp': -22.0, 'de': -0.64}, 'c': {'id': 46}, 'n': {'id': 81, 'dx': -2, 'dy': 22, 'dd': 0, 'da': 10.0, 'dp': 2.83, 'de': 0.0}, 'i': 11}, {'id': '20230517_82', 'p': {'id': 36, 'tq': -253.0, 'dx': 63, 'dy': -69, 'dd': 1, 'da': 17.0, 'dp': 3.59, 'de': -0.2}, 'c': {'id': 47}, 'n': {'id': 82, 'dx': -14, 'dy': 0, 'dd': 1, 'da': 31.0, 'dp': 7.07, 'de': -0.18}, 'i': 2}, {'id': '20230512_37', 'p': {'id': 40, 'tq': -590.0, 'dx': 26, 'dy': -171, 'dd': -3, 'da': -53.0, 'dp': -18.49, 'de': 0.07}, 'c': {'id': 48}, 'n': {}, 'i': 0}, {'id': '20230512_38', 'p': {'id': 35, 'tq': 70.0, 'dx': -2, 'dy': 4, 'dd': 1, 'da': 9.0, 'dp': 3.41, 'de': -0.35}, 'c': {'id': 49}, 'n': {}, 'i': 0}, {'id': '20230512_39', 'p': {'id': 39, 'tq': -352.0, 'dx': 68, 'dy': -59, 'dd': -3, 'da': -90.0, 'dp': -15.07, 'de': 0.52}, 'c': {'id': 50}, 'n': {}, 'i': 0}, {'id': '20230519_102', 'p': {'id': 38, 'tq': -43.0, 'dx': 1, 'dy': -2, 'dd': 3, 'da': 88.0, 'dp': 18.07, 'de': -0.03}, 'c': {'id': 51}, 'n': {'id': 91, 'dx': -4, 'dy': 1, 'dd': -2, 'da': -41.0, 'dp': -7.0, 'de': -0.14}, 'i': 3}], current_date_string: 20230510, distance_threshold: 20
tq < 0
matched entry: {'id': '20230517_2', 'p': {'id': 1, 'tq': 21.0, 'dx': -1, 'dy': -3, 'dd': 1, 'da': 44.0, 'dp': 10.79, 'de': 0.3}, 'c': {'id': 1}, 'n': {'id': 1, 'dx': 2, 'dy': -1, 'dd': 0, 'da': 11.0, 'dp': 1.62, 'de': -0.2}, 'i': 2}, len(matching): 1
matched entry: {'id': '20230515_2', 'p': {'id': 2, 'tq': 79.0, 'dx': -2, 'dy': -3, 'dd': 0, 'da': 4.0, 'dp': 3.45, 'de': -0.26}, 'c': {'id': 2}, 'n': {'id': 3, 'dx': 2, 'dy': -1, 'dd': 2, 'da': 23.0, 'dp': 8.66, 'de': -0.28}, 'i': 1}, len(matching): 2
matched entry: {'id': '20230526_5', 'p': {'id': 3, 'tq': 80.0, 'dx': -1, 'dy': -3, 'dd': 0, 'da': -6.0, 'dp': -1.17, 'de': -0.15}, 'c': {'id': 3}, 'n': {'id': 4, 'dx': 1, 'dy': -2, 'dd': 0, 'da': 4.0, 'dp': 1.17, 'de': 0.14}, 'i': 6}, len(matching): 3
tq < 0
matched entry: {'id': '20230519_8', 'p': {'id': 5, 'tq': 10.0, 'dx': -19, 'dy': -2, 'dd': -1, 'da': -15.0, 'dp': -2.0, 'de': -0.0}, 'c': {'id': 6}, 'n': {'id': 10, 'dx': -5, 'dy': 4, 'dd': 1, 'da': 32.0, 'dp': 4.59, 'de': 0.09}, 'i': 3}, len(matching): 5
tq < 0
matched entry: {'id': '20230531_14', 'p': {'id': 7, 'tq': 93.0, 'dx': 1, 'dy': 0, 'dd': 0, 'da': -2.0, 'dp': 0.83, 'de': -0.09}, 'c': {'id': 8}, 'n': {'id': 13, 'dx': -1, 'dy': -1, 'dd': 0, 'da': 1.0, 'dp': 0.0, 'de': -0.01}, 'i': 8}, len(matching): 7
matched entry: {'id': '20230607_11', 'p': {'id': 8, 'tq': 74.0, 'dx': 1, 'dy': 0, 'dd': 0, 'da': -15.0, 'dp': -1.76, 'de': 0.18}, 'c': {'id': 9}, 'n': {'id': 14, 'dx': -1, 'dy': -1, 'dd': 0, 'da': 21.0, 'dp': 1.76, 'de': -0.03}, 'i': 11}, len(matching): 8
matched entry: {'id': '20230515_11', 'p': {'id': 9, 'tq': 95.0, 'dx': 0, 'dy': 0, 'dd': 0, 'da': -3.0, 'dp': -0.59, 'de': 0.02}, 'c': {'id': 11}, 'n': {'id': 17, 'dx': 22, 'dy': -1, 'dd': 0, 'da': 1.0, 'dp': 2.28, 'de': 0.03}, 'i': 1}, len(matching): 9
tq < 0
matched entry: {'id': '20230607_16', 'p': {'id': 11, 'tq': 49.0, 'dx': 0, 'dy': -1, 'dd': 1, 'da': 31.0, 'dp': 4.83, 'de': -0.06}, 'c': {'id': 13}, 'n': {'id': 19, 'dx': 0, 'dy': -1, 'dd': 1, 'da': 54.0, 'dp': 7.66, 'de': -0.11}, 'i': 11}, len(matching): 11
matched entry: {'id': '20230512_12', 'p': {'id': 12, 'tq': 69.0, 'dx': 1, 'dy': -1, 'dd': 0, 'da': 17.0, 'dp': 4.24, 'de': 0.17}, 'c': {'id': 14}, 'n': {}, 'i': 0}, len(matching): 12
matched entry: {'id': '20230512_14', 'p': {'id': 14, 'tq': 22.0, 'dx': 0, 'dy': -1, 'dd': 2, 'da': 49.0, 'dp': 9.66, 'de': -0.11}, 'c': {'id': 20}, 'n': {}, 'i': 0}, len(matching): 13
matched entry: {'id': '20230512_16', 'p': {'id': 15, 'tq': 79.0, 'dx': 0, 'dy': -1, 'dd': 0, 'da': -11.0, 'dp': -3.41, 'de': -0.11}, 'c': {'id': 22}, 'n': {}, 'i': 0}, len(matching): 14
matched entry: {'id': '20230607_37', 'p': {'id': 16, 'tq': 83.0, 'dx': 1, 'dy': -1, 'dd': 0, 'da': 8.0, 'dp': 1.41, 'de': 0.19}, 'c': {'id': 24}, 'n': {'id': 38, 'dx': 0, 'dy': 0, 'dd': 1, 'da': 57.0, 'dp': 8.83, 'de': -0.09}, 'i': 11}, len(matching): 15
matched entry: {'id': '20230607_40', 'p': {'id': 17, 'tq': 54.0, 'dx': 1, 'dy': -1, 'dd': 0, 'da': 27.0, 'dp': 4.83, 'de': -0.24}, 'c': {'id': 25}, 'n': {'id': 43, 'dx': 0, 'dy': 0, 'dd': 1, 'da': 24.0, 'dp': 3.41, 'de': 0.06}, 'i': 11}, len(matching): 16
matched entry: {'id': '20230515_27', 'p': {'id': 20, 'tq': 58.0, 'dx': 1, 'dy': -2, 'dd': 0, 'da': -22.0, 'dp': -5.41, 'de': 0.05}, 'c': {'id': 26}, 'n': {'id': 49, 'dx': -3, 'dy': 7, 'dd': 0, 'da': 25.0, 'dp': 5.17, 'de': -0.07}, 'i': 1}, len(matching): 17
tq < 0
matched entry: {'id': '20230607_49', 'p': {'id': 22, 'tq': 69.0, 'dx': 1, 'dy': -1, 'dd': 1, 'da': 17.0, 'dp': 1.41, 'de': -0.0}, 'c': {'id': 28}, 'n': {'id': 52, 'dx': -1, 'dy': 1, 'dd': 0, 'da': 28.0, 'dp': 3.41, 'de': 0.0}, 'i': 11}, len(matching): 19
matched entry: {'id': '20230607_53', 'p': {'id': 23, 'tq': 93.0, 'dx': 1, 'dy': -1, 'dd': 1, 'da': 1.0, 'dp': 0.0, 'de': -0.01}, 'c': {'id': 29}, 'n': {'id': 56, 'dx': -17, 'dy': 2, 'dd': 0, 'da': 0.0, 'dp': 0.24, 'de': -0.19}, 'i': 11}, len(matching): 20
tq < 0
matched entry: {'id': '20230607_55', 'p': {'id': 25, 'tq': 49.0, 'dx': 1, 'dy': -1, 'dd': 1, 'da': 30.0, 'dp': 4.83, 'de': -0.09}, 'c': {'id': 32}, 'n': {'id': 59, 'dx': -1, 'dy': 0, 'dd': 0, 'da': 36.0, 'dp': 4.59, 'de': 0.23}, 'i': 11}, len(matching): 22
matched entry: {'id': '20230607_59', 'p': {'id': 26, 'tq': 61.0, 'dx': 0, 'dy': -1, 'dd': 0, 'da': 23.0, 'dp': 4.0, 'de': 0.11}, 'c': {'id': 33}, 'n': {'id': 61, 'dx': 0, 'dy': 0, 'dd': 1, 'da': 28.0, 'dp': 2.83, 'de': -0.33}, 'i': 11}, len(matching): 23
matched entry: {'id': '20230512_26', 'p': {'id': 27, 'tq': 29.0, 'dx': 0, 'dy': 5, 'dd': 2, 'da': 34.0, 'dp': 9.83, 'de': -0.08}, 'c': {'id': 34}, 'n': {}, 'i': 0}, len(matching): 24
matched entry: {'id': '20230607_64', 'p': {'id': 30, 'tq': 36.0, 'dx': 0, 'dy': -1, 'dd': 1, 'da': 40.0, 'dp': 6.83, 'de': -0.04}, 'c': {'id': 37}, 'n': {'id': 66, 'dx': -1, 'dy': 1, 'dd': 1, 'da': 38.0, 'dp': 6.24, 'de': 0.2}, 'i': 11}, len(matching): 25
matched entry: {'id': '20230607_65', 'p': {'id': 31, 'tq': 51.0, 'dx': 1, 'dy': -1, 'dd': 0, 'da': 29.0, 'dp': 4.24, 'de': -0.02}, 'c': {'id': 38}, 'n': {'id': 67, 'dx': -1, 'dy': 1, 'dd': 1, 'da': 37.0, 'dp': 4.0, 'de': -0.09}, 'i': 11}, len(matching): 26
matched entry: {'id': '20230512_31', 'p': {'id': 32, 'tq': 59.0, 'dx': 0, 'dy': -2, 'dd': 1, 'da': 22.0, 'dp': 4.24, 'de': -0.01}, 'c': {'id': 40}, 'n': {}, 'i': 0}, len(matching): 27
tq < 0
matched entry: {'id': '20230607_73', 'p': {'id': 34, 'tq': 54.0, 'dx': 1, 'dy': -2, 'dd': 1, 'da': 25.0, 'dp': 5.17, 'de': -0.0}, 'c': {'id': 44}, 'n': {'id': 73, 'dx': 15, 'dy': -17, 'dd': 0, 'da': -1.0, 'dp': -1.17, 'de': 0.01}, 'i': 11}, len(matching): 29
matched entry: {'id': '20230512_38', 'p': {'id': 35, 'tq': 70.0, 'dx': -2, 'dy': 4, 'dd': 1, 'da': 9.0, 'dp': 3.41, 'de': -0.35}, 'c': {'id': 49}, 'n': {}, 'i': 0}, len(matching): 30
tq < 0
i_dict: {0: 8, 1: 6, 2: 3, 3: 1, 4: 1, 7: 1, 9: 1, 12: 11}
tq_average: -52.6562, dx_average: 23.6562, dy_average: 5.1875, dd_average: 0.25, da_average: 5.3125, dp_average: 1.5366, de_average: -0.0609
average_tracking_quality: 39.1765
@find_matching:
Returning:
Matching(lenght=32): [{'id': '20230510_0', 'p': {'id': 3, 'tq': -365.0, 'dx': 118, 'dy': -41, 'dd': -1, 'da': -18.0, 'dp': -4.83, 'de': 0.65}, 'c': {'id': 0}, 'n': {}, 'i': 0}, {'id': '20230517_2', 'p': {'id': 2, 'tq': 21.0, 'dx': 16, 'dy': -1, 'dd': 1, 'da': 14.0, 'dp': 5.31, 'de': 0.02}, 'c': {'id': 1}, 'n': {'id': 1, 'dx': -1, 'dy': -3, 'dd': 1, 'da': 44.0, 'dp': 10.79, 'de': 0.3}, 'i': 3}, {'id': '20230515_2', 'p': {'id': 1, 'tq': 49.0, 'dx': 11, 'dy': 3, 'dd': -1, 'da': -5.0, 'dp': -5.04, 'de': 0.09}, 'c': {'id': 2}, 'n': {'id': 2, 'dx': -2, 'dy': -3, 'dd': 0, 'da': 4.0, 'dp': 3.45, 'de': -0.26}, 'i': 2}, {'id': '20230526_5', 'p': {'id': 0, 'tq': 14.0, 'dx': 13, 'dy': 16, 'dd': 0, 'da': -9.0, 'dp': -2.0, 'de': 0.01}, 'c': {'id': 3}, 'n': {'id': 3, 'dx': -1, 'dy': -3, 'dd': 0, 'da': -6.0, 'dp': -1.17, 'de': -0.15}, 'i': 7}, {'id': '20230510_4', 'p': {'id': 4, 'tq': 12.0, 'dx': 24, 'dy': -5, 'dd': 0, 'da': 1.0, 'dp': 1.17, 'de': 0.16}, 'c': {'id': 4}, 'n': {}, 'i': 0}, {'id': '20230519_8', 'p': {'id': 5, 'tq': -319.0, 'dx': 100, 'dy': 44, 'dd': 0, 'da': -24.0, 'dp': -3.41, 'de': -0.08}, 'c': {'id': 5}, 'n': {'id': 6, 'dx': -19, 'dy': -2, 'dd': -1, 'da': -15.0, 'dp': -2.0, 'de': -0.0}, 'i': 4}, {'id': '20230510_6', 'p': {'id': 6, 'tq': -34.0, 'dx': 24, 'dy': 3, 'dd': -1, 'da': -32.0, 'dp': -7.41, 'de': -0.18}, 'c': {'id': 6}, 'n': {}, 'i': 0}, {'id': '20230531_14', 'p': {'id': 8, 'tq': -331.0, 'dx': 105, 'dy': -12, 'dd': 1, 'da': 40.0, 'dp': 8.83, 'de': -0.21}, 'c': {'id': 7}, 'n': {'id': 8, 'dx': 1, 'dy': 0, 'dd': 0, 'da': -2.0, 'dp': 0.83, 'de': -0.09}, 'i': 9}, {'id': '20230607_11', 'p': {'id': 7, 'tq': 21.0, 'dx': 1, 'dy': 1, 'dd': 1, 'da': 49.0, 'dp': 7.66, 'de': -0.17}, 'c': {'id': 8}, 'n': {'id': 9, 'dx': 1, 'dy': 0, 'dd': 0, 'da': -15.0, 'dp': -1.76, 'de': 0.18}, 'i': 12}, {'id': '20230515_11', 'p': {'id': 13, 'tq': -2.0, 'dx': -14, 'dy': -22, 'dd': 0, 'da': 7.0, 'dp': 2.34, 'de': 0.19}, 'c': {'id': 9}, 'n': {'id': 11, 'dx': 0, 'dy': 0, 'dd': 0, 'da': -3.0, 'dp': -0.59, 'de': 0.02}, 'i': 2}, {'id': '20230510_10', 'p': {'id': 12, 'tq': -48.0, 'dx': 32, 'dy': -21, 'dd': 0, 'da': 7.0, 'dp': 5.79, 'de': 0.04}, 'c': {'id': 10}, 'n': {}, 'i': 0}, {'id': '20230607_16', 'p': {'id': 9, 'tq': 21.0, 'dx': 0, 'dy': 1, 'dd': 1, 'da': 49.0, 'dp': 10.83, 'de': 0.05}, 'c': {'id': 11}, 'n': {'id': 13, 'dx': 0, 'dy': -1, 'dd': 1, 'da': 31.0, 'dp': 4.83, 'de': -0.06}, 'i': 12}, {'id': '20230512_12', 'p': {'id': 10, 'tq': 78.0, 'dx': 0, 'dy': 2, 'dd': 1, 'da': 10.0, 'dp': 1.17, 'de': 0.16}, 'c': {'id': 12}, 'n': {'id': 14, 'dx': 1, 'dy': -1, 'dd': 0, 'da': 17.0, 'dp': 4.24, 'de': 0.17}, 'i': 1}, {'id': '20230512_14', 'p': {'id': 15, 'tq': -77.0, 'dx': 45, 'dy': -20, 'dd': 0, 'da': 3.0, 'dp': -0.83, 'de': -0.15}, 'c': {'id': 14}, 'n': {'id': 20, 'dx': 0, 'dy': -1, 'dd': 2, 'da': 49.0, 'dp': 9.66, 'de': -0.11}, 'i': 1}, {'id': '20230512_16', 'p': {'id': 14, 'tq': -26.0, 'dx': 18, 'dy': 22, 'dd': 1, 'da': 17.0, 'dp': 5.04, 'de': -0.25}, 'c': {'id': 15}, 'n': {'id': 22, 'dx': 0, 'dy': -1, 'dd': 0, 'da': -11.0, 'dp': -3.41, 'de': -0.11}, 'i': 1}, {'id': '20230607_37', 'p': {'id': 16, 'tq': -11.0, 'dx': 0, 'dy': 1, 'dd': 3, 'da': 70.0, 'dp': 14.49, 'de': -0.28}, 'c': {'id': 16}, 'n': {'id': 24, 'dx': 1, 'dy': -1, 'dd': 0, 'da': 8.0, 'dp': 1.41, 'de': 0.19}, 'i': 12}, {'id': '20230607_40', 'p': {'id': 11, 'tq': -661.0, 'dx': 121, 'dy': 64, 'dd': -3, 'da': -186.0, 'dp': -28.38, 'de': -0.34}, 'c': {'id': 17}, 'n': {'id': 25, 'dx': 1, 'dy': -1, 'dd': 0, 'da': 27.0, 'dp': 4.83, 'de': -0.24}, 'i': 12}, {'id': '20230515_27', 'p': {'id': 18, 'tq': 74.0, 'dx': 1, 'dy': 1, 'dd': 0, 'da': 14.0, 'dp': 3.07, 'de': -0.14}, 'c': {'id': 20}, 'n': {'id': 26, 'dx': 1, 'dy': -2, 'dd': 0, 'da': -22.0, 'dp': -5.41, 'de': 0.05}, 'i': 2}, {'id': '20230510_18', 'p': {'id': 17, 'tq': -49.0, 'dx': 1, 'dy': 39, 'dd': -1, 'da': -8.0, 'dp': -3.07, 'de': -0.02}, 'c': {'id': 21}, 'n': {}, 'i': 0}, {'id': '20230607_49', 'p': {'id': 20, 'tq': 47.0, 'dx': 0, 'dy': 2, 'dd': 0, 'da': 30.0, 'dp': 6.83, 'de': -0.06}, 'c': {'id': 22}, 'n': {'id': 28, 'dx': 1, 'dy': -1, 'dd': 1, 'da': 17.0, 'dp': 1.41, 'de': -0.0}, 'i': 12}, {'id': '20230607_53', 'p': {'id': 21, 'tq': 26.0, 'dx': 0, 'dy': 1, 'dd': 1, 'da': 46.0, 'dp': 8.59, 'de': -0.11}, 'c': {'id': 23}, 'n': {'id': 29, 'dx': 1, 'dy': -1, 'dd': 1, 'da': 1.0, 'dp': 0.0, 'de': -0.01}, 'i': 12}, {'id': '20230510_21', 'p': {'id': 23, 'tq': 22.0, 'dx': 15, 'dy': -4, 'dd': 1, 'da': 15.0, 'dp': 4.59, 'de': -0.17}, 'c': {'id': 24}, 'n': {}, 'i': 0}, {'id': '20230607_55', 'p': {'id': 22, 'tq': 86.0, 'dx': 1, 'dy': 2, 'dd': 0, 'da': -4.0, 'dp': -0.59, 'de': -0.15}, 'c': {'id': 25}, 'n': {'id': 32, 'dx': 1, 'dy': -1, 'dd': 1, 'da': 30.0, 'dp': 4.83, 'de': -0.09}, 'i': 12}, {'id': '20230607_59', 'p': {'id': 24, 'tq': 60.0, 'dx': 1, 'dy': 1, 'dd': 1, 'da': 23.0, 'dp': 4.24, 'de': -0.04}, 'c': {'id': 26}, 'n': {'id': 33, 'dx': 0, 'dy': -1, 'dd': 0, 'da': 23.0, 'dp': 4.0, 'de': 0.11}, 'i': 12}, {'id': '20230512_26', 'p': {'id': 19, 'tq': -33.0, 'dx': 2, 'dy': 29, 'dd': -1, 'da': -20.0, 'dp': -6.41, 'de': 0.13}, 'c': {'id': 27}, 'n': {'id': 34, 'dx': 0, 'dy': 5, 'dd': 2, 'da': 34.0, 'dp': 9.83, 'de': -0.08}, 'i': 1}, {'id': '20230607_64', 'p': {'id': 26, 'tq': 36.0, 'dx': 1, 'dy': 1, 'dd': 2, 'da': 38.0, 'dp': 9.66, 'de': -0.15}, 'c': {'id': 30}, 'n': {'id': 37, 'dx': 0, 'dy': -1, 'dd': 1, 'da': 40.0, 'dp': 6.83, 'de': -0.04}, 'i': 12}, {'id': '20230607_65', 'p': {'id': 27, 'tq': 3.0, 'dx': 0, 'dy': 1, 'dd': 2, 'da': 61.0, 'dp': 11.41, 'de': -0.12}, 'c': {'id': 31}, 'n': {'id': 38, 'dx': 1, 'dy': -1, 'dd': 0, 'da': 29.0, 'dp': 4.24, 'de': -0.02}, 'i': 12}, {'id': '20230512_31', 'p': {'id': 28, 'tq': 48.0, 'dx': 1, 'dy': 2, 'dd': -1, 'da': -27.0, 'dp': -12.49, 'de': -0.42}, 'c': {'id': 32}, 'n': {'id': 40, 'dx': 0, 'dy': -2, 'dd': 1, 'da': 22.0, 'dp': 4.24, 'de': -0.01}, 'i': 1}, {'id': '20230510_28', 'p': {'id': 25, 'tq': -250.0, 'dx': 67, 'dy': 34, 'dd': -2, 'da': -56.0, 'dp': -15.66, 'de': 0.08}, 'c': {'id': 33}, 'n': {}, 'i': 0}, {'id': '20230607_73', 'p': {'id': 29, 'tq': -29.0, 'dx': -5, 'dy': -6, 'dd': 3, 'da': 63.0, 'dp': 24.93, 'de': -0.57}, 'c': {'id': 34}, 'n': {'id': 44, 'dx': 1, 'dy': -2, 'dd': 1, 'da': 25.0, 'dp': 5.17, 'de': -0.0}, 'i': 12}, {'id': '20230512_38', 'p': {'id': 30, 'tq': 48.0, 'dx': 11, 'dy': -7, 'dd': -1, 'da': -4.0, 'dp': -0.83, 'de': -0.11}, 'c': {'id': 35}, 'n': {'id': 49, 'dx': -2, 'dy': 4, 'dd': 1, 'da': 9.0, 'dp': 3.41, 'de': -0.35}, 'i': 1}, {'id': '20230510_31', 'p': {'id': 31, 'tq': -116.0, 'dx': 47, 'dy': 35, 'dd': 1, 'da': 6.0, 'dp': 4.17, 'de': 0.19}, 'c': {'id': 38}, 'n': {}, 'i': 0}]
Unmatched current(length=9): {36, 37, 39, 40, 13, 18, 19, 28, 29}
Unmatched previous(length=0): set()
Distance threshold: 20



@plot_data: normalized_points: (41, 2), normalized_prev_points: (32, 2), current_points: (41, 2), prev_points: (32, 2), current_data: 41, prev_data: 32, matching: 32, unmatched_current: 9, unmatched_prev: 0, combined_distances: (41, 32), distance_threshold: 20, current_date_string: 20230510, previous_date_string: 20230508, filename: output/crop1022/plots/20230508_20230510.png
Plots created
Plotted the normalized points
Drawing lines between the matched points
Plotting the unmatched points
Plotted the original points with diameter as size
Drawing lines between the matched points and add the indices to the plots with color coding
Setting the titles and labels
Done plotting

@process_image: output_dir: output/crop1022/20230510, image_name: 20230510, date_string: 20230510
len(json_data) = 41 json_data entries
len(matching) = 32 matching entries, setting max_id_i to 32
crop_dir: output/crop1022
nodules_dir: output/crop1022/nodules-last-detected-on
Split image into left and right images: (705, 300, 3), (705, 300, 3)
Converted right image to HSV: (705, 300, 3)
Created mask to detect nodules: (705, 300)

Found 41 contours in mask, processing each contour...

@process_contour: max_id: 20230510_32
Moments: {'m00': 8.5, 'm10': 394.8333333333333, 'm01': 5951.666666666666, 'm20': 18350.416666666664, 'm11': 276462.125, 'm02': 4167337.583333333, 'm30': 853324.4500000001, 'm21': 12849017.266666666, 'm12': 193578840.4, 'm03': 2917958927.8, 'mu20': 10.021241830065264, 'mu11': 1.373366013111081, 'mu02': 3.9232026147656143, 'mu30': -1.3877867483533919, 'mu21': -0.10931052383057249, 'mu12': 0.778091726139877, 'mu03': 0.42815589904785156, 'nu20': 0.13870230906664727, 'nu11': 0.019008526133025342, 'nu02': 0.05430038221128878, 'nu30': -0.0065883311784672586, 'nu21': -0.0005189370291523787, 'nu12': 0.0036938859555455056, 'nu03': 0.002032612620266447}
Centroid: 46, 700
Processing contour#1: area: 8.5 centroid: 46, 700 rectangle: (44, 699, 6, 4)
@find_dayJSON_match_for_contour: x: 44, y: 699, w: 6, h: 4, area: 8.5
Matched with JSON#40: (46, 700, 4, 65.0, 28.7279, 0.723228)
Match with input JSON(nodules) ID: 40
Matched contour: {'x': 46, 'y': 700, 'd': 4, 'a': 65.0, 'p': 28.7279, 'e': 0.723228, 'id': 40, 'tq': 100}
JSON_entry: 40
WARNING: match is empty
entry_id:20230510_32, entry saved to results list
WARNING: right_nodule_img.shape != (50, 50, 3) != (30, 50, 3)
@process_contour: max_id: 20230510_33
Moments: {'m00': 23.0, 'm10': 3047.5, 'm01': 15398.5, 'm20': 403836.3333333333, 'm11': 2040301.25, 'm02': 10309338.333333332, 'm30': 53519598.75, 'm21': 270368425.1666667, 'm12': 1365987329.1666667, 'm03': 6902159033.25, 'mu20': 42.58333333331393, 'mu11': 0.0, 'mu02': 42.58333333209157, 'mu30': 7.450580596923828e-09, 'mu21': 3.285822458565235e-08, 'mu12': 2.4400651454925537e-07, 'mu03': 2.86102294921875e-06, 'nu20': 0.0804977945809337, 'nu11': 0.0, 'nu02': 0.080497794578623, 'nu30': 2.9367740029349383e-12, 'nu21': 1.2951632223881037e-11, 'nu12': 9.617934859611923e-11, 'nu03': 1.1277212171270164e-09}
Centroid: 132, 669
Processing contour#2: area: 23.0 centroid: 132, 669 rectangle: (130, 667, 6, 6)
@find_dayJSON_match_for_contour: x: 130, y: 667, w: 6, h: 6, area: 23.0
Matched with JSON#39: (132, 669, 6, 128.0, 38.9706, 0.363268)
Match with input JSON(nodules) ID: 39
Matched contour: {'x': 132, 'y': 669, 'd': 6, 'a': 128.0, 'p': 38.9706, 'e': 0.363268, 'id': 39, 'tq': 100}
JSON_entry: 39
WARNING: match is empty
entry_id:20230510_33, entry saved to results list
created dirs at nodule_detection_path: output/crop1022/nodules-last-detected-on/2023-05-10/33/detection and nodule_images_original_path: output/crop1022/nodules-last-detected-on/2023-05-10/33
Segmented nodule image saved as output/crop1022/nodules-last-detected-on/2023-05-10/33/detection/2023-05-10.jpg
Original nodule image saved as output/crop1022/nodules-last-detected-on/2023-05-10/33/2023-05-10.jpg


@process_contour: max_id: 20230510_34
Moments: {'m00': 0.5, 'm10': 133.66666666666666, 'm01': 314.3333333333333, 'm20': 35733.58333333333, 'm11': 84031.79166666666, 'm02': 197610.91666666666, 'm30': 9552792.8, 'm21': 22464520.15, 'm12': 52828002.516666666, 'm03': 124231431.2, 'mu20': 0.027777777781011537, 'mu11': 0.013888888890505768, 'mu02': 0.027777777781011537, 'mu30': 0.0037037041038274765, 'mu21': 0.0018518506743347984, 'mu12': -0.001851843223751537, 'mu03': -0.003703698515892029, 'nu20': 0.11111111112404615, 'nu11': 0.05555555556202307, 'nu02': 0.11111111112404615, 'nu30': 0.02095131429859883, 'nu21': 0.010475649356536136, 'nu12': -0.010475607209672552, 'nu03': -0.020951282688462445}
Centroid: 267, 628
Processing contour#3: area: 0.5 centroid: 267, 628 rectangle: (267, 627, 2, 3)
@find_dayJSON_match_for_contour: x: 267, y: 627, w: 2, h: 3, area: 0.5
Matched with JSON#38: (268, 628, 3, 30.0, 20.0711, 0.650059)
Match with input JSON(nodules) ID: 38
Matched contour: {'x': 268, 'y': 628, 'd': 3, 'a': 30.0, 'p': 20.0711, 'e': 0.650059, 'id': 38, 'tq': 100}
JSON_entry: 38
Matched with first_id: 38 second_id: 31 name: 20230510_31
entry_id:20230510_31, entry saved to results list
created dirs at nodule_detection_path: output/crop1022/nodules-last-detected-on/2023-05-10/31/detection and nodule_images_original_path: output/crop1022/nodules-last-detected-on/2023-05-10/31
Segmented nodule image saved as output/crop1022/nodules-last-detected-on/2023-05-10/31/detection/2023-05-10.jpg
Original nodule image saved as output/crop1022/nodules-last-detected-on/2023-05-10/31/2023-05-10.jpg


@process_contour: max_id: 20230510_35
Moments: {'m00': 40.5, 'm10': 2926.333333333333, 'm01': 23781.166666666664, 'm20': 211907.91666666666, 'm11': 1718336.125, 'm02': 13964088.75, 'm30': 15378927.200000001, 'm21': 124433583.76666667, 'm12': 1009005999.5666666, 'm03': 8199612979.55, 'mu20': 465.2801783265022, 'mu11': 24.502229081233963, 'mu02': 42.13203018158674, 'mu30': 252.3869323208928, 'mu21': -18.39667934225872, 'mu12': -19.246591891096614, 'mu03': -3.4015674591064453, 'nu20': 0.283664184317331, 'nu11': 0.014938106435746966, 'nu02': 0.025686346704213832, 'nu30': 0.024178497360087182, 'nu21': -0.0017623894344325037, 'nu12': -0.0018438104815897889, 'nu03': -0.0003258678611997035}
Centroid: 72, 587
Processing contour#4: area: 40.5 centroid: 72, 587 rectangle: (66, 585, 14, 5)
@find_dayJSON_match_for_contour: x: 66, y: 585, w: 14, h: 5, area: 40.5
Matched with JSON#37: (71, 587, 5, 104.0, 54.7279, 0.979008)
Match with input JSON(nodules) ID: 37
Matched contour: {'x': 71, 'y': 587, 'd': 5, 'a': 104.0, 'p': 54.7279, 'e': 0.979008, 'id': 37, 'tq': 100}
JSON_entry: 37
WARNING: match is empty
entry_id:20230510_35, entry saved to results list
created dirs at nodule_detection_path: output/crop1022/nodules-last-detected-on/2023-05-10/35/detection and nodule_images_original_path: output/crop1022/nodules-last-detected-on/2023-05-10/35
Segmented nodule image saved as output/crop1022/nodules-last-detected-on/2023-05-10/35/detection/2023-05-10.jpg
Original nodule image saved as output/crop1022/nodules-last-detected-on/2023-05-10/35/2023-05-10.jpg


@process_contour: max_id: 20230510_36
Moments: {'m00': 10.5, 'm10': 1410.3333333333333, 'm01': 6123.833333333333, 'm20': 189441.91666666666, 'm11': 822536.5416666666, 'm02': 3571564.75, 'm30': 25447914.200000003, 'm21': 110486412.56666666, 'm12': 479722109.23333335, 'm03': 2083026503.95, 'mu20': 9.525132275157375, 'mu11': -1.1990740740438923, 'mu02': 9.064814815297723, 'mu30': -1.7074913904070854, 'mu21': -0.9405349645103342, 'mu12': 1.3072604535236678, 'mu03': 0.04156351089477539, 'nu20': 0.08639575759779931, 'nu11': -0.010875955320126005, 'nu02': 0.08222054254238297, 'nu30': -0.004779530912857023, 'nu21': -0.00263270196427069, 'nu12': 0.0036592229886923443, 'nu03': 0.00011634265700226297}
Centroid: 134, 583
Processing contour#5: area: 10.5 centroid: 134, 583 rectangle: (132, 581, 5, 5)
@find_dayJSON_match_for_contour: x: 132, y: 581, w: 5, h: 5, area: 10.5
Matched with JSON#36: (134, 583, 3, 34.0, 20.0711, 0.669824)
Match with input JSON(nodules) ID: 36
Matched contour: {'x': 134, 'y': 583, 'd': 3, 'a': 34.0, 'p': 20.0711, 'e': 0.669824, 'id': 36, 'tq': 100}
JSON_entry: 36
WARNING: match is empty
entry_id:20230510_36, entry saved to results list
created dirs at nodule_detection_path: output/crop1022/nodules-last-detected-on/2023-05-10/36/detection and nodule_images_original_path: output/crop1022/nodules-last-detected-on/2023-05-10/36
Segmented nodule image saved as output/crop1022/nodules-last-detected-on/2023-05-10/36/detection/2023-05-10.jpg
Original nodule image saved as output/crop1022/nodules-last-detected-on/2023-05-10/36/2023-05-10.jpg


@process_contour: max_id: 20230510_37
Moments: {'m00': 20.5, 'm10': 3268.6666666666665, 'm01': 11433.333333333332, 'm20': 521214.9166666666, 'm11': 1823013.9583333333, 'm02': 6376672.25, 'm30': 83117498.30000001, 'm21': 290694327.81666666, 'm12': 1016743909.35, 'm03': 3556456910.7000003, 'mu20': 35.3177506775246, 'mu11': 1.4922086724545807, 'mu02': 32.68360433820635, 'mu30': 0.3396809846162796, 'mu21': 4.12783495779513, 'mu12': -0.3900801204745221, 'mu03': -4.263537406921387, 'nu20': 0.08403985884003475, 'nu11': 0.003550764241414826, 'nu02': 0.07777181282143093, 'nu30': 0.00017851987869021884, 'nu21': 0.002169390190479077, 'nu12': -0.00020500722424966796, 'nu03': -0.002240708827238657}
Centroid: 159, 557
Processing contour#6: area: 20.5 centroid: 159, 557 rectangle: (157, 555, 6, 6)
@find_dayJSON_match_for_contour: x: 157, y: 555, w: 6, h: 6, area: 20.5
Matched with JSON#35: (159, 557, 4, 78.0, 30.1421, 0.474448)
Match with input JSON(nodules) ID: 35
Matched contour: {'x': 159, 'y': 557, 'd': 4, 'a': 78.0, 'p': 30.1421, 'e': 0.474448, 'id': 35, 'tq': 100}
JSON_entry: 35
Matched with first_id: 35 second_id: 30 name: 20230512_38
entry_id:20230512_38, entry saved to results list
created dirs at nodule_detection_path: output/crop1022/nodules-last-detected-on/2023-05-12/38/detection and nodule_images_original_path: output/crop1022/nodules-last-detected-on/2023-05-12/38
Segmented nodule image saved as output/crop1022/nodules-last-detected-on/2023-05-12/38/detection/2023-05-10.jpg
Original nodule image saved as output/crop1022/nodules-last-detected-on/2023-05-12/38/2023-05-10.jpg


@process_contour: max_id: 20230510_38
Moments: {'m00': 14.5, 'm10': 2549.6666666666665, 'm01': 7022.166666666666, 'm20': 448345.5833333333, 'm11': 1234772.0416666665, 'm02': 3400766.75, 'm30': 78841789.8, 'm21': 217128348.43333334, 'm12': 597988387.1, 'm03': 1646967922.0500002, 'mu20': 14.541187739465386, 'mu11': 0.7121647510211915, 'mu02': 20.2193486597389, 'mu30': 0.8803056329488754, 'mu21': 0.7094706282314291, 'mu12': -0.8629298961623135, 'mu03': -0.7245302200317383, 'nu20': 0.06916141612111955, 'nu11': 0.003387228304500316, 'nu02': 0.096168126800185, 'nu30': 0.0010995461830091515, 'nu21': 0.0008861646364976486, 'nu12': -0.001077843010445509, 'nu03': -0.0009049748270291313}
Centroid: 175, 484
Processing contour#7: area: 14.5 centroid: 175, 484 rectangle: (174, 482, 5, 6)
@find_dayJSON_match_for_contour: x: 174, y: 482, w: 5, h: 6, area: 14.5
Matched with JSON#34: (175, 484, 4, 67.0, 28.1421, 0.340972)
Match with input JSON(nodules) ID: 34
Matched contour: {'x': 175, 'y': 484, 'd': 4, 'a': 67.0, 'p': 28.1421, 'e': 0.340972, 'id': 34, 'tq': 100}
JSON_entry: 34
Matched with first_id: 34 second_id: 29 name: 20230607_73
entry_id:20230607_73, entry saved to results list
created dirs at nodule_detection_path: output/crop1022/nodules-last-detected-on/2023-06-07/73/detection and nodule_images_original_path: output/crop1022/nodules-last-detected-on/2023-06-07/73
Segmented nodule image saved as output/crop1022/nodules-last-detected-on/2023-06-07/73/detection/2023-05-10.jpg
Original nodule image saved as output/crop1022/nodules-last-detected-on/2023-06-07/73/2023-05-10.jpg


@process_contour: max_id: 20230510_39
Moments: {'m00': 0.0, 'm10': 0.0, 'm01': 0.0, 'm20': 0.0, 'm11': 0.0, 'm02': 0.0, 'm30': 0.0, 'm21': 0.0, 'm12': 0.0, 'm03': 0.0, 'mu20': 0.0, 'mu11': 0.0, 'mu02': 0.0, 'mu30': 0.0, 'mu21': 0.0, 'mu12': 0.0, 'mu03': 0.0, 'nu20': 0.0, 'nu11': 0.0, 'nu02': 0.0, 'nu30': 0.0, 'nu21': 0.0, 'nu12': 0.0, 'nu03': 0.0}
Skipping contour#8 because area is 0.


@process_contour: max_id: 20230510_40
Moments: {'m00': 27.0, 'm10': 5467.5, 'm01': 11887.666666666666, 'm20': 1107221.6666666665, 'm11': 2407252.5, 'm02': 5234016.833333333, 'm30': 224233818.75, 'm21': 487491938.71666664, 'm12': 1059888408.75, 'm03': 2304513471.9, 'mu20': 52.916666666511446, 'mu11': 4.656612873077393e-10, 'mu02': 67.98971193470061, 'mu30': 8.940696716308594e-08, 'mu21': 9.107613030439097, 'mu12': -1.4994293451309204e-07, 'mu03': -6.63530969619751, 'nu20': 0.0725880201186714, 'nu11': 6.38767197953003e-13, 'nu02': 0.09326435107640686, 'nu30': 2.3602714476010833e-11, 'nu21': 0.002404336001279815, 'nu12': -3.958371906914317e-11, 'nu03': -0.0017516679649090836}
Centroid: 202, 440
Processing contour#9: area: 27.0 centroid: 202, 440 rectangle: (200, 437, 6, 7)
@find_dayJSON_match_for_contour: x: 200, y: 437, w: 6, h: 7, area: 27.0
Matched with JSON#32: (202, 440, 6, 142.0, 41.5563, 0.313746)
Match with input JSON(nodules) ID: 32
Matched contour: {'x': 202, 'y': 440, 'd': 6, 'a': 142.0, 'p': 41.5563, 'e': 0.313746, 'id': 32, 'tq': 100}
JSON_entry: 32
Matched with first_id: 32 second_id: 28 name: 20230512_31
entry_id:20230512_31, entry saved to results list
created dirs at nodule_detection_path: output/crop1022/nodules-last-detected-on/2023-05-12/31/detection and nodule_images_original_path: output/crop1022/nodules-last-detected-on/2023-05-12/31
Segmented nodule image saved as output/crop1022/nodules-last-detected-on/2023-05-12/31/detection/2023-05-10.jpg
Original nodule image saved as output/crop1022/nodules-last-detected-on/2023-05-12/31/2023-05-10.jpg


@process_contour: max_id: 20230510_41
Moments: {'m00': 31.0, 'm10': 5198.0, 'm01': 13328.5, 'm20': 871680.5, 'm11': 2234892.4166666665, 'm02': 5730675.666666666, 'm30': 146192392.0, 'm21': 374781749.75, 'm12': 960908301.25, 'm03': 2463969656.25, 'mu20': 93.27419354836456, 'mu11': 3.9327956987544894, 'mu02': 65.59408602118492, 'mu30': -24.694068670272827, 'mu21': -6.043357596048736, 'mu12': 12.480055695579722, 'mu03': 5.775234699249268, 'nu20': 0.09705951461848548, 'nu11': 0.004092399270296035, 'nu02': 0.0682560728628355, 'nu30': -0.004615177587715162, 'nu21': -0.0011294683312113812, 'nu12': 0.0023324497112544936, 'nu03': 0.00107935772365679}
Centroid: 167, 429
Processing contour#10: area: 31.0 centroid: 167, 429 rectangle: (164, 427, 8, 7)
@find_dayJSON_match_for_contour: x: 164, y: 427, w: 8, h: 7, area: 31.0
Matched with JSON#31: (167, 429, 6, 123.0, 39.5563, 0.347997)
Match with input JSON(nodules) ID: 31
Matched contour: {'x': 167, 'y': 429, 'd': 6, 'a': 123.0, 'p': 39.5563, 'e': 0.347997, 'id': 31, 'tq': 100}
JSON_entry: 31
Matched with first_id: 31 second_id: 27 name: 20230607_65
entry_id:20230607_65, entry saved to results list
created dirs at nodule_detection_path: output/crop1022/nodules-last-detected-on/2023-06-07/65/detection and nodule_images_original_path: output/crop1022/nodules-last-detected-on/2023-06-07/65
Segmented nodule image saved as output/crop1022/nodules-last-detected-on/2023-06-07/65/detection/2023-05-10.jpg
Original nodule image saved as output/crop1022/nodules-last-detected-on/2023-06-07/65/2023-05-10.jpg


@process_contour: max_id: 20230510_42
Moments: {'m00': 17.0, 'm10': 3130.333333333333, 'm01': 7258.0, 'm20': 576437.5, 'm11': 1336466.0, 'm02': 3098761.5, 'm30': 106153385.10000001, 'm21': 246104092.33333334, 'm12': 570595560.3666667, 'm03': 1323008045.0, 'mu20': 26.513071895460598, 'mu11': -2.196078431326896, 'mu02': 22.441176470834762, 'mu30': 2.1388953030109406, 'mu21': -3.3187235707064247, 'mu12': -0.6465975249857365, 'mu03': 2.463667631149292, 'nu20': 0.0917407332022858, 'nu11': -0.007598887305629398, 'nu02': 0.07765112965686768, 'nu30': 0.0017950114505295338, 'nu21': -0.0027851511956543027, 'nu12': -0.0005426399130427735, 'nu03': 0.0020675680581403993}
Centroid: 184, 426
Processing contour#11: area: 17.0 centroid: 184, 426 rectangle: (182, 425, 6, 5)
@find_dayJSON_match_for_contour: x: 182, y: 425, w: 6, h: 5, area: 17.0
Matched with JSON#30: (184, 426, 5, 81.0, 31.3137, 0.249767)
Match with input JSON(nodules) ID: 30
Matched contour: {'x': 184, 'y': 426, 'd': 5, 'a': 81.0, 'p': 31.3137, 'e': 0.249767, 'id': 30, 'tq': 100}
JSON_entry: 30
Matched with first_id: 30 second_id: 26 name: 20230607_64
entry_id:20230607_64, entry saved to results list
created dirs at nodule_detection_path: output/crop1022/nodules-last-detected-on/2023-06-07/64/detection and nodule_images_original_path: output/crop1022/nodules-last-detected-on/2023-06-07/64
Segmented nodule image saved as output/crop1022/nodules-last-detected-on/2023-06-07/64/detection/2023-05-10.jpg
Original nodule image saved as output/crop1022/nodules-last-detected-on/2023-06-07/64/2023-05-10.jpg


@process_contour: max_id: 20230510_43
Moments: {'m00': 21.5, 'm10': 5713.166666666666, 'm01': 9147.166666666666, 'm20': 1518191.25, 'm11': 2430663.125, 'm02': 3891695.25, 'm30': 403447684.55, 'm21': 645913123.85, 'm12': 1034133846.6833333, 'm03': 1655751495.5500002, 'mu20': 39.000645995372906, 'mu11': -1.4189276481047273, 'mu02': 36.737080104183406, 'mu30': -2.775877058506012, 'mu21': -0.9167310167576943, 'mu12': 3.8559087657813507, 'mu03': 0.293529748916626, 'nu20': 0.08437132719388404, 'nu11': -0.003069610920724126, 'nu02': 0.07947448372998031, 'nu30': -0.0012951023095316668, 'nu21': -0.00042770642647307704, 'nu12': 0.0017989976654782063, 'nu03': 0.00013694808801898863}
Centroid: 265, 425
Processing contour#12: area: 21.5 centroid: 265, 425 rectangle: (263, 423, 7, 6)
@find_dayJSON_match_for_contour: x: 263, y: 423, w: 7, h: 6, area: 21.5
Matched with JSON#29: (265, 425, 4, 74.0, 30.1421, 0.401385)
Match with input JSON(nodules) ID: 29
Matched contour: {'x': 265, 'y': 425, 'd': 4, 'a': 74.0, 'p': 30.1421, 'e': 0.401385, 'id': 29, 'tq': 100}
JSON_entry: 29
WARNING: match is empty
entry_id:20230510_43, entry saved to results list
created dirs at nodule_detection_path: output/crop1022/nodules-last-detected-on/2023-05-10/43/detection and nodule_images_original_path: output/crop1022/nodules-last-detected-on/2023-05-10/43
Segmented nodule image saved as output/crop1022/nodules-last-detected-on/2023-05-10/43/detection/2023-05-10.jpg
Original nodule image saved as output/crop1022/nodules-last-detected-on/2023-05-10/43/2023-05-10.jpg


@process_contour: max_id: 20230510_44
Moments: {'m00': 1.5, 'm10': 243.33333333333331, 'm01': 630.6666666666666, 'm20': 39474.416666666664, 'm11': 102308.20833333333, 'm02': 265160.4166666666, 'm30': 6403738.7, 'm21': 16596818.683333334, 'm12': 43014962.65, 'm03': 111485325.30000001, 'mu20': 0.34259259259852115, 'mu11': 0.0601851851970423, 'mu02': 0.1203703703940846, 'mu30': -0.04485596716403961, 'mu21': -0.028600824078438336, 'mu12': 0.003909463761377907, 'mu03': 0.007818952202796936, 'nu20': 0.1522633744882316, 'nu11': 0.026748971198685467, 'nu02': 0.053497942397370934, 'nu30': -0.01627766392161986, 'nu21': -0.010378877809671236, 'nu12': 0.0014186950197448483, 'nu03': 0.0028373989955648936}
Centroid: 162, 420
Processing contour#13: area: 1.5 centroid: 162, 420 rectangle: (161, 420, 3, 2)
@find_dayJSON_match_for_contour: x: 161, y: 420, w: 3, h: 2, area: 1.5
Matched with JSON#28: (161, 420, 1, 7.0, 6.4497, 0.653175)
Match with input JSON(nodules) ID: 28
Matched contour: {'x': 161, 'y': 420, 'd': 1, 'a': 7.0, 'p': 6.4497, 'e': 0.653175, 'id': 28, 'tq': 100}
JSON_entry: 28
WARNING: match is empty
entry_id:20230510_44, entry saved to results list
created dirs at nodule_detection_path: output/crop1022/nodules-last-detected-on/2023-05-10/44/detection and nodule_images_original_path: output/crop1022/nodules-last-detected-on/2023-05-10/44
Segmented nodule image saved as output/crop1022/nodules-last-detected-on/2023-05-10/44/detection/2023-05-10.jpg
Original nodule image saved as output/crop1022/nodules-last-detected-on/2023-05-10/44/2023-05-10.jpg


@process_contour: max_id: 20230510_45
Moments: {'m00': 36.0, 'm10': 7060.166666666666, 'm01': 14943.0, 'm20': 1384731.5, 'm11': 2930551.25, 'm02': 6202683.666666666, 'm30': 271615343.15000004, 'm21': 574776512.75, 'm12': 1216438726.05, 'm03': 2574708158.5, 'mu20': 121.68441358068958, 'mu11': -6.263888888526708, 'mu02': 93.41666666604578, 'mu30': -29.157348930835724, 'mu21': 2.852751931757666, 'mu12': 24.25293207571667, 'mu03': -4.874999046325684, 'nu20': 0.09389229442954443, 'nu11': -0.004833247599171842, 'nu02': 0.07208076131639335, 'nu30': -0.0037496590703235237, 'nu21': 0.00036686624636801256, 'nu12': 0.0031189470261981313, 'nu03': -0.0006269288897023769}
Centroid: 196, 415
Processing contour#14: area: 36.0 centroid: 196, 415 rectangle: (192, 412, 9, 7)
@find_dayJSON_match_for_contour: x: 192, y: 412, w: 9, h: 7, area: 36.0
Matched with JSON#26: (196, 415, 7, 158.0, 44.3848, 0.340413)
Match with input JSON(nodules) ID: 26
Matched contour: {'x': 196, 'y': 415, 'd': 7, 'a': 158.0, 'p': 44.3848, 'e': 0.340413, 'id': 26, 'tq': 100}
JSON_entry: 26
Matched with first_id: 26 second_id: 24 name: 20230607_59
entry_id:20230607_59, entry saved to results list
created dirs at nodule_detection_path: output/crop1022/nodules-last-detected-on/2023-06-07/59/detection and nodule_images_original_path: output/crop1022/nodules-last-detected-on/2023-06-07/59
Segmented nodule image saved as output/crop1022/nodules-last-detected-on/2023-06-07/59/detection/2023-05-10.jpg
Original nodule image saved as output/crop1022/nodules-last-detected-on/2023-06-07/59/2023-05-10.jpg


@process_contour: max_id: 20230510_46
Moments: {'m00': 5.5, 'm10': 896.1666666666666, 'm01': 2273.6666666666665, 'm20': 146022.5833333333, 'm11': 370469.4583333333, 'm02': 939923.75, 'm30': 23793395.05, 'm21': 60364717.1, 'm12': 153150266.6, 'm03': 388561865.8, 'mu20': 1.7297979797876906, 'mu11': -0.4103535353206098, 'mu02': 3.7297979799332097, 'mu30': 0.11573309451341629, 'mu21': -0.13913375753588753, 'mu12': -0.2989133981966461, 'mu03': 0.3058156371116638, 'nu20': 0.05718340429050217, 'nu11': -0.01356540612630115, 'nu02': 0.12329910677465157, 'nu30': 0.0016313638781032677, 'nu21': -0.001961217638075969, 'nu12': -0.004213457892483622, 'nu03': 0.004310751266443248}
Centroid: 162, 413
Processing contour#15: area: 5.5 centroid: 162, 413 rectangle: (162, 412, 3, 4)
@find_dayJSON_match_for_contour: x: 162, y: 412, w: 3, h: 4, area: 5.5
Matched with JSON#27: (162, 413, 2, 24.0, 16.0711, 0.527491)
Match with input JSON(nodules) ID: 27
Matched contour: {'x': 162, 'y': 413, 'd': 2, 'a': 24.0, 'p': 16.0711, 'e': 0.527491, 'id': 27, 'tq': 100}
JSON_entry: 27
Matched with first_id: 27 second_id: 19 name: 20230512_26
entry_id:20230512_26, entry saved to results list
created dirs at nodule_detection_path: output/crop1022/nodules-last-detected-on/2023-05-12/26/detection and nodule_images_original_path: output/crop1022/nodules-last-detected-on/2023-05-12/26
Segmented nodule image saved as output/crop1022/nodules-last-detected-on/2023-05-12/26/detection/2023-05-10.jpg
Original nodule image saved as output/crop1022/nodules-last-detected-on/2023-05-12/26/2023-05-10.jpg


@process_contour: max_id: 20230510_47
Moments: {'m00': 33.0, 'm10': 5590.833333333333, 'm01': 13430.5, 'm20': 947289.0, 'm11': 2275378.833333333, 'm02': 5466093.333333333, 'm30': 160520970.35, 'm21': 385530367.1666667, 'm12': 926056532.3666667, 'm03': 2224684988.25, 'mu20': 94.53451178455725, 'mu11': -5.623737373854965, 'mu02': 83.32575757522136, 'mu30': 1.5348705649375916, 'mu21': 2.5683859312339337, 'mu12': -5.56974262746553, 'mu03': -3.462350368499756, 'nu20': 0.08680855076635194, 'nu11': -0.005164129819885184, 'nu02': 0.07651584717651182, 'nu30': 0.00024535047763060946, 'nu21': 0.0004105588636352575, 'nu12': -0.000890328504008934, 'nu03': -0.000553459904725238}
Centroid: 169, 406
Processing contour#16: area: 33.0 centroid: 169, 406 rectangle: (166, 404, 8, 7)
@find_dayJSON_match_for_contour: x: 166, y: 404, w: 8, h: 7, area: 33.0
Matched with JSON#25: (169, 407, 6, 124.0, 38.9706, 0.312118)
Match with input JSON(nodules) ID: 25
Matched contour: {'x': 169, 'y': 407, 'd': 6, 'a': 124.0, 'p': 38.9706, 'e': 0.312118, 'id': 25, 'tq': 100}
JSON_entry: 25
Matched with first_id: 25 second_id: 22 name: 20230607_55
entry_id:20230607_55, entry saved to results list
created dirs at nodule_detection_path: output/crop1022/nodules-last-detected-on/2023-06-07/55/detection and nodule_images_original_path: output/crop1022/nodules-last-detected-on/2023-06-07/55
Segmented nodule image saved as output/crop1022/nodules-last-detected-on/2023-06-07/55/detection/2023-05-10.jpg
Original nodule image saved as output/crop1022/nodules-last-detected-on/2023-06-07/55/2023-05-10.jpg


@process_contour: max_id: 20230510_48
Moments: {'m00': 9.5, 'm10': 2504.5, 'm01': 3834.333333333333, 'm20': 660274.5833333333, 'm11': 1010852.7916666666, 'm02': 1547597.0833333333, 'm30': 174074133.15, 'm21': 266496849.56666666, 'm12': 407996624.46666664, 'm03': 624637016.2, 'mu20': 9.293859649100341, 'mu11': 1.4407894738251343, 'mu02': 6.334795322036371, 'mu30': 1.8972299695014954, 'mu21': 1.0464297004191394, 'mu12': -1.2325485626993213, 'mu03': -0.9187545776367188, 'nu20': 0.10297905428366028, 'nu11': 0.01596442630277157, 'nu02': 0.0701916379173005, 'nu30': 0.00682041754824168, 'nu21': 0.0037618462740261686, 'nu12': -0.004430931400637399, 'nu03': -0.003302862565199379}
Centroid: 263, 403
Processing contour#17: area: 9.5 centroid: 263, 403 rectangle: (262, 402, 5, 4)
@find_dayJSON_match_for_contour: x: 262, y: 402, w: 5, h: 4, area: 9.5
Matched with JSON#24: (263, 403, 3, 37.0, 20.2426, 0.509687)
Match with input JSON(nodules) ID: 24
Matched contour: {'x': 263, 'y': 403, 'd': 3, 'a': 37.0, 'p': 20.2426, 'e': 0.509687, 'id': 24, 'tq': 100}
JSON_entry: 24
Matched with first_id: 24 second_id: 23 name: 20230510_21
entry_id:20230510_21, entry saved to results list
created dirs at nodule_detection_path: output/crop1022/nodules-last-detected-on/2023-05-10/21/detection and nodule_images_original_path: output/crop1022/nodules-last-detected-on/2023-05-10/21
Segmented nodule image saved as output/crop1022/nodules-last-detected-on/2023-05-10/21/detection/2023-05-10.jpg
Original nodule image saved as output/crop1022/nodules-last-detected-on/2023-05-10/21/2023-05-10.jpg


@process_contour: max_id: 20230510_49
Moments: {'m00': 27.5, 'm10': 4449.833333333333, 'm01': 10848.333333333332, 'm20': 720116.9166666666, 'm11': 1755400.4583333333, 'm02': 4279551.75, 'm30': 116549500.95, 'm21': 284078005.56666666, 'm12': 692490163.2333333, 'm03': 1688256684.2, 'mu20': 79.94595959607977, 'mu11': 8.630050505278632, 'mu02': 48.618686869740486, 'mu30': -17.307174786925316, 'mu21': -0.08951636446363409, 'mu12': 7.880455980248371, 'mu03': 1.8475353717803955, 'nu20': 0.10571366558159308, 'nu11': 0.011411637031773397, 'nu02': 0.06428917272031799, 'nu30': -0.0043640975034361235, 'nu21': -2.2572034285315354e-05, 'nu12': 0.001987099494443246, 'nu03': 0.00046586601237700594}
Centroid: 161, 394
Processing contour#18: area: 27.5 centroid: 161, 394 rectangle: (158, 392, 8, 6)
@find_dayJSON_match_for_contour: x: 158, y: 392, w: 8, h: 6, area: 27.5
Matched with JSON#23: (161, 394, 5, 113.0, 36.7279, 0.398753)
Match with input JSON(nodules) ID: 23
Matched contour: {'x': 161, 'y': 394, 'd': 5, 'a': 113.0, 'p': 36.7279, 'e': 0.398753, 'id': 23, 'tq': 100}
JSON_entry: 23
Matched with first_id: 23 second_id: 21 name: 20230607_53
entry_id:20230607_53, entry saved to results list
created dirs at nodule_detection_path: output/crop1022/nodules-last-detected-on/2023-06-07/53/detection and nodule_images_original_path: output/crop1022/nodules-last-detected-on/2023-06-07/53
Segmented nodule image saved as output/crop1022/nodules-last-detected-on/2023-06-07/53/detection/2023-05-10.jpg
Original nodule image saved as output/crop1022/nodules-last-detected-on/2023-06-07/53/2023-05-10.jpg


@process_contour: max_id: 20230510_50
Moments: {'m00': 38.5, 'm10': 7143.333333333333, 'm01': 15003.666666666666, 'm20': 1325504.9166666665, 'm11': 2783800.2916666665, 'm02': 5847131.916666666, 'm30': 245981247.70000002, 'm21': 516557892.34999996, 'm12': 1084885847.4833333, 'm03': 2278752608.8, 'mu20': 122.80988455959596, 'mu11': 3.0910894661210477, 'mu02': 118.58044733013958, 'mu30': 0.9829533696174622, 'mu21': 19.725083526136586, 'mu12': 1.2476400644445675, 'mu03': -27.99751377105713, 'nu20': 0.08285369172514487, 'nu11': 0.0020854035865211997, 'nu02': 0.08000030179128999, 'nu30': 0.00010687622166353566, 'nu21': 0.0021447023474689946, 'nu12': 0.00013565552568966613, 'nu03': -0.00304416117825396}
Centroid: 185, 389
Processing contour#19: area: 38.5 centroid: 185, 389 rectangle: (182, 386, 8, 8)
@find_dayJSON_match_for_contour: x: 182, y: 386, w: 8, h: 8, area: 38.5
Matched with JSON#22: (185, 389, 6, 147.0, 44.3848, 0.294698)
Match with input JSON(nodules) ID: 22
Matched contour: {'x': 185, 'y': 389, 'd': 6, 'a': 147.0, 'p': 44.3848, 'e': 0.294698, 'id': 22, 'tq': 100}
JSON_entry: 22
Matched with first_id: 22 second_id: 20 name: 20230607_49
entry_id:20230607_49, entry saved to results list
created dirs at nodule_detection_path: output/crop1022/nodules-last-detected-on/2023-06-07/49/detection and nodule_images_original_path: output/crop1022/nodules-last-detected-on/2023-06-07/49
Segmented nodule image saved as output/crop1022/nodules-last-detected-on/2023-06-07/49/detection/2023-05-10.jpg
Original nodule image saved as output/crop1022/nodules-last-detected-on/2023-06-07/49/2023-05-10.jpg


@process_contour: max_id: 20230510_51
Moments: {'m00': 8.5, 'm10': 1356.3333333333333, 'm01': 3208.1666666666665, 'm20': 216434.25, 'm11': 511923.4583333333, 'm02': 1210868.75, 'm30': 34538031.2, 'm21': 81689301.1, 'm12': 193217198.4, 'm03': 457024385.05, 'mu20': 6.001633986947127, 'mu11': 0.7066993464832194, 'mu02': 6.001633987063542, 'mu30': -0.35087786614894867, 'mu21': -0.4782071330914732, 'mu12': 0.47820708180290694, 'mu03': 0.3508778214454651, 'nu20': 0.08306759843525435, 'nu11': 0.009781305833677778, 'nu02': 0.08306759843686563, 'nu30': -0.0016657455391658768, 'nu21': -0.002270224130940985, 'nu12': 0.002270223887455406, 'nu03': 0.0016657453269420931}
Centroid: 159, 377
Processing contour#20: area: 8.5 centroid: 159, 377 rectangle: (158, 376, 4, 4)
@find_dayJSON_match_for_contour: x: 158, y: 376, w: 4, h: 4, area: 8.5
Matched with JSON#21: (159, 377, 3, 43.0, 21.0711, 0.397815)
Match with input JSON(nodules) ID: 21
Matched contour: {'x': 159, 'y': 377, 'd': 3, 'a': 43.0, 'p': 21.0711, 'e': 0.397815, 'id': 21, 'tq': 100}
JSON_entry: 21
Matched with first_id: 21 second_id: 17 name: 20230510_18
entry_id:20230510_18, entry saved to results list
created dirs at nodule_detection_path: output/crop1022/nodules-last-detected-on/2023-05-10/18/detection and nodule_images_original_path: output/crop1022/nodules-last-detected-on/2023-05-10/18
Segmented nodule image saved as output/crop1022/nodules-last-detected-on/2023-05-10/18/detection/2023-05-10.jpg
Original nodule image saved as output/crop1022/nodules-last-detected-on/2023-05-10/18/2023-05-10.jpg


@process_contour: max_id: 20230510_52
Moments: {'m00': 29.0, 'm10': 4731.833333333333, 'm01': 10737.166666666666, 'm20': 772162.3333333333, 'm11': 1751947.5833333333, 'm02': 3975462.333333333, 'm30': 126018858.85000001, 'm21': 285890836.8, 'm12': 648662848.5333333, 'm03': 1471945889.65, 'mu20': 84.86111111112405, 'mu11': -0.11111111100763083, 'mu02': 57.22892720345408, 'mu30': 11.7851852029562, 'mu21': -12.000127711202367, 'mu12': -6.578416393913358, 'mu03': 6.783978700637817, 'nu20': 0.10090500726649708, 'nu11': -0.00013211784899837197, 'nu02': 0.06804866492681816, 'nu30': 0.0026022044610489164, 'nu21': -0.002649664415576141, 'nu12': -0.0014525341937422149, 'nu03': 0.0014979229714635626}
Centroid: 163, 370
Processing contour#21: area: 29.0 centroid: 163, 370 rectangle: (160, 367, 8, 7)
@find_dayJSON_match_for_contour: x: 160, y: 367, w: 8, h: 7, area: 29.0
Matched with JSON#20: (162, 370, 6, 136.0, 41.799, 0.272664)
Match with input JSON(nodules) ID: 20
Matched contour: {'x': 162, 'y': 370, 'd': 6, 'a': 136.0, 'p': 41.799, 'e': 0.272664, 'id': 20, 'tq': 100}
JSON_entry: 20
Matched with first_id: 20 second_id: 18 name: 20230515_27
entry_id:20230515_27, entry saved to results list
created dirs at nodule_detection_path: output/crop1022/nodules-last-detected-on/2023-05-15/27/detection and nodule_images_original_path: output/crop1022/nodules-last-detected-on/2023-05-15/27
Segmented nodule image saved as output/crop1022/nodules-last-detected-on/2023-05-15/27/detection/2023-05-10.jpg
Original nodule image saved as output/crop1022/nodules-last-detected-on/2023-05-15/27/2023-05-10.jpg


@process_contour: max_id: 20230510_53
Moments: {'m00': 17.5, 'm10': 4744.833333333333, 'm01': 6446.166666666666, 'm20': 1286502.25, 'm11': 1747771.375, 'm02': 2374492.583333333, 'm30': 348824363.45000005, 'm21': 473886553.51666665, 'm12': 643804622.3166666, 'm03': 874673387.0500001, 'mu20': 19.77222222229466, 'mu11': 0.7194444448687136, 'mu02': 31.743650794029236, 'mu30': -1.7503703236579895, 'mu21': -3.5021695480400012, 'mu12': 3.204073858261836, 'mu03': 4.726696968078613, 'nu20': 0.0645623582768805, 'nu11': 0.0023492063505917175, 'nu02': 0.10365273728662606, 'nu30': -0.0013662646124185673, 'nu21': -0.002733644563955665, 'nu12': 0.002500963749756721, 'nu03': 0.0036894585756092704}
Centroid: 271, 368
Processing contour#22: area: 17.5 centroid: 271, 368 rectangle: (269, 366, 5, 6)
@find_dayJSON_match_for_contour: x: 269, y: 366, w: 5, h: 6, area: 17.5
Matched with JSON#19: (271, 368, 4, 64.0, 26.7279, 0.563984)
Match with input JSON(nodules) ID: 19
Matched contour: {'x': 271, 'y': 368, 'd': 4, 'a': 64.0, 'p': 26.7279, 'e': 0.563984, 'id': 19, 'tq': 100}
JSON_entry: 19
WARNING: match is empty
entry_id:20230510_53, entry saved to results list
created dirs at nodule_detection_path: output/crop1022/nodules-last-detected-on/2023-05-10/53/detection and nodule_images_original_path: output/crop1022/nodules-last-detected-on/2023-05-10/53
Segmented nodule image saved as output/crop1022/nodules-last-detected-on/2023-05-10/53/detection/2023-05-10.jpg
Original nodule image saved as output/crop1022/nodules-last-detected-on/2023-05-10/53/2023-05-10.jpg


@process_contour: max_id: 20230510_54
Moments: {'m00': 18.5, 'm10': 4988.833333333333, 'm01': 6610.166666666666, 'm20': 1345350.75, 'm11': 1782551.125, 'm02': 2361884.4166666665, 'm30': 362811723.45000005, 'm21': 480707436.84999996, 'm12': 636928300.15, 'm03': 843937768.0500001, 'mu20': 28.694444444496185, 'mu11': 9.5138888892252, 'mu02': 30.18093093112111, 'mu30': -4.670370399951935, 'mu21': -1.4763265770507132, 'mu12': 3.710560365268975, 'mu03': 3.534504771232605, 'nu20': 0.08384059735426205, 'nu11': 0.02779806833959153, 'nu02': 0.08818387415959421, 'nu30': -0.0031726488301150584, 'nu21': -0.0010028895754383674, 'nu12': 0.002520636265179968, 'nu03': 0.002401039204000313}
Centroid: 269, 357
Processing contour#23: area: 18.5 centroid: 269, 357 rectangle: (267, 355, 6, 6)
@find_dayJSON_match_for_contour: x: 267, y: 355, w: 6, h: 6, area: 18.5
Matched with JSON#18: (269, 357, 4, 64.0, 27.8995, 0.501302)
Match with input JSON(nodules) ID: 18
Matched contour: {'x': 269, 'y': 357, 'd': 4, 'a': 64.0, 'p': 27.8995, 'e': 0.501302, 'id': 18, 'tq': 100}
JSON_entry: 18
WARNING: match is empty
entry_id:20230510_54, entry saved to results list
created dirs at nodule_detection_path: output/crop1022/nodules-last-detected-on/2023-05-10/54/detection and nodule_images_original_path: output/crop1022/nodules-last-detected-on/2023-05-10/54
Segmented nodule image saved as output/crop1022/nodules-last-detected-on/2023-05-10/54/detection/2023-05-10.jpg
Original nodule image saved as output/crop1022/nodules-last-detected-on/2023-05-10/54/2023-05-10.jpg


@process_contour: max_id: 20230510_55
Moments: {'m00': 20.0, 'm10': 3170.0, 'm01': 6780.0, 'm20': 502486.6666666666, 'm11': 1074630.0, 'm02': 2298446.6666666665, 'm30': 79657345.0, 'm21': 170342980.0, 'm12': 364303796.6666667, 'm03': 779191500.0, 'mu20': 41.66666666662786, 'mu11': 0.0, 'mu02': 26.666666666511446, 'mu30': 1.4901161193847656e-08, 'mu21': 1.3154931366443634e-08, 'mu12': 4.44706529378891e-08, 'mu03': 1.1920928955078125e-07, 'nu20': 0.10416666666656968, 'nu11': 0.0, 'nu02': 0.06666666666627863, 'nu30': 8.33000234328132e-12, 'nu21': 7.353830193678041e-12, 'nu12': 2.485985074323019e-11, 'nu03': 6.664001874625057e-11}
Centroid: 158, 339
Processing contour#24: area: 20.0 centroid: 158, 339 rectangle: (156, 337, 6, 5)
@find_dayJSON_match_for_contour: x: 156, y: 337, w: 6, h: 5, area: 20.0
Matched with JSON#17: (158, 338, 6, 115.0, 36.7279, 0.442929)
Match with input JSON(nodules) ID: 17
Matched contour: {'x': 158, 'y': 338, 'd': 6, 'a': 115.0, 'p': 36.7279, 'e': 0.442929, 'id': 17, 'tq': 100}
JSON_entry: 17
Matched with first_id: 17 second_id: 11 name: 20230607_40
entry_id:20230607_40, entry saved to results list
created dirs at nodule_detection_path: output/crop1022/nodules-last-detected-on/2023-06-07/40/detection and nodule_images_original_path: output/crop1022/nodules-last-detected-on/2023-06-07/40
Segmented nodule image saved as output/crop1022/nodules-last-detected-on/2023-06-07/40/detection/2023-05-10.jpg
Original nodule image saved as output/crop1022/nodules-last-detected-on/2023-06-07/40/2023-05-10.jpg


@process_contour: max_id: 20230510_56
Moments: {'m00': 28.0, 'm10': 5252.166666666666, 'm01': 9310.0, 'm20': 985269.1666666666, 'm11': 1746345.4166666665, 'm02': 3095624.0, 'm30': 184844776.15, 'm21': 327601997.9166667, 'm12': 580669048.7166667, 'm03': 1029327565.0, 'mu20': 81.4990079367999, 'mu11': 0.0, 'mu02': 49.0, 'mu30': -8.40738621354103, 'mu21': 8.835922926664352e-08, 'mu12': 6.383333404861332, 'mu03': 0.0, 'nu20': 0.10395281624591823, 'nu11': 0.0, 'nu02': 0.06249999999999999, 'nu30': -0.0020265901145319373, 'nu21': 2.1298883625808932e-11, 'nu12': 0.0015386946724557458, 'nu03': 0.0}
Centroid: 187, 332
Processing contour#25: area: 28.0 centroid: 187, 332 rectangle: (184, 330, 8, 6)
@find_dayJSON_match_for_contour: x: 184, y: 330, w: 8, h: 6, area: 28.0
Matched with JSON#16: (187, 332, 6, 118.0, 37.5563, 0.184533)
Match with input JSON(nodules) ID: 16
Matched contour: {'x': 187, 'y': 332, 'd': 6, 'a': 118.0, 'p': 37.5563, 'e': 0.184533, 'id': 16, 'tq': 100}
JSON_entry: 16
Matched with first_id: 16 second_id: 16 name: 20230607_37
entry_id:20230607_37, entry saved to results list
created dirs at nodule_detection_path: output/crop1022/nodules-last-detected-on/2023-06-07/37/detection and nodule_images_original_path: output/crop1022/nodules-last-detected-on/2023-06-07/37
Segmented nodule image saved as output/crop1022/nodules-last-detected-on/2023-06-07/37/detection/2023-05-10.jpg
Original nodule image saved as output/crop1022/nodules-last-detected-on/2023-06-07/37/2023-05-10.jpg


@process_contour: max_id: 20230510_57
Moments: {'m00': 8.5, 'm10': 2206.333333333333, 'm01': 2614.333333333333, 'm20': 572700.9166666666, 'm11': 678598.2083333333, 'm02': 804092.9166666666, 'm30': 148658306.20000002, 'm21': 176144468.48333332, 'm12': 208716860.48333332, 'm03': 247317446.20000002, 'mu20': 6.001633987063542, 'mu11': -0.7066993463085964, 'mu02': 6.001633987179957, 'mu30': -0.35087788105010986, 'mu21': 0.4782071069489575, 'mu12': 0.47820705810477193, 'mu03': -0.35087794065475464, 'nu20': 0.08306759843686563, 'nu11': -0.00978130583126085, 'nu02': 0.08306759843847691, 'nu30': -0.0016657456099071382, 'nu21': 0.0022702240068329035, 'nu12': 0.002270223774951693, 'nu03': -0.001665745892872183}
Centroid: 259, 307
Processing contour#26: area: 8.5 centroid: 259, 307 rectangle: (258, 306, 4, 4)
@find_dayJSON_match_for_contour: x: 258, y: 306, w: 4, h: 4, area: 8.5
Matched with JSON#15: (259, 307, 3, 40.0, 21.0711, 0.450955)
Match with input JSON(nodules) ID: 15
Matched contour: {'x': 259, 'y': 307, 'd': 3, 'a': 40.0, 'p': 21.0711, 'e': 0.450955, 'id': 15, 'tq': 100}
JSON_entry: 15
Matched with first_id: 15 second_id: 14 name: 20230512_16
entry_id:20230512_16, entry saved to results list
created dirs at nodule_detection_path: output/crop1022/nodules-last-detected-on/2023-05-12/16/detection and nodule_images_original_path: output/crop1022/nodules-last-detected-on/2023-05-12/16
Segmented nodule image saved as output/crop1022/nodules-last-detected-on/2023-05-12/16/detection/2023-05-10.jpg
Original nodule image saved as output/crop1022/nodules-last-detected-on/2023-05-12/16/2023-05-10.jpg


@process_contour: max_id: 20230510_58
Moments: {'m00': 18.5, 'm10': 4668.166666666666, 'm01': 5503.166666666666, 'm20': 1177966.0833333333, 'm11': 1388627.2083333333, 'm02': 1637044.0833333333, 'm30': 297256278.05, 'm21': 350405152.68333334, 'm12': 413077703.18333334, 'm03': 486984182.55, 'mu20': 32.02777777798474, 'mu11': -5.180555555503815, 'mu02': 25.52327327337116, 'mu30': 6.337036967277527, 'mu21': 0.4200701074059907, 'mu12': -5.073923924005612, 'mu03': 1.5274436473846436, 'nu20': 0.09358006655364424, 'nu11': -0.01513675837985045, 'nu02': 0.07457494017055125, 'nu30': 0.004304839059624872, 'nu21': 0.0002853595797972767, 'nu12': -0.00344678846066575, 'nu03': 0.001037614126064057}
Centroid: 252, 297
Processing contour#27: area: 18.5 centroid: 252, 297 rectangle: (250, 295, 6, 6)
@find_dayJSON_match_for_contour: x: 250, y: 295, w: 6, h: 6, area: 18.5
Matched with JSON#14: (251, 297, 4, 76.0, 29.3137, 0.472443)
Match with input JSON(nodules) ID: 14
Matched contour: {'x': 251, 'y': 297, 'd': 4, 'a': 76.0, 'p': 29.3137, 'e': 0.472443, 'id': 14, 'tq': 100}
JSON_entry: 14
Matched with first_id: 14 second_id: 15 name: 20230512_14
entry_id:20230512_14, entry saved to results list
created dirs at nodule_detection_path: output/crop1022/nodules-last-detected-on/2023-05-12/14/detection and nodule_images_original_path: output/crop1022/nodules-last-detected-on/2023-05-12/14
Segmented nodule image saved as output/crop1022/nodules-last-detected-on/2023-05-12/14/detection/2023-05-10.jpg
Original nodule image saved as output/crop1022/nodules-last-detected-on/2023-05-12/14/2023-05-10.jpg


@process_contour: max_id: 20230510_59
Moments: {'m00': 40.0, 'm10': 9681.0, 'm01': 11433.166666666666, 'm20': 2343186.0, 'm11': 2767102.083333333, 'm02': 3268051.1666666665, 'm30': 567178305.5, 'm21': 669746043.2166667, 'm12': 790944327.0833334, 'm03': 934172157.6500001, 'mu20': 141.97500000009313, 'mu11': -10.079166666604578, 'mu02': 118.66597222257406, 'mu30': -9.148750066757202, 'mu21': 20.312291586007632, 'mu12': 5.310451471686974, 'mu03': -20.334265112876892, 'nu20': 0.08873437500005822, 'nu11': -0.006299479166627863, 'nu02': 0.07416623263910879, 'nu30': -0.000904090248580321, 'nu21': 0.002007284559664315, 'nu12': 0.0005247850641976255, 'nu03': -0.0020094560094497454}
Centroid: 242, 285
Processing contour#28: area: 40.0 centroid: 242, 285 rectangle: (238, 282, 9, 8)
@find_dayJSON_match_for_contour: x: 238, y: 282, w: 9, h: 8, area: 40.0
Matched with JSON#13: (242, 285, 6, 138.0, 40.9706, 0.277669)
Match with input JSON(nodules) ID: 13
Matched contour: {'x': 242, 'y': 285, 'd': 6, 'a': 138.0, 'p': 40.9706, 'e': 0.277669, 'id': 13, 'tq': 100}
JSON_entry: 13
WARNING: match is empty
entry_id:20230510_59, entry saved to results list
created dirs at nodule_detection_path: output/crop1022/nodules-last-detected-on/2023-05-10/59/detection and nodule_images_original_path: output/crop1022/nodules-last-detected-on/2023-05-10/59
Segmented nodule image saved as output/crop1022/nodules-last-detected-on/2023-05-10/59/detection/2023-05-10.jpg
Original nodule image saved as output/crop1022/nodules-last-detected-on/2023-05-10/59/2023-05-10.jpg


@process_contour: max_id: 20230510_60
Moments: {'m00': 36.0, 'm10': 7139.5, 'm01': 9666.833333333332, 'm20': 1416073.5, 'm11': 1917130.5833333333, 'm02': 2595833.1666666665, 'm30': 280903083.75, 'm21': 380252316.7, 'm12': 514809324.8333333, 'm03': 697076007.35, 'mu20': 171.82638888899237, 'mu11': 9.567129629896954, 'mu02': 64.64737654384226, 'mu30': 20.909529328346252, 'mu21': 7.775167162464641, 'mu12': -4.641996828851916, 'mu03': -5.2648478746414185, 'nu20': 0.13258209019212375, 'nu11': 0.007382044467513081, 'nu02': 0.0498822349875326, 'nu30': 0.0026889826811144868, 'nu21': 0.0009998928964074897, 'nu12': -0.000596964612763878, 'nu03': -0.0006770637698870136}
Centroid: 198, 268
Processing contour#29: area: 36.0 centroid: 198, 268 rectangle: (194, 266, 10, 6)
@find_dayJSON_match_for_contour: x: 194, y: 266, w: 10, h: 6, area: 36.0
Matched with JSON#12: (198, 268, 7, 157.0, 44.3848, 0.530194)
Match with input JSON(nodules) ID: 12
Matched contour: {'x': 198, 'y': 268, 'd': 7, 'a': 157.0, 'p': 44.3848, 'e': 0.530194, 'id': 12, 'tq': 100}
JSON_entry: 12
Matched with first_id: 12 second_id: 10 name: 20230512_12
entry_id:20230512_12, entry saved to results list
created dirs at nodule_detection_path: output/crop1022/nodules-last-detected-on/2023-05-12/12/detection and nodule_images_original_path: output/crop1022/nodules-last-detected-on/2023-05-12/12
Segmented nodule image saved as output/crop1022/nodules-last-detected-on/2023-05-12/12/detection/2023-05-10.jpg
Original nodule image saved as output/crop1022/nodules-last-detected-on/2023-05-12/12/2023-05-10.jpg


@process_contour: max_id: 20230510_61
Moments: {'m00': 27.0, 'm10': 6440.0, 'm01': 7136.333333333333, 'm20': 1536107.8333333333, 'm11': 1702149.1666666665, 'm02': 1886266.1666666665, 'm30': 366413334.0, 'm21': 406007294.7, 'm12': 449910214.3333333, 'm03': 498594298.1, 'mu20': 48.57407407416031, 'mu11': 1.5123456791043282, 'mu02': 71.59465020592324, 'mu30': -2.3237311244010925, 'mu21': -2.100868792806068, 'mu12': 3.2763298794779985, 'mu03': 3.0148250460624695, 'nu20': 0.06663110298238725, 'nu11': 0.0020745482566588863, 'nu02': 0.09820939671594409, 'nu30': -0.0006134461775021867, 'nu21': -0.0005546123287876851, 'nu12': 0.0008649245257753253, 'nu03': 0.0007958893698691323}
Centroid: 238, 264
Processing contour#30: area: 27.0 centroid: 238, 264 rectangle: (236, 261, 6, 8)
@find_dayJSON_match_for_contour: x: 236, y: 261, w: 6, h: 8, area: 27.0
Matched with JSON#11: (238, 264, 5, 102.0, 35.5563, 0.517102)
Match with input JSON(nodules) ID: 11
Matched contour: {'x': 238, 'y': 264, 'd': 5, 'a': 102.0, 'p': 35.5563, 'e': 0.517102, 'id': 11, 'tq': 100}
JSON_entry: 11
Matched with first_id: 11 second_id: 9 name: 20230607_16
entry_id:20230607_16, entry saved to results list
created dirs at nodule_detection_path: output/crop1022/nodules-last-detected-on/2023-06-07/16/detection and nodule_images_original_path: output/crop1022/nodules-last-detected-on/2023-06-07/16
Segmented nodule image saved as output/crop1022/nodules-last-detected-on/2023-06-07/16/detection/2023-05-10.jpg
Original nodule image saved as output/crop1022/nodules-last-detected-on/2023-06-07/16/2023-05-10.jpg


@process_contour: max_id: 20230510_62
Moments: {'m00': 3.0, 'm10': 328.5, 'm01': 751.5, 'm20': 35973.0, 'm11': 82289.25, 'm02': 188251.0, 'm30': 3939536.25, 'm21': 9011236.5, 'm12': 20613484.5, 'm03': 47157000.75, 'mu20': 2.25, 'mu11': 0.0, 'mu02': 0.25, 'mu30': 0.0, 'mu21': 0.0, 'mu12': 0.0, 'mu03': 0.0, 'nu20': 0.25, 'nu11': 0.0, 'nu02': 0.027777777777777776, 'nu30': 0.0, 'nu21': 0.0, 'nu12': 0.0, 'nu03': 0.0}
Centroid: 109, 250
Processing contour#31: area: 3.0 centroid: 109, 250 rectangle: (108, 250, 4, 2)
@find_dayJSON_match_for_contour: x: 108, y: 250, w: 4, h: 2, area: 3.0
Matched with JSON#10: (109, 250, 1, 11.0, 10.2071, 0.962281)
Match with input JSON(nodules) ID: 10
Matched contour: {'x': 109, 'y': 250, 'd': 1, 'a': 11.0, 'p': 10.2071, 'e': 0.962281, 'id': 10, 'tq': 100}
JSON_entry: 10
Matched with first_id: 10 second_id: 12 name: 20230510_10
entry_id:20230510_10, entry saved to results list
created dirs at nodule_detection_path: output/crop1022/nodules-last-detected-on/2023-05-10/10/detection and nodule_images_original_path: output/crop1022/nodules-last-detected-on/2023-05-10/10
Segmented nodule image saved as output/crop1022/nodules-last-detected-on/2023-05-10/10/detection/2023-05-10.jpg
Original nodule image saved as output/crop1022/nodules-last-detected-on/2023-05-10/10/2023-05-10.jpg


@process_contour: max_id: 20230510_63
Moments: {'m00': 6.0, 'm10': 609.0, 'm01': 1506.0, 'm20': 61818.0, 'm11': 152859.0, 'm02': 378008.0, 'm30': 6275440.5, 'm21': 15516318.0, 'm12': 38367812.0, 'm03': 94881012.0, 'mu20': 4.5, 'mu11': 0.0, 'mu02': 2.0, 'mu30': 0.0, 'mu21': 0.0, 'mu12': 0.0, 'mu03': 0.0, 'nu20': 0.125, 'nu11': 0.0, 'nu02': 0.05555555555555555, 'nu30': 0.0, 'nu21': 0.0, 'nu12': 0.0, 'nu03': 0.0}
Centroid: 101, 251
Processing contour#32: area: 6.0 centroid: 101, 251 rectangle: (100, 250, 4, 3)
@find_dayJSON_match_for_contour: x: 100, y: 250, w: 4, h: 3, area: 6.0
Matched with JSON#9: (101, 251, 3, 44.0, 22.2426, 0.670989)
Match with input JSON(nodules) ID: 9
Matched contour: {'x': 101, 'y': 251, 'd': 3, 'a': 44.0, 'p': 22.2426, 'e': 0.670989, 'id': 9, 'tq': 100}
JSON_entry: 9
Matched with first_id: 9 second_id: 13 name: 20230515_11
entry_id:20230515_11, entry saved to results list
created dirs at nodule_detection_path: output/crop1022/nodules-last-detected-on/2023-05-15/11/detection and nodule_images_original_path: output/crop1022/nodules-last-detected-on/2023-05-15/11
Segmented nodule image saved as output/crop1022/nodules-last-detected-on/2023-05-15/11/detection/2023-05-10.jpg
Original nodule image saved as output/crop1022/nodules-last-detected-on/2023-05-15/11/2023-05-10.jpg


@process_contour: max_id: 20230510_64
Moments: {'m00': 42.0, 'm10': 8287.0, 'm01': 9964.333333333332, 'm20': 1635247.3333333333, 'm11': 1966060.75, 'm02': 2364143.333333333, 'm30': 322706443.5, 'm21': 387957046.8666667, 'm12': 466469341.8333333, 'm03': 560952352.1, 'mu20': 143.30952380946837, 'mu11': 2.884920635493472, 'mu02': 144.79100529151037, 'mu30': 18.18140596151352, 'mu21': -32.334580620263296, 'mu12': -22.356072213133302, 'mu03': 25.604955077171326, 'nu20': 0.08124122664935847, 'nu11': 0.0016354425371278185, 'nu02': 0.08208106875935961, 'nu30': 0.001590392203448007, 'nu21': -0.0028284206968968036, 'nu12': -0.0019555650989120784, 'nu03': 0.002239756430859642}
Centroid: 197, 237
Processing contour#33: area: 42.0 centroid: 197, 237 rectangle: (194, 234, 8, 8)
@find_dayJSON_match_for_contour: x: 194, y: 234, w: 8, h: 8, area: 42.0
Matched with JSON#8: (197, 236, 7, 179.0, 47.799, 0.181147)
Match with input JSON(nodules) ID: 8
Matched contour: {'x': 197, 'y': 236, 'd': 7, 'a': 179.0, 'p': 47.799, 'e': 0.181147, 'id': 8, 'tq': 100}
JSON_entry: 8
Matched with first_id: 8 second_id: 7 name: 20230607_11
entry_id:20230607_11, entry saved to results list
created dirs at nodule_detection_path: output/crop1022/nodules-last-detected-on/2023-06-07/11/detection and nodule_images_original_path: output/crop1022/nodules-last-detected-on/2023-06-07/11
Segmented nodule image saved as output/crop1022/nodules-last-detected-on/2023-06-07/11/detection/2023-05-10.jpg
Original nodule image saved as output/crop1022/nodules-last-detected-on/2023-06-07/11/2023-05-10.jpg


@process_contour: max_id: 20230510_65
Moments: {'m00': 21.5, 'm10': 4962.5, 'm01': 4870.833333333333, 'm20': 1145450.5833333333, 'm11': 1124254.7083333333, 'm02': 1103529.25, 'm30': 264402746.35000002, 'm21': 259501540.15, 'm12': 254709238.11666667, 'm03': 250023134.45000002, 'mu20': 36.33914728672244, 'mu11': -1.5901162791997194, 'mu02': 40.07041343674064, 'mu30': -6.479231923818588, 'mu21': 0.5647889169194968, 'mu12': 9.617027274138309, 'mu03': -0.7974059879779816, 'nu20': 0.0786136231189236, 'nu11': -0.0034399486840448225, 'nu02': 0.08668558883015821, 'nu30': -0.003022925025737621, 'nu21': 0.0002635057011833238, 'nu12': 0.004486882513546512, 'nu03': -0.00037203460920581246}
Centroid: 230, 226
Processing contour#34: area: 21.5 centroid: 230, 226 rectangle: (228, 224, 6, 6)
@find_dayJSON_match_for_contour: x: 228, y: 224, w: 6, h: 6, area: 21.5
Matched with JSON#7: (230, 226, 5, 93.0, 32.7279, 0.411071)
Match with input JSON(nodules) ID: 7
Matched contour: {'x': 230, 'y': 226, 'd': 5, 'a': 93.0, 'p': 32.7279, 'e': 0.411071, 'id': 7, 'tq': 100}
JSON_entry: 7
Matched with first_id: 7 second_id: 8 name: 20230531_14
entry_id:20230531_14, entry saved to results list
created dirs at nodule_detection_path: output/crop1022/nodules-last-detected-on/2023-05-31/14/detection and nodule_images_original_path: output/crop1022/nodules-last-detected-on/2023-05-31/14
Segmented nodule image saved as output/crop1022/nodules-last-detected-on/2023-05-31/14/detection/2023-05-10.jpg
Original nodule image saved as output/crop1022/nodules-last-detected-on/2023-05-31/14/2023-05-10.jpg


@process_contour: max_id: 20230510_66
Moments: {'m00': 7.5, 'm10': 1749.6666666666665, 'm01': 1527.3333333333333, 'm20': 408182.4166666666, 'm11': 356311.2083333333, 'm02': 311038.4166666666, 'm30': 95226580.80000001, 'm21': 83124694.65, 'm12': 72562340.68333334, 'm03': 63343471.7, 'mu20': 4.6240740740904585, 'mu11': 1.3120370370452292, 'mu02': 5.468518518493511, 'mu30': 0.8616461157798767, 'mu21': 1.0086008557118475, 'mu12': -0.3206995772247865, 'mu03': -1.129794217646122, 'nu20': 0.0822057613171637, 'nu11': 0.023325102880804076, 'nu02': 0.09721810699544019, 'nu30': 0.00559339868680707, 'nu21': 0.006547359291169092, 'nu12': -0.002081829838558644, 'nu03': -0.007334089224814011}
Centroid: 233, 203
Processing contour#35: area: 7.5 centroid: 233, 203 rectangle: (232, 202, 4, 4)
@find_dayJSON_match_for_contour: x: 232, y: 202, w: 4, h: 4, area: 7.5
Matched with JSON#6: (233, 203, 3, 38.0, 20.4853, 0.207906)
Match with input JSON(nodules) ID: 6
Matched contour: {'x': 233, 'y': 203, 'd': 3, 'a': 38.0, 'p': 20.4853, 'e': 0.207906, 'id': 6, 'tq': 100}
JSON_entry: 6
Matched with first_id: 6 second_id: 6 name: 20230510_6
entry_id:20230510_6, entry saved to results list
created dirs at nodule_detection_path: output/crop1022/nodules-last-detected-on/2023-05-10/6/detection and nodule_images_original_path: output/crop1022/nodules-last-detected-on/2023-05-10/6
Segmented nodule image saved as output/crop1022/nodules-last-detected-on/2023-05-10/6/detection/2023-05-10.jpg
Original nodule image saved as output/crop1022/nodules-last-detected-on/2023-05-10/6/2023-05-10.jpg


@process_contour: max_id: 20230510_67
Moments: {'m00': 33.0, 'm10': 7580.666666666666, 'm01': 6472.0, 'm20': 1741509.1666666665, 'm11': 1486722.3333333333, 'm02': 1269374.1666666665, 'm30': 400100427.40000004, 'm21': 341543583.0, 'm12': 291594227.8, 'm03': 248981667.0, 'mu20': 99.86026936024427, 'mu11': -7.202020202064887, 'mu02': 77.68181818164885, 'mu30': -12.123483896255493, 'mu21': 3.1685542500381416, 'mu12': 9.320355126390496, 'mu03': -3.3067032992839813, 'nu20': 0.09169905359067428, 'nu11': -0.0066134253462487485, 'nu02': 0.0713331663743332, 'nu30': -0.001937950099795048, 'nu21': 0.0005064963237971569, 'nu12': 0.0014898673765626534, 'nu03': -0.0005285795769332672}
Centroid: 229, 196
Processing contour#36: area: 33.0 centroid: 229, 196 rectangle: (226, 193, 8, 7)
@find_dayJSON_match_for_contour: x: 226, y: 193, w: 8, h: 7, area: 33.0
Matched with JSON#5: (229, 196, 6, 119.0, 38.3848, 0.273686)
Match with input JSON(nodules) ID: 5
Matched contour: {'x': 229, 'y': 196, 'd': 6, 'a': 119.0, 'p': 38.3848, 'e': 0.273686, 'id': 5, 'tq': 100}
JSON_entry: 5
Matched with first_id: 5 second_id: 5 name: 20230519_8
entry_id:20230519_8, entry saved to results list
created dirs at nodule_detection_path: output/crop1022/nodules-last-detected-on/2023-05-19/8/detection and nodule_images_original_path: output/crop1022/nodules-last-detected-on/2023-05-19/8
Segmented nodule image saved as output/crop1022/nodules-last-detected-on/2023-05-19/8/detection/2023-05-10.jpg
Original nodule image saved as output/crop1022/nodules-last-detected-on/2023-05-19/8/2023-05-10.jpg


@process_contour: max_id: 20230510_68
Moments: {'m00': 40.5, 'm10': 8395.666666666666, 'm01': 3542.833333333333, 'm20': 1740560.25, 'm11': 734410.4583333333, 'm02': 310050.0833333333, 'm30': 360874893.8, 'm21': 152251194.73333332, 'm12': 64269922.43333333, 'm03': 27145526.450000003, 'mu20': 135.09499314171262, 'mu11': -20.349622770794667, 'mu02': 132.3542524005752, 'mu30': 27.199715971946716, 'mu21': 5.225287731143908, 'mu12': -27.171484983351547, 'mu03': 5.7499867379665375, 'nu20': 0.08236244056803085, 'nu11': -0.012406415345706242, 'nu02': 0.08069151190402389, 'nu30': 0.0026057143877270153, 'nu21': 0.00050057902939494, 'nu12': -0.0026030098781197066, 'nu03': 0.0005508448392553783}
Centroid: 207, 87
Processing contour#37: area: 40.5 centroid: 207, 87 rectangle: (204, 84, 8, 8)
@find_dayJSON_match_for_contour: x: 204, y: 84, w: 8, h: 8, area: 40.5
Matched with JSON#4: (207, 87, 6, 129.0, 40.1421, 0.390976)
Match with input JSON(nodules) ID: 4
Matched contour: {'x': 207, 'y': 87, 'd': 6, 'a': 129.0, 'p': 40.1421, 'e': 0.390976, 'id': 4, 'tq': 100}
JSON_entry: 4
Matched with first_id: 4 second_id: 4 name: 20230510_4
entry_id:20230510_4, entry saved to results list
created dirs at nodule_detection_path: output/crop1022/nodules-last-detected-on/2023-05-10/4/detection and nodule_images_original_path: output/crop1022/nodules-last-detected-on/2023-05-10/4
Segmented nodule image saved as output/crop1022/nodules-last-detected-on/2023-05-10/4/detection/2023-05-10.jpg
Original nodule image saved as output/crop1022/nodules-last-detected-on/2023-05-10/4/2023-05-10.jpg


@process_contour: max_id: 20230510_69
Moments: {'m00': 24.0, 'm10': 1790.8333333333333, 'm01': 1715.5, 'm20': 133678.8333333333, 'm11': 128005.91666666666, 'm02': 122665.5, 'm30': 9982371.35, 'm21': 9555046.333333334, 'm12': 9152863.033333333, 'm03': 8774175.75, 'mu20': 50.332175925927004, 'mu11': -1.3576388888759539, 'mu02': 42.989583333343035, 'mu30': 5.359532538801432, 'mu21': -2.6655574833107494, 'mu12': -3.974623842129404, 'mu03': 2.3120659720152617, 'nu20': 0.08738224987140104, 'nu11': -0.0023570119598540864, 'nu02': 0.07463469328705387, 'nu30': 0.0018993229137596631, 'nu21': -0.0009446261160544882, 'nu12': -0.0014085359277658334, 'nu03': 0.0008193550178080732}
Centroid: 74, 71
Processing contour#38: area: 24.0 centroid: 74, 71 rectangle: (72, 69, 7, 6)
@find_dayJSON_match_for_contour: x: 72, y: 69, w: 7, h: 6, area: 24.0
Matched with JSON#3: (74, 71, 5, 85.0, 32.1421, 0.551822)
Match with input JSON(nodules) ID: 3
Matched contour: {'x': 74, 'y': 71, 'd': 5, 'a': 85.0, 'p': 32.1421, 'e': 0.551822, 'id': 3, 'tq': 100}
JSON_entry: 3
Matched with first_id: 3 second_id: 0 name: 20230526_5
entry_id:20230526_5, entry saved to results list
created dirs at nodule_detection_path: output/crop1022/nodules-last-detected-on/2023-05-26/5/detection and nodule_images_original_path: output/crop1022/nodules-last-detected-on/2023-05-26/5
Segmented nodule image saved as output/crop1022/nodules-last-detected-on/2023-05-26/5/detection/2023-05-10.jpg
Original nodule image saved as output/crop1022/nodules-last-detected-on/2023-05-26/5/2023-05-10.jpg


@process_contour: max_id: 20230510_70
Moments: {'m00': 0.0, 'm10': 0.0, 'm01': 0.0, 'm20': 0.0, 'm11': 0.0, 'm02': 0.0, 'm30': 0.0, 'm21': 0.0, 'm12': 0.0, 'm03': 0.0, 'mu20': 0.0, 'mu11': 0.0, 'mu02': 0.0, 'mu30': 0.0, 'mu21': 0.0, 'mu12': 0.0, 'mu03': 0.0, 'nu20': 0.0, 'nu11': 0.0, 'nu02': 0.0, 'nu30': 0.0, 'nu21': 0.0, 'nu12': 0.0, 'nu03': 0.0}
Skipping contour#39 because area is 0.


@process_contour: max_id: 20230510_71
Moments: {'m00': 18.0, 'm10': 1131.0, 'm01': 1001.6666666666666, 'm20': 71090.66666666666, 'm11': 62943.916666666664, 'm02': 55769.0, 'm30': 4470154.5, 'm21': 3956802.8, 'm12': 3504803.3333333335, 'm03': 3106566.9000000004, 'mu20': 26.166666666656965, 'mu11': 5.861111111109494, 'mu02': 28.104938271608262, 'mu30': 2.6666666688397527, 'mu21': 2.3030864210725213, 'mu12': -1.153292180947119, 'mu03': -2.6496113394387066, 'nu20': 0.08076131687239804, 'nu11': 0.018089849108362636, 'nu02': 0.08674363664076623, 'nu30': 0.0019399363011324386, 'nu21': 0.0016754403559660863, 'nu12': -0.0008389925121781179, 'nu03': -0.0019275289564052267}
Centroid: 62, 55
Processing contour#40: area: 18.0 centroid: 62, 55 rectangle: (60, 53, 7, 6)
@find_dayJSON_match_for_contour: x: 60, y: 53, w: 7, h: 6, area: 18.0
Matched with JSON#1: (63, 55, 4, 54.0, 26.3848, 0.491171)
Match with input JSON(nodules) ID: 1
Matched contour: {'x': 63, 'y': 55, 'd': 4, 'a': 54.0, 'p': 26.3848, 'e': 0.491171, 'id': 1, 'tq': 100}
JSON_entry: 1
Matched with first_id: 1 second_id: 2 name: 20230517_2
entry_id:20230517_2, entry saved to results list
created dirs at nodule_detection_path: output/crop1022/nodules-last-detected-on/2023-05-17/2/detection and nodule_images_original_path: output/crop1022/nodules-last-detected-on/2023-05-17/2
Segmented nodule image saved as output/crop1022/nodules-last-detected-on/2023-05-17/2/detection/2023-05-10.jpg
Original nodule image saved as output/crop1022/nodules-last-detected-on/2023-05-17/2/2023-05-10.jpg


@process_contour: max_id: 20230510_72
Moments: {'m00': 9.0, 'm10': 1728.1666666666665, 'm01': 282.5, 'm20': 331848.0, 'm11': 54243.5, 'm02': 8874.0, 'm30': 63724033.150000006, 'm21': 10415673.666666666, 'm12': 1703863.3, 'm03': 278963.25, 'mu20': 7.996913580282126, 'mu11': -1.731481481474475, 'mu02': 6.638888888890506, 'mu30': 0.7056698650121689, 'mu21': -1.3803155033803591, 'mu12': -0.33477366290344435, 'mu03': 1.475308641907759, 'nu20': 0.09872732815163117, 'nu11': -0.021376314586104627, 'nu02': 0.08196159122087043, 'nu30': 0.002903991214041847, 'nu21': -0.005680310713499419, 'nu12': -0.00137766939466438, 'nu03': 0.006071228979044275}
Centroid: 192, 31
Processing contour#41: area: 9.0 centroid: 192, 31 rectangle: (190, 30, 5, 4)
@find_dayJSON_match_for_contour: x: 190, y: 30, w: 5, h: 4, area: 9.0
Matched with JSON#0: (191, 30, 3, 34.0, 20.4853, 0.86338)
Match with input JSON(nodules) ID: 0
Matched contour: {'x': 191, 'y': 30, 'd': 3, 'a': 34.0, 'p': 20.4853, 'e': 0.86338, 'id': 0, 'tq': 100}
JSON_entry: 0
Matched with first_id: 0 second_id: 3 name: 20230510_0
entry_id:20230510_0, entry saved to results list
created dirs at nodule_detection_path: output/crop1022/nodules-last-detected-on/2023-05-10/0/detection and nodule_images_original_path: output/crop1022/nodules-last-detected-on/2023-05-10/0
Segmented nodule image saved as output/crop1022/nodules-last-detected-on/2023-05-10/0/detection/2023-05-10.jpg
Original nodule image saved as output/crop1022/nodules-last-detected-on/2023-05-10/0/2023-05-10.jpg


Done analyzing contours, found 39 nodules.


results_entry: {'date': '20230510', 'json': 'output/crop1022/20230510/20230510.json', 'log': 'output/crop1022/20230510/crop1022_20230510.log', 'image': 'data/crop1022/20230510.jpg', 'plot': 'output/crop1022/plots/20230508_20230510.png', 'match_stats': {'i_dict': {0: 8, 1: 6, 2: 3, 3: 1, 4: 1, 7: 1, 9: 1, 12: 11}, 'average_tracking_quality': 39.1765, 'distance_threshold': 20, 'lengths': {'matching': 32, 'unmatched_current': 9, 'unmatched_previous': 0}, 'averages': {'tq': -52.6562, 'i': 5.2188, 'dx': 23.6562, 'dy': 5.1875, 'dd': 0.25, 'da': 5.3125, 'dp': 1.5366, 'de': -0.0609}}}
