Current memory usage: 2008.37109375 MB
@analyze_image: file_name: data/crop988/20230503.jpg, output_dir: output/crop988, external_logger: <Logger data_crop988.log (DEBUG)>
Loaded image & JSON file: data/crop988/20230503.jpg
Scaled JSON data: scalar_position: 0.5, scalar_size: 0.5

@find_prev_next_date: image_output_dir: output/crop988/20230503
data_dir: data/crop988
Previous date file: data/crop988/20230501.json, Next date file: data/crop988/20230505.json


Loaded prev_results from JSON file: 20230501, length: 20
Scaled JSON data: scalar_position: 0.5, scalar_size: 0.5
Loaded next_results from JSON file: 20230505, length: 23
Scaled JSON data: scalar_position: 0.5, scalar_size: 0.5
prev_results is not empty, generating matching
Current memory usage: 2008.38671875 MB
current_date:20230503, generating Matching: 20230501_20230503_matching.json
spatial_distances: (17, 20), attribute_distances: (17, 20)
combined_distances: (17, 20)
Current memory usage: 2008.390625 MB

@find_matching: combined_distances: (17, 20), next_matching: [{'id': '20230512_3', 'p': {'id': 1, 'tq': 22.0, 'dx': 0, 'dy': -1, 'dd': 2, 'da': 49.0, 'dp': 8.24, 'de': -0.13}, 'c': {'id': 1}, 'n': {'id': 4, 'dx': -4, 'dy': 0, 'dd': 1, 'da': 32.0, 'dp': 4.24, 'de': 0.01}, 'i': 3}, {'id': '20230512_4', 'p': {'id': 2, 'tq': 2.0, 'dx': -1, 'dy': 0, 'dd': 2, 'da': 62.0, 'dp': 12.49, 'de': -0.34}, 'c': {'id': 2}, 'n': {'id': 6, 'dx': -4, 'dy': 0, 'dd': 1, 'da': 42.0, 'dp': 8.0, 'de': -0.07}, 'i': 3}, {'id': '20230510_7', 'p': {'id': 3, 'tq': 57.0, 'dx': -1, 'dy': 6, 'dd': -1, 'da': -14.0, 'dp': -2.34, 'de': 0.12}, 'c': {'id': 3}, 'n': {'id': 8, 'dx': -7, 'dy': -7, 'dd': 1, 'da': 13.0, 'dp': 3.41, 'de': -0.26}, 'i': 2}, {'id': '20230602_8', 'p': {'id': 0, 'tq': -305.0, 'dx': -70, 'dy': 54, 'dd': 2, 'da': 63.0, 'dp': 10.59, 'de': -0.22}, 'c': {'id': 4}, 'n': {'id': 10, 'dx': -4, 'dy': 0, 'dd': 1, 'da': 51.0, 'dp': 7.07, 'de': 0.02}, 'i': 12}, {'id': '20230517_8', 'p': {'id': 5, 'tq': -2220.0, 'dx': 79, 'dy': -10, 'dd': -16, 'da': -1353.0, 'dp': -145.25, 'de': -0.62}, 'c': {'id': 5}, 'n': {'id': 12, 'dx': -3, 'dy': 1, 'dd': 2, 'da': 47.0, 'dp': 7.41, 'de': 0.16}, 'i': 5}, {'id': '20230505_5', 'p': {'id': 4, 'tq': -55.0, 'dx': -14, 'dy': 40, 'dd': 1, 'da': 4.0, 'dp': 0.59, 'de': -0.08}, 'c': {'id': 6}, 'n': {}, 'i': 0}, {'id': '20230508_11', 'p': {'id': 6, 'tq': 4.0, 'dx': 0, 'dy': 3, 'dd': -2, 'da': -55.0, 'dp': -14.49, 'de': 0.35}, 'c': {'id': 11}, 'n': {'id': 33, 'dx': -5, 'dy': -2, 'dd': -1, 'da': -10.0, 'dp': -2.21, 'de': 0.04}, 'i': 1}, {'id': '20230508_13', 'p': {'id': 10, 'tq': -723.0, 'dx': -30, 'dy': -164, 'dd': -4, 'da': -157.0, 'dp': -28.21, 'de': -0.1}, 'c': {'id': 13}, 'n': {'id': 42, 'dx': -10, 'dy': -9, 'dd': 0, 'da': 19.0, 'dp': 2.66, 'de': -0.14}, 'i': 1}, {'id': '20230508_16', 'p': {'id': 8, 'tq': 49.0, 'dx': 1, 'dy': -2, 'dd': 1, 'da': 28.0, 'dp': 7.83, 'de': -0.06}, 'c': {'id': 14}, 'n': {'id': 61, 'dx': 11, 'dy': 6, 'dd': 0, 'da': -4.0, 'dp': -0.59, 'de': -0.43}, 'i': 1}, {'id': '20230512_58', 'p': {'id': 7, 'tq': -13.0, 'dx': 5, 'dy': 7, 'dd': -2, 'da': -54.0, 'dp': -10.83, 'de': 0.49}, 'c': {'id': 15}, 'n': {'id': 65, 'dx': 9, 'dy': 13, 'dd': -1, 'da': -18.0, 'dp': -6.24, 'de': 0.09}, 'i': 3}, {'id': '20230508_15', 'p': {'id': 9, 'tq': 79.0, 'dx': 1, 'dy': -2, 'dd': -1, 'da': -7.0, 'dp': -5.59, 'de': 0.37}, 'c': {'id': 16}, 'n': {'id': 57, 'dx': -15, 'dy': -7, 'dd': 1, 'da': 12.0, 'dp': 6.79, 'de': 0.0}, 'i': 1}, {'id': '20230505_11', 'p': {'id': 11, 'tq': -299.0, 'dx': -83, 'dy': -75, 'dd': 0, 'da': 5.0, 'dp': 1.41, 'de': -0.05}, 'c': {'id': 17}, 'n': {}, 'i': 0}, {'id': '20230505_12', 'p': {'id': 14, 'tq': -639.0, 'dx': -83, 'dy': -183, 'dd': 0, 'da': -23.0, 'dp': -4.83, 'de': -0.0}, 'c': {'id': 18}, 'n': {}, 'i': 0}, {'id': '20230505_13', 'p': {'id': 12, 'tq': -550.0, 'dx': -101, 'dy': -114, 'dd': 2, 'da': 77.0, 'dp': 13.07, 'de': 0.2}, 'c': {'id': 19}, 'n': {}, 'i': 0}, {'id': '20230505_14', 'p': {'id': 13, 'tq': -616.0, 'dx': -32, 'dy': -58, 'dd': -4, 'da': -319.0, 'dp': -47.56, 'de': -0.54}, 'c': {'id': 20}, 'n': {}, 'i': 0}, {'id': '20230505_15', 'p': {'id': 15, 'tq': -117.0, 'dx': 15, 'dy': -53, 'dd': 0, 'da': -16.0, 'dp': -2.0, 'de': 0.03}, 'c': {'id': 21}, 'n': {}, 'i': 0}, {'id': '20230505_16', 'p': {'id': 16, 'tq': -42.0, 'dx': 8, 'dy': -5, 'dd': 3, 'da': 68.0, 'dp': 24.69, 'de': -0.58}, 'c': {'id': 22}, 'n': {}, 'i': 0}], current_date_string: 20230503, distance_threshold: 20
tq < 0
matched entry: {'id': '20230512_3', 'p': {'id': 1, 'tq': 22.0, 'dx': 0, 'dy': -1, 'dd': 2, 'da': 49.0, 'dp': 8.24, 'de': -0.13}, 'c': {'id': 1}, 'n': {'id': 4, 'dx': -4, 'dy': 0, 'dd': 1, 'da': 32.0, 'dp': 4.24, 'de': 0.01}, 'i': 3}, len(matching): 1
matched entry: {'id': '20230512_4', 'p': {'id': 2, 'tq': 2.0, 'dx': -1, 'dy': 0, 'dd': 2, 'da': 62.0, 'dp': 12.49, 'de': -0.34}, 'c': {'id': 2}, 'n': {'id': 6, 'dx': -4, 'dy': 0, 'dd': 1, 'da': 42.0, 'dp': 8.0, 'de': -0.07}, 'i': 3}, len(matching): 2
matched entry: {'id': '20230510_7', 'p': {'id': 3, 'tq': 57.0, 'dx': -1, 'dy': 6, 'dd': -1, 'da': -14.0, 'dp': -2.34, 'de': 0.12}, 'c': {'id': 3}, 'n': {'id': 8, 'dx': -7, 'dy': -7, 'dd': 1, 'da': 13.0, 'dp': 3.41, 'de': -0.26}, 'i': 2}, len(matching): 3
tq < 0
tq < 0
matched entry: {'id': '20230508_11', 'p': {'id': 6, 'tq': 4.0, 'dx': 0, 'dy': 3, 'dd': -2, 'da': -55.0, 'dp': -14.49, 'de': 0.35}, 'c': {'id': 11}, 'n': {'id': 33, 'dx': -5, 'dy': -2, 'dd': -1, 'da': -10.0, 'dp': -2.21, 'de': 0.04}, 'i': 1}, len(matching): 6
tq < 0
matched entry: {'id': '20230508_16', 'p': {'id': 8, 'tq': 49.0, 'dx': 1, 'dy': -2, 'dd': 1, 'da': 28.0, 'dp': 7.83, 'de': -0.06}, 'c': {'id': 14}, 'n': {'id': 61, 'dx': 11, 'dy': 6, 'dd': 0, 'da': -4.0, 'dp': -0.59, 'de': -0.43}, 'i': 1}, len(matching): 8
matched entry: {'id': '20230508_15', 'p': {'id': 9, 'tq': 79.0, 'dx': 1, 'dy': -2, 'dd': -1, 'da': -7.0, 'dp': -5.59, 'de': 0.37}, 'c': {'id': 16}, 'n': {'id': 57, 'dx': -15, 'dy': -7, 'dd': 1, 'da': 12.0, 'dp': 6.79, 'de': 0.0}, 'i': 1}, len(matching): 9
tq < 0
tq < 0
tq < 0
tq < 0
tq < 0
tq < 0
tq < 0
i_dict: {0: 11, 2: 3, 3: 1, 4: 2}
tq_average: -349.7647, dx_average: 26.0588, dy_average: -8.3529, dd_average: 1.7059, da_average: 114.0588, dp_average: 14.8282, de_average: -0.0135
average_tracking_quality: 76.3333
@find_matching:
Returning:
Matching(lenght=17): [{'id': '20230503_0', 'p': {'id': 0, 'tq': -8.0, 'dx': 3, 'dy': -1, 'dd': 3, 'da': 60.0, 'dp': 24.35, 'de': -0.43}, 'c': {'id': 0}, 'n': {}, 'i': 0}, {'id': '20230512_3', 'p': {'id': 5, 'tq': -681.0, 'dx': 102, 'dy': -187, 'dd': 0, 'da': 23.0, 'dp': 6.24, 'de': -0.09}, 'c': {'id': 1}, 'n': {'id': 1, 'dx': 0, 'dy': -1, 'dd': 2, 'da': 49.0, 'dp': 8.24, 'de': -0.13}, 'i': 4}, {'id': '20230512_4', 'p': {'id': 3, 'tq': -124.0, 'dx': 54, 'dy': -18, 'dd': 1, 'da': 16.0, 'dp': 3.17, 'de': 0.33}, 'c': {'id': 2}, 'n': {'id': 2, 'dx': -1, 'dy': 0, 'dd': 2, 'da': 62.0, 'dp': 12.49, 'de': -0.34}, 'i': 4}, {'id': '20230510_7', 'p': {'id': 2, 'tq': 79.0, 'dx': 3, 'dy': -4, 'dd': 0, 'da': -2.0, 'dp': -1.07, 'de': 0.05}, 'c': {'id': 3}, 'n': {'id': 3, 'dx': -1, 'dy': 6, 'dd': -1, 'da': -14.0, 'dp': -2.34, 'de': 0.12}, 'i': 3}, {'id': '20230503_4', 'p': {'id': 6, 'tq': -834.0, 'dx': 88, 'dy': -238, 'dd': 1, 'da': 29.0, 'dp': 8.69, 'de': -0.28}, 'c': {'id': 4}, 'n': {}, 'i': 0}, {'id': '20230503_5', 'p': {'id': 1, 'tq': -1975.0, 'dx': -61, 'dy': 20, 'dd': 13, 'da': 1227.0, 'dp': 125.36, 'de': 0.27}, 'c': {'id': 5}, 'n': {}, 'i': 0}, {'id': '20230508_11', 'p': {'id': 4, 'tq': -22.0, 'dx': 1, 'dy': -3, 'dd': 3, 'da': 71.0, 'dp': 20.73, 'de': -0.19}, 'c': {'id': 6}, 'n': {'id': 11, 'dx': 0, 'dy': 3, 'dd': -2, 'da': -55.0, 'dp': -14.49, 'de': 0.35}, 'i': 2}, {'id': '20230503_7', 'p': {'id': 9, 'tq': 70.0, 'dx': -4, 'dy': -6, 'dd': 0, 'da': 0.0, 'dp': -3.07, 'de': -0.37}, 'c': {'id': 7}, 'n': {}, 'i': 0}, {'id': '20230508_16', 'p': {'id': 11, 'tq': -83.0, 'dx': 18, 'dy': -4, 'dd': -2, 'da': -77.0, 'dp': -17.49, 'de': 0.07}, 'c': {'id': 8}, 'n': {'id': 14, 'dx': 1, 'dy': -2, 'dd': 1, 'da': 28.0, 'dp': 7.83, 'de': -0.06}, 'i': 2}, {'id': '20230508_15', 'p': {'id': 13, 'tq': -89.0, 'dx': 44, 'dy': -21, 'dd': 1, 'da': 10.0, 'dp': 7.21, 'de': -0.42}, 'c': {'id': 9}, 'n': {'id': 16, 'dx': 1, 'dy': -2, 'dd': -1, 'da': -7.0, 'dp': -5.59, 'de': 0.37}, 'i': 2}, {'id': '20230503_10', 'p': {'id': 12, 'tq': -164.0, 'dx': 18, 'dy': 26, 'dd': 3, 'da': 101.0, 'dp': 17.31, 'de': 0.41}, 'c': {'id': 10}, 'n': {}, 'i': 0}, {'id': '20230503_11', 'p': {'id': 15, 'tq': 80.0, 'dx': -1, 'dy': 1, 'dd': 0, 'da': -10.0, 'dp': -2.59, 'de': 0.09}, 'c': {'id': 11}, 'n': {}, 'i': 0}, {'id': '20230503_12', 'p': {'id': 16, 'tq': -218.0, 'dx': 10, 'dy': 79, 'dd': 1, 'da': 25.0, 'dp': 7.41, 'de': -0.23}, 'c': {'id': 12}, 'n': {}, 'i': 0}, {'id': '20230503_13', 'p': {'id': 8, 'tq': -1384.0, 'dx': 27, 'dy': 224, 'dd': 7, 'da': 458.0, 'dp': 64.38, 'de': 0.39}, 'c': {'id': 13}, 'n': {}, 'i': 0}, {'id': '20230503_14', 'p': {'id': 17, 'tq': -299.0, 'dx': 91, 'dy': 65, 'dd': -1, 'da': -5.0, 'dp': -1.17, 'de': -0.02}, 'c': {'id': 14}, 'n': {}, 'i': 0}, {'id': '20230503_15', 'p': {'id': 18, 'tq': -119.0, 'dx': 1, 'dy': -40, 'dd': 1, 'da': 52.0, 'dp': 9.9, 'de': -0.28}, 'c': {'id': 15}, 'n': {}, 'i': 0}, {'id': '20230503_16', 'p': {'id': 19, 'tq': -175.0, 'dx': 49, 'dy': -35, 'dd': -2, 'da': -39.0, 'dp': -17.28, 'de': 0.47}, 'c': {'id': 16}, 'n': {}, 'i': 0}]
Unmatched current(length=0): set()
Unmatched previous(length=3): {10, 14, 7}
Distance threshold: 20



@plot_data: normalized_points: (17, 2), normalized_prev_points: (20, 2), current_points: (17, 2), prev_points: (20, 2), current_data: 17, prev_data: 20, matching: 17, unmatched_current: 0, unmatched_prev: 3, combined_distances: (17, 20), distance_threshold: 20, current_date_string: 20230503, previous_date_string: 20230501, filename: output/crop988/plots/20230501_20230503.png
Plots created
Plotted the normalized points
Drawing lines between the matched points
Plotting the unmatched points
Plotted the original points with diameter as size
Drawing lines between the matched points and add the indices to the plots with color coding
Setting the titles and labels
Done plotting

@process_image: output_dir: output/crop988/20230503, image_name: 20230503, date_string: 20230503
len(json_data) = 17 json_data entries
len(matching) = 17 matching entries, setting max_id_i to 17
crop_dir: output/crop988
nodules_dir: output/crop988/nodules-last-detected-on
Split image into left and right images: (705, 300, 3), (705, 300, 3)
Converted right image to HSV: (705, 300, 3)
Created mask to detect nodules: (705, 300)

Found 17 contours in mask, processing each contour...

@process_contour: max_id: 20230503_17
Moments: {'m00': 0.0, 'm10': 0.0, 'm01': 0.0, 'm20': 0.0, 'm11': 0.0, 'm02': 0.0, 'm30': 0.0, 'm21': 0.0, 'm12': 0.0, 'm03': 0.0, 'mu20': 0.0, 'mu11': 0.0, 'mu02': 0.0, 'mu30': 0.0, 'mu21': 0.0, 'mu12': 0.0, 'mu03': 0.0, 'nu20': 0.0, 'nu11': 0.0, 'nu02': 0.0, 'nu30': 0.0, 'nu21': 0.0, 'nu12': 0.0, 'nu03': 0.0}
Skipping contour#1 because area is 0.


@process_contour: max_id: 20230503_18
Moments: {'m00': 23.0, 'm10': 3740.333333333333, 'm01': 14899.166666666666, 'm20': 608315.1666666666, 'm11': 2422950.583333333, 'm02': 9651566.666666666, 'm30': 98942495.10000001, 'm21': 394060595.8833333, 'm12': 1569569311.7833333, 'm03': 6252235746.650001, 'mu20': 50.234299516887404, 'mu11': 0.5954106277786195, 'mu02': 37.65096618421376, 'mu30': 4.617153286933899, 'mu21': 8.574802297494898, 'mu12': -4.06303976921572, 'mu03': -5.400076866149902, 'nu20': 0.09496086865196106, 'nu11': 0.0011255399390900178, 'nu02': 0.0711738491194967, 'nu30': 0.0018199300798425685, 'nu21': 0.0033799052489932083, 'nu12': -0.0016015167424737395, 'nu03': -0.002128532823456354}
Centroid: 162, 647
Processing contour#2: area: 23.0 centroid: 162, 647 rectangle: (160, 645, 7, 6)
@find_dayJSON_match_for_contour: x: 160, y: 645, w: 7, h: 6, area: 23.0
Matched with JSON#15: (162, 647, 5, 109.0, 36.3848, 0.271039)
Match with input JSON(nodules) ID: 15
Matched contour: {'x': 162, 'y': 647, 'd': 5, 'a': 109.0, 'p': 36.3848, 'e': 0.271039, 'id': 15, 'tq': 100}
JSON_entry: 15
Matched with first_id: 15 second_id: 18 name: 20230503_15
entry_id:20230503_15, entry saved to results list
created dirs at nodule_detection_path: output/crop988/nodules-last-detected-on/2023-05-03/15/detection and nodule_images_original_path: output/crop988/nodules-last-detected-on/2023-05-03/15
Segmented nodule image saved as output/crop988/nodules-last-detected-on/2023-05-03/15/detection/2023-05-03.jpg
Original nodule image saved as output/crop988/nodules-last-detected-on/2023-05-03/15/2023-05-03.jpg


@process_contour: max_id: 20230503_19
Moments: {'m00': 12.0, 'm10': 1506.0, 'm01': 7608.0, 'm20': 189012.0, 'm11': 954804.0, 'm02': 4823488.0, 'm30': 23723265.0, 'm21': 119833608.0, 'm12': 605347744.0, 'm03': 3058111680.0, 'mu20': 9.0, 'mu11': 0.0, 'mu02': 16.0, 'mu30': 0.0, 'mu21': 0.0, 'mu12': 0.0, 'mu03': 0.0, 'nu20': 0.0625, 'nu11': 0.0, 'nu02': 0.1111111111111111, 'nu30': 0.0, 'nu21': 0.0, 'nu12': 0.0, 'nu03': 0.0}
Centroid: 125, 634
Processing contour#3: area: 12.0 centroid: 125, 634 rectangle: (124, 632, 4, 5)
@find_dayJSON_match_for_contour: x: 124, y: 632, w: 4, h: 5, area: 12.0
Matched with JSON#14: (125, 633, 4, 75.0, 29.3137, 0.455016)
Match with input JSON(nodules) ID: 14
Matched contour: {'x': 125, 'y': 633, 'd': 4, 'a': 75.0, 'p': 29.3137, 'e': 0.455016, 'id': 14, 'tq': 100}
JSON_entry: 14
Matched with first_id: 14 second_id: 17 name: 20230503_14
entry_id:20230503_14, entry saved to results list
created dirs at nodule_detection_path: output/crop988/nodules-last-detected-on/2023-05-03/14/detection and nodule_images_original_path: output/crop988/nodules-last-detected-on/2023-05-03/14
Segmented nodule image saved as output/crop988/nodules-last-detected-on/2023-05-03/14/detection/2023-05-03.jpg
Original nodule image saved as output/crop988/nodules-last-detected-on/2023-05-03/14/2023-05-03.jpg


@process_contour: max_id: 20230503_20
Moments: {'m00': 147.0, 'm10': 29604.333333333332, 'm01': 91133.83333333333, 'm20': 5966347.5, 'm11': 18352769.833333332, 'm02': 56500017.666666664, 'm30': 1203312982.1000001, 'm21': 3698611459.0499997, 'm12': 11377702326.616667, 'm03': 35028712661.65, 'mu20': 4330.138699924573, 'mu11': -674.9281934984028, 'mu02': 864.0746409744024, 'mu30': 6030.321739912033, 'mu21': -1854.3875317177735, 'mu12': -658.1195601466461, 'mu03': 510.4049377441406, 'nu20': 0.20038589013487773, 'nu11': -0.031233661599259697, 'nu02': 0.03998679443631831, 'nu30': 0.023016916759804208, 'nu21': -0.007077944643562153, 'nu12': -0.002511952726110312, 'nu03': 0.0019481461309262258}
Centroid: 201, 619
Processing contour#4: area: 147.0 centroid: 201, 619 rectangle: (192, 616, 22, 11)
@find_dayJSON_match_for_contour: x: 192, y: 616, w: 22, h: 11, area: 147.0
Matched with JSON#13: (201, 619, 13, 605.0, 108.4264, 0.911759)
Match with input JSON(nodules) ID: 13
Matched contour: {'x': 201, 'y': 619, 'd': 13, 'a': 605.0, 'p': 108.4264, 'e': 0.911759, 'id': 13, 'tq': 100}
JSON_entry: 13
Matched with first_id: 13 second_id: 8 name: 20230503_13
entry_id:20230503_13, entry saved to results list
created dirs at nodule_detection_path: output/crop988/nodules-last-detected-on/2023-05-03/13/detection and nodule_images_original_path: output/crop988/nodules-last-detected-on/2023-05-03/13
Segmented nodule image saved as output/crop988/nodules-last-detected-on/2023-05-03/13/detection/2023-05-03.jpg
Original nodule image saved as output/crop988/nodules-last-detected-on/2023-05-03/13/2023-05-03.jpg


@process_contour: max_id: 20230503_21
Moments: {'m00': 4.5, 'm10': 1213.8333333333333, 'm01': 2718.833333333333, 'm20': 327423.4166666666, 'm11': 733379.375, 'm02': 1642680.0833333333, 'm30': 88321113.95, 'm21': 197823977.48333332, 'm12': 443096845.81666666, 'm03': 992484495.45, 'mu20': 3.114197530900128, 'mu11': -0.7422839504433796, 'mu02': 1.2623456793371588, 'mu30': -1.0494284331798553, 'mu21': 0.2990625768306927, 'mu12': 0.29220380203770446, 'mu03': -0.27988123893737793, 'nu20': 0.15378753239012977, 'nu11': -0.03665599755275949, 'nu02': 0.062338058238872035, 'nu30': -0.024429891735685574, 'nu21': 0.006961948183575495, 'nu12': 0.0068022811492790885, 'nu03': -0.006515421299737031}
Centroid: 269, 604
Processing contour#5: area: 4.5 centroid: 269, 604 rectangle: (268, 603, 4, 3)
@find_dayJSON_match_for_contour: x: 268, y: 603, w: 4, h: 3, area: 4.5
Matched with JSON#12: (269, 603, 4, 69.0, 29.3137, 0.191938)
Match with input JSON(nodules) ID: 12
Matched contour: {'x': 269, 'y': 603, 'd': 4, 'a': 69.0, 'p': 29.3137, 'e': 0.191938, 'id': 12, 'tq': 100}
JSON_entry: 12
Matched with first_id: 12 second_id: 16 name: 20230503_12
entry_id:20230503_12, entry saved to results list
created dirs at nodule_detection_path: output/crop988/nodules-last-detected-on/2023-05-03/12/detection and nodule_images_original_path: output/crop988/nodules-last-detected-on/2023-05-03/12
Segmented nodule image saved as output/crop988/nodules-last-detected-on/2023-05-03/12/detection/2023-05-03.jpg
Original nodule image saved as output/crop988/nodules-last-detected-on/2023-05-03/12/2023-05-03.jpg


@process_contour: max_id: 20230503_22
Moments: {'m00': 24.5, 'm10': 5817.666666666666, 'm01': 12512.166666666666, 'm20': 1381501.5833333333, 'm11': 2971084.208333333, 'm02': 6390012.083333333, 'm30': 328075458.8, 'm21': 705532803.9333333, 'm12': 1517343154.6, 'm03': 3263424420.05, 'mu20': 62.99376417277381, 'mu11': -2.115929705090821, 'mu02': 40.054988662712276, 'mu30': 3.095933675765991, 'mu21': 10.407491461082827, 'mu12': -2.4234817484066298, 'mu03': -10.075244903564453, 'nu20': 0.10494587950482931, 'nu11': -0.0035250807248493467, 'nu02': 0.06673051005866266, 'nu30': 0.0010420209180641046, 'nu21': 0.0035029251084775412, 'nu12': -0.0008156888812424147, 'nu03': -0.00339109846774588}
Centroid: 237, 510
Processing contour#6: area: 24.5 centroid: 237, 510 rectangle: (234, 508, 8, 6)
@find_dayJSON_match_for_contour: x: 234, y: 508, w: 8, h: 6, area: 24.5
Matched with JSON#11: (237, 510, 5, 96.0, 33.5563, 0.305947)
Match with input JSON(nodules) ID: 11
Matched contour: {'x': 237, 'y': 510, 'd': 5, 'a': 96.0, 'p': 33.5563, 'e': 0.305947, 'id': 11, 'tq': 100}
JSON_entry: 11
Matched with first_id: 11 second_id: 15 name: 20230503_11
entry_id:20230503_11, entry saved to results list
created dirs at nodule_detection_path: output/crop988/nodules-last-detected-on/2023-05-03/11/detection and nodule_images_original_path: output/crop988/nodules-last-detected-on/2023-05-03/11
Segmented nodule image saved as output/crop988/nodules-last-detected-on/2023-05-03/11/detection/2023-05-03.jpg
Original nodule image saved as output/crop988/nodules-last-detected-on/2023-05-03/11/2023-05-03.jpg


@process_contour: max_id: 20230503_23
Moments: {'m00': 50.0, 'm10': 10620.5, 'm01': 22456.5, 'm20': 2256142.1666666665, 'm11': 4770057.333333333, 'm02': 10086077.833333332, 'm30': 479329852.25, 'm21': 1013331775.6666666, 'm12': 2142448620.6666667, 'm03': 4530130802.25, 'mu20': 241.76166666671634, 'mu11': 72.16833333298564, 'mu02': 189.98833333142102, 'mu30': -10.562900006771088, 'mu21': -14.199699847216834, 'mu12': 2.16123408106796, 'mu03': 6.044702529907227, 'nu20': 0.09670466666668653, 'nu11': 0.02886733333319426, 'nu02': 0.07599533333256842, 'nu30': -0.0005975278579026612, 'nu21': -0.0008032563242224485, 'nu12': 0.00012225786195637047, 'nu03': 0.0003419400119322304}
Centroid: 212, 449
Processing contour#7: area: 50.0 centroid: 212, 449 rectangle: (208, 445, 10, 9)
@find_dayJSON_match_for_contour: x: 208, y: 445, w: 10, h: 9, area: 50.0
Matched with JSON#10: (212, 449, 8, 209.0, 53.6985, 0.685675)
Match with input JSON(nodules) ID: 10
Matched contour: {'x': 212, 'y': 449, 'd': 8, 'a': 209.0, 'p': 53.6985, 'e': 0.685675, 'id': 10, 'tq': 100}
JSON_entry: 10
Matched with first_id: 10 second_id: 12 name: 20230503_10
entry_id:20230503_10, entry saved to results list
created dirs at nodule_detection_path: output/crop988/nodules-last-detected-on/2023-05-03/10/detection and nodule_images_original_path: output/crop988/nodules-last-detected-on/2023-05-03/10
Segmented nodule image saved as output/crop988/nodules-last-detected-on/2023-05-03/10/detection/2023-05-03.jpg
Original nodule image saved as output/crop988/nodules-last-detected-on/2023-05-03/10/2023-05-03.jpg


@process_contour: max_id: 20230503_24
Moments: {'m00': 2.0, 'm10': 458.0, 'm01': 813.0, 'm20': 104882.66666666666, 'm11': 186177.0, 'm02': 330484.6666666666, 'm30': 24018436.0, 'm21': 42634804.0, 'm12': 75680988.66666667, 'm03': 134342152.5, 'mu20': 0.6666666666569654, 'mu11': 0.0, 'mu02': 0.16666666662786156, 'mu30': 7.450580596923828e-09, 'mu21': 3.943569026887417e-09, 'mu12': 1.3853423297405243e-08, 'mu03': 5.960464477539063e-08, 'nu20': 0.16666666666424135, 'nu11': 0.0, 'nu02': 0.04166666665696539, 'nu30': 1.3170890159654386e-09, 'nu21': 6.971311002473317e-10, 'nu12': 2.4489623890607375e-09, 'nu03': 1.0536712127723509e-08}
Centroid: 229, 406
Processing contour#8: area: 2.0 centroid: 229, 406 rectangle: (228, 406, 3, 2)
@find_dayJSON_match_for_contour: x: 228, y: 406, w: 3, h: 2, area: 2.0
Matched with JSON#9: (229, 406, 2, 15.0, 12.8284, 0.365148)
Match with input JSON(nodules) ID: 9
Matched contour: {'x': 229, 'y': 406, 'd': 2, 'a': 15.0, 'p': 12.8284, 'e': 0.365148, 'id': 9, 'tq': 100}
JSON_entry: 9
Matched with first_id: 9 second_id: 13 name: 20230508_15
entry_id:20230508_15, entry saved to results list
created dirs at nodule_detection_path: output/crop988/nodules-last-detected-on/2023-05-08/15/detection and nodule_images_original_path: output/crop988/nodules-last-detected-on/2023-05-08/15
Segmented nodule image saved as output/crop988/nodules-last-detected-on/2023-05-08/15/detection/2023-05-03.jpg
Original nodule image saved as output/crop988/nodules-last-detected-on/2023-05-08/15/2023-05-03.jpg


@process_contour: max_id: 20230503_25
Moments: {'m00': 5.5, 'm10': 959.8333333333333, 'm01': 2189.0, 'm20': 167508.5833333333, 'm11': 382013.5416666666, 'm02': 871224.4166666666, 'm30': 29233875.950000003, 'm21': 66668373.36666667, 'm12': 152041761.73333332, 'm03': 346749240.6, 'mu20': 3.1237373737385496, 'mu11': -0.125, 'mu02': 2.4166666666278616, 'mu30': -0.1295071840286255, 'mu21': 0.8287878900300711, 'mu12': 0.15505051778308143, 'mu03': -0.8999999165534973, 'nu20': 0.10326404541284462, 'nu11': -0.004132231404958678, 'nu02': 0.07988980716125163, 'nu30': -0.0018255222749157573, 'nu21': 0.01168252375942255, 'nu12': 0.0021855789396800847, 'nu03': -0.012686322441599687}
Centroid: 174, 398
Processing contour#9: area: 5.5 centroid: 174, 398 rectangle: (173, 396, 4, 4)
@find_dayJSON_match_for_contour: x: 173, y: 396, w: 4, h: 4, area: 5.5
Matched with JSON#8: (174, 398, 3, 33.0, 19.4853, 0.611905)
Match with input JSON(nodules) ID: 8
Matched contour: {'x': 174, 'y': 398, 'd': 3, 'a': 33.0, 'p': 19.4853, 'e': 0.611905, 'id': 8, 'tq': 100}
JSON_entry: 8
Matched with first_id: 8 second_id: 11 name: 20230508_16
entry_id:20230508_16, entry saved to results list
created dirs at nodule_detection_path: output/crop988/nodules-last-detected-on/2023-05-08/16/detection and nodule_images_original_path: output/crop988/nodules-last-detected-on/2023-05-08/16
Segmented nodule image saved as output/crop988/nodules-last-detected-on/2023-05-08/16/detection/2023-05-03.jpg
Original nodule image saved as output/crop988/nodules-last-detected-on/2023-05-08/16/2023-05-03.jpg


@process_contour: max_id: 20230503_26
Moments: {'m00': 22.0, 'm10': 2569.1666666666665, 'm01': 8679.0, 'm20': 300065.5, 'm11': 1013536.25, 'm02': 3423908.0, 'm30': 35050479.65, 'm21': 118375839.75, 'm12': 399845021.21666664, 'm03': 1350765238.5, 'mu20': 37.438131313130725, 'mu11': 1.1641532182693481e-10, 'mu02': 42.5, 'mu30': -4.441578663885593, 'mu21': -2.8667272999882698e-08, 'mu12': 7.42878779136754, 'mu03': 0.0, 'nu20': 0.07735151097754282, 'nu11': 2.4052752443581574e-13, 'nu02': 0.0878099173553719, 'nu30': -0.0019565036216739745, 'nu21': -1.2627857726315787e-11, 'nu12': 0.003272361319779696, 'nu03': 0.0}
Centroid: 116, 394
Processing contour#10: area: 22.0 centroid: 116, 394 rectangle: (114, 392, 6, 6)
@find_dayJSON_match_for_contour: x: 114, y: 392, w: 6, h: 6, area: 22.0
Matched with JSON#7: (117, 394, 5, 96.0, 34.1421, 0.271238)
Match with input JSON(nodules) ID: 7
Matched contour: {'x': 117, 'y': 394, 'd': 5, 'a': 96.0, 'p': 34.1421, 'e': 0.271238, 'id': 7, 'tq': 100}
JSON_entry: 7
Matched with first_id: 7 second_id: 9 name: 20230503_7
entry_id:20230503_7, entry saved to results list
created dirs at nodule_detection_path: output/crop988/nodules-last-detected-on/2023-05-03/7/detection and nodule_images_original_path: output/crop988/nodules-last-detected-on/2023-05-03/7
Segmented nodule image saved as output/crop988/nodules-last-detected-on/2023-05-03/7/detection/2023-05-03.jpg
Original nodule image saved as output/crop988/nodules-last-detected-on/2023-05-03/7/2023-05-03.jpg


@process_contour: max_id: 20230503_27
Moments: {'m00': 18.0, 'm10': 2306.5, 'm01': 4052.6666666666665, 'm20': 295587.8333333333, 'm11': 519306.25, 'm02': 912470.0, 'm30': 37885392.25, 'm21': 66551582.38333333, 'm12': 116923812.75, 'm03': 205449756.4, 'mu20': 35.486111111124046, 'mu11': 2.0462962963501923, 'mu02': 19.604938271688297, 'mu30': 1.4158950597047806, 'mu21': 4.672942377873369, 'mu12': -0.6340877997440657, 'mu03': -2.371833562850952, 'nu20': 0.10952503429359273, 'nu11': 0.006315729309722815, 'nu02': 0.06050906873977869, 'nu30': 0.0010300298335038907, 'nu21': 0.0033994539542060173, 'nu12': -0.00046128372743486256, 'nu03': -0.001725452259400985}
Centroid: 128, 225
Processing contour#11: area: 18.0 centroid: 128, 225 rectangle: (125, 223, 7, 5)
@find_dayJSON_match_for_contour: x: 125, y: 223, w: 7, h: 5, area: 18.0
Matched with JSON#6: (127, 225, 5, 89.0, 33.5563, 0.423773)
Match with input JSON(nodules) ID: 6
Matched contour: {'x': 127, 'y': 225, 'd': 5, 'a': 89.0, 'p': 33.5563, 'e': 0.423773, 'id': 6, 'tq': 100}
JSON_entry: 6
Matched with first_id: 6 second_id: 4 name: 20230508_11
entry_id:20230508_11, entry saved to results list
created dirs at nodule_detection_path: output/crop988/nodules-last-detected-on/2023-05-08/11/detection and nodule_images_original_path: output/crop988/nodules-last-detected-on/2023-05-08/11
Segmented nodule image saved as output/crop988/nodules-last-detected-on/2023-05-08/11/detection/2023-05-03.jpg
Original nodule image saved as output/crop988/nodules-last-detected-on/2023-05-08/11/2023-05-03.jpg


@process_contour: max_id: 20230503_28
Moments: {'m00': 386.5, 'm10': 17287.666666666664, 'm01': 40671.166666666664, 'm20': 778638.25, 'm11': 1821779.125, 'm02': 4310862.083333333, 'm30': 35312446.800000004, 'm21': 82182511.66666667, 'm12': 193362225.43333334, 'm03': 460082743.75, 'mu20': 5382.315258013667, 'mu11': 2608.174734080909, 'mu02': 31059.24238177389, 'mu30': 3432.9214293062687, 'mu21': 13547.760808729101, 'mu12': -6213.793704370037, 'mu03': -83417.99686396122, 'nu20': 0.036030487276859646, 'nu11': 0.017459736575670196, 'nu02': 0.20791789105984074, 'nu30': 0.0011689343423043497, 'nu21': 0.0046131096201198684, 'nu12': -0.0021158412758955926, 'nu03': -0.028404425591594694}
Centroid: 44, 105
Processing contour#12: area: 386.5 centroid: 44, 105 rectangle: (37, 85, 17, 36)
@find_dayJSON_match_for_contour: x: 37, y: 85, w: 17, h: 36, area: 386.5
Matched with JSON#5: (44, 104, 21, 1460.0, 181.6396, 0.928959)
Match with input JSON(nodules) ID: 5
Matched contour: {'x': 44, 'y': 104, 'd': 21, 'a': 1460.0, 'p': 181.6396, 'e': 0.928959, 'id': 5, 'tq': 100}
JSON_entry: 5
Matched with first_id: 5 second_id: 1 name: 20230503_5
entry_id:20230503_5, entry saved to results list
created dirs at nodule_detection_path: output/crop988/nodules-last-detected-on/2023-05-03/5/detection and nodule_images_original_path: output/crop988/nodules-last-detected-on/2023-05-03/5
Segmented nodule image saved as output/crop988/nodules-last-detected-on/2023-05-03/5/detection/2023-05-03.jpg
Original nodule image saved as output/crop988/nodules-last-detected-on/2023-05-03/5/2023-05-03.jpg


@process_contour: max_id: 20230503_29
Moments: {'m00': 9.5, 'm10': 1286.6666666666665, 'm01': 820.8333333333333, 'm20': 174271.75, 'm11': 111173.54166666666, 'm02': 70931.25, 'm30': 23605132.3, 'm21': 15057968.4, 'm12': 9607005.1, 'm03': 6130154.45, 'mu20': 7.42251461991691, 'mu11': 1.0270467836526223, 'mu02': 8.369883040955756, 'mu30': 0.48200471326708794, 'mu21': -0.4833743772882144, 'mu12': -1.3282599797912553, 'mu03': -0.806104444898665, 'nu20': 0.08224392930655855, 'nu11': 0.011380019763463957, 'nu02': 0.09274108632637955, 'nu30': 0.0017327753923083147, 'nu21': -0.0017376992448064601, 'nu12': -0.0047750076798416695, 'nu03': -0.0028978927120506563}
Centroid: 135, 86
Processing contour#13: area: 9.5 centroid: 135, 86 rectangle: (134, 84, 4, 5)
@find_dayJSON_match_for_contour: x: 134, y: 84, w: 4, h: 5, area: 9.5
Matched with JSON#4: (135, 86, 3, 49.0, 23.3137, 0.364034)
Match with input JSON(nodules) ID: 4
Matched contour: {'x': 135, 'y': 86, 'd': 3, 'a': 49.0, 'p': 23.3137, 'e': 0.364034, 'id': 4, 'tq': 100}
JSON_entry: 4
Matched with first_id: 4 second_id: 6 name: 20230503_4
entry_id:20230503_4, entry saved to results list
created dirs at nodule_detection_path: output/crop988/nodules-last-detected-on/2023-05-03/4/detection and nodule_images_original_path: output/crop988/nodules-last-detected-on/2023-05-03/4
Segmented nodule image saved as output/crop988/nodules-last-detected-on/2023-05-03/4/detection/2023-05-03.jpg
Original nodule image saved as output/crop988/nodules-last-detected-on/2023-05-03/4/2023-05-03.jpg


@process_contour: max_id: 20230503_30
Moments: {'m00': 29.5, 'm10': 5466.166666666666, 'm01': 2367.6666666666665, 'm20': 1012944.5833333333, 'm11': 438709.4583333333, 'm02': 190082.75, 'm30': 187728625.05, 'm21': 81297135.43333334, 'm12': 35220427.43333333, 'm03': 15264718.8, 'mu20': 97.87052730703726, 'mu11': -4.460687382263131, 'mu02': 54.090866290032864, 'mu30': 19.293211847543716, 'mu21': -29.2926846237242, 'mu12': -8.807910141424145, 'mu03': 16.109643885865808, 'nu20': 0.11246254215114883, 'nu11': -0.005125753958360393, 'nu02': 0.06215554873890591, 'nu30': 0.004081779057646414, 'nu21': -0.006197323057673312, 'nu12': -0.001863450390789842, 'nu03': 0.00340824573736489}
Centroid: 185, 80
Processing contour#14: area: 29.5 centroid: 185, 80 rectangle: (182, 78, 8, 6)
@find_dayJSON_match_for_contour: x: 182, y: 78, w: 8, h: 6, area: 29.5
Matched with JSON#3: (185, 79, 6, 118.0, 37.3137, 0.357241)
Match with input JSON(nodules) ID: 3
Matched contour: {'x': 185, 'y': 79, 'd': 6, 'a': 118.0, 'p': 37.3137, 'e': 0.357241, 'id': 3, 'tq': 100}
JSON_entry: 3
Matched with first_id: 3 second_id: 2 name: 20230510_7
entry_id:20230510_7, entry saved to results list
created dirs at nodule_detection_path: output/crop988/nodules-last-detected-on/2023-05-10/7/detection and nodule_images_original_path: output/crop988/nodules-last-detected-on/2023-05-10/7
Segmented nodule image saved as output/crop988/nodules-last-detected-on/2023-05-10/7/detection/2023-05-03.jpg
Original nodule image saved as output/crop988/nodules-last-detected-on/2023-05-10/7/2023-05-03.jpg


@process_contour: max_id: 20230503_31
Moments: {'m00': 10.0, 'm10': 1275.5, 'm01': 653.1666666666666, 'm20': 162697.16666666666, 'm11': 83310.58333333333, 'm02': 42672.5, 'm30': 20753844.75, 'm21': 10626626.8, 'm12': 5442770.5, 'm03': 2788508.6500000004, 'mu20': 7.141666666633682, 'mu11': -0.8249999999970896, 'mu02': 9.830555555563478, 'mu30': -0.6974999904632568, 'mu21': 0.6547222229114027, 'mu12': 0.8974999998918065, 'mu03': -1.0065740747377276, 'nu20': 0.07141666666633684, 'nu11': -0.008249999999970897, 'nu02': 0.0983055555556348, 'nu30': -0.002205688637809615, 'nu21': 0.002070413459128511, 'nu12': 0.002838144199658983, 'nu03': -0.0031830667098477735}
Centroid: 127, 65
Processing contour#15: area: 10.0 centroid: 127, 65 rectangle: (126, 63, 4, 5)
@find_dayJSON_match_for_contour: x: 126, y: 63, w: 4, h: 5, area: 10.0
Matched with JSON#2: (127, 64, 4, 54.0, 24.4853, 0.597175)
Match with input JSON(nodules) ID: 2
Matched contour: {'x': 127, 'y': 64, 'd': 4, 'a': 54.0, 'p': 24.4853, 'e': 0.597175, 'id': 2, 'tq': 100}
JSON_entry: 2
Matched with first_id: 2 second_id: 3 name: 20230512_4
entry_id:20230512_4, entry saved to results list
created dirs at nodule_detection_path: output/crop988/nodules-last-detected-on/2023-05-12/4/detection and nodule_images_original_path: output/crop988/nodules-last-detected-on/2023-05-12/4
Segmented nodule image saved as output/crop988/nodules-last-detected-on/2023-05-12/4/detection/2023-05-03.jpg
Original nodule image saved as output/crop988/nodules-last-detected-on/2023-05-12/4/2023-05-03.jpg


@process_contour: max_id: 20230503_32
Moments: {'m00': 19.0, 'm10': 2622.833333333333, 'm01': 1223.5, 'm20': 362093.0, 'm11': 168889.8333333333, 'm02': 78821.66666666666, 'm30': 49992165.35, 'm21': 23314995.5, 'm12': 10879962.2, 'm03': 5080176.75, 'mu20': 26.96345029247459, 'mu11': -6.82894736842718, 'mu02': 34.706140350870555, 'mu30': 5.800574518740177, 'mu21': -2.558864264984777, 'mu12': -5.394105876400317, 'mu03': 6.481994461268187, 'nu20': 0.07469099804009581, 'nu11': -0.01891675171309468, 'nu02': 0.09613889293869958, 'nu30': 0.003686268864508749, 'nu21': -0.0016261598981347318, 'nu12': -0.0034279577789747603, 'nu03': 0.004119311679437002}
Centroid: 138, 64
Processing contour#16: area: 19.0 centroid: 138, 64 rectangle: (136, 62, 6, 6)
@find_dayJSON_match_for_contour: x: 136, y: 62, w: 6, h: 6, area: 19.0
Matched with JSON#1: (137, 64, 4, 75.0, 30.7279, 0.428043)
Match with input JSON(nodules) ID: 1
Matched contour: {'x': 137, 'y': 64, 'd': 4, 'a': 75.0, 'p': 30.7279, 'e': 0.428043, 'id': 1, 'tq': 100}
JSON_entry: 1
Matched with first_id: 1 second_id: 5 name: 20230512_3
entry_id:20230512_3, entry saved to results list
created dirs at nodule_detection_path: output/crop988/nodules-last-detected-on/2023-05-12/3/detection and nodule_images_original_path: output/crop988/nodules-last-detected-on/2023-05-12/3
Segmented nodule image saved as output/crop988/nodules-last-detected-on/2023-05-12/3/detection/2023-05-03.jpg
Original nodule image saved as output/crop988/nodules-last-detected-on/2023-05-12/3/2023-05-03.jpg


@process_contour: max_id: 20230503_33
Moments: {'m00': 13.0, 'm10': 2658.5, 'm01': 406.0, 'm20': 543685.0, 'm11': 83021.41666666666, 'm02': 12690.166666666666, 'm30': 111192478.25, 'm21': 16977413.416666668, 'm12': 2594792.4166666665, 'm03': 396978.0, 'mu20': 21.75, 'mu11': -5.583333333343035, 'mu02': 10.474358974357528, 'mu30': 0.0, 'mu21': -3.76923076550554, 'mu12': 2.0769230773739764, 'mu03': 0.08875739650102332, 'nu20': 0.12869822485207102, 'nu11': -0.03303747534522506, 'nu02': 0.06197845546957118, 'nu30': 0.0, 'nu21': -0.006185778240367142, 'nu12': 0.0034084900549232297, 'nu03': 0.00014566196821171038}
Centroid: 204, 31
Processing contour#17: area: 13.0 centroid: 204, 31 rectangle: (202, 29, 6, 5)
@find_dayJSON_match_for_contour: x: 202, y: 29, w: 6, h: 5, area: 13.0
Matched with JSON#0: (204, 31, 4, 66.0, 29.5563, 0.503923)
Match with input JSON(nodules) ID: 0
Matched contour: {'x': 204, 'y': 31, 'd': 4, 'a': 66.0, 'p': 29.5563, 'e': 0.503923, 'id': 0, 'tq': 100}
JSON_entry: 0
Matched with first_id: 0 second_id: 0 name: 20230503_0
entry_id:20230503_0, entry saved to results list
created dirs at nodule_detection_path: output/crop988/nodules-last-detected-on/2023-05-03/0/detection and nodule_images_original_path: output/crop988/nodules-last-detected-on/2023-05-03/0
Segmented nodule image saved as output/crop988/nodules-last-detected-on/2023-05-03/0/detection/2023-05-03.jpg
Original nodule image saved as output/crop988/nodules-last-detected-on/2023-05-03/0/2023-05-03.jpg


Done analyzing contours, found 16 nodules.


results_entry: {'date': '20230503', 'json': 'output/crop988/20230503/20230503.json', 'log': 'output/crop988/20230503/crop988_20230503.log', 'image': 'data/crop988/20230503.jpg', 'plot': 'output/crop988/plots/20230501_20230503.png', 'match_stats': {'i_dict': {0: 11, 2: 3, 3: 1, 4: 2}, 'average_tracking_quality': 76.3333, 'distance_threshold': 20, 'lengths': {'matching': 17, 'unmatched_current': 0, 'unmatched_previous': 3}, 'averages': {'tq': -349.7647, 'i': 1.0, 'dx': 26.0588, 'dy': -8.3529, 'dd': 1.7059, 'da': 114.0588, 'dp': 14.8282, 'de': -0.0135}}}
