@post_process: subdir: output\crop1000\nodules-last-detected-on\2023-05-05
@generate_gif: path:output\crop1000\nodules-last-detected-on\2023-05-05\0, output_name:o.gif
len_jpg_files: 1
@generate_gif: path:output\crop1000\nodules-last-detected-on\2023-05-05\0\detection, output_name:d.gif
len_jpg_files: 1
nodules_dir: output\crop1000\nodules-last-detected-on\2023-05-05\0 has 1 entries
nodules_dir: output\crop1000\nodules-last-detected-on\2023-05-05\0 has less than 2 entries, skipping
@generate_gif: path:output\crop1000\nodules-last-detected-on\2023-05-05\1, output_name:o.gif
len_jpg_files: 2
@generate_gif: path:output\crop1000\nodules-last-detected-on\2023-05-05\1\detection, output_name:d.gif
len_jpg_files: 2
nodules_dir: output\crop1000\nodules-last-detected-on\2023-05-05\1 has 2 entries
nodules_dir: output\crop1000\nodules-last-detected-on\2023-05-05\1 has 2 entries


Plotting date: 2023-05-05

@check_overlap_helper: existing_positions:[], x:213, y:29, offset_increment:{'x': 0.13750000000000284, 'y': 0.12222222222222238}, xlim:(211.95, 213.05), ylim:(28.9, 31.1), i:0
returning: (213, 29), modified:False


Plotting date: 2023-05-03

@check_overlap_helper: existing_positions:[(213, 29)], x:212, y:31, offset_increment:{'x': 0.13750000000000284, 'y': 0.12222222222222238}, xlim:(211.95, 213.05), ylim:(28.9, 31.1), i:0
returning: (212, 31), modified:False
@generate_gif: path:output\crop1000\nodules-last-detected-on\2023-05-05\12, output_name:o.gif
len_jpg_files: 2
@generate_gif: path:output\crop1000\nodules-last-detected-on\2023-05-05\12\detection, output_name:d.gif
len_jpg_files: 2
nodules_dir: output\crop1000\nodules-last-detected-on\2023-05-05\12 has 2 entries
nodules_dir: output\crop1000\nodules-last-detected-on\2023-05-05\12 has 2 entries


Plotting date: 2023-05-05

@check_overlap_helper: existing_positions:[], x:115, y:375, offset_increment:{'x': 0.4125000000000014, 'y': 0.794444444444442}, xlim:(111.85, 115.15), ylim:(374.35, 388.65), i:0
returning: (115, 375), modified:False


Plotting date: 2023-05-03

@check_overlap_helper: existing_positions:[(115, 375)], x:112, y:388, offset_increment:{'x': 0.4125000000000014, 'y': 0.794444444444442}, xlim:(111.85, 115.15), ylim:(374.35, 388.65), i:0
returning: (112, 388), modified:False
@generate_gif: path:output\crop1000\nodules-last-detected-on\2023-05-05\15, output_name:o.gif
len_jpg_files: 1
@generate_gif: path:output\crop1000\nodules-last-detected-on\2023-05-05\15\detection, output_name:d.gif
len_jpg_files: 1
nodules_dir: output\crop1000\nodules-last-detected-on\2023-05-05\15 has 1 entries
nodules_dir: output\crop1000\nodules-last-detected-on\2023-05-05\15 has less than 2 entries, skipping
@generate_gif: path:output\crop1000\nodules-last-detected-on\2023-05-05\16, output_name:o.gif
len_jpg_files: 2
@generate_gif: path:output\crop1000\nodules-last-detected-on\2023-05-05\16\detection, output_name:d.gif
len_jpg_files: 2
nodules_dir: output\crop1000\nodules-last-detected-on\2023-05-05\16 has 2 entries
nodules_dir: output\crop1000\nodules-last-detected-on\2023-05-05\16 has 2 entries


Plotting date: 2023-05-05

@check_overlap_helper: existing_positions:[], x:39, y:439, offset_increment:{'x': 0.1374999999999993, 'y': 0.1833333333333308}, xlim:(38.95, 40.05), ylim:(435.85, 439.15), i:0
returning: (39, 439), modified:False


Plotting date: 2023-05-03

@check_overlap_helper: existing_positions:[(39, 439)], x:40, y:436, offset_increment:{'x': 0.1374999999999993, 'y': 0.1833333333333308}, xlim:(38.95, 40.05), ylim:(435.85, 439.15), i:0
returning: (40, 436), modified:False
@generate_gif: path:output\crop1000\nodules-last-detected-on\2023-05-05\17, output_name:o.gif
len_jpg_files: 1
@generate_gif: path:output\crop1000\nodules-last-detected-on\2023-05-05\17\detection, output_name:d.gif
len_jpg_files: 1
nodules_dir: output\crop1000\nodules-last-detected-on\2023-05-05\17 has 1 entries
nodules_dir: output\crop1000\nodules-last-detected-on\2023-05-05\17 has less than 2 entries, skipping
@generate_gif: path:output\crop1000\nodules-last-detected-on\2023-05-05\18, output_name:o.gif
len_jpg_files: 1
@generate_gif: path:output\crop1000\nodules-last-detected-on\2023-05-05\18\detection, output_name:d.gif
len_jpg_files: 1
nodules_dir: output\crop1000\nodules-last-detected-on\2023-05-05\18 has 1 entries
nodules_dir: output\crop1000\nodules-last-detected-on\2023-05-05\18 has less than 2 entries, skipping
@generate_gif: path:output\crop1000\nodules-last-detected-on\2023-05-05\20, output_name:o.gif
len_jpg_files: 1
@generate_gif: path:output\crop1000\nodules-last-detected-on\2023-05-05\20\detection, output_name:d.gif
len_jpg_files: 1
nodules_dir: output\crop1000\nodules-last-detected-on\2023-05-05\20 has 1 entries
nodules_dir: output\crop1000\nodules-last-detected-on\2023-05-05\20 has less than 2 entries, skipping
@generate_gif: path:output\crop1000\nodules-last-detected-on\2023-05-05\21, output_name:o.gif
len_jpg_files: 1
@generate_gif: path:output\crop1000\nodules-last-detected-on\2023-05-05\21\detection, output_name:d.gif
len_jpg_files: 1
nodules_dir: output\crop1000\nodules-last-detected-on\2023-05-05\21 has 1 entries
nodules_dir: output\crop1000\nodules-last-detected-on\2023-05-05\21 has less than 2 entries, skipping
@generate_gif: path:output\crop1000\nodules-last-detected-on\2023-05-05\23, output_name:o.gif
len_jpg_files: 1
@generate_gif: path:output\crop1000\nodules-last-detected-on\2023-05-05\23\detection, output_name:d.gif
len_jpg_files: 1
nodules_dir: output\crop1000\nodules-last-detected-on\2023-05-05\23 has 1 entries
nodules_dir: output\crop1000\nodules-last-detected-on\2023-05-05\23 has less than 2 entries, skipping
@generate_gif: path:output\crop1000\nodules-last-detected-on\2023-05-05\24, output_name:o.gif
len_jpg_files: 1
@generate_gif: path:output\crop1000\nodules-last-detected-on\2023-05-05\24\detection, output_name:d.gif
len_jpg_files: 1
nodules_dir: output\crop1000\nodules-last-detected-on\2023-05-05\24 has 1 entries
nodules_dir: output\crop1000\nodules-last-detected-on\2023-05-05\24 has less than 2 entries, skipping
@generate_gif: path:output\crop1000\nodules-last-detected-on\2023-05-05\4, output_name:o.gif
len_jpg_files: 2
@generate_gif: path:output\crop1000\nodules-last-detected-on\2023-05-05\4\detection, output_name:d.gif
len_jpg_files: 2
nodules_dir: output\crop1000\nodules-last-detected-on\2023-05-05\4 has 2 entries
nodules_dir: output\crop1000\nodules-last-detected-on\2023-05-05\4 has 2 entries


Plotting date: 2023-05-05

@check_overlap_helper: existing_positions:[], x:179, y:89, offset_increment:{'x': 0.2749999999999986, 'y': 0.54388888888889}, xlim:(176.9, 179.1), ylim:(84.10499999999999, 93.89500000000001), i:0
returning: (179, 89), modified:False


Plotting date: 2023-05-03

@check_overlap_helper: existing_positions:[(179, 89)], x:177, y:89, offset_increment:{'x': 0.2749999999999986, 'y': 0.54388888888889}, xlim:(176.9, 179.1), ylim:(84.10499999999999, 93.89500000000001), i:0
returning: (177, 89), modified:False
@generate_gif: path:output\crop1000\nodules-last-detected-on\2023-05-05\6, output_name:o.gif
len_jpg_files: 1
@generate_gif: path:output\crop1000\nodules-last-detected-on\2023-05-05\6\detection, output_name:d.gif
len_jpg_files: 1
nodules_dir: output\crop1000\nodules-last-detected-on\2023-05-05\6 has 1 entries
nodules_dir: output\crop1000\nodules-last-detected-on\2023-05-05\6 has less than 2 entries, skipping
@generate_gif: path:output\crop1000\nodules-last-detected-on\2023-05-05\7, output_name:o.gif
len_jpg_files: 4
@generate_gif: path:output\crop1000\nodules-last-detected-on\2023-05-05\7\detection, output_name:d.gif
len_jpg_files: 4
nodules_dir: output\crop1000\nodules-last-detected-on\2023-05-05\7 has 4 entries
nodules_dir: output\crop1000\nodules-last-detected-on\2023-05-05\7 has 4 entries


Plotting date: 2023-05-05

@check_overlap_helper: existing_positions:[], x:121, y:221, offset_increment:{'x': 0.9624999999999986, 'y': 0.18333333333333396}, xlim:(118.65, 126.35), ylim:(218.85, 222.15), i:0
returning: (121, 221), modified:False


Plotting date: 2023-05-03

@check_overlap_helper: existing_positions:[(121, 221)], x:120, y:219, offset_increment:{'x': 0.9624999999999986, 'y': 0.18333333333333396}, xlim:(118.65, 126.35), ylim:(218.85, 222.15), i:0
returning: (120, 219), modified:False


Plotting date: 2023-05-01

@check_overlap_helper: existing_positions:[(121, 221), (120, 219)], x:119, y:222, offset_increment:{'x': 0.9624999999999986, 'y': 0.18333333333333396}, xlim:(118.65, 126.35), ylim:(218.85, 222.15), i:0
returning: (119, 222), modified:False


Plotting date: 2023-04-26

@check_overlap_helper: existing_positions:[(121, 221), (120, 219), (119, 222)], x:126, y:221, offset_increment:{'x': 0.9624999999999986, 'y': 0.18333333333333396}, xlim:(118.65, 126.35), ylim:(218.85, 222.15), i:0
returning: (126, 221), modified:False
@post_process: output\crop1000\nodules-last-detected-on\2023-05-05, 14 nodules, took 5.65s
