Current memory usage: 3673.4375 MB
@analyze_image: file_name: data/crop993/20230505.jpg, output_dir: output/crop993, external_logger: <Logger data_crop993.log (DEBUG)>
Loaded image & JSON file: data/crop993/20230505.jpg
Scaled JSON data: scalar_position: 0.5, scalar_size: 0.5

@find_prev_next_date: image_output_dir: output/crop993/20230505
data_dir: data/crop993
Previous date file: data/crop993/20230503.json, Next date file: data/crop993/20230508.jpg


Loaded prev_results from JSON file: 20230503, length: 14
Scaled JSON data: scalar_position: 0.5, scalar_size: 0.5
Loaded next_results from JSON file: 20230508, length: 51
Scaled JSON data: scalar_position: 0.5, scalar_size: 0.5
prev_results is not empty, generating matching
Current memory usage: 3674.6484375 MB
current_date:20230505, generating Matching: 20230503_20230505_matching.json
spatial_distances: (14, 14), attribute_distances: (14, 14)
combined_distances: (14, 14)
Current memory usage: 3674.6484375 MB

@find_matching: combined_distances: (14, 14), next_matching: [{'id': '20230510_0', 'p': {'id': 0, 'tq': -284.0, 'dx': 0, 'dy': 2, 'dd': 6, 'da': 247.0, 'dp': 45.14, 'de': 0.56}, 'c': {'id': 0}, 'n': {'id': 0, 'dx': 2, 'dy': 1, 'dd': -1, 'da': -51.0, 'dp': -6.41, 'de': 0.04}, 'i': 1}, {'id': '20230519_0', 'p': {'id': 2, 'tq': 32.0, 'dx': 0, 'dy': 1, 'dd': 1, 'da': 41.0, 'dp': 12.24, 'de': 0.1}, 'c': {'id': 1}, 'n': {'id': 1, 'dx': 0, 'dy': -3, 'dd': 0, 'da': -7.0, 'dp': -1.17, 'de': 0.01}, 'i': 5}, {'id': '20230508_2', 'p': {'id': 1, 'tq': -175.0, 'dx': -58, 'dy': 40, 'dd': -1, 'da': -17.0, 'dp': -8.24, 'de': 0.13}, 'c': {'id': 5}, 'n': {}, 'i': 0}, {'id': '20230508_3', 'p': {'id': 3, 'tq': 9.0, 'dx': -8, 'dy': -7, 'dd': -2, 'da': -33.0, 'dp': -13.07, 'de': 0.41}, 'c': {'id': 6}, 'n': {}, 'i': 0}, {'id': '20230531_9', 'p': {'id': 4, 'tq': -52.0, 'dx': 0, 'dy': 0, 'dd': 3, 'da': 99.0, 'dp': 20.14, 'de': 0.41}, 'c': {'id': 7}, 'n': {'id': 3, 'dx': 1, 'dy': -1, 'dd': 1, 'da': 32.0, 'dp': 4.0, 'de': -0.02}, 'i': 10}, {'id': '20230519_24', 'p': {'id': 5, 'tq': 41.0, 'dx': -7, 'dy': -7, 'dd': -1, 'da': -16.0, 'dp': -1.41, 'de': 0.13}, 'c': {'id': 10}, 'n': {'id': 10, 'dx': 1, 'dy': 11, 'dd': 1, 'da': 14.0, 'dp': 1.41, 'de': 0.01}, 'i': 5}, {'id': '20230512_23', 'p': {'id': 6, 'tq': 16.0, 'dx': -10, 'dy': 21, 'dd': 0, 'da': 1.0, 'dp': 1.17, 'de': 0.21}, 'c': {'id': 17}, 'n': {'id': 24, 'dx': 0, 'dy': -3, 'dd': 1, 'da': 32.0, 'dp': 7.41, 'de': -0.25}, 'i': 2}, {'id': '20230508_7', 'p': {'id': 7, 'tq': 86.0, 'dx': 0, 'dy': 2, 'dd': 0, 'da': -3.0, 'dp': -3.41, 'de': 0.02}, 'c': {'id': 32}, 'n': {}, 'i': 0}, {'id': '20230508_8', 'p': {'id': 8, 'tq': -40.0, 'dx': -5, 'dy': -6, 'dd': 2, 'da': 74.0, 'dp': 13.66, 'de': -0.1}, 'c': {'id': 41}, 'n': {}, 'i': 0}, {'id': '20230508_9', 'p': {'id': 10, 'tq': -391.0, 'dx': 46, 'dy': -122, 'dd': 1, 'da': 20.0, 'dp': 11.83, 'de': -0.06}, 'c': {'id': 42}, 'n': {}, 'i': 0}, {'id': '20230508_10', 'p': {'id': 9, 'tq': -168.0, 'dx': 1, 'dy': 54, 'dd': 2, 'da': 51.0, 'dp': 13.07, 'de': -0.01}, 'c': {'id': 46}, 'n': {}, 'i': 0}, {'id': '20230508_11', 'p': {'id': 13, 'tq': 47.0, 'dx': -2, 'dy': -3, 'dd': 1, 'da': 26.0, 'dp': 7.07, 'de': 0.16}, 'c': {'id': 47}, 'n': {}, 'i': 0}, {'id': '20230508_12', 'p': {'id': 11, 'tq': -315.0, 'dx': 97, 'dy': 55, 'dd': -1, 'da': -15.0, 'dp': 6.14, 'de': 0.59}, 'c': {'id': 49}, 'n': {}, 'i': 0}, {'id': '20230508_13', 'p': {'id': 12, 'tq': -348.0, 'dx': 95, 'dy': 48, 'dd': -2, 'da': -48.0, 'dp': -14.31, 'de': 0.63}, 'c': {'id': 50}, 'n': {}, 'i': 0}], current_date_string: 20230505, distance_threshold: 20
tq < 0
tq < 0
matched entry: {'id': '20230519_0', 'p': {'id': 2, 'tq': 32.0, 'dx': 0, 'dy': 1, 'dd': 1, 'da': 41.0, 'dp': 12.24, 'de': 0.1}, 'c': {'id': 1}, 'n': {'id': 1, 'dx': 0, 'dy': -3, 'dd': 0, 'da': -7.0, 'dp': -1.17, 'de': 0.01}, 'i': 5}, len(matching): 2
matched entry: {'id': '20230508_3', 'p': {'id': 3, 'tq': 9.0, 'dx': -8, 'dy': -7, 'dd': -2, 'da': -33.0, 'dp': -13.07, 'de': 0.41}, 'c': {'id': 6}, 'n': {}, 'i': 0}, len(matching): 3
tq < 0
matched entry: {'id': '20230519_24', 'p': {'id': 5, 'tq': 41.0, 'dx': -7, 'dy': -7, 'dd': -1, 'da': -16.0, 'dp': -1.41, 'de': 0.13}, 'c': {'id': 10}, 'n': {'id': 10, 'dx': 1, 'dy': 11, 'dd': 1, 'da': 14.0, 'dp': 1.41, 'de': 0.01}, 'i': 5}, len(matching): 5
matched entry: {'id': '20230512_23', 'p': {'id': 6, 'tq': 16.0, 'dx': -10, 'dy': 21, 'dd': 0, 'da': 1.0, 'dp': 1.17, 'de': 0.21}, 'c': {'id': 17}, 'n': {'id': 24, 'dx': 0, 'dy': -3, 'dd': 1, 'da': 32.0, 'dp': 7.41, 'de': -0.25}, 'i': 2}, len(matching): 6
matched entry: {'id': '20230508_7', 'p': {'id': 7, 'tq': 86.0, 'dx': 0, 'dy': 2, 'dd': 0, 'da': -3.0, 'dp': -3.41, 'de': 0.02}, 'c': {'id': 32}, 'n': {}, 'i': 0}, len(matching): 7
tq < 0
tq < 0
tq < 0
tq < 0
tq < 0
matched entry: {'id': '20230508_11', 'p': {'id': 13, 'tq': 47.0, 'dx': -2, 'dy': -3, 'dd': 1, 'da': 26.0, 'dp': 7.07, 'de': 0.16}, 'c': {'id': 47}, 'n': {}, 'i': 0}, len(matching): 13
i_dict: {0: 8, 1: 3, 3: 1, 6: 2}
tq_average: -193.1429, dx_average: 12.2143, dy_average: 14.9286, dd_average: -0.5, da_average: -14.0714, dp_average: -2.8229, de_average: -0.0793
average_tracking_quality: 39.4
@find_matching:
Returning:
Matching(lenght=14): [{'id': '20230505_0', 'p': {'id': 0, 'tq': 25.0, 'dx': 3, 'dy': 0, 'dd': -2, 'da': -42.0, 'dp': -10.24, 'de': -0.36}, 'c': {'id': 0}, 'n': {}, 'i': 0}, {'id': '20230505_1', 'p': {'id': 1, 'tq': 84.0, 'dx': 0, 'dy': 0, 'dd': -1, 'da': -10.0, 'dp': -3.41, 'de': -0.12}, 'c': {'id': 1}, 'n': {}, 'i': 0}, {'id': '20230519_0', 'p': {'id': 3, 'tq': 25.0, 'dx': 1, 'dy': -1, 'dd': -1, 'da': -44.0, 'dp': -15.66, 'de': -0.05}, 'c': {'id': 2}, 'n': {'id': 1, 'dx': 0, 'dy': 1, 'dd': 1, 'da': 41.0, 'dp': 12.24, 'de': 0.1}, 'i': 6}, {'id': '20230508_3', 'p': {'id': 2, 'tq': -146.0, 'dx': 25, 'dy': 46, 'dd': 2, 'da': 38.0, 'dp': 17.66, 'de': -0.44}, 'c': {'id': 3}, 'n': {'id': 6, 'dx': -8, 'dy': -7, 'dd': -2, 'da': -33.0, 'dp': -13.07, 'de': 0.41}, 'i': 1}, {'id': '20230505_4', 'p': {'id': 5, 'tq': -510.0, 'dx': 71, 'dy': -154, 'dd': 0, 'da': 11.0, 'dp': 2.0, 'de': -0.49}, 'c': {'id': 4}, 'n': {}, 'i': 0}, {'id': '20230519_24', 'p': {'id': 6, 'tq': -472.0, 'dx': -59, 'dy': -96, 'dd': 5, 'da': 114.0, 'dp': 30.35, 'de': -0.66}, 'c': {'id': 5}, 'n': {'id': 10, 'dx': -7, 'dy': -7, 'dd': -1, 'da': -16.0, 'dp': -1.41, 'de': 0.13}, 'i': 6}, {'id': '20230512_23', 'p': {'id': 4, 'tq': 44.0, 'dx': 3, 'dy': 5, 'dd': 1, 'da': 23.0, 'dp': 4.41, 'de': -0.17}, 'c': {'id': 6}, 'n': {'id': 17, 'dx': -10, 'dy': 21, 'dd': 0, 'da': 1.0, 'dp': 1.17, 'de': 0.21}, 'i': 3}, {'id': '20230508_7', 'p': {'id': 7, 'tq': -205.0, 'dx': 60, 'dy': -14, 'dd': -3, 'da': -58.0, 'dp': -14.62, 'de': -0.12}, 'c': {'id': 7}, 'n': {'id': 32, 'dx': 0, 'dy': 2, 'dd': 0, 'da': -3.0, 'dp': -3.41, 'de': 0.02}, 'i': 1}, {'id': '20230505_8', 'p': {'id': 10, 'tq': 19.0, 'dx': 3, 'dy': 5, 'dd': -1, 'da': -40.0, 'dp': -6.83, 'de': 0.17}, 'c': {'id': 8}, 'n': {}, 'i': 0}, {'id': '20230505_9', 'p': {'id': 8, 'tq': -604.0, 'dx': 94, 'dy': 172, 'dd': 1, 'da': 11.0, 'dp': 4.04, 'de': 0.13}, 'c': {'id': 9}, 'n': {}, 'i': 0}, {'id': '20230505_10', 'p': {'id': 9, 'tq': -629.0, 'dx': -47, 'dy': 190, 'dd': -2, 'da': -26.0, 'dp': -13.66, 'de': 0.64}, 'c': {'id': 10}, 'n': {}, 'i': 0}, {'id': '20230505_11', 'p': {'id': 11, 'tq': -234.0, 'dx': -10, 'dy': 55, 'dd': -3, 'da': -91.0, 'dp': -16.49, 'de': 0.05}, 'c': {'id': 11}, 'n': {}, 'i': 0}, {'id': '20230505_12', 'p': {'id': 12, 'tq': -92.0, 'dx': 18, 'dy': 21, 'dd': -2, 'da': -62.0, 'dp': -12.24, 'de': 0.07}, 'c': {'id': 12}, 'n': {}, 'i': 0}, {'id': '20230508_11', 'p': {'id': 13, 'tq': -9.0, 'dx': 9, 'dy': -20, 'dd': -1, 'da': -21.0, 'dp': -4.83, 'de': 0.24}, 'c': {'id': 13}, 'n': {'id': 47, 'dx': -2, 'dy': -3, 'dd': 1, 'da': 26.0, 'dp': 7.07, 'de': 0.16}, 'i': 1}]
Unmatched current(length=0): set()
Unmatched previous(length=0): set()
Distance threshold: 20



@plot_data: normalized_points: (14, 2), normalized_prev_points: (14, 2), current_points: (14, 2), prev_points: (14, 2), current_data: 14, prev_data: 14, matching: 14, unmatched_current: 0, unmatched_prev: 0, combined_distances: (14, 14), distance_threshold: 20, current_date_string: 20230505, previous_date_string: 20230503, filename: output/crop993/plots/20230503_20230505.png
Plots created
Plotted the normalized points
Drawing lines between the matched points
Plotting the unmatched points
Plotted the original points with diameter as size
Drawing lines between the matched points and add the indices to the plots with color coding
Setting the titles and labels
Done plotting

@process_image: output_dir: output/crop993/20230505, image_name: 20230505, date_string: 20230505
len(json_data) = 14 json_data entries
len(matching) = 14 matching entries, setting max_id_i to 14
crop_dir: output/crop993
nodules_dir: output/crop993/nodules-last-detected-on
Split image into left and right images: (705, 300, 3), (705, 300, 3)
Converted right image to HSV: (705, 300, 3)
Created mask to detect nodules: (705, 300)

Found 13 contours in mask, processing each contour...

@process_contour: max_id: 20230505_14
Moments: {'m00': 12.0, 'm10': 1597.6666666666665, 'm01': 8015.0, 'm20': 212724.66666666666, 'm11': 1067110.5833333333, 'm02': 5353363.666666666, 'm30': 28325413.900000002, 'm21': 142082984.0, 'm12': 712744082.3, 'm03': 3575616290.5, 'mu20': 13.101851851912215, 'mu11': 2.388888888992369, 'mu02': 11.583333333022892, 'mu30': -0.5912551507353783, 'mu21': -2.385802477811012, 'mu12': 0.7444445131504835, 'mu03': 1.4027786254882812, 'nu20': 0.09098508230494594, 'nu11': 0.01658950617355812, 'nu02': 0.08043981481265897, 'nu30': -0.001185282362627859, 'nu21': -0.004782790634713416, 'nu12': 0.0014923793057783734, 'nu03': 0.002812134086941362}
Centroid: 133, 667
Processing contour#1: area: 12.0 centroid: 133, 667 rectangle: (131, 666, 5, 5)
@find_dayJSON_match_for_contour: x: 131, y: 666, w: 5, h: 5, area: 12.0
Matched with JSON#13: (133, 667, 4, 71.0, 28.7279, 0.497777)
Match with input JSON(nodules) ID: 13
Matched contour: {'x': 133, 'y': 667, 'd': 4, 'a': 71.0, 'p': 28.7279, 'e': 0.497777, 'id': 13, 'tq': 100}
JSON_entry: 13
Matched with first_id: 13 second_id: 13 name: 20230508_11
entry_id:20230508_11, entry saved to results list
created dirs at nodule_detection_path: output/crop993/nodules-last-detected-on/2023-05-08/11/detection and nodule_images_original_path: output/crop993/nodules-last-detected-on/2023-05-08/11
Segmented nodule image saved as output/crop993/nodules-last-detected-on/2023-05-08/11/detection/2023-05-05.jpg
Original nodule image saved as output/crop993/nodules-last-detected-on/2023-05-08/11/2023-05-05.jpg


@process_contour: max_id: 20230505_15
Moments: {'m00': 20.5, 'm10': 2905.333333333333, 'm01': 13457.166666666666, 'm20': 411786.9166666666, 'm11': 1907199.2916666665, 'm02': 8833954.083333332, 'm30': 58369174.7, 'm21': 270316772.26666665, 'm12': 1251981537.0666666, 'm03': 5799070389.55, 'mu20': 32.68360433605267, 'mu11': 1.4922086719889194, 'mu02': 35.31775067560375, 'mu30': -4.263535805046558, 'mu21': -0.3900797432579566, 'mu12': 4.127835313842297, 'mu03': 0.33968448638916016, 'nu20': 0.07777181281630617, 'nu11': 0.0035507642403067685, 'nu02': 0.08403985883546401, 'nu30': -0.0022407079853708077, 'nu21': -0.00020500702600290534, 'nu12': 0.0021693903776002286, 'nu03': 0.00017852171905249447}
Centroid: 141, 656
Processing contour#2: area: 20.5 centroid: 141, 656 rectangle: (139, 654, 6, 6)
@find_dayJSON_match_for_contour: x: 139, y: 654, w: 6, h: 6, area: 20.5
Matched with JSON#12: (142, 656, 4, 61.0, 26.7279, 0.338368)
Match with input JSON(nodules) ID: 12
Matched contour: {'x': 142, 'y': 656, 'd': 4, 'a': 61.0, 'p': 26.7279, 'e': 0.338368, 'id': 12, 'tq': 100}
JSON_entry: 12
Matched with first_id: 12 second_id: 12 name: 20230505_12
entry_id:20230505_12, entry saved to results list
created dirs at nodule_detection_path: output/crop993/nodules-last-detected-on/2023-05-05/12/detection and nodule_images_original_path: output/crop993/nodules-last-detected-on/2023-05-05/12
Segmented nodule image saved as output/crop993/nodules-last-detected-on/2023-05-05/12/detection/2023-05-05.jpg
Original nodule image saved as output/crop993/nodules-last-detected-on/2023-05-05/12/2023-05-05.jpg


@process_contour: max_id: 20230505_16
Moments: {'m00': 17.5, 'm10': 2621.5, 'm01': 11351.333333333332, 'm20': 392721.25, 'm11': 1700433.125, 'm02': 7363047.083333333, 'm30': 58835803.650000006, 'm21': 254738721.9, 'm12': 1102988845.8, 'm03': 4776064135.7, 'mu20': 20.550000000046566, 'mu11': 3.391666666837409, 'mu02': 31.74365079496056, 'mu30': 3.619999997317791, 'mu21': 1.9947619190643309, 'mu12': -7.276349374092206, 'mu03': -4.72669792175293, 'nu20': 0.06710204081647858, 'nu11': 0.011074829932530315, 'nu02': 0.10365273728966712, 'nu30': 0.002825618000055283, 'nu21': 0.0015570262951683045, 'nu12': -0.005679608779381167, 'nu03': -0.0036894593200068717}
Centroid: 149, 648
Processing contour#3: area: 17.5 centroid: 149, 648 rectangle: (148, 646, 5, 6)
@find_dayJSON_match_for_contour: x: 148, y: 646, w: 5, h: 6, area: 17.5
Matched with JSON#11: (149, 648, 4, 65.0, 27.8995, 0.388583)
Match with input JSON(nodules) ID: 11
Matched contour: {'x': 149, 'y': 648, 'd': 4, 'a': 65.0, 'p': 27.8995, 'e': 0.388583, 'id': 11, 'tq': 100}
JSON_entry: 11
Matched with first_id: 11 second_id: 11 name: 20230505_11
entry_id:20230505_11, entry saved to results list
created dirs at nodule_detection_path: output/crop993/nodules-last-detected-on/2023-05-05/11/detection and nodule_images_original_path: output/crop993/nodules-last-detected-on/2023-05-05/11
Segmented nodule image saved as output/crop993/nodules-last-detected-on/2023-05-05/11/detection/2023-05-05.jpg
Original nodule image saved as output/crop993/nodules-last-detected-on/2023-05-05/11/2023-05-05.jpg


@process_contour: max_id: 20230505_17
Moments: {'m00': 8.5, 'm10': 2223.333333333333, 'm01': 4483.166666666666, 'm20': 581560.25, 'm11': 1172656.4583333333, 'm02': 2364568.75, 'm30': 152121055.70000002, 'm21': 306733490.1, 'm12': 618497748.4, 'm03': 1247154072.55, 'mu20': 6.001633987179957, 'mu11': 0.7066993466578424, 'mu02': 6.001633987296373, 'mu30': -0.35087794065475464, 'mu21': -0.4782071988502139, 'mu12': 0.4782069673510705, 'mu03': 0.3508775234222412, 'nu20': 0.08306759843847691, 'nu11': 0.009781305836094704, 'nu02': 0.08306759844008821, 'nu30': -0.001665745892872183, 'nu21': -0.0022702244431217736, 'nu12': 0.0022702233441106857, 'nu03': 0.0016657439121168687}
Centroid: 261, 527
Processing contour#4: area: 8.5 centroid: 261, 527 rectangle: (260, 526, 4, 4)
@find_dayJSON_match_for_contour: x: 260, y: 526, w: 4, h: 4, area: 8.5
Matched with JSON#9: (261, 527, 3, 32.0, 18.4853, 0.388704)
Match with input JSON(nodules) ID: 9
Matched contour: {'x': 261, 'y': 527, 'd': 3, 'a': 32.0, 'p': 18.4853, 'e': 0.388704, 'id': 9, 'tq': 100}
JSON_entry: 9
Matched with first_id: 9 second_id: 8 name: 20230505_9
entry_id:20230505_9, entry saved to results list
created dirs at nodule_detection_path: output/crop993/nodules-last-detected-on/2023-05-05/9/detection and nodule_images_original_path: output/crop993/nodules-last-detected-on/2023-05-05/9
Segmented nodule image saved as output/crop993/nodules-last-detected-on/2023-05-05/9/detection/2023-05-05.jpg
Original nodule image saved as output/crop993/nodules-last-detected-on/2023-05-05/9/2023-05-05.jpg


@process_contour: max_id: 20230505_18
Moments: {'m00': 13.5, 'm10': 3432.6666666666665, 'm01': 5365.166666666666, 'm20': 872853.75, 'm11': 1364207.125, 'm02': 2132233.25, 'm30': 221954176.3, 'm21': 346888090.6, 'm12': 542164451.4333333, 'm03': 847399591.5500001, 'mu20': 24.087448559701443, 'mu11': -2.4140946499537677, 'mu02': 10.038065844215453, 'mu30': 2.9027028381824493, 'mu21': -3.53411320302439, 'mu12': -0.32911413047941096, 'mu03': 1.161047339439392, 'nu20': 0.13216707028642766, 'nu11': -0.01324606117944454, 'nu02': 0.05507855058554432, 'nu30': 0.0043347909333793806, 'nu21': -0.0052777162265769525, 'nu12': -0.0004914870823437413, 'nu03': 0.001733865903882024}
Centroid: 254, 397
Processing contour#5: area: 13.5 centroid: 254, 397 rectangle: (252, 396, 6, 4)
@find_dayJSON_match_for_contour: x: 252, y: 396, w: 6, h: 4, area: 13.5
Matched with JSON#8: (254, 397, 4, 64.0, 28.1421, 0.560724)
Match with input JSON(nodules) ID: 8
Matched contour: {'x': 254, 'y': 397, 'd': 4, 'a': 64.0, 'p': 28.1421, 'e': 0.560724, 'id': 8, 'tq': 100}
JSON_entry: 8
Matched with first_id: 8 second_id: 10 name: 20230505_8
entry_id:20230505_8, entry saved to results list
created dirs at nodule_detection_path: output/crop993/nodules-last-detected-on/2023-05-05/8/detection and nodule_images_original_path: output/crop993/nodules-last-detected-on/2023-05-05/8
Segmented nodule image saved as output/crop993/nodules-last-detected-on/2023-05-05/8/detection/2023-05-05.jpg
Original nodule image saved as output/crop993/nodules-last-detected-on/2023-05-05/8/2023-05-05.jpg


@process_contour: max_id: 20230505_19
Moments: {'m00': 3.5, 'm10': 325.8333333333333, 'm01': 1120.3333333333333, 'm20': 30334.583333333332, 'm11': 104297.45833333333, 'm02': 358614.4166666666, 'm30': 2824200.95, 'm21': 9709911.066666666, 'm12': 33385140.9, 'm03': 114791440.2, 'mu20': 1.0515873015901889, 'mu11': -0.24007936507405248, 'mu02': 1.0515873015974648, 'mu30': -0.10347694624215364, 'mu21': 0.09255479914315856, 'mu12': 0.09255479861860749, 'mu03': -0.10347692668437958, 'nu20': 0.08584386135430112, 'nu11': -0.01959831551624918, 'nu02': 0.08584386135489508, 'nu30': -0.004515163618282965, 'nu21': 0.004038581316564171, 'nu12': 0.0040385812936756535, 'nu03': -0.004515162764889497}
Centroid: 93, 320
Processing contour#6: area: 3.5 centroid: 93, 320 rectangle: (92, 319, 3, 3)
@find_dayJSON_match_for_contour: x: 92, y: 319, w: 3, h: 3, area: 3.5
Matched with JSON#7: (93, 319, 2, 24.0, 17.8995, 0.614616)
Match with input JSON(nodules) ID: 7
Matched contour: {'x': 93, 'y': 319, 'd': 2, 'a': 24.0, 'p': 17.8995, 'e': 0.614616, 'id': 7, 'tq': 100}
JSON_entry: 7
Matched with first_id: 7 second_id: 7 name: 20230508_7
entry_id:20230508_7, entry saved to results list
created dirs at nodule_detection_path: output/crop993/nodules-last-detected-on/2023-05-08/7/detection and nodule_images_original_path: output/crop993/nodules-last-detected-on/2023-05-08/7
Segmented nodule image saved as output/crop993/nodules-last-detected-on/2023-05-08/7/detection/2023-05-05.jpg
Original nodule image saved as output/crop993/nodules-last-detected-on/2023-05-08/7/2023-05-05.jpg


@process_contour: max_id: 20230505_20
Moments: {'m00': 15.0, 'm10': 1926.8333333333333, 'm01': 3454.0, 'm20': 247529.66666666666, 'm11': 443687.8333333333, 'm02': 795362.8333333333, 'm30': 31800982.35, 'm21': 56998431.75, 'm12': 102169855.78333333, 'm03': 183155578.0, 'mu20': 17.2203703703708, 'mu11': 2.34444444446126, 'mu02': 21.76666666660458, 'mu30': -2.6026337407529354, 'mu21': -1.8082716008721036, 'mu12': 1.464444452596581, 'mu03': 5.302222281694412, 'nu20': 0.07653497942387023, 'nu11': 0.010419753086494489, 'nu02': 0.09674074074046479, 'nu30': -0.0029866539656929272, 'nu21': -0.00207508319869555, 'nu12': 0.0016805241411414502, 'nu03': 0.006084568472560696}
Centroid: 128, 230
Processing contour#7: area: 15.0 centroid: 128, 230 rectangle: (126, 228, 6, 6)
@find_dayJSON_match_for_contour: x: 126, y: 228, w: 6, h: 6, area: 15.0
Matched with JSON#6: (128, 230, 4, 64.0, 26.7279, 0.395942)
Match with input JSON(nodules) ID: 6
Matched contour: {'x': 128, 'y': 230, 'd': 4, 'a': 64.0, 'p': 26.7279, 'e': 0.395942, 'id': 6, 'tq': 100}
JSON_entry: 6
Matched with first_id: 6 second_id: 4 name: 20230512_23
entry_id:20230512_23, entry saved to results list
created dirs at nodule_detection_path: output/crop993/nodules-last-detected-on/2023-05-12/23/detection and nodule_images_original_path: output/crop993/nodules-last-detected-on/2023-05-12/23
Segmented nodule image saved as output/crop993/nodules-last-detected-on/2023-05-12/23/detection/2023-05-05.jpg
Original nodule image saved as output/crop993/nodules-last-detected-on/2023-05-12/23/2023-05-05.jpg


@process_contour: max_id: 20230505_21
Moments: {'m00': 29.5, 'm10': 6299.666666666666, 'm01': 5639.166666666666, 'm20': 1345356.4166666665, 'm11': 1204236.625, 'm02': 1078041.25, 'm30': 287330259.8, 'm21': 257177503.93333334, 'm12': 230215002.93333334, 'm03': 206102532.55, 'mu20': 75.05696798511781, 'mu11': 3.7342278722207993, 'mu02': 68.34510357840918, 'mu30': 0.7959409356117249, 'mu21': 8.732164493312666, 'mu12': -1.9406785742830834, 'mu03': -13.251746594905853, 'nu20': 0.08624759320323794, 'nu11': 0.004290982904017006, 'nu02': 0.07853502278472758, 'nu30': 0.0001683936851871066, 'nu21': 0.0018474252207656683, 'nu12': -0.00041058073817503305, 'nu03': -0.002803613113034384}
Centroid: 213, 191
Processing contour#8: area: 29.5 centroid: 213, 191 rectangle: (210, 188, 8, 7)
@find_dayJSON_match_for_contour: x: 210, y: 188, w: 8, h: 7, area: 29.5
Matched with JSON#5: (213, 191, 6, 121.0, 37.5563, 0.232144)
Match with input JSON(nodules) ID: 5
Matched contour: {'x': 213, 'y': 191, 'd': 6, 'a': 121.0, 'p': 37.5563, 'e': 0.232144, 'id': 5, 'tq': 100}
JSON_entry: 5
Matched with first_id: 5 second_id: 6 name: 20230519_24
entry_id:20230519_24, entry saved to results list
created dirs at nodule_detection_path: output/crop993/nodules-last-detected-on/2023-05-19/24/detection and nodule_images_original_path: output/crop993/nodules-last-detected-on/2023-05-19/24
Segmented nodule image saved as output/crop993/nodules-last-detected-on/2023-05-19/24/detection/2023-05-05.jpg
Original nodule image saved as output/crop993/nodules-last-detected-on/2023-05-19/24/2023-05-05.jpg


@process_contour: max_id: 20230505_22
Moments: {'m00': 9.5, 'm10': 2084.1666666666665, 'm01': 996.8333333333333, 'm20': 457243.25, 'm11': 218689.54166666666, 'm02': 104606.91666666666, 'm30': 100315532.05000001, 'm21': 47977708.31666666, 'm12': 22948930.683333334, 'm03': 10978352.450000001, 'mu20': 6.334795321687125, 'mu11': -1.7010233917681035, 'mu02': 9.369883040955756, 'mu30': 0.9187544882297516, 'mu21': 0.6735969812941676, 'mu12': -1.6899097184168568, 'mu03': 0.6758900173008442, 'nu20': 0.07019163791343073, 'nu11': -0.01884790461792912, 'nu02': 0.10382141873635185, 'nu30': 0.003302862243787185, 'nu21': 0.0024215370542921113, 'nu12': -0.006075114816715107, 'nu03': 0.0024297803686346505}
Centroid: 219, 104
Processing contour#9: area: 9.5 centroid: 219, 104 rectangle: (218, 103, 4, 5)
@find_dayJSON_match_for_contour: x: 218, y: 103, w: 4, h: 5, area: 9.5
Matched with JSON#4: (219, 105, 3, 43.0, 21.6569, 0.064135)
Match with input JSON(nodules) ID: 4
Matched contour: {'x': 219, 'y': 105, 'd': 3, 'a': 43.0, 'p': 21.6569, 'e': 0.064135, 'id': 4, 'tq': 100}
JSON_entry: 4
Matched with first_id: 4 second_id: 5 name: 20230505_4
entry_id:20230505_4, entry saved to results list
created dirs at nodule_detection_path: output/crop993/nodules-last-detected-on/2023-05-05/4/detection and nodule_images_original_path: output/crop993/nodules-last-detected-on/2023-05-05/4
Segmented nodule image saved as output/crop993/nodules-last-detected-on/2023-05-05/4/detection/2023-05-05.jpg
Original nodule image saved as output/crop993/nodules-last-detected-on/2023-05-05/4/2023-05-05.jpg


@process_contour: max_id: 20230505_23
Moments: {'m00': 9.0, 'm10': 1669.5, 'm01': 769.5, 'm20': 309699.0, 'm11': 142742.25, 'm02': 65799.0, 'm30': 57451668.75, 'm21': 26479264.5, 'm12': 12205714.5, 'm03': 5626968.75, 'mu20': 6.75, 'mu11': 0.0, 'mu02': 6.75, 'mu30': 0.0, 'mu21': 0.0, 'mu12': 0.0, 'mu03': 0.0, 'nu20': 0.08333333333333333, 'nu11': 0.0, 'nu02': 0.08333333333333333, 'nu30': 0.0, 'nu21': 0.0, 'nu12': 0.0, 'nu03': 0.0}
Centroid: 185, 85
Processing contour#10: area: 9.0 centroid: 185, 85 rectangle: (184, 84, 4, 4)
@find_dayJSON_match_for_contour: x: 184, y: 84, w: 4, h: 4, area: 9.0
Matched with JSON#3: (185, 85, 3, 43.0, 21.8995, 0.376576)
Match with input JSON(nodules) ID: 3
Matched contour: {'x': 185, 'y': 85, 'd': 3, 'a': 43.0, 'p': 21.8995, 'e': 0.376576, 'id': 3, 'tq': 100}
JSON_entry: 3
Matched with first_id: 3 second_id: 2 name: 20230508_3
entry_id:20230508_3, entry saved to results list
created dirs at nodule_detection_path: output/crop993/nodules-last-detected-on/2023-05-08/3/detection and nodule_images_original_path: output/crop993/nodules-last-detected-on/2023-05-08/3
Segmented nodule image saved as output/crop993/nodules-last-detected-on/2023-05-08/3/detection/2023-05-05.jpg
Original nodule image saved as output/crop993/nodules-last-detected-on/2023-05-08/3/2023-05-05.jpg


@process_contour: max_id: 20230505_24
Moments: {'m00': 31.0, 'm10': 2014.0, 'm01': 1404.8333333333333, 'm20': 130911.83333333333, 'm11': 91254.0, 'm02': 63756.33333333333, 'm30': 8513731.0, 'm21': 5930629.283333333, 'm12': 4140752.5833333335, 'm03': 2897709.35, 'mu20': 66.80107526881329, 'mu11': -14.849462365586078, 'mu02': 93.21415770609747, 'mu30': 4.965660771355033, 'mu21': 0.4588160478565442, 'mu12': -6.5551797894386254, 'mu03': 2.1567888390272856, 'nu20': 0.06951204502477969, 'nu11': -0.015452094032867925, 'nu02': 0.09699704235806186, 'nu30': 0.0009280530724263566, 'nu21': 8.575004667014133e-05, 'nu12': -0.0012251249177127315, 'nu03': 0.0004030912703865482}
Centroid: 64, 45
Processing contour#11: area: 31.0 centroid: 64, 45 rectangle: (62, 42, 7, 8)
@find_dayJSON_match_for_contour: x: 62, y: 42, w: 7, h: 8, area: 31.0
Matched with JSON#2: (65, 45, 5, 97.0, 34.3848, 0.756699)
Match with input JSON(nodules) ID: 2
Matched contour: {'x': 65, 'y': 45, 'd': 5, 'a': 97.0, 'p': 34.3848, 'e': 0.756699, 'id': 2, 'tq': 100}
JSON_entry: 2
Matched with first_id: 2 second_id: 3 name: 20230519_0
entry_id:20230519_0, entry saved to results list
created dirs at nodule_detection_path: output/crop993/nodules-last-detected-on/2023-05-19/0/detection and nodule_images_original_path: output/crop993/nodules-last-detected-on/2023-05-19/0
Segmented nodule image saved as output/crop993/nodules-last-detected-on/2023-05-19/0/detection/2023-05-05.jpg
Original nodule image saved as output/crop993/nodules-last-detected-on/2023-05-19/0/2023-05-05.jpg


@process_contour: max_id: 20230505_25
Moments: {'m00': 6.0, 'm10': 1320.6666666666665, 'm01': 193.5, 'm20': 290695.3333333333, 'm11': 42591.416666666664, 'm02': 6245.5, 'm30': 63986120.400000006, 'm21': 9374887.583333334, 'm12': 1374699.55, 'm03': 201747.75, 'mu20': 1.9259259259561077, 'mu11': -0.0833333333284827, 'mu02': 5.125, 'mu30': -0.25020575523376465, 'mu21': -0.23148148148902692, 'mu12': 0.9805555556022227, 'mu03': -0.1875, 'nu20': 0.05349794238766965, 'nu11': -0.002314814814680075, 'nu02': 0.1423611111111111, 'nu30': -0.0028373908844001156, 'nu21': -0.0026250533081093774, 'nu12': 0.011119725813318078, 'nu03': -0.0021262931794992865}
Centroid: 220, 32
Processing contour#12: area: 6.0 centroid: 220, 32 rectangle: (219, 30, 3, 5)
@find_dayJSON_match_for_contour: x: 219, y: 30, w: 3, h: 5, area: 6.0
Matched with JSON#1: (220, 31, 2, 28.0, 17.6569, 0.576403)
Match with input JSON(nodules) ID: 1
Matched contour: {'x': 220, 'y': 31, 'd': 2, 'a': 28.0, 'p': 17.6569, 'e': 0.576403, 'id': 1, 'tq': 100}
JSON_entry: 1
Matched with first_id: 1 second_id: 1 name: 20230505_1
entry_id:20230505_1, entry saved to results list
created dirs at nodule_detection_path: output/crop993/nodules-last-detected-on/2023-05-05/1/detection and nodule_images_original_path: output/crop993/nodules-last-detected-on/2023-05-05/1
Segmented nodule image saved as output/crop993/nodules-last-detected-on/2023-05-05/1/detection/2023-05-05.jpg
Original nodule image saved as output/crop993/nodules-last-detected-on/2023-05-05/1/2023-05-05.jpg


@process_contour: max_id: 20230505_26
Moments: {'m00': 2.0, 'm10': 323.3333333333333, 'm01': 61.33333333333333, 'm20': 52272.666666666664, 'm11': 9915.333333333332, 'm02': 1881.3333333333333, 'm30': 8450891.6, 'm21': 1602956.5333333332, 'm12': 304135.2, 'm03': 57721.600000000006, 'mu20': 0.4444444444452529, 'mu11': -0.22222222222262644, 'mu02': 0.44444444444457076, 'mu30': 0.1185185182839632, 'mu21': -0.05925925913227914, 'mu12': -0.05925925921845021, 'mu03': 0.1185185185240698, 'nu20': 0.11111111111131322, 'nu11': -0.05555555555565661, 'nu02': 0.11111111111114269, 'nu30': 0.02095131199369305, 'nu21': -0.010475655995131356, 'nu12': -0.010475656010364393, 'nu03': 0.020951312036138304}
Centroid: 161, 30
Processing contour#13: area: 2.0 centroid: 161, 30 rectangle: (161, 30, 4, 3)
@find_dayJSON_match_for_contour: x: 161, y: 30, w: 4, h: 3, area: 2.0
Matched with JSON#0: (162, 31, 3, 45.0, 23.3137, 0.289275)
Match with input JSON(nodules) ID: 0
Matched contour: {'x': 162, 'y': 31, 'd': 3, 'a': 45.0, 'p': 23.3137, 'e': 0.289275, 'id': 0, 'tq': 100}
JSON_entry: 0
Matched with first_id: 0 second_id: 0 name: 20230505_0
entry_id:20230505_0, entry saved to results list
created dirs at nodule_detection_path: output/crop993/nodules-last-detected-on/2023-05-05/0/detection and nodule_images_original_path: output/crop993/nodules-last-detected-on/2023-05-05/0
Segmented nodule image saved as output/crop993/nodules-last-detected-on/2023-05-05/0/detection/2023-05-05.jpg
Original nodule image saved as output/crop993/nodules-last-detected-on/2023-05-05/0/2023-05-05.jpg


Done analyzing contours, found 13 nodules.


results_entry: {'date': '20230505', 'json': 'output/crop993/20230505/20230505.json', 'log': 'output/crop993/20230505/crop993_20230505.log', 'image': 'data/crop993/20230505.jpg', 'plot': 'output/crop993/plots/20230503_20230505.png', 'match_stats': {'i_dict': {0: 8, 1: 3, 3: 1, 6: 2}, 'average_tracking_quality': 39.4, 'distance_threshold': 20, 'lengths': {'matching': 14, 'unmatched_current': 0, 'unmatched_previous': 0}, 'averages': {'tq': -193.1429, 'i': 1.2857, 'dx': 12.2143, 'dy': 14.9286, 'dd': -0.5, 'da': -14.0714, 'dp': -2.8229, 'de': -0.0793}}}
