Current memory usage: 8778.9140625 MB
@analyze_image: file_name: data/crop1014/20230424.jpg, output_dir: output/crop1014, external_logger: <Logger data_crop1014.log (DEBUG)>
Loaded image & JSON file: data/crop1014/20230424.jpg
Scaled JSON data: scalar_position: 0.5, scalar_size: 0.5

@find_prev_next_date: image_output_dir: output/crop1014/20230424
data_dir: data/crop1014
Previous date file: None, Next date file: data/crop1014/20230426.jpg


Loaded next_results from JSON file: 20230426, length: 14
Scaled JSON data: scalar_position: 0.5, scalar_size: 0.5

@process_image: output_dir: output/crop1014/20230424, image_name: 20230424, date_string: 20230424
len(json_data) = 25 json_data entries
len(matching) = 0 matching entries, setting max_id_i to 0
crop_dir: output/crop1014
nodules_dir: output/crop1014/nodules-last-detected-on
Split image into left and right images: (705, 300, 3), (705, 300, 3)
Converted right image to HSV: (705, 300, 3)
Created mask to detect nodules: (705, 300)

Found 24 contours in mask, processing each contour...

@process_contour: max_id: 20230424_0
Moments: {'m00': 1.0, 'm10': 293.0, 'm01': 703.6666666666666, 'm20': 85849.16666666666, 'm11': 206174.3333333333, 'm02': 495146.8333333333, 'm30': 25153903.5, 'm21': 60409196.96666667, 'm12': 145078022.16666666, 'm03': 348418399.90000004, 'mu20': 0.1666666666569654, 'mu11': 0.0, 'mu02': 0.05555555556202307, 'mu30': 7.450580596923828e-09, 'mu21': 0.022222233519045176, 'mu12': 1.1350493878126144e-08, 'mu03': -0.00740736722946167, 'nu20': 0.1666666666569654, 'nu11': 0.0, 'nu02': 0.05555555556202307, 'nu30': 7.450580596923828e-09, 'nu21': 0.022222233519045176, 'nu12': 1.1350493878126144e-08, 'nu03': -0.00740736722946167}
Centroid: 293, 703
Processing contour#1: area: 1.0 centroid: 293, 703 rectangle: (292, 703, 3, 2)
@find_dayJSON_match_for_contour: x: 292, y: 703, w: 3, h: 2, area: 1.0
Matched with JSON#24: (295, 703, 5, 82.0, 39.2782, 0.9345)
Match with input JSON(nodules) ID: 24
Matched contour: {'x': 295, 'y': 703, 'd': 5, 'a': 82.0, 'p': 39.2782, 'e': 0.9345, 'id': 24, 'tq': 100}
JSON_entry: 24
WARNING: match is empty
entry_id:20230424_0, entry saved to results list
WARNING: right_nodule_img.shape != (50, 50, 3) != (27, 32, 3)
@process_contour: max_id: 20230424_1
Moments: {'m00': 4.5, 'm10': 1340.3333333333333, 'm01': 3163.833333333333, 'm20': 399222.9166666666, 'm11': 942353.2083333333, 'm02': 2224410.75, 'm30': 118910566.2, 'm21': 280683039.23333335, 'm12': 662544286.0666666, 'm03': 1563927719.95, 'mu20': 2.151234567980282, 'mu11': -0.40895061718765646, 'mu02': 1.5586419757455587, 'mu30': -0.329263836145401, 'mu21': 0.3621628360988325, 'mu12': -0.05484701955197124, 'mu03': -0.1481943130493164, 'nu20': 0.10623380582618676, 'nu11': -0.020195092206797848, 'nu02': 0.07696997411089178, 'nu30': -0.007665010414416766, 'nu21': 0.008430873985160053, 'nu12': -0.0012767966898130049, 'nu03': -0.0034498503272577348}
Centroid: 297, 703
Processing contour#2: area: 4.5 centroid: 297, 703 rectangle: (296, 702, 4, 3)
@find_dayJSON_match_for_contour: x: 296, y: 702, w: 4, h: 3, area: 4.5
Closest match: {'x': 270, 'y': 703, 'd': 5, 'a': 100.0, 'p': 43.6924, 'e': 0.946429}
No input JSON(nodules) match, ID:20230424_1 area: 4.5 position: {'x': 296, 'y': 702}
Matched contour: None
JSON_entry: ERROR
WARNING: match is empty
entry_id:20230424_1, entry saved to results list
WARNING: right_nodule_img.shape != (50, 50, 3) != (27, 28, 3)
@process_contour: max_id: 20230424_2
Moments: {'m00': 10.0, 'm10': 2701.0, 'm01': 7032.5, 'm20': 729578.6666666666, 'm11': 1899479.0833333333, 'm02': 4945608.5, 'm30': 197080057.5, 'm21': 513076659.15, 'm12': 1335810028.0833333, 'm03': 3478003220.4500003, 'mu20': 38.56666666653473, 'mu11': 0.8333333332557231, 'mu02': 2.875, 'mu30': 25.920000076293945, 'mu21': 11.650000001391163, 'mu12': 0.14999999999997726, 'mu03': -0.8624997138977051, 'nu20': 0.3856666666653474, 'nu11': 0.008333333332557234, 'nu02': 0.028750000000000005, 'nu30': 0.08196623719282704, 'nu21': 0.03684053474536087, 'nu12': 0.0004743416490251851, 'nu03': -0.002727463577160332}
Centroid: 270, 703
Processing contour#3: area: 10.0 centroid: 270, 703 rectangle: (266, 702, 10, 3)
@find_dayJSON_match_for_contour: x: 266, y: 702, w: 10, h: 3, area: 10.0
Matched with JSON#23: (270, 703, 5, 100.0, 43.6924, 0.946429)
Match with input JSON(nodules) ID: 23
Matched contour: {'x': 270, 'y': 703, 'd': 5, 'a': 100.0, 'p': 43.6924, 'e': 0.946429, 'id': 23, 'tq': 100}
JSON_entry: 23
WARNING: match is empty
entry_id:20230424_2, entry saved to results list
WARNING: right_nodule_img.shape != (50, 50, 3) != (27, 50, 3)
@process_contour: max_id: 20230424_3
Moments: {'m00': 41.5, 'm10': 10105.333333333332, 'm01': 29172.833333333332, 'm20': 2462231.75, 'm11': 7103604.541666666, 'm02': 20507351.583333332, 'm30': 600314707.7, 'm21': 1730831566.4666667, 'm12': 4993526531.9, 'm03': 14415874581.650002, 'mu20': 1562.7914993311279, 'mu11': -38.954986612312496, 'mu02': 21.349732261151075, 'mu30': -4753.401907086372, 'mu21': 502.26082973810844, 'mu12': 9.519747014865061, 'mu03': -9.02505111694336, 'nu20': 0.9074126865037759, 'nu11': -0.02261865966747714, 'nu02': 0.012396418790042722, 'nu30': -0.4284343607581447, 'nu21': 0.04526985130415816, 'nu12': 0.0008580353200962475, 'nu03': -0.0008134473124043683}
Centroid: 243, 702
Processing contour#4: area: 41.5 centroid: 243, 702 rectangle: (228, 701, 27, 4)
@find_dayJSON_match_for_contour: x: 228, y: 701, w: 27, h: 4, area: 41.5
Matched with JSON#22: (241, 702, 10, 356.0, 117.799, 0.9888)
Match with input JSON(nodules) ID: 22
Matched contour: {'x': 241, 'y': 702, 'd': 10, 'a': 356.0, 'p': 117.799, 'e': 0.9888, 'id': 22, 'tq': 100}
JSON_entry: 22
WARNING: match is empty
entry_id:20230424_3, entry saved to results list
WARNING: right_nodule_img.shape != (50, 50, 3) != (28, 50, 3)
@process_contour: max_id: 20230424_4
Moments: {'m00': 4.5, 'm10': 1166.6666666666665, 'm01': 2394.833333333333, 'm20': 302472.25, 'm11': 620883.4583333333, 'm02': 1274496.0833333333, 'm30': 78420347.3, 'm21': 160971635.56666666, 'm12': 330425700.26666665, 'm03': 678269277.45, 'mu20': 3.114197530900128, 'mu11': 0.7422839506762102, 'mu02': 1.2623456793371588, 'mu30': 1.0494284182786942, 'mu21': 0.29906265226782125, 'mu12': -0.29220399226022664, 'mu03': -0.27988123893737793, 'nu20': 0.15378753239012977, 'nu11': 0.036655997564257296, 'nu02': 0.062338058238872035, 'nu30': 0.02442989138879793, 'nu21': 0.006961949939694183, 'nu12': -0.0068022855775139975, 'nu03': -0.006515421299737031}
Centroid: 259, 532
Processing contour#5: area: 4.5 centroid: 259, 532 rectangle: (258, 531, 4, 3)
@find_dayJSON_match_for_contour: x: 258, y: 531, w: 4, h: 3, area: 4.5
Matched with JSON#21: (259, 532, 2, 27.0, 16.4853, 0.408044)
Match with input JSON(nodules) ID: 21
Matched contour: {'x': 259, 'y': 532, 'd': 2, 'a': 27.0, 'p': 16.4853, 'e': 0.408044, 'id': 21, 'tq': 100}
JSON_entry: 21
WARNING: match is empty
entry_id:20230424_4, entry saved to results list
created dirs at nodule_detection_path: output/crop1014/nodules-last-detected-on/2023-04-24/4/detection and nodule_images_original_path: output/crop1014/nodules-last-detected-on/2023-04-24/4
Segmented nodule image saved as output/crop1014/nodules-last-detected-on/2023-04-24/4/detection/2023-04-24.jpg
Original nodule image saved as output/crop1014/nodules-last-detected-on/2023-04-24/4/2023-04-24.jpg


@process_contour: max_id: 20230424_5
Moments: {'m00': 3.0, 'm10': 90.0, 'm01': 1347.0, 'm20': 2700.833333333333, 'm11': 40410.416666666664, 'm02': 604803.8333333333, 'm30': 81075.0, 'm21': 1212699.1666666667, 'm12': 18144489.166666668, 'm03': 271557669.5, 'mu20': 0.8333333333330302, 'mu11': 0.41666666666424135, 'mu02': 0.8333333332557231, 'mu30': 2.9103830456733704e-11, 'mu21': 4.4656189857050776e-10, 'mu12': 6.05359673500061e-09, 'mu03': 1.1920928955078125e-07, 'nu20': 0.0925925925925589, 'nu11': 0.046296296296026815, 'nu02': 0.09259259258396924, 'nu30': 1.8670115942938257e-12, 'nu21': 2.8646959149945888e-11, 'nu12': 3.8833841161311575e-10, 'nu03': 7.64727949022751e-09}
Centroid: 30, 449
Processing contour#6: area: 3.0 centroid: 30, 449 rectangle: (29, 448, 3, 3)
@find_dayJSON_match_for_contour: x: 29, y: 448, w: 3, h: 3, area: 3.0
Matched with JSON#20: (29, 449, 1, 9.0, 7.6213, 0.617952)
Match with input JSON(nodules) ID: 20
Matched contour: {'x': 29, 'y': 449, 'd': 1, 'a': 9.0, 'p': 7.6213, 'e': 0.617952, 'id': 20, 'tq': 100}
JSON_entry: 20
WARNING: match is empty
entry_id:20230424_5, entry saved to results list
created dirs at nodule_detection_path: output/crop1014/nodules-last-detected-on/2023-04-24/5/detection and nodule_images_original_path: output/crop1014/nodules-last-detected-on/2023-04-24/5
Segmented nodule image saved as output/crop1014/nodules-last-detected-on/2023-04-24/5/detection/2023-04-24.jpg
Original nodule image saved as output/crop1014/nodules-last-detected-on/2023-04-24/5/2023-04-24.jpg


@process_contour: max_id: 20230424_6
Moments: {'m00': 6.5, 'm10': 231.83333333333331, 'm01': 2770.6666666666665, 'm20': 8272.75, 'm11': 98820.45833333333, 'm02': 1181017.5833333333, 'm30': 295347.95, 'm21': 3526313.6, 'm12': 42122972.9, 'm03': 503419006.3, 'mu20': 4.0277777777791925, 'mu11': 0.013888888890505768, 'mu02': 3.155982905998826, 'mu30': -0.7814814815646969, 'mu21': -0.10868945895799698, 'mu12': 0.5873219377050845, 'mu03': 0.26274383068084717, 'nu20': 0.09533201840897498, 'nu11': 0.00032873109800013656, 'nu02': 0.07469782026032726, 'nu30': -0.00725496463178842, 'nu21': -0.0010090298992237938, 'nu12': 0.005452464307909607, 'nu03': 0.0024392096854214994}
Centroid: 35, 426
Processing contour#7: area: 6.5 centroid: 35, 426 rectangle: (34, 425, 4, 4)
@find_dayJSON_match_for_contour: x: 34, y: 425, w: 4, h: 4, area: 6.5
Matched with JSON#19: (35, 426, 3, 33.0, 19.3137, 0.588829)
Match with input JSON(nodules) ID: 19
Matched contour: {'x': 35, 'y': 426, 'd': 3, 'a': 33.0, 'p': 19.3137, 'e': 0.588829, 'id': 19, 'tq': 100}
JSON_entry: 19
WARNING: match is empty
entry_id:20230424_6, entry saved to results list
created dirs at nodule_detection_path: output/crop1014/nodules-last-detected-on/2023-04-24/6/detection and nodule_images_original_path: output/crop1014/nodules-last-detected-on/2023-04-24/6
Segmented nodule image saved as output/crop1014/nodules-last-detected-on/2023-04-24/6/detection/2023-04-24.jpg
Original nodule image saved as output/crop1014/nodules-last-detected-on/2023-04-24/6/2023-04-24.jpg


@process_contour: max_id: 20230424_7
Moments: {'m00': 3.0, 'm10': 448.5, 'm01': 1273.5, 'm20': 67053.0, 'm11': 190388.25, 'm02': 540601.0, 'm30': 10025096.25, 'm21': 28463998.5, 'm12': 80819849.5, 'm03': 229485336.75, 'mu20': 2.25, 'mu11': 0.0, 'mu02': 0.25, 'mu30': 0.0, 'mu21': 0.0, 'mu12': 0.0, 'mu03': 0.0, 'nu20': 0.25, 'nu11': 0.0, 'nu02': 0.027777777777777776, 'nu30': 0.0, 'nu21': 0.0, 'nu12': 0.0, 'nu03': 0.0}
Centroid: 149, 424
Processing contour#8: area: 3.0 centroid: 149, 424 rectangle: (148, 424, 4, 2)
@find_dayJSON_match_for_contour: x: 148, y: 424, w: 4, h: 2, area: 3.0
Matched with JSON#18: (148, 424, 2, 15.0, 9.6569, 0.430923)
Match with input JSON(nodules) ID: 18
Matched contour: {'x': 148, 'y': 424, 'd': 2, 'a': 15.0, 'p': 9.6569, 'e': 0.430923, 'id': 18, 'tq': 100}
JSON_entry: 18
WARNING: match is empty
entry_id:20230424_7, entry saved to results list
created dirs at nodule_detection_path: output/crop1014/nodules-last-detected-on/2023-04-24/7/detection and nodule_images_original_path: output/crop1014/nodules-last-detected-on/2023-04-24/7
Segmented nodule image saved as output/crop1014/nodules-last-detected-on/2023-04-24/7/detection/2023-04-24.jpg
Original nodule image saved as output/crop1014/nodules-last-detected-on/2023-04-24/7/2023-04-24.jpg


@process_contour: max_id: 20230424_8
Moments: {'m00': 7.5, 'm10': 897.3333333333333, 'm01': 3107.1666666666665, 'm20': 107366.41666666666, 'm11': 371756.5416666666, 'm02': 1287269.25, 'm30': 12847102.700000001, 'm21': 44481027.1, 'm12': 154015702.4, 'm03': 533305179.55, 'mu20': 5.468518518522615, 'mu11': 1.3120370371034369, 'mu02': 4.624074074206874, 'mu30': -1.1297942362725735, 'mu21': -0.32069959778027624, 'mu12': 1.0086008087215532, 'mu03': 0.8616460561752319, 'nu20': 0.09721810699595759, 'nu11': 0.023325102881838877, 'nu02': 0.08220576131923331, 'nu30': -0.0073340893457281165, 'nu21': -0.0020818299719951527, 'nu12': 0.006547358986130346, 'nu03': 0.005593398299881933}
Centroid: 119, 414
Processing contour#9: area: 7.5 centroid: 119, 414 rectangle: (118, 413, 4, 4)
@find_dayJSON_match_for_contour: x: 118, y: 413, w: 4, h: 4, area: 7.5
Matched with JSON#17: (119, 414, 3, 36.0, 23.3137, 0.528098)
Match with input JSON(nodules) ID: 17
Matched contour: {'x': 119, 'y': 414, 'd': 3, 'a': 36.0, 'p': 23.3137, 'e': 0.528098, 'id': 17, 'tq': 100}
JSON_entry: 17
WARNING: match is empty
entry_id:20230424_8, entry saved to results list
created dirs at nodule_detection_path: output/crop1014/nodules-last-detected-on/2023-04-24/8/detection and nodule_images_original_path: output/crop1014/nodules-last-detected-on/2023-04-24/8
Segmented nodule image saved as output/crop1014/nodules-last-detected-on/2023-04-24/8/detection/2023-04-24.jpg
Original nodule image saved as output/crop1014/nodules-last-detected-on/2023-04-24/8/2023-04-24.jpg


@process_contour: max_id: 20230424_9
Moments: {'m00': 4.0, 'm10': 1024.0, 'm01': 1644.0, 'm20': 262145.3333333333, 'm11': 420864.0, 'm02': 675685.3333333333, 'm30': 67109888.0, 'm21': 107741732.0, 'm12': 172975445.33333334, 'm03': 277707768.0, 'mu20': 1.3333333333139308, 'mu11': 0.0, 'mu02': 1.3333333332557231, 'mu30': 1.4901161193847656e-08, 'mu21': 7.974449545145035e-09, 'mu12': 2.9802322387695312e-08, 'mu03': 1.1920928955078125e-07, 'nu20': 0.08333333333212067, 'nu11': 0.0, 'nu02': 0.0833333333284827, 'nu30': 4.656612873077393e-10, 'nu21': 2.4920154828578234e-10, 'nu12': 9.313225746154785e-10, 'nu03': 3.725290298461914e-09}
Centroid: 256, 411
Processing contour#10: area: 4.0 centroid: 256, 411 rectangle: (255, 410, 3, 3)
@find_dayJSON_match_for_contour: x: 255, y: 410, w: 3, h: 3, area: 4.0
Matched with JSON#16: (255, 411, 2, 14.0, 11.4142, 0.81654)
Match with input JSON(nodules) ID: 16
Matched contour: {'x': 255, 'y': 411, 'd': 2, 'a': 14.0, 'p': 11.4142, 'e': 0.81654, 'id': 16, 'tq': 100}
JSON_entry: 16
WARNING: match is empty
entry_id:20230424_9, entry saved to results list
created dirs at nodule_detection_path: output/crop1014/nodules-last-detected-on/2023-04-24/9/detection and nodule_images_original_path: output/crop1014/nodules-last-detected-on/2023-04-24/9
Segmented nodule image saved as output/crop1014/nodules-last-detected-on/2023-04-24/9/detection/2023-04-24.jpg
Original nodule image saved as output/crop1014/nodules-last-detected-on/2023-04-24/9/2023-04-24.jpg


@process_contour: max_id: 20230424_10
Moments: {'m00': 28.5, 'm10': 7215.666666666666, 'm01': 10952.666666666666, 'm20': 1826958.9166666665, 'm11': 2773009.875, 'm02': 4209206.916666666, 'm30': 462595951.8, 'm21': 702107586.0166667, 'm12': 1065692135.35, 'm03': 1617655644.3000002, 'mu20': 87.14668616000563, 'mu11': -0.36281676357612014, 'mu02': 52.28118908405304, 'mu30': 14.984632313251495, 'mu21': -20.72069424505753, 'mu12': -8.301659304494024, 'mu03': 11.803448915481567, 'nu20': 0.10729047234226609, 'nu11': -0.00044668114937041566, 'nu02': 0.06436588375999143, 'nu30': 0.0034556833527509823, 'nu21': -0.004778506183082386, 'nu12': -0.0019144884745273638, 'nu03': 0.002722054239943212}
Centroid: 253, 384
Processing contour#11: area: 28.5 centroid: 253, 384 rectangle: (250, 382, 8, 6)
@find_dayJSON_match_for_contour: x: 250, y: 382, w: 8, h: 6, area: 28.5
Matched with JSON#14: (253, 384, 6, 120.0, 38.1421, 0.337945)
Match with input JSON(nodules) ID: 14
Matched contour: {'x': 253, 'y': 384, 'd': 6, 'a': 120.0, 'p': 38.1421, 'e': 0.337945, 'id': 14, 'tq': 100}
JSON_entry: 14
WARNING: match is empty
entry_id:20230424_10, entry saved to results list
created dirs at nodule_detection_path: output/crop1014/nodules-last-detected-on/2023-04-24/10/detection and nodule_images_original_path: output/crop1014/nodules-last-detected-on/2023-04-24/10
Segmented nodule image saved as output/crop1014/nodules-last-detected-on/2023-04-24/10/detection/2023-04-24.jpg
Original nodule image saved as output/crop1014/nodules-last-detected-on/2023-04-24/10/2023-04-24.jpg


@process_contour: max_id: 20230424_11
Moments: {'m00': 5.0, 'm10': 1096.3333333333333, 'm01': 1915.0, 'm20': 240392.16666666666, 'm11': 419895.6666666666, 'm02': 733446.5, 'm30': 52711222.1, 'm21': 92070199.83333333, 'm12': 160820369.03333333, 'm03': 280911158.5, 'mu20': 2.8111111111356877, 'mu11': 0.0, 'mu02': 1.5, 'mu30': 0.2562962919473648, 'mu21': -3.7834979593753815e-09, 'mu12': -0.19999998211858383, 'mu03': 0.0, 'nu20': 0.11244444444542753, 'nu11': 0.0, 'nu02': 0.06000000000000001, 'nu30': 0.004584767449403518, 'nu21': -6.768126903916073e-11, 'nu12': -0.003577708444127167, 'nu03': 0.0}
Centroid: 219, 383
Processing contour#12: area: 5.0 centroid: 219, 383 rectangle: (218, 382, 4, 3)
@find_dayJSON_match_for_contour: x: 218, y: 382, w: 4, h: 3, area: 5.0
Matched with JSON#13: (219, 382, 3, 33.0, 19.0711, 0.491435)
Match with input JSON(nodules) ID: 13
Matched contour: {'x': 219, 'y': 382, 'd': 3, 'a': 33.0, 'p': 19.0711, 'e': 0.491435, 'id': 13, 'tq': 100}
JSON_entry: 13
WARNING: match is empty
entry_id:20230424_11, entry saved to results list
created dirs at nodule_detection_path: output/crop1014/nodules-last-detected-on/2023-04-24/11/detection and nodule_images_original_path: output/crop1014/nodules-last-detected-on/2023-04-24/11
Segmented nodule image saved as output/crop1014/nodules-last-detected-on/2023-04-24/11/detection/2023-04-24.jpg
Original nodule image saved as output/crop1014/nodules-last-detected-on/2023-04-24/11/2023-04-24.jpg


@process_contour: max_id: 20230424_12
Moments: {'m00': 4.0, 'm10': 272.0, 'm01': 1468.0, 'm20': 18497.333333333332, 'm11': 99824.0, 'm02': 538757.3333333333, 'm30': 1258000.0, 'm21': 6788521.333333333, 'm12': 36635498.666666664, 'm03': 197724920.0, 'mu20': 1.3333333333321207, 'mu11': 0.0, 'mu02': 1.3333333332557231, 'mu30': 2.3283064365386963e-10, 'mu21': 1.3460521586239338e-10, 'mu12': 2.7939677238464355e-09, 'mu03': 8.940696716308594e-08, 'nu20': 0.08333333333325754, 'nu11': 0.0, 'nu02': 0.0833333333284827, 'nu30': 7.275957614183426e-12, 'nu21': 4.206412995699793e-12, 'nu12': 8.731149137020111e-11, 'nu03': 2.7939677238464355e-09}
Centroid: 68, 367
Processing contour#13: area: 4.0 centroid: 68, 367 rectangle: (67, 366, 3, 3)
@find_dayJSON_match_for_contour: x: 67, y: 366, w: 3, h: 3, area: 4.0
Matched with JSON#12: (67, 367, 2, 20.0, 14.6569, 0.654145)
Match with input JSON(nodules) ID: 12
Matched contour: {'x': 67, 'y': 367, 'd': 2, 'a': 20.0, 'p': 14.6569, 'e': 0.654145, 'id': 12, 'tq': 100}
JSON_entry: 12
WARNING: match is empty
entry_id:20230424_12, entry saved to results list
created dirs at nodule_detection_path: output/crop1014/nodules-last-detected-on/2023-04-24/12/detection and nodule_images_original_path: output/crop1014/nodules-last-detected-on/2023-04-24/12
Segmented nodule image saved as output/crop1014/nodules-last-detected-on/2023-04-24/12/detection/2023-04-24.jpg
Original nodule image saved as output/crop1014/nodules-last-detected-on/2023-04-24/12/2023-04-24.jpg


@process_contour: max_id: 20230424_13
Moments: {'m00': 4.0, 'm10': 132.33333333333331, 'm01': 1328.6666666666665, 'm20': 4380.0, 'm11': 43957.33333333333, 'm02': 441340.0, 'm30': 145036.1, 'm21': 1454930.8, 'm12': 14601404.2, 'm03': 146599248.4, 'mu20': 1.972222222223536, 'mu11': 0.6111111111167702, 'mu02': 1.2222222223063, 'mu30': 0.6046296295826323, 'mu21': 0.3648148145372261, 'mu12': -0.11481481744461064, 'mu03': -0.22962966561317444, 'nu20': 0.123263888888971, 'nu11': 0.03819444444479814, 'nu02': 0.07638888889414375, 'nu30': 0.01889467592445726, 'nu21': 0.011400462954288315, 'nu12': -0.0035879630451440825, 'nu03': -0.007175927050411701}
Centroid: 33, 332
Processing contour#14: area: 4.0 centroid: 33, 332 rectangle: (32, 331, 4, 3)
@find_dayJSON_match_for_contour: x: 32, y: 331, w: 4, h: 3, area: 4.0
Matched with JSON#11: (33, 332, 2, 24.0, 17.4853, 0.478977)
Match with input JSON(nodules) ID: 11
Matched contour: {'x': 33, 'y': 332, 'd': 2, 'a': 24.0, 'p': 17.4853, 'e': 0.478977, 'id': 11, 'tq': 100}
JSON_entry: 11
WARNING: match is empty
entry_id:20230424_13, entry saved to results list
created dirs at nodule_detection_path: output/crop1014/nodules-last-detected-on/2023-04-24/13/detection and nodule_images_original_path: output/crop1014/nodules-last-detected-on/2023-04-24/13
Segmented nodule image saved as output/crop1014/nodules-last-detected-on/2023-04-24/13/detection/2023-04-24.jpg
Original nodule image saved as output/crop1014/nodules-last-detected-on/2023-04-24/13/2023-04-24.jpg


@process_contour: max_id: 20230424_14
Moments: {'m00': 12.0, 'm10': 2837.1666666666665, 'm01': 3704.0, 'm20': 670805.5, 'm11': 875736.5833333333, 'm02': 1143316.0, 'm30': 158604882.65, 'm21': 207054260.75, 'm12': 270313481.3833333, 'm03': 352912590.0, 'mu20': 12.6087962964084, 'mu11': -2.1944444443797693, 'mu02': 14.666666666744277, 'mu30': 3.4058513045310974, 'mu21': 0.7507715534111412, 'mu12': -0.9685184830027538, 'mu03': -2.888888895511627, 'nu20': 0.087561085391725, 'nu11': -0.015239197530415064, 'nu02': 0.1018518518523908, 'nu30': 0.006827670720454399, 'nu21': 0.0015050630502147077, 'nu12': -0.0019415778016554437, 'nu03': -0.00579132215792555}
Centroid: 236, 308
Processing contour#15: area: 12.0 centroid: 236, 308 rectangle: (234, 306, 6, 6)
@find_dayJSON_match_for_contour: x: 234, y: 306, w: 6, h: 6, area: 12.0
Matched with JSON#10: (236, 308, 3, 49.0, 23.3137, 0.268339)
Match with input JSON(nodules) ID: 10
Matched contour: {'x': 236, 'y': 308, 'd': 3, 'a': 49.0, 'p': 23.3137, 'e': 0.268339, 'id': 10, 'tq': 100}
JSON_entry: 10
WARNING: match is empty
entry_id:20230424_14, entry saved to results list
created dirs at nodule_detection_path: output/crop1014/nodules-last-detected-on/2023-04-24/14/detection and nodule_images_original_path: output/crop1014/nodules-last-detected-on/2023-04-24/14
Segmented nodule image saved as output/crop1014/nodules-last-detected-on/2023-04-24/14/detection/2023-04-24.jpg
Original nodule image saved as output/crop1014/nodules-last-detected-on/2023-04-24/14/2023-04-24.jpg


@process_contour: max_id: 20230424_15
Moments: {'m00': 3.0, 'm10': 237.0, 'm01': 888.0, 'm20': 18723.833333333332, 'm11': 70151.58333333333, 'm02': 262848.8333333333, 'm30': 1479314.5, 'm21': 5542188.833333333, 'm12': 20764811.166666668, 'm03': 77803748.0, 'mu20': 0.8333333333321207, 'mu11': -0.4166666666715173, 'mu02': 0.8333333333139308, 'mu30': 2.3283064365386963e-10, 'mu21': 6.693881005048752e-10, 'mu12': 4.016328603029251e-09, 'mu03': 1.4901161193847656e-08, 'nu20': 0.09259259259245785, 'nu11': -0.04629629629683525, 'nu02': 0.09259259259043674, 'nu30': 1.4936092754350605e-11, 'nu21': 4.294126666875799e-11, 'nu12': 2.5764760001254796e-10, 'nu03': 9.559099362784387e-10}
Centroid: 79, 296
Processing contour#16: area: 3.0 centroid: 79, 296 rectangle: (78, 295, 3, 3)
@find_dayJSON_match_for_contour: x: 78, y: 295, w: 3, h: 3, area: 3.0
Matched with JSON#9: (79, 295, 2, 13.0, 9.4142, 0.82495)
Match with input JSON(nodules) ID: 9
Matched contour: {'x': 79, 'y': 295, 'd': 2, 'a': 13.0, 'p': 9.4142, 'e': 0.82495, 'id': 9, 'tq': 100}
JSON_entry: 9
WARNING: match is empty
entry_id:20230424_15, entry saved to results list
created dirs at nodule_detection_path: output/crop1014/nodules-last-detected-on/2023-04-24/15/detection and nodule_images_original_path: output/crop1014/nodules-last-detected-on/2023-04-24/15
Segmented nodule image saved as output/crop1014/nodules-last-detected-on/2023-04-24/15/detection/2023-04-24.jpg
Original nodule image saved as output/crop1014/nodules-last-detected-on/2023-04-24/15/2023-04-24.jpg


@process_contour: max_id: 20230424_16
Moments: {'m00': 6.5, 'm10': 749.6666666666666, 'm01': 1814.5, 'm20': 86465.58333333333, 'm11': 209271.4583333333, 'm02': 506528.0833333333, 'm30': 9973293.8, 'm21': 24136997.466666665, 'm12': 58419083.43333333, 'm03': 141401178.15, 'mu20': 4.0277777777810115, 'mu11': -0.8750000000291038, 'mu02': 3.429487179382704, 'mu30': 0.7814814820885658, 'mu21': -0.8474358884873254, 'mu12': -0.32521366071887314, 'mu03': 0.7934911847114563, 'nu20': 0.09533201840901803, 'nu11': -0.020710059172286483, 'nu02': 0.08117129418657289, 'nu30': 0.007254964636651813, 'nu21': -0.007867259229705438, 'nu12': -0.0030191548513290446, 'nu03': 0.007366457960323301}
Centroid: 115, 279
Processing contour#17: area: 6.5 centroid: 115, 279 rectangle: (114, 278, 4, 4)
@find_dayJSON_match_for_contour: x: 114, y: 278, w: 4, h: 4, area: 6.5
Matched with JSON#8: (115, 279, 3, 40.0, 21.0711, 0.457727)
Match with input JSON(nodules) ID: 8
Matched contour: {'x': 115, 'y': 279, 'd': 3, 'a': 40.0, 'p': 21.0711, 'e': 0.457727, 'id': 8, 'tq': 100}
JSON_entry: 8
WARNING: match is empty
entry_id:20230424_16, entry saved to results list
created dirs at nodule_detection_path: output/crop1014/nodules-last-detected-on/2023-04-24/16/detection and nodule_images_original_path: output/crop1014/nodules-last-detected-on/2023-04-24/16
Segmented nodule image saved as output/crop1014/nodules-last-detected-on/2023-04-24/16/detection/2023-04-24.jpg
Original nodule image saved as output/crop1014/nodules-last-detected-on/2023-04-24/16/2023-04-24.jpg


@process_contour: max_id: 20230424_17
Moments: {'m00': 6.0, 'm10': 261.5, 'm01': 1586.0, 'm20': 11400.5, 'm11': 69123.66666666666, 'm02': 419235.3333333333, 'm30': 497172.75, 'm21': 3013575.9166666665, 'm12': 18271937.916666668, 'm03': 110819283.0, 'mu20': 3.4583333333339397, 'mu11': 0.5, 'mu02': 2.666666666686069, 'mu30': -0.4930555555620231, 'mu21': 0.16666666702383282, 'mu12': 0.30555556050484256, 'mu03': 0.111111119389534, 'nu20': 0.09606481481483166, 'nu11': 0.013888888888888888, 'nu02': 0.07407407407461303, 'nu30': -0.0055913635461640595, 'nu21': 0.0018900383858274899, 'nu12': 0.0034650704227174845, 'nu03': 0.001260025681730651}
Centroid: 43, 264
Processing contour#18: area: 6.0 centroid: 43, 264 rectangle: (42, 263, 4, 4)
@find_dayJSON_match_for_contour: x: 42, y: 263, w: 4, h: 4, area: 6.0
Matched with JSON#7: (43, 264, 2, 27.0, 17.8995, 0.694617)
Match with input JSON(nodules) ID: 7
Matched contour: {'x': 43, 'y': 264, 'd': 2, 'a': 27.0, 'p': 17.8995, 'e': 0.694617, 'id': 7, 'tq': 100}
JSON_entry: 7
WARNING: match is empty
entry_id:20230424_17, entry saved to results list
created dirs at nodule_detection_path: output/crop1014/nodules-last-detected-on/2023-04-24/17/detection and nodule_images_original_path: output/crop1014/nodules-last-detected-on/2023-04-24/17
Segmented nodule image saved as output/crop1014/nodules-last-detected-on/2023-04-24/17/detection/2023-04-24.jpg
Original nodule image saved as output/crop1014/nodules-last-detected-on/2023-04-24/17/2023-04-24.jpg


@process_contour: max_id: 20230424_18
Moments: {'m00': 1.0, 'm10': 206.5, 'm01': 250.5, 'm20': 42642.33333333333, 'm11': 51728.25, 'm02': 62750.33333333333, 'm30': 8805676.25, 'm21': 10681904.5, 'm12': 12957943.833333334, 'm03': 15719000.25, 'mu20': 0.0833333333284827, 'mu11': 0.0, 'mu02': 0.0833333333284827, 'mu30': 3.725290298461914e-09, 'mu21': 1.2150849215686321e-09, 'mu12': 1.622538547962904e-09, 'mu03': 3.725290298461914e-09, 'nu20': 0.0833333333284827, 'nu11': 0.0, 'nu02': 0.0833333333284827, 'nu30': 3.725290298461914e-09, 'nu21': 1.2150849215686321e-09, 'nu12': 1.622538547962904e-09, 'nu03': 3.725290298461914e-09}
Centroid: 206, 250
Processing contour#19: area: 1.0 centroid: 206, 250 rectangle: (206, 250, 2, 2)
@find_dayJSON_match_for_contour: x: 206, y: 250, w: 2, h: 2, area: 1.0
Matched with JSON#6: (206, 250, 1, 5.0, 3.0, 1.0)
Match with input JSON(nodules) ID: 6
Matched contour: {'x': 206, 'y': 250, 'd': 1, 'a': 5.0, 'p': 3.0, 'e': 1.0, 'id': 6, 'tq': 100}
JSON_entry: 6
WARNING: match is empty
entry_id:20230424_18, entry saved to results list
created dirs at nodule_detection_path: output/crop1014/nodules-last-detected-on/2023-04-24/18/detection and nodule_images_original_path: output/crop1014/nodules-last-detected-on/2023-04-24/18
Segmented nodule image saved as output/crop1014/nodules-last-detected-on/2023-04-24/18/detection/2023-04-24.jpg
Original nodule image saved as output/crop1014/nodules-last-detected-on/2023-04-24/18/2023-04-24.jpg


@process_contour: max_id: 20230424_19
Moments: {'m00': 1.0, 'm10': 27.5, 'm01': 250.5, 'm20': 756.3333333333333, 'm11': 6888.75, 'm02': 62750.33333333333, 'm30': 20803.75, 'm21': 189461.5, 'm12': 1725634.1666666667, 'm03': 15719000.25, 'mu20': 0.08333333333325754, 'mu11': 0.0, 'mu02': 0.0833333333284827, 'mu30': 7.275957614183426e-12, 'mu21': 1.8985701899509877e-11, 'mu12': 2.1100277081131935e-10, 'mu03': 3.725290298461914e-09, 'nu20': 0.08333333333325754, 'nu11': 0.0, 'nu02': 0.0833333333284827, 'nu30': 7.275957614183426e-12, 'nu21': 1.8985701899509877e-11, 'nu12': 2.1100277081131935e-10, 'nu03': 3.725290298461914e-09}
Centroid: 27, 250
Processing contour#20: area: 1.0 centroid: 27, 250 rectangle: (27, 250, 2, 2)
@find_dayJSON_match_for_contour: x: 27, y: 250, w: 2, h: 2, area: 1.0
Matched with JSON#5: (27, 250, 1, 4.0, 2.0, 1.0)
Match with input JSON(nodules) ID: 5
Matched contour: {'x': 27, 'y': 250, 'd': 1, 'a': 4.0, 'p': 2.0, 'e': 1.0, 'id': 5, 'tq': 100}
JSON_entry: 5
WARNING: match is empty
entry_id:20230424_19, entry saved to results list
created dirs at nodule_detection_path: output/crop1014/nodules-last-detected-on/2023-04-24/19/detection and nodule_images_original_path: output/crop1014/nodules-last-detected-on/2023-04-24/19
Segmented nodule image saved as output/crop1014/nodules-last-detected-on/2023-04-24/19/detection/2023-04-24.jpg
Original nodule image saved as output/crop1014/nodules-last-detected-on/2023-04-24/19/2023-04-24.jpg


@process_contour: max_id: 20230424_20
Moments: {'m00': 27.5, 'm10': 3450.1666666666665, 'm01': 6062.666666666666, 'm20': 432939.25, 'm11': 760628.125, 'm02': 1336625.75, 'm30': 54336710.050000004, 'm21': 95446622.43333334, 'm12': 167694883.6, 'm03': 294693862.3, 'mu20': 79.24898989906069, 'mu11': 2.290656565804966, 'mu02': 46.58232323266566, 'mu30': 4.104970909655094, 'mu21': -1.783412938908441, 'mu12': -3.0702816800749133, 'mu03': 0.24436473846435547, 'nu20': 0.10479205275908851, 'nu11': 0.0030289673597421033, 'nu02': 0.06159646047294632, 'nu30': 0.0010350905632522526, 'nu21': -0.00044969719495556584, 'nu12': -0.0007741880913448024, 'nu03': 6.161788727445853e-05}
Centroid: 125, 220
Processing contour#21: area: 27.5 centroid: 125, 220 rectangle: (122, 218, 8, 6)
@find_dayJSON_match_for_contour: x: 122, y: 218, w: 8, h: 6, area: 27.5
Matched with JSON#4: (125, 220, 5, 99.0, 34.9706, 0.466575)
Match with input JSON(nodules) ID: 4
Matched contour: {'x': 125, 'y': 220, 'd': 5, 'a': 99.0, 'p': 34.9706, 'e': 0.466575, 'id': 4, 'tq': 100}
JSON_entry: 4
WARNING: match is empty
entry_id:20230424_20, entry saved to results list
created dirs at nodule_detection_path: output/crop1014/nodules-last-detected-on/2023-04-24/20/detection and nodule_images_original_path: output/crop1014/nodules-last-detected-on/2023-04-24/20
Segmented nodule image saved as output/crop1014/nodules-last-detected-on/2023-04-24/20/detection/2023-04-24.jpg
Original nodule image saved as output/crop1014/nodules-last-detected-on/2023-04-24/20/2023-04-24.jpg


@process_contour: max_id: 20230424_21
Moments: {'m00': 28.5, 'm10': 5169.333333333333, 'm01': 2515.1666666666665, 'm20': 937705.5833333333, 'm11': 456196.2916666666, 'm02': 222016.41666666666, 'm30': 170114280.70000002, 'm21': 82752075.43333334, 'm12': 40268491.06666666, 'm03': 19601985.55, 'mu20': 91.29873294348363, 'mu11': -4.93250487325713, 'mu02': 49.28118908384931, 'mu30': 12.772113412618637, 'mu21': -23.8938071953271, 'mu12': -1.9536330350874778, 'mu03': 13.919791843742132, 'nu20': 0.11240225662478748, 'nu11': -0.006072643734388587, 'nu02': 0.06067243962308318, 'nu30': 0.002945442956274759, 'nu21': -0.005510274128362438, 'nu12': -0.00045053739161593433, 'nu03': 0.0032101149993276623}
Centroid: 181, 88
Processing contour#22: area: 28.5 centroid: 181, 88 rectangle: (178, 86, 8, 6)
@find_dayJSON_match_for_contour: x: 178, y: 86, w: 8, h: 6, area: 28.5
Matched with JSON#3: (181, 88, 5, 109.0, 36.9706, 0.237264)
Match with input JSON(nodules) ID: 3
Matched contour: {'x': 181, 'y': 88, 'd': 5, 'a': 109.0, 'p': 36.9706, 'e': 0.237264, 'id': 3, 'tq': 100}
JSON_entry: 3
WARNING: match is empty
entry_id:20230424_21, entry saved to results list
created dirs at nodule_detection_path: output/crop1014/nodules-last-detected-on/2023-04-24/21/detection and nodule_images_original_path: output/crop1014/nodules-last-detected-on/2023-04-24/21
Segmented nodule image saved as output/crop1014/nodules-last-detected-on/2023-04-24/21/detection/2023-04-24.jpg
Original nodule image saved as output/crop1014/nodules-last-detected-on/2023-04-24/21/2023-04-24.jpg


@process_contour: max_id: 20230424_22
Moments: {'m00': 6.0, 'm10': 453.0, 'm01': 432.0, 'm20': 34206.0, 'm11': 32616.0, 'm02': 31106.0, 'm30': 2583232.5, 'm21': 2462832.0, 'm12': 2348503.0, 'm03': 2239920.0, 'mu20': 4.5, 'mu11': 0.0, 'mu02': 2.0, 'mu30': 0.0, 'mu21': 0.0, 'mu12': 0.0, 'mu03': 0.0, 'nu20': 0.125, 'nu11': 0.0, 'nu02': 0.05555555555555555, 'nu30': 0.0, 'nu21': 0.0, 'nu12': 0.0, 'nu03': 0.0}
Centroid: 75, 72
Processing contour#23: area: 6.0 centroid: 75, 72 rectangle: (74, 71, 4, 3)
@find_dayJSON_match_for_contour: x: 74, y: 71, w: 4, h: 3, area: 6.0
Matched with JSON#2: (75, 72, 2, 22.0, 15.6569, 0.602024)
Match with input JSON(nodules) ID: 2
Matched contour: {'x': 75, 'y': 72, 'd': 2, 'a': 22.0, 'p': 15.6569, 'e': 0.602024, 'id': 2, 'tq': 100}
JSON_entry: 2
WARNING: match is empty
entry_id:20230424_22, entry saved to results list
created dirs at nodule_detection_path: output/crop1014/nodules-last-detected-on/2023-04-24/22/detection and nodule_images_original_path: output/crop1014/nodules-last-detected-on/2023-04-24/22
Segmented nodule image saved as output/crop1014/nodules-last-detected-on/2023-04-24/22/detection/2023-04-24.jpg
Original nodule image saved as output/crop1014/nodules-last-detected-on/2023-04-24/22/2023-04-24.jpg


@process_contour: max_id: 20230424_23
Moments: {'m00': 4.0, 'm10': 229.5, 'm01': 202.83333333333331, 'm20': 13170.166666666666, 'm11': 11637.25, 'm02': 10286.166666666666, 'm30': 755937.75, 'm21': 667801.0333333333, 'm12': 590137.0, 'm03': 521678.35000000003, 'mu20': 2.6041666666660603, 'mu11': -0.312499999998181, 'mu02': 0.8263888888905058, 'mu30': 0.6093750001164153, 'mu21': -0.30868055564897645, 'mu12': -0.11979166683704534, 'mu03': 0.1723379628965631, 'nu20': 0.16276041666662877, 'nu11': -0.019531249999886313, 'nu02': 0.05164930555565661, 'nu30': 0.01904296875363798, 'nu21': -0.009646267364030514, 'nu12': -0.003743489588657667, 'nu03': 0.005385561340517597}
Centroid: 57, 50
Processing contour#24: area: 4.0 centroid: 57, 50 rectangle: (56, 50, 4, 3)
@find_dayJSON_match_for_contour: x: 56, y: 50, w: 4, h: 3, area: 4.0
Matched with JSON#1: (58, 50, 2, 23.0, 17.8995, 0.510747)
Match with input JSON(nodules) ID: 1
Matched contour: {'x': 58, 'y': 50, 'd': 2, 'a': 23.0, 'p': 17.8995, 'e': 0.510747, 'id': 1, 'tq': 100}
JSON_entry: 1
WARNING: match is empty
entry_id:20230424_23, entry saved to results list
created dirs at nodule_detection_path: output/crop1014/nodules-last-detected-on/2023-04-24/23/detection and nodule_images_original_path: output/crop1014/nodules-last-detected-on/2023-04-24/23
Segmented nodule image saved as output/crop1014/nodules-last-detected-on/2023-04-24/23/detection/2023-04-24.jpg
Original nodule image saved as output/crop1014/nodules-last-detected-on/2023-04-24/23/2023-04-24.jpg


Done analyzing contours, found 24 nodules.


results_entry: {'date': '20230424', 'json': 'output/crop1014/20230424/20230424.json', 'log': 'output/crop1014/20230424/crop1014_20230424.log', 'image': 'data/crop1014/20230424.jpg', 'plot': None, 'match_stats': {}}
