@post_process: subdir: output\crop1000\nodules-last-detected-on\2023-04-26
@generate_gif: path:output\crop1000\nodules-last-detected-on\2023-04-26\10, output_name:o.gif
len_jpg_files: 1
@generate_gif: path:output\crop1000\nodules-last-detected-on\2023-04-26\10\detection, output_name:d.gif
len_jpg_files: 1
nodules_dir: output\crop1000\nodules-last-detected-on\2023-04-26\10 has 1 entries
nodules_dir: output\crop1000\nodules-last-detected-on\2023-04-26\10 has less than 2 entries, skipping
@generate_gif: path:output\crop1000\nodules-last-detected-on\2023-04-26\15, output_name:o.gif
len_jpg_files: 1
@generate_gif: path:output\crop1000\nodules-last-detected-on\2023-04-26\15\detection, output_name:d.gif
len_jpg_files: 1
nodules_dir: output\crop1000\nodules-last-detected-on\2023-04-26\15 has 1 entries
nodules_dir: output\crop1000\nodules-last-detected-on\2023-04-26\15 has less than 2 entries, skipping
@generate_gif: path:output\crop1000\nodules-last-detected-on\2023-04-26\17, output_name:o.gif
len_jpg_files: 1
@generate_gif: path:output\crop1000\nodules-last-detected-on\2023-04-26\17\detection, output_name:d.gif
len_jpg_files: 1
nodules_dir: output\crop1000\nodules-last-detected-on\2023-04-26\17 has 1 entries
nodules_dir: output\crop1000\nodules-last-detected-on\2023-04-26\17 has less than 2 entries, skipping
@generate_gif: path:output\crop1000\nodules-last-detected-on\2023-04-26\18, output_name:o.gif
len_jpg_files: 1
@generate_gif: path:output\crop1000\nodules-last-detected-on\2023-04-26\18\detection, output_name:d.gif
len_jpg_files: 1
nodules_dir: output\crop1000\nodules-last-detected-on\2023-04-26\18 has 1 entries
nodules_dir: output\crop1000\nodules-last-detected-on\2023-04-26\18 has less than 2 entries, skipping
@generate_gif: path:output\crop1000\nodules-last-detected-on\2023-04-26\2, output_name:o.gif
len_jpg_files: 1
@generate_gif: path:output\crop1000\nodules-last-detected-on\2023-04-26\2\detection, output_name:d.gif
len_jpg_files: 1
nodules_dir: output\crop1000\nodules-last-detected-on\2023-04-26\2 has 1 entries
nodules_dir: output\crop1000\nodules-last-detected-on\2023-04-26\2 has less than 2 entries, skipping
@generate_gif: path:output\crop1000\nodules-last-detected-on\2023-04-26\4, output_name:o.gif
len_jpg_files: 1
@generate_gif: path:output\crop1000\nodules-last-detected-on\2023-04-26\4\detection, output_name:d.gif
len_jpg_files: 1
nodules_dir: output\crop1000\nodules-last-detected-on\2023-04-26\4 has 1 entries
nodules_dir: output\crop1000\nodules-last-detected-on\2023-04-26\4 has less than 2 entries, skipping
@generate_gif: path:output\crop1000\nodules-last-detected-on\2023-04-26\5, output_name:o.gif
len_jpg_files: 1
@generate_gif: path:output\crop1000\nodules-last-detected-on\2023-04-26\5\detection, output_name:d.gif
len_jpg_files: 1
nodules_dir: output\crop1000\nodules-last-detected-on\2023-04-26\5 has 1 entries
nodules_dir: output\crop1000\nodules-last-detected-on\2023-04-26\5 has less than 2 entries, skipping
@generate_gif: path:output\crop1000\nodules-last-detected-on\2023-04-26\6, output_name:o.gif
len_jpg_files: 1
@generate_gif: path:output\crop1000\nodules-last-detected-on\2023-04-26\6\detection, output_name:d.gif
len_jpg_files: 1
nodules_dir: output\crop1000\nodules-last-detected-on\2023-04-26\6 has 1 entries
nodules_dir: output\crop1000\nodules-last-detected-on\2023-04-26\6 has less than 2 entries, skipping
@generate_gif: path:output\crop1000\nodules-last-detected-on\2023-04-26\7, output_name:o.gif
len_jpg_files: 1
@generate_gif: path:output\crop1000\nodules-last-detected-on\2023-04-26\7\detection, output_name:d.gif
len_jpg_files: 1
nodules_dir: output\crop1000\nodules-last-detected-on\2023-04-26\7 has 1 entries
nodules_dir: output\crop1000\nodules-last-detected-on\2023-04-26\7 has less than 2 entries, skipping
@generate_gif: path:output\crop1000\nodules-last-detected-on\2023-04-26\8, output_name:o.gif
len_jpg_files: 1
@generate_gif: path:output\crop1000\nodules-last-detected-on\2023-04-26\8\detection, output_name:d.gif
len_jpg_files: 1
nodules_dir: output\crop1000\nodules-last-detected-on\2023-04-26\8 has 1 entries
nodules_dir: output\crop1000\nodules-last-detected-on\2023-04-26\8 has less than 2 entries, skipping
@generate_gif: path:output\crop1000\nodules-last-detected-on\2023-04-26\9, output_name:o.gif
len_jpg_files: 1
@generate_gif: path:output\crop1000\nodules-last-detected-on\2023-04-26\9\detection, output_name:d.gif
len_jpg_files: 1
nodules_dir: output\crop1000\nodules-last-detected-on\2023-04-26\9 has 1 entries
nodules_dir: output\crop1000\nodules-last-detected-on\2023-04-26\9 has less than 2 entries, skipping
@post_process: output\crop1000\nodules-last-detected-on\2023-04-26, 11 nodules, took 0.61s
