Current memory usage: 3698.6875 MB
@analyze_image: file_name: data/crop993/20230426.jpg, output_dir: output/crop993, external_logger: <Logger data_crop993.log (DEBUG)>
Loaded image & JSON file: data/crop993/20230426.jpg
Scaled JSON data: scalar_position: 0.5, scalar_size: 0.5

@find_prev_next_date: image_output_dir: output/crop993/20230426
data_dir: data/crop993
Previous date file: data/crop993/20230424.jpg, Next date file: data/crop993/20230501.json


Loaded prev_results from JSON file: 20230424, length: 24
Scaled JSON data: scalar_position: 0.5, scalar_size: 0.5
Loaded next_results from JSON file: 20230501, length: 25
Scaled JSON data: scalar_position: 0.5, scalar_size: 0.5
prev_results is not empty, generating matching
Current memory usage: 3699.90234375 MB
current_date:20230426, generating Matching: 20230424_20230426_matching.json
spatial_distances: (16, 24), attribute_distances: (16, 24)
combined_distances: (16, 24)
Current memory usage: 3699.90234375 MB

@find_matching: combined_distances: (16, 24), next_matching: [{'id': '20230503_2', 'p': {'id': 0, 'tq': 51.0, 'dx': -3, 'dy': 0, 'dd': 2, 'da': 23.0, 'dp': 11.69, 'de': -0.22}, 'c': {'id': 0}, 'n': {'id': 2, 'dx': 0, 'dy': 8, 'dd': -2, 'da': -30.0, 'dp': -17.69, 'de': 0.11}, 'i': 1}, {'id': '20230519_0', 'p': {'id': 2, 'tq': 21.0, 'dx': 1, 'dy': -2, 'dd': 1, 'da': 46.0, 'dp': 10.73, 'de': -0.02}, 'c': {'id': 1}, 'n': {'id': 3, 'dx': 0, 'dy': 0, 'dd': 1, 'da': 29.0, 'dp': 10.83, 'de': 0.14}, 'i': 8}, {'id': '20230501_2', 'p': {'id': 5, 'tq': -438.0, 'dx': -143, 'dy': -28, 'dd': 1, 'da': 14.0, 'dp': 12.0, 'de': 0.24}, 'c': {'id': 2}, 'n': {}, 'i': 0}, {'id': '20230501_3', 'p': {'id': 4, 'tq': 67.0, 'dx': 2, 'dy': 2, 'dd': 0, 'da': -15.0, 'dp': -2.59, 'de': 0.01}, 'c': {'id': 3}, 'n': {}, 'i': 0}, {'id': '20230501_4', 'p': {'id': 1, 'tq': -220.0, 'dx': -63, 'dy': 37, 'dd': -1, 'da': -42.0, 'dp': -8.24, 'de': -0.04}, 'c': {'id': 4}, 'n': {}, 'i': 0}, {'id': '20230501_5', 'p': {'id': 3, 'tq': -83.0, 'dx': -34, 'dy': 35, 'dd': 0, 'da': -3.0, 'dp': -7.31, 'de': -0.61}, 'c': {'id': 5}, 'n': {}, 'i': 0}, {'id': '20230512_23', 'p': {'id': 7, 'tq': 71.0, 'dx': 1, 'dy': 3, 'dd': 0, 'da': -12.0, 'dp': -2.59, 'de': 0.02}, 'c': {'id': 8}, 'n': {'id': 4, 'dx': -3, 'dy': -2, 'dd': -2, 'da': -56.0, 'dp': -12.07, 'de': 0.09}, 'i': 5}, {'id': '20230501_7', 'p': {'id': 6, 'tq': -137.0, 'dx': -34, 'dy': 42, 'dd': -2, 'da': -29.0, 'dp': -13.86, 'de': 0.35}, 'c': {'id': 10}, 'n': {}, 'i': 0}, {'id': '20230501_8', 'p': {'id': 8, 'tq': 43.0, 'dx': 0, 'dy': 4, 'dd': 1, 'da': 28.0, 'dp': 6.59, 'de': -0.27}, 'c': {'id': 13}, 'n': {}, 'i': 0}, {'id': '20230501_9', 'p': {'id': 9, 'tq': -46.0, 'dx': 1, 'dy': -24, 'dd': -2, 'da': -38.0, 'dp': -16.49, 'de': -0.06}, 'c': {'id': 16}, 'n': {}, 'i': 0}, {'id': '20230501_10', 'p': {'id': 10, 'tq': -45.0, 'dx': -21, 'dy': 22, 'dd': 2, 'da': 23.0, 'dp': 11.21, 'de': 0.07}, 'c': {'id': 18}, 'n': {}, 'i': 0}, {'id': '20230505_8', 'p': {'id': 11, 'tq': 47.0, 'dx': 0, 'dy': 5, 'dd': 1, 'da': 23.0, 'dp': 4.24, 'de': 0.14}, 'c': {'id': 19}, 'n': {'id': 10, 'dx': -2, 'dy': -4, 'dd': -1, 'da': -29.0, 'dp': -5.41, 'de': -0.15}, 'i': 2}, {'id': '20230501_12', 'p': {'id': 12, 'tq': 55.0, 'dx': 1, 'dy': 3, 'dd': -1, 'da': -22.0, 'dp': -4.24, 'de': -0.24}, 'c': {'id': 20}, 'n': {}, 'i': 0}, {'id': '20230501_13', 'p': {'id': 13, 'tq': -386.0, 'dx': -20, 'dy': -127, 'dd': 1, 'da': 22.0, 'dp': 9.41, 'de': 0.38}, 'c': {'id': 22}, 'n': {}, 'i': 0}, {'id': '20230501_14', 'p': {'id': 14, 'tq': -400.0, 'dx': -73, 'dy': -119, 'dd': 0, 'da': -7.0, 'dp': -2.83, 'de': -0.15}, 'c': {'id': 23}, 'n': {}, 'i': 0}, {'id': '20230501_15', 'p': {'id': 15, 'tq': -681.0, 'dx': 194, 'dy': 58, 'dd': 1, 'da': 47.0, 'dp': 10.49, 'de': 0.15}, 'c': {'id': 24}, 'n': {}, 'i': 0}], current_date_string: 20230426, distance_threshold: 20
matched entry: {'id': '20230503_2', 'p': {'id': 0, 'tq': 51.0, 'dx': -3, 'dy': 0, 'dd': 2, 'da': 23.0, 'dp': 11.69, 'de': -0.22}, 'c': {'id': 0}, 'n': {'id': 2, 'dx': 0, 'dy': 8, 'dd': -2, 'da': -30.0, 'dp': -17.69, 'de': 0.11}, 'i': 1}, len(matching): 0
tq < 0
matched entry: {'id': '20230519_0', 'p': {'id': 2, 'tq': 21.0, 'dx': 1, 'dy': -2, 'dd': 1, 'da': 46.0, 'dp': 10.73, 'de': -0.02}, 'c': {'id': 1}, 'n': {'id': 3, 'dx': 0, 'dy': 0, 'dd': 1, 'da': 29.0, 'dp': 10.83, 'de': 0.14}, 'i': 8}, len(matching): 2
tq < 0
matched entry: {'id': '20230501_3', 'p': {'id': 4, 'tq': 67.0, 'dx': 2, 'dy': 2, 'dd': 0, 'da': -15.0, 'dp': -2.59, 'de': 0.01}, 'c': {'id': 3}, 'n': {}, 'i': 0}, len(matching): 4
tq < 0
tq < 0
matched entry: {'id': '20230512_23', 'p': {'id': 7, 'tq': 71.0, 'dx': 1, 'dy': 3, 'dd': 0, 'da': -12.0, 'dp': -2.59, 'de': 0.02}, 'c': {'id': 8}, 'n': {'id': 4, 'dx': -3, 'dy': -2, 'dd': -2, 'da': -56.0, 'dp': -12.07, 'de': 0.09}, 'i': 5}, len(matching): 7
matched entry: {'id': '20230501_8', 'p': {'id': 8, 'tq': 43.0, 'dx': 0, 'dy': 4, 'dd': 1, 'da': 28.0, 'dp': 6.59, 'de': -0.27}, 'c': {'id': 13}, 'n': {}, 'i': 0}, len(matching): 8
tq < 0
tq < 0
matched entry: {'id': '20230505_8', 'p': {'id': 11, 'tq': 47.0, 'dx': 0, 'dy': 5, 'dd': 1, 'da': 23.0, 'dp': 4.24, 'de': 0.14}, 'c': {'id': 19}, 'n': {'id': 10, 'dx': -2, 'dy': -4, 'dd': -1, 'da': -29.0, 'dp': -5.41, 'de': -0.15}, 'i': 2}, len(matching): 11
matched entry: {'id': '20230501_12', 'p': {'id': 12, 'tq': 55.0, 'dx': 1, 'dy': 3, 'dd': -1, 'da': -22.0, 'dp': -4.24, 'de': -0.24}, 'c': {'id': 20}, 'n': {}, 'i': 0}, len(matching): 12
tq < 0
tq < 0
tq < 0
i_dict: {0: 9, 1: 3, 2: 1, 3: 1, 6: 1, 9: 1}
tq_average: -151.6875, dx_average: 17.125, dy_average: -33.0625, dd_average: 0.125, da_average: 10.125, dp_average: 0.5413, de_average: 0.1125
average_tracking_quality: 54.1429
@find_matching:
Returning:
Matching(lenght=16): [{'id': '20230503_2', 'p': {'id': 2, 'tq': -255.0, 'dx': 95, 'dy': -21, 'dd': -1, 'da': -8.0, 'dp': -5.24, 'de': 0.4}, 'c': {'id': 0}, 'n': {'id': 0, 'dx': -3, 'dy': 0, 'dd': 2, 'da': 23.0, 'dp': 11.69, 'de': -0.22}, 'i': 2}, {'id': '20230426_1', 'p': {'id': 1, 'tq': -84.0, 'dx': 44, 'dy': -5, 'dd': 0, 'da': 19.0, 'dp': 3.66, 'de': -0.07}, 'c': {'id': 1}, 'n': {}, 'i': 0}, {'id': '20230519_0', 'p': {'id': 0, 'tq': 45.0, 'dx': -2, 'dy': 4, 'dd': -1, 'da': -24.0, 'dp': -10.73, 'de': -0.14}, 'c': {'id': 2}, 'n': {'id': 1, 'dx': 1, 'dy': -2, 'dd': 1, 'da': 46.0, 'dp': 10.73, 'de': -0.02}, 'i': 9}, {'id': '20230426_3', 'p': {'id': 4, 'tq': -685.0, 'dx': 127, 'dy': -150, 'dd': 2, 'da': 63.0, 'dp': 15.9, 'de': 0.61}, 'c': {'id': 3}, 'n': {}, 'i': 0}, {'id': '20230501_3', 'p': {'id': 3, 'tq': -66.0, 'dx': 6, 'dy': -4, 'dd': 2, 'da': 93.0, 'dp': 13.66, 'de': 0.32}, 'c': {'id': 4}, 'n': {'id': 3, 'dx': 2, 'dy': 2, 'dd': 0, 'da': -15.0, 'dp': -2.59, 'de': 0.01}, 'i': 1}, {'id': '20230426_5', 'p': {'id': 8, 'tq': -609.0, 'dx': -61, 'dy': -183, 'dd': -1, 'da': -18.0, 'dp': -14.07, 'de': 0.04}, 'c': {'id': 5}, 'n': {}, 'i': 0}, {'id': '20230426_6', 'p': {'id': 5, 'tq': 27.0, 'dx': 0, 'dy': 0, 'dd': -2, 'da': -47.0, 'dp': -12.24, 'de': 0.17}, 'c': {'id': 6}, 'n': {}, 'i': 0}, {'id': '20230512_23', 'p': {'id': 6, 'tq': 70.0, 'dx': 6, 'dy': -4, 'dd': 0, 'da': 3.0, 'dp': 1.41, 'de': -0.06}, 'c': {'id': 7}, 'n': {'id': 8, 'dx': 1, 'dy': 3, 'dd': 0, 'da': -12.0, 'dp': -2.59, 'de': 0.02}, 'i': 6}, {'id': '20230501_8', 'p': {'id': 14, 'tq': -73.0, 'dx': 6, 'dy': -26, 'dd': 3, 'da': 50.0, 'dp': 18.11, 'de': -0.25}, 'c': {'id': 8}, 'n': {'id': 13, 'dx': 0, 'dy': 4, 'dd': 1, 'da': 28.0, 'dp': 6.59, 'de': -0.27}, 'i': 1}, {'id': '20230426_9', 'p': {'id': 15, 'tq': 93.0, 'dx': 1, 'dy': 1, 'dd': 0, 'da': -1.0, 'dp': 0.83, 'de': -0.03}, 'c': {'id': 9}, 'n': {}, 'i': 0}, {'id': '20230426_10', 'p': {'id': 16, 'tq': 12.0, 'dx': 0, 'dy': 0, 'dd': -3, 'da': -55.0, 'dp': -20.52, 'de': 0.25}, 'c': {'id': 10}, 'n': {}, 'i': 0}, {'id': '20230505_8', 'p': {'id': 17, 'tq': 37.0, 'dx': 4, 'dy': -3, 'dd': -1, 'da': -30.0, 'dp': -5.66, 'de': 0.19}, 'c': {'id': 11}, 'n': {'id': 19, 'dx': 0, 'dy': 5, 'dd': 1, 'da': 23.0, 'dp': 4.24, 'de': 0.14}, 'i': 3}, {'id': '20230501_12', 'p': {'id': 18, 'tq': 95.0, 'dx': 1, 'dy': 0, 'dd': 0, 'da': -1.0, 'dp': 0.24, 'de': 0.11}, 'c': {'id': 12}, 'n': {'id': 20, 'dx': 1, 'dy': 3, 'dd': -1, 'da': -22.0, 'dp': -4.24, 'de': -0.24}, 'i': 1}, {'id': '20230426_13', 'p': {'id': 22, 'tq': -380.0, 'dx': 23, 'dy': -133, 'dd': 0, 'da': -5.0, 'dp': -1.41, 'de': -0.01}, 'c': {'id': 13}, 'n': {}, 'i': 0}, {'id': '20230426_14', 'p': {'id': 21, 'tq': -248.0, 'dx': 53, 'dy': 62, 'dd': -1, 'da': -41.0, 'dp': -6.59, 'de': 0.29}, 'c': {'id': 14}, 'n': {}, 'i': 0}, {'id': '20230426_15', 'p': {'id': 23, 'tq': -406.0, 'dx': -29, 'dy': -67, 'dd': 5, 'da': 164.0, 'dp': 31.31, 'de': -0.02}, 'c': {'id': 15}, 'n': {}, 'i': 0}]
Unmatched current(length=0): set()
Unmatched previous(length=8): {7, 9, 10, 11, 12, 13, 19, 20}
Distance threshold: 20



@plot_data: normalized_points: (16, 2), normalized_prev_points: (24, 2), current_points: (16, 2), prev_points: (24, 2), current_data: 16, prev_data: 24, matching: 16, unmatched_current: 0, unmatched_prev: 8, combined_distances: (16, 24), distance_threshold: 20, current_date_string: 20230426, previous_date_string: 20230424, filename: output/crop993/plots/20230424_20230426.png
Plots created
Plotted the normalized points
Drawing lines between the matched points
Plotting the unmatched points
Plotted the original points with diameter as size
Drawing lines between the matched points and add the indices to the plots with color coding
Setting the titles and labels
Done plotting

@process_image: output_dir: output/crop993/20230426, image_name: 20230426, date_string: 20230426
len(json_data) = 16 json_data entries
len(matching) = 16 matching entries, setting max_id_i to 16
crop_dir: output/crop993
nodules_dir: output/crop993/nodules-last-detected-on
Split image into left and right images: (705, 300, 3), (705, 300, 3)
Converted right image to HSV: (705, 300, 3)
Created mask to detect nodules: (705, 300)

Found 17 contours in mask, processing each contour...

@process_contour: max_id: 20230426_16
Moments: {'m00': 52.0, 'm10': 4330.5, 'm01': 32595.0, 'm20': 360858.1666666666, 'm11': 2714459.5, 'm02': 20431643.666666664, 'm30': 30088376.25, 'm21': 226193176.75, 'm12': 1701505519.9166667, 'm03': 12807380299.5, 'mu20': 219.12339743581833, 'mu11': -14.490384615492076, 'mu02': 220.10897435620427, 'mu30': 27.81740016117692, 'mu21': -24.043823936604895, 'mu12': -23.743466162090044, 'mu03': 26.056957244873047, 'nu20': 0.08103675940673756, 'nu11': -0.005358870050108017, 'nu02': 0.08140124791279744, 'nu30': 0.001426619575432744, 'nu21': -0.0012330911478956729, 'nu12': -0.0012176872539920894, 'nu03': 0.0013363349941534289}
Centroid: 83, 626
Processing contour#1: area: 52.0 centroid: 83, 626 rectangle: (79, 623, 10, 9)
@find_dayJSON_match_for_contour: x: 79, y: 623, w: 10, h: 9, area: 52.0
Matched with JSON#15: (83, 626, 7, 192.0, 49.2132, 0.483371)
Match with input JSON(nodules) ID: 15
Matched contour: {'x': 83, 'y': 626, 'd': 7, 'a': 192.0, 'p': 49.2132, 'e': 0.483371, 'id': 15, 'tq': 100}
JSON_entry: 15
Matched with first_id: 15 second_id: 23 name: 20230426_15
entry_id:20230426_15, entry saved to results list
created dirs at nodule_detection_path: output/crop993/nodules-last-detected-on/2023-04-26/15/detection and nodule_images_original_path: output/crop993/nodules-last-detected-on/2023-04-26/15
Segmented nodule image saved as output/crop993/nodules-last-detected-on/2023-04-26/15/detection/2023-04-26.jpg
Original nodule image saved as output/crop993/nodules-last-detected-on/2023-04-26/15/2023-04-26.jpg


@process_contour: max_id: 20230426_17
Moments: {'m00': 15.0, 'm10': 3037.0, 'm01': 8872.333333333332, 'm20': 614910.8333333333, 'm11': 1796352.6666666665, 'm02': 5247906.5, 'm30': 124506871.5, 'm21': 363713286.7, 'm12': 1062527212.8333334, 'm03': 3104101950.1000004, 'mu20': 19.56666666653473, 'mu11': 0.911111111054197, 'mu02': 19.914814815856516, 'mu30': 1.5822222828865051, 'mu21': -7.813333188889374, 'mu12': -1.024197452080898, 'mu03': 6.638847351074219, 'nu20': 0.08696296296237657, 'nu11': 0.004049382715796431, 'nu02': 0.08851028807047341, 'nu30': 0.0018156801634422858, 'nu21': -0.008966195353759476, 'nu12': -0.0011753184222629295, 'nu03': 0.00761841340110331}
Centroid: 202, 591
Processing contour#2: area: 15.0 centroid: 202, 591 rectangle: (200, 589, 6, 6)
@find_dayJSON_match_for_contour: x: 200, y: 589, w: 6, h: 6, area: 15.0
Matched with JSON#14: (202, 591, 4, 62.0, 28.1421, 0.422423)
Match with input JSON(nodules) ID: 14
Matched contour: {'x': 202, 'y': 591, 'd': 4, 'a': 62.0, 'p': 28.1421, 'e': 0.422423, 'id': 14, 'tq': 100}
JSON_entry: 14
Matched with first_id: 14 second_id: 21 name: 20230426_14
entry_id:20230426_14, entry saved to results list
created dirs at nodule_detection_path: output/crop993/nodules-last-detected-on/2023-04-26/14/detection and nodule_images_original_path: output/crop993/nodules-last-detected-on/2023-04-26/14
Segmented nodule image saved as output/crop993/nodules-last-detected-on/2023-04-26/14/detection/2023-04-26.jpg
Original nodule image saved as output/crop993/nodules-last-detected-on/2023-04-26/14/2023-04-26.jpg


@process_contour: max_id: 20230426_18
Moments: {'m00': 20.5, 'm10': 5345.666666666666, 'm01': 11431.833333333332, 'm20': 1393998.25, 'm11': 2981015.458333333, 'm02': 6374996.083333333, 'm30': 363525535.8, 'm21': 777364877.9, 'm12': 1662373459.9333334, 'm03': 3555052141.9500003, 'mu20': 39.61043360456824, 'mu11': 2.26863143639639, 'mu02': 29.577913279645145, 'mu30': 0.8358141183853149, 'mu21': 3.9656960137690476, 'mu12': -0.166105882044576, 'mu03': -3.653383255004883, 'nu20': 0.0942544523606621, 'nu11': 0.00539829015204376, 'nu02': 0.07038170917226685, 'nu30': 0.0004392634318057956, 'nu21': 0.002084177812014047, 'nu12': -8.729720901459123e-05, 'nu03': -0.0019200413477048401}
Centroid: 260, 557
Processing contour#3: area: 20.5 centroid: 260, 557 rectangle: (258, 555, 7, 6)
@find_dayJSON_match_for_contour: x: 258, y: 555, w: 7, h: 6, area: 20.5
Matched with JSON#13: (260, 557, 4, 69.0, 28.7279, 0.498387)
Match with input JSON(nodules) ID: 13
Matched contour: {'x': 260, 'y': 557, 'd': 4, 'a': 69.0, 'p': 28.7279, 'e': 0.498387, 'id': 13, 'tq': 100}
JSON_entry: 13
Matched with first_id: 13 second_id: 22 name: 20230426_13
entry_id:20230426_13, entry saved to results list
created dirs at nodule_detection_path: output/crop993/nodules-last-detected-on/2023-04-26/13/detection and nodule_images_original_path: output/crop993/nodules-last-detected-on/2023-04-26/13
Segmented nodule image saved as output/crop993/nodules-last-detected-on/2023-04-26/13/detection/2023-04-26.jpg
Original nodule image saved as output/crop993/nodules-last-detected-on/2023-04-26/13/2023-04-26.jpg


@process_contour: max_id: 20230426_19
Moments: {'m00': 22.0, 'm10': 4926.0, 'm01': 8953.166666666666, 'm20': 1103029.6666666665, 'm11': 2004698.25, 'm02': 3643629.1666666665, 'm30': 247002327.0, 'm21': 448892573.21666664, 'm12': 815844005.0833334, 'm03': 1482843033.65, 'mu20': 53.484848484629765, 'mu11': 2.840909091057256, 'mu02': 29.468434343580157, 'mu30': 5.603305906057358, 'mu21': 8.099357234670606, 'mu12': -1.5196281567805272, 'mu03': -6.0001184940338135, 'nu20': 0.11050588529882183, 'nu11': 0.005869646882349702, 'nu02': 0.06088519492475239, 'nu30': 0.0024682413907666356, 'nu21': 0.003567745381098697, 'nu12': -0.0006693921727681081, 'nu03': -0.0026430362833606523}
Centroid: 223, 406
Processing contour#4: area: 22.0 centroid: 223, 406 rectangle: (221, 404, 7, 6)
@find_dayJSON_match_for_contour: x: 221, y: 404, w: 7, h: 6, area: 22.0
Matched with JSON#12: (223, 407, 5, 91.0, 32.9706, 0.479251)
Match with input JSON(nodules) ID: 12
Matched contour: {'x': 223, 'y': 407, 'd': 5, 'a': 91.0, 'p': 32.9706, 'e': 0.479251, 'id': 12, 'tq': 100}
JSON_entry: 12
Matched with first_id: 12 second_id: 18 name: 20230501_12
entry_id:20230501_12, entry saved to results list
created dirs at nodule_detection_path: output/crop993/nodules-last-detected-on/2023-05-01/12/detection and nodule_images_original_path: output/crop993/nodules-last-detected-on/2023-05-01/12
Segmented nodule image saved as output/crop993/nodules-last-detected-on/2023-05-01/12/detection/2023-04-26.jpg
Original nodule image saved as output/crop993/nodules-last-detected-on/2023-05-01/12/2023-04-26.jpg


@process_contour: max_id: 20230426_20
Moments: {'m00': 32.0, 'm10': 8120.0, 'm01': 12514.5, 'm20': 2060541.3333333333, 'm11': 3175553.5, 'm02': 4894222.833333333, 'm30': 522908710.0, 'm21': 805832203.0833334, 'm12': 1241908359.0833333, 'm03': 1914082643.25, 'mu20': 91.33333333325572, 'mu11': -0.875, 'mu02': 75.63802083302289, 'mu30': -4.999999940395355, 'mu21': 6.020833403425058, 'mu12': -0.48828125069849193, 'mu03': -6.492919445037842, 'nu20': 0.08919270833325754, 'nu11': -0.0008544921875, 'nu02': 0.07386525471974892, 'nu30': -0.0008631674472133519, 'nu21': 0.0010393974921768406, 'nu12': -8.429369714237118e-05, 'nu03': -0.0011208953538291635}
Centroid: 253, 391
Processing contour#5: area: 32.0 centroid: 253, 391 rectangle: (250, 388, 8, 7)
@find_dayJSON_match_for_contour: x: 250, y: 388, w: 8, h: 7, area: 32.0
Matched with JSON#11: (253, 391, 5, 110.0, 36.1421, 0.399153)
Match with input JSON(nodules) ID: 11
Matched contour: {'x': 253, 'y': 391, 'd': 5, 'a': 110.0, 'p': 36.1421, 'e': 0.399153, 'id': 11, 'tq': 100}
JSON_entry: 11
Matched with first_id: 11 second_id: 17 name: 20230505_8
entry_id:20230505_8, entry saved to results list
created dirs at nodule_detection_path: output/crop993/nodules-last-detected-on/2023-05-05/8/detection and nodule_images_original_path: output/crop993/nodules-last-detected-on/2023-05-05/8
Segmented nodule image saved as output/crop993/nodules-last-detected-on/2023-05-05/8/detection/2023-04-26.jpg
Original nodule image saved as output/crop993/nodules-last-detected-on/2023-05-05/8/2023-04-26.jpg


@process_contour: max_id: 20230426_21
Moments: {'m00': 0.5, 'm10': 68.83333333333333, 'm01': 183.33333333333331, 'm20': 9476.083333333332, 'm11': 25238.875, 'm02': 67222.25, 'm30': 1304548.4500000002, 'm21': 3474560.0666666664, 'm12': 9254252.9, 'm03': 24648178.700000003, 'mu20': 0.027777777777373558, 'mu11': -0.01388888888322981, 'mu02': 0.027777777795563452, 'mu30': -0.003703703172504902, 'mu21': 0.001851851251560177, 'mu12': 0.0018518492239918416, 'mu03': -0.003703709691762924, 'nu20': 0.11111111110949423, 'nu11': -0.05555555553291924, 'nu02': 0.11111111118225381, 'nu30': -0.020951309030242764, 'nu21': 0.01047565262181597, 'nu12': 0.010475641152157416, 'nu03': -0.020951345908735212}
Centroid: 137, 366
Processing contour#6: area: 0.5 centroid: 137, 366 rectangle: (137, 366, 2, 2)
@find_dayJSON_match_for_contour: x: 137, y: 366, w: 2, h: 2, area: 0.5
Matched with JSON#10: (137, 366, 1, 9.0, 7.6213, 0.617952)
Match with input JSON(nodules) ID: 10
Matched contour: {'x': 137, 'y': 366, 'd': 1, 'a': 9.0, 'p': 7.6213, 'e': 0.617952, 'id': 10, 'tq': 100}
JSON_entry: 10
Matched with first_id: 10 second_id: 16 name: 20230426_10
entry_id:20230426_10, entry saved to results list
created dirs at nodule_detection_path: output/crop993/nodules-last-detected-on/2023-04-26/10/detection and nodule_images_original_path: output/crop993/nodules-last-detected-on/2023-04-26/10
Segmented nodule image saved as output/crop993/nodules-last-detected-on/2023-04-26/10/detection/2023-04-26.jpg
Original nodule image saved as output/crop993/nodules-last-detected-on/2023-04-26/10/2023-04-26.jpg


@process_contour: max_id: 20230426_22
Moments: {'m00': 9.0, 'm10': 2121.6666666666665, 'm01': 3204.0, 'm20': 500169.5, 'm11': 755313.3333333333, 'm02': 1140632.5, 'm30': 117913262.9, 'm21': 178060342.0, 'm12': 268893553.46666664, 'm03': 406071222.0, 'mu20': 6.228395061858464, 'mu11': 0.0, 'mu02': 8.5, 'mu30': -2.0988569259643555, 'mu21': 8.149072527885437e-09, 'mu12': 3.0037037156248516, 'mu03': 0.0, 'nu20': 0.0768937661957835, 'nu11': 0.0, 'nu02': 0.10493827160493827, 'nu30': -0.008637271300264836, 'nu21': 3.353527789253266e-11, 'nu12': 0.012360920640431487, 'nu03': 0.0}
Centroid: 235, 356
Processing contour#7: area: 9.0 centroid: 235, 356 rectangle: (234, 354, 4, 5)
@find_dayJSON_match_for_contour: x: 234, y: 354, w: 4, h: 5, area: 9.0
Matched with JSON#9: (235, 356, 3, 45.0, 23.3137, 0.436179)
Match with input JSON(nodules) ID: 9
Matched contour: {'x': 235, 'y': 356, 'd': 3, 'a': 45.0, 'p': 23.3137, 'e': 0.436179, 'id': 9, 'tq': 100}
JSON_entry: 9
Matched with first_id: 9 second_id: 15 name: 20230426_9
entry_id:20230426_9, entry saved to results list
created dirs at nodule_detection_path: output/crop993/nodules-last-detected-on/2023-04-26/9/detection and nodule_images_original_path: output/crop993/nodules-last-detected-on/2023-04-26/9
Segmented nodule image saved as output/crop993/nodules-last-detected-on/2023-04-26/9/detection/2023-04-26.jpg
Original nodule image saved as output/crop993/nodules-last-detected-on/2023-04-26/9/2023-04-26.jpg


@process_contour: max_id: 20230426_23
Moments: {'m00': 14.0, 'm10': 2733.1666666666665, 'm01': 4453.0, 'm20': 533601.1666666666, 'm11': 869340.5833333333, 'm02': 1416389.3333333333, 'm30': 104178953.65, 'm21': 169722645.58333334, 'm12': 276515251.21666664, 'm03': 450523957.5, 'mu20': 15.450396825443022, 'mu11': -1.642857142840512, 'mu02': 17.261904761893675, 'mu30': -1.9962112605571747, 'mu21': 1.6717687251593816, 'mu12': 2.5307256583478193, 'mu03': -2.2040815949440002, 'nu20': 0.07882855523185214, 'nu11': -0.008381924198165877, 'nu02': 0.08807094266272282, 'nu30': -0.002721989288857534, 'nu21': 0.002279586661614524, 'nu12': 0.00345084123668202, 'nu03': -0.0030054366548012785}
Centroid: 195, 318
Processing contour#8: area: 14.0 centroid: 195, 318 rectangle: (193, 316, 5, 5)
@find_dayJSON_match_for_contour: x: 193, y: 316, w: 5, h: 5, area: 14.0
Matched with JSON#8: (195, 318, 4, 61.0, 26.7279, 0.464802)
Match with input JSON(nodules) ID: 8
Matched contour: {'x': 195, 'y': 318, 'd': 4, 'a': 61.0, 'p': 26.7279, 'e': 0.464802, 'id': 8, 'tq': 100}
JSON_entry: 8
Matched with first_id: 8 second_id: 14 name: 20230501_8
entry_id:20230501_8, entry saved to results list
created dirs at nodule_detection_path: output/crop993/nodules-last-detected-on/2023-05-01/8/detection and nodule_images_original_path: output/crop993/nodules-last-detected-on/2023-05-01/8
Segmented nodule image saved as output/crop993/nodules-last-detected-on/2023-05-01/8/detection/2023-04-26.jpg
Original nodule image saved as output/crop993/nodules-last-detected-on/2023-05-01/8/2023-04-26.jpg


@process_contour: max_id: 20230426_24
Moments: {'m00': 30.0, 'm10': 3828.0, 'm01': 6733.5, 'm20': 488548.0, 'm11': 859190.3333333333, 'm02': 1511390.1666666665, 'm30': 62363019.0, 'm21': 109653502.25, 'm12': 192851470.91666666, 'm03': 339256706.75, 'mu20': 95.20000000001164, 'mu11': -4.266666666720994, 'mu02': 56.09166666655801, 'mu30': -0.8400000035762787, 'mu21': -7.496666642058699, 'mu12': 0.9566667071549091, 'mu03': 4.292500078678131, 'nu20': 0.10577777777779071, 'nu11': -0.004740740740801104, 'nu02': 0.062324074073953344, 'nu30': -0.00017040257417153632, 'nu21': -0.001520775342945206, 'nu12': 0.0001940696057492343, 'nu03': 0.0008707774522906343}
Centroid: 127, 224
Processing contour#9: area: 30.0 centroid: 127, 224 rectangle: (124, 222, 8, 6)
@find_dayJSON_match_for_contour: x: 124, y: 222, w: 8, h: 6, area: 30.0
Matched with JSON#7: (127, 224, 5, 109.0, 36.9706, 0.454189)
Match with input JSON(nodules) ID: 7
Matched contour: {'x': 127, 'y': 224, 'd': 5, 'a': 109.0, 'p': 36.9706, 'e': 0.454189, 'id': 7, 'tq': 100}
JSON_entry: 7
Matched with first_id: 7 second_id: 6 name: 20230512_23
entry_id:20230512_23, entry saved to results list
created dirs at nodule_detection_path: output/crop993/nodules-last-detected-on/2023-05-12/23/detection and nodule_images_original_path: output/crop993/nodules-last-detected-on/2023-05-12/23
Segmented nodule image saved as output/crop993/nodules-last-detected-on/2023-05-12/23/detection/2023-04-26.jpg
Original nodule image saved as output/crop993/nodules-last-detected-on/2023-05-12/23/2023-04-26.jpg


@process_contour: max_id: 20230426_25
Moments: {'m00': 6.0, 'm10': 1557.0, 'm01': 1254.0, 'm20': 404046.0, 'm11': 325413.0, 'm02': 262088.0, 'm30': 104852272.5, 'm21': 84445614.0, 'm12': 68011836.0, 'm03': 54777228.0, 'mu20': 4.5, 'mu11': 0.0, 'mu02': 2.0, 'mu30': 0.0, 'mu21': 0.0, 'mu12': 0.0, 'mu03': 0.0, 'nu20': 0.125, 'nu11': 0.0, 'nu02': 0.05555555555555555, 'nu30': 0.0, 'nu21': 0.0, 'nu12': 0.0, 'nu03': 0.0}
Centroid: 259, 209
Processing contour#10: area: 6.0 centroid: 259, 209 rectangle: (258, 208, 4, 3)
@find_dayJSON_match_for_contour: x: 258, y: 208, w: 4, h: 3, area: 6.0
Matched with JSON#6: (259, 209, 3, 33.0, 18.4853, 0.445043)
Match with input JSON(nodules) ID: 6
Matched contour: {'x': 259, 'y': 209, 'd': 3, 'a': 33.0, 'p': 18.4853, 'e': 0.445043, 'id': 6, 'tq': 100}
JSON_entry: 6
Matched with first_id: 6 second_id: 5 name: 20230426_6
entry_id:20230426_6, entry saved to results list
created dirs at nodule_detection_path: output/crop993/nodules-last-detected-on/2023-04-26/6/detection and nodule_images_original_path: output/crop993/nodules-last-detected-on/2023-04-26/6
Segmented nodule image saved as output/crop993/nodules-last-detected-on/2023-04-26/6/detection/2023-04-26.jpg
Original nodule image saved as output/crop993/nodules-last-detected-on/2023-04-26/6/2023-04-26.jpg


@process_contour: max_id: 20230426_26
Moments: {'m00': 2.0, 'm10': 373.0, 'm01': 188.0, 'm20': 69564.66666666666, 'm11': 35062.0, 'm02': 17672.666666666664, 'm30': 12973872.5, 'm21': 6539078.666666667, 'm12': 3295952.3333333335, 'm03': 1661356.0, 'mu20': 0.1666666666569654, 'mu11': 0.0, 'mu02': 0.6666666666642413, 'mu30': 5.587935447692871e-09, 'mu21': 1.2223608791828156e-09, 'mu12': 6.075424607843161e-10, 'mu03': 6.984919309616089e-10, 'nu20': 0.04166666666424135, 'nu11': 0.0, 'nu02': 0.16666666666606034, 'nu30': 9.87816761974079e-10, 'nu21': 2.1608491668182977e-10, 'nu12': 1.07399348469838e-10, 'nu03': 1.2347709524675987e-10}
Centroid: 186, 94
Processing contour#11: area: 2.0 centroid: 186, 94 rectangle: (186, 93, 2, 3)
@find_dayJSON_match_for_contour: x: 186, y: 93, w: 2, h: 3, area: 2.0
Matched with JSON#5: (186, 93, 1, 7.0, 2.8284, 0.451754)
Match with input JSON(nodules) ID: 5
Matched contour: {'x': 186, 'y': 93, 'd': 1, 'a': 7.0, 'p': 2.8284, 'e': 0.451754, 'id': 5, 'tq': 100}
JSON_entry: 5
Matched with first_id: 5 second_id: 8 name: 20230426_5
entry_id:20230426_5, entry saved to results list
created dirs at nodule_detection_path: output/crop993/nodules-last-detected-on/2023-04-26/5/detection and nodule_images_original_path: output/crop993/nodules-last-detected-on/2023-04-26/5
Segmented nodule image saved as output/crop993/nodules-last-detected-on/2023-04-26/5/detection/2023-04-26.jpg
Original nodule image saved as output/crop993/nodules-last-detected-on/2023-04-26/5/2023-04-26.jpg


@process_contour: max_id: 20230426_27
Moments: {'m00': 58.5, 'm10': 6255.833333333333, 'm01': 4754.666666666666, 'm20': 669283.75, 'm11': 508364.625, 'm02': 386719.9166666666, 'm30': 71635901.95, 'm21': 54378361.1, 'm12': 41340750.233333334, 'm03': 31476386.3, 'mu20': 301.6868471035268, 'mu11': -86.69503798667574, 'mu02': 277.94895536563126, 'mu30': -33.05815401673317, 'mu21': -39.5367474092709, 'mu12': 50.51824511210725, 'mu03': 20.379019923508167, 'nu20': 0.08815453199021897, 'nu11': -0.025332760022405074, 'nu02': 0.08121819135528711, 'nu30': -0.001262958073502237, 'nu21': -0.001510467109424272, 'nu12': 0.0019300056951518122, 'nu03': 0.0007785627633481821}
Centroid: 106, 81
Processing contour#12: area: 58.5 centroid: 106, 81 rectangle: (102, 77, 11, 10)
@find_dayJSON_match_for_contour: x: 102, y: 77, w: 11, h: 10, area: 58.5
Matched with JSON#4: (107, 81, 8, 226.0, 55.4558, 0.67728)
Match with input JSON(nodules) ID: 4
Matched contour: {'x': 107, 'y': 81, 'd': 8, 'a': 226.0, 'p': 55.4558, 'e': 0.67728, 'id': 4, 'tq': 100}
JSON_entry: 4
Matched with first_id: 4 second_id: 3 name: 20230501_3
entry_id:20230501_3, entry saved to results list
created dirs at nodule_detection_path: output/crop993/nodules-last-detected-on/2023-05-01/3/detection and nodule_images_original_path: output/crop993/nodules-last-detected-on/2023-05-01/3
Segmented nodule image saved as output/crop993/nodules-last-detected-on/2023-05-01/3/detection/2023-04-26.jpg
Original nodule image saved as output/crop993/nodules-last-detected-on/2023-05-01/3/2023-04-26.jpg


@process_contour: max_id: 20230426_28
Moments: {'m00': 31.0, 'm10': 4887.333333333333, 'm01': 1630.3333333333333, 'm20': 770641.8333333333, 'm11': 256996.75, 'm02': 85802.16666666666, 'm30': 121535616.60000001, 'm21': 40518134.2, 'm12': 13523524.033333333, 'm03': 4518839.100000001, 'mu20': 124.82974910410121, 'mu11': -34.941756272368366, 'mu02': 60.65770609318861, 'mu30': 13.719397231936455, 'mu21': 20.492769877501814, 'mu12': -19.702223764059454, 'mu03': 3.069379891268909, 'nu20': 0.1298956806494289, 'nu11': -0.03635978800454564, 'nu02': 0.06311936117917648, 'nu30': 0.002564075425043961, 'nu21': 0.003829979316559738, 'nu12': -0.0036822308530104057, 'nu03': 0.0005736492220668697}
Centroid: 157, 52
Processing contour#13: area: 31.0 centroid: 157, 52 rectangle: (154, 50, 9, 7)
@find_dayJSON_match_for_contour: x: 154, y: 50, w: 9, h: 7, area: 31.0
Matched with JSON#3: (157, 52, 6, 141.0, 47.6985, 0.878554)
Match with input JSON(nodules) ID: 3
Matched contour: {'x': 157, 'y': 52, 'd': 6, 'a': 141.0, 'p': 47.6985, 'e': 0.878554, 'id': 3, 'tq': 100}
JSON_entry: 3
Matched with first_id: 3 second_id: 4 name: 20230426_3
entry_id:20230426_3, entry saved to results list
created dirs at nodule_detection_path: output/crop993/nodules-last-detected-on/2023-04-26/3/detection and nodule_images_original_path: output/crop993/nodules-last-detected-on/2023-04-26/3
Segmented nodule image saved as output/crop993/nodules-last-detected-on/2023-04-26/3/detection/2023-04-26.jpg
Original nodule image saved as output/crop993/nodules-last-detected-on/2023-04-26/3/2023-04-26.jpg


@process_contour: max_id: 20230426_29
Moments: {'m00': 9.0, 'm10': 573.0, 'm01': 440.66666666666663, 'm20': 36494.83333333333, 'm11': 28058.416666666664, 'm02': 21590.166666666664, 'm30': 2325264.5, 'm21': 1787225.2333333334, 'm12': 1374825.0, 'm03': 1058483.2, 'mu20': 13.833333333328483, 'mu11': 2.6388888888905058, 'mu02': 13.82098765432238, 'mu30': -1.33333333209157, 'mu21': -5.958024691023866, 'mu12': -7.360082304358571, 'mu03': 11.236122542293742, 'nu20': 0.17078189300405533, 'nu11': 0.03257887517148773, 'nu02': 0.17062947721385655, 'nu30': -0.0054869684448212745, 'nu21': -0.024518620127670226, 'nu12': -0.030288404544685472, 'nu03': 0.04623918741684667}
Centroid: 63, 48
Processing contour#14: area: 9.0 centroid: 63, 48 rectangle: (61, 47, 6, 6)
@find_dayJSON_match_for_contour: x: 61, y: 47, w: 6, h: 6, area: 9.0
Matched with JSON#2: (63, 48, 4, 66.0, 28.4853, 0.685397)
Match with input JSON(nodules) ID: 2
Matched contour: {'x': 63, 'y': 48, 'd': 4, 'a': 66.0, 'p': 28.4853, 'e': 0.685397, 'id': 2, 'tq': 100}
JSON_entry: 2
Matched with first_id: 2 second_id: 0 name: 20230519_0
entry_id:20230519_0, entry saved to results list
created dirs at nodule_detection_path: output/crop993/nodules-last-detected-on/2023-05-19/0/detection and nodule_images_original_path: output/crop993/nodules-last-detected-on/2023-05-19/0
Segmented nodule image saved as output/crop993/nodules-last-detected-on/2023-05-19/0/detection/2023-04-26.jpg
Original nodule image saved as output/crop993/nodules-last-detected-on/2023-05-19/0/2023-04-26.jpg


@process_contour: max_id: 20230426_30
Moments: {'m00': 33.5, 'm10': 8390.333333333332, 'm01': 1509.3333333333333, 'm20': 2101525.083333333, 'm11': 378029.7916666666, 'm02': 68083.41666666666, 'm30': 526393956.20000005, 'm21': 94686464.15, 'm12': 17052526.983333334, 'm03': 3074752.7, 'mu20': 101.39842454437166, 'mu11': 5.619195688283071, 'mu02': 80.8163349917013, 'mu30': 1.2540127038955688, 'mu21': 11.822809245974895, 'mu12': 3.9151460788089025, 'mu03': -9.323844292666763, 'nu20': 0.09035279531688274, 'nu11': 0.005007080141040829, 'nu02': 0.07201277343880712, 'nu30': 0.00019305894055215671, 'nu21': 0.0018201562235275704, 'nu12': 0.000602748243086956, 'nu03': -0.0014354332260141298}
Centroid: 250, 45
Processing contour#15: area: 33.5 centroid: 250, 45 rectangle: (247, 42, 8, 7)
@find_dayJSON_match_for_contour: x: 247, y: 42, w: 8, h: 7, area: 33.5
Matched with JSON#1: (250, 45, 5, 109.0, 36.3848, 0.345115)
Match with input JSON(nodules) ID: 1
Matched contour: {'x': 250, 'y': 45, 'd': 5, 'a': 109.0, 'p': 36.3848, 'e': 0.345115, 'id': 1, 'tq': 100}
JSON_entry: 1
Matched with first_id: 1 second_id: 1 name: 20230426_1
entry_id:20230426_1, entry saved to results list
created dirs at nodule_detection_path: output/crop993/nodules-last-detected-on/2023-04-26/1/detection and nodule_images_original_path: output/crop993/nodules-last-detected-on/2023-04-26/1
Segmented nodule image saved as output/crop993/nodules-last-detected-on/2023-04-26/1/detection/2023-04-26.jpg
Original nodule image saved as output/crop993/nodules-last-detected-on/2023-04-26/1/2023-04-26.jpg


@process_contour: max_id: 20230426_31
Moments: {'m00': 0.0, 'm10': 0.0, 'm01': 0.0, 'm20': 0.0, 'm11': 0.0, 'm02': 0.0, 'm30': 0.0, 'm21': 0.0, 'm12': 0.0, 'm03': 0.0, 'mu20': 0.0, 'mu11': 0.0, 'mu02': 0.0, 'mu30': 0.0, 'mu21': 0.0, 'mu12': 0.0, 'mu03': 0.0, 'nu20': 0.0, 'nu11': 0.0, 'nu02': 0.0, 'nu30': 0.0, 'nu21': 0.0, 'nu12': 0.0, 'nu03': 0.0}
Skipping contour#16 because area is 0.


@process_contour: max_id: 20230426_32
Moments: {'m00': 0.0, 'm10': 0.0, 'm01': 0.0, 'm20': 0.0, 'm11': 0.0, 'm02': 0.0, 'm30': 0.0, 'm21': 0.0, 'm12': 0.0, 'm03': 0.0, 'mu20': 0.0, 'mu11': 0.0, 'mu02': 0.0, 'mu30': 0.0, 'mu21': 0.0, 'mu12': 0.0, 'mu03': 0.0, 'nu20': 0.0, 'nu11': 0.0, 'nu02': 0.0, 'nu30': 0.0, 'nu21': 0.0, 'nu12': 0.0, 'nu03': 0.0}
Skipping contour#17 because area is 0.


Done analyzing contours, found 15 nodules.


results_entry: {'date': '20230426', 'json': 'output/crop993/20230426/20230426.json', 'log': 'output/crop993/20230426/crop993_20230426.log', 'image': 'data/crop993/20230426.jpg', 'plot': 'output/crop993/plots/20230424_20230426.png', 'match_stats': {'i_dict': {0: 9, 1: 3, 2: 1, 3: 1, 6: 1, 9: 1}, 'average_tracking_quality': 54.1429, 'distance_threshold': 20, 'lengths': {'matching': 16, 'unmatched_current': 0, 'unmatched_previous': 8}, 'averages': {'tq': -151.6875, 'i': 1.4375, 'dx': 17.125, 'dy': -33.0625, 'dd': 0.125, 'da': 10.125, 'dp': 0.5413, 'de': 0.1125}}}
