Current memory usage: 5670.94140625 MB
@analyze_image: file_name: data/crop1009/20230501.jpg, output_dir: output/crop1009, external_logger: <Logger data_crop1009.log (DEBUG)>
Loaded image & JSON file: data/crop1009/20230501.jpg
Scaled JSON data: scalar_position: 0.5, scalar_size: 0.5

@find_prev_next_date: image_output_dir: output/crop1009/20230501
data_dir: data/crop1009
Previous date file: data/crop1009/20230426.jpg, Next date file: data/crop1009/20230503.json


Loaded prev_results from JSON file: 20230426, length: 8
Scaled JSON data: scalar_position: 0.5, scalar_size: 0.5
Loaded next_results from JSON file: 20230503, length: 7
Scaled JSON data: scalar_position: 0.5, scalar_size: 0.5
prev_results is not empty, generating matching
Current memory usage: 5670.95703125 MB
current_date:20230501, generating Matching: 20230426_20230501_matching.json
spatial_distances: (15, 8), attribute_distances: (15, 8)
combined_distances: (15, 8)
Current memory usage: 5670.95703125 MB

@find_matching: combined_distances: (15, 8), next_matching: [{'id': '20230505_0', 'p': {'id': 0, 'tq': -0.0, 'dx': 1, 'dy': 1, 'dd': -2, 'da': -62.0, 'dp': -14.24, 'de': -0.15}, 'c': {'id': 0}, 'n': {'id': 0, 'dx': 0, 'dy': -2, 'dd': -2, 'da': -25.0, 'dp': -8.24, 'de': -0.1}, 'i': 1}, {'id': '20230508_1', 'p': {'id': 1, 'tq': 25.0, 'dx': -1, 'dy': -4, 'dd': -1, 'da': -39.0, 'dp': -9.41, 'de': 0.23}, 'c': {'id': 1}, 'n': {'id': 1, 'dx': 17, 'dy': 12, 'dd': 0, 'da': -6.0, 'dp': -2.24, 'de': -0.02}, 'i': 2}, {'id': '20230503_2', 'p': {'id': 8, 'tq': -288.0, 'dx': -23, 'dy': 3, 'dd': -4, 'da': -202.0, 'dp': -29.8, 'de': -0.52}, 'c': {'id': 2}, 'n': {}, 'i': 0}, {'id': '20230503_3', 'p': {'id': 13, 'tq': 52.0, 'dx': 1, 'dy': 2, 'dd': 1, 'da': 24.0, 'dp': 11.66, 'de': 0.37}, 'c': {'id': 3}, 'n': {}, 'i': 0}, {'id': '20230503_4', 'p': {'id': 14, 'tq': -515.0, 'dx': -49, 'dy': -53, 'dd': 3, 'da': 241.0, 'dp': 14.49, 'de': -0.05}, 'c': {'id': 4}, 'n': {}, 'i': 0}, {'id': '20230503_5', 'p': {'id': 11, 'tq': -147.0, 'dx': -41, 'dy': 55, 'dd': -1, 'da': -4.0, 'dp': -1.62, 'de': -0.13}, 'c': {'id': 5}, 'n': {}, 'i': 0}, {'id': '20230505_5', 'p': {'id': 12, 'tq': -248.0, 'dx': 13, 'dy': 67, 'dd': 3, 'da': 71.0, 'dp': 16.07, 'de': -0.53}, 'c': {'id': 6}, 'n': {'id': 9, 'dx': -8, 'dy': 3, 'dd': -1, 'da': -21.0, 'dp': -4.83, 'de': 0.26}, 'i': 1}], current_date_string: 20230501, distance_threshold: 20
tq < 0
tq < 0
matched entry: {'id': '20230503_3', 'p': {'id': 13, 'tq': 52.0, 'dx': 1, 'dy': 2, 'dd': 1, 'da': 24.0, 'dp': 11.66, 'de': 0.37}, 'c': {'id': 3}, 'n': {}, 'i': 0}, len(matching): 6
tq < 0
i_dict: {0: 7, 1: 1}
tq_average: -93.75, dx_average: 3.875, dy_average: -16.5, dd_average: 0.0, da_average: -15.625, dp_average: -12.9663, de_average: -0.05
average_tracking_quality: 35.25
@find_matching:
Returning:
Matching(lenght=8): [{'id': '20230501_0', 'p': {'id': 0, 'tq': 31.0, 'dx': -4, 'dy': 0, 'dd': 2, 'da': 36.0, 'dp': 7.41, 'de': 0.03}, 'c': {'id': 0}, 'n': {}, 'i': 0}, {'id': '20230501_1', 'p': {'id': 1, 'tq': 46.0, 'dx': 1, 'dy': 8, 'dd': 1, 'da': 17.0, 'dp': 2.83, 'de': 0.04}, 'c': {'id': 2}, 'n': {}, 'i': 0}, {'id': '20230501_2', 'p': {'id': 2, 'tq': 28.0, 'dx': 2, 'dy': 8, 'dd': 1, 'da': 28.0, 'dp': 5.17, 'de': -0.13}, 'c': {'id': 3}, 'n': {}, 'i': 0}, {'id': '20230501_3', 'p': {'id': 3, 'tq': 36.0, 'dx': 1, 'dy': 9, 'dd': 1, 'da': 20.0, 'dp': 8.24, 'de': -0.03}, 'c': {'id': 6}, 'n': {}, 'i': 0}, {'id': '20230501_4', 'p': {'id': 4, 'tq': -44.0, 'dx': -2, 'dy': 4, 'dd': 2, 'da': 85.0, 'dp': 6.83, 'de': -0.01}, 'c': {'id': 8}, 'n': {}, 'i': 0}, {'id': '20230501_5', 'p': {'id': 5, 'tq': -183.0, 'dx': -4, 'dy': -45, 'dd': -2, 'da': -82.0, 'dp': -13.9, 'de': 0.27}, 'c': {'id': 10}, 'n': {}, 'i': 0}, {'id': '20230503_3', 'p': {'id': 7, 'tq': -407.0, 'dx': 2, 'dy': -94, 'dd': -4, 'da': -109.0, 'dp': -45.83, 'de': -0.48}, 'c': {'id': 13}, 'n': {'id': 3, 'dx': 1, 'dy': 2, 'dd': 1, 'da': 24.0, 'dp': 11.66, 'de': 0.37}, 'i': 1}, {'id': '20230501_7', 'p': {'id': 6, 'tq': -257.0, 'dx': 35, 'dy': -22, 'dd': -1, 'da': -120.0, 'dp': -74.48, 'de': -0.09}, 'c': {'id': 14}, 'n': {}, 'i': 0}]
Unmatched current(length=7): {1, 4, 5, 7, 9, 11, 12}
Unmatched previous(length=0): set()
Distance threshold: 20



@plot_data: normalized_points: (15, 2), normalized_prev_points: (8, 2), current_points: (15, 2), prev_points: (8, 2), current_data: 15, prev_data: 8, matching: 8, unmatched_current: 7, unmatched_prev: 0, combined_distances: (15, 8), distance_threshold: 20, current_date_string: 20230501, previous_date_string: 20230426, filename: output/crop1009/plots/20230426_20230501.png
Plots created
Plotted the normalized points
Drawing lines between the matched points
Plotting the unmatched points
Plotted the original points with diameter as size
Drawing lines between the matched points and add the indices to the plots with color coding
Setting the titles and labels
Done plotting

@process_image: output_dir: output/crop1009/20230501, image_name: 20230501, date_string: 20230501
len(json_data) = 15 json_data entries
len(matching) = 8 matching entries, setting max_id_i to 8
crop_dir: output/crop1009
nodules_dir: output/crop1009/nodules-last-detected-on
Split image into left and right images: (705, 300, 3), (705, 300, 3)
Converted right image to HSV: (705, 300, 3)
Created mask to detect nodules: (705, 300)

Found 15 contours in mask, processing each contour...

@process_contour: max_id: 20230501_8
Moments: {'m00': 56.5, 'm10': 15046.333333333332, 'm01': 38507.166666666664, 'm20': 4007746.583333333, 'm11': 10254457.541666666, 'm02': 26244490.416666664, 'm30': 1067719921.0, 'm21': 2731310852.7666664, 'm12': 6988728438.833333, 'm03': 17887028106.55, 'mu20': 805.9323992137797, 'mu11': -262.19972959533334, 'mu02': 209.2716322541237, 'mu30': 564.1255484819412, 'mu21': -215.4301074264804, 'mu12': -18.427973728612415, 'mu03': 80.504638671875, 'nu20': 0.25246531418710305, 'nu11': -0.08213633944563657, 'nu02': 0.06555615388961507, 'nu30': 0.02351010935622209, 'nu21': -0.008978117367399042, 'nu12': -0.0007679915911256315, 'nu03': 0.0033550560933680446}
Centroid: 266, 681
Processing contour#1: area: 56.5 centroid: 266, 681 rectangle: (260, 677, 15, 10)
@find_dayJSON_match_for_contour: x: 260, y: 677, w: 15, h: 10, area: 56.5
Matched with JSON#14: (266, 681, 10, 327.0, 87.0122, 0.910567)
Match with input JSON(nodules) ID: 14
Matched contour: {'x': 266, 'y': 681, 'd': 10, 'a': 327.0, 'p': 87.0122, 'e': 0.910567, 'id': 14, 'tq': 100}
JSON_entry: 14
Matched with first_id: 14 second_id: 6 name: 20230501_7
entry_id:20230501_7, entry saved to results list
WARNING: right_nodule_img.shape != (50, 50, 3) != (49, 50, 3)
@process_contour: max_id: 20230501_9
Moments: {'m00': 0.5, 'm10': 133.33333333333331, 'm01': 304.66666666666663, 'm20': 35555.58333333333, 'm11': 81244.45833333333, 'm02': 185643.5833333333, 'm30': 9481503.700000001, 'm21': 21665209.516666666, 'm12': 49504972.483333334, 'm03': 113118857.30000001, 'mu20': 0.027777777781011537, 'mu11': 0.013888888905057684, 'mu02': 0.027777777810115367, 'mu30': -0.0037037022411823273, 'mu21': -0.0018518555055671015, 'mu12': 0.0018518436700114549, 'mu03': 0.003703698515892029, 'nu20': 0.11111111112404615, 'nu11': 0.055555555620230734, 'nu02': 0.11111111124046147, 'nu30': -0.0209513037618867, 'nu21': -0.01047567668611312, 'nu12': 0.010475609734099865, 'nu03': 0.020951282688462445}
Centroid: 266, 609
Processing contour#2: area: 0.5 centroid: 266, 609 rectangle: (266, 609, 2, 2)
@find_dayJSON_match_for_contour: x: 266, y: 609, w: 2, h: 2, area: 0.5
Matched with JSON#13: (267, 609, 2, 18.0, 14.6569, 0.499219)
Match with input JSON(nodules) ID: 13
Matched contour: {'x': 267, 'y': 609, 'd': 2, 'a': 18.0, 'p': 14.6569, 'e': 0.499219, 'id': 13, 'tq': 100}
JSON_entry: 13
Matched with first_id: 13 second_id: 7 name: 20230503_3
entry_id:20230503_3, entry saved to results list
created dirs at nodule_detection_path: output/crop1009/nodules-last-detected-on/2023-05-03/3/detection and nodule_images_original_path: output/crop1009/nodules-last-detected-on/2023-05-03/3
Segmented nodule image saved as output/crop1009/nodules-last-detected-on/2023-05-03/3/detection/2023-05-01.jpg
Original nodule image saved as output/crop1009/nodules-last-detected-on/2023-05-03/3/2023-05-01.jpg


@process_contour: max_id: 20230501_10
Moments: {'m00': 6.0, 'm10': 942.0, 'm01': 3477.0, 'm20': 147896.0, 'm11': 545889.0, 'm02': 2014926.0, 'm30': 23220300.0, 'm21': 85705732.0, 'm12': 316343382.0, 'm03': 1167654832.5, 'mu20': 2.0, 'mu11': 0.0, 'mu02': 4.5, 'mu30': 0.0, 'mu21': 0.0, 'mu12': 0.0, 'mu03': 0.0, 'nu20': 0.05555555555555555, 'nu11': 0.0, 'nu02': 0.125, 'nu30': 0.0, 'nu21': 0.0, 'nu12': 0.0, 'nu03': 0.0}
Centroid: 157, 579
Processing contour#3: area: 6.0 centroid: 157, 579 rectangle: (156, 578, 3, 4)
@find_dayJSON_match_for_contour: x: 156, y: 578, w: 3, h: 4, area: 6.0
Matched with JSON#12: (157, 579, 2, 24.0, 17.4853, 0.71607)
Match with input JSON(nodules) ID: 12
Matched contour: {'x': 157, 'y': 579, 'd': 2, 'a': 24.0, 'p': 17.4853, 'e': 0.71607, 'id': 12, 'tq': 100}
JSON_entry: 12
WARNING: match is empty
entry_id:20230501_10, entry saved to results list
created dirs at nodule_detection_path: output/crop1009/nodules-last-detected-on/2023-05-01/10/detection and nodule_images_original_path: output/crop1009/nodules-last-detected-on/2023-05-01/10
Segmented nodule image saved as output/crop1009/nodules-last-detected-on/2023-05-01/10/detection/2023-05-01.jpg
Original nodule image saved as output/crop1009/nodules-last-detected-on/2023-05-01/10/2023-05-01.jpg


@process_contour: max_id: 20230501_11
Moments: {'m00': 7.0, 'm10': 1221.5, 'm01': 4049.5, 'm20': 213155.66666666666, 'm11': 706637.75, 'm02': 2342639.6666666665, 'm30': 37197030.75, 'm21': 123310553.16666667, 'm12': 408790621.8333333, 'm03': 1355221578.75, 'mu20': 3.9166666666569654, 'mu11': 0.0, 'mu02': 3.9166666665114462, 'mu30': 7.450580596923828e-09, 'mu21': 1.0579242371022701e-08, 'mu12': 7.2177499532699585e-09, 'mu03': 2.384185791015625e-07, 'nu20': 0.07993197278891766, 'nu11': 0.0, 'nu02': 0.07993197278594788, 'nu30': 5.7470505488348735e-11, 'nu21': 8.160362791021392e-11, 'nu12': 5.567455219183784e-11, 'nu03': 1.8390561756271595e-09}
Centroid: 174, 578
Processing contour#4: area: 7.0 centroid: 174, 578 rectangle: (173, 577, 4, 4)
@find_dayJSON_match_for_contour: x: 173, y: 577, w: 4, h: 4, area: 7.0
Matched with JSON#11: (174, 578, 2, 14.0, 9.8284, 0.784472)
Match with input JSON(nodules) ID: 11
Matched contour: {'x': 174, 'y': 578, 'd': 2, 'a': 14.0, 'p': 9.8284, 'e': 0.784472, 'id': 11, 'tq': 100}
JSON_entry: 11
WARNING: match is empty
entry_id:20230501_11, entry saved to results list
created dirs at nodule_detection_path: output/crop1009/nodules-last-detected-on/2023-05-01/11/detection and nodule_images_original_path: output/crop1009/nodules-last-detected-on/2023-05-01/11
Segmented nodule image saved as output/crop1009/nodules-last-detected-on/2023-05-01/11/detection/2023-05-01.jpg
Original nodule image saved as output/crop1009/nodules-last-detected-on/2023-05-01/11/2023-05-01.jpg


@process_contour: max_id: 20230501_12
Moments: {'m00': 31.0, 'm10': 2575.5, 'm01': 17923.333333333332, 'm20': 214046.0, 'm11': 1489091.0, 'm02': 10362854.5, 'm30': 17795008.75, 'm21': 123756891.45, 'm12': 860962932.9166666, 'm03': 5991610181.6, 'mu20': 71.79838709678734, 'mu11': 8.903225806541741, 'mu02': 84.24910394474864, 'mu30': -1.1368366293609142, 'mu21': -1.0397676089996821, 'mu12': 0.15157798479413032, 'mu03': 2.9587297439575195, 'nu20': 0.0747121613910378, 'nu11': 0.00926454298287382, 'nu02': 0.08766816227341169, 'nu30': -0.0002124681437788426, 'nu21': -0.0001943265093153439, 'nu12': 2.8329042392882068e-05, 'nu03': 0.000552969354088546}
Centroid: 83, 578
Processing contour#5: area: 31.0 centroid: 83, 578 rectangle: (80, 575, 7, 8)
@find_dayJSON_match_for_contour: x: 80, y: 575, w: 7, h: 8, area: 31.0
Matched with JSON#10: (83, 578, 5, 101.0, 36.3848, 0.735928)
Match with input JSON(nodules) ID: 10
Matched contour: {'x': 83, 'y': 578, 'd': 5, 'a': 101.0, 'p': 36.3848, 'e': 0.735928, 'id': 10, 'tq': 100}
JSON_entry: 10
Matched with first_id: 10 second_id: 5 name: 20230501_5
entry_id:20230501_5, entry saved to results list
created dirs at nodule_detection_path: output/crop1009/nodules-last-detected-on/2023-05-01/5/detection and nodule_images_original_path: output/crop1009/nodules-last-detected-on/2023-05-01/5
Segmented nodule image saved as output/crop1009/nodules-last-detected-on/2023-05-01/5/detection/2023-05-01.jpg
Original nodule image saved as output/crop1009/nodules-last-detected-on/2023-05-01/5/2023-05-01.jpg


@process_contour: max_id: 20230501_13
Moments: {'m00': 7.5, 'm10': 234.66666666666666, 'm01': 3175.1666666666665, 'm20': 7347.083333333333, 'm11': 99346.125, 'm02': 1344229.9166666665, 'm30': 230172.30000000002, 'm21': 3110345.433333333, 'm12': 42058349.266666666, 'm03': 569091834.5500001, 'mu20': 4.6240740740740875, 'mu11': -1.3120370370306773, 'mu02': 5.4685185183770955, 'mu30': 0.8616460905759595, 'mu21': -1.0086008235189183, 'mu12': -0.32069959011343485, 'mu03': 1.1297944784164429, 'nu20': 0.08220576131687267, 'nu11': -0.023325102880545373, 'nu02': 0.09721810699337059, 'nu30': 0.0055933985231951715, 'nu21': -0.0065473590821878355, 'nu12': -0.0020818299222256477, 'nu03': 0.007334090917611487}
Centroid: 31, 423
Processing contour#6: area: 7.5 centroid: 31, 423 rectangle: (30, 422, 4, 4)
@find_dayJSON_match_for_contour: x: 30, y: 422, w: 4, h: 4, area: 7.5
Matched with JSON#9: (31, 423, 3, 30.0, 17.8995, 0.593617)
Match with input JSON(nodules) ID: 9
Matched contour: {'x': 31, 'y': 423, 'd': 3, 'a': 30.0, 'p': 17.8995, 'e': 0.593617, 'id': 9, 'tq': 100}
JSON_entry: 9
WARNING: match is empty
entry_id:20230501_13, entry saved to results list
created dirs at nodule_detection_path: output/crop1009/nodules-last-detected-on/2023-05-01/13/detection and nodule_images_original_path: output/crop1009/nodules-last-detected-on/2023-05-01/13
Segmented nodule image saved as output/crop1009/nodules-last-detected-on/2023-05-01/13/detection/2023-05-01.jpg
Original nodule image saved as output/crop1009/nodules-last-detected-on/2023-05-01/13/2023-05-01.jpg


@process_contour: max_id: 20230501_14
Moments: {'m00': 83.0, 'm10': 11824.0, 'm01': 32646.666666666664, 'm20': 1685172.5, 'm11': 4651006.166666666, 'm02': 12841501.166666666, 'm30': 240280095.0, 'm21': 662900954.4666667, 'm12': 1829555577.6666667, 'm03': 5051367163.400001, 'mu20': 751.1024096384645, 'mu11': 232.8333333330229, 'mu02': 478.94444444589317, 'mu30': 74.40020322799683, 'mu21': 99.93654637539294, 'mu12': 8.279786159822834, 'mu03': -65.1185188293457, 'nu20': 0.10902923641144789, 'nu11': 0.03379784197024574, 'nu02': 0.06952307220872307, 'nu30': 0.0011854381260565602, 'nu21': 0.001592315438934588, 'nu12': 0.00013192402390852566, 'nu03': -0.0010375505923831975}
Centroid: 142, 393
Processing contour#7: area: 83.0 centroid: 142, 393 rectangle: (136, 388, 14, 11)
@find_dayJSON_match_for_contour: x: 136, y: 388, w: 14, h: 11, area: 83.0
Matched with JSON#8: (142, 393, 10, 318.0, 68.1838, 0.809606)
Match with input JSON(nodules) ID: 8
Matched contour: {'x': 142, 'y': 393, 'd': 10, 'a': 318.0, 'p': 68.1838, 'e': 0.809606, 'id': 8, 'tq': 100}
JSON_entry: 8
Matched with first_id: 8 second_id: 4 name: 20230501_4
entry_id:20230501_4, entry saved to results list
created dirs at nodule_detection_path: output/crop1009/nodules-last-detected-on/2023-05-01/4/detection and nodule_images_original_path: output/crop1009/nodules-last-detected-on/2023-05-01/4
Segmented nodule image saved as output/crop1009/nodules-last-detected-on/2023-05-01/4/detection/2023-05-01.jpg
Original nodule image saved as output/crop1009/nodules-last-detected-on/2023-05-01/4/2023-05-01.jpg


@process_contour: max_id: 20230501_15
Moments: {'m00': 8.0, 'm10': 225.33333333333331, 'm01': 2617.6666666666665, 'm20': 6350.666666666666, 'm11': 73730.66666666666, 'm02': 856530.0, 'm30': 179090.6, 'm21': 2077975.4666666666, 'm12': 24125412.2, 'm03': 280268761.90000004, 'mu20': 3.777777777778283, 'mu11': -0.27777777778101154, 'mu02': 7.652777777868323, 'mu30': 0.6740740740788169, 'mu21': 0.05925925964061207, 'mu12': -1.0175925910589, 'mu03': 0.04467594623565674, 'nu20': 0.05902777777778567, 'nu11': -0.004340277777828305, 'nu02': 0.11957465277919255, 'nu30': 0.003723768350024802, 'nu21': 0.00032736425265602416, 'nu12': -0.005621457981429201, 'nu03': 0.00024680206671217573}
Centroid: 28, 327
Processing contour#8: area: 8.0 centroid: 28, 327 rectangle: (27, 325, 4, 5)
@find_dayJSON_match_for_contour: x: 27, y: 325, w: 4, h: 5, area: 8.0
Matched with JSON#7: (27, 327, 3, 32.0, 19.3137, 0.34596)
Match with input JSON(nodules) ID: 7
Matched contour: {'x': 27, 'y': 327, 'd': 3, 'a': 32.0, 'p': 19.3137, 'e': 0.34596, 'id': 7, 'tq': 100}
JSON_entry: 7
WARNING: match is empty
entry_id:20230501_15, entry saved to results list
created dirs at nodule_detection_path: output/crop1009/nodules-last-detected-on/2023-05-01/15/detection and nodule_images_original_path: output/crop1009/nodules-last-detected-on/2023-05-01/15
Segmented nodule image saved as output/crop1009/nodules-last-detected-on/2023-05-01/15/detection/2023-05-01.jpg
Original nodule image saved as output/crop1009/nodules-last-detected-on/2023-05-01/15/2023-05-01.jpg


@process_contour: max_id: 20230501_16
Moments: {'m00': 8.5, 'm10': 1657.1666666666665, 'm01': 2752.5, 'm20': 323090.75, 'm11': 536630.0416666666, 'm02': 891329.4166666666, 'm30': 62993238.550000004, 'm21': 104624577.95, 'm12': 173774594.35, 'm03': 288636772.35, 'mu20': 8.236928104655817, 'mu11': 0.4828431372297928, 'mu02': 5.151960784336552, 'mu30': 0.7695629671216011, 'mu21': 2.693752407192278, 'mu12': -0.5171664474102045, 'mu03': -1.8757784962654114, 'nu20': 0.11400592532395595, 'nu11': 0.006682949996260108, 'nu02': 0.07130741570015989, 'nu30': 0.003653396817700364, 'nu21': 0.012788227724780709, 'nu12': -0.002455178242602845, 'nu03': -0.008905006453986461}
Centroid: 194, 323
Processing contour#9: area: 8.5 centroid: 194, 323 rectangle: (193, 322, 5, 4)
@find_dayJSON_match_for_contour: x: 193, y: 322, w: 5, h: 4, area: 8.5
Matched with JSON#6: (194, 324, 3, 44.0, 23.3137, 0.554167)
Match with input JSON(nodules) ID: 6
Matched contour: {'x': 194, 'y': 324, 'd': 3, 'a': 44.0, 'p': 23.3137, 'e': 0.554167, 'id': 6, 'tq': 100}
JSON_entry: 6
Matched with first_id: 6 second_id: 3 name: 20230501_3
entry_id:20230501_3, entry saved to results list
created dirs at nodule_detection_path: output/crop1009/nodules-last-detected-on/2023-05-01/3/detection and nodule_images_original_path: output/crop1009/nodules-last-detected-on/2023-05-01/3
Segmented nodule image saved as output/crop1009/nodules-last-detected-on/2023-05-01/3/detection/2023-05-01.jpg
Original nodule image saved as output/crop1009/nodules-last-detected-on/2023-05-01/3/2023-05-01.jpg


@process_contour: max_id: 20230501_17
Moments: {'m00': 7.0, 'm10': 974.8333333333333, 'm01': 2154.1666666666665, 'm20': 135761.66666666666, 'm11': 299994.9166666666, 'm02': 662923.6666666666, 'm30': 18907688.35, 'm21': 41779472.96666667, 'm12': 92320974.03333333, 'm03': 204009647.15, 'mu20': 4.519841269880999, 'mu11': 1.5634920635493472, 'mu02': 4.5198412699392065, 'mu30': 1.1729402840137482, 'mu21': 0.7905517698563926, 'mu12': -0.7905517879156605, 'mu03': -1.1729402840137482, 'nu20': 0.09224165856899998, 'nu11': 0.03190800129692545, 'nu02': 0.09224165857018789, 'nu30': 0.00904754604731734, 'nu21': 0.006097969042454761, 'nu12': -0.00609796918175602, 'nu03': -0.00904754604731734}
Centroid: 139, 307
Processing contour#10: area: 7.0 centroid: 139, 307 rectangle: (138, 306, 4, 4)
@find_dayJSON_match_for_contour: x: 138, y: 306, w: 4, h: 4, area: 7.0
Matched with JSON#5: (139, 307, 2, 20.0, 14.6213, 0.298516)
Match with input JSON(nodules) ID: 5
Matched contour: {'x': 139, 'y': 307, 'd': 2, 'a': 20.0, 'p': 14.6213, 'e': 0.298516, 'id': 5, 'tq': 100}
JSON_entry: 5
WARNING: match is empty
entry_id:20230501_17, entry saved to results list
created dirs at nodule_detection_path: output/crop1009/nodules-last-detected-on/2023-05-01/17/detection and nodule_images_original_path: output/crop1009/nodules-last-detected-on/2023-05-01/17
Segmented nodule image saved as output/crop1009/nodules-last-detected-on/2023-05-01/17/detection/2023-05-01.jpg
Original nodule image saved as output/crop1009/nodules-last-detected-on/2023-05-01/17/2023-05-01.jpg


@process_contour: max_id: 20230501_18
Moments: {'m00': 17.0, 'm10': 492.0, 'm01': 4957.5, 'm20': 14258.833333333332, 'm11': 143477.91666666666, 'm02': 1445722.3333333333, 'm30': 413814.0, 'm21': 4158245.25, 'm12': 41842089.083333336, 'm03': 421614385.75, 'mu20': 19.7745098039195, 'mu11': 2.034313725482207, 'mu02': 27.848039215663448, 'mu30': 1.993079584906809, 'mu21': 0.07266436081954453, 'mu12': -2.5767012630205954, 'mu03': -1.3564013838768005, 'nu20': 0.06842390935612284, 'nu11': 0.007039147839038778, 'nu02': 0.0963599972860327, 'nu30': 0.0016726394563063253, 'nu21': 6.098164764440781e-05, 'nu12': -0.002162428551413871, 'nu03': -0.0011383240741823766}
Centroid: 28, 291
Processing contour#11: area: 17.0 centroid: 28, 291 rectangle: (27, 289, 5, 6)
@find_dayJSON_match_for_contour: x: 27, y: 289, w: 5, h: 6, area: 17.0
Matched with JSON#4: (28, 291, 3, 47.0, 25.3137, 0.187402)
Match with input JSON(nodules) ID: 4
Matched contour: {'x': 28, 'y': 291, 'd': 3, 'a': 47.0, 'p': 25.3137, 'e': 0.187402, 'id': 4, 'tq': 100}
JSON_entry: 4
WARNING: match is empty
entry_id:20230501_18, entry saved to results list
created dirs at nodule_detection_path: output/crop1009/nodules-last-detected-on/2023-05-01/18/detection and nodule_images_original_path: output/crop1009/nodules-last-detected-on/2023-05-01/18
Segmented nodule image saved as output/crop1009/nodules-last-detected-on/2023-05-01/18/detection/2023-05-01.jpg
Original nodule image saved as output/crop1009/nodules-last-detected-on/2023-05-01/18/2023-05-01.jpg


@process_contour: max_id: 20230501_19
Moments: {'m00': 20.5, 'm10': 2587.0, 'm01': 4765.166666666666, 'm20': 326500.25, 'm11': 601342.7916666666, 'm02': 1107684.75, 'm30': 41211193.400000006, 'm21': 75894557.6, 'm12': 139785334.63333333, 'm03': 257494587.55, 'mu20': 33.46951219509356, 'mu11': 2.0030487804906443, 'mu02': 35.31775067769922, 'mu30': 7.155800126492977, 'mu21': -1.9967182226782825, 'mu12': -8.682401381194722, 'mu03': 0.33968091011047363, 'nu20': 0.07964190885209652, 'nu11': 0.004766326663868279, 'nu02': 0.08403985884045027, 'nu30': 0.0037607420737903606, 'nu21': -0.0010493784198539824, 'nu12': -0.004563049777607085, 'nu03': 0.0001785198395335747}
Centroid: 126, 232
Processing contour#12: area: 20.5 centroid: 126, 232 rectangle: (124, 230, 6, 6)
@find_dayJSON_match_for_contour: x: 124, y: 230, w: 6, h: 6, area: 20.5
Matched with JSON#3: (126, 232, 5, 99.0, 34.7279, 0.481484)
Match with input JSON(nodules) ID: 3
Matched contour: {'x': 126, 'y': 232, 'd': 5, 'a': 99.0, 'p': 34.7279, 'e': 0.481484, 'id': 3, 'tq': 100}
JSON_entry: 3
Matched with first_id: 3 second_id: 2 name: 20230501_2
entry_id:20230501_2, entry saved to results list
created dirs at nodule_detection_path: output/crop1009/nodules-last-detected-on/2023-05-01/2/detection and nodule_images_original_path: output/crop1009/nodules-last-detected-on/2023-05-01/2
Segmented nodule image saved as output/crop1009/nodules-last-detected-on/2023-05-01/2/detection/2023-05-01.jpg
Original nodule image saved as output/crop1009/nodules-last-detected-on/2023-05-01/2/2023-05-01.jpg


@process_contour: max_id: 20230501_20
Moments: {'m00': 56.0, 'm10': 5805.0, 'm01': 5102.833333333333, 'm20': 602006.3333333333, 'm11': 528931.25, 'm02': 465233.8333333333, 'm30': 62457511.5, 'm21': 54849366.78333333, 'm12': 48220570.583333336, 'm03': 42439242.35, 'mu20': 255.88690476189367, 'mu11': -32.098214285681024, 'mu02': 253.33283730165567, 'mu30': 54.14349491149187, 'mu21': -14.008510484851286, 'mu12': -51.18138818163061, 'mu03': 25.510339304804802, 'nu20': 0.08159658952866507, 'nu11': -0.010235399963546244, 'nu02': 0.08078215475180346, 'nu30': 0.002307152055408856, 'nu21': -0.000596927919248178, 'nu12': -0.0021809313405970147, 'nu03': 0.001087041607814009}
Centroid: 103, 91
Processing contour#13: area: 56.0 centroid: 103, 91 rectangle: (99, 87, 10, 10)
@find_dayJSON_match_for_contour: x: 99, y: 87, w: 10, h: 10, area: 56.0
Matched with JSON#2: (103, 91, 8, 217.0, 54.0416, 0.649766)
Match with input JSON(nodules) ID: 2
Matched contour: {'x': 103, 'y': 91, 'd': 8, 'a': 217.0, 'p': 54.0416, 'e': 0.649766, 'id': 2, 'tq': 100}
JSON_entry: 2
Matched with first_id: 2 second_id: 1 name: 20230501_1
entry_id:20230501_1, entry saved to results list
created dirs at nodule_detection_path: output/crop1009/nodules-last-detected-on/2023-05-01/1/detection and nodule_images_original_path: output/crop1009/nodules-last-detected-on/2023-05-01/1
Segmented nodule image saved as output/crop1009/nodules-last-detected-on/2023-05-01/1/detection/2023-05-01.jpg
Original nodule image saved as output/crop1009/nodules-last-detected-on/2023-05-01/1/2023-05-01.jpg


@process_contour: max_id: 20230501_21
Moments: {'m00': 15.0, 'm10': 2715.0, 'm01': 1318.3333333333333, 'm20': 491433.5, 'm11': 238618.3333333333, 'm02': 115885.16666666666, 'm30': 88956160.5, 'm21': 43191541.7, 'm12': 20975215.166666668, 'm03': 10188239.100000001, 'mu20': 18.5, 'mu11': 0.0, 'mu02': 18.31481481481751, 'mu30': 0.0, 'mu21': -2.5777777698303908, 'mu12': 3.0995579436421394e-09, 'mu03': 1.225514406338334, 'nu20': 0.08222222222222222, 'nu11': 0.0, 'nu02': 0.08139917695474448, 'nu30': 0.0, 'nu21': -0.002958130480822755, 'nu12': 3.5568996433573072e-12, 'nu03': 0.0014063398181587072}
Centroid: 181, 87
Processing contour#14: area: 15.0 centroid: 181, 87 rectangle: (179, 86, 5, 5)
@find_dayJSON_match_for_contour: x: 179, y: 86, w: 5, h: 5, area: 15.0
Matched with JSON#1: (181, 87, 4, 74.0, 29.3137, 0.419135)
Match with input JSON(nodules) ID: 1
Matched contour: {'x': 181, 'y': 87, 'd': 4, 'a': 74.0, 'p': 29.3137, 'e': 0.419135, 'id': 1, 'tq': 100}
JSON_entry: 1
WARNING: match is empty
entry_id:20230501_21, entry saved to results list
created dirs at nodule_detection_path: output/crop1009/nodules-last-detected-on/2023-05-01/21/detection and nodule_images_original_path: output/crop1009/nodules-last-detected-on/2023-05-01/21
Segmented nodule image saved as output/crop1009/nodules-last-detected-on/2023-05-01/21/detection/2023-05-01.jpg
Original nodule image saved as output/crop1009/nodules-last-detected-on/2023-05-01/21/2023-05-01.jpg


@process_contour: max_id: 20230501_22
Moments: {'m00': 28.5, 'm10': 4221.166666666666, 'm01': 943.1666666666666, 'm20': 625290.0833333333, 'm11': 139702.54166666666, 'm02': 31271.75, 'm30': 92638603.55000001, 'm21': 20695753.516666666, 'm12': 4632285.516666667, 'm03': 1038790.55, 'mu20': 88.39814814832062, 'mu11': 9.07870370373712, 'mu02': 59.00048732943833, 'mu30': 9.044855952262878, 'mu21': -15.221583287710473, 'mu12': -9.015605372582286, 'mu03': -8.284886517794803, 'nu20': 0.10883120732326329, 'nu11': 0.011177228321005993, 'nu02': 0.07263833466228171, 'nu30': 0.0020858808870888625, 'nu21': -0.003510327839231434, 'nu12': -0.002079135260025918, 'nu03': -0.0019106204156678558}
Centroid: 148, 33
Processing contour#15: area: 28.5 centroid: 148, 33 rectangle: (145, 30, 8, 7)
@find_dayJSON_match_for_contour: x: 145, y: 30, w: 8, h: 7, area: 28.5
Matched with JSON#0: (147, 32, 6, 114.0, 38.9706, 0.656326)
Match with input JSON(nodules) ID: 0
Matched contour: {'x': 147, 'y': 32, 'd': 6, 'a': 114.0, 'p': 38.9706, 'e': 0.656326, 'id': 0, 'tq': 100}
JSON_entry: 0
Matched with first_id: 0 second_id: 0 name: 20230501_0
entry_id:20230501_0, entry saved to results list
created dirs at nodule_detection_path: output/crop1009/nodules-last-detected-on/2023-05-01/0/detection and nodule_images_original_path: output/crop1009/nodules-last-detected-on/2023-05-01/0
Segmented nodule image saved as output/crop1009/nodules-last-detected-on/2023-05-01/0/detection/2023-05-01.jpg
Original nodule image saved as output/crop1009/nodules-last-detected-on/2023-05-01/0/2023-05-01.jpg


Done analyzing contours, found 15 nodules.


results_entry: {'date': '20230501', 'json': 'output/crop1009/20230501/20230501.json', 'log': 'output/crop1009/20230501/crop1009_20230501.log', 'image': 'data/crop1009/20230501.jpg', 'plot': 'output/crop1009/plots/20230426_20230501.png', 'match_stats': {'i_dict': {0: 7, 1: 1}, 'average_tracking_quality': 35.25, 'distance_threshold': 20, 'lengths': {'matching': 8, 'unmatched_current': 7, 'unmatched_previous': 0}, 'averages': {'tq': -93.75, 'i': 0.125, 'dx': 3.875, 'dy': -16.5, 'dd': 0.0, 'da': -15.625, 'dp': -12.9663, 'de': -0.05}}}
