Current memory usage: 3946.625 MB
@analyze_image: file_name: data/crop1017/20230508.jpg, output_dir: output/crop1017, external_logger: <Logger data_crop1017.log (DEBUG)>
Loaded image & JSON file: data/crop1017/20230508.jpg
Scaled JSON data: scalar_position: 0.5, scalar_size: 0.5

@find_prev_next_date: image_output_dir: output/crop1017/20230508
data_dir: data/crop1017
Previous date file: data/crop1017/20230505.json, Next date file: data/crop1017/20230510.json


Loaded prev_results from JSON file: 20230505, length: 11
Scaled JSON data: scalar_position: 0.5, scalar_size: 0.5
Loaded next_results from JSON file: 20230510, length: 59
Scaled JSON data: scalar_position: 0.5, scalar_size: 0.5
prev_results is not empty, generating matching
Current memory usage: 3946.625 MB
current_date:20230508, generating Matching: 20230505_20230508_matching.json
spatial_distances: (36, 11), attribute_distances: (36, 11)
combined_distances: (36, 11)
Current memory usage: 3946.625 MB

@find_matching: combined_distances: (36, 11), next_matching: [{'id': '20230510_0', 'p': {'id': 0, 'tq': 72.0, 'dx': 5, 'dy': 1, 'dd': 0, 'da': -5.0, 'dp': -5.0, 'de': 0.31}, 'c': {'id': 0}, 'n': {}, 'i': 0}, {'id': '20230510_1', 'p': {'id': 1, 'tq': 54.0, 'dx': 5, 'dy': 1, 'dd': 1, 'da': 18.0, 'dp': 5.41, 'de': -0.14}, 'c': {'id': 1}, 'n': {}, 'i': 0}, {'id': '20230510_2', 'p': {'id': 2, 'tq': 70.0, 'dx': 3, 'dy': -2, 'dd': 0, 'da': 11.0, 'dp': 3.17, 'de': -0.02}, 'c': {'id': 2}, 'n': {}, 'i': 0}, {'id': '20230510_3', 'p': {'id': 3, 'tq': 53.0, 'dx': 0, 'dy': 1, 'dd': -1, 'da': -28.0, 'dp': -6.83, 'de': -0.08}, 'c': {'id': 3}, 'n': {}, 'i': 0}, {'id': '20230524_0', 'p': {'id': 4, 'tq': 59.0, 'dx': 3, 'dy': 0, 'dd': 1, 'da': 20.0, 'dp': 2.0, 'de': 0.19}, 'c': {'id': 4}, 'n': {'id': 2, 'dx': -1, 'dy': 1, 'dd': -1, 'da': -8.0, 'dp': -0.59, 'de': -0.01}, 'i': 6}, {'id': '20230512_3', 'p': {'id': 5, 'tq': 76.0, 'dx': 3, 'dy': 2, 'dd': 1, 'da': 7.0, 'dp': 1.66, 'de': 0.08}, 'c': {'id': 5}, 'n': {'id': 3, 'dx': 0, 'dy': 0, 'dd': 0, 'da': 23.0, 'dp': 4.83, 'de': 0.09}, 'i': 1}, {'id': '20230512_4', 'p': {'id': 6, 'tq': 59.0, 'dx': 3, 'dy': 0, 'dd': 0, 'da': 20.0, 'dp': 3.17, 'de': 0.14}, 'c': {'id': 6}, 'n': {'id': 4, 'dx': 0, 'dy': 1, 'dd': 1, 'da': 13.0, 'dp': 4.24, 'de': 0.03}, 'i': 1}, {'id': '20230519_2', 'p': {'id': 7, 'tq': 32.0, 'dx': 3, 'dy': 1, 'dd': 1, 'da': 37.0, 'dp': 7.41, 'de': -0.21}, 'c': {'id': 7}, 'n': {'id': 5, 'dx': 0, 'dy': 0, 'dd': 0, 'da': 13.0, 'dp': 1.76, 'de': 0.07}, 'i': 4}, {'id': '20230519_3', 'p': {'id': 8, 'tq': 81.0, 'dx': 0, 'dy': 1, 'dd': 0, 'da': 10.0, 'dp': 1.17, 'de': 0.1}, 'c': {'id': 8}, 'n': {'id': 6, 'dx': 1, 'dy': 0, 'dd': 1, 'da': 7.0, 'dp': 0.59, 'de': -0.12}, 'i': 4}, {'id': '20230519_4', 'p': {'id': 9, 'tq': 46.0, 'dx': 3, 'dy': 1, 'dd': 0, 'da': 28.0, 'dp': 5.41, 'de': 0.04}, 'c': {'id': 9}, 'n': {'id': 7, 'dx': 0, 'dy': 0, 'dd': 1, 'da': 10.0, 'dp': 2.0, 'de': 0.01}, 'i': 4}, {'id': '20230519_7', 'p': {'id': 11, 'tq': 20.0, 'dx': 3, 'dy': 1, 'dd': 1, 'da': 45.0, 'dp': 9.17, 'de': -0.05}, 'c': {'id': 11}, 'n': {'id': 9, 'dx': 0, 'dy': 0, 'dd': 0, 'da': -4.0, 'dp': -1.17, 'de': 0.02}, 'i': 4}, {'id': '20230510_11', 'p': {'id': 12, 'tq': -92.0, 'dx': 23, 'dy': -8, 'dd': 2, 'da': 70.0, 'dp': 12.0, 'de': -0.21}, 'c': {'id': 12}, 'n': {}, 'i': 0}, {'id': '20230510_12', 'p': {'id': 10, 'tq': -62.0, 'dx': -18, 'dy': 40, 'dd': 0, 'da': 5.0, 'dp': 3.17, 'de': -0.04}, 'c': {'id': 15}, 'n': {}, 'i': 0}, {'id': '20230531_23', 'p': {'id': 13, 'tq': -28.0, 'dx': 2, 'dy': 2, 'dd': 3, 'da': 76.0, 'dp': 20.49, 'de': -0.08}, 'c': {'id': 16}, 'n': {'id': 15, 'dx': 1, 'dy': -1, 'dd': 0, 'da': 15.0, 'dp': 2.83, 'de': -0.01}, 'i': 9}, {'id': '20230512_20', 'p': {'id': 14, 'tq': -21.0, 'dx': 8, 'dy': 8, 'dd': -1, 'da': -53.0, 'dp': -10.49, 'de': -0.08}, 'c': {'id': 20}, 'n': {'id': 21, 'dx': 0, 'dy': 0, 'dd': 1, 'da': 45.0, 'dp': 8.24, 'de': -0.02}, 'i': 1}, {'id': '20230607_28', 'p': {'id': 15, 'tq': 44.0, 'dx': 1, 'dy': 2, 'dd': 0, 'da': 32.0, 'dp': 4.59, 'de': 0.04}, 'c': {'id': 21}, 'n': {'id': 22, 'dx': 1, 'dy': -1, 'dd': 1, 'da': 29.0, 'dp': 4.83, 'de': -0.17}, 'i': 12}, {'id': '20230512_23', 'p': {'id': 16, 'tq': 71.0, 'dx': 2, 'dy': -1, 'dd': 0, 'da': 14.0, 'dp': 2.59, 'de': 0.1}, 'c': {'id': 23}, 'n': {'id': 25, 'dx': 0, 'dy': 0, 'dd': 0, 'da': 17.0, 'dp': 2.0, 'de': -0.08}, 'i': 1}, {'id': '20230524_26', 'p': {'id': 20, 'tq': 20.0, 'dx': -13, 'dy': -17, 'dd': 1, 'da': 3.0, 'dp': 0.83, 'de': 0.07}, 'c': {'id': 25}, 'n': {'id': 27, 'dx': 0, 'dy': 0, 'dd': 1, 'da': 44.0, 'dp': 9.07, 'de': 0.04}, 'i': 6}, {'id': '20230605_22', 'p': {'id': 17, 'tq': -20.0, 'dx': -5, 'dy': 12, 'dd': 1, 'da': 49.0, 'dp': 8.24, 'de': 0.09}, 'c': {'id': 26}, 'n': {'id': 29, 'dx': 1, 'dy': -1, 'dd': 1, 'da': 12.0, 'dp': 0.59, 'de': 0.0}, 'i': 11}, {'id': '20230515_31', 'p': {'id': 19, 'tq': 62.0, 'dx': 1, 'dy': -1, 'dd': 0, 'da': 22.0, 'dp': 3.41, 'de': 0.05}, 'c': {'id': 28}, 'n': {'id': 31, 'dx': -1, 'dy': 0, 'dd': 0, 'da': -9.0, 'dp': -0.83, 'de': 0.06}, 'i': 2}, {'id': '20230515_32', 'p': {'id': 21, 'tq': -42.0, 'dx': 13, 'dy': -32, 'dd': 1, 'da': 14.0, 'dp': 2.83, 'de': -0.04}, 'c': {'id': 29}, 'n': {'id': 32, 'dx': 0, 'dy': 0, 'dd': -1, 'da': -19.0, 'dp': -5.41, 'de': 0.26}, 'i': 2}, {'id': '20230510_21', 'p': {'id': 18, 'tq': -77.0, 'dx': 17, 'dy': 44, 'dd': -1, 'da': -7.0, 'dp': -3.59, 'de': -0.05}, 'c': {'id': 34}, 'n': {}, 'i': 0}, {'id': '20230607_54', 'p': {'id': 22, 'tq': 13.0, 'dx': -1, 'dy': 1, 'dd': 1, 'da': 54.0, 'dp': 9.66, 'de': 0.11}, 'c': {'id': 36}, 'n': {'id': 43, 'dx': 2, 'dy': -2, 'dd': 1, 'da': 13.0, 'dp': 2.83, 'de': 0.07}, 'i': 12}, {'id': '20230510_23', 'p': {'id': 28, 'tq': -146.0, 'dx': 24, 'dy': -43, 'dd': 1, 'da': 47.0, 'dp': 13.66, 'de': 0.37}, 'c': {'id': 37}, 'n': {}, 'i': 0}, {'id': '20230512_37', 'p': {'id': 23, 'tq': -23.0, 'dx': 0, 'dy': 0, 'dd': 3, 'da': 80.0, 'dp': 16.83, 'de': -0.16}, 'c': {'id': 38}, 'n': {'id': 45, 'dx': 1, 'dy': -1, 'dd': 1, 'da': 33.0, 'dp': 5.07, 'de': 0.2}, 'i': 1}, {'id': '20230512_38', 'p': {'id': 24, 'tq': 3.0, 'dx': 9, 'dy': -1, 'dd': 2, 'da': 42.0, 'dp': 10.66, 'de': -0.44}, 'c': {'id': 39}, 'n': {'id': 46, 'dx': -1, 'dy': -1, 'dd': 1, 'da': 29.0, 'dp': 6.24, 'de': 0.17}, 'i': 1}, {'id': '20230510_26', 'p': {'id': 25, 'tq': 30.0, 'dx': 18, 'dy': -1, 'dd': 0, 'da': -4.0, 'dp': -2.45, 'de': 0.07}, 'c': {'id': 42}, 'n': {}, 'i': 0}, {'id': '20230607_65', 'p': {'id': 26, 'tq': -70.0, 'dx': 0, 'dy': -1, 'dd': 3, 'da': 109.0, 'dp': 19.07, 'de': -0.02}, 'c': {'id': 44}, 'n': {'id': 52, 'dx': 1, 'dy': -1, 'dd': 1, 'da': 34.0, 'dp': 3.66, 'de': -0.07}, 'i': 12}, {'id': '20230607_66', 'p': {'id': 27, 'tq': -121.0, 'dx': -1, 'dy': -1, 'dd': 5, 'da': 140.0, 'dp': 32.73, 'de': -0.53}, 'c': {'id': 45}, 'n': {'id': 53, 'dx': 1, 'dy': -1, 'dd': 1, 'da': 48.0, 'dp': 7.07, 'de': 0.02}, 'i': 12}, {'id': '20230607_68', 'p': {'id': 29, 'tq': -86.0, 'dx': 0, 'dy': -1, 'dd': 4, 'da': 119.0, 'dp': 25.56, 'de': -0.3}, 'c': {'id': 47}, 'n': {'id': 55, 'dx': 1, 'dy': -1, 'dd': 1, 'da': 35.0, 'dp': 4.83, 'de': -0.12}, 'i': 12}, {'id': '20230510_30', 'p': {'id': 30, 'tq': 13.0, 'dx': -1, 'dy': 1, 'dd': 1, 'da': 54.0, 'dp': 8.49, 'de': 0.08}, 'c': {'id': 48}, 'n': {}, 'i': 0}, {'id': '20230510_31', 'p': {'id': 32, 'tq': -93.0, 'dx': -10, 'dy': -32, 'dd': -2, 'da': -49.0, 'dp': -11.07, 'de': 0.2}, 'c': {'id': 49}, 'n': {}, 'i': 0}, {'id': '20230515_60', 'p': {'id': 31, 'tq': 5.0, 'dx': -9, 'dy': -16, 'dd': 0, 'da': 20.0, 'dp': 4.59, 'de': -0.01}, 'c': {'id': 50}, 'n': {'id': 59, 'dx': 1, 'dy': -1, 'dd': 1, 'da': 34.0, 'dp': 7.66, 'de': 0.03}, 'i': 2}, {'id': '20230512_54', 'p': {'id': 33, 'tq': 22.0, 'dx': -2, 'dy': -2, 'dd': -1, 'da': -44.0, 'dp': -11.66, 'de': 0.11}, 'c': {'id': 54}, 'n': {'id': 66, 'dx': 2, 'dy': -1, 'dd': 1, 'da': 23.0, 'dp': 8.24, 'de': 0.0}, 'i': 1}, {'id': '20230510_34', 'p': {'id': 35, 'tq': -2294.0, 'dx': 9, 'dy': -68, 'dd': -16, 'da': -1384.0, 'dp': -381.9, 'de': -0.5}, 'c': {'id': 56}, 'n': {}, 'i': 0}, {'id': '20230522_83', 'p': {'id': 34, 'tq': -39.0, 'dx': -3, 'dy': -1, 'dd': 3, 'da': 84.0, 'dp': 14.24, 'de': -0.04}, 'c': {'id': 57}, 'n': {'id': 69, 'dx': 4, 'dy': -1, 'dd': -1, 'da': -9.0, 'dp': -0.59, 'de': -0.02}, 'i': 5}], current_date_string: 20230508, distance_threshold: 20
matched entry: {'id': '20230510_3', 'p': {'id': 3, 'tq': 53.0, 'dx': 0, 'dy': 1, 'dd': -1, 'da': -28.0, 'dp': -6.83, 'de': -0.08}, 'c': {'id': 3}, 'n': {}, 'i': 0}, len(matching): 0
matched entry: {'id': '20230524_0', 'p': {'id': 4, 'tq': 59.0, 'dx': 3, 'dy': 0, 'dd': 1, 'da': 20.0, 'dp': 2.0, 'de': 0.19}, 'c': {'id': 4}, 'n': {'id': 2, 'dx': -1, 'dy': 1, 'dd': -1, 'da': -8.0, 'dp': -0.59, 'de': -0.01}, 'i': 6}, len(matching): 1
matched entry: {'id': '20230512_4', 'p': {'id': 6, 'tq': 59.0, 'dx': 3, 'dy': 0, 'dd': 0, 'da': 20.0, 'dp': 3.17, 'de': 0.14}, 'c': {'id': 6}, 'n': {'id': 4, 'dx': 0, 'dy': 1, 'dd': 1, 'da': 13.0, 'dp': 4.24, 'de': 0.03}, 'i': 1}, len(matching): 2
matched entry: {'id': '20230519_2', 'p': {'id': 7, 'tq': 32.0, 'dx': 3, 'dy': 1, 'dd': 1, 'da': 37.0, 'dp': 7.41, 'de': -0.21}, 'c': {'id': 7}, 'n': {'id': 5, 'dx': 0, 'dy': 0, 'dd': 0, 'da': 13.0, 'dp': 1.76, 'de': 0.07}, 'i': 4}, len(matching): 3
matched entry: {'id': '20230519_3', 'p': {'id': 8, 'tq': 81.0, 'dx': 0, 'dy': 1, 'dd': 0, 'da': 10.0, 'dp': 1.17, 'de': 0.1}, 'c': {'id': 8}, 'n': {'id': 6, 'dx': 1, 'dy': 0, 'dd': 1, 'da': 7.0, 'dp': 0.59, 'de': -0.12}, 'i': 4}, len(matching): 4
tq < 0
matched entry: {'id': '20230510_26', 'p': {'id': 25, 'tq': 30.0, 'dx': 18, 'dy': -1, 'dd': 0, 'da': -4.0, 'dp': -2.45, 'de': 0.07}, 'c': {'id': 42}, 'n': {}, 'i': 0}, len(matching): 6
matched entry: {'id': '20230510_30', 'p': {'id': 30, 'tq': 13.0, 'dx': -1, 'dy': 1, 'dd': 1, 'da': 54.0, 'dp': 8.49, 'de': 0.08}, 'c': {'id': 48}, 'n': {}, 'i': 0}, len(matching): 7
matched entry: {'id': '20230515_60', 'p': {'id': 31, 'tq': 5.0, 'dx': -9, 'dy': -16, 'dd': 0, 'da': 20.0, 'dp': 4.59, 'de': -0.01}, 'c': {'id': 50}, 'n': {'id': 59, 'dx': 1, 'dy': -1, 'dd': 1, 'da': 34.0, 'dp': 7.66, 'de': 0.03}, 'i': 2}, len(matching): 8
matched entry: {'id': '20230512_54', 'p': {'id': 33, 'tq': 22.0, 'dx': -2, 'dy': -2, 'dd': -1, 'da': -44.0, 'dp': -11.66, 'de': 0.11}, 'c': {'id': 54}, 'n': {'id': 66, 'dx': 2, 'dy': -1, 'dd': 1, 'da': 23.0, 'dp': 8.24, 'de': 0.0}, 'i': 1}, len(matching): 9
tq < 0
i_dict: {0: 2, 1: 3, 2: 2, 3: 1, 5: 2, 7: 1}
tq_average: -119.2727, dx_average: -18.8182, dy_average: -31.5455, dd_average: -0.2727, da_average: -6.5455, dp_average: -0.5736, de_average: 0.04
average_tracking_quality: 36.4286
@find_matching:
Returning:
Matching(lenght=11): [{'id': '20230510_3', 'p': {'id': 0, 'tq': 33.0, 'dx': -4, 'dy': -3, 'dd': 1, 'da': 32.0, 'dp': 6.83, 'de': 0.13}, 'c': {'id': 3}, 'n': {'id': 3, 'dx': 0, 'dy': 1, 'dd': -1, 'da': -28.0, 'dp': -6.83, 'de': -0.08}, 'i': 1}, {'id': '20230524_0', 'p': {'id': 1, 'tq': 29.0, 'dx': -4, 'dy': 3, 'dd': 1, 'da': 35.0, 'dp': 6.0, 'de': -0.13}, 'c': {'id': 4}, 'n': {'id': 4, 'dx': 3, 'dy': 0, 'dd': 1, 'da': 20.0, 'dp': 2.0, 'de': 0.19}, 'i': 7}, {'id': '20230512_4', 'p': {'id': 3, 'tq': -27.0, 'dx': -3, 'dy': 0, 'dd': 3, 'da': 75.0, 'dp': 20.9, 'de': -0.12}, 'c': {'id': 6}, 'n': {'id': 6, 'dx': 3, 'dy': 0, 'dd': 0, 'da': 20.0, 'dp': 3.17, 'de': 0.14}, 'i': 2}, {'id': '20230519_2', 'p': {'id': 2, 'tq': 42.0, 'dx': 2, 'dy': 8, 'dd': 0, 'da': 19.0, 'dp': 3.66, 'de': 0.16}, 'c': {'id': 7}, 'n': {'id': 7, 'dx': 3, 'dy': 1, 'dd': 1, 'da': 37.0, 'dp': 7.41, 'de': -0.21}, 'i': 5}, {'id': '20230519_3', 'p': {'id': 4, 'tq': 30.0, 'dx': -5, 'dy': -1, 'dd': 1, 'da': 34.0, 'dp': 7.07, 'de': -0.12}, 'c': {'id': 8}, 'n': {'id': 8, 'dx': 0, 'dy': 1, 'dd': 0, 'da': 10.0, 'dp': 1.17, 'de': 0.1}, 'i': 5}, {'id': '20230508_5', 'p': {'id': 5, 'tq': 65.0, 'dx': -4, 'dy': 1, 'dd': 0, 'da': 13.0, 'dp': 4.24, 'de': 0.01}, 'c': {'id': 12}, 'n': {}, 'i': 0}, {'id': '20230510_26', 'p': {'id': 7, 'tq': -422.0, 'dx': -27, 'dy': -141, 'dd': -1, 'da': -12.0, 'dp': -5.38, 'de': 0.15}, 'c': {'id': 25}, 'n': {'id': 42, 'dx': 18, 'dy': -1, 'dd': 0, 'da': -4.0, 'dp': -2.45, 'de': 0.07}, 'i': 1}, {'id': '20230510_30', 'p': {'id': 6, 'tq': 39.0, 'dx': -13, 'dy': 8, 'dd': 0, 'da': -5.0, 'dp': -0.24, 'de': 0.22}, 'c': {'id': 30}, 'n': {'id': 48, 'dx': -1, 'dy': 1, 'dd': 1, 'da': 54.0, 'dp': 8.49, 'de': 0.08}, 'i': 1}, {'id': '20230515_60', 'p': {'id': 10, 'tq': -671.0, 'dx': -40, 'dy': -140, 'dd': -4, 'da': -172.0, 'dp': -28.73, 'de': 0.18}, 'c': {'id': 31}, 'n': {'id': 50, 'dx': -9, 'dy': -16, 'dd': 0, 'da': 20.0, 'dp': 4.59, 'de': -0.01}, 'i': 3}, {'id': '20230512_54', 'p': {'id': 8, 'tq': -447.0, 'dx': -111, 'dy': -82, 'dd': -2, 'da': -41.0, 'dp': -11.0, 'de': -0.16}, 'c': {'id': 33}, 'n': {'id': 54, 'dx': -2, 'dy': -2, 'dd': -1, 'da': -44.0, 'dp': -11.66, 'de': 0.11}, 'i': 2}, {'id': '20230508_10', 'p': {'id': 9, 'tq': 17.0, 'dx': 2, 'dy': 0, 'dd': -2, 'da': -50.0, 'dp': -9.66, 'de': 0.12}, 'c': {'id': 34}, 'n': {}, 'i': 0}]
Unmatched current(length=25): {0, 1, 2, 5, 9, 10, 11, 13, 14, 15, 16, 17, 18, 19, 20, 21, 22, 23, 24, 26, 27, 28, 29, 32, 35}
Unmatched previous(length=0): set()
Distance threshold: 20



@plot_data: normalized_points: (36, 2), normalized_prev_points: (11, 2), current_points: (36, 2), prev_points: (11, 2), current_data: 36, prev_data: 11, matching: 11, unmatched_current: 25, unmatched_prev: 0, combined_distances: (36, 11), distance_threshold: 20, current_date_string: 20230508, previous_date_string: 20230505, filename: output/crop1017/plots/20230505_20230508.png
Plots created
Plotted the normalized points
Drawing lines between the matched points
Plotting the unmatched points
Plotted the original points with diameter as size
Drawing lines between the matched points and add the indices to the plots with color coding
Setting the titles and labels
Done plotting

@process_image: output_dir: output/crop1017/20230508, image_name: 20230508, date_string: 20230508
len(json_data) = 36 json_data entries
len(matching) = 11 matching entries, setting max_id_i to 11
crop_dir: output/crop1017
nodules_dir: output/crop1017/nodules-last-detected-on
Split image into left and right images: (705, 300, 3), (705, 300, 3)
Converted right image to HSV: (705, 300, 3)
Created mask to detect nodules: (705, 300)

Found 36 contours in mask, processing each contour...

@process_contour: max_id: 20230508_11
Moments: {'m00': 220.0, 'm10': 57957.33333333333, 'm01': 154567.5, 'm20': 15407226.0, 'm11': 40717107.416666664, 'm02': 108596186.5, 'm30': 4130449092.8, 'm21': 10823490602.116667, 'm12': 28605290348.85, 'm03': 76297771996.35, 'mu20': 138805.6040404085, 'mu11': -2529.492424234748, 'mu02': 222.60795456171036, 'mu30': -1602445.144586563, 'mu21': 21513.553900420666, 'mu12': 2053.0828803394907, 'mu03': -152.50808715820312, 'nu20': 2.8678843810001755, 'nu11': -0.05226224017013941, 'nu02': 0.004599337904167569, 'nu30': -2.232165901002378, 'nu21': 0.029967841075948673, 'nu12': 0.0028598929660134742, 'nu03': -0.00021243994088138984}
Centroid: 263, 702
Processing contour#1: area: 220.0 centroid: 263, 702 rectangle: (201, 700, 99, 5)
@find_dayJSON_match_for_contour: x: 201, y: 700, w: 99, h: 5, area: 220.0
Matched with JSON#35: (258, 702, 21, 1464.0, 414.0416, 0.999059)
Match with input JSON(nodules) ID: 35
Matched contour: {'x': 258, 'y': 702, 'd': 21, 'a': 1464.0, 'p': 414.0416, 'e': 0.999059, 'id': 35, 'tq': 100}
JSON_entry: 35
WARNING: match is empty
entry_id:20230508_11, entry saved to results list
WARNING: right_nodule_img.shape != (50, 50, 3) != (28, 50, 3)
@process_contour: max_id: 20230508_12
Moments: {'m00': 16.0, 'm10': 2192.0, 'm01': 10612.0, 'm20': 300322.6666666666, 'm11': 1453844.0, 'm02': 7038432.0, 'm30': 41149320.0, 'm21': 199189009.0, 'm12': 964265184.0, 'm03': 4668270534.0, 'mu20': 18.66666666662786, 'mu11': 0.0, 'mu02': 23.0, 'mu30': 1.4901161193847656e-08, 'mu21': 0.33333335907082073, 'mu12': 0.0, 'mu03': 0.5, 'nu20': 0.07291666666651508, 'nu11': 0.0, 'nu02': 0.08984375, 'nu30': 1.4551915228366852e-11, 'nu21': 0.0003255208584675984, 'nu12': 0.0, 'nu03': 0.00048828125}
Centroid: 137, 663
Processing contour#2: area: 16.0 centroid: 137, 663 rectangle: (135, 661, 5, 6)
@find_dayJSON_match_for_contour: x: 135, y: 661, w: 5, h: 6, area: 16.0
Matched with JSON#34: (136, 663, 4, 73.0, 30.1421, 0.698003)
Match with input JSON(nodules) ID: 34
Matched contour: {'x': 136, 'y': 663, 'd': 4, 'a': 73.0, 'p': 30.1421, 'e': 0.698003, 'id': 34, 'tq': 100}
JSON_entry: 34
Matched with first_id: 34 second_id: 9 name: 20230508_10
entry_id:20230508_10, entry saved to results list
created dirs at nodule_detection_path: output/crop1017/nodules-last-detected-on/2023-05-08/10/detection and nodule_images_original_path: output/crop1017/nodules-last-detected-on/2023-05-08/10
Segmented nodule image saved as output/crop1017/nodules-last-detected-on/2023-05-08/10/detection/2023-05-08.jpg
Original nodule image saved as output/crop1017/nodules-last-detected-on/2023-05-08/10/2023-05-08.jpg


@process_contour: max_id: 20230508_13
Moments: {'m00': 13.5, 'm10': 2121.333333333333, 'm01': 7440.833333333333, 'm20': 333353.0833333333, 'm11': 1169220.9583333333, 'm02': 4101199.583333333, 'm30': 52386625.7, 'm21': 183735054.06666666, 'm12': 644444894.9, 'm03': 2260485633.4500003, 'mu20': 15.667695473355707, 'mu11': -0.35853909444995224, 'mu02': 14.34670781949535, 'mu30': -2.4669461101293564, 'mu21': 1.246352145297351, 'mu12': 2.520852920680227, 'mu03': -1.3087382316589355, 'nu20': 0.08596815074543597, 'nu11': -0.0019672926993138666, 'nu02': 0.07871993316595527, 'nu30': -0.003684047671245675, 'nu21': 0.0018612570009459962, 'nu12': 0.0037645501431313715, 'nu03': -0.0019544221151877807}
Centroid: 157, 551
Processing contour#3: area: 13.5 centroid: 157, 551 rectangle: (155, 549, 5, 5)
@find_dayJSON_match_for_contour: x: 155, y: 549, w: 5, h: 5, area: 13.5
Matched with JSON#33: (157, 551, 4, 77.0, 30.1421, 0.339932)
Match with input JSON(nodules) ID: 33
Matched contour: {'x': 157, 'y': 551, 'd': 4, 'a': 77.0, 'p': 30.1421, 'e': 0.339932, 'id': 33, 'tq': 100}
JSON_entry: 33
Matched with first_id: 33 second_id: 8 name: 20230512_54
entry_id:20230512_54, entry saved to results list
created dirs at nodule_detection_path: output/crop1017/nodules-last-detected-on/2023-05-12/54/detection and nodule_images_original_path: output/crop1017/nodules-last-detected-on/2023-05-12/54
Segmented nodule image saved as output/crop1017/nodules-last-detected-on/2023-05-12/54/detection/2023-05-08.jpg
Original nodule image saved as output/crop1017/nodules-last-detected-on/2023-05-12/54/2023-05-08.jpg


@process_contour: max_id: 20230508_14
Moments: {'m00': 26.5, 'm10': 1054.6666666666665, 'm01': 14246.0, 'm20': 42037.25, 'm11': 566971.7916666666, 'm02': 7658486.583333333, 'm30': 1678042.3, 'm21': 22598494.883333333, 'm12': 304796955.18333334, 'm03': 4117142723.9, 'mu20': 62.84329140462796, 'mu11': -1.0888364779530093, 'mu02': 52.01729559712112, 'mu30': 10.459144547581673, 'mu21': -9.52349393388431, 'mu12': -6.832765657290565, 'mu03': 9.071592330932617, 'nu20': 0.08948848900623418, 'nu11': -0.0015504969426173147, 'nu02': 0.0740723326409699, 'nu30': 0.002893220144227025, 'nu21': -0.002634399435593306, 'nu12': -0.0018900872007765225, 'nu03': 0.0025093939138778015}
Centroid: 39, 537
Processing contour#4: area: 26.5 centroid: 39, 537 rectangle: (37, 535, 7, 7)
@find_dayJSON_match_for_contour: x: 37, y: 535, w: 7, h: 7, area: 26.5
Matched with JSON#32: (39, 537, 5, 86.0, 32.1421, 0.540269)
Match with input JSON(nodules) ID: 32
Matched contour: {'x': 39, 'y': 537, 'd': 5, 'a': 86.0, 'p': 32.1421, 'e': 0.540269, 'id': 32, 'tq': 100}
JSON_entry: 32
WARNING: match is empty
entry_id:20230508_14, entry saved to results list
created dirs at nodule_detection_path: output/crop1017/nodules-last-detected-on/2023-05-08/14/detection and nodule_images_original_path: output/crop1017/nodules-last-detected-on/2023-05-08/14
Segmented nodule image saved as output/crop1017/nodules-last-detected-on/2023-05-08/14/detection/2023-05-08.jpg
Original nodule image saved as output/crop1017/nodules-last-detected-on/2023-05-08/14/2023-05-08.jpg


@process_contour: max_id: 20230508_15
Moments: {'m00': 12.0, 'm10': 1536.3333333333333, 'm01': 6368.333333333333, 'm20': 196708.0, 'm11': 815322.3333333333, 'm02': 3379649.0, 'm30': 25187844.1, 'm21': 104391526.03333333, 'm12': 432687643.2, 'm03': 1793571436.1000001, 'mu20': 14.65740740741603, 'mu11': -1.2314814813435078, 'mu02': 9.879629630595446, 'mu30': 2.878292180597782, 'mu21': -1.4167695640662714, 'mu12': -0.8581276607387736, 'mu03': 1.498661994934082, 'nu20': 0.10178755144038909, 'nu11': -0.008551954731552137, 'nu02': 0.06860853910135725, 'nu30': 0.005770079046092098, 'nu21': -0.0028401815596990642, 'nu12': -0.0017202785969673427, 'nu03': 0.003004350368748103}
Centroid: 128, 530
Processing contour#5: area: 12.0 centroid: 128, 530 rectangle: (126, 529, 6, 5)
@find_dayJSON_match_for_contour: x: 126, y: 529, w: 6, h: 5, area: 12.0
Matched with JSON#31: (128, 530, 4, 54.0, 24.7279, 0.501872)
Match with input JSON(nodules) ID: 31
Matched contour: {'x': 128, 'y': 530, 'd': 4, 'a': 54.0, 'p': 24.7279, 'e': 0.501872, 'id': 31, 'tq': 100}
JSON_entry: 31
Matched with first_id: 31 second_id: 10 name: 20230515_60
entry_id:20230515_60, entry saved to results list
created dirs at nodule_detection_path: output/crop1017/nodules-last-detected-on/2023-05-15/60/detection and nodule_images_original_path: output/crop1017/nodules-last-detected-on/2023-05-15/60
Segmented nodule image saved as output/crop1017/nodules-last-detected-on/2023-05-15/60/detection/2023-05-08.jpg
Original nodule image saved as output/crop1017/nodules-last-detected-on/2023-05-15/60/2023-05-08.jpg


@process_contour: max_id: 20230508_16
Moments: {'m00': 35.5, 'm10': 5600.833333333333, 'm01': 17533.5, 'm20': 883754.9166666666, 'm11': 2766270.708333333, 'm02': 8659915.916666666, 'm30': 139465197.45000002, 'm21': 436491349.95, 'm12': 1366285643.8166666, 'm03': 4277239070.8500004, 'mu20': 111.70461658842396, 'mu11': 11.236502347048372, 'mu02': 95.57159624248743, 'mu30': -21.525888442993164, 'mu21': 6.318203021102818, 'mu12': 16.764318678824566, 'mu03': -3.3483214378356934, 'nu20': 0.08863687092912038, 'nu11': 0.008916089940129634, 'nu02': 0.07583542649671686, 'nu30': -0.002866752517696331, 'nu21': 0.0008414391102151647, 'nu12': 0.0022326211021328392, 'nu03': -0.000445919290968757}
Centroid: 157, 493
Processing contour#6: area: 35.5 centroid: 157, 493 rectangle: (154, 490, 8, 8)
@find_dayJSON_match_for_contour: x: 154, y: 490, w: 8, h: 8, area: 35.5
Matched with JSON#30: (157, 493, 6, 137.0, 41.5563, 0.510229)
Match with input JSON(nodules) ID: 30
Matched contour: {'x': 157, 'y': 493, 'd': 6, 'a': 137.0, 'p': 41.5563, 'e': 0.510229, 'id': 30, 'tq': 100}
JSON_entry: 30
Matched with first_id: 30 second_id: 6 name: 20230510_30
entry_id:20230510_30, entry saved to results list
created dirs at nodule_detection_path: output/crop1017/nodules-last-detected-on/2023-05-10/30/detection and nodule_images_original_path: output/crop1017/nodules-last-detected-on/2023-05-10/30
Segmented nodule image saved as output/crop1017/nodules-last-detected-on/2023-05-10/30/detection/2023-05-08.jpg
Original nodule image saved as output/crop1017/nodules-last-detected-on/2023-05-10/30/2023-05-08.jpg


@process_contour: max_id: 20230508_17
Moments: {'m00': 3.0, 'm10': 477.0, 'm01': 1443.6666666666665, 'm20': 75843.83333333333, 'm11': 229543.0, 'm02': 694725.1666666666, 'm30': 12059434.5, 'm21': 36497738.13333333, 'm12': 110461301.5, 'm03': 334317847.90000004, 'mu20': 0.8333333333284827, 'mu11': 2.9103830456733704e-11, 'mu02': 0.6851851852843538, 'mu30': 1.862645149230957e-09, 'mu21': 0.1148148092017891, 'mu12': -1.2456439435482025e-08, 'mu03': -0.08971196413040161, 'nu20': 0.09259259259205363, 'nu11': 3.233758939637078e-12, 'nu02': 0.07613168725381708, 'nu30': 1.1948874203480484e-10, 'nu21': 0.007365373444400939, 'nu12': -7.990809623577574e-10, 'nu03': -0.00575502518224638}
Centroid: 159, 481
Processing contour#7: area: 3.0 centroid: 159, 481 rectangle: (158, 480, 3, 3)
@find_dayJSON_match_for_contour: x: 158, y: 480, w: 3, h: 3, area: 3.0
Matched with JSON#29: (159, 481, 2, 26.0, 16.8284, 0.640938)
Match with input JSON(nodules) ID: 29
Matched contour: {'x': 159, 'y': 481, 'd': 2, 'a': 26.0, 'p': 16.8284, 'e': 0.640938, 'id': 29, 'tq': 100}
JSON_entry: 29
WARNING: match is empty
entry_id:20230508_17, entry saved to results list
created dirs at nodule_detection_path: output/crop1017/nodules-last-detected-on/2023-05-08/17/detection and nodule_images_original_path: output/crop1017/nodules-last-detected-on/2023-05-08/17
Segmented nodule image saved as output/crop1017/nodules-last-detected-on/2023-05-08/17/detection/2023-05-08.jpg
Original nodule image saved as output/crop1017/nodules-last-detected-on/2023-05-08/17/2023-05-08.jpg


@process_contour: max_id: 20230508_18
Moments: {'m00': 14.0, 'm10': 449.0, 'm01': 6744.833333333333, 'm20': 14417.333333333332, 'm11': 216318.0833333333, 'm02': 3249499.5, 'm30': 463489.5, 'm21': 6945996.45, 'm12': 104217675.75, 'm03': 1565538642.3500001, 'mu20': 17.26190476190459, 'mu11': 1.642857142869616, 'mu02': 15.450396826025099, 'mu30': -2.204081632546149, 'mu21': -2.53072562239322, 'mu12': 1.671768708586967, 'mu03': 1.996211051940918, 'nu20': 0.08807094266277851, 'nu11': 0.008381924198314366, 'nu02': 0.07882855523482192, 'nu30': -0.0030054367060747328, 'nu21': -0.003450841187655128, 'nu12': 0.0022795866390167485, 'nu03': 0.0027219890043930447}
Centroid: 32, 481
Processing contour#8: area: 14.0 centroid: 32, 481 rectangle: (30, 480, 5, 5)
@find_dayJSON_match_for_contour: x: 30, y: 480, w: 5, h: 5, area: 14.0
Matched with JSON#28: (31, 481, 4, 63.0, 27.3137, 0.419604)
Match with input JSON(nodules) ID: 28
Matched contour: {'x': 31, 'y': 481, 'd': 4, 'a': 63.0, 'p': 27.3137, 'e': 0.419604, 'id': 28, 'tq': 100}
JSON_entry: 28
WARNING: match is empty
entry_id:20230508_18, entry saved to results list
created dirs at nodule_detection_path: output/crop1017/nodules-last-detected-on/2023-05-08/18/detection and nodule_images_original_path: output/crop1017/nodules-last-detected-on/2023-05-08/18
Segmented nodule image saved as output/crop1017/nodules-last-detected-on/2023-05-08/18/detection/2023-05-08.jpg
Original nodule image saved as output/crop1017/nodules-last-detected-on/2023-05-08/18/2023-05-08.jpg


@process_contour: max_id: 20230508_19
Moments: {'m00': 1.0, 'm10': 108.5, 'm01': 470.5, 'm20': 11772.333333333332, 'm11': 51049.25, 'm02': 221370.3333333333, 'm30': 1277316.25, 'm21': 5538882.833333333, 'm12': 24018681.166666668, 'm03': 104154820.25, 'mu20': 0.08333333333212067, 'mu11': 0.0, 'mu02': 0.08333333331393078, 'mu30': 4.656612873077393e-10, 'mu21': 2.601154847070575e-10, 'mu12': 3.346940502524376e-09, 'mu03': 2.9802322387695312e-08, 'nu20': 0.08333333333212067, 'nu11': 0.0, 'nu02': 0.08333333331393078, 'nu30': 4.656612873077393e-10, 'nu21': 2.601154847070575e-10, 'nu12': 3.346940502524376e-09, 'nu03': 2.9802322387695312e-08}
Centroid: 108, 470
Processing contour#9: area: 1.0 centroid: 108, 470 rectangle: (108, 470, 2, 2)
@find_dayJSON_match_for_contour: x: 108, y: 470, w: 2, h: 2, area: 1.0
Matched with JSON#27: (108, 470, 1, 11.0, 10.8284, 0.884925)
Match with input JSON(nodules) ID: 27
Matched contour: {'x': 108, 'y': 470, 'd': 1, 'a': 11.0, 'p': 10.8284, 'e': 0.884925, 'id': 27, 'tq': 100}
JSON_entry: 27
WARNING: match is empty
entry_id:20230508_19, entry saved to results list
created dirs at nodule_detection_path: output/crop1017/nodules-last-detected-on/2023-05-08/19/detection and nodule_images_original_path: output/crop1017/nodules-last-detected-on/2023-05-08/19
Segmented nodule image saved as output/crop1017/nodules-last-detected-on/2023-05-08/19/detection/2023-05-08.jpg
Original nodule image saved as output/crop1017/nodules-last-detected-on/2023-05-08/19/2023-05-08.jpg


@process_contour: max_id: 20230508_20
Moments: {'m00': 17.5, 'm10': 1444.8333333333333, 'm01': 8198.166666666666, 'm20': 119313.91666666666, 'm11': 676855.0416666666, 'm02': 3840591.9166666665, 'm30': 9855032.450000001, 'm21': 55894390.68333333, 'm12': 317085446.65, 'm03': 1799211880.0500002, 'mu20': 25.724603174603544, 'mu11': -1.2138888888293877, 'mu02': 24.105555555783212, 'mu30': 0.48092214949429035, 'mu21': -1.702486771662734, 'mu12': -0.07021165088326597, 'mu03': 1.5237038135528564, 'nu20': 0.0839987042436034, 'nu11': -0.003963718820667388, 'nu02': 0.07871201814133293, 'nu30': 0.0003753873710616607, 'nu21': -0.0013288887487377312, 'nu12': -5.48042278166713e-05, 'nu03': 0.001189338377214885}
Centroid: 82, 468
Processing contour#10: area: 17.5 centroid: 82, 468 rectangle: (80, 466, 6, 6)
@find_dayJSON_match_for_contour: x: 80, y: 466, w: 6, h: 6, area: 17.5
Matched with JSON#26: (82, 468, 4, 64.0, 28.1421, 0.287558)
Match with input JSON(nodules) ID: 26
Matched contour: {'x': 82, 'y': 468, 'd': 4, 'a': 64.0, 'p': 28.1421, 'e': 0.287558, 'id': 26, 'tq': 100}
JSON_entry: 26
WARNING: match is empty
entry_id:20230508_20, entry saved to results list
created dirs at nodule_detection_path: output/crop1017/nodules-last-detected-on/2023-05-08/20/detection and nodule_images_original_path: output/crop1017/nodules-last-detected-on/2023-05-08/20
Segmented nodule image saved as output/crop1017/nodules-last-detected-on/2023-05-08/20/detection/2023-05-08.jpg
Original nodule image saved as output/crop1017/nodules-last-detected-on/2023-05-08/20/2023-05-08.jpg


@process_contour: max_id: 20230508_21
Moments: {'m00': 3.0, 'm10': 714.0, 'm01': 1356.6666666666665, 'm20': 169932.8333333333, 'm11': 322886.6666666666, 'm02': 613515.5, 'm30': 40444411.0, 'm21': 76847403.63333333, 'm12': 146016689.0, 'm03': 277445962.40000004, 'mu20': 0.8333333333139308, 'mu11': 0.0, 'mu02': 0.6851851852843538, 'mu30': 1.4901161193847656e-08, 'mu21': 0.11481482557593381, 'mu12': 2.1653249859809875e-08, 'mu03': -0.08971196413040161, 'nu20': 0.09259259259043674, 'nu11': 0.0, 'nu02': 0.07613168725381708, 'nu30': 9.559099362784387e-10, 'nu21': 0.007365374494802812, 'nu12': 1.3890566261546063e-09, 'nu03': -0.00575502518224638}
Centroid: 238, 452
Processing contour#11: area: 3.0 centroid: 238, 452 rectangle: (237, 451, 3, 3)
@find_dayJSON_match_for_contour: x: 237, y: 451, w: 3, h: 3, area: 3.0
Matched with JSON#25: (238, 452, 1, 12.0, 10.864, 0.716668)
Match with input JSON(nodules) ID: 25
Matched contour: {'x': 238, 'y': 452, 'd': 1, 'a': 12.0, 'p': 10.864, 'e': 0.716668, 'id': 25, 'tq': 100}
JSON_entry: 25
Matched with first_id: 25 second_id: 7 name: 20230510_26
entry_id:20230510_26, entry saved to results list
created dirs at nodule_detection_path: output/crop1017/nodules-last-detected-on/2023-05-10/26/detection and nodule_images_original_path: output/crop1017/nodules-last-detected-on/2023-05-10/26
Segmented nodule image saved as output/crop1017/nodules-last-detected-on/2023-05-10/26/detection/2023-05-08.jpg
Original nodule image saved as output/crop1017/nodules-last-detected-on/2023-05-10/26/2023-05-08.jpg


@process_contour: max_id: 20230508_22
Moments: {'m00': 6.0, 'm10': 213.0, 'm01': 2670.0, 'm20': 7566.0, 'm11': 94785.0, 'm02': 1188152.0, 'm30': 268912.5, 'm21': 3366870.0, 'm12': 42179396.0, 'm03': 528729420.0, 'mu20': 4.5, 'mu11': 0.0, 'mu02': 2.0, 'mu30': 0.0, 'mu21': 0.0, 'mu12': 0.0, 'mu03': 0.0, 'nu20': 0.125, 'nu11': 0.0, 'nu02': 0.05555555555555555, 'nu30': 0.0, 'nu21': 0.0, 'nu12': 0.0, 'nu03': 0.0}
Centroid: 35, 445
Processing contour#12: area: 6.0 centroid: 35, 445 rectangle: (34, 444, 4, 3)
@find_dayJSON_match_for_contour: x: 34, y: 444, w: 4, h: 3, area: 6.0
Matched with JSON#24: (35, 444, 2, 25.0, 16.6569, 0.73858)
Match with input JSON(nodules) ID: 24
Matched contour: {'x': 35, 'y': 444, 'd': 2, 'a': 25.0, 'p': 16.6569, 'e': 0.73858, 'id': 24, 'tq': 100}
JSON_entry: 24
WARNING: match is empty
entry_id:20230508_22, entry saved to results list
created dirs at nodule_detection_path: output/crop1017/nodules-last-detected-on/2023-05-08/22/detection and nodule_images_original_path: output/crop1017/nodules-last-detected-on/2023-05-08/22
Segmented nodule image saved as output/crop1017/nodules-last-detected-on/2023-05-08/22/detection/2023-05-08.jpg
Original nodule image saved as output/crop1017/nodules-last-detected-on/2023-05-08/22/2023-05-08.jpg


@process_contour: max_id: 20230508_23
Moments: {'m00': 8.0, 'm10': 1356.0, 'm01': 3546.833333333333, 'm20': 229847.3333333333, 'm11': 601188.25, 'm02': 1572508.5, 'm30': 38960931.0, 'm21': 101903772.11666666, 'm12': 266540190.75, 'm03': 697182774.35, 'mu20': 5.333333333313931, 'mu11': 0.0, 'mu02': 5.163194444729015, 'mu30': 7.450580596923828e-09, 'mu21': -0.8138888872404095, 'mu12': -3.8300640881061554e-08, 'mu03': 0.5087093114852905, 'nu20': 0.08333333333303017, 'nu11': 0.0, 'nu02': 0.08067491319889086, 'nu30': 4.1159031748919956e-11, 'nu21': -0.004496143369531773, 'nu12': -2.1158314758429164e-10, 'nu03': 0.002810248467218661}
Centroid: 169, 443
Processing contour#13: area: 8.0 centroid: 169, 443 rectangle: (168, 442, 4, 4)
@find_dayJSON_match_for_contour: x: 168, y: 442, w: 4, h: 4, area: 8.0
Matched with JSON#23: (169, 442, 3, 42.0, 21.8995, 0.462065)
Match with input JSON(nodules) ID: 23
Matched contour: {'x': 169, 'y': 442, 'd': 3, 'a': 42.0, 'p': 21.8995, 'e': 0.462065, 'id': 23, 'tq': 100}
JSON_entry: 23
WARNING: match is empty
entry_id:20230508_23, entry saved to results list
created dirs at nodule_detection_path: output/crop1017/nodules-last-detected-on/2023-05-08/23/detection and nodule_images_original_path: output/crop1017/nodules-last-detected-on/2023-05-08/23
Segmented nodule image saved as output/crop1017/nodules-last-detected-on/2023-05-08/23/detection/2023-05-08.jpg
Original nodule image saved as output/crop1017/nodules-last-detected-on/2023-05-08/23/2023-05-08.jpg


@process_contour: max_id: 20230508_24
Moments: {'m00': 0.0, 'm10': 0.0, 'm01': 0.0, 'm20': 0.0, 'm11': 0.0, 'm02': 0.0, 'm30': 0.0, 'm21': 0.0, 'm12': 0.0, 'm03': 0.0, 'mu20': 0.0, 'mu11': 0.0, 'mu02': 0.0, 'mu30': 0.0, 'mu21': 0.0, 'mu12': 0.0, 'mu03': 0.0, 'nu20': 0.0, 'nu11': 0.0, 'nu02': 0.0, 'nu30': 0.0, 'nu21': 0.0, 'nu12': 0.0, 'nu03': 0.0}
Skipping contour#14 because area is 0.


@process_contour: max_id: 20230508_25
Moments: {'m00': 24.5, 'm10': 5987.666666666666, 'm01': 10709.833333333332, 'm20': 1463396.25, 'm11': 2617423.458333333, 'm02': 4681709.083333333, 'm30': 357667151.8, 'm21': 639702521.5666666, 'm12': 1144182883.4333334, 'm03': 2046591739.95, 'mu20': 43.102607710054144, 'mu11': -1.5235260766930878, 'mu02': 54.79648526199162, 'mu30': 4.275719881057739, 'mu21': 3.469018139752734, 'mu12': -5.8680881522068375, 'mu03': -3.7276155948638916, 'nu20': 0.0718077596169165, 'nu11': -0.0025381525642533737, 'nu02': 0.09128943817074821, 'nu30': 0.001439110143321266, 'nu21': 0.001167592670043815, 'nu12': -0.0019750651157379147, 'nu03': -0.0012546306966311576}
Centroid: 244, 437
Processing contour#15: area: 24.5 centroid: 244, 437 rectangle: (242, 434, 6, 7)
@find_dayJSON_match_for_contour: x: 242, y: 434, w: 6, h: 7, area: 24.5
Matched with JSON#22: (244, 437, 5, 87.0, 32.1421, 0.334967)
Match with input JSON(nodules) ID: 22
Matched contour: {'x': 244, 'y': 437, 'd': 5, 'a': 87.0, 'p': 32.1421, 'e': 0.334967, 'id': 22, 'tq': 100}
JSON_entry: 22
WARNING: match is empty
entry_id:20230508_25, entry saved to results list
created dirs at nodule_detection_path: output/crop1017/nodules-last-detected-on/2023-05-08/25/detection and nodule_images_original_path: output/crop1017/nodules-last-detected-on/2023-05-08/25
Segmented nodule image saved as output/crop1017/nodules-last-detected-on/2023-05-08/25/detection/2023-05-08.jpg
Original nodule image saved as output/crop1017/nodules-last-detected-on/2023-05-08/25/2023-05-08.jpg


@process_contour: max_id: 20230508_26
Moments: {'m00': 13.5, 'm10': 456.66666666666663, 'm01': 5616.166666666666, 'm20': 15462.083333333332, 'm11': 189981.79166666666, 'm02': 2336410.583333333, 'm30': 524010.30000000005, 'm21': 6432608.933333334, 'm12': 79036481.26666667, 'm03': 971988887.0500001, 'mu20': 14.346707818931463, 'mu11': 2.820473251049407, 'mu02': 15.914609053637832, 'mu30': 1.3087385053513572, 'mu21': 0.5595463090412522, 'mu12': -1.2186125148731435, 'mu03': -1.5394551753997803, 'nu20': 0.07871993316286124, 'nu11': 0.015475847742383576, 'nu02': 0.0873229577703036, 'nu30': 0.001954422523910097, 'nu21': 0.0008356061238279126, 'nu12': -0.0018198316449376485, 'nu03': -0.002298966414641817}
Centroid: 33, 416
Processing contour#16: area: 13.5 centroid: 33, 416 rectangle: (32, 414, 5, 5)
@find_dayJSON_match_for_contour: x: 32, y: 414, w: 5, h: 5, area: 13.5
Matched with JSON#21: (33, 415, 3, 39.0, 21.8995, 0.423366)
Match with input JSON(nodules) ID: 21
Matched contour: {'x': 33, 'y': 415, 'd': 3, 'a': 39.0, 'p': 21.8995, 'e': 0.423366, 'id': 21, 'tq': 100}
JSON_entry: 21
WARNING: match is empty
entry_id:20230508_26, entry saved to results list
created dirs at nodule_detection_path: output/crop1017/nodules-last-detected-on/2023-05-08/26/detection and nodule_images_original_path: output/crop1017/nodules-last-detected-on/2023-05-08/26
Segmented nodule image saved as output/crop1017/nodules-last-detected-on/2023-05-08/26/detection/2023-05-08.jpg
Original nodule image saved as output/crop1017/nodules-last-detected-on/2023-05-08/26/2023-05-08.jpg


@process_contour: max_id: 20230508_27
Moments: {'m00': 23.0, 'm10': 828.0, 'm01': 8795.333333333332, 'm20': 29855.5, 'm11': 316632.0, 'm02': 3363424.833333333, 'm30': 1078218.0, 'm21': 11416914.7, 'm12': 121083294.0, 'm03': 1286222507.6000001, 'mu20': 47.5, 'mu11': 5.820766091346741e-11, 'mu02': 38.37922705383971, 'mu30': 0.0, 'mu21': -1.5753623214441177, 'mu12': -1.6763806343078613e-08, 'mu03': 0.3405306339263916, 'nu20': 0.08979206049149338, 'nu11': 1.1003338546969263e-13, 'nu02': 0.072550523731266, 'nu30': 0.0, 'nu21': -0.0006209560517646753, 'nu12': -6.607741506603611e-12, 'nu03': 0.0001342259841240941}
Centroid: 36, 382
Processing contour#17: area: 23.0 centroid: 36, 382 rectangle: (33, 380, 7, 6)
@find_dayJSON_match_for_contour: x: 33, y: 380, w: 7, h: 6, area: 23.0
Matched with JSON#19: (35, 381, 5, 84.0, 31.5563, 0.339647)
Match with input JSON(nodules) ID: 19
Matched contour: {'x': 35, 'y': 381, 'd': 5, 'a': 84.0, 'p': 31.5563, 'e': 0.339647, 'id': 19, 'tq': 100}
JSON_entry: 19
WARNING: match is empty
entry_id:20230508_27, entry saved to results list
created dirs at nodule_detection_path: output/crop1017/nodules-last-detected-on/2023-05-08/27/detection and nodule_images_original_path: output/crop1017/nodules-last-detected-on/2023-05-08/27
Segmented nodule image saved as output/crop1017/nodules-last-detected-on/2023-05-08/27/detection/2023-05-08.jpg
Original nodule image saved as output/crop1017/nodules-last-detected-on/2023-05-08/27/2023-05-08.jpg


@process_contour: max_id: 20230508_28
Moments: {'m00': 26.5, 'm10': 1753.1666666666665, 'm01': 10121.666666666666, 'm20': 116035.41666666666, 'm11': 669623.875, 'm02': 3866031.25, 'm30': 7683304.550000001, 'm21': 44320008.93333333, 'm12': 255767765.93333334, 'm03': 1476678194.8000002, 'mu20': 50.76153039834753, 'mu11': 2.4179769393522292, 'mu02': 63.849580713547766, 'mu30': 6.002873039804399, 'mu21': -1.9067013606181717, 'mu12': -10.206471979330672, 'mu03': -0.05895233154296875, 'nu20': 0.07228413015072628, 'nu11': 0.0034431853888960183, 'nu02': 0.09092143925033501, 'nu30': 0.0016605213861410001, 'nu21': -0.0005274338413117236, 'nu12': -0.002823325578659863, 'nu03': -1.6307459218421856e-05}
Centroid: 66, 381
Processing contour#18: area: 26.5 centroid: 66, 381 rectangle: (63, 379, 7, 7)
@find_dayJSON_match_for_contour: x: 63, y: 379, w: 7, h: 7, area: 26.5
Matched with JSON#20: (65, 381, 4, 77.0, 29.8995, 0.45469)
Match with input JSON(nodules) ID: 20
Matched contour: {'x': 65, 'y': 381, 'd': 4, 'a': 77.0, 'p': 29.8995, 'e': 0.45469, 'id': 20, 'tq': 100}
JSON_entry: 20
WARNING: match is empty
entry_id:20230508_28, entry saved to results list
created dirs at nodule_detection_path: output/crop1017/nodules-last-detected-on/2023-05-08/28/detection and nodule_images_original_path: output/crop1017/nodules-last-detected-on/2023-05-08/28
Segmented nodule image saved as output/crop1017/nodules-last-detected-on/2023-05-08/28/detection/2023-05-08.jpg
Original nodule image saved as output/crop1017/nodules-last-detected-on/2023-05-08/28/2023-05-08.jpg


@process_contour: max_id: 20230508_29
Moments: {'m00': 3.0, 'm10': 553.1666666666666, 'm01': 1120.0, 'm20': 101998.33333333333, 'm11': 206515.5, 'm02': 418134.8333333333, 'm30': 18807560.650000002, 'm21': 38079357.416666664, 'm12': 77099376.05, 'm03': 156104791.0, 'mu20': 0.5462962963210884, 'mu11': -0.05555555553291924, 'mu02': 1.5, 'mu30': -0.16378601267933846, 'mu21': 0.1265431993330708, 'mu12': 0.20740739504503836, 'mu03': -0.1111111044883728, 'nu20': 0.060699588480120935, 'nu11': -0.006172839503657693, 'nu02': 0.16666666666666666, 'nu30': -0.01050687761221239, 'nu21': 0.008117750022118321, 'nu12': 0.013305190595685771, 'nu03': -0.00712778067625763}
Centroid: 184, 373
Processing contour#19: area: 3.0 centroid: 184, 373 rectangle: (183, 372, 3, 4)
@find_dayJSON_match_for_contour: x: 183, y: 372, w: 3, h: 4, area: 3.0
Matched with JSON#18: (184, 373, 2, 17.0, 13.2426, 0.730149)
Match with input JSON(nodules) ID: 18
Matched contour: {'x': 184, 'y': 373, 'd': 2, 'a': 17.0, 'p': 13.2426, 'e': 0.730149, 'id': 18, 'tq': 100}
JSON_entry: 18
WARNING: match is empty
entry_id:20230508_29, entry saved to results list
created dirs at nodule_detection_path: output/crop1017/nodules-last-detected-on/2023-05-08/29/detection and nodule_images_original_path: output/crop1017/nodules-last-detected-on/2023-05-08/29
Segmented nodule image saved as output/crop1017/nodules-last-detected-on/2023-05-08/29/detection/2023-05-08.jpg
Original nodule image saved as output/crop1017/nodules-last-detected-on/2023-05-08/29/2023-05-08.jpg


@process_contour: max_id: 20230508_30
Moments: {'m00': 23.0, 'm10': 4377.333333333333, 'm01': 8336.0, 'm20': 833131.5, 'm11': 1586494.6666666665, 'm02': 3021301.1666666665, 'm30': 158576800.6, 'm21': 301954616.3333333, 'm12': 575008216.8666667, 'm03': 1095057124.0, 'mu20': 42.49516908230726, 'mu11': -3.188405797118321, 'mu02': 44.81884057959542, 'mu30': 4.2069452702999115, 'mu21': -4.126234025166923, 'mu12': -7.037134945203434, 'mu03': 4.6502838134765625, 'nu20': 0.08033113248073205, 'nu11': -0.0060272321306584515, 'nu02': 0.08472370619961325, 'nu30': 0.001658239561449467, 'nu21': -0.001626425841247724, 'nu12': -0.0027738073151978427, 'nu03': 0.0018329890445485152}
Centroid: 190, 362
Processing contour#20: area: 23.0 centroid: 190, 362 rectangle: (188, 360, 6, 6)
@find_dayJSON_match_for_contour: x: 188, y: 360, w: 6, h: 6, area: 23.0
Matched with JSON#17: (190, 362, 5, 94.0, 34.1421, 0.265651)
Match with input JSON(nodules) ID: 17
Matched contour: {'x': 190, 'y': 362, 'd': 5, 'a': 94.0, 'p': 34.1421, 'e': 0.265651, 'id': 17, 'tq': 100}
JSON_entry: 17
WARNING: match is empty
entry_id:20230508_30, entry saved to results list
created dirs at nodule_detection_path: output/crop1017/nodules-last-detected-on/2023-05-08/30/detection and nodule_images_original_path: output/crop1017/nodules-last-detected-on/2023-05-08/30
Segmented nodule image saved as output/crop1017/nodules-last-detected-on/2023-05-08/30/detection/2023-05-08.jpg
Original nodule image saved as output/crop1017/nodules-last-detected-on/2023-05-08/30/2023-05-08.jpg


@process_contour: max_id: 20230508_31
Moments: {'m00': 38.0, 'm10': 1682.0, 'm01': 13205.5, 'm20': 74555.33333333333, 'm11': 584518.6666666666, 'm02': 4589213.833333333, 'm30': 3309315.0, 'm21': 25909098.583333332, 'm12': 203134178.75, 'm03': 1594901724.75, 'mu20': 104.7017543859547, 'mu11': 1.5350877193268389, 'mu02': 128.82675438560545, 'mu30': -8.351800553034991, 'mu21': 3.3631117232362158, 'mu12': 15.30609421304598, 'mu03': -4.710352659225464, 'nu20': 0.07250814015647832, 'nu11': 0.001063080138037977, 'nu02': 0.08921520386814781, 'nu30': -0.0009382555088047261, 'nu21': 0.0003778177030227885, 'nu12': 0.0017195127113584898, 'nu03': -0.0005291690459879648}
Centroid: 44, 347
Processing contour#21: area: 38.0 centroid: 44, 347 rectangle: (41, 344, 8, 8)
@find_dayJSON_match_for_contour: x: 41, y: 344, w: 8, h: 8, area: 38.0
Matched with JSON#16: (44, 347, 6, 115.0, 37.799, 0.341801)
Match with input JSON(nodules) ID: 16
Matched contour: {'x': 44, 'y': 347, 'd': 6, 'a': 115.0, 'p': 37.799, 'e': 0.341801, 'id': 16, 'tq': 100}
JSON_entry: 16
WARNING: match is empty
entry_id:20230508_31, entry saved to results list
created dirs at nodule_detection_path: output/crop1017/nodules-last-detected-on/2023-05-08/31/detection and nodule_images_original_path: output/crop1017/nodules-last-detected-on/2023-05-08/31
Segmented nodule image saved as output/crop1017/nodules-last-detected-on/2023-05-08/31/detection/2023-05-08.jpg
Original nodule image saved as output/crop1017/nodules-last-detected-on/2023-05-08/31/2023-05-08.jpg


@process_contour: max_id: 20230508_32
Moments: {'m00': 33.5, 'm10': 7286.833333333333, 'm01': 10796.666666666666, 'm20': 1585116.5833333333, 'm11': 2348464.0416666665, 'm02': 3479722.083333333, 'm30': 344835461.45000005, 'm21': 510865378.43333334, 'm12': 756900815.7333333, 'm03': 1121526160.3, 'mu20': 103.44817578792572, 'mu11': 1.0400082916021347, 'mu02': 79.9606135985814, 'mu30': -0.5166860222816467, 'mu21': -10.664867426923593, 'mu12': 0.06720929625589633, 'mu03': 9.775466918945312, 'nu20': 0.09217926111644083, 'nu11': 0.0009267171232810288, 'nu02': 0.07125026829902553, 'nu30': -7.954533135902725e-05, 'nu21': -0.0016418876779916087, 'nu12': 1.034706864620403e-05, 'nu03': 0.0015049618563763789}
Centroid: 217, 322
Processing contour#22: area: 33.5 centroid: 217, 322 rectangle: (214, 319, 8, 8)
@find_dayJSON_match_for_contour: x: 214, y: 319, w: 8, h: 8, area: 33.5
Matched with JSON#15: (217, 322, 6, 120.0, 38.3848, 0.388158)
Match with input JSON(nodules) ID: 15
Matched contour: {'x': 217, 'y': 322, 'd': 6, 'a': 120.0, 'p': 38.3848, 'e': 0.388158, 'id': 15, 'tq': 100}
JSON_entry: 15
WARNING: match is empty
entry_id:20230508_32, entry saved to results list
created dirs at nodule_detection_path: output/crop1017/nodules-last-detected-on/2023-05-08/32/detection and nodule_images_original_path: output/crop1017/nodules-last-detected-on/2023-05-08/32
Segmented nodule image saved as output/crop1017/nodules-last-detected-on/2023-05-08/32/detection/2023-05-08.jpg
Original nodule image saved as output/crop1017/nodules-last-detected-on/2023-05-08/32/2023-05-08.jpg


@process_contour: max_id: 20230508_33
Moments: {'m00': 34.5, 'm10': 7755.5, 'm01': 10246.5, 'm20': 1743506.75, 'm11': 2303373.0416666665, 'm02': 3043314.75, 'm30': 391977016.65000004, 'm21': 517816786.3833333, 'm12': 684122097.3833333, 'm03': 903926424.1500001, 'mu20': 92.82971014478244, 'mu11': -10.458333333488554, 'mu02': 104.25, 'mu30': 17.193215787410736, 'mu21': -16.36062794760801, 'mu12': -24.96449264236071, 'mu03': 18.90000009536743, 'nu20': 0.07799177495885944, 'nu11': -0.008786669467329178, 'nu02': 0.08758664146187777, 'nu30': 0.002459287918299149, 'nu21': -0.0023401959903743617, 'nu12': -0.003570877949823698, 'nu03': 0.002703423400549884}
Centroid: 224, 297
Processing contour#23: area: 34.5 centroid: 224, 297 rectangle: (222, 294, 7, 8)
@find_dayJSON_match_for_contour: x: 222, y: 294, w: 7, h: 8, area: 34.5
Matched with JSON#14: (224, 297, 6, 132.0, 41.2132, 0.645577)
Match with input JSON(nodules) ID: 14
Matched contour: {'x': 224, 'y': 297, 'd': 6, 'a': 132.0, 'p': 41.2132, 'e': 0.645577, 'id': 14, 'tq': 100}
JSON_entry: 14
WARNING: match is empty
entry_id:20230508_33, entry saved to results list
created dirs at nodule_detection_path: output/crop1017/nodules-last-detected-on/2023-05-08/33/detection and nodule_images_original_path: output/crop1017/nodules-last-detected-on/2023-05-08/33
Segmented nodule image saved as output/crop1017/nodules-last-detected-on/2023-05-08/33/detection/2023-05-08.jpg
Original nodule image saved as output/crop1017/nodules-last-detected-on/2023-05-08/33/2023-05-08.jpg


@process_contour: max_id: 20230508_34
Moments: {'m00': 3.0, 'm10': 697.5, 'm01': 790.5, 'm20': 162169.0, 'm11': 183791.25, 'm02': 208299.0, 'm30': 37704408.75, 'm21': 42731531.5, 'm12': 48429517.5, 'm03': 54887972.25, 'mu20': 0.25, 'mu11': 0.0, 'mu02': 2.25, 'mu30': 0.0, 'mu21': 0.0, 'mu12': 0.0, 'mu03': 0.0, 'nu20': 0.027777777777777776, 'nu11': 0.0, 'nu02': 0.25, 'nu30': 0.0, 'nu21': 0.0, 'nu12': 0.0, 'nu03': 0.0}
Centroid: 232, 263
Processing contour#24: area: 3.0 centroid: 232, 263 rectangle: (232, 262, 2, 4)
@find_dayJSON_match_for_contour: x: 232, y: 262, w: 2, h: 4, area: 3.0
Matched with JSON#13: (232, 263, 2, 16.0, 12.2426, 0.508354)
Match with input JSON(nodules) ID: 13
Matched contour: {'x': 232, 'y': 263, 'd': 2, 'a': 16.0, 'p': 12.2426, 'e': 0.508354, 'id': 13, 'tq': 100}
JSON_entry: 13
WARNING: match is empty
entry_id:20230508_34, entry saved to results list
created dirs at nodule_detection_path: output/crop1017/nodules-last-detected-on/2023-05-08/34/detection and nodule_images_original_path: output/crop1017/nodules-last-detected-on/2023-05-08/34
Segmented nodule image saved as output/crop1017/nodules-last-detected-on/2023-05-08/34/detection/2023-05-08.jpg
Original nodule image saved as output/crop1017/nodules-last-detected-on/2023-05-08/34/2023-05-08.jpg


@process_contour: max_id: 20230508_35
Moments: {'m00': 17.0, 'm10': 2146.5, 'm01': 3843.833333333333, 'm20': 271052.3333333333, 'm11': 485339.5, 'm02': 869143.6666666666, 'm30': 34230697.25, 'm21': 61286807.699999996, 'm12': 109741721.33333333, 'm03': 196530514.85000002, 'mu20': 25.142156862712, 'mu11': -0.9852941175922751, 'mu02': 22.802287581725977, 'mu30': 4.968858145177364, 'mu21': -1.9515763188146593, 'mu12': -2.5423875536789637, 'mu03': 3.4514674246311188, 'nu20': 0.08699708256993771, 'nu11': -0.003409322206201644, 'nu02': 0.07890064907171619, 'nu30': 0.004169983100198844, 'nu21': -0.00163780893525889, 'nu12': -0.0021336316761803495, 'nu03': 0.0028965529727524248}
Centroid: 126, 226
Processing contour#25: area: 17.0 centroid: 126, 226 rectangle: (124, 224, 6, 6)
@find_dayJSON_match_for_contour: x: 124, y: 224, w: 6, h: 6, area: 17.0
Matched with JSON#12: (126, 225, 4, 70.0, 29.5563, 0.541278)
Match with input JSON(nodules) ID: 12
Matched contour: {'x': 126, 'y': 225, 'd': 4, 'a': 70.0, 'p': 29.5563, 'e': 0.541278, 'id': 12, 'tq': 100}
JSON_entry: 12
Matched with first_id: 12 second_id: 5 name: 20230508_5
entry_id:20230508_5, entry saved to results list
created dirs at nodule_detection_path: output/crop1017/nodules-last-detected-on/2023-05-08/5/detection and nodule_images_original_path: output/crop1017/nodules-last-detected-on/2023-05-08/5
Segmented nodule image saved as output/crop1017/nodules-last-detected-on/2023-05-08/5/detection/2023-05-08.jpg
Original nodule image saved as output/crop1017/nodules-last-detected-on/2023-05-08/5/2023-05-08.jpg


@process_contour: max_id: 20230508_36
Moments: {'m00': 15.0, 'm10': 2306.833333333333, 'm01': 3155.5, 'm20': 354781.0, 'm11': 485284.8333333333, 'm02': 663835.0, 'm30': 54566195.35, 'm21': 74635324.16666667, 'm12': 102092125.2, 'm03': 139658426.75, 'mu20': 15.664814814925194, 'mu11': 3.994444444484543, 'mu02': 22.983333333279006, 'mu30': 1.4121810495853424, 'mu21': -0.8023456816872567, 'mu12': -2.4514814843405475, 'mu03': 0.7288888990879059, 'nu20': 0.06962139917744531, 'nu11': 0.017753086419931303, 'nu02': 0.1021481481479067, 'nu30': 0.0016205492405551825, 'nu21': -0.0009207322853559058, 'nu12': -0.002813199099966453, 'nu03': 0.0008364369088601237}
Centroid: 153, 210
Processing contour#26: area: 15.0 centroid: 153, 210 rectangle: (152, 208, 5, 6)
@find_dayJSON_match_for_contour: x: 152, y: 208, w: 5, h: 6, area: 15.0
Matched with JSON#11: (153, 210, 4, 66.0, 27.5563, 0.325704)
Match with input JSON(nodules) ID: 11
Matched contour: {'x': 153, 'y': 210, 'd': 4, 'a': 66.0, 'p': 27.5563, 'e': 0.325704, 'id': 11, 'tq': 100}
JSON_entry: 11
WARNING: match is empty
entry_id:20230508_36, entry saved to results list
created dirs at nodule_detection_path: output/crop1017/nodules-last-detected-on/2023-05-08/36/detection and nodule_images_original_path: output/crop1017/nodules-last-detected-on/2023-05-08/36
Segmented nodule image saved as output/crop1017/nodules-last-detected-on/2023-05-08/36/detection/2023-05-08.jpg
Original nodule image saved as output/crop1017/nodules-last-detected-on/2023-05-08/36/2023-05-08.jpg


@process_contour: max_id: 20230508_37
Moments: {'m00': 3.5, 'm10': 742.3333333333333, 'm01': 675.1666666666666, 'm20': 157446.41666666666, 'm11': 143199.875, 'm02': 130243.91666666666, 'm30': 33394081.200000003, 'm21': 30372265.266666666, 'm12': 27624207.233333334, 'm03': 25125077.55, 'mu20': 1.0515873015974648, 'mu11': 0.24007936511770822, 'mu02': 1.0515873016120167, 'mu30': -0.10347694158554077, 'mu21': -0.09255481293766366, 'mu12': 0.09255479349496909, 'mu03': 0.10347694531083107, 'nu20': 0.08584386135489508, 'nu11': 0.019598315519812913, 'nu02': 0.08584386135608299, 'nu30': -0.004515163415094043, 'nu21': -0.004038581918480344, 'nu12': 0.004038581070108313, 'nu03': 0.00451516357764518}
Centroid: 212, 192
Processing contour#27: area: 3.5 centroid: 212, 192 rectangle: (211, 192, 3, 3)
@find_dayJSON_match_for_contour: x: 211, y: 192, w: 3, h: 3, area: 3.5
Matched with JSON#10: (211, 193, 2, 22.0, 14.4853, 0.449119)
Match with input JSON(nodules) ID: 10
Matched contour: {'x': 211, 'y': 193, 'd': 2, 'a': 22.0, 'p': 14.4853, 'e': 0.449119, 'id': 10, 'tq': 100}
JSON_entry: 10
WARNING: match is empty
entry_id:20230508_37, entry saved to results list
created dirs at nodule_detection_path: output/crop1017/nodules-last-detected-on/2023-05-08/37/detection and nodule_images_original_path: output/crop1017/nodules-last-detected-on/2023-05-08/37
Segmented nodule image saved as output/crop1017/nodules-last-detected-on/2023-05-08/37/detection/2023-05-08.jpg
Original nodule image saved as output/crop1017/nodules-last-detected-on/2023-05-08/37/2023-05-08.jpg


@process_contour: max_id: 20230508_38
Moments: {'m00': 17.0, 'm10': 2484.833333333333, 'm01': 3179.5, 'm20': 363228.3333333333, 'm11': 464737.3333333333, 'm02': 594680.3333333333, 'm30': 53100220.35, 'm21': 67934502.33333333, 'm12': 86922593.2, 'm03': 111230313.75, 'mu20': 28.527777777810115, 'mu11': 0.4166666666860692, 'mu02': 20.318627450848, 'mu30': 6.007407404482365, 'mu21': -0.9918300664403432, 'mu12': -4.713398677490659, 'mu03': 0.45674747228622437, 'nu20': 0.098712033833253, 'nu11': 0.001441753171924115, 'nu02': 0.07030666938009689, 'nu30': 0.005041558165031228, 'nu21': -0.0008323672148579111, 'nu12': -0.003955595481974471, 'nu03': 0.0003833132653103965}
Centroid: 146, 187
Processing contour#28: area: 17.0 centroid: 146, 187 rectangle: (144, 185, 6, 5)
@find_dayJSON_match_for_contour: x: 144, y: 185, w: 6, h: 5, area: 17.0
Matched with JSON#9: (145, 187, 5, 83.0, 31.5563, 0.313668)
Match with input JSON(nodules) ID: 9
Matched contour: {'x': 145, 'y': 187, 'd': 5, 'a': 83.0, 'p': 31.5563, 'e': 0.313668, 'id': 9, 'tq': 100}
JSON_entry: 9
WARNING: match is empty
entry_id:20230508_38, entry saved to results list
created dirs at nodule_detection_path: output/crop1017/nodules-last-detected-on/2023-05-08/38/detection and nodule_images_original_path: output/crop1017/nodules-last-detected-on/2023-05-08/38
Segmented nodule image saved as output/crop1017/nodules-last-detected-on/2023-05-08/38/detection/2023-05-08.jpg
Original nodule image saved as output/crop1017/nodules-last-detected-on/2023-05-08/38/2023-05-08.jpg


@process_contour: max_id: 20230508_39
Moments: {'m00': 25.0, 'm10': 5202.5, 'm01': 4611.0, 'm20': 1082696.6666666665, 'm11': 959545.5833333333, 'm02': 850498.5, 'm30': 225332656.25, 'm21': 199691104.58333334, 'm12': 176987441.41666666, 'm03': 156882790.5, 'mu20': 56.416666666511446, 'mu11': -3.516666666720994, 'mu02': 45.660000000032596, 'mu30': -0.6999998986721039, 'mu21': -4.979999921302806, 'mu12': 0.79466668666646, 'mu03': 4.09919998049736, 'nu20': 0.09026666666641832, 'nu11': -0.0056266666667535905, 'nu02': 0.07305600000005216, 'nu30': -0.00022399996757507327, 'nu21': -0.001593599974816898, 'nu12': 0.00025429333973326723, 'nu03': 0.0013117439937591555}
Centroid: 208, 184
Processing contour#29: area: 25.0 centroid: 208, 184 rectangle: (205, 182, 7, 6)
@find_dayJSON_match_for_contour: x: 205, y: 182, w: 7, h: 6, area: 25.0
Matched with JSON#8: (207, 184, 5, 102.0, 35.799, 0.25757)
Match with input JSON(nodules) ID: 8
Matched contour: {'x': 207, 'y': 184, 'd': 5, 'a': 102.0, 'p': 35.799, 'e': 0.25757, 'id': 8, 'tq': 100}
JSON_entry: 8
Matched with first_id: 8 second_id: 4 name: 20230519_3
entry_id:20230519_3, entry saved to results list
created dirs at nodule_detection_path: output/crop1017/nodules-last-detected-on/2023-05-19/3/detection and nodule_images_original_path: output/crop1017/nodules-last-detected-on/2023-05-19/3
Segmented nodule image saved as output/crop1017/nodules-last-detected-on/2023-05-19/3/detection/2023-05-08.jpg
Original nodule image saved as output/crop1017/nodules-last-detected-on/2023-05-19/3/2023-05-08.jpg


@process_contour: max_id: 20230508_40
Moments: {'m00': 23.0, 'm10': 3596.6666666666665, 'm01': 4052.833333333333, 'm20': 562485.5, 'm11': 633769.75, 'm02': 714188.0, 'm30': 87975395.4, 'm21': 99115829.11666666, 'm12': 111682656.21666667, 'm03': 125860445.35000001, 'mu20': 50.23429951700382, 'mu11': 0.5954106281278655, 'mu02': 37.65096618363168, 'mu30': -4.617153272032738, 'mu21': -8.574802246293984, 'mu12': 4.0630399664105425, 'mu03': 5.400077015161514, 'nu20': 0.09496086865218112, 'nu11': 0.0011255399397502182, 'nu02': 0.07117384911839636, 'nu30': -0.0018199300739690206, 'nu21': -0.003379905228811491, 'nu12': 0.0016015168202014574, 'nu03': 0.0021285328821918346}
Centroid: 156, 176
Processing contour#30: area: 23.0 centroid: 156, 176 rectangle: (153, 174, 7, 6)
@find_dayJSON_match_for_contour: x: 153, y: 174, w: 7, h: 6, area: 23.0
Matched with JSON#7: (156, 176, 5, 99.0, 34.3848, 0.489024)
Match with input JSON(nodules) ID: 7
Matched contour: {'x': 156, 'y': 176, 'd': 5, 'a': 99.0, 'p': 34.3848, 'e': 0.489024, 'id': 7, 'tq': 100}
JSON_entry: 7
Matched with first_id: 7 second_id: 2 name: 20230519_2
entry_id:20230519_2, entry saved to results list
created dirs at nodule_detection_path: output/crop1017/nodules-last-detected-on/2023-05-19/2/detection and nodule_images_original_path: output/crop1017/nodules-last-detected-on/2023-05-19/2
Segmented nodule image saved as output/crop1017/nodules-last-detected-on/2023-05-19/2/detection/2023-05-08.jpg
Original nodule image saved as output/crop1017/nodules-last-detected-on/2023-05-19/2/2023-05-08.jpg


@process_contour: max_id: 20230508_41
Moments: {'m00': 19.0, 'm10': 2699.5, 'm01': 3269.333333333333, 'm20': 383579.0, 'm11': 464495.8333333333, 'm02': 562580.1666666666, 'm30': 54508986.75, 'm21': 66000340.11666667, 'm12': 79928176.91666667, 'm03': 96812017.60000001, 'mu20': 36.88157894741744, 'mu11': -7.605263157864101, 'mu02': 25.40643274865579, 'mu30': 6.005540154874325, 'mu21': -4.612326868792479, 'mu12': -3.6957525380571496, 'mu03': 6.244711190462112, 'nu20': 0.10216503863550536, 'nu11': -0.021067210963612467, 'nu02': 0.07037793005167807, 'nu30': 0.00381652465905712, 'nu21': -0.00293113671317157, 'nu12': -0.002348653132194937, 'nu03': 0.0039685180071179355}
Centroid: 142, 172
Processing contour#31: area: 19.0 centroid: 142, 172 rectangle: (139, 170, 7, 6)
@find_dayJSON_match_for_contour: x: 139, y: 170, w: 7, h: 6, area: 19.0
Matched with JSON#6: (142, 172, 5, 93.0, 34.3848, 0.457176)
Match with input JSON(nodules) ID: 6
Matched contour: {'x': 142, 'y': 172, 'd': 5, 'a': 93.0, 'p': 34.3848, 'e': 0.457176, 'id': 6, 'tq': 100}
JSON_entry: 6
Matched with first_id: 6 second_id: 3 name: 20230512_4
entry_id:20230512_4, entry saved to results list
created dirs at nodule_detection_path: output/crop1017/nodules-last-detected-on/2023-05-12/4/detection and nodule_images_original_path: output/crop1017/nodules-last-detected-on/2023-05-12/4
Segmented nodule image saved as output/crop1017/nodules-last-detected-on/2023-05-12/4/detection/2023-05-08.jpg
Original nodule image saved as output/crop1017/nodules-last-detected-on/2023-05-12/4/2023-05-08.jpg


@process_contour: max_id: 20230508_42
Moments: {'m00': 24.5, 'm10': 3687.0, 'm01': 4124.666666666666, 'm20': 554911.25, 'm11': 620726.875, 'm02': 694448.5833333333, 'm30': 83525134.60000001, 'm21': 93423375.18333334, 'm12': 104509670.11666666, 'm03': 116928349.30000001, 'mu20': 55.372448979644105, 'mu11': 6.630102041061036, 'mu02': 45.51757369632833, 'mu30': -12.142398998141289, 'mu21': -5.478127199627124, 'mu12': 12.130063818683084, 'mu03': 5.911149680614471, 'nu20': 0.09224897789195184, 'nu11': 0.011045567748539833, 'nu02': 0.07583102656614464, 'nu30': -0.004086855558497504, 'nu21': -0.0018438131212274935, 'nu12': 0.004082703817417216, 'nu03': 0.001989558647597399}
Centroid: 150, 168
Processing contour#32: area: 24.5 centroid: 150, 168 rectangle: (147, 166, 7, 6)
@find_dayJSON_match_for_contour: x: 147, y: 166, w: 7, h: 6, area: 24.5
Matched with JSON#5: (150, 167, 5, 112.0, 36.7279, 0.419662)
Match with input JSON(nodules) ID: 5
Matched contour: {'x': 150, 'y': 167, 'd': 5, 'a': 112.0, 'p': 36.7279, 'e': 0.419662, 'id': 5, 'tq': 100}
JSON_entry: 5
WARNING: match is empty
entry_id:20230508_42, entry saved to results list
created dirs at nodule_detection_path: output/crop1017/nodules-last-detected-on/2023-05-08/42/detection and nodule_images_original_path: output/crop1017/nodules-last-detected-on/2023-05-08/42
Segmented nodule image saved as output/crop1017/nodules-last-detected-on/2023-05-08/42/detection/2023-05-08.jpg
Original nodule image saved as output/crop1017/nodules-last-detected-on/2023-05-08/42/2023-05-08.jpg


@process_contour: max_id: 20230508_43
Moments: {'m00': 44.5, 'm10': 3252.0, 'm01': 7209.833333333333, 'm20': 237788.5833333333, 'm11': 526905.5416666666, 'm02': 1168321.75, 'm30': 17397294.900000002, 'm21': 38529245.233333334, 'm12': 85386035.8, 'm03': 189352744.95000002, 'mu20': 136.80805243444047, 'mu11': 20.642790262121707, 'mu02': 193.734394507017, 'mu30': 30.347797002643347, 'mu21': 24.669049241550965, 'mu12': -31.46190225119426, 'mu03': -34.43424701690674, 'nu20': 0.0690862529652521, 'nu11': 0.010424335443566067, 'nu02': 0.09783330110188965, 'nu30': 0.0022973498845797052, 'nu21': 0.0018674646275916441, 'nu12': -0.0023816884467476656, 'nu03': -0.002606697066116178}
Centroid: 73, 162
Processing contour#33: area: 44.5 centroid: 73, 162 rectangle: (70, 158, 8, 9)
@find_dayJSON_match_for_contour: x: 70, y: 158, w: 8, h: 9, area: 44.5
Matched with JSON#4: (72, 161, 7, 182.0, 47.799, 0.147764)
Match with input JSON(nodules) ID: 4
Matched contour: {'x': 72, 'y': 161, 'd': 7, 'a': 182.0, 'p': 47.799, 'e': 0.147764, 'id': 4, 'tq': 100}
JSON_entry: 4
Matched with first_id: 4 second_id: 1 name: 20230524_0
entry_id:20230524_0, entry saved to results list
created dirs at nodule_detection_path: output/crop1017/nodules-last-detected-on/2023-05-24/0/detection and nodule_images_original_path: output/crop1017/nodules-last-detected-on/2023-05-24/0
Segmented nodule image saved as output/crop1017/nodules-last-detected-on/2023-05-24/0/detection/2023-05-08.jpg
Original nodule image saved as output/crop1017/nodules-last-detected-on/2023-05-24/0/2023-05-08.jpg


@process_contour: max_id: 20230508_44
Moments: {'m00': 33.0, 'm10': 5988.0, 'm01': 2576.5, 'm20': 1086652.8333333333, 'm11': 467521.4166666666, 'm02': 201236.3333333333, 'm30': 197215491.0, 'm21': 84842613.41666667, 'm12': 36515831.416666664, 'm03': 15723256.25, 'mu20': 103.01515151490457, 'mu11': 3.7803030302748084, 'mu02': 74.14393939392176, 'mu30': 9.925619930028915, 'mu21': -1.6740128414767241, 'mu12': -6.277318639555233, 'mu03': -0.6152433380484581, 'nu20': 0.09459609872810339, 'nu11': 0.003471352644880449, 'nu02': 0.06808442552242586, 'nu30': 0.0015866195145331418, 'nu21': -0.0002675924990670389, 'nu12': -0.0010034351831595823, 'nu03': -9.83472159135304e-05}
Centroid: 181, 78
Processing contour#34: area: 33.0 centroid: 181, 78 rectangle: (178, 75, 8, 7)
@find_dayJSON_match_for_contour: x: 178, y: 75, w: 8, h: 7, area: 33.0
Matched with JSON#3: (181, 77, 6, 125.0, 40.3848, 0.402252)
Match with input JSON(nodules) ID: 3
Matched contour: {'x': 181, 'y': 77, 'd': 6, 'a': 125.0, 'p': 40.3848, 'e': 0.402252, 'id': 3, 'tq': 100}
JSON_entry: 3
Matched with first_id: 3 second_id: 0 name: 20230510_3
entry_id:20230510_3, entry saved to results list
created dirs at nodule_detection_path: output/crop1017/nodules-last-detected-on/2023-05-10/3/detection and nodule_images_original_path: output/crop1017/nodules-last-detected-on/2023-05-10/3
Segmented nodule image saved as output/crop1017/nodules-last-detected-on/2023-05-10/3/detection/2023-05-08.jpg
Original nodule image saved as output/crop1017/nodules-last-detected-on/2023-05-10/3/2023-05-08.jpg


@process_contour: max_id: 20230508_45
Moments: {'m00': 19.0, 'm10': 866.0, 'm01': 1431.3333333333333, 'm20': 39501.83333333333, 'm11': 65236.0, 'm02': 107855.5, 'm30': 1803226.0, 'm21': 2975557.2, 'm12': 4915541.0, 'm03': 8129395.600000001, 'mu20': 30.464912280702265, 'mu11': -2.6666666666642413, 'mu02': 28.388888888905058, 'mu30': -3.099722991231829, 'mu21': -4.490058478763331, 'mu12': 2.6198830406128764, 'mu03': 4.00740740634501, 'nu20': 0.0843903387277071, 'nu11': -0.007386888273308146, 'nu02': 0.0786395814097093, 'nu30': -0.001969875969055133, 'nu21': -0.002853435072097583, 'nu12': 0.001664937369576847, 'nu03': 0.0025467100028946396}
Centroid: 45, 75
Processing contour#35: area: 19.0 centroid: 45, 75 rectangle: (43, 73, 6, 6)
@find_dayJSON_match_for_contour: x: 43, y: 73, w: 6, h: 6, area: 19.0
Matched with JSON#2: (45, 74, 4, 63.0, 26.7279, 0.383255)
Match with input JSON(nodules) ID: 2
Matched contour: {'x': 45, 'y': 74, 'd': 4, 'a': 63.0, 'p': 26.7279, 'e': 0.383255, 'id': 2, 'tq': 100}
JSON_entry: 2
WARNING: match is empty
entry_id:20230508_45, entry saved to results list
created dirs at nodule_detection_path: output/crop1017/nodules-last-detected-on/2023-05-08/45/detection and nodule_images_original_path: output/crop1017/nodules-last-detected-on/2023-05-08/45
Segmented nodule image saved as output/crop1017/nodules-last-detected-on/2023-05-08/45/detection/2023-05-08.jpg
Original nodule image saved as output/crop1017/nodules-last-detected-on/2023-05-08/45/2023-05-08.jpg


@process_contour: max_id: 20230508_46
Moments: {'m00': 8.0, 'm10': 588.0, 'm01': 570.8333333333333, 'm20': 43223.33333333333, 'm11': 41956.25, 'm02': 40736.5, 'm30': 3177699.0, 'm21': 3084164.1166666667, 'm12': 2994132.75, 'm03': 2907456.35, 'mu20': 5.333333333328483, 'mu11': 7.275957614183426e-12, 'mu02': 5.163194444452529, 'mu30': 9.313225746154785e-10, 'mu21': -0.813888888977317, 'mu12': -7.494236342608929e-10, 'mu03': 0.5087094898335636, 'nu20': 0.08333333333325754, 'nu11': 1.1368683772161603e-13, 'nu02': 0.08067491319457076, 'nu30': 5.1448789686149945e-12, 'nu21': -0.004496143379126922, 'nu12': -4.140019795057378e-12, 'nu03': 0.0028102494524629832}
Centroid: 73, 71
Processing contour#36: area: 8.0 centroid: 73, 71 rectangle: (72, 70, 4, 4)
@find_dayJSON_match_for_contour: x: 72, y: 70, w: 4, h: 4, area: 8.0
Matched with JSON#1: (73, 70, 2, 25.0, 16.4853, 0.711408)
Match with input JSON(nodules) ID: 1
Matched contour: {'x': 73, 'y': 70, 'd': 2, 'a': 25.0, 'p': 16.4853, 'e': 0.711408, 'id': 1, 'tq': 100}
JSON_entry: 1
WARNING: match is empty
entry_id:20230508_46, entry saved to results list
created dirs at nodule_detection_path: output/crop1017/nodules-last-detected-on/2023-05-08/46/detection and nodule_images_original_path: output/crop1017/nodules-last-detected-on/2023-05-08/46
Segmented nodule image saved as output/crop1017/nodules-last-detected-on/2023-05-08/46/detection/2023-05-08.jpg
Original nodule image saved as output/crop1017/nodules-last-detected-on/2023-05-08/46/2023-05-08.jpg


Done analyzing contours, found 35 nodules.


results_entry: {'date': '20230508', 'json': 'output/crop1017/20230508/20230508.json', 'log': 'output/crop1017/20230508/crop1017_20230508.log', 'image': 'data/crop1017/20230508.jpg', 'plot': 'output/crop1017/plots/20230505_20230508.png', 'match_stats': {'i_dict': {0: 2, 1: 3, 2: 2, 3: 1, 5: 2, 7: 1}, 'average_tracking_quality': 36.4286, 'distance_threshold': 20, 'lengths': {'matching': 11, 'unmatched_current': 25, 'unmatched_previous': 0}, 'averages': {'tq': -119.2727, 'i': 2.4545, 'dx': -18.8182, 'dy': -31.5455, 'dd': -0.2727, 'da': -6.5455, 'dp': -0.5736, 'de': 0.04}}}
