Current memory usage: 2730.3125 MB
@analyze_image: file_name: data/crop986/20230505.jpg, output_dir: output/crop986, external_logger: <Logger data_crop986.log (DEBUG)>
Loaded image & JSON file: data/crop986/20230505.jpg
Scaled JSON data: scalar_position: 0.5, scalar_size: 0.5

@find_prev_next_date: image_output_dir: output/crop986/20230505
data_dir: data/crop986
Previous date file: data/crop986/20230503.json, Next date file: data/crop986/20230508.jpg


Loaded prev_results from JSON file: 20230503, length: 19
Scaled JSON data: scalar_position: 0.5, scalar_size: 0.5
Loaded next_results from JSON file: 20230508, length: 50
Scaled JSON data: scalar_position: 0.5, scalar_size: 0.5
prev_results is not empty, generating matching
Current memory usage: 2730.3125 MB
current_date:20230505, generating Matching: 20230503_20230505_matching.json
spatial_distances: (22, 19), attribute_distances: (22, 19)
combined_distances: (22, 19)
Current memory usage: 2730.3203125 MB

@find_matching: combined_distances: (22, 19), next_matching: [{'id': '20230607_1', 'p': {'id': 0, 'tq': -34.0, 'dx': 1, 'dy': -2, 'dd': 2, 'da': 83.0, 'dp': 14.24, 'de': -0.05}, 'c': {'id': 0}, 'n': {'id': 1, 'dx': -2, 'dy': 1, 'dd': 1, 'da': 18.0, 'dp': 3.41, 'de': 0.02}, 'i': 13}, {'id': '20230526_3', 'p': {'id': 1, 'tq': 39.0, 'dx': 0, 'dy': 0, 'dd': 1, 'da': 40.0, 'dp': 5.41, 'de': 0.08}, 'c': {'id': 1}, 'n': {'id': 2, 'dx': -2, 'dy': -1, 'dd': 1, 'da': 38.0, 'dp': 5.66, 'de': -0.12}, 'i': 8}, {'id': '20230522_6', 'p': {'id': 2, 'tq': 26.0, 'dx': 1, 'dy': 0, 'dd': 1, 'da': 46.0, 'dp': 8.24, 'de': 0.06}, 'c': {'id': 3}, 'n': {'id': 3, 'dx': -2, 'dy': 0, 'dd': 1, 'da': 20.0, 'dp': 3.41, 'de': -0.1}, 'i': 6}, {'id': '20230526_5', 'p': {'id': 3, 'tq': 9.0, 'dx': 0, 'dy': 1, 'dd': 2, 'da': 57.0, 'dp': 12.07, 'de': -0.1}, 'c': {'id': 4}, 'n': {'id': 4, 'dx': -3, 'dy': 0, 'dd': 0, 'da': 7.0, 'dp': 1.17, 'de': 0.02}, 'i': 8}, {'id': '20230526_7', 'p': {'id': 4, 'tq': 54.0, 'dx': 1, 'dy': 0, 'dd': 1, 'da': 28.0, 'dp': 4.59, 'de': -0.06}, 'c': {'id': 6}, 'n': {'id': 6, 'dx': -1, 'dy': 0, 'dd': 0, 'da': 10.0, 'dp': 1.41, 'de': 0.02}, 'i': 8}, {'id': '20230508_5', 'p': {'id': 5, 'tq': 72.0, 'dx': 1, 'dy': 2, 'dd': -1, 'da': -12.0, 'dp': -6.21, 'de': 0.17}, 'c': {'id': 8}, 'n': {}, 'i': 0}, {'id': '20230607_12', 'p': {'id': 6, 'tq': -21.0, 'dx': 0, 'dy': 0, 'dd': 4, 'da': 76.0, 'dp': 26.35, 'de': -0.37}, 'c': {'id': 11}, 'n': {'id': 11, 'dx': -1, 'dy': -1, 'dd': 0, 'da': 23.0, 'dp': 3.41, 'de': -0.14}, 'i': 13}, {'id': '20230510_11', 'p': {'id': 9, 'tq': 17.0, 'dx': 13, 'dy': -19, 'dd': 0, 'da': -1.0, 'dp': -0.83, 'de': -0.14}, 'c': {'id': 12}, 'n': {'id': 12, 'dx': -1, 'dy': 1, 'dd': -1, 'da': -9.0, 'dp': -2.0, 'de': 0.14}, 'i': 1}, {'id': '20230508_8', 'p': {'id': 7, 'tq': 72.0, 'dx': 5, 'dy': -4, 'dd': 0, 'da': -3.0, 'dp': -1.66, 'de': 0.07}, 'c': {'id': 13}, 'n': {}, 'i': 0}, {'id': '20230508_9', 'p': {'id': 8, 'tq': 42.0, 'dx': 7, 'dy': 7, 'dd': 0, 'da': 15.0, 'dp': 4.83, 'de': -0.31}, 'c': {'id': 18}, 'n': {}, 'i': 0}, {'id': '20230607_24', 'p': {'id': 10, 'tq': 1.0, 'dx': -3, 'dy': 28, 'dd': 0, 'da': 0.0, 'dp': 0.0, 'de': 0.07}, 'c': {'id': 21}, 'n': {'id': 23, 'dx': 0, 'dy': 1, 'dd': 2, 'da': 59.0, 'dp': 11.66, 'de': 0.01}, 'i': 13}, {'id': '20230519_27', 'p': {'id': 11, 'tq': -9.0, 'dx': 1, 'dy': -1, 'dd': 1, 'da': 69.0, 'dp': 8.83, 'de': -0.03}, 'c': {'id': 22}, 'n': {'id': 24, 'dx': -1, 'dy': 1, 'dd': 1, 'da': 23.0, 'dp': 2.83, 'de': -0.01}, 'i': 5}, {'id': '20230519_34', 'p': {'id': 12, 'tq': 61.0, 'dx': 4, 'dy': -2, 'dd': 1, 'da': 15.0, 'dp': 2.59, 'de': -0.07}, 'c': {'id': 23}, 'n': {'id': 27, 'dx': 0, 'dy': 2, 'dd': 0, 'da': 17.0, 'dp': 2.59, 'de': 0.01}, 'i': 5}, {'id': '20230508_13', 'p': {'id': 13, 'tq': -1.0, 'dx': 4, 'dy': -3, 'dd': -3, 'da': -52.0, 'dp': -20.11, 'de': 0.57}, 'c': {'id': 24}, 'n': {}, 'i': 0}, {'id': '20230508_14', 'p': {'id': 14, 'tq': 19.0, 'dx': -13, 'dy': 14, 'dd': 0, 'da': -9.0, 'dp': -3.41, 'de': -0.06}, 'c': {'id': 32}, 'n': {}, 'i': 0}, {'id': '20230508_15', 'p': {'id': 15, 'tq': -5.0, 'dx': 0, 'dy': 0, 'dd': 2, 'da': 69.0, 'dp': 13.41, 'de': -0.16}, 'c': {'id': 40}, 'n': {}, 'i': 0}, {'id': '20230517_112', 'p': {'id': 16, 'tq': 42.0, 'dx': 2, 'dy': -1, 'dd': 2, 'da': 32.0, 'dp': 8.83, 'de': -0.44}, 'c': {'id': 42}, 'n': {'id': 47, 'dx': 2, 'dy': 1, 'dd': -1, 'da': -14.0, 'dp': -2.83, 'de': 0.07}, 'i': 4}, {'id': '20230510_45', 'p': {'id': 19, 'tq': -1096.0, 'dx': -69, 'dy': -223, 'dd': -5, 'da': -249.0, 'dp': -41.7, 'de': -0.41}, 'c': {'id': 45}, 'n': {'id': 49, 'dx': 2, 'dy': 2, 'dd': -1, 'da': -29.0, 'dp': -6.83, 'de': 0.01}, 'i': 1}, {'id': '20230508_18', 'p': {'id': 17, 'tq': -356.0, 'dx': -18, 'dy': -64, 'dd': -6, 'da': -145.0, 'dp': -33.69, 'de': 0.41}, 'c': {'id': 46}, 'n': {}, 'i': 0}, {'id': '20230512_54', 'p': {'id': 18, 'tq': 87.0, 'dx': -1, 'dy': -2, 'dd': 0, 'da': 3.0, 'dp': 1.41, 'de': -0.17}, 'c': {'id': 47}, 'n': {'id': 51, 'dx': 4, 'dy': 3, 'dd': 0, 'da': -22.0, 'dp': -5.41, 'de': 0.07}, 'i': 2}, {'id': '20230508_20', 'p': {'id': 20, 'tq': -454.0, 'dx': -137, 'dy': -40, 'dd': -1, 'da': -36.0, 'dp': -6.66, 'de': -0.04}, 'c': {'id': 48}, 'n': {}, 'i': 0}, {'id': '20230508_21', 'p': {'id': 21, 'tq': -32.0, 'dx': -19, 'dy': 18, 'dd': -1, 'da': -27.0, 'dp': 3.41, 'de': 0.58}, 'c': {'id': 49}, 'n': {}, 'i': 0}], current_date_string: 20230505, distance_threshold: 20
tq < 0
matched entry: {'id': '20230526_3', 'p': {'id': 1, 'tq': 39.0, 'dx': 0, 'dy': 0, 'dd': 1, 'da': 40.0, 'dp': 5.41, 'de': 0.08}, 'c': {'id': 1}, 'n': {'id': 2, 'dx': -2, 'dy': -1, 'dd': 1, 'da': 38.0, 'dp': 5.66, 'de': -0.12}, 'i': 8}, len(matching): 1
matched entry: {'id': '20230526_5', 'p': {'id': 3, 'tq': 9.0, 'dx': 0, 'dy': 1, 'dd': 2, 'da': 57.0, 'dp': 12.07, 'de': -0.1}, 'c': {'id': 4}, 'n': {'id': 4, 'dx': -3, 'dy': 0, 'dd': 0, 'da': 7.0, 'dp': 1.17, 'de': 0.02}, 'i': 8}, len(matching): 2
matched entry: {'id': '20230526_7', 'p': {'id': 4, 'tq': 54.0, 'dx': 1, 'dy': 0, 'dd': 1, 'da': 28.0, 'dp': 4.59, 'de': -0.06}, 'c': {'id': 6}, 'n': {'id': 6, 'dx': -1, 'dy': 0, 'dd': 0, 'da': 10.0, 'dp': 1.41, 'de': 0.02}, 'i': 8}, len(matching): 3
matched entry: {'id': '20230508_8', 'p': {'id': 7, 'tq': 72.0, 'dx': 5, 'dy': -4, 'dd': 0, 'da': -3.0, 'dp': -1.66, 'de': 0.07}, 'c': {'id': 13}, 'n': {}, 'i': 0}, len(matching): 4
matched entry: {'id': '20230508_9', 'p': {'id': 8, 'tq': 42.0, 'dx': 7, 'dy': 7, 'dd': 0, 'da': 15.0, 'dp': 4.83, 'de': -0.31}, 'c': {'id': 18}, 'n': {}, 'i': 0}, len(matching): 5
matched entry: {'id': '20230510_11', 'p': {'id': 9, 'tq': 17.0, 'dx': 13, 'dy': -19, 'dd': 0, 'da': -1.0, 'dp': -0.83, 'de': -0.14}, 'c': {'id': 12}, 'n': {'id': 12, 'dx': -1, 'dy': 1, 'dd': -1, 'da': -9.0, 'dp': -2.0, 'de': 0.14}, 'i': 1}, len(matching): 6
matched entry: {'id': '20230607_24', 'p': {'id': 10, 'tq': 1.0, 'dx': -3, 'dy': 28, 'dd': 0, 'da': 0.0, 'dp': 0.0, 'de': 0.07}, 'c': {'id': 21}, 'n': {'id': 23, 'dx': 0, 'dy': 1, 'dd': 2, 'da': 59.0, 'dp': 11.66, 'de': 0.01}, 'i': 13}, len(matching): 7
tq < 0
matched entry: {'id': '20230519_34', 'p': {'id': 12, 'tq': 61.0, 'dx': 4, 'dy': -2, 'dd': 1, 'da': 15.0, 'dp': 2.59, 'de': -0.07}, 'c': {'id': 23}, 'n': {'id': 27, 'dx': 0, 'dy': 2, 'dd': 0, 'da': 17.0, 'dp': 2.59, 'de': 0.01}, 'i': 5}, len(matching): 9
tq < 0
matched entry: {'id': '20230508_14', 'p': {'id': 14, 'tq': 19.0, 'dx': -13, 'dy': 14, 'dd': 0, 'da': -9.0, 'dp': -3.41, 'de': -0.06}, 'c': {'id': 32}, 'n': {}, 'i': 0}, len(matching): 11
tq < 0
matched entry: {'id': '20230517_112', 'p': {'id': 16, 'tq': 42.0, 'dx': 2, 'dy': -1, 'dd': 2, 'da': 32.0, 'dp': 8.83, 'de': -0.44}, 'c': {'id': 42}, 'n': {'id': 47, 'dx': 2, 'dy': 1, 'dd': -1, 'da': -14.0, 'dp': -2.83, 'de': 0.07}, 'i': 4}, len(matching): 13
tq < 0
matched entry: {'id': '20230512_54', 'p': {'id': 18, 'tq': 87.0, 'dx': -1, 'dy': -2, 'dd': 0, 'da': 3.0, 'dp': 1.41, 'de': -0.17}, 'c': {'id': 47}, 'n': {'id': 51, 'dx': 4, 'dy': 3, 'dd': 0, 'da': -22.0, 'dp': -5.41, 'de': 0.07}, 'i': 2}, len(matching): 15
tq < 0
tq < 0
tq < 0
i_dict: {0: 8, 1: 3, 2: 1, 3: 1, 5: 1, 6: 1, 9: 3, 14: 1}
tq_average: -220.0, dx_average: -7.1579, dy_average: -46.3684, dd_average: 0.7368, da_average: 26.2105, dp_average: 5.5837, de_average: -0.0126
average_tracking_quality: 34.8333
@find_matching:
Returning:
Matching(lenght=19): [{'id': '20230505_0', 'p': {'id': 0, 'tq': -31.0, 'dx': -18, 'dy': 5, 'dd': 2, 'da': 42.0, 'dp': 13.07, 'de': -0.31}, 'c': {'id': 0}, 'n': {}, 'i': 0}, {'id': '20230526_3', 'p': {'id': 1, 'tq': 7.0, 'dx': -2, 'dy': 0, 'dd': 1, 'da': 56.0, 'dp': 12.24, 'de': -0.1}, 'c': {'id': 1}, 'n': {'id': 1, 'dx': 0, 'dy': 0, 'dd': 1, 'da': 40.0, 'dp': 5.41, 'de': 0.08}, 'i': 9}, {'id': '20230526_5', 'p': {'id': 2, 'tq': 78.0, 'dx': -2, 'dy': 0, 'dd': -1, 'da': -9.0, 'dp': -3.62, 'de': -0.1}, 'c': {'id': 3}, 'n': {'id': 4, 'dx': 0, 'dy': 1, 'dd': 2, 'da': 57.0, 'dp': 12.07, 'de': -0.1}, 'i': 9}, {'id': '20230526_7', 'p': {'id': 3, 'tq': 0.0, 'dx': -1, 'dy': 0, 'dd': 2, 'da': 63.0, 'dp': 12.49, 'de': 0.09}, 'c': {'id': 4}, 'n': {'id': 6, 'dx': 1, 'dy': 0, 'dd': 1, 'da': 28.0, 'dp': 4.59, 'de': -0.06}, 'i': 9}, {'id': '20230508_8', 'p': {'id': 4, 'tq': 2.0, 'dx': -5, 'dy': 4, 'dd': 2, 'da': 49.0, 'dp': 11.66, 'de': -0.11}, 'c': {'id': 7}, 'n': {'id': 13, 'dx': 5, 'dy': -4, 'dd': 0, 'da': -3.0, 'dp': -1.66, 'de': 0.07}, 'i': 1}, {'id': '20230508_9', 'p': {'id': 9, 'tq': -958.0, 'dx': -83, 'dy': -279, 'dd': 2, 'da': 23.0, 'dp': 12.83, 'de': -0.02}, 'c': {'id': 8}, 'n': {'id': 18, 'dx': 7, 'dy': 7, 'dd': 0, 'da': 15.0, 'dp': 4.83, 'de': -0.31}, 'i': 1}, {'id': '20230510_11', 'p': {'id': 5, 'tq': -4.0, 'dx': 0, 'dy': -27, 'dd': 1, 'da': 6.0, 'dp': 2.0, 'de': 0.11}, 'c': {'id': 9}, 'n': {'id': 12, 'dx': 13, 'dy': -19, 'dd': 0, 'da': -1.0, 'dp': -0.83, 'de': -0.14}, 'i': 2}, {'id': '20230607_24', 'p': {'id': 7, 'tq': -377.0, 'dx': 6, 'dy': -128, 'dd': -1, 'da': -19.0, 'dp': -3.41, 'de': -0.23}, 'c': {'id': 10}, 'n': {'id': 21, 'dx': -3, 'dy': 28, 'dd': 0, 'da': 0.0, 'dp': 0.0, 'de': 0.07}, 'i': 14}, {'id': '20230505_8', 'p': {'id': 6, 'tq': 17.0, 'dx': -2, 'dy': -1, 'dd': 2, 'da': 49.0, 'dp': 10.83, 'de': 0.09}, 'c': {'id': 11}, 'n': {}, 'i': 0}, {'id': '20230519_34', 'p': {'id': 8, 'tq': -477.0, 'dx': 59, 'dy': -138, 'dd': -1, 'da': -34.0, 'dp': -6.59, 'de': -0.0}, 'c': {'id': 12}, 'n': {'id': 23, 'dx': 4, 'dy': -2, 'dd': 1, 'da': 15.0, 'dp': 2.59, 'de': -0.07}, 'i': 6}, {'id': '20230505_10', 'p': {'id': 12, 'tq': -778.0, 'dx': 56, 'dy': -231, 'dd': -1, 'da': -30.0, 'dp': -6.83, 'de': -0.14}, 'c': {'id': 13}, 'n': {}, 'i': 0}, {'id': '20230508_14', 'p': {'id': 13, 'tq': -550.0, 'dx': 101, 'dy': -151, 'dd': -1, 'da': -8.0, 'dp': -5.0, 'de': -0.01}, 'c': {'id': 14}, 'n': {'id': 32, 'dx': -13, 'dy': 14, 'dd': 0, 'da': -9.0, 'dp': -3.41, 'de': -0.06}, 'i': 1}, {'id': '20230505_12', 'p': {'id': 10, 'tq': 69.0, 'dx': 0, 'dy': -1, 'dd': -1, 'da': -18.0, 'dp': -2.93, 'de': 0.28}, 'c': {'id': 15}, 'n': {}, 'i': 0}, {'id': '20230517_112', 'p': {'id': 11, 'tq': 36.0, 'dx': 5, 'dy': -1, 'dd': -1, 'da': -29.0, 'dp': -9.41, 'de': 0.37}, 'c': {'id': 16}, 'n': {'id': 42, 'dx': 2, 'dy': -1, 'dd': 2, 'da': 32.0, 'dp': 8.83, 'de': -0.44}, 'i': 5}, {'id': '20230505_14', 'p': {'id': 14, 'tq': -167.0, 'dx': -34, 'dy': 36, 'dd': 2, 'da': 62.0, 'dp': 9.41, 'de': 0.06}, 'c': {'id': 17}, 'n': {}, 'i': 0}, {'id': '20230512_54', 'p': {'id': 15, 'tq': -213.0, 'dx': -39, 'dy': -52, 'dd': 1, 'da': 56.0, 'dp': 10.24, 'de': -0.41}, 'c': {'id': 18}, 'n': {'id': 47, 'dx': -1, 'dy': -2, 'dd': 0, 'da': 3.0, 'dp': 1.41, 'de': -0.17}, 'i': 3}, {'id': '20230505_16', 'p': {'id': 18, 'tq': -236.0, 'dx': -46, 'dy': -22, 'dd': 2, 'da': 103.0, 'dp': 19.21, 'de': 0.47}, 'c': {'id': 19}, 'n': {}, 'i': 0}, {'id': '20230505_17', 'p': {'id': 16, 'tq': -320.0, 'dx': -66, 'dy': 60, 'dd': 2, 'da': 70.0, 'dp': 17.07, 'de': 0.09}, 'c': {'id': 20}, 'n': {}, 'i': 0}, {'id': '20230505_18', 'p': {'id': 17, 'tq': -278.0, 'dx': -65, 'dy': 45, 'dd': 2, 'da': 66.0, 'dp': 12.83, 'de': -0.37}, 'c': {'id': 21}, 'n': {}, 'i': 0}]
Unmatched current(length=3): {2, 5, 6}
Unmatched previous(length=0): set()
Distance threshold: 20



@plot_data: normalized_points: (22, 2), normalized_prev_points: (19, 2), current_points: (22, 2), prev_points: (19, 2), current_data: 22, prev_data: 19, matching: 19, unmatched_current: 3, unmatched_prev: 0, combined_distances: (22, 19), distance_threshold: 20, current_date_string: 20230505, previous_date_string: 20230503, filename: output/crop986/plots/20230503_20230505.png
Plots created
Plotted the normalized points
Drawing lines between the matched points
Plotting the unmatched points
Plotted the original points with diameter as size
Drawing lines between the matched points and add the indices to the plots with color coding
Setting the titles and labels
Done plotting

@process_image: output_dir: output/crop986/20230505, image_name: 20230505, date_string: 20230505
len(json_data) = 22 json_data entries
len(matching) = 19 matching entries, setting max_id_i to 19
crop_dir: output/crop986
nodules_dir: output/crop986/nodules-last-detected-on
Split image into left and right images: (705, 300, 3), (705, 300, 3)
Converted right image to HSV: (705, 300, 3)
Created mask to detect nodules: (705, 300)

Found 24 contours in mask, processing each contour...

@process_contour: max_id: 20230505_19
Moments: {'m00': 2.0, 'm10': 394.16666666666663, 'm01': 1371.0, 'm20': 77684.16666666666, 'm11': 270200.75, 'm02': 939821.3333333333, 'm30': 15310446.15, 'm21': 53252299.083333336, 'm12': 185222435.71666667, 'm03': 644248666.5, 'mu20': 0.48611111110949423, 'mu11': -0.5, 'mu02': 0.8333333332557231, 'mu30': 0.027314819395542145, 'mu21': -0.083333322290855, 'mu12': 0.10555557283808525, 'mu03': 1.1920928955078125e-07, 'nu20': 0.12152777777737356, 'nu11': -0.125, 'nu02': 0.20833333331393078, 'nu30': 0.004828623505368421, 'nu21': -0.014731389322666913, 'nu12': 0.01865976533646016, 'nu03': 2.1073424255447017e-08}
Centroid: 197, 685
Processing contour#1: area: 2.0 centroid: 197, 685 rectangle: (196, 684, 3, 4)
@find_dayJSON_match_for_contour: x: 196, y: 684, w: 3, h: 4, area: 2.0
Matched with JSON#21: (197, 684, 5, 104.0, 34.7279, 0.327178)
Match with input JSON(nodules) ID: 21
Matched contour: {'x': 197, 'y': 684, 'd': 5, 'a': 104.0, 'p': 34.7279, 'e': 0.327178, 'id': 21, 'tq': 100}
JSON_entry: 21
Matched with first_id: 21 second_id: 17 name: 20230505_18
entry_id:20230505_18, entry saved to results list
WARNING: right_nodule_img.shape != (50, 50, 3) != (45, 50, 3)
@process_contour: max_id: 20230505_20
Moments: {'m00': 5.5, 'm10': 907.3333333333333, 'm01': 3760.1666666666665, 'm20': 149684.0833333333, 'm11': 620312.5416666666, 'm02': 2570705.25, 'm30': 24693858.700000003, 'm21': 102333683.6, 'm12': 424087079.73333335, 'm03': 1757511833.0500002, 'mu20': 1.5782828282681294, 'mu11': -1.0138888888759539, 'mu02': 4.638888888992369, 'mu30': 0.09363331273198128, 'mu21': -0.1836700291798934, 'mu12': -0.03350166039479063, 'mu03': 0.8925926685333252, 'nu20': 0.05217463895101254, 'nu11': -0.033516988062015, 'nu02': 0.1533516988096651, 'nu30': 0.0013198472296996567, 'nu21': -0.0025889971434187864, 'nu12': -0.00047223656167085925, 'nu03': 0.012581910502153447}
Centroid: 164, 683
Processing contour#2: area: 5.5 centroid: 164, 683 rectangle: (164, 682, 3, 5)
@find_dayJSON_match_for_contour: x: 164, y: 682, w: 3, h: 5, area: 5.5
Matched with JSON#20: (164, 683, 5, 105.0, 36.9706, 0.476219)
Match with input JSON(nodules) ID: 20
Matched contour: {'x': 164, 'y': 683, 'd': 5, 'a': 105.0, 'p': 36.9706, 'e': 0.476219, 'id': 20, 'tq': 100}
JSON_entry: 20
Matched with first_id: 20 second_id: 16 name: 20230505_17
entry_id:20230505_17, entry saved to results list
WARNING: right_nodule_img.shape != (50, 50, 3) != (47, 50, 3)
@process_contour: max_id: 20230505_21
Moments: {'m00': 0.0, 'm10': 0.0, 'm01': 0.0, 'm20': 0.0, 'm11': 0.0, 'm02': 0.0, 'm30': 0.0, 'm21': 0.0, 'm12': 0.0, 'm03': 0.0, 'mu20': 0.0, 'mu11': 0.0, 'mu02': 0.0, 'mu30': 0.0, 'mu21': 0.0, 'mu12': 0.0, 'mu03': 0.0, 'nu20': 0.0, 'nu11': 0.0, 'nu02': 0.0, 'nu30': 0.0, 'nu21': 0.0, 'nu12': 0.0, 'nu03': 0.0}
Skipping contour#3 because area is 0.


@process_contour: max_id: 20230505_22
Moments: {'m00': 100.0, 'm10': 14896.166666666666, 'm01': 63952.0, 'm20': 2219910.833333333, 'm11': 9525804.583333332, 'm02': 40899638.0, 'm30': 330965260.15000004, 'm21': 1419501231.5833333, 'm12': 6091721139.383333, 'm03': 26157485615.0, 'mu20': 953.0197222218849, 'mu11': -591.9233333338052, 'mu02': 1054.960000000894, 'mu30': -284.2470989227295, 'mu21': 203.22254457173403, 'mu12': -9.539731912169373, 'mu03': -214.79840087890625, 'nu20': 0.09530197222218849, 'nu11': -0.059192333333380524, 'nu02': 0.10549600000008941, 'nu30': -0.0028424709892272953, 'nu21': 0.0020322254457173406, 'nu12': -9.539731912169373e-05, 'nu03': -0.0021479840087890627}
Centroid: 148, 639
Processing contour#4: area: 100.0 centroid: 148, 639 rectangle: (142, 633, 14, 14)
@find_dayJSON_match_for_contour: x: 142, y: 633, w: 14, h: 14, area: 100.0
Matched with JSON#19: (149, 639, 10, 332.0, 73.2548, 0.885711)
Match with input JSON(nodules) ID: 19
Matched contour: {'x': 149, 'y': 639, 'd': 10, 'a': 332.0, 'p': 73.2548, 'e': 0.885711, 'id': 19, 'tq': 100}
JSON_entry: 19
Matched with first_id: 19 second_id: 18 name: 20230505_16
entry_id:20230505_16, entry saved to results list
created dirs at nodule_detection_path: output/crop986/nodules-last-detected-on/2023-05-05/16/detection and nodule_images_original_path: output/crop986/nodules-last-detected-on/2023-05-05/16
Segmented nodule image saved as output/crop986/nodules-last-detected-on/2023-05-05/16/detection/2023-05-05.jpg
Original nodule image saved as output/crop986/nodules-last-detected-on/2023-05-05/16/2023-05-05.jpg


@process_contour: max_id: 20230505_23
Moments: {'m00': 22.0, 'm10': 3311.0, 'm01': 12412.833333333332, 'm20': 498348.0, 'm11': 1868131.4166666665, 'm02': 7003602.5, 'm30': 75014166.5, 'm21': 281177750.1166667, 'm12': 1054042176.25, 'm03': 3951612731.3500004, 'mu20': 42.5, 'mu11': 2.3283064365386963e-10, 'mu02': 37.43813131470233, 'mu30': 0.0, 'mu21': -7.428787910572282, 'mu12': -7.869675755500793e-08, 'mu03': 4.441577911376953, 'nu20': 0.0878099173553719, 'nu11': 4.810550488716315e-13, 'nu02': 0.07735151098078995, 'nu30': 0.0, 'nu21': -0.0032723613722890686, 'nu12': -3.4665712986759277e-11, 'nu03': 0.0019565032901959142}
Centroid: 150, 564
Processing contour#5: area: 22.0 centroid: 150, 564 rectangle: (148, 562, 6, 6)
@find_dayJSON_match_for_contour: x: 148, y: 562, w: 6, h: 6, area: 22.0
Matched with JSON#18: (150, 563, 5, 108.0, 36.1421, 0.409343)
Match with input JSON(nodules) ID: 18
Matched contour: {'x': 150, 'y': 563, 'd': 5, 'a': 108.0, 'p': 36.1421, 'e': 0.409343, 'id': 18, 'tq': 100}
JSON_entry: 18
Matched with first_id: 18 second_id: 15 name: 20230512_54
entry_id:20230512_54, entry saved to results list
created dirs at nodule_detection_path: output/crop986/nodules-last-detected-on/2023-05-12/54/detection and nodule_images_original_path: output/crop986/nodules-last-detected-on/2023-05-12/54
Segmented nodule image saved as output/crop986/nodules-last-detected-on/2023-05-12/54/detection/2023-05-05.jpg
Original nodule image saved as output/crop986/nodules-last-detected-on/2023-05-12/54/2023-05-05.jpg


@process_contour: max_id: 20230505_24
Moments: {'m00': 35.5, 'm10': 5773.666666666666, 'm01': 17718.833333333332, 'm20': 939132.4166666666, 'm11': 2881769.708333333, 'm02': 8843954.583333332, 'm30': 152775501.8, 'm21': 468743444.9, 'm12': 1438372745.7666667, 'm03': 4414306589.45, 'mu20': 111.94405320822261, 'mu11': 5.2748435055837035, 'mu02': 93.88771517947316, 'mu30': 3.6312246918678284, 'mu21': 17.316240516614926, 'mu12': -6.555908369798999, 'mu03': -14.245983123779297, 'nu20': 0.08882686229575291, 'nu11': 0.004185553267672052, 'nu02': 0.07449927806345817, 'nu30': 0.0004835954880701639, 'nu21': 0.0023061243780718227, 'nu12': -0.000873095987405127, 'nu03': -0.0018972368130267517}
Centroid: 162, 499
Processing contour#6: area: 35.5 centroid: 162, 499 rectangle: (159, 496, 8, 7)
@find_dayJSON_match_for_contour: x: 159, y: 496, w: 8, h: 7, area: 35.5
Matched with JSON#17: (162, 499, 7, 157.0, 43.5563, 0.382207)
Match with input JSON(nodules) ID: 17
Matched contour: {'x': 162, 'y': 499, 'd': 7, 'a': 157.0, 'p': 43.5563, 'e': 0.382207, 'id': 17, 'tq': 100}
JSON_entry: 17
Matched with first_id: 17 second_id: 14 name: 20230505_14
entry_id:20230505_14, entry saved to results list
created dirs at nodule_detection_path: output/crop986/nodules-last-detected-on/2023-05-05/14/detection and nodule_images_original_path: output/crop986/nodules-last-detected-on/2023-05-05/14
Segmented nodule image saved as output/crop986/nodules-last-detected-on/2023-05-05/14/detection/2023-05-05.jpg
Original nodule image saved as output/crop986/nodules-last-detected-on/2023-05-05/14/2023-05-05.jpg


@process_contour: max_id: 20230505_25
Moments: {'m00': 4.5, 'm10': 1096.8333333333333, 'm01': 1812.6666666666665, 'm20': 267346.0833333333, 'm11': 441821.4583333333, 'm02': 730170.25, 'm30': 65164649.45, 'm21': 107691324.6, 'm12': 177972835.9, 'm03': 294124411.3, 'mu20': 3.114197530900128, 'mu11': 0.7422839506762102, 'mu02': 1.2623456791043282, 'mu30': -1.049428440630436, 'mu21': -0.29906265587646885, 'mu12': 0.2922039095450941, 'mu03': 0.2798810601234436, 'nu20': 0.15378753239012977, 'nu11': 0.036655997564257296, 'nu02': 0.062338058227374225, 'nu30': -0.024429891909129395, 'nu21': -0.006961950023700741, 'nu12': 0.006802283651968941, 'nu03': 0.006515417137085326}
Centroid: 243, 402
Processing contour#7: area: 4.5 centroid: 243, 402 rectangle: (242, 402, 4, 3)
@find_dayJSON_match_for_contour: x: 242, y: 402, w: 4, h: 3, area: 4.5
Matched with JSON#16: (243, 403, 2, 19.0, 14.4853, 0.706398)
Match with input JSON(nodules) ID: 16
Matched contour: {'x': 243, 'y': 403, 'd': 2, 'a': 19.0, 'p': 14.4853, 'e': 0.706398, 'id': 16, 'tq': 100}
JSON_entry: 16
Matched with first_id: 16 second_id: 11 name: 20230517_112
entry_id:20230517_112, entry saved to results list
created dirs at nodule_detection_path: output/crop986/nodules-last-detected-on/2023-05-17/112/detection and nodule_images_original_path: output/crop986/nodules-last-detected-on/2023-05-17/112
Segmented nodule image saved as output/crop986/nodules-last-detected-on/2023-05-17/112/detection/2023-05-05.jpg
Original nodule image saved as output/crop986/nodules-last-detected-on/2023-05-17/112/2023-05-05.jpg


@process_contour: max_id: 20230505_26
Moments: {'m00': 9.0, 'm10': 2070.0, 'm01': 3561.6666666666665, 'm20': 476108.5, 'm11': 819183.3333333333, 'm02': 1409502.8333333333, 'm30': 109508865.0, 'm21': 188415533.46666667, 'm12': 324185651.6666667, 'm03': 557802622.9, 'mu20': 8.5, 'mu11': 0.0, 'mu02': 6.228395061800256, 'mu30': 0.0, 'mu21': 3.0037037156248516, 'mu12': 8.42846930027008e-08, 'mu03': -2.0988569259643555, 'nu20': 0.10493827160493827, 'nu11': 0.0, 'nu02': 0.07689376619506488, 'nu30': 0.0, 'nu21': 0.012360920640431487, 'nu12': 3.4685058848848065e-10, 'nu03': -0.008637271300264836}
Centroid: 230, 395
Processing contour#8: area: 9.0 centroid: 230, 395 rectangle: (228, 394, 5, 4)
@find_dayJSON_match_for_contour: x: 228, y: 394, w: 5, h: 4, area: 9.0
Matched with JSON#15: (230, 395, 3, 40.0, 22.7279, 0.490236)
Match with input JSON(nodules) ID: 15
Matched contour: {'x': 230, 'y': 395, 'd': 3, 'a': 40.0, 'p': 22.7279, 'e': 0.490236, 'id': 15, 'tq': 100}
JSON_entry: 15
Matched with first_id: 15 second_id: 10 name: 20230505_12
entry_id:20230505_12, entry saved to results list
created dirs at nodule_detection_path: output/crop986/nodules-last-detected-on/2023-05-05/12/detection and nodule_images_original_path: output/crop986/nodules-last-detected-on/2023-05-05/12
Segmented nodule image saved as output/crop986/nodules-last-detected-on/2023-05-05/12/detection/2023-05-05.jpg
Original nodule image saved as output/crop986/nodules-last-detected-on/2023-05-05/12/2023-05-05.jpg


@process_contour: max_id: 20230505_27
Moments: {'m00': 6.0, 'm10': 1023.0, 'm01': 1770.8333333333333, 'm20': 174424.66666666666, 'm11': 301927.0833333333, 'm02': 522645.5, 'm30': 29740485.5, 'm21': 51479501.11666667, 'm12': 89111057.75, 'm03': 154255208.35, 'mu20': 3.1666666666569654, 'mu11': 0.0, 'mu02': 3.717592592642177, 'mu30': 3.725290298461914e-09, 'mu21': -1.1981481398211145, 'mu12': 1.4173565432429314e-08, 'mu03': 1.7849279642105103, 'nu20': 0.08796296296269347, 'nu11': 0.0, 'nu02': 0.10326646090672713, 'nu30': 4.224564988413029e-11, 'nu21': -0.013587275827900763, 'nu12': 1.6073149604352698e-10, 'nu03': 0.020241494166391226}
Centroid: 170, 295
Processing contour#9: area: 6.0 centroid: 170, 295 rectangle: (169, 294, 4, 4)
@find_dayJSON_match_for_contour: x: 169, y: 294, w: 4, h: 4, area: 6.0
Matched with JSON#14: (170, 294, 2, 27.0, 17.0711, 0.595554)
Match with input JSON(nodules) ID: 14
Matched contour: {'x': 170, 'y': 294, 'd': 2, 'a': 27.0, 'p': 17.0711, 'e': 0.595554, 'id': 14, 'tq': 100}
JSON_entry: 14
Matched with first_id: 14 second_id: 13 name: 20230508_14
entry_id:20230508_14, entry saved to results list
created dirs at nodule_detection_path: output/crop986/nodules-last-detected-on/2023-05-08/14/detection and nodule_images_original_path: output/crop986/nodules-last-detected-on/2023-05-08/14
Segmented nodule image saved as output/crop986/nodules-last-detected-on/2023-05-08/14/detection/2023-05-05.jpg
Original nodule image saved as output/crop986/nodules-last-detected-on/2023-05-08/14/2023-05-05.jpg


@process_contour: max_id: 20230505_28
Moments: {'m00': 13.5, 'm10': 2726.833333333333, 'm01': 2787.1666666666665, 'm20': 550799.25, 'm11': 562974.2083333333, 'm02': 575447.9166666666, 'm30': 111259729.45, 'm21': 113716628.35, 'm12': 116233769.81666666, 'm03': 118812742.55000001, 'mu20': 12.58127572038211, 'mu11': 0.9511316872667521, 'mu02': 18.433127572061494, 'mu30': -1.5840014815330505, 'mu21': -1.0411243319226742, 'mu12': 2.210077237300993, 'mu03': 1.5030686557292938, 'nu20': 0.06903306293762473, 'nu11': 0.0052188295597627, 'nu02': 0.10114198942146224, 'nu30': -0.0023654902493940345, 'nu21': -0.0015547772424975334, 'nu12': 0.0033004490312619214, 'nu03': 0.002244628108463835}
Centroid: 201, 206
Processing contour#10: area: 13.5 centroid: 201, 206 rectangle: (200, 204, 5, 6)
@find_dayJSON_match_for_contour: x: 200, y: 204, w: 5, h: 6, area: 13.5
Matched with JSON#13: (201, 206, 4, 57.0, 25.3137, 0.243824)
Match with input JSON(nodules) ID: 13
Matched contour: {'x': 201, 'y': 206, 'd': 4, 'a': 57.0, 'p': 25.3137, 'e': 0.243824, 'id': 13, 'tq': 100}
JSON_entry: 13
Matched with first_id: 13 second_id: 12 name: 20230505_10
entry_id:20230505_10, entry saved to results list
created dirs at nodule_detection_path: output/crop986/nodules-last-detected-on/2023-05-05/10/detection and nodule_images_original_path: output/crop986/nodules-last-detected-on/2023-05-05/10
Segmented nodule image saved as output/crop986/nodules-last-detected-on/2023-05-05/10/detection/2023-05-05.jpg
Original nodule image saved as output/crop986/nodules-last-detected-on/2023-05-05/10/2023-05-05.jpg


@process_contour: max_id: 20230505_29
Moments: {'m00': 27.0, 'm10': 5346.0, 'm01': 5353.666666666666, 'm20': 1058571.1666666665, 'm11': 1060026.0, 'm02': 1061601.1666666665, 'm30': 209622105.0, 'm21': 209897667.96666667, 'm12': 210197031.0, 'm03': 210520284.9, 'mu20': 63.166666666511446, 'mu11': 2.3283064365386963e-10, 'mu02': 54.98971193423495, 'mu30': 8.940696716308594e-08, 'mu21': -4.969547351940491, 'mu12': -2.3283064365386963e-08, 'mu03': 4.438764452934265, 'nu20': 0.08664837677162063, 'nu11': 3.193835989765015e-13, 'nu02': 0.07543170361349101, 'nu30': 2.3602714476010833e-11, 'nu21': -0.0013119202109709348, 'nu12': -6.146540228127821e-12, 'nu03': 0.001171797828884746}
Centroid: 198, 198
Processing contour#11: area: 27.0 centroid: 198, 198 rectangle: (195, 195, 7, 7)
@find_dayJSON_match_for_contour: x: 195, y: 195, w: 7, h: 7, area: 27.0
Matched with JSON#12: (197, 198, 5, 110.0, 36.3848, 0.342269)
Match with input JSON(nodules) ID: 12
Matched contour: {'x': 197, 'y': 198, 'd': 5, 'a': 110.0, 'p': 36.3848, 'e': 0.342269, 'id': 12, 'tq': 100}
JSON_entry: 12
Matched with first_id: 12 second_id: 8 name: 20230519_34
entry_id:20230519_34, entry saved to results list
created dirs at nodule_detection_path: output/crop986/nodules-last-detected-on/2023-05-19/34/detection and nodule_images_original_path: output/crop986/nodules-last-detected-on/2023-05-19/34
Segmented nodule image saved as output/crop986/nodules-last-detected-on/2023-05-19/34/detection/2023-05-05.jpg
Original nodule image saved as output/crop986/nodules-last-detected-on/2023-05-19/34/2023-05-05.jpg


@process_contour: max_id: 20230505_30
Moments: {'m00': 30.0, 'm10': 6659.0, 'm01': 4269.166666666666, 'm20': 1478153.0, 'm11': 947615.4166666666, 'm02': 607595.1666666666, 'm30': 328134868.5, 'm21': 210350603.71666667, 'm12': 134866643.41666666, 'm03': 86483804.65, 'mu20': 76.96666666655801, 'mu11': 2.7222222222480923, 'mu02': 69.03240740753245, 'mu30': 6.197777807712555, 'mu21': 11.37037040393625, 'mu12': -5.1858024939465395, 'mu03': -10.48554527759552, 'nu20': 0.08551851851839778, 'nu11': 0.003024691358053436, 'nu02': 0.07670267489725828, 'nu30': 0.0012572824858107711, 'nu21': 0.002306595687935189, 'nu12': -0.001051992964704099, 'nu03': -0.002127099880104013}
Centroid: 221, 142
Processing contour#12: area: 30.0 centroid: 221, 142 rectangle: (219, 139, 7, 7)
@find_dayJSON_match_for_contour: x: 219, y: 139, w: 7, h: 7, area: 30.0
Matched with JSON#11: (221, 142, 6, 119.0, 39.5563, 0.506861)
Match with input JSON(nodules) ID: 11
Matched contour: {'x': 221, 'y': 142, 'd': 6, 'a': 119.0, 'p': 39.5563, 'e': 0.506861, 'id': 11, 'tq': 100}
JSON_entry: 11
Matched with first_id: 11 second_id: 6 name: 20230505_8
entry_id:20230505_8, entry saved to results list
created dirs at nodule_detection_path: output/crop986/nodules-last-detected-on/2023-05-05/8/detection and nodule_images_original_path: output/crop986/nodules-last-detected-on/2023-05-05/8
Segmented nodule image saved as output/crop986/nodules-last-detected-on/2023-05-05/8/detection/2023-05-05.jpg
Original nodule image saved as output/crop986/nodules-last-detected-on/2023-05-05/8/2023-05-05.jpg


@process_contour: max_id: 20230505_31
Moments: {'m00': 16.5, 'm10': 2075.833333333333, 'm01': 1814.1666666666665, 'm20': 261181.41666666666, 'm11': 228235.29166666666, 'm02': 199486.75, 'm30': 32864973.950000003, 'm21': 28716377.016666666, 'm12': 25096708.65, 'm03': 21937875.05, 'mu20': 24.8089225589938, 'mu11': -1.5349326599098276, 'mu02': 20.041245791275287, 'mu30': -1.149437140673399, 'mu21': -1.6221627056811485, 'mu12': 1.0160000612577278, 'mu03': 0.5886780209839344, 'nu20': 0.09112551904129955, 'nu11': -0.005637952837134354, 'nu02': 0.07361339133618104, 'nu30': -0.0010393824164004386, 'nu21': -0.0014668461050751963, 'nu12': 0.0009187214866872883, 'nu03': 0.0005323140885926569}
Centroid: 125, 109
Processing contour#13: area: 16.5 centroid: 125, 109 rectangle: (123, 108, 6, 5)
@find_dayJSON_match_for_contour: x: 123, y: 108, w: 6, h: 5, area: 16.5
Matched with JSON#10: (125, 109, 4, 70.0, 28.7279, 0.247366)
Match with input JSON(nodules) ID: 10
Matched contour: {'x': 125, 'y': 109, 'd': 4, 'a': 70.0, 'p': 28.7279, 'e': 0.247366, 'id': 10, 'tq': 100}
JSON_entry: 10
Matched with first_id: 10 second_id: 7 name: 20230607_24
entry_id:20230607_24, entry saved to results list
created dirs at nodule_detection_path: output/crop986/nodules-last-detected-on/2023-06-07/24/detection and nodule_images_original_path: output/crop986/nodules-last-detected-on/2023-06-07/24
Segmented nodule image saved as output/crop986/nodules-last-detected-on/2023-06-07/24/detection/2023-05-05.jpg
Original nodule image saved as output/crop986/nodules-last-detected-on/2023-06-07/24/2023-05-05.jpg


@process_contour: max_id: 20230505_32
Moments: {'m00': 11.0, 'm10': 1886.5, 'm01': 1186.3333333333333, 'm20': 323542.3333333333, 'm11': 203456.16666666666, 'm02': 127957.16666666666, 'm30': 55490111.25, 'm21': 34893549.28333333, 'm12': 21944654.083333332, 'm03': 13802773.100000001, 'mu20': 7.583333333313931, 'mu11': 0.0, 'mu02': 12.914141414148617, 'mu30': 7.450580596923828e-09, 'mu21': -1.1510100959372949, 'mu12': -1.724401954561472e-09, 'mu03': 1.008325682953, 'nu20': 0.0626721763083796, 'nu11': 0.0, 'nu02': 0.10672844143924477, 'nu30': 1.8565574988954546e-11, 'nu21': -0.002868120674782103, 'nu12': -4.296915305060769e-12, 'nu03': 0.0025125754747062053}
Centroid: 171, 107
Processing contour#14: area: 11.0 centroid: 171, 107 rectangle: (170, 106, 4, 5)
@find_dayJSON_match_for_contour: x: 170, y: 106, w: 4, h: 5, area: 11.0
Matched with JSON#9: (171, 107, 4, 56.0, 25.3137, 0.399635)
Match with input JSON(nodules) ID: 9
Matched contour: {'x': 171, 'y': 107, 'd': 4, 'a': 56.0, 'p': 25.3137, 'e': 0.399635, 'id': 9, 'tq': 100}
JSON_entry: 9
Matched with first_id: 9 second_id: 5 name: 20230510_11
entry_id:20230510_11, entry saved to results list
created dirs at nodule_detection_path: output/crop986/nodules-last-detected-on/2023-05-10/11/detection and nodule_images_original_path: output/crop986/nodules-last-detected-on/2023-05-10/11
Segmented nodule image saved as output/crop986/nodules-last-detected-on/2023-05-10/11/detection/2023-05-05.jpg
Original nodule image saved as output/crop986/nodules-last-detected-on/2023-05-10/11/2023-05-05.jpg


@process_contour: max_id: 20230505_33
Moments: {'m00': 6.5, 'm10': 1227.1666666666665, 'm01': 669.0, 'm20': 231689.41666666666, 'm11': 126302.79166666666, 'm02': 68858.25, 'm30': 43744284.550000004, 'm21': 23845816.8, 'm12': 12999882.766666666, 'm03': 7087662.4, 'mu20': 6.643162393185776, 'mu11': -0.977564102577162, 'mu02': 2.7115384615317453, 'mu30': 2.444203369319439, 'mu21': -1.7356673230399338, 'mu12': -0.48629191256566173, 'mu03': 1.27869822550565, 'nu20': 0.1572346128564681, 'nu11': -0.023137611895317448, 'nu02': 0.06417842512501173, 'nu30': 0.022691016250066552, 'nu21': -0.016113248155277152, 'nu12': -0.004514541559353056, 'nu03': 0.011870927999726496}
Centroid: 188, 102
Processing contour#15: area: 6.5 centroid: 188, 102 rectangle: (187, 102, 5, 4)
@find_dayJSON_match_for_contour: x: 187, y: 102, w: 5, h: 4, area: 6.5
Matched with JSON#8: (188, 102, 3, 29.0, 17.6569, 0.724496)
Match with input JSON(nodules) ID: 8
Matched contour: {'x': 188, 'y': 102, 'd': 3, 'a': 29.0, 'p': 17.6569, 'e': 0.724496, 'id': 8, 'tq': 100}
JSON_entry: 8
Matched with first_id: 8 second_id: 9 name: 20230508_9
entry_id:20230508_9, entry saved to results list
created dirs at nodule_detection_path: output/crop986/nodules-last-detected-on/2023-05-08/9/detection and nodule_images_original_path: output/crop986/nodules-last-detected-on/2023-05-08/9
Segmented nodule image saved as output/crop986/nodules-last-detected-on/2023-05-08/9/detection/2023-05-05.jpg
Original nodule image saved as output/crop986/nodules-last-detected-on/2023-05-08/9/2023-05-05.jpg


@process_contour: max_id: 20230505_34
Moments: {'m00': 23.0, 'm10': 3877.0, 'm01': 2169.333333333333, 'm20': 653572.1666666666, 'm11': 365677.3333333333, 'm02': 204651.5, 'm30': 110184639.5, 'm21': 61645236.86666667, 'm12': 34497730.166666664, 'm03': 19310512.6, 'mu20': 44.81884057971183, 'mu11': 3.1884057971765287, 'mu02': 42.49516908219084, 'mu30': -4.650283545255661, 'mu21': -7.037135075392143, 'mu12': 4.1262339713339315, 'mu03': 4.206945311278105, 'nu20': 0.08472370619983333, 'nu11': 0.006027232130768485, 'nu02': 0.08033113248051198, 'nu30': -0.0018329889388246513, 'nu21': -0.0027738073665139534, 'nu12': 0.001626425820028528, 'nu03': 0.001658239577601724}
Centroid: 168, 94
Processing contour#16: area: 23.0 centroid: 168, 94 rectangle: (166, 92, 6, 6)
@find_dayJSON_match_for_contour: x: 166, y: 92, w: 6, h: 6, area: 23.0
Matched with JSON#7: (168, 94, 5, 98.0, 34.9706, 0.3167)
Match with input JSON(nodules) ID: 7
Matched contour: {'x': 168, 'y': 94, 'd': 5, 'a': 98.0, 'p': 34.9706, 'e': 0.3167, 'id': 7, 'tq': 100}
JSON_entry: 7
Matched with first_id: 7 second_id: 4 name: 20230508_8
entry_id:20230508_8, entry saved to results list
created dirs at nodule_detection_path: output/crop986/nodules-last-detected-on/2023-05-08/8/detection and nodule_images_original_path: output/crop986/nodules-last-detected-on/2023-05-08/8
Segmented nodule image saved as output/crop986/nodules-last-detected-on/2023-05-08/8/detection/2023-05-05.jpg
Original nodule image saved as output/crop986/nodules-last-detected-on/2023-05-08/8/2023-05-05.jpg


@process_contour: max_id: 20230505_35
Moments: {'m00': 1.0, 'm10': 66.5, 'm01': 86.5, 'm20': 4422.333333333333, 'm11': 5752.25, 'm02': 7482.333333333333, 'm30': 294096.25, 'm21': 382531.8333333333, 'm12': 497575.1666666667, 'm03': 647236.25, 'mu20': 0.08333333333303017, 'mu11': 0.0, 'mu02': 0.08333333333303017, 'mu30': 5.820766091346741e-11, 'mu21': 6.821210263296962e-12, 'mu12': 3.956301952712238e-11, 'mu03': 1.1641532182693481e-10, 'nu20': 0.08333333333303017, 'nu11': 0.0, 'nu02': 0.08333333333303017, 'nu30': 5.820766091346741e-11, 'nu21': 6.821210263296962e-12, 'nu12': 3.956301952712238e-11, 'nu03': 1.1641532182693481e-10}
Centroid: 66, 86
Processing contour#17: area: 1.0 centroid: 66, 86 rectangle: (66, 86, 2, 2)
@find_dayJSON_match_for_contour: x: 66, y: 86, w: 2, h: 2, area: 1.0
Matched with JSON#6: (67, 86, 1, 5.0, 5.2071, 0.816497)
Match with input JSON(nodules) ID: 6
Matched contour: {'x': 67, 'y': 86, 'd': 1, 'a': 5.0, 'p': 5.2071, 'e': 0.816497, 'id': 6, 'tq': 100}
JSON_entry: 6
WARNING: match is empty
entry_id:20230505_35, entry saved to results list
created dirs at nodule_detection_path: output/crop986/nodules-last-detected-on/2023-05-05/35/detection and nodule_images_original_path: output/crop986/nodules-last-detected-on/2023-05-05/35
Segmented nodule image saved as output/crop986/nodules-last-detected-on/2023-05-05/35/detection/2023-05-05.jpg
Original nodule image saved as output/crop986/nodules-last-detected-on/2023-05-05/35/2023-05-05.jpg


@process_contour: max_id: 20230505_36
Moments: {'m00': 0.0, 'm10': 0.0, 'm01': 0.0, 'm20': 0.0, 'm11': 0.0, 'm02': 0.0, 'm30': 0.0, 'm21': 0.0, 'm12': 0.0, 'm03': 0.0, 'mu20': 0.0, 'mu11': 0.0, 'mu02': 0.0, 'mu30': 0.0, 'mu21': 0.0, 'mu12': 0.0, 'mu03': 0.0, 'nu20': 0.0, 'nu11': 0.0, 'nu02': 0.0, 'nu30': 0.0, 'nu21': 0.0, 'nu12': 0.0, 'nu03': 0.0}
Skipping contour#18 because area is 0.


@process_contour: max_id: 20230505_37
Moments: {'m00': 1.0, 'm10': 66.5, 'm01': 68.5, 'm20': 4422.333333333333, 'm11': 4555.25, 'm02': 4692.333333333333, 'm30': 294096.25, 'm21': 302929.8333333333, 'm12': 312040.1666666667, 'm03': 321436.25, 'mu20': 0.08333333333303017, 'mu11': 0.0, 'mu02': 0.08333333333303017, 'mu30': 5.820766091346741e-11, 'mu21': 1.3642420526593924e-12, 'mu12': 3.956301952712238e-11, 'mu03': 5.820766091346741e-11, 'nu20': 0.08333333333303017, 'nu11': 0.0, 'nu02': 0.08333333333303017, 'nu30': 5.820766091346741e-11, 'nu21': 1.3642420526593924e-12, 'nu12': 3.956301952712238e-11, 'nu03': 5.820766091346741e-11}
Centroid: 66, 68
Processing contour#19: area: 1.0 centroid: 66, 68 rectangle: (66, 68, 2, 2)
@find_dayJSON_match_for_contour: x: 66, y: 68, w: 2, h: 2, area: 1.0
Matched with JSON#5: (67, 68, 2, 24.0, 17.0711, 0.534497)
Match with input JSON(nodules) ID: 5
Matched contour: {'x': 67, 'y': 68, 'd': 2, 'a': 24.0, 'p': 17.0711, 'e': 0.534497, 'id': 5, 'tq': 100}
JSON_entry: 5
WARNING: match is empty
entry_id:20230505_37, entry saved to results list
created dirs at nodule_detection_path: output/crop986/nodules-last-detected-on/2023-05-05/37/detection and nodule_images_original_path: output/crop986/nodules-last-detected-on/2023-05-05/37
Segmented nodule image saved as output/crop986/nodules-last-detected-on/2023-05-05/37/detection/2023-05-05.jpg
Original nodule image saved as output/crop986/nodules-last-detected-on/2023-05-05/37/2023-05-05.jpg


@process_contour: max_id: 20230505_38
Moments: {'m00': 25.0, 'm10': 3664.0, 'm01': 1597.5, 'm20': 537041.5, 'm11': 234126.0833333333, 'm02': 102136.66666666666, 'm30': 78722182.0, 'm21': 34315920.25, 'm12': 14968705.416666666, 'm03': 6533743.75, 'mu20': 45.660000000032596, 'mu11': -3.51666666669189, 'mu02': 56.416666666656965, 'mu30': -4.099200010299683, 'mu21': -0.7946666624511636, 'mu12': 4.980000004748945, 'mu03': 0.7000000020489097, 'nu20': 0.07305600000005216, 'nu11': -0.0056266666667070244, 'nu02': 0.09026666666665115, 'nu30': -0.0013117440032958986, 'nu21': -0.00025429333198437234, 'nu12': 0.0015936000015196624, 'nu03': 0.00022400000065565112}
Centroid: 146, 63
Processing contour#20: area: 25.0 centroid: 146, 63 rectangle: (144, 61, 6, 7)
@find_dayJSON_match_for_contour: x: 144, y: 61, w: 6, h: 7, area: 25.0
Matched with JSON#4: (146, 64, 5, 111.0, 36.3848, 0.389322)
Match with input JSON(nodules) ID: 4
Matched contour: {'x': 146, 'y': 64, 'd': 5, 'a': 111.0, 'p': 36.3848, 'e': 0.389322, 'id': 4, 'tq': 100}
JSON_entry: 4
Matched with first_id: 4 second_id: 3 name: 20230526_7
entry_id:20230526_7, entry saved to results list
created dirs at nodule_detection_path: output/crop986/nodules-last-detected-on/2023-05-26/7/detection and nodule_images_original_path: output/crop986/nodules-last-detected-on/2023-05-26/7
Segmented nodule image saved as output/crop986/nodules-last-detected-on/2023-05-26/7/detection/2023-05-05.jpg
Original nodule image saved as output/crop986/nodules-last-detected-on/2023-05-26/7/2023-05-05.jpg


@process_contour: max_id: 20230505_39
Moments: {'m00': 12.0, 'm10': 751.8333333333333, 'm01': 622.3333333333333, 'm20': 47115.166666666664, 'm11': 38991.166666666664, 'm02': 32288.0, 'm30': 2953240.85, 'm21': 2443475.95, 'm12': 2022957.6166666667, 'm03': 1675851.1, 'mu20': 10.71990740741603, 'mu11': 0.2546296296422952, 'mu02': 13.101851851861284, 'mu30': 1.5189171805977821, 'mu21': -0.8500257214698195, 'mu12': -1.6829732517045386, 'mu03': 0.5912551435176283, 'nu20': 0.0744438014403891, 'nu11': 0.0017682613169603832, 'nu02': 0.09098508230459225, 'nu30': 0.0030449557051905446, 'nu21': -0.0017040367330163405, 'nu12': -0.003373837013578316, 'nu03': 0.0011852823481585191}
Centroid: 62, 51
Processing contour#21: area: 12.0 centroid: 62, 51 rectangle: (61, 50, 5, 5)
@find_dayJSON_match_for_contour: x: 61, y: 50, w: 5, h: 5, area: 12.0
Matched with JSON#3: (62, 51, 3, 47.0, 24.3137, 0.635601)
Match with input JSON(nodules) ID: 3
Matched contour: {'x': 62, 'y': 51, 'd': 3, 'a': 47.0, 'p': 24.3137, 'e': 0.635601, 'id': 3, 'tq': 100}
JSON_entry: 3
Matched with first_id: 3 second_id: 2 name: 20230526_5
entry_id:20230526_5, entry saved to results list
created dirs at nodule_detection_path: output/crop986/nodules-last-detected-on/2023-05-26/5/detection and nodule_images_original_path: output/crop986/nodules-last-detected-on/2023-05-26/5
Segmented nodule image saved as output/crop986/nodules-last-detected-on/2023-05-26/5/detection/2023-05-05.jpg
Original nodule image saved as output/crop986/nodules-last-detected-on/2023-05-26/5/2023-05-05.jpg


@process_contour: max_id: 20230505_40
Moments: {'m00': 26.0, 'm10': 3846.5, 'm01': 1350.5, 'm20': 569115.1666666666, 'm11': 199800.8333333333, 'm02': 70203.16666666666, 'm30': 84212503.25, 'm21': 29562566.5, 'm12': 10386518.5, 'm03': 3652231.25, 'mu20': 55.080128205008805, 'mu11': 4.7467948717821855, 'mu02': 55.08012820511067, 'mu30': -5.211908251047134, 'mu21': 6.897066079492106, 'mu12': 6.89706607932203, 'mu03': -5.211908281780779, 'nu20': 0.0814794795932083, 'nu11': 0.007021885905003234, 'nu02': 0.08147947959335898, 'nu30': -0.0015120403888907934, 'nu21': 0.0020009259516311525, 'nu12': 0.0020009259515818114, 'nu03': -0.0015120403978070118}
Centroid: 147, 51
Processing contour#22: area: 26.0 centroid: 147, 51 rectangle: (145, 49, 7, 7)
@find_dayJSON_match_for_contour: x: 145, y: 49, w: 7, h: 7, area: 26.0
Matched with JSON#2: (148, 51, 5, 95.0, 33.5563, 0.350857)
Match with input JSON(nodules) ID: 2
Matched contour: {'x': 148, 'y': 51, 'd': 5, 'a': 95.0, 'p': 33.5563, 'e': 0.350857, 'id': 2, 'tq': 100}
JSON_entry: 2
WARNING: match is empty
entry_id:20230505_40, entry saved to results list
created dirs at nodule_detection_path: output/crop986/nodules-last-detected-on/2023-05-05/40/detection and nodule_images_original_path: output/crop986/nodules-last-detected-on/2023-05-05/40
Segmented nodule image saved as output/crop986/nodules-last-detected-on/2023-05-05/40/detection/2023-05-05.jpg
Original nodule image saved as output/crop986/nodules-last-detected-on/2023-05-05/40/2023-05-05.jpg


@process_contour: max_id: 20230505_41
Moments: {'m00': 34.5, 'm10': 4879.166666666666, 'm01': 1316.8333333333333, 'm20': 690151.0833333333, 'm11': 186221.29166666666, 'm02': 50343.416666666664, 'm30': 97637040.55000001, 'm21': 26339041.65, 'm12': 7118905.516666667, 'm03': 1927746.4500000002, 'mu20': 114.34822866343893, 'mu11': -12.021537842170801, 'mu02': 81.09702093397937, 'mu30': -3.1860945522785187, 'mu21': 8.566057937826372, 'mu12': -0.563409103651793, 'mu03': -6.352937835734338, 'nu20': 0.09607076552273804, 'nu11': -0.010100010789473474, 'nu02': 0.06813444312873713, 'nu30': -0.0004557334669593716, 'nu21': 0.0012252741461764366, 'nu12': -8.05890659899217e-05, 'nu03': -0.0009087132656455711}
Centroid: 141, 38
Processing contour#23: area: 34.5 centroid: 141, 38 rectangle: (138, 35, 8, 7)
@find_dayJSON_match_for_contour: x: 138, y: 35, w: 8, h: 7, area: 34.5
Matched with JSON#1: (141, 38, 5, 113.0, 37.5563, 0.292451)
Match with input JSON(nodules) ID: 1
Matched contour: {'x': 141, 'y': 38, 'd': 5, 'a': 113.0, 'p': 37.5563, 'e': 0.292451, 'id': 1, 'tq': 100}
JSON_entry: 1
Matched with first_id: 1 second_id: 1 name: 20230526_3
entry_id:20230526_3, entry saved to results list
created dirs at nodule_detection_path: output/crop986/nodules-last-detected-on/2023-05-26/3/detection and nodule_images_original_path: output/crop986/nodules-last-detected-on/2023-05-26/3
Segmented nodule image saved as output/crop986/nodules-last-detected-on/2023-05-26/3/detection/2023-05-05.jpg
Original nodule image saved as output/crop986/nodules-last-detected-on/2023-05-26/3/2023-05-05.jpg


@process_contour: max_id: 20230505_42
Moments: {'m00': 20.0, 'm10': 3685.5, 'm01': 725.5, 'm20': 679179.5, 'm11': 133684.16666666666, 'm02': 26351.5, 'm30': 125168337.75, 'm21': 24634523.5, 'm12': 4855384.166666667, 'm03': 958375.75, 'mu20': 33.98749999993015, 'mu11': -7.345833333325572, 'mu02': 33.98749999999927, 'mu30': 9.294375017285347, 'mu21': -5.555625002234592, 'mu12': -5.555624999605243, 'mu03': 9.29437500005588, 'nu20': 0.0849687499998254, 'nu11': -0.018364583333313936, 'nu02': 0.08496874999999819, 'nu30': 0.005195713586756455, 'nu21': -0.0031056887906234926, 'nu12': -0.0031056887891536414, 'nu03': 0.00519571357712489}
Centroid: 184, 36
Processing contour#24: area: 20.0 centroid: 184, 36 rectangle: (182, 34, 6, 6)
@find_dayJSON_match_for_contour: x: 182, y: 34, w: 6, h: 6, area: 20.0
Matched with JSON#0: (184, 36, 4, 63.0, 28.1421, 0.290577)
Match with input JSON(nodules) ID: 0
Matched contour: {'x': 184, 'y': 36, 'd': 4, 'a': 63.0, 'p': 28.1421, 'e': 0.290577, 'id': 0, 'tq': 100}
JSON_entry: 0
Matched with first_id: 0 second_id: 0 name: 20230505_0
entry_id:20230505_0, entry saved to results list
created dirs at nodule_detection_path: output/crop986/nodules-last-detected-on/2023-05-05/0/detection and nodule_images_original_path: output/crop986/nodules-last-detected-on/2023-05-05/0
Segmented nodule image saved as output/crop986/nodules-last-detected-on/2023-05-05/0/detection/2023-05-05.jpg
Original nodule image saved as output/crop986/nodules-last-detected-on/2023-05-05/0/2023-05-05.jpg


Done analyzing contours, found 22 nodules.


results_entry: {'date': '20230505', 'json': 'output/crop986/20230505/20230505.json', 'log': 'output/crop986/20230505/crop986_20230505.log', 'image': 'data/crop986/20230505.jpg', 'plot': 'output/crop986/plots/20230503_20230505.png', 'match_stats': {'i_dict': {0: 8, 1: 3, 2: 1, 3: 1, 5: 1, 6: 1, 9: 3, 14: 1}, 'average_tracking_quality': 34.8333, 'distance_threshold': 20, 'lengths': {'matching': 19, 'unmatched_current': 3, 'unmatched_previous': 0}, 'averages': {'tq': -220.0, 'i': 3.1579, 'dx': -7.1579, 'dy': -46.3684, 'dd': 0.7368, 'da': 26.2105, 'dp': 5.5837, 'de': -0.0126}}}
