Current memory usage: 6306.30859375 MB
@analyze_image: file_name: data/crop1008/20230508.jpg, output_dir: output/crop1008, external_logger: <Logger data_crop1008.log (DEBUG)>
Loaded image & JSON file: data/crop1008/20230508.jpg
Scaled JSON data: scalar_position: 0.5, scalar_size: 0.5

@find_prev_next_date: image_output_dir: output/crop1008/20230508
data_dir: data/crop1008
Previous date file: data/crop1008/20230505.json, Next date file: data/crop1008/20230510.json


Loaded prev_results from JSON file: 20230505, length: 11
Scaled JSON data: scalar_position: 0.5, scalar_size: 0.5
Loaded next_results from JSON file: 20230510, length: 9
Scaled JSON data: scalar_position: 0.5, scalar_size: 0.5
prev_results is not empty, generating matching
Current memory usage: 6307.5625 MB
current_date:20230508, generating Matching: 20230505_20230508_matching.json
spatial_distances: (15, 11), attribute_distances: (15, 11)
combined_distances: (15, 11)
Current memory usage: 6307.5625 MB

@find_matching: combined_distances: (15, 11), next_matching: [{'id': '20230515_0', 'p': {'id': 0, 'tq': 71.0, 'dx': -2, 'dy': -1, 'dd': -1, 'da': -14.0, 'dp': -3.41, 'de': -0.07}, 'c': {'id': 0}, 'n': {'id': 0, 'dx': 1, 'dy': 0, 'dd': -1, 'da': -42.0, 'dp': -8.49, 'de': -0.1}, 'i': 2}, {'id': '20230529_2', 'p': {'id': 2, 'tq': 55.0, 'dx': -6, 'dy': 0, 'dd': 1, 'da': 15.0, 'dp': 4.59, 'de': -0.06}, 'c': {'id': 1}, 'n': {'id': 1, 'dx': 2, 'dy': -3, 'dd': -2, 'da': -41.0, 'dp': -9.66, 'de': 0.08}, 'i': 8}, {'id': '20230510_2', 'p': {'id': 4, 'tq': 37.0, 'dx': -3, 'dy': 4, 'dd': 1, 'da': 30.0, 'dp': 4.83, 'de': 0.02}, 'c': {'id': 2}, 'n': {}, 'i': 0}, {'id': '20230519_3', 'p': {'id': 3, 'tq': -102.0, 'dx': -50, 'dy': 27, 'dd': 0, 'da': -2.0, 'dp': 0.59, 'de': 0.03}, 'c': {'id': 3}, 'n': {'id': 3, 'dx': 0, 'dy': -4, 'dd': 1, 'da': 43.0, 'dp': 8.0, 'de': -0.11}, 'i': 4}, {'id': '20230519_13', 'p': {'id': 5, 'tq': 68.0, 'dx': -1, 'dy': 3, 'dd': 0, 'da': -14.0, 'dp': -2.59, 'de': -0.09}, 'c': {'id': 4}, 'n': {'id': 11, 'dx': -14, 'dy': -2, 'dd': 0, 'da': 5.0, 'dp': 0.59, 'de': 0.08}, 'i': 4}, {'id': '20230522_25', 'p': {'id': 11, 'tq': 83.0, 'dx': 1, 'dy': 0, 'dd': 0, 'da': -9.0, 'dp': -0.59, 'de': -0.04}, 'c': {'id': 5}, 'n': {'id': 14, 'dx': -7, 'dy': -4, 'dd': 0, 'da': 5.0, 'dp': 0.0, 'de': 0.07}, 'i': 5}, {'id': '20230512_6', 'p': {'id': 12, 'tq': -19.0, 'dx': 3, 'dy': 0, 'dd': -2, 'da': -71.0, 'dp': -14.24, 'de': -0.08}, 'c': {'id': 6}, 'n': {'id': 19, 'dx': -1, 'dy': 1, 'dd': -1, 'da': -11.0, 'dp': -3.41, 'de': 0.24}, 'i': 1}, {'id': '20230510_7', 'p': {'id': 13, 'tq': -20.0, 'dx': 2, 'dy': 31, 'dd': 0, 'da': -2.0, 'dp': 7.41, 'de': 0.44}, 'c': {'id': 7}, 'n': {}, 'i': 0}, {'id': '20230510_8', 'p': {'id': 14, 'tq': 15.0, 'dx': 4, 'dy': 0, 'dd': 1, 'da': 47.0, 'dp': 6.0, 'de': 0.04}, 'c': {'id': 8}, 'n': {}, 'i': 0}], current_date_string: 20230508, distance_threshold: 20
matched entry: {'id': '20230529_2', 'p': {'id': 2, 'tq': 55.0, 'dx': -6, 'dy': 0, 'dd': 1, 'da': 15.0, 'dp': 4.59, 'de': -0.06}, 'c': {'id': 1}, 'n': {'id': 1, 'dx': 2, 'dy': -3, 'dd': -2, 'da': -41.0, 'dp': -9.66, 'de': 0.08}, 'i': 8}, len(matching): 0
matched entry: {'id': '20230510_2', 'p': {'id': 4, 'tq': 37.0, 'dx': -3, 'dy': 4, 'dd': 1, 'da': 30.0, 'dp': 4.83, 'de': 0.02}, 'c': {'id': 2}, 'n': {}, 'i': 0}, len(matching): 1
matched entry: {'id': '20230519_13', 'p': {'id': 5, 'tq': 68.0, 'dx': -1, 'dy': 3, 'dd': 0, 'da': -14.0, 'dp': -2.59, 'de': -0.09}, 'c': {'id': 4}, 'n': {'id': 11, 'dx': -14, 'dy': -2, 'dd': 0, 'da': 5.0, 'dp': 0.59, 'de': 0.08}, 'i': 4}, len(matching): 2
matched entry: {'id': '20230522_25', 'p': {'id': 11, 'tq': 83.0, 'dx': 1, 'dy': 0, 'dd': 0, 'da': -9.0, 'dp': -0.59, 'de': -0.04}, 'c': {'id': 5}, 'n': {'id': 14, 'dx': -7, 'dy': -4, 'dd': 0, 'da': 5.0, 'dp': 0.0, 'de': 0.07}, 'i': 5}, len(matching): 7
tq < 0
tq < 0
matched entry: {'id': '20230510_8', 'p': {'id': 14, 'tq': 15.0, 'dx': 4, 'dy': 0, 'dd': 1, 'da': 47.0, 'dp': 6.0, 'de': 0.04}, 'c': {'id': 8}, 'n': {}, 'i': 0}, len(matching): 10
i_dict: {0: 6, 1: 2, 5: 1, 6: 1, 9: 1}
tq_average: -347.1818, dx_average: 4.0909, dy_average: -110.5455, dd_average: 0.3636, da_average: 8.8182, dp_average: 1.8536, de_average: 0.02
average_tracking_quality: 34.4
@find_matching:
Returning:
Matching(lenght=11): [{'id': '20230529_2', 'p': {'id': 0, 'tq': 39.0, 'dx': -2, 'dy': 1, 'dd': 1, 'da': 35.0, 'dp': 5.41, 'de': -0.15}, 'c': {'id': 2}, 'n': {'id': 1, 'dx': -6, 'dy': 0, 'dd': 1, 'da': 15.0, 'dp': 4.59, 'de': -0.06}, 'i': 9}, {'id': '20230510_2', 'p': {'id': 1, 'tq': 14.0, 'dx': 13, 'dy': -5, 'dd': 1, 'da': 24.0, 'dp': 6.24, 'de': -0.08}, 'c': {'id': 4}, 'n': {'id': 2, 'dx': -3, 'dy': 4, 'dd': 1, 'da': 30.0, 'dp': 4.83, 'de': 0.02}, 'i': 1}, {'id': '20230519_13', 'p': {'id': 2, 'tq': 54.0, 'dx': 9, 'dy': -1, 'dd': 0, 'da': 9.0, 'dp': 2.0, 'de': 0.02}, 'c': {'id': 5}, 'n': {'id': 4, 'dx': -1, 'dy': 3, 'dd': 0, 'da': -14.0, 'dp': -2.59, 'de': -0.09}, 'i': 5}, {'id': '20230508_3', 'p': {'id': 4, 'tq': -832.0, 'dx': -31, 'dy': -260, 'dd': 0, 'da': -10.0, 'dp': -2.0, 'de': 0.22}, 'c': {'id': 7}, 'n': {}, 'i': 0}, {'id': '20230508_4', 'p': {'id': 6, 'tq': -1247.0, 'dx': -40, 'dy': -378, 'dd': 0, 'da': -10.0, 'dp': -5.41, 'de': -0.36}, 'c': {'id': 8}, 'n': {}, 'i': 0}, {'id': '20230508_5', 'p': {'id': 3, 'tq': 36.0, 'dx': 0, 'dy': 3, 'dd': 1, 'da': 35.0, 'dp': 7.66, 'de': -0.04}, 'c': {'id': 9}, 'n': {}, 'i': 0}, {'id': '20230508_6', 'p': {'id': 7, 'tq': -863.0, 'dx': -57, 'dy': -258, 'dd': 0, 'da': -25.0, 'dp': -5.17, 'de': 0.33}, 'c': {'id': 10}, 'n': {}, 'i': 0}, {'id': '20230522_25', 'p': {'id': 5, 'tq': -548.0, 'dx': 104, 'dy': -151, 'dd': 0, 'da': 4.0, 'dp': 0.83, 'de': 0.12}, 'c': {'id': 11}, 'n': {'id': 5, 'dx': 1, 'dy': 0, 'dd': 0, 'da': -9.0, 'dp': -0.59, 'de': -0.04}, 'i': 6}, {'id': '20230508_8', 'p': {'id': 9, 'tq': -309.0, 'dx': -11, 'dy': -116, 'dd': 0, 'da': 0.0, 'dp': 0.59, 'de': -0.1}, 'c': {'id': 12}, 'n': {}, 'i': 0}, {'id': '20230508_9', 'p': {'id': 10, 'tq': -192.0, 'dx': 63, 'dy': -52, 'dd': 0, 'da': -4.0, 'dp': 0.83, 'de': -0.01}, 'c': {'id': 13}, 'n': {}, 'i': 0}, {'id': '20230510_8', 'p': {'id': 8, 'tq': 29.0, 'dx': -3, 'dy': 1, 'dd': 1, 'da': 39.0, 'dp': 9.41, 'de': 0.27}, 'c': {'id': 14}, 'n': {'id': 8, 'dx': 4, 'dy': 0, 'dd': 1, 'da': 47.0, 'dp': 6.0, 'de': 0.04}, 'i': 1}]
Unmatched current(length=4): {0, 1, 3, 6}
Unmatched previous(length=0): set()
Distance threshold: 20



@plot_data: normalized_points: (15, 2), normalized_prev_points: (11, 2), current_points: (15, 2), prev_points: (11, 2), current_data: 15, prev_data: 11, matching: 11, unmatched_current: 4, unmatched_prev: 0, combined_distances: (15, 11), distance_threshold: 20, current_date_string: 20230508, previous_date_string: 20230505, filename: output/crop1008/plots/20230505_20230508.png
Plots created
Plotted the normalized points
Drawing lines between the matched points
Plotting the unmatched points
Plotted the original points with diameter as size
Drawing lines between the matched points and add the indices to the plots with color coding
Setting the titles and labels
Done plotting

@process_image: output_dir: output/crop1008/20230508, image_name: 20230508, date_string: 20230508
len(json_data) = 15 json_data entries
len(matching) = 11 matching entries, setting max_id_i to 11
crop_dir: output/crop1008
nodules_dir: output/crop1008/nodules-last-detected-on
Split image into left and right images: (705, 300, 3), (705, 300, 3)
Converted right image to HSV: (705, 300, 3)
Created mask to detect nodules: (705, 300)

Found 15 contours in mask, processing each contour...

@process_contour: max_id: 20230508_11
Moments: {'m00': 19.5, 'm10': 2664.833333333333, 'm01': 12992.0, 'm20': 364201.9166666666, 'm11': 1775457.7916666665, 'm02': 8656035.083333332, 'm30': 49779567.45, 'm21': 242650627.13333333, 'm12': 1182911485.5666666, 'm03': 5767181240.900001, 'mu20': 30.804131054203026, 'mu11': -4.498931623995304, 'mu02': 31.801282050088048, 'mu30': -0.9268049821257591, 'mu21': -4.842431839078927, 'mu12': 2.267686019771645, 'mu03': 3.6087474822998047, 'nu20': 0.08101020658567527, 'nu11': -0.01183150985929074, 'nu02': 0.08363256291936369, 'nu30': -0.0005519526608240839, 'nu21': -0.002883878690755896, 'nu12': 0.0013505056151680217, 'nu03': 0.0021491660203735437}
Centroid: 136, 666
Processing contour#1: area: 19.5 centroid: 136, 666 rectangle: (134, 664, 6, 6)
@find_dayJSON_match_for_contour: x: 134, y: 664, w: 6, h: 6, area: 19.5
Matched with JSON#14: (137, 666, 5, 99.0, 35.5563, 0.477924)
Match with input JSON(nodules) ID: 14
Matched contour: {'x': 137, 'y': 666, 'd': 5, 'a': 99.0, 'p': 35.5563, 'e': 0.477924, 'id': 14, 'tq': 100}
JSON_entry: 14
Matched with first_id: 14 second_id: 8 name: 20230510_8
entry_id:20230510_8, entry saved to results list
created dirs at nodule_detection_path: output/crop1008/nodules-last-detected-on/2023-05-10/8/detection and nodule_images_original_path: output/crop1008/nodules-last-detected-on/2023-05-10/8
Segmented nodule image saved as output/crop1008/nodules-last-detected-on/2023-05-10/8/detection/2023-05-08.jpg
Original nodule image saved as output/crop1008/nodules-last-detected-on/2023-05-10/8/2023-05-08.jpg


@process_contour: max_id: 20230508_12
Moments: {'m00': 13.0, 'm10': 3510.5, 'm01': 8112.333333333333, 'm20': 947987.3333333333, 'm11': 2190645.1666666665, 'm02': 5062317.166666666, 'm30': 256002395.25, 'm21': 591570110.95, 'm12': 1367024275.9166667, 'm03': 3159032135.1000004, 'mu20': 17.314102564007044, 'mu11': 3.1538461539894342, 'mu02': 13.158119658008218, 'mu30': 3.251479357481003, 'mu21': 4.262951931033967, 'mu12': 0.24852095537153218, 'mu03': -1.9123811721801758, 'nu20': 0.1024503110296275, 'nu11': 0.01866181156206766, 'nu02': 0.07785869620123206, 'nu30': 0.005336083543245546, 'nu21': 0.006996036309595448, 'nu12': 0.00040785391334517847, 'nu03': -0.0031384562469401697}
Centroid: 270, 624
Processing contour#2: area: 13.0 centroid: 270, 624 rectangle: (268, 622, 6, 5)
@find_dayJSON_match_for_contour: x: 268, y: 622, w: 6, h: 5, area: 13.0
Matched with JSON#13: (270, 623, 5, 106.0, 36.9706, 0.463737)
Match with input JSON(nodules) ID: 13
Matched contour: {'x': 270, 'y': 623, 'd': 5, 'a': 106.0, 'p': 36.9706, 'e': 0.463737, 'id': 13, 'tq': 100}
JSON_entry: 13
Matched with first_id: 13 second_id: 10 name: 20230508_9
entry_id:20230508_9, entry saved to results list
created dirs at nodule_detection_path: output/crop1008/nodules-last-detected-on/2023-05-08/9/detection and nodule_images_original_path: output/crop1008/nodules-last-detected-on/2023-05-08/9
Segmented nodule image saved as output/crop1008/nodules-last-detected-on/2023-05-08/9/detection/2023-05-08.jpg
Original nodule image saved as output/crop1008/nodules-last-detected-on/2023-05-08/9/2023-05-08.jpg


@process_contour: max_id: 20230508_13
Moments: {'m00': 30.0, 'm10': 4899.333333333333, 'm01': 16689.333333333332, 'm20': 800212.6666666666, 'm11': 2725552.1666666665, 'm02': 9284518.666666666, 'm30': 130715339.60000001, 'm21': 445166711.0333333, 'm12': 1516263494.5333333, 'm03': 5165144435.6, 'mu20': 97.09629629633855, 'mu11': -1.4037037030793726, 'mu02': 57.09629629738629, 'mu30': 6.073415651917458, 'mu21': -28.204362323223904, 'mu12': -3.259917863748342, 'mu03': 13.406749725341797, 'nu20': 0.1078847736625984, 'nu11': -0.001559670781199303, 'nu02': 0.0634403292193181, 'nu30': 0.0012320543532074576, 'nu21': -0.005721542764621683, 'nu12': -0.0006613076109588961, 'nu03': 0.0027196960175540344}
Centroid: 163, 556
Processing contour#3: area: 30.0 centroid: 163, 556 rectangle: (160, 554, 8, 6)
@find_dayJSON_match_for_contour: x: 160, y: 554, w: 8, h: 6, area: 30.0
Matched with JSON#12: (163, 556, 6, 126.0, 39.5563, 0.402129)
Match with input JSON(nodules) ID: 12
Matched contour: {'x': 163, 'y': 556, 'd': 6, 'a': 126.0, 'p': 39.5563, 'e': 0.402129, 'id': 12, 'tq': 100}
JSON_entry: 12
Matched with first_id: 12 second_id: 9 name: 20230508_8
entry_id:20230508_8, entry saved to results list
created dirs at nodule_detection_path: output/crop1008/nodules-last-detected-on/2023-05-08/8/detection and nodule_images_original_path: output/crop1008/nodules-last-detected-on/2023-05-08/8
Segmented nodule image saved as output/crop1008/nodules-last-detected-on/2023-05-08/8/detection/2023-05-08.jpg
Original nodule image saved as output/crop1008/nodules-last-detected-on/2023-05-08/8/2023-05-08.jpg


@process_contour: max_id: 20230508_14
Moments: {'m00': 28.0, 'm10': 7476.0, 'm01': 11284.0, 'm20': 1996154.6666666665, 'm11': 3012828.0, 'm02': 4547514.666666666, 'm30': 533006760.0, 'm21': 804450330.6666666, 'm12': 1214186416.0, 'm03': 1832698920.0, 'mu20': 62.666666666511446, 'mu11': 0.0, 'mu02': 62.666666666045785, 'mu30': 1.1920928955078125e-07, 'mu21': 2.2817403078079224e-08, 'mu12': 1.6577541828155518e-07, 'mu03': 7.152557373046875e-07, 'nu20': 0.07993197278891766, 'nu11': 0.0, 'nu02': 0.0799319727883237, 'nu30': 2.8735252744174368e-11, 'nu21': 5.500106970564625e-12, 'nu12': 3.995996084736748e-11, 'nu03': 1.724115164650462e-10}
Centroid: 267, 403
Processing contour#4: area: 28.0 centroid: 267, 403 rectangle: (264, 400, 7, 7)
@find_dayJSON_match_for_contour: x: 264, y: 400, w: 7, h: 7, area: 28.0
Matched with JSON#11: (267, 403, 5, 88.0, 32.1421, 0.420314)
Match with input JSON(nodules) ID: 11
Matched contour: {'x': 267, 'y': 403, 'd': 5, 'a': 88.0, 'p': 32.1421, 'e': 0.420314, 'id': 11, 'tq': 100}
JSON_entry: 11
Matched with first_id: 11 second_id: 5 name: 20230522_25
entry_id:20230522_25, entry saved to results list
created dirs at nodule_detection_path: output/crop1008/nodules-last-detected-on/2023-05-22/25/detection and nodule_images_original_path: output/crop1008/nodules-last-detected-on/2023-05-22/25
Segmented nodule image saved as output/crop1008/nodules-last-detected-on/2023-05-22/25/detection/2023-05-08.jpg
Original nodule image saved as output/crop1008/nodules-last-detected-on/2023-05-22/25/2023-05-08.jpg


@process_contour: max_id: 20230508_15
Moments: {'m00': 14.0, 'm10': 1293.0, 'm01': 5544.0, 'm20': 119436.0, 'm11': 512022.3333333333, 'm02': 2195439.6666666665, 'm30': 11034131.5, 'm21': 47295608.0, 'm12': 202760048.83333334, 'm03': 869406516.0, 'mu20': 18.214285714304424, 'mu11': -5.666666666686069, 'mu02': 15.666666666511446, 'mu30': -0.6530612260103226, 'mu21': -1.2857142824796028, 'mu12': 1.904761958834115, 'mu03': 2.384185791015625e-07, 'nu20': 0.0929300291546144, 'nu11': -0.02891156462594933, 'nu02': 0.0799319727883237, 'nu30': -0.0008904997668794351, 'nu21': -0.0017531714075512258, 'nu12': 0.0025972910544160596, 'nu03': 3.251022731922407e-10}
Centroid: 92, 396
Processing contour#5: area: 14.0 centroid: 92, 396 rectangle: (90, 394, 6, 5)
@find_dayJSON_match_for_contour: x: 90, y: 394, w: 6, h: 5, area: 14.0
Matched with JSON#10: (92, 396, 4, 52.0, 24.9706, 0.725303)
Match with input JSON(nodules) ID: 10
Matched contour: {'x': 92, 'y': 396, 'd': 4, 'a': 52.0, 'p': 24.9706, 'e': 0.725303, 'id': 10, 'tq': 100}
JSON_entry: 10
Matched with first_id: 10 second_id: 7 name: 20230508_6
entry_id:20230508_6, entry saved to results list
created dirs at nodule_detection_path: output/crop1008/nodules-last-detected-on/2023-05-08/6/detection and nodule_images_original_path: output/crop1008/nodules-last-detected-on/2023-05-08/6
Segmented nodule image saved as output/crop1008/nodules-last-detected-on/2023-05-08/6/detection/2023-05-08.jpg
Original nodule image saved as output/crop1008/nodules-last-detected-on/2023-05-08/6/2023-05-08.jpg


@process_contour: max_id: 20230508_16
Moments: {'m00': 20.5, 'm10': 3842.6666666666665, 'm01': 7560.5, 'm20': 720332.25, 'm11': 1417192.2083333333, 'm02': 2788382.75, 'm30': 135037471.3, 'm21': 265661305.36666667, 'm12': 522672932.59999996, 'm03': 1028393840.35, 'mu20': 35.31775067758281, 'mu11': -2.0030487806070596, 'mu02': 33.46951219486073, 'mu30': 0.3396809697151184, 'mu21': 8.682401383382967, 'mu12': -1.996718162504294, 'mu03': -7.155799865722656, 'nu20': 0.08403985884017326, 'nu11': -0.004766326664145294, 'nu02': 0.07964190885154249, 'nu30': 0.00017851987085889002, 'nu21': 0.004563049778757121, 'nu12': -0.0010493783882294476, 'nu03': -0.003760741936742106}
Centroid: 187, 368
Processing contour#6: area: 20.5 centroid: 187, 368 rectangle: (185, 366, 6, 6)
@find_dayJSON_match_for_contour: x: 185, y: 366, w: 6, h: 6, area: 20.5
Matched with JSON#9: (187, 369, 5, 102.0, 34.9706, 0.522786)
Match with input JSON(nodules) ID: 9
Matched contour: {'x': 187, 'y': 369, 'd': 5, 'a': 102.0, 'p': 34.9706, 'e': 0.522786, 'id': 9, 'tq': 100}
JSON_entry: 9
Matched with first_id: 9 second_id: 3 name: 20230508_5
entry_id:20230508_5, entry saved to results list
created dirs at nodule_detection_path: output/crop1008/nodules-last-detected-on/2023-05-08/5/detection and nodule_images_original_path: output/crop1008/nodules-last-detected-on/2023-05-08/5
Segmented nodule image saved as output/crop1008/nodules-last-detected-on/2023-05-08/5/detection/2023-05-08.jpg
Original nodule image saved as output/crop1008/nodules-last-detected-on/2023-05-08/5/2023-05-08.jpg


@process_contour: max_id: 20230508_17
Moments: {'m00': 2.5, 'm10': 499.66666666666663, 'm01': 597.1666666666666, 'm20': 99867.25, 'm11': 119353.875, 'm02': 142643.75, 'm30': 19960349.8, 'm21': 23855022.6, 'm12': 28509809.099999998, 'm03': 34073094.550000004, 'mu20': 0.5388888888992369, 'mu11': 0.16388888889923692, 'mu02': 0.5388888888992369, 'mu30': 0.021481476724147797, 'mu21': -0.028518526845914494, 'mu12': -0.028518525448944843, 'mu03': 0.021481476724147797, 'nu20': 0.08622222222387792, 'nu11': 0.026222222223877913, 'nu02': 0.08622222222387792, 'nu30': 0.0021737726064703874, 'nu21': -0.0028858720110639235, 'nu12': -0.002885871869700534, 'nu03': 0.0021737726064703874}
Centroid: 199, 238
Processing contour#7: area: 2.5 centroid: 199, 238 rectangle: (199, 238, 3, 3)
@find_dayJSON_match_for_contour: x: 199, y: 238, w: 3, h: 3, area: 2.5
Matched with JSON#8: (199, 239, 2, 14.0, 10.8284, 0.203653)
Match with input JSON(nodules) ID: 8
Matched contour: {'x': 199, 'y': 239, 'd': 2, 'a': 14.0, 'p': 10.8284, 'e': 0.203653, 'id': 8, 'tq': 100}
JSON_entry: 8
Matched with first_id: 8 second_id: 6 name: 20230508_4
entry_id:20230508_4, entry saved to results list
created dirs at nodule_detection_path: output/crop1008/nodules-last-detected-on/2023-05-08/4/detection and nodule_images_original_path: output/crop1008/nodules-last-detected-on/2023-05-08/4
Segmented nodule image saved as output/crop1008/nodules-last-detected-on/2023-05-08/4/detection/2023-05-08.jpg
Original nodule image saved as output/crop1008/nodules-last-detected-on/2023-05-08/4/2023-05-08.jpg


@process_contour: max_id: 20230508_18
Moments: {'m00': 27.0, 'm10': 3957.0, 'm01': 6261.5, 'm20': 579970.8333333333, 'm11': 917661.4166666666, 'm02': 1452157.3333333333, 'm30': 85012745.5, 'm21': 134500646.25, 'm12': 212823495.75, 'm03': 336798095.75, 'mu20': 50.5, 'mu11': 3.8055555556202307, 'mu02': 69.10185185191222, 'mu30': -4.2962962836027145, 'mu21': -1.5308641934825573, 'mu12': 5.93621398500909, 'mu03': 2.9663923382759094, 'nu20': 0.06927297668038408, 'nu11': 0.005220240817037353, 'nu02': 0.09478992023581922, 'nu30': -0.0011341873872228695, 'nu21': -0.0004041357358024297, 'nu12': 0.0015671123649804383, 'nu03': 0.0007831035276751895}
Centroid: 146, 231
Processing contour#8: area: 27.0 centroid: 146, 231 rectangle: (144, 229, 6, 7)
@find_dayJSON_match_for_contour: x: 144, y: 229, w: 6, h: 7, area: 27.0
Matched with JSON#7: (146, 231, 6, 124.0, 38.9706, 0.472686)
Match with input JSON(nodules) ID: 7
Matched contour: {'x': 146, 'y': 231, 'd': 6, 'a': 124.0, 'p': 38.9706, 'e': 0.472686, 'id': 7, 'tq': 100}
JSON_entry: 7
Matched with first_id: 7 second_id: 4 name: 20230508_3
entry_id:20230508_3, entry saved to results list
created dirs at nodule_detection_path: output/crop1008/nodules-last-detected-on/2023-05-08/3/detection and nodule_images_original_path: output/crop1008/nodules-last-detected-on/2023-05-08/3
Segmented nodule image saved as output/crop1008/nodules-last-detected-on/2023-05-08/3/detection/2023-05-08.jpg
Original nodule image saved as output/crop1008/nodules-last-detected-on/2023-05-08/3/2023-05-08.jpg


@process_contour: max_id: 20230508_19
Moments: {'m00': 12.0, 'm10': 2830.333333333333, 'm01': 2443.833333333333, 'm20': 667578.6666666666, 'm11': 576405.5, 'm02': 497704.1666666666, 'm30': 157462027.1, 'm21': 135954368.28333333, 'm12': 117389160.61666666, 'm03': 101363203.85000001, 'mu20': 13.101851851912215, 'mu11': 0.2546296297805384, 'mu02': 10.719907407532446, 'mu30': 0.5912551283836365, 'mu21': -1.682973298667548, 'mu12': -0.8500257726764175, 'mu03': 1.5189171582460403, 'nu20': 0.09098508230494594, 'nu11': 0.0017682613179204054, 'nu02': 0.07444380144119754, 'nu30': 0.0011852823178195807, 'nu21': -0.0033738371077245183, 'nu12': -0.0017040368356696155, 'nu03': 0.0030449556603822665}
Centroid: 235, 203
Processing contour#9: area: 12.0 centroid: 235, 203 rectangle: (234, 202, 5, 5)
@find_dayJSON_match_for_contour: x: 234, y: 202, w: 5, h: 5, area: 12.0
Matched with JSON#6: (235, 203, 3, 41.0, 21.3137, 0.440974)
Match with input JSON(nodules) ID: 6
Matched contour: {'x': 235, 'y': 203, 'd': 3, 'a': 41.0, 'p': 21.3137, 'e': 0.440974, 'id': 6, 'tq': 100}
JSON_entry: 6
WARNING: match is empty
entry_id:20230508_19, entry saved to results list
created dirs at nodule_detection_path: output/crop1008/nodules-last-detected-on/2023-05-08/19/detection and nodule_images_original_path: output/crop1008/nodules-last-detected-on/2023-05-08/19
Segmented nodule image saved as output/crop1008/nodules-last-detected-on/2023-05-08/19/detection/2023-05-08.jpg
Original nodule image saved as output/crop1008/nodules-last-detected-on/2023-05-08/19/2023-05-08.jpg


@process_contour: max_id: 20230508_20
Moments: {'m00': 32.0, 'm10': 7446.833333333333, 'm01': 6292.5, 'm20': 1733059.5, 'm11': 1464341.5833333333, 'm02': 1237450.1666666665, 'm30': 403343922.35, 'm21': 340785991.1666667, 'm12': 287968091.5333333, 'm03': 243368003.25, 'mu20': 80.54079861124046, 'mu11': -8.377604166744277, 'mu02': 89.03385416651145, 'mu30': 22.31695055961609, 'mu21': -12.911648199562478, 'mu12': -24.63303487529629, 'mu03': 13.724853605031967, 'nu20': 0.07865312364378951, 'nu11': -0.008181254069086208, 'nu02': 0.08694712320948383, 'nu30': 0.003852653094753285, 'nu21': -0.00222898290971819, 'nu12': -0.004252486816778986, 'nu03': 0.002369369398171567}
Centroid: 232, 196
Processing contour#10: area: 32.0 centroid: 232, 196 rectangle: (230, 193, 7, 8)
@find_dayJSON_match_for_contour: x: 230, y: 193, w: 7, h: 8, area: 32.0
Matched with JSON#5: (232, 196, 5, 111.0, 36.7279, 0.329411)
Match with input JSON(nodules) ID: 5
Matched contour: {'x': 232, 'y': 196, 'd': 5, 'a': 111.0, 'p': 36.7279, 'e': 0.329411, 'id': 5, 'tq': 100}
JSON_entry: 5
Matched with first_id: 5 second_id: 2 name: 20230519_13
entry_id:20230519_13, entry saved to results list
created dirs at nodule_detection_path: output/crop1008/nodules-last-detected-on/2023-05-19/13/detection and nodule_images_original_path: output/crop1008/nodules-last-detected-on/2023-05-19/13
Segmented nodule image saved as output/crop1008/nodules-last-detected-on/2023-05-19/13/detection/2023-05-08.jpg
Original nodule image saved as output/crop1008/nodules-last-detected-on/2023-05-19/13/2023-05-08.jpg


@process_contour: max_id: 20230508_21
Moments: {'m00': 25.0, 'm10': 5225.0, 'm01': 2217.6666666666665, 'm20': 1092085.1666666665, 'm11': 463492.3333333333, 'm02': 196764.16666666666, 'm30': 228270949.5, 'm21': 96875246.63333333, 'm12': 41123710.833333336, 'm03': 17461798.900000002, 'mu20': 60.166666666511446, 'mu11': 0.0, 'mu02': 42.34888888889691, 'mu30': 8.940696716308594e-08, 'mu21': 11.782222237978203, 'mu12': 4.71482053399086e-09, 'mu03': -7.7019851841032505, 'nu20': 0.09626666666641832, 'nu11': 0.0, 'nu02': 0.06775822222223506, 'nu30': 2.8610229492187504e-11, 'nu21': 0.0037703111161530253, 'nu12': 1.5087425708770753e-12, 'nu03': -0.0024646352589130405}
Centroid: 209, 88
Processing contour#11: area: 25.0 centroid: 209, 88 rectangle: (206, 86, 7, 6)
@find_dayJSON_match_for_contour: x: 206, y: 86, w: 7, h: 6, area: 25.0
Matched with JSON#4: (209, 89, 5, 86.0, 32.7279, 0.456234)
Match with input JSON(nodules) ID: 4
Matched contour: {'x': 209, 'y': 89, 'd': 5, 'a': 86.0, 'p': 32.7279, 'e': 0.456234, 'id': 4, 'tq': 100}
JSON_entry: 4
Matched with first_id: 4 second_id: 1 name: 20230510_2
entry_id:20230510_2, entry saved to results list
created dirs at nodule_detection_path: output/crop1008/nodules-last-detected-on/2023-05-10/2/detection and nodule_images_original_path: output/crop1008/nodules-last-detected-on/2023-05-10/2
Segmented nodule image saved as output/crop1008/nodules-last-detected-on/2023-05-10/2/detection/2023-05-08.jpg
Original nodule image saved as output/crop1008/nodules-last-detected-on/2023-05-10/2/2023-05-08.jpg


@process_contour: max_id: 20230508_22
Moments: {'m00': 26.5, 'm10': 3235.6666666666665, 'm01': 1963.8333333333333, 'm20': 395133.25, 'm11': 239782.79166666666, 'm02': 145592.0833333333, 'm30': 48259768.800000004, 'm21': 29281493.566666666, 'm12': 17776512.766666666, 'm03': 10798048.950000001, 'mu20': 56.314989517850336, 'mu11': -2.4934486372803804, 'mu02': 58.447064989537466, 'mu30': -1.7277547046542168, 'mu21': -4.9812975589111375, 'mu12': -2.6120927454539924, 'mu03': 5.670438934117556, 'nu20': 0.08019222430452165, 'nu11': -0.0035506566568606337, 'nu02': 0.08322828763195081, 'nu30': -0.00047793341922446167, 'nu21': -0.001377932045614849, 'nu12': -0.0007225599871343352, 'nu03': 0.001568563095783147}
Centroid: 122, 74
Processing contour#12: area: 26.5 centroid: 122, 74 rectangle: (119, 71, 7, 7)
@find_dayJSON_match_for_contour: x: 119, y: 71, w: 7, h: 7, area: 26.5
Matched with JSON#3: (122, 74, 5, 86.0, 31.5563, 0.349496)
Match with input JSON(nodules) ID: 3
Matched contour: {'x': 122, 'y': 74, 'd': 5, 'a': 86.0, 'p': 31.5563, 'e': 0.349496, 'id': 3, 'tq': 100}
JSON_entry: 3
WARNING: match is empty
entry_id:20230508_22, entry saved to results list
created dirs at nodule_detection_path: output/crop1008/nodules-last-detected-on/2023-05-08/22/detection and nodule_images_original_path: output/crop1008/nodules-last-detected-on/2023-05-08/22
Segmented nodule image saved as output/crop1008/nodules-last-detected-on/2023-05-08/22/detection/2023-05-08.jpg
Original nodule image saved as output/crop1008/nodules-last-detected-on/2023-05-08/22/2023-05-08.jpg


@process_contour: max_id: 20230508_23
Moments: {'m00': 26.0, 'm10': 2194.833333333333, 'm01': 1619.1666666666665, 'm20': 185328.5, 'm11': 136684.16666666666, 'm02': 100897.83333333333, 'm30': 15652917.350000001, 'm21': 11541377.466666667, 'm12': 8517393.2, 'm03': 6291339.65, 'mu20': 47.98611111115315, 'mu11': -0.4861111110949423, 'mu02': 63.191239316249266, 'mu30': 1.4865740705281496, 'mu21': 8.400605410749904, 'mu12': -5.0181267827474585, 'mu03': -8.148802870884538, 'nu20': 0.07098537146620289, 'nu11': -0.0007190992767676662, 'nu02': 0.0934781646690078, 'nu30': 0.00043127390726127064, 'nu21': 0.0024371216952325274, 'nu12': -0.001455821938263079, 'nu03': -0.002364070599172802}
Centroid: 84, 62
Processing contour#13: area: 26.0 centroid: 84, 62 rectangle: (82, 59, 6, 7)
@find_dayJSON_match_for_contour: x: 82, y: 59, w: 6, h: 7, area: 26.0
Matched with JSON#2: (83, 62, 5, 104.0, 35.5563, 0.444302)
Match with input JSON(nodules) ID: 2
Matched contour: {'x': 83, 'y': 62, 'd': 5, 'a': 104.0, 'p': 35.5563, 'e': 0.444302, 'id': 2, 'tq': 100}
JSON_entry: 2
Matched with first_id: 2 second_id: 0 name: 20230529_2
entry_id:20230529_2, entry saved to results list
created dirs at nodule_detection_path: output/crop1008/nodules-last-detected-on/2023-05-29/2/detection and nodule_images_original_path: output/crop1008/nodules-last-detected-on/2023-05-29/2
Segmented nodule image saved as output/crop1008/nodules-last-detected-on/2023-05-29/2/detection/2023-05-08.jpg
Original nodule image saved as output/crop1008/nodules-last-detected-on/2023-05-29/2/2023-05-08.jpg


@process_contour: max_id: 20230508_24
Moments: {'m00': 3.5, 'm10': 764.0, 'm01': 111.33333333333333, 'm20': 166771.0833333333, 'm11': 24302.208333333332, 'm02': 3543.083333333333, 'm30': 36404093.1, 'm21': 5304791.816666666, 'm12': 773387.7833333333, 'm03': 112806.70000000001, 'mu20': 0.7976190476038028, 'mu11': -0.267857142855064, 'mu02': 1.6230158730159019, 'mu30': -0.16530610620975494, 'mu21': 0.009410430682780913, 'mu12': 0.34795918375311885, 'mu03': -0.3483749054867076, 'nu20': 0.06511175898806552, 'nu11': -0.021865889212658286, 'nu02': 0.1324910916747675, 'nu30': -0.007213047386338977, 'nu21': 0.00041061932917727515, 'nu12': 0.015183020993419106, 'nu03': -0.015201160798612397}
Centroid: 218, 31
Processing contour#14: area: 3.5 centroid: 218, 31 rectangle: (217, 30, 3, 4)
@find_dayJSON_match_for_contour: x: 217, y: 30, w: 3, h: 4, area: 3.5
Matched with JSON#1: (218, 32, 2, 24.0, 16.8995, 0.79289)
Match with input JSON(nodules) ID: 1
Matched contour: {'x': 218, 'y': 32, 'd': 2, 'a': 24.0, 'p': 16.8995, 'e': 0.79289, 'id': 1, 'tq': 100}
JSON_entry: 1
WARNING: match is empty
entry_id:20230508_24, entry saved to results list
created dirs at nodule_detection_path: output/crop1008/nodules-last-detected-on/2023-05-08/24/detection and nodule_images_original_path: output/crop1008/nodules-last-detected-on/2023-05-08/24
Segmented nodule image saved as output/crop1008/nodules-last-detected-on/2023-05-08/24/detection/2023-05-08.jpg
Original nodule image saved as output/crop1008/nodules-last-detected-on/2023-05-08/24/2023-05-08.jpg


@process_contour: max_id: 20230508_25
Moments: {'m00': 39.5, 'm10': 6463.666666666666, 'm01': 1230.3333333333333, 'm20': 1057824.75, 'm11': 201337.2083333333, 'm02': 38449.416666666664, 'm30': 173141602.8, 'm21': 32951727.983333334, 'm12': 6292306.683333334, 'm03': 1205552.2, 'mu20': 128.8822081577964, 'mu11': 8.991736990166828, 'mu02': 127.38853727145033, 'mu30': 15.98947873711586, 'mu21': -0.8756873537017782, 'mu12': -5.68447927867237, 'mu03': 6.384820215171203, 'nu20': 0.08260356235077482, 'nu11': 0.005763010408695291, 'nu02': 0.08164623443130929, 'nu30': 0.0016305779560308253, 'nu21': -8.930100341586522e-05, 'nu12': -0.0005796928565157896, 'nu03': 0.0006511123512683099}
Centroid: 163, 31
Processing contour#15: area: 39.5 centroid: 163, 31 rectangle: (160, 27, 9, 9)
@find_dayJSON_match_for_contour: x: 160, y: 27, w: 9, h: 9, area: 39.5
Matched with JSON#0: (163, 31, 6, 126.0, 40.3848, 0.570542)
Match with input JSON(nodules) ID: 0
Matched contour: {'x': 163, 'y': 31, 'd': 6, 'a': 126.0, 'p': 40.3848, 'e': 0.570542, 'id': 0, 'tq': 100}
JSON_entry: 0
WARNING: match is empty
entry_id:20230508_25, entry saved to results list
created dirs at nodule_detection_path: output/crop1008/nodules-last-detected-on/2023-05-08/25/detection and nodule_images_original_path: output/crop1008/nodules-last-detected-on/2023-05-08/25
Segmented nodule image saved as output/crop1008/nodules-last-detected-on/2023-05-08/25/detection/2023-05-08.jpg
Original nodule image saved as output/crop1008/nodules-last-detected-on/2023-05-08/25/2023-05-08.jpg


Done analyzing contours, found 15 nodules.


results_entry: {'date': '20230508', 'json': 'output/crop1008/20230508/20230508.json', 'log': 'output/crop1008/20230508/crop1008_20230508.log', 'image': 'data/crop1008/20230508.jpg', 'plot': 'output/crop1008/plots/20230505_20230508.png', 'match_stats': {'i_dict': {0: 6, 1: 2, 5: 1, 6: 1, 9: 1}, 'average_tracking_quality': 34.4, 'distance_threshold': 20, 'lengths': {'matching': 11, 'unmatched_current': 4, 'unmatched_previous': 0}, 'averages': {'tq': -347.1818, 'i': 2.0, 'dx': 4.0909, 'dy': -110.5455, 'dd': 0.3636, 'da': 8.8182, 'dp': 1.8536, 'de': 0.02}}}
