@post_process: subdir: output\crop1001\nodules-last-detected-on\2023-05-26
@generate_gif: path:output\crop1001\nodules-last-detected-on\2023-05-26\119, output_name:o.gif
len_jpg_files: 1
@generate_gif: path:output\crop1001\nodules-last-detected-on\2023-05-26\119\detection, output_name:d.gif
len_jpg_files: 1
nodules_dir: output\crop1001\nodules-last-detected-on\2023-05-26\119 has 1 entries
nodules_dir: output\crop1001\nodules-last-detected-on\2023-05-26\119 has less than 2 entries, skipping
@generate_gif: path:output\crop1001\nodules-last-detected-on\2023-05-26\12, output_name:o.gif
len_jpg_files: 1
@generate_gif: path:output\crop1001\nodules-last-detected-on\2023-05-26\12\detection, output_name:d.gif
len_jpg_files: 1
nodules_dir: output\crop1001\nodules-last-detected-on\2023-05-26\12 has 1 entries
nodules_dir: output\crop1001\nodules-last-detected-on\2023-05-26\12 has less than 2 entries, skipping
@generate_gif: path:output\crop1001\nodules-last-detected-on\2023-05-26\127, output_name:o.gif
len_jpg_files: 1
@generate_gif: path:output\crop1001\nodules-last-detected-on\2023-05-26\127\detection, output_name:d.gif
len_jpg_files: 1
nodules_dir: output\crop1001\nodules-last-detected-on\2023-05-26\127 has 1 entries
nodules_dir: output\crop1001\nodules-last-detected-on\2023-05-26\127 has less than 2 entries, skipping
@generate_gif: path:output\crop1001\nodules-last-detected-on\2023-05-26\13, output_name:o.gif
len_jpg_files: 1
@generate_gif: path:output\crop1001\nodules-last-detected-on\2023-05-26\13\detection, output_name:d.gif
len_jpg_files: 1
nodules_dir: output\crop1001\nodules-last-detected-on\2023-05-26\13 has 1 entries
nodules_dir: output\crop1001\nodules-last-detected-on\2023-05-26\13 has less than 2 entries, skipping
@generate_gif: path:output\crop1001\nodules-last-detected-on\2023-05-26\130, output_name:o.gif
len_jpg_files: 1
@generate_gif: path:output\crop1001\nodules-last-detected-on\2023-05-26\130\detection, output_name:d.gif
len_jpg_files: 1
nodules_dir: output\crop1001\nodules-last-detected-on\2023-05-26\130 has 1 entries
nodules_dir: output\crop1001\nodules-last-detected-on\2023-05-26\130 has less than 2 entries, skipping
@generate_gif: path:output\crop1001\nodules-last-detected-on\2023-05-26\133, output_name:o.gif
len_jpg_files: 4
@generate_gif: path:output\crop1001\nodules-last-detected-on\2023-05-26\133\detection, output_name:d.gif
len_jpg_files: 4
nodules_dir: output\crop1001\nodules-last-detected-on\2023-05-26\133 has 4 entries
nodules_dir: output\crop1001\nodules-last-detected-on\2023-05-26\133 has 4 entries


Plotting date: 2023-05-26

@check_overlap_helper: existing_positions:[], x:239, y:382, offset_increment:{'x': 0.13750000000000284, 'y': 0.2444444444444432}, xlim:(237.95, 239.05), ylim:(379.8, 384.2), i:0
returning: (239, 382), modified:False


Plotting date: 2023-05-24

@check_overlap_helper: existing_positions:[(239, 382)], x:238, y:384, offset_increment:{'x': 0.13750000000000284, 'y': 0.2444444444444432}, xlim:(237.95, 239.05), ylim:(379.8, 384.2), i:0
returning: (238, 384), modified:False


Plotting date: 2023-05-22

@check_overlap_helper: existing_positions:[(239, 382), (238, 384)], x:238, y:380, offset_increment:{'x': 0.13750000000000284, 'y': 0.2444444444444432}, xlim:(237.95, 239.05), ylim:(379.8, 384.2), i:0
returning: (238, 380), modified:False


Plotting date: 2023-05-19

@check_overlap_helper: existing_positions:[(239, 382), (238, 384), (238, 380)], x:239, y:382, offset_increment:{'x': 0.13750000000000284, 'y': 0.2444444444444432}, xlim:(237.95, 239.05), ylim:(379.8, 384.2), i:0
returning: (239, 382.24444444444447), modified:True, original:(239, 382)
@generate_gif: path:output\crop1001\nodules-last-detected-on\2023-05-26\136, output_name:o.gif
len_jpg_files: 4
@generate_gif: path:output\crop1001\nodules-last-detected-on\2023-05-26\136\detection, output_name:d.gif
len_jpg_files: 4
nodules_dir: output\crop1001\nodules-last-detected-on\2023-05-26\136 has 4 entries
nodules_dir: output\crop1001\nodules-last-detected-on\2023-05-26\136 has 4 entries


Plotting date: 2023-05-26

@check_overlap_helper: existing_positions:[], x:114, y:385, offset_increment:{'x': 0.1374999999999993, 'y': 0.3055555555555556}, xlim:(113.95, 115.05), ylim:(382.75, 388.25), i:0
returning: (114, 385), modified:False


Plotting date: 2023-05-24

@check_overlap_helper: existing_positions:[(114, 385)], x:115, y:388, offset_increment:{'x': 0.1374999999999993, 'y': 0.3055555555555556}, xlim:(113.95, 115.05), ylim:(382.75, 388.25), i:0
returning: (115, 388), modified:False


Plotting date: 2023-05-22

@check_overlap_helper: existing_positions:[(114, 385), (115, 388)], x:115, y:383, offset_increment:{'x': 0.1374999999999993, 'y': 0.3055555555555556}, xlim:(113.95, 115.05), ylim:(382.75, 388.25), i:0
returning: (115, 383), modified:False


Plotting date: 2023-05-19

@check_overlap_helper: existing_positions:[(114, 385), (115, 388), (115, 383)], x:114, y:384, offset_increment:{'x': 0.1374999999999993, 'y': 0.3055555555555556}, xlim:(113.95, 115.05), ylim:(382.75, 388.25), i:0
returning: (114, 384), modified:False
@generate_gif: path:output\crop1001\nodules-last-detected-on\2023-05-26\138, output_name:o.gif
len_jpg_files: 4
@generate_gif: path:output\crop1001\nodules-last-detected-on\2023-05-26\138\detection, output_name:d.gif
len_jpg_files: 4
nodules_dir: output\crop1001\nodules-last-detected-on\2023-05-26\138 has 4 entries
nodules_dir: output\crop1001\nodules-last-detected-on\2023-05-26\138 has 4 entries


Plotting date: 2023-05-22

@check_overlap_helper: existing_positions:[], x:181, y:386, offset_increment:{'x': 1.7875000000000014, 'y': 0.6111111111111112}, xlim:(167.35, 181.65), ylim:(382.5, 393.5), i:0
returning: (181, 386), modified:False


Plotting date: 2023-05-19

@check_overlap_helper: existing_positions:[(181, 386)], x:180, y:387, offset_increment:{'x': 1.7875000000000014, 'y': 0.6111111111111112}, xlim:(167.35, 181.65), ylim:(382.5, 393.5), i:0
returning: (180, 387), modified:False


Plotting date: 2023-05-17

@check_overlap_helper: existing_positions:[(181, 386), (180, 387)], x:168, y:393, offset_increment:{'x': 1.7875000000000014, 'y': 0.6111111111111112}, xlim:(167.35, 181.65), ylim:(382.5, 393.5), i:0
returning: (168, 393), modified:False


Plotting date: 2023-05-15

@check_overlap_helper: existing_positions:[(181, 386), (180, 387), (168, 393)], x:175, y:383, offset_increment:{'x': 1.7875000000000014, 'y': 0.6111111111111112}, xlim:(167.35, 181.65), ylim:(382.5, 393.5), i:0
returning: (175, 383), modified:False
@generate_gif: path:output\crop1001\nodules-last-detected-on\2023-05-26\14, output_name:o.gif
len_jpg_files: 1
@generate_gif: path:output\crop1001\nodules-last-detected-on\2023-05-26\14\detection, output_name:d.gif
len_jpg_files: 1
nodules_dir: output\crop1001\nodules-last-detected-on\2023-05-26\14 has 1 entries
nodules_dir: output\crop1001\nodules-last-detected-on\2023-05-26\14 has less than 2 entries, skipping
@generate_gif: path:output\crop1001\nodules-last-detected-on\2023-05-26\143, output_name:o.gif
len_jpg_files: 6
@generate_gif: path:output\crop1001\nodules-last-detected-on\2023-05-26\143\detection, output_name:d.gif
len_jpg_files: 6
nodules_dir: output\crop1001\nodules-last-detected-on\2023-05-26\143 has 6 entries
nodules_dir: output\crop1001\nodules-last-detected-on\2023-05-26\143 has 6 entries


Plotting date: 2023-05-26

@check_overlap_helper: existing_positions:[], x:231, y:396, offset_increment:{'x': 0.2749999999999986, 'y': 0.2444444444444432}, xlim:(229.9, 232.1), ylim:(392.8, 397.2), i:0
returning: (231, 396), modified:False


Plotting date: 2023-05-24

@check_overlap_helper: existing_positions:[(231, 396)], x:230, y:397, offset_increment:{'x': 0.2749999999999986, 'y': 0.2444444444444432}, xlim:(229.9, 232.1), ylim:(392.8, 397.2), i:0
returning: (230, 397), modified:False


Plotting date: 2023-05-22

@check_overlap_helper: existing_positions:[(231, 396), (230, 397)], x:231, y:393, offset_increment:{'x': 0.2749999999999986, 'y': 0.2444444444444432}, xlim:(229.9, 232.1), ylim:(392.8, 397.2), i:0
returning: (231, 393), modified:False


Plotting date: 2023-05-19

@check_overlap_helper: existing_positions:[(231, 396), (230, 397), (231, 393)], x:231, y:395, offset_increment:{'x': 0.2749999999999986, 'y': 0.2444444444444432}, xlim:(229.9, 232.1), ylim:(392.8, 397.2), i:0
returning: (231, 395), modified:False


Plotting date: 2023-05-17

@check_overlap_helper: existing_positions:[(231, 396), (230, 397), (231, 393), (231, 395)], x:232, y:396, offset_increment:{'x': 0.2749999999999986, 'y': 0.2444444444444432}, xlim:(229.9, 232.1), ylim:(392.8, 397.2), i:0
returning: (232, 396), modified:False


Plotting date: 2023-05-15

@check_overlap_helper: existing_positions:[(231, 396), (230, 397), (231, 393), (231, 395), (232, 396)], x:231, y:395, offset_increment:{'x': 0.2749999999999986, 'y': 0.2444444444444432}, xlim:(229.9, 232.1), ylim:(392.8, 397.2), i:0
returning: (231.275, 395), modified:True, original:(231, 395)
@generate_gif: path:output\crop1001\nodules-last-detected-on\2023-05-26\15, output_name:o.gif
len_jpg_files: 2
@generate_gif: path:output\crop1001\nodules-last-detected-on\2023-05-26\15\detection, output_name:d.gif
len_jpg_files: 2
nodules_dir: output\crop1001\nodules-last-detected-on\2023-05-26\15 has 2 entries
nodules_dir: output\crop1001\nodules-last-detected-on\2023-05-26\15 has 2 entries


Plotting date: 2023-05-26

@check_overlap_helper: existing_positions:[], x:58, y:68, offset_increment:{'x': 1.1000000000000005, 'y': 0.36666666666666636}, xlim:(57.6, 66.4), ylim:(67.7, 74.3), i:0
returning: (58, 68), modified:False


Plotting date: 2023-05-24

@check_overlap_helper: existing_positions:[(58, 68)], x:66, y:74, offset_increment:{'x': 1.1000000000000005, 'y': 0.36666666666666636}, xlim:(57.6, 66.4), ylim:(67.7, 74.3), i:0
returning: (66, 74), modified:False
@generate_gif: path:output\crop1001\nodules-last-detected-on\2023-05-26\155, output_name:o.gif
len_jpg_files: 5
@generate_gif: path:output\crop1001\nodules-last-detected-on\2023-05-26\155\detection, output_name:d.gif
len_jpg_files: 5
nodules_dir: output\crop1001\nodules-last-detected-on\2023-05-26\155 has 5 entries
nodules_dir: output\crop1001\nodules-last-detected-on\2023-05-26\155 has 5 entries


Plotting date: 2023-05-26

@check_overlap_helper: existing_positions:[], x:178, y:420, offset_increment:{'x': 0.2749999999999986, 'y': 0.2444444444444432}, xlim:(176.9, 179.1), ylim:(418.8, 423.2), i:0
returning: (178, 420), modified:False


Plotting date: 2023-05-24

@check_overlap_helper: existing_positions:[(178, 420)], x:179, y:423, offset_increment:{'x': 0.2749999999999986, 'y': 0.2444444444444432}, xlim:(176.9, 179.1), ylim:(418.8, 423.2), i:0
returning: (179, 423), modified:False


Plotting date: 2023-05-22

@check_overlap_helper: existing_positions:[(178, 420), (179, 423)], x:179, y:419, offset_increment:{'x': 0.2749999999999986, 'y': 0.2444444444444432}, xlim:(176.9, 179.1), ylim:(418.8, 423.2), i:0
returning: (179, 419), modified:False


Plotting date: 2023-05-19

@check_overlap_helper: existing_positions:[(178, 420), (179, 423), (179, 419)], x:177, y:419, offset_increment:{'x': 0.2749999999999986, 'y': 0.2444444444444432}, xlim:(176.9, 179.1), ylim:(418.8, 423.2), i:0
returning: (177, 419), modified:False


Plotting date: 2023-05-17

@check_overlap_helper: existing_positions:[(178, 420), (179, 423), (179, 419), (177, 419)], x:179, y:421, offset_increment:{'x': 0.2749999999999986, 'y': 0.2444444444444432}, xlim:(176.9, 179.1), ylim:(418.8, 423.2), i:0
returning: (179, 421), modified:False
@generate_gif: path:output\crop1001\nodules-last-detected-on\2023-05-26\156, output_name:o.gif
len_jpg_files: 1
@generate_gif: path:output\crop1001\nodules-last-detected-on\2023-05-26\156\detection, output_name:d.gif
len_jpg_files: 1
nodules_dir: output\crop1001\nodules-last-detected-on\2023-05-26\156 has 1 entries
nodules_dir: output\crop1001\nodules-last-detected-on\2023-05-26\156 has less than 2 entries, skipping
@generate_gif: path:output\crop1001\nodules-last-detected-on\2023-05-26\165, output_name:o.gif
len_jpg_files: 3
@generate_gif: path:output\crop1001\nodules-last-detected-on\2023-05-26\165\detection, output_name:d.gif
len_jpg_files: 3
nodules_dir: output\crop1001\nodules-last-detected-on\2023-05-26\165 has 3 entries
nodules_dir: output\crop1001\nodules-last-detected-on\2023-05-26\165 has 3 entries


Plotting date: 2023-05-26

@check_overlap_helper: existing_positions:[], x:126, y:443, offset_increment:{'x': 0.2749999999999986, 'y': 0.3055555555555556}, xlim:(125.9, 128.1), ylim:(441.75, 447.25), i:0
returning: (126, 443), modified:False


Plotting date: 2023-05-24

@check_overlap_helper: existing_positions:[(126, 443)], x:128, y:447, offset_increment:{'x': 0.2749999999999986, 'y': 0.3055555555555556}, xlim:(125.9, 128.1), ylim:(441.75, 447.25), i:0
returning: (128, 447), modified:False


Plotting date: 2023-05-22

@check_overlap_helper: existing_positions:[(126, 443), (128, 447)], x:127, y:442, offset_increment:{'x': 0.2749999999999986, 'y': 0.3055555555555556}, xlim:(125.9, 128.1), ylim:(441.75, 447.25), i:0
returning: (127, 442), modified:False
@generate_gif: path:output\crop1001\nodules-last-detected-on\2023-05-26\17, output_name:o.gif
len_jpg_files: 1
@generate_gif: path:output\crop1001\nodules-last-detected-on\2023-05-26\17\detection, output_name:d.gif
len_jpg_files: 1
nodules_dir: output\crop1001\nodules-last-detected-on\2023-05-26\17 has 1 entries
nodules_dir: output\crop1001\nodules-last-detected-on\2023-05-26\17 has less than 2 entries, skipping
@generate_gif: path:output\crop1001\nodules-last-detected-on\2023-05-26\175, output_name:o.gif
len_jpg_files: 1
@generate_gif: path:output\crop1001\nodules-last-detected-on\2023-05-26\175\detection, output_name:d.gif
len_jpg_files: 1
nodules_dir: output\crop1001\nodules-last-detected-on\2023-05-26\175 has 1 entries
nodules_dir: output\crop1001\nodules-last-detected-on\2023-05-26\175 has less than 2 entries, skipping
@generate_gif: path:output\crop1001\nodules-last-detected-on\2023-05-26\176, output_name:o.gif
len_jpg_files: 1
@generate_gif: path:output\crop1001\nodules-last-detected-on\2023-05-26\176\detection, output_name:d.gif
len_jpg_files: 1
nodules_dir: output\crop1001\nodules-last-detected-on\2023-05-26\176 has 1 entries
nodules_dir: output\crop1001\nodules-last-detected-on\2023-05-26\176 has less than 2 entries, skipping
@generate_gif: path:output\crop1001\nodules-last-detected-on\2023-05-26\180, output_name:o.gif
len_jpg_files: 3
@generate_gif: path:output\crop1001\nodules-last-detected-on\2023-05-26\180\detection, output_name:d.gif
len_jpg_files: 3
nodules_dir: output\crop1001\nodules-last-detected-on\2023-05-26\180 has 3 entries
nodules_dir: output\crop1001\nodules-last-detected-on\2023-05-26\180 has 3 entries


Plotting date: 2023-05-26

@check_overlap_helper: existing_positions:[], x:57, y:463, offset_increment:{'x': 0.1374999999999993, 'y': 0.3055555555555556}, xlim:(56.95, 58.05), ylim:(462.75, 468.25), i:0
returning: (57, 463), modified:False


Plotting date: 2023-05-24

@check_overlap_helper: existing_positions:[(57, 463)], x:58, y:468, offset_increment:{'x': 0.1374999999999993, 'y': 0.3055555555555556}, xlim:(56.95, 58.05), ylim:(462.75, 468.25), i:0
returning: (58, 468), modified:False


Plotting date: 2023-05-22

@check_overlap_helper: existing_positions:[(57, 463), (58, 468)], x:57, y:463, offset_increment:{'x': 0.1374999999999993, 'y': 0.3055555555555556}, xlim:(56.95, 58.05), ylim:(462.75, 468.25), i:0
returning: (57.1375, 463), modified:True, original:(57, 463)
@generate_gif: path:output\crop1001\nodules-last-detected-on\2023-05-26\187, output_name:o.gif
len_jpg_files: 3
@generate_gif: path:output\crop1001\nodules-last-detected-on\2023-05-26\187\detection, output_name:d.gif
len_jpg_files: 3
nodules_dir: output\crop1001\nodules-last-detected-on\2023-05-26\187 has 3 entries
nodules_dir: output\crop1001\nodules-last-detected-on\2023-05-26\187 has 3 entries


Plotting date: 2023-05-26

@check_overlap_helper: existing_positions:[], x:97, y:483, offset_increment:{'x': 0.1374999999999993, 'y': 0.2444444444444432}, xlim:(96.95, 98.05), ylim:(482.8, 487.2), i:0
returning: (97, 483), modified:False


Plotting date: 2023-05-24

@check_overlap_helper: existing_positions:[(97, 483)], x:98, y:487, offset_increment:{'x': 0.1374999999999993, 'y': 0.2444444444444432}, xlim:(96.95, 98.05), ylim:(482.8, 487.2), i:0
returning: (98, 487), modified:False


Plotting date: 2023-05-22

@check_overlap_helper: existing_positions:[(97, 483), (98, 487)], x:97, y:483, offset_increment:{'x': 0.1374999999999993, 'y': 0.2444444444444432}, xlim:(96.95, 98.05), ylim:(482.8, 487.2), i:0
returning: (97.1375, 483), modified:True, original:(97, 483)
@generate_gif: path:output\crop1001\nodules-last-detected-on\2023-05-26\195, output_name:o.gif
len_jpg_files: 3
@generate_gif: path:output\crop1001\nodules-last-detected-on\2023-05-26\195\detection, output_name:d.gif
len_jpg_files: 3
nodules_dir: output\crop1001\nodules-last-detected-on\2023-05-26\195 has 3 entries
nodules_dir: output\crop1001\nodules-last-detected-on\2023-05-26\195 has 3 entries


Plotting date: 2023-05-26

@check_overlap_helper: existing_positions:[], x:71, y:498, offset_increment:{'x': 0.1374999999999993, 'y': 0.3055555555555556}, xlim:(69.95, 71.05), ylim:(497.75, 503.25), i:0
returning: (71, 498), modified:False


Plotting date: 2023-05-24

@check_overlap_helper: existing_positions:[(71, 498)], x:71, y:503, offset_increment:{'x': 0.1374999999999993, 'y': 0.3055555555555556}, xlim:(69.95, 71.05), ylim:(497.75, 503.25), i:0
returning: (71, 503), modified:False


Plotting date: 2023-05-22

@check_overlap_helper: existing_positions:[(71, 498), (71, 503)], x:70, y:499, offset_increment:{'x': 0.1374999999999993, 'y': 0.3055555555555556}, xlim:(69.95, 71.05), ylim:(497.75, 503.25), i:0
returning: (70, 499), modified:False
@generate_gif: path:output\crop1001\nodules-last-detected-on\2023-05-26\2, output_name:o.gif
len_jpg_files: 9
@generate_gif: path:output\crop1001\nodules-last-detected-on\2023-05-26\2\detection, output_name:d.gif
len_jpg_files: 9
nodules_dir: output\crop1001\nodules-last-detected-on\2023-05-26\2 has 9 entries
nodules_dir: output\crop1001\nodules-last-detected-on\2023-05-26\2 has 9 entries


Plotting date: 2023-05-26

@check_overlap_helper: existing_positions:[], x:155, y:43, offset_increment:{'x': 0.5499999999999972, 'y': 0.18333333333333318}, xlim:(150.8, 155.2), ylim:(41.85, 45.15), i:0
returning: (155, 43), modified:False


Plotting date: 2023-05-24

@check_overlap_helper: existing_positions:[(155, 43)], x:153, y:45, offset_increment:{'x': 0.5499999999999972, 'y': 0.18333333333333318}, xlim:(150.8, 155.2), ylim:(41.85, 45.15), i:0
returning: (153, 45), modified:False


Plotting date: 2023-05-22

@check_overlap_helper: existing_positions:[(155, 43), (153, 45)], x:152, y:42, offset_increment:{'x': 0.5499999999999972, 'y': 0.18333333333333318}, xlim:(150.8, 155.2), ylim:(41.85, 45.15), i:0
returning: (152, 42), modified:False


Plotting date: 2023-05-19

@check_overlap_helper: existing_positions:[(155, 43), (153, 45), (152, 42)], x:152, y:42, offset_increment:{'x': 0.5499999999999972, 'y': 0.18333333333333318}, xlim:(150.8, 155.2), ylim:(41.85, 45.15), i:0
returning: (152.55, 42), modified:True, original:(152, 42)


Plotting date: 2023-05-17

@check_overlap_helper: existing_positions:[(155, 43), (153, 45), (152, 42), (152.55, 42)], x:152, y:45, offset_increment:{'x': 0.5499999999999972, 'y': 0.18333333333333318}, xlim:(150.8, 155.2), ylim:(41.85, 45.15), i:0
returning: (152, 45), modified:False


Plotting date: 2023-05-15

@check_overlap_helper: existing_positions:[(155, 43), (153, 45), (152, 42), (152.55, 42), (152, 45)], x:152, y:43, offset_increment:{'x': 0.5499999999999972, 'y': 0.18333333333333318}, xlim:(150.8, 155.2), ylim:(41.85, 45.15), i:0
returning: (152, 43), modified:False


Plotting date: 2023-05-12

@check_overlap_helper: existing_positions:[(155, 43), (153, 45), (152, 42), (152.55, 42), (152, 45), (152, 43)], x:152, y:43, offset_increment:{'x': 0.5499999999999972, 'y': 0.18333333333333318}, xlim:(150.8, 155.2), ylim:(41.85, 45.15), i:0
returning: (152.55, 43), modified:True, original:(152, 43)


Plotting date: 2023-05-10

@check_overlap_helper: existing_positions:[(155, 43), (153, 45), (152, 42), (152.55, 42), (152, 45), (152, 43), (152.55, 43)], x:151, y:42, offset_increment:{'x': 0.5499999999999972, 'y': 0.18333333333333318}, xlim:(150.8, 155.2), ylim:(41.85, 45.15), i:0
returning: (151, 42), modified:False


Plotting date: 2023-05-08

@check_overlap_helper: existing_positions:[(155, 43), (153, 45), (152, 42), (152.55, 42), (152, 45), (152, 43), (152.55, 43), (151, 42)], x:151, y:43, offset_increment:{'x': 0.5499999999999972, 'y': 0.18333333333333318}, xlim:(150.8, 155.2), ylim:(41.85, 45.15), i:0
returning: (151, 43), modified:False
@generate_gif: path:output\crop1001\nodules-last-detected-on\2023-05-26\215, output_name:o.gif
len_jpg_files: 1
@generate_gif: path:output\crop1001\nodules-last-detected-on\2023-05-26\215\detection, output_name:d.gif
len_jpg_files: 1
nodules_dir: output\crop1001\nodules-last-detected-on\2023-05-26\215 has 1 entries
nodules_dir: output\crop1001\nodules-last-detected-on\2023-05-26\215 has less than 2 entries, skipping
@generate_gif: path:output\crop1001\nodules-last-detected-on\2023-05-26\24, output_name:o.gif
len_jpg_files: 3
@generate_gif: path:output\crop1001\nodules-last-detected-on\2023-05-26\24\detection, output_name:d.gif
len_jpg_files: 3
nodules_dir: output\crop1001\nodules-last-detected-on\2023-05-26\24 has 3 entries
nodules_dir: output\crop1001\nodules-last-detected-on\2023-05-26\24 has 3 entries


Plotting date: 2023-05-26

@check_overlap_helper: existing_positions:[], x:165, y:85, offset_increment:{'x': 0.13750000000000284, 'y': 1.2222222222222223}, xlim:(164.95, 166.05), ylim:(84.0, 106.0), i:0
returning: (165, 85), modified:False


Plotting date: 2023-05-22

@check_overlap_helper: existing_positions:[(165, 85)], x:166, y:104, offset_increment:{'x': 0.13750000000000284, 'y': 1.2222222222222223}, xlim:(164.95, 166.05), ylim:(84.0, 106.0), i:0
returning: (166, 104), modified:False


Plotting date: 2023-05-19

@check_overlap_helper: existing_positions:[(165, 85), (166, 104)], x:165, y:105, offset_increment:{'x': 0.13750000000000284, 'y': 1.2222222222222223}, xlim:(164.95, 166.05), ylim:(84.0, 106.0), i:0
returning: (165, 105), modified:False
@generate_gif: path:output\crop1001\nodules-last-detected-on\2023-05-26\52, output_name:o.gif
len_jpg_files: 2
@generate_gif: path:output\crop1001\nodules-last-detected-on\2023-05-26\52\detection, output_name:d.gif
len_jpg_files: 2
nodules_dir: output\crop1001\nodules-last-detected-on\2023-05-26\52 has 2 entries
nodules_dir: output\crop1001\nodules-last-detected-on\2023-05-26\52 has 2 entries


Plotting date: 2023-05-22

@check_overlap_helper: existing_positions:[], x:142, y:145, offset_increment:{'x': 0.13750000000000284, 'y': 0.8861111111111105}, xlim:(140.95, 142.05), ylim:(137.025, 152.975), i:0
returning: (142, 145), modified:False


Plotting date: 2023-05-19

@check_overlap_helper: existing_positions:[(142, 145)], x:141, y:145, offset_increment:{'x': 0.13750000000000284, 'y': 0.8861111111111105}, xlim:(140.95, 142.05), ylim:(137.025, 152.975), i:0
returning: (141, 145), modified:False
@generate_gif: path:output\crop1001\nodules-last-detected-on\2023-05-26\54, output_name:o.gif
len_jpg_files: 1
@generate_gif: path:output\crop1001\nodules-last-detected-on\2023-05-26\54\detection, output_name:d.gif
len_jpg_files: 1
nodules_dir: output\crop1001\nodules-last-detected-on\2023-05-26\54 has 1 entries
nodules_dir: output\crop1001\nodules-last-detected-on\2023-05-26\54 has less than 2 entries, skipping
@generate_gif: path:output\crop1001\nodules-last-detected-on\2023-05-26\55, output_name:o.gif
len_jpg_files: 4
@generate_gif: path:output\crop1001\nodules-last-detected-on\2023-05-26\55\detection, output_name:d.gif
len_jpg_files: 4
nodules_dir: output\crop1001\nodules-last-detected-on\2023-05-26\55 has 4 entries
nodules_dir: output\crop1001\nodules-last-detected-on\2023-05-26\55 has 4 entries


Plotting date: 2023-05-26

@check_overlap_helper: existing_positions:[], x:143, y:174, offset_increment:{'x': 0.13750000000000284, 'y': 0.2444444444444432}, xlim:(141.95, 143.05), ylim:(171.8, 176.2), i:0
returning: (143, 174), modified:False


Plotting date: 2023-05-24

@check_overlap_helper: existing_positions:[(143, 174)], x:142, y:176, offset_increment:{'x': 0.13750000000000284, 'y': 0.2444444444444432}, xlim:(141.95, 143.05), ylim:(171.8, 176.2), i:0
returning: (142, 176), modified:False


Plotting date: 2023-05-22

@check_overlap_helper: existing_positions:[(143, 174), (142, 176)], x:143, y:172, offset_increment:{'x': 0.13750000000000284, 'y': 0.2444444444444432}, xlim:(141.95, 143.05), ylim:(171.8, 176.2), i:0
returning: (143, 172), modified:False


Plotting date: 2023-05-19

@check_overlap_helper: existing_positions:[(143, 174), (142, 176), (143, 172)], x:142, y:172, offset_increment:{'x': 0.13750000000000284, 'y': 0.2444444444444432}, xlim:(141.95, 143.05), ylim:(171.8, 176.2), i:0
returning: (142, 172), modified:False
@generate_gif: path:output\crop1001\nodules-last-detected-on\2023-05-26\7, output_name:o.gif
len_jpg_files: 2
@generate_gif: path:output\crop1001\nodules-last-detected-on\2023-05-26\7\detection, output_name:d.gif
len_jpg_files: 2
nodules_dir: output\crop1001\nodules-last-detected-on\2023-05-26\7 has 2 entries
nodules_dir: output\crop1001\nodules-last-detected-on\2023-05-26\7 has 2 entries


Plotting date: 2023-05-26

@check_overlap_helper: existing_positions:[], x:162, y:50, offset_increment:{'x': 0.2749999999999986, 'y': 0.12222222222222238}, xlim:(159.9, 162.1), ylim:(49.9, 52.1), i:0
returning: (162, 50), modified:False


Plotting date: 2023-05-24

@check_overlap_helper: existing_positions:[(162, 50)], x:160, y:52, offset_increment:{'x': 0.2749999999999986, 'y': 0.12222222222222238}, xlim:(159.9, 162.1), ylim:(49.9, 52.1), i:0
returning: (160, 52), modified:False
@generate_gif: path:output\crop1001\nodules-last-detected-on\2023-05-26\79, output_name:o.gif
len_jpg_files: 1
@generate_gif: path:output\crop1001\nodules-last-detected-on\2023-05-26\79\detection, output_name:d.gif
len_jpg_files: 1
nodules_dir: output\crop1001\nodules-last-detected-on\2023-05-26\79 has 1 entries
nodules_dir: output\crop1001\nodules-last-detected-on\2023-05-26\79 has less than 2 entries, skipping
@generate_gif: path:output\crop1001\nodules-last-detected-on\2023-05-26\83, output_name:o.gif
len_jpg_files: 1
@generate_gif: path:output\crop1001\nodules-last-detected-on\2023-05-26\83\detection, output_name:d.gif
len_jpg_files: 1
nodules_dir: output\crop1001\nodules-last-detected-on\2023-05-26\83 has 1 entries
nodules_dir: output\crop1001\nodules-last-detected-on\2023-05-26\83 has less than 2 entries, skipping
@generate_gif: path:output\crop1001\nodules-last-detected-on\2023-05-26\86, output_name:o.gif
len_jpg_files: 10
@generate_gif: path:output\crop1001\nodules-last-detected-on\2023-05-26\86\detection, output_name:d.gif
len_jpg_files: 10
nodules_dir: output\crop1001\nodules-last-detected-on\2023-05-26\86 has 10 entries
nodules_dir: output\crop1001\nodules-last-detected-on\2023-05-26\86 has 10 entries


Plotting date: 2023-05-26

@check_overlap_helper: existing_positions:[], x:173, y:279, offset_increment:{'x': 0.5499999999999972, 'y': 0.794444444444442}, xlim:(168.8, 173.2), ylim:(276.35, 290.65), i:0
returning: (173, 279), modified:False


Plotting date: 2023-05-24

@check_overlap_helper: existing_positions:[(173, 279)], x:173, y:282, offset_increment:{'x': 0.5499999999999972, 'y': 0.794444444444442}, xlim:(168.8, 173.2), ylim:(276.35, 290.65), i:0
returning: (173, 282), modified:False


Plotting date: 2023-05-22

@check_overlap_helper: existing_positions:[(173, 279), (173, 282)], x:173, y:277, offset_increment:{'x': 0.5499999999999972, 'y': 0.794444444444442}, xlim:(168.8, 173.2), ylim:(276.35, 290.65), i:0
returning: (173, 277), modified:False


Plotting date: 2023-05-19

@check_overlap_helper: existing_positions:[(173, 279), (173, 282), (173, 277)], x:172, y:277, offset_increment:{'x': 0.5499999999999972, 'y': 0.794444444444442}, xlim:(168.8, 173.2), ylim:(276.35, 290.65), i:0
returning: (172, 277), modified:False


Plotting date: 2023-05-17

@check_overlap_helper: existing_positions:[(173, 279), (173, 282), (173, 277), (172, 277)], x:173, y:280, offset_increment:{'x': 0.5499999999999972, 'y': 0.794444444444442}, xlim:(168.8, 173.2), ylim:(276.35, 290.65), i:0
returning: (173, 280), modified:False


Plotting date: 2023-05-15

@check_overlap_helper: existing_positions:[(173, 279), (173, 282), (173, 277), (172, 277), (173, 280)], x:173, y:279, offset_increment:{'x': 0.5499999999999972, 'y': 0.794444444444442}, xlim:(168.8, 173.2), ylim:(276.35, 290.65), i:0
returning: (172.45, 279), modified:True, original:(173, 279)


Plotting date: 2023-05-12

@check_overlap_helper: existing_positions:[(173, 279), (173, 282), (173, 277), (172, 277), (173, 280), (172.45, 279)], x:169, y:289, offset_increment:{'x': 0.5499999999999972, 'y': 0.794444444444442}, xlim:(168.8, 173.2), ylim:(276.35, 290.65), i:0
returning: (169, 289), modified:False


Plotting date: 2023-05-10

@check_overlap_helper: existing_positions:[(173, 279), (173, 282), (173, 277), (172, 277), (173, 280), (172.45, 279), (169, 289)], x:169, y:290, offset_increment:{'x': 0.5499999999999972, 'y': 0.794444444444442}, xlim:(168.8, 173.2), ylim:(276.35, 290.65), i:0
returning: (169, 290), modified:False


Plotting date: 2023-05-08

@check_overlap_helper: existing_positions:[(173, 279), (173, 282), (173, 277), (172, 277), (173, 280), (172.45, 279), (169, 289), (169, 290)], x:172, y:280, offset_increment:{'x': 0.5499999999999972, 'y': 0.794444444444442}, xlim:(168.8, 173.2), ylim:(276.35, 290.65), i:0
returning: (172, 280), modified:False


Plotting date: 2023-05-05

@check_overlap_helper: existing_positions:[(173, 279), (173, 282), (173, 277), (172, 277), (173, 280), (172.45, 279), (169, 289), (169, 290), (172, 280)], x:169, y:290, offset_increment:{'x': 0.5499999999999972, 'y': 0.794444444444442}, xlim:(168.8, 173.2), ylim:(276.35, 290.65), i:0
returning: (169.55, 290), modified:True, original:(169, 290)
@generate_gif: path:output\crop1001\nodules-last-detected-on\2023-05-26\9, output_name:o.gif
len_jpg_files: 4
@generate_gif: path:output\crop1001\nodules-last-detected-on\2023-05-26\9\detection, output_name:d.gif
len_jpg_files: 4
nodules_dir: output\crop1001\nodules-last-detected-on\2023-05-26\9 has 4 entries
nodules_dir: output\crop1001\nodules-last-detected-on\2023-05-26\9 has 4 entries


Plotting date: 2023-05-26

@check_overlap_helper: existing_positions:[], x:153, y:56, offset_increment:{'x': 2.4750000000000014, 'y': 0.9777777777777774}, xlim:(150.1, 169.9), ylim:(55.2, 72.8), i:0
returning: (153, 56), modified:False


Plotting date: 2023-05-24

@check_overlap_helper: existing_positions:[(153, 56)], x:151, y:57, offset_increment:{'x': 2.4750000000000014, 'y': 0.9777777777777774}, xlim:(150.1, 169.9), ylim:(55.2, 72.8), i:0
returning: (151, 57), modified:False


Plotting date: 2023-05-19

@check_overlap_helper: existing_positions:[(153, 56), (151, 57)], x:169, y:72, offset_increment:{'x': 2.4750000000000014, 'y': 0.9777777777777774}, xlim:(150.1, 169.9), ylim:(55.2, 72.8), i:0
returning: (169, 72), modified:False


Plotting date: 2023-05-10

@check_overlap_helper: existing_positions:[(153, 56), (151, 57), (169, 72)], x:168, y:72, offset_increment:{'x': 2.4750000000000014, 'y': 0.9777777777777774}, xlim:(150.1, 169.9), ylim:(55.2, 72.8), i:0
returning: (165.525, 72), modified:True, original:(168, 72)
@post_process: output\crop1001\nodules-last-detected-on\2023-05-26, 31 nodules, took 12.12s
