Current memory usage: 4766.90234375 MB
@analyze_image: file_name: data/crop1006/20230510.jpg, output_dir: output/crop1006, external_logger: <Logger data_crop1006.log (DEBUG)>
Loaded image & JSON file: data/crop1006/20230510.jpg
Scaled JSON data: scalar_position: 0.5, scalar_size: 0.5

@find_prev_next_date: image_output_dir: output/crop1006/20230510
data_dir: data/crop1006
Previous date file: data/crop1006/20230508.jpg, Next date file: data/crop1006/20230512.jpg


Loaded prev_results from JSON file: 20230508, length: 30
Scaled JSON data: scalar_position: 0.5, scalar_size: 0.5
Loaded next_results from JSON file: 20230512, length: 65
Scaled JSON data: scalar_position: 0.5, scalar_size: 0.5
prev_results is not empty, generating matching
Current memory usage: 4768.1171875 MB
current_date:20230510, generating Matching: 20230508_20230510_matching.json
spatial_distances: (42, 30), attribute_distances: (42, 30)
combined_distances: (42, 30)
Current memory usage: 4768.1171875 MB

@find_matching: combined_distances: (42, 30), next_matching: [{'id': '20230515_0', 'p': {'id': 0, 'tq': 70.0, 'dx': 0, 'dy': -1, 'dd': 0, 'da': 17.0, 'dp': 4.24, 'de': -0.15}, 'c': {'id': 0}, 'n': {'id': 0, 'dx': -1, 'dy': 1, 'dd': 2, 'da': 34.0, 'dp': 8.83, 'de': 0.12}, 'i': 1}, {'id': '20230515_1', 'p': {'id': 1, 'tq': 88.0, 'dx': 0, 'dy': 0, 'dd': 0, 'da': 8.0, 'dp': 1.41, 'de': -0.29}, 'c': {'id': 1}, 'n': {'id': 1, 'dx': -1, 'dy': 0, 'dd': 1, 'da': 18.0, 'dp': 2.0, 'de': 0.13}, 'i': 1}, {'id': '20230515_2', 'p': {'id': 2, 'tq': -20.0, 'dx': -1, 'dy': 0, 'dd': 2, 'da': 76.0, 'dp': 14.66, 'de': -0.02}, 'c': {'id': 2}, 'n': {'id': 2, 'dx': -1, 'dy': -1, 'dd': -2, 'da': -57.0, 'dp': -10.24, 'de': 0.05}, 'i': 1}, {'id': '20230515_3', 'p': {'id': 3, 'tq': 63.0, 'dx': 0, 'dy': -1, 'dd': 0, 'da': -22.0, 'dp': -4.83, 'de': -0.01}, 'c': {'id': 3}, 'n': {'id': 3, 'dx': -1, 'dy': 1, 'dd': 1, 'da': 39.0, 'dp': 7.66, 'de': 0.01}, 'i': 1}, {'id': '20230515_6', 'p': {'id': 4, 'tq': 74.0, 'dx': 0, 'dy': -1, 'dd': 0, 'da': 15.0, 'dp': 2.59, 'de': 0.03}, 'c': {'id': 4}, 'n': {'id': 6, 'dx': -1, 'dy': 0, 'dd': 0, 'da': 19.0, 'dp': 3.41, 'de': 0.07}, 'i': 1}, {'id': '20230512_5', 'p': {'id': 6, 'tq': -106.0, 'dx': 34, 'dy': -8, 'dd': 3, 'da': 48.0, 'dp': 28.9, 'de': -0.1}, 'c': {'id': 5}, 'n': {}, 'i': 0}, {'id': '20230515_7', 'p': {'id': 5, 'tq': 92.0, 'dx': 0, 'dy': -1, 'dd': 0, 'da': -3.0, 'dp': 0.0, 'de': -0.11}, 'c': {'id': 6}, 'n': {'id': 7, 'dx': -1, 'dy': 0, 'dd': 1, 'da': 45.0, 'dp': 8.83, 'de': 0.2}, 'i': 1}, {'id': '20230515_9', 'p': {'id': 7, 'tq': 17.0, 'dx': 0, 'dy': -1, 'dd': 1, 'da': 52.0, 'dp': 8.83, 'de': 0.01}, 'c': {'id': 7}, 'n': {'id': 9, 'dx': -1, 'dy': 0, 'dd': 0, 'da': 18.0, 'dp': 4.24, 'de': 0.08}, 'i': 1}, {'id': '20230512_8', 'p': {'id': 8, 'tq': 45.0, 'dx': -8, 'dy': 0, 'dd': 0, 'da': -18.0, 'dp': -3.41, 'de': 0.01}, 'c': {'id': 9}, 'n': {}, 'i': 0}, {'id': '20230515_12', 'p': {'id': 9, 'tq': 22.0, 'dx': -3, 'dy': 0, 'dd': 1, 'da': 44.0, 'dp': 7.66, 'de': -0.18}, 'c': {'id': 11}, 'n': {'id': 12, 'dx': -11, 'dy': 10, 'dd': 0, 'da': -21.0, 'dp': -3.41, 'de': 0.17}, 'i': 1}, {'id': '20230515_14', 'p': {'id': 10, 'tq': 17.0, 'dx': 0, 'dy': -1, 'dd': 2, 'da': 52.0, 'dp': 9.66, 'de': -0.01}, 'c': {'id': 17}, 'n': {'id': 14, 'dx': 0, 'dy': 1, 'dd': 0, 'da': 26.0, 'dp': 4.24, 'de': 0.02}, 'i': 1}, {'id': '20230515_15', 'p': {'id': 11, 'tq': 13.0, 'dx': 0, 'dy': -1, 'dd': 2, 'da': 55.0, 'dp': 10.24, 'de': -0.1}, 'c': {'id': 18}, 'n': {'id': 15, 'dx': 0, 'dy': 0, 'dd': 0, 'da': 36.0, 'dp': 6.24, 'de': 0.05}, 'i': 1}, {'id': '20230515_17', 'p': {'id': 12, 'tq': 83.0, 'dx': -2, 'dy': -1, 'dd': 0, 'da': 6.0, 'dp': 1.17, 'de': -0.05}, 'c': {'id': 19}, 'n': {'id': 17, 'dx': 0, 'dy': -5, 'dd': 0, 'da': -1.0, 'dp': 0.0, 'de': 0.16}, 'i': 1}, {'id': '20230512_13', 'p': {'id': 13, 'tq': 96.0, 'dx': -1, 'dy': 0, 'dd': 0, 'da': 0.0, 'dp': 0.59, 'de': 0.21}, 'c': {'id': 21}, 'n': {}, 'i': 0}, {'id': '20230512_14', 'p': {'id': 14, 'tq': 34.0, 'dx': 0, 'dy': -1, 'dd': -1, 'da': -41.0, 'dp': -8.83, 'de': 0.0}, 'c': {'id': 22}, 'n': {}, 'i': 0}, {'id': '20230512_15', 'p': {'id': 15, 'tq': 58.0, 'dx': -2, 'dy': -1, 'dd': 1, 'da': 22.0, 'dp': 4.83, 'de': 0.19}, 'c': {'id': 24}, 'n': {}, 'i': 0}, {'id': '20230515_23', 'p': {'id': 22, 'tq': -232.0, 'dx': -30, 'dy': -74, 'dd': 1, 'da': 34.0, 'dp': 8.83, 'de': 0.01}, 'c': {'id': 25}, 'n': {'id': 23, 'dx': 0, 'dy': 0, 'dd': 2, 'da': 63.0, 'dp': 12.24, 'de': -0.25}, 'i': 1}, {'id': '20230515_25', 'p': {'id': 16, 'tq': -50.0, 'dx': 7, 'dy': 23, 'dd': -1, 'da': -43.0, 'dp': -9.41, 'de': 0.06}, 'c': {'id': 26}, 'n': {'id': 25, 'dx': 0, 'dy': 2, 'dd': -1, 'da': -30.0, 'dp': -7.24, 'de': 0.12}, 'i': 1}, {'id': '20230512_18', 'p': {'id': 17, 'tq': 70.0, 'dx': 3, 'dy': 5, 'dd': 0, 'da': 6.0, 'dp': 2.83, 'de': 0.04}, 'c': {'id': 27}, 'n': {}, 'i': 0}, {'id': '20230515_30', 'p': {'id': 23, 'tq': -116.0, 'dx': -42, 'dy': -41, 'dd': 0, 'da': 7.0, 'dp': 2.0, 'de': 0.23}, 'c': {'id': 28}, 'n': {'id': 31, 'dx': -16, 'dy': 10, 'dd': 0, 'da': 0.0, 'dp': 1.07, 'de': -0.14}, 'i': 1}, {'id': '20230512_20', 'p': {'id': 18, 'tq': 37.0, 'dx': 2, 'dy': 0, 'dd': 2, 'da': 36.0, 'dp': 9.86, 'de': -0.03}, 'c': {'id': 29}, 'n': {}, 'i': 0}, {'id': '20230515_29', 'p': {'id': 19, 'tq': 82.0, 'dx': 0, 'dy': 0, 'dd': 1, 'da': 12.0, 'dp': 2.59, 'de': 0.15}, 'c': {'id': 30}, 'n': {'id': 30, 'dx': 0, 'dy': 0, 'dd': 1, 'da': 37.0, 'dp': 6.49, 'de': -0.13}, 'i': 1}, {'id': '20230515_34', 'p': {'id': 20, 'tq': 95.0, 'dx': 0, 'dy': 0, 'dd': 0, 'da': -3.0, 'dp': -0.24, 'de': 0.06}, 'c': {'id': 34}, 'n': {'id': 36, 'dx': 0, 'dy': -1, 'dd': 1, 'da': 27.0, 'dp': 6.24, 'de': -0.16}, 'i': 1}, {'id': '20230515_38', 'p': {'id': 27, 'tq': 25.0, 'dx': 0, 'dy': -20, 'dd': 0, 'da': 3.0, 'dp': 1.83, 'de': -0.26}, 'c': {'id': 37}, 'n': {'id': 42, 'dx': 13, 'dy': 1, 'dd': -1, 'da': -8.0, 'dp': -5.24, 'de': -0.11}, 'i': 1}, {'id': '20230515_41', 'p': {'id': 24, 'tq': 12.0, 'dx': 0, 'dy': -1, 'dd': 2, 'da': 55.0, 'dp': 12.59, 'de': -0.33}, 'c': {'id': 39}, 'n': {'id': 46, 'dx': 0, 'dy': 2, 'dd': 1, 'da': 37.0, 'dp': 8.49, 'de': -0.01}, 'i': 1}, {'id': '20230515_42', 'p': {'id': 25, 'tq': 74.0, 'dx': 0, 'dy': -1, 'dd': 1, 'da': 15.0, 'dp': 1.41, 'de': -0.01}, 'c': {'id': 40}, 'n': {'id': 47, 'dx': -1, 'dy': 1, 'dd': 1, 'da': 58.0, 'dp': 4.0, 'de': -0.02}, 'i': 1}, {'id': '20230512_26', 'p': {'id': 26, 'tq': -32.0, 'dx': 1, 'dy': -2, 'dd': 4, 'da': 78.0, 'dp': 27.73, 'de': -0.15}, 'c': {'id': 42}, 'n': {}, 'i': 0}, {'id': '20230512_27', 'p': {'id': 21, 'tq': -234.0, 'dx': -80, 'dy': 40, 'dd': 1, 'da': 12.0, 'dp': 7.45, 'de': -0.38}, 'c': {'id': 44}, 'n': {}, 'i': 0}, {'id': '20230515_45', 'p': {'id': 28, 'tq': 20.0, 'dx': 0, 'dy': -1, 'dd': 1, 'da': 50.0, 'dp': 9.41, 'de': 0.17}, 'c': {'id': 45}, 'n': {'id': 55, 'dx': -9, 'dy': 3, 'dd': 1, 'da': 34.0, 'dp': 6.24, 'de': -0.03}, 'i': 1}, {'id': '20230512_29', 'p': {'id': 29, 'tq': 42.0, 'dx': 6, 'dy': -14, 'dd': 0, 'da': 3.0, 'dp': 1.41, 'de': -0.14}, 'c': {'id': 46}, 'n': {}, 'i': 0}, {'id': '20230515_48', 'p': {'id': 31, 'tq': 60.0, 'dx': 6, 'dy': -3, 'dd': 0, 'da': 11.0, 'dp': 2.0, 'de': 0.15}, 'c': {'id': 48}, 'n': {'id': 58, 'dx': 0, 'dy': 1, 'dd': 1, 'da': 43.0, 'dp': 6.83, 'de': -0.14}, 'i': 1}, {'id': '20230515_49', 'p': {'id': 30, 'tq': 26.0, 'dx': -7, 'dy': 3, 'dd': -1, 'da': -30.0, 'dp': -8.83, 'de': 0.07}, 'c': {'id': 49}, 'n': {'id': 60, 'dx': 0, 'dy': 0, 'dd': 1, 'da': 42.0, 'dp': 11.66, 'de': -0.05}, 'i': 1}, {'id': '20230515_46', 'p': {'id': 32, 'tq': 83.0, 'dx': -1, 'dy': 0, 'dd': 0, 'da': 9.0, 'dp': 1.41, 'de': 0.43}, 'c': {'id': 50}, 'n': {'id': 56, 'dx': 1, 'dy': -7, 'dd': -1, 'da': -38.0, 'dp': -7.41, 'de': -0.34}, 'i': 1}, {'id': '20230515_55', 'p': {'id': 33, 'tq': -80.0, 'dx': 40, 'dy': 26, 'dd': 1, 'da': 6.0, 'dp': 6.04, 'de': -0.1}, 'c': {'id': 55}, 'n': {'id': 77, 'dx': 1, 'dy': 0, 'dd': 0, 'da': 0.0, 'dp': -2.79, 'de': 0.04}, 'i': 1}, {'id': '20230515_56', 'p': {'id': 36, 'tq': -505.0, 'dx': -127, 'dy': -56, 'dd': 3, 'da': 74.0, 'dp': 28.14, 'de': -0.66}, 'c': {'id': 56}, 'n': {'id': 80, 'dx': 0, 'dy': 0, 'dd': 2, 'da': 58.0, 'dp': 11.66, 'de': 0.11}, 'i': 1}, {'id': '20230512_35', 'p': {'id': 40, 'tq': -190.0, 'dx': -36, 'dy': -71, 'dd': -1, 'da': -6.0, 'dp': -4.66, 'de': 0.14}, 'c': {'id': 57}, 'n': {}, 'i': 0}, {'id': '20230512_36', 'p': {'id': 34, 'tq': -11.0, 'dx': 0, 'dy': 0, 'dd': -2, 'da': -73.0, 'dp': -13.31, 'de': -0.22}, 'c': {'id': 58}, 'n': {}, 'i': 0}, {'id': '20230515_59', 'p': {'id': 35, 'tq': 81.0, 'dx': 0, 'dy': -1, 'dd': 1, 'da': 9.0, 'dp': 4.41, 'de': -0.16}, 'c': {'id': 59}, 'n': {'id': 90, 'dx': 0, 'dy': -5, 'dd': -1, 'da': -9.0, 'dp': -4.0, 'de': -0.06}, 'i': 1}, {'id': '20230512_38', 'p': {'id': 38, 'tq': 84.0, 'dx': 0, 'dy': 0, 'dd': -1, 'da': -10.0, 'dp': -2.83, 'de': -0.07}, 'c': {'id': 60}, 'n': {}, 'i': 0}, {'id': '20230512_39', 'p': {'id': 39, 'tq': -181.0, 'dx': -44, 'dy': 16, 'dd': -2, 'da': -76.0, 'dp': -18.14, 'de': 0.0}, 'c': {'id': 61}, 'n': {}, 'i': 0}, {'id': '20230515_63', 'p': {'id': 41, 'tq': 76.0, 'dx': 2, 'dy': 1, 'dd': 0, 'da': -11.0, 'dp': -0.83, 'de': 0.03}, 'c': {'id': 62}, 'n': {'id': 99, 'dx': 2, 'dy': -5, 'dd': 0, 'da': 14.0, 'dp': 2.24, 'de': 0.07}, 'i': 1}, {'id': '20230512_41', 'p': {'id': 37, 'tq': -529.0, 'dx': -54, 'dy': 170, 'dd': 0, 'da': 1.0, 'dp': 3.21, 'de': -0.18}, 'c': {'id': 64}, 'n': {}, 'i': 0}], current_date_string: 20230510, distance_threshold: 20
matched entry: {'id': '20230515_0', 'p': {'id': 0, 'tq': 70.0, 'dx': 0, 'dy': -1, 'dd': 0, 'da': 17.0, 'dp': 4.24, 'de': -0.15}, 'c': {'id': 0}, 'n': {'id': 0, 'dx': -1, 'dy': 1, 'dd': 2, 'da': 34.0, 'dp': 8.83, 'de': 0.12}, 'i': 1}, len(matching): 0
matched entry: {'id': '20230515_1', 'p': {'id': 1, 'tq': 88.0, 'dx': 0, 'dy': 0, 'dd': 0, 'da': 8.0, 'dp': 1.41, 'de': -0.29}, 'c': {'id': 1}, 'n': {'id': 1, 'dx': -1, 'dy': 0, 'dd': 1, 'da': 18.0, 'dp': 2.0, 'de': 0.13}, 'i': 1}, len(matching): 1
matched entry: {'id': '20230515_3', 'p': {'id': 3, 'tq': 63.0, 'dx': 0, 'dy': -1, 'dd': 0, 'da': -22.0, 'dp': -4.83, 'de': -0.01}, 'c': {'id': 3}, 'n': {'id': 3, 'dx': -1, 'dy': 1, 'dd': 1, 'da': 39.0, 'dp': 7.66, 'de': 0.01}, 'i': 1}, len(matching): 2
matched entry: {'id': '20230515_6', 'p': {'id': 4, 'tq': 74.0, 'dx': 0, 'dy': -1, 'dd': 0, 'da': 15.0, 'dp': 2.59, 'de': 0.03}, 'c': {'id': 4}, 'n': {'id': 6, 'dx': -1, 'dy': 0, 'dd': 0, 'da': 19.0, 'dp': 3.41, 'de': 0.07}, 'i': 1}, len(matching): 3
matched entry: {'id': '20230515_7', 'p': {'id': 5, 'tq': 92.0, 'dx': 0, 'dy': -1, 'dd': 0, 'da': -3.0, 'dp': 0.0, 'de': -0.11}, 'c': {'id': 6}, 'n': {'id': 7, 'dx': -1, 'dy': 0, 'dd': 1, 'da': 45.0, 'dp': 8.83, 'de': 0.2}, 'i': 1}, len(matching): 4
tq < 0
matched entry: {'id': '20230515_12', 'p': {'id': 9, 'tq': 22.0, 'dx': -3, 'dy': 0, 'dd': 1, 'da': 44.0, 'dp': 7.66, 'de': -0.18}, 'c': {'id': 11}, 'n': {'id': 12, 'dx': -11, 'dy': 10, 'dd': 0, 'da': -21.0, 'dp': -3.41, 'de': 0.17}, 'i': 1}, len(matching): 6
matched entry: {'id': '20230515_15', 'p': {'id': 11, 'tq': 13.0, 'dx': 0, 'dy': -1, 'dd': 2, 'da': 55.0, 'dp': 10.24, 'de': -0.1}, 'c': {'id': 18}, 'n': {'id': 15, 'dx': 0, 'dy': 0, 'dd': 0, 'da': 36.0, 'dp': 6.24, 'de': 0.05}, 'i': 1}, len(matching): 7
matched entry: {'id': '20230515_17', 'p': {'id': 12, 'tq': 83.0, 'dx': -2, 'dy': -1, 'dd': 0, 'da': 6.0, 'dp': 1.17, 'de': -0.05}, 'c': {'id': 19}, 'n': {'id': 17, 'dx': 0, 'dy': -5, 'dd': 0, 'da': -1.0, 'dp': 0.0, 'de': 0.16}, 'i': 1}, len(matching): 8
matched entry: {'id': '20230512_13', 'p': {'id': 13, 'tq': 96.0, 'dx': -1, 'dy': 0, 'dd': 0, 'da': 0.0, 'dp': 0.59, 'de': 0.21}, 'c': {'id': 21}, 'n': {}, 'i': 0}, len(matching): 9
matched entry: {'id': '20230512_15', 'p': {'id': 15, 'tq': 58.0, 'dx': -2, 'dy': -1, 'dd': 1, 'da': 22.0, 'dp': 4.83, 'de': 0.19}, 'c': {'id': 24}, 'n': {}, 'i': 0}, len(matching): 10
tq < 0
matched entry: {'id': '20230512_18', 'p': {'id': 17, 'tq': 70.0, 'dx': 3, 'dy': 5, 'dd': 0, 'da': 6.0, 'dp': 2.83, 'de': 0.04}, 'c': {'id': 27}, 'n': {}, 'i': 0}, len(matching): 12
matched entry: {'id': '20230515_29', 'p': {'id': 19, 'tq': 82.0, 'dx': 0, 'dy': 0, 'dd': 1, 'da': 12.0, 'dp': 2.59, 'de': 0.15}, 'c': {'id': 30}, 'n': {'id': 30, 'dx': 0, 'dy': 0, 'dd': 1, 'da': 37.0, 'dp': 6.49, 'de': -0.13}, 'i': 1}, len(matching): 13
matched entry: {'id': '20230515_34', 'p': {'id': 20, 'tq': 95.0, 'dx': 0, 'dy': 0, 'dd': 0, 'da': -3.0, 'dp': -0.24, 'de': 0.06}, 'c': {'id': 34}, 'n': {'id': 36, 'dx': 0, 'dy': -1, 'dd': 1, 'da': 27.0, 'dp': 6.24, 'de': -0.16}, 'i': 1}, len(matching): 14
tq < 0
tq < 0
tq < 0
matched entry: {'id': '20230515_41', 'p': {'id': 24, 'tq': 12.0, 'dx': 0, 'dy': -1, 'dd': 2, 'da': 55.0, 'dp': 12.59, 'de': -0.33}, 'c': {'id': 39}, 'n': {'id': 46, 'dx': 0, 'dy': 2, 'dd': 1, 'da': 37.0, 'dp': 8.49, 'de': -0.01}, 'i': 1}, len(matching): 18
tq < 0
matched entry: {'id': '20230515_45', 'p': {'id': 28, 'tq': 20.0, 'dx': 0, 'dy': -1, 'dd': 1, 'da': 50.0, 'dp': 9.41, 'de': 0.17}, 'c': {'id': 45}, 'n': {'id': 55, 'dx': -9, 'dy': 3, 'dd': 1, 'da': 34.0, 'dp': 6.24, 'de': -0.03}, 'i': 1}, len(matching): 20
matched entry: {'id': '20230515_49', 'p': {'id': 30, 'tq': 26.0, 'dx': -7, 'dy': 3, 'dd': -1, 'da': -30.0, 'dp': -8.83, 'de': 0.07}, 'c': {'id': 49}, 'n': {'id': 60, 'dx': 0, 'dy': 0, 'dd': 1, 'da': 42.0, 'dp': 11.66, 'de': -0.05}, 'i': 1}, len(matching): 21
matched entry: {'id': '20230515_48', 'p': {'id': 31, 'tq': 60.0, 'dx': 6, 'dy': -3, 'dd': 0, 'da': 11.0, 'dp': 2.0, 'de': 0.15}, 'c': {'id': 48}, 'n': {'id': 58, 'dx': 0, 'dy': 1, 'dd': 1, 'da': 43.0, 'dp': 6.83, 'de': -0.14}, 'i': 1}, len(matching): 22
matched entry: {'id': '20230515_46', 'p': {'id': 32, 'tq': 83.0, 'dx': -1, 'dy': 0, 'dd': 0, 'da': 9.0, 'dp': 1.41, 'de': 0.43}, 'c': {'id': 50}, 'n': {'id': 56, 'dx': 1, 'dy': -7, 'dd': -1, 'da': -38.0, 'dp': -7.41, 'de': -0.34}, 'i': 1}, len(matching): 23
tq < 0
tq < 0
tq < 0
matched entry: {'id': '20230512_38', 'p': {'id': 38, 'tq': 84.0, 'dx': 0, 'dy': 0, 'dd': -1, 'da': -10.0, 'dp': -2.83, 'de': -0.07}, 'c': {'id': 60}, 'n': {}, 'i': 0}, len(matching): 27
tq < 0
matched entry: {'id': '20230515_63', 'p': {'id': 41, 'tq': 76.0, 'dx': 2, 'dy': 1, 'dd': 0, 'da': -11.0, 'dp': -0.83, 'de': 0.03}, 'c': {'id': 62}, 'n': {'id': 99, 'dx': 2, 'dy': -5, 'dd': 0, 'da': 14.0, 'dp': 2.24, 'de': 0.07}, 'i': 1}, len(matching): 29
i_dict: {0: 10, 1: 4, 2: 16}
tq_average: -9.1, dx_average: -3.4333, dy_average: -3.8333, dd_average: 0.0667, da_average: 0.9, dp_average: -0.1367, de_average: -0.0047
average_tracking_quality: 51.9333
@find_matching:
Returning:
Matching(lenght=30): [{'id': '20230515_0', 'p': {'id': 0, 'tq': -32.0, 'dx': -31, 'dy': 2, 'dd': 0, 'da': -15.0, 'dp': -4.0, 'de': -0.02}, 'c': {'id': 0}, 'n': {'id': 0, 'dx': 0, 'dy': -1, 'dd': 0, 'da': 17.0, 'dp': 4.24, 'de': -0.15}, 'i': 2}, {'id': '20230515_1', 'p': {'id': 1, 'tq': 60.0, 'dx': 1, 'dy': 0, 'dd': 0, 'da': 24.0, 'dp': 4.24, 'de': -0.05}, 'c': {'id': 1}, 'n': {'id': 1, 'dx': 0, 'dy': 0, 'dd': 0, 'da': 8.0, 'dp': 1.41, 'de': -0.29}, 'i': 2}, {'id': '20230515_3', 'p': {'id': 2, 'tq': 89.0, 'dx': 1, 'dy': -1, 'dd': 0, 'da': 4.0, 'dp': 1.41, 'de': 0.02}, 'c': {'id': 3}, 'n': {'id': 3, 'dx': 0, 'dy': -1, 'dd': 0, 'da': -22.0, 'dp': -4.83, 'de': -0.01}, 'i': 2}, {'id': '20230515_6', 'p': {'id': 4, 'tq': 36.0, 'dx': 2, 'dy': 0, 'dd': 2, 'da': 37.0, 'dp': 7.07, 'de': -0.15}, 'c': {'id': 4}, 'n': {'id': 4, 'dx': 0, 'dy': -1, 'dd': 0, 'da': 15.0, 'dp': 2.59, 'de': 0.03}, 'i': 2}, {'id': '20230515_7', 'p': {'id': 5, 'tq': 44.0, 'dx': 1, 'dy': -1, 'dd': -1, 'da': -33.0, 'dp': -7.66, 'de': 0.11}, 'c': {'id': 5}, 'n': {'id': 6, 'dx': 0, 'dy': -1, 'dd': 0, 'da': -3.0, 'dp': 0.0, 'de': -0.11}, 'i': 2}, {'id': '20230510_5', 'p': {'id': 3, 'tq': -4.0, 'dx': 2, 'dy': 20, 'dd': -1, 'da': -18.0, 'dp': -13.66, 'de': 0.63}, 'c': {'id': 6}, 'n': {}, 'i': 0}, {'id': '20230515_12', 'p': {'id': 6, 'tq': -56.0, 'dx': -3, 'dy': 40, 'dd': 0, 'da': -10.0, 'dp': -3.07, 'de': 0.09}, 'c': {'id': 9}, 'n': {'id': 11, 'dx': -3, 'dy': 0, 'dd': 1, 'da': 44.0, 'dp': 7.66, 'de': -0.18}, 'i': 2}, {'id': '20230515_15', 'p': {'id': 9, 'tq': -135.0, 'dx': 39, 'dy': -46, 'dd': 0, 'da': -16.0, 'dp': -2.83, 'de': -0.24}, 'c': {'id': 11}, 'n': {'id': 18, 'dx': 0, 'dy': -1, 'dd': 2, 'da': 55.0, 'dp': 10.24, 'de': -0.1}, 'i': 2}, {'id': '20230515_17', 'p': {'id': 7, 'tq': 61.0, 'dx': 7, 'dy': 7, 'dd': 0, 'da': -3.0, 'dp': -1.17, 'de': 0.03}, 'c': {'id': 12}, 'n': {'id': 19, 'dx': -2, 'dy': -1, 'dd': 0, 'da': 6.0, 'dp': 1.17, 'de': -0.05}, 'i': 2}, {'id': '20230512_13', 'p': {'id': 8, 'tq': 69.0, 'dx': 6, 'dy': 6, 'dd': 0, 'da': 0.0, 'dp': -0.59, 'de': -0.05}, 'c': {'id': 13}, 'n': {'id': 21, 'dx': -1, 'dy': 0, 'dd': 0, 'da': 0.0, 'dp': 0.59, 'de': 0.21}, 'i': 1}, {'id': '20230512_15', 'p': {'id': 11, 'tq': -47.0, 'dx': 9, 'dy': -40, 'dd': -1, 'da': -2.0, 'dp': -0.34, 'de': -0.26}, 'c': {'id': 15}, 'n': {'id': 24, 'dx': -2, 'dy': -1, 'dd': 1, 'da': 22.0, 'dp': 4.83, 'de': 0.19}, 'i': 1}, {'id': '20230510_11', 'p': {'id': 10, 'tq': 24.0, 'dx': 0, 'dy': -1, 'dd': -1, 'da': -48.0, 'dp': -7.41, 'de': 0.04}, 'c': {'id': 16}, 'n': {}, 'i': 0}, {'id': '20230512_18', 'p': {'id': 12, 'tq': -144.0, 'dx': -60, 'dy': -14, 'dd': -1, 'da': -18.0, 'dp': -4.83, 'de': -0.01}, 'c': {'id': 17}, 'n': {'id': 27, 'dx': 3, 'dy': 5, 'dd': 0, 'da': 6.0, 'dp': 2.83, 'de': 0.04}, 'i': 1}, {'id': '20230515_29', 'p': {'id': 13, 'tq': 87.0, 'dx': 1, 'dy': -1, 'dd': 0, 'da': 5.0, 'dp': 2.24, 'de': -0.04}, 'c': {'id': 19}, 'n': {'id': 30, 'dx': 0, 'dy': 0, 'dd': 1, 'da': 12.0, 'dp': 2.59, 'de': 0.15}, 'i': 2}, {'id': '20230515_34', 'p': {'id': 15, 'tq': 86.0, 'dx': 1, 'dy': -1, 'dd': 0, 'da': -6.0, 'dp': -2.0, 'de': 0.11}, 'c': {'id': 20}, 'n': {'id': 34, 'dx': 0, 'dy': 0, 'dd': 0, 'da': -3.0, 'dp': -0.24, 'de': 0.06}, 'i': 2}, {'id': '20230510_15', 'p': {'id': 16, 'tq': -44.0, 'dx': -40, 'dy': -2, 'dd': 0, 'da': 1.0, 'dp': 2.59, 'de': 0.06}, 'c': {'id': 21}, 'n': {}, 'i': 0}, {'id': '20230510_16', 'p': {'id': 17, 'tq': 14.0, 'dx': 1, 'dy': 0, 'dd': -2, 'da': -53.0, 'dp': -13.83, 'de': -0.05}, 'c': {'id': 22}, 'n': {}, 'i': 0}, {'id': '20230510_17', 'p': {'id': 14, 'tq': -4.0, 'dx': -15, 'dy': 23, 'dd': 0, 'da': 5.0, 'dp': 1.41, 'de': -0.31}, 'c': {'id': 23}, 'n': {}, 'i': 0}, {'id': '20230515_41', 'p': {'id': 18, 'tq': -42.0, 'dx': -40, 'dy': 2, 'dd': 0, 'da': 0.0, 'dp': 1.07, 'de': -0.05}, 'c': {'id': 24}, 'n': {'id': 39, 'dx': 0, 'dy': -1, 'dd': 2, 'da': 55.0, 'dp': 12.59, 'de': -0.33}, 'i': 2}, {'id': '20230510_19', 'p': {'id': 21, 'tq': -21.0, 'dx': -13, 'dy': -29, 'dd': 0, 'da': -5.0, 'dp': -3.79, 'de': 0.27}, 'c': {'id': 26}, 'n': {}, 'i': 0}, {'id': '20230515_45', 'p': {'id': 19, 'tq': -3.0, 'dx': -2, 'dy': 22, 'dd': 0, 'da': -17.0, 'dp': -3.17, 'de': -0.23}, 'c': {'id': 28}, 'n': {'id': 45, 'dx': 0, 'dy': -1, 'dd': 1, 'da': 50.0, 'dp': 9.41, 'de': 0.17}, 'i': 2}, {'id': '20230515_49', 'p': {'id': 23, 'tq': -108.0, 'dx': -26, 'dy': -18, 'dd': 3, 'da': 60.0, 'dp': 24.49, 'de': -0.47}, 'c': {'id': 30}, 'n': {'id': 49, 'dx': -7, 'dy': 3, 'dd': -1, 'da': -30.0, 'dp': -8.83, 'de': 0.07}, 'i': 2}, {'id': '20230515_48', 'p': {'id': 22, 'tq': -34.0, 'dx': 1, 'dy': -1, 'dd': 4, 'da': 82.0, 'dp': 25.56, 'de': 0.3}, 'c': {'id': 31}, 'n': {'id': 48, 'dx': 6, 'dy': -3, 'dd': 0, 'da': 11.0, 'dp': 2.0, 'de': 0.15}, 'i': 2}, {'id': '20230515_46', 'p': {'id': 20, 'tq': 33.0, 'dx': 4, 'dy': 7, 'dd': 1, 'da': 25.0, 'dp': 5.41, 'de': 0.03}, 'c': {'id': 32}, 'n': {'id': 50, 'dx': -1, 'dy': 0, 'dd': 0, 'da': 9.0, 'dp': 1.41, 'de': 0.43}, 'i': 2}, {'id': '20230510_24', 'p': {'id': 24, 'tq': 18.0, 'dx': -3, 'dy': 20, 'dd': 0, 'da': 7.0, 'dp': 2.38, 'de': -0.16}, 'c': {'id': 33}, 'n': {}, 'i': 0}, {'id': '20230510_25', 'p': {'id': 25, 'tq': 78.0, 'dx': 0, 'dy': 2, 'dd': 0, 'da': 10.0, 'dp': 1.07, 'de': -0.14}, 'c': {'id': 34}, 'n': {}, 'i': 0}, {'id': '20230510_26', 'p': {'id': 27, 'tq': -157.0, 'dx': 48, 'dy': -40, 'dd': -1, 'da': -21.0, 'dp': -15.07, 'de': 0.36}, 'c': {'id': 37}, 'n': {}, 'i': 0}, {'id': '20230512_38', 'p': {'id': 26, 'tq': 78.0, 'dx': 2, 'dy': 5, 'dd': 0, 'da': 2.0, 'dp': 0.83, 'de': 0.18}, 'c': {'id': 38}, 'n': {'id': 60, 'dx': 0, 'dy': 0, 'dd': -1, 'da': -10.0, 'dp': -2.83, 'de': -0.07}, 'i': 1}, {'id': '20230510_28', 'p': {'id': 29, 'tq': -221.0, 'dx': 4, 'dy': -82, 'dd': -1, 'da': -21.0, 'dp': -8.45, 'de': -0.06}, 'c': {'id': 40}, 'n': {}, 'i': 0}, {'id': '20230515_63', 'p': {'id': 28, 'tq': 2.0, 'dx': 0, 'dy': 6, 'dd': 1, 'da': 51.0, 'dp': 8.0, 'de': -0.08}, 'c': {'id': 41}, 'n': {'id': 62, 'dx': 2, 'dy': 1, 'dd': 0, 'da': -11.0, 'dp': -0.83, 'de': 0.03}, 'i': 2}]
Unmatched current(length=12): {2, 35, 36, 7, 8, 39, 10, 14, 18, 25, 27, 29}
Unmatched previous(length=0): set()
Distance threshold: 20



@plot_data: normalized_points: (42, 2), normalized_prev_points: (30, 2), current_points: (42, 2), prev_points: (30, 2), current_data: 42, prev_data: 30, matching: 30, unmatched_current: 12, unmatched_prev: 0, combined_distances: (42, 30), distance_threshold: 20, current_date_string: 20230510, previous_date_string: 20230508, filename: output/crop1006/plots/20230508_20230510.png
Plots created
Plotted the normalized points
Drawing lines between the matched points
Plotting the unmatched points
Plotted the original points with diameter as size
Drawing lines between the matched points and add the indices to the plots with color coding
Setting the titles and labels
Done plotting

@process_image: output_dir: output/crop1006/20230510, image_name: 20230510, date_string: 20230510
len(json_data) = 42 json_data entries
len(matching) = 30 matching entries, setting max_id_i to 30
crop_dir: output/crop1006
nodules_dir: output/crop1006/nodules-last-detected-on
Split image into left and right images: (705, 300, 3), (705, 300, 3)
Converted right image to HSV: (705, 300, 3)
Created mask to detect nodules: (705, 300)

Found 40 contours in mask, processing each contour...

@process_contour: max_id: 20230510_30
Moments: {'m00': 40.0, 'm10': 5304.5, 'm01': 26987.666666666664, 'm20': 703569.8333333333, 'm11': 3578892.25, 'm02': 18208485.0, 'm30': 93335781.25, 'm21': 474690144.71666664, 'm12': 2414659642.5833335, 'm03': 12285290115.900002, 'mu20': 126.82708333316259, 'mu11': -9.695833332836628, 'mu02': 131.19722222536802, 'mu30': -10.986093699932098, 'mu21': 12.826006882431102, 'mu12': 8.916735844406503, 'mu03': -11.570047378540039, 'nu20': 0.07926692708322663, 'nu11': -0.006059895833022894, 'nu02': 0.08199826389085503, 'nu30': -0.0010856587087441204, 'nu21': 0.00126748109479618, 'nu12': 0.0008811623300746662, 'nu03': -0.0011433656985077153}
Centroid: 132, 674
Processing contour#1: area: 40.0 centroid: 132, 674 rectangle: (129, 671, 8, 8)
@find_dayJSON_match_for_contour: x: 129, y: 671, w: 8, h: 8, area: 40.0
Matched with JSON#41: (132, 674, 6, 146.0, 42.3848, 0.560923)
Match with input JSON(nodules) ID: 41
Matched contour: {'x': 132, 'y': 674, 'd': 6, 'a': 146.0, 'p': 42.3848, 'e': 0.560923, 'id': 41, 'tq': 100}
JSON_entry: 41
Matched with first_id: 41 second_id: 28 name: 20230515_63
entry_id:20230515_63, entry saved to results list
created dirs at nodule_detection_path: output/crop1006/nodules-last-detected-on/2023-05-15/63/detection and nodule_images_original_path: output/crop1006/nodules-last-detected-on/2023-05-15/63
Segmented nodule image saved as output/crop1006/nodules-last-detected-on/2023-05-15/63/detection/2023-05-10.jpg
Original nodule image saved as output/crop1006/nodules-last-detected-on/2023-05-15/63/2023-05-10.jpg


@process_contour: max_id: 20230510_31
Moments: {'m00': 3.0, 'm10': 385.5, 'm01': 1774.5, 'm20': 49537.0, 'm11': 228023.25, 'm02': 1049619.0, 'm30': 6365568.75, 'm21': 29301135.5, 'm12': 134876041.5, 'm03': 620852300.25, 'mu20': 0.25, 'mu11': 0.0, 'mu02': 2.25, 'mu30': 0.0, 'mu21': 0.0, 'mu12': 0.0, 'mu03': 0.0, 'nu20': 0.027777777777777776, 'nu11': 0.0, 'nu02': 0.25, 'nu30': 0.0, 'nu21': 0.0, 'nu12': 0.0, 'nu03': 0.0}
Centroid: 128, 591
Processing contour#2: area: 3.0 centroid: 128, 591 rectangle: (128, 590, 2, 4)
@find_dayJSON_match_for_contour: x: 128, y: 590, w: 2, h: 4, area: 3.0
Matched with JSON#40: (128, 591, 2, 13.0, 10.864, 0.583615)
Match with input JSON(nodules) ID: 40
Matched contour: {'x': 128, 'y': 591, 'd': 2, 'a': 13.0, 'p': 10.864, 'e': 0.583615, 'id': 40, 'tq': 100}
JSON_entry: 40
Matched with first_id: 40 second_id: 29 name: 20230510_28
entry_id:20230510_28, entry saved to results list
created dirs at nodule_detection_path: output/crop1006/nodules-last-detected-on/2023-05-10/28/detection and nodule_images_original_path: output/crop1006/nodules-last-detected-on/2023-05-10/28
Segmented nodule image saved as output/crop1006/nodules-last-detected-on/2023-05-10/28/detection/2023-05-10.jpg
Original nodule image saved as output/crop1006/nodules-last-detected-on/2023-05-10/28/2023-05-10.jpg


@process_contour: max_id: 20230510_32
Moments: {'m00': 32.0, 'm10': 3018.0, 'm01': 18880.0, 'm20': 284721.3333333333, 'm11': 1780620.0, 'm02': 11139278.333333332, 'm30': 26869035.0, 'm21': 167985586.66666666, 'm12': 1050573195.8333334, 'm03': 6572266650.0, 'mu20': 86.20833333331393, 'mu11': 0.0, 'mu02': 78.33333333209157, 'mu30': -6.79687499627471, 'mu21': 1.5133991837501526e-09, 'mu12': 8.020833490183577, 'mu03': 1.9073486328125e-06, 'nu20': 0.08418782552081439, 'nu11': 0.0, 'nu02': 0.07649739583212067, 'nu30': -0.00117336826190018, 'nu21': 2.612633851249802e-13, 'nu12': 0.0013846644901555104, 'nu03': 3.2927225399135965e-10}
Centroid: 94, 590
Processing contour#3: area: 32.0 centroid: 94, 590 rectangle: (91, 587, 8, 7)
@find_dayJSON_match_for_contour: x: 91, y: 587, w: 8, h: 7, area: 32.0
Matched with JSON#39: (94, 589, 5, 105.0, 36.3848, 0.545249)
Match with input JSON(nodules) ID: 39
Matched contour: {'x': 94, 'y': 589, 'd': 5, 'a': 105.0, 'p': 36.3848, 'e': 0.545249, 'id': 39, 'tq': 100}
JSON_entry: 39
WARNING: match is empty
entry_id:20230510_32, entry saved to results list
created dirs at nodule_detection_path: output/crop1006/nodules-last-detected-on/2023-05-10/32/detection and nodule_images_original_path: output/crop1006/nodules-last-detected-on/2023-05-10/32
Segmented nodule image saved as output/crop1006/nodules-last-detected-on/2023-05-10/32/detection/2023-05-10.jpg
Original nodule image saved as output/crop1006/nodules-last-detected-on/2023-05-10/32/2023-05-10.jpg


@process_contour: max_id: 20230510_33
Moments: {'m00': 28.5, 'm10': 4430.666666666666, 'm01': 16030.166666666666, 'm20': 688884.25, 'm11': 2492079.208333333, 'm02': 9016410.75, 'm30': 107121437.30000001, 'm21': 387470464.6, 'm12': 1401706468.1, 'm03': 5071446065.05, 'mu20': 84.00048732967116, 'mu11': -2.3745126705616713, 'mu02': 51.333820663392544, 'mu30': 4.318068206310272, 'mu21': -2.073452093572996, 'mu12': -3.315167674193617, 'mu03': 0.592921257019043, 'nu20': 0.10341703580138031, 'nu11': -0.002923376633501596, 'nu02': 0.06319953298047712, 'nu30': 0.000995811982880201, 'nu21': -0.00047816948275403555, 'nu12': -0.0007645279179228133, 'nu03': 0.0001367366295375115}
Centroid: 155, 562
Processing contour#4: area: 28.5 centroid: 155, 562 rectangle: (152, 560, 8, 6)
@find_dayJSON_match_for_contour: x: 152, y: 560, w: 8, h: 6, area: 28.5
Matched with JSON#38: (155, 562, 6, 121.0, 38.9706, 0.430304)
Match with input JSON(nodules) ID: 38
Matched contour: {'x': 155, 'y': 562, 'd': 6, 'a': 121.0, 'p': 38.9706, 'e': 0.430304, 'id': 38, 'tq': 100}
JSON_entry: 38
Matched with first_id: 38 second_id: 26 name: 20230512_38
entry_id:20230512_38, entry saved to results list
created dirs at nodule_detection_path: output/crop1006/nodules-last-detected-on/2023-05-12/38/detection and nodule_images_original_path: output/crop1006/nodules-last-detected-on/2023-05-12/38
Segmented nodule image saved as output/crop1006/nodules-last-detected-on/2023-05-12/38/detection/2023-05-10.jpg
Original nodule image saved as output/crop1006/nodules-last-detected-on/2023-05-12/38/2023-05-10.jpg


@process_contour: max_id: 20230510_34
Moments: {'m00': 0.5, 'm10': 120.83333333333333, 'm01': 266.66666666666663, 'm20': 29201.416666666664, 'm11': 64444.45833333333, 'm02': 142222.25, 'm30': 7057022.45, 'm21': 15574095.6, 'm12': 34370391.9, 'm03': 75851896.3, 'mu20': 0.027777777777373558, 'mu11': 0.013888888897781726, 'mu02': 0.027777777810115367, 'mu30': -0.0037037022411823273, 'mu21': -0.0018518522847426055, 'mu12': 0.0018518486176617444, 'mu03': 0.003703683614730835, 'nu20': 0.11111111110949423, 'nu11': 0.055555555591126904, 'nu02': 0.11111111124046147, 'nu30': -0.0209513037618867, 'nu21': -0.010475658466378383, 'nu12': 0.01047563772223643, 'nu03': 0.020951198394765426}
Centroid: 241, 533
Processing contour#5: area: 0.5 centroid: 241, 533 rectangle: (241, 533, 2, 2)
@find_dayJSON_match_for_contour: x: 241, y: 533, w: 2, h: 2, area: 0.5
Matched with JSON#36: (241, 533, 1, 4.0, 2.0, 1.0)
Match with input JSON(nodules) ID: 36
Matched contour: {'x': 241, 'y': 533, 'd': 1, 'a': 4.0, 'p': 2.0, 'e': 1.0, 'id': 36, 'tq': 100}
JSON_entry: 36
WARNING: match is empty
entry_id:20230510_34, entry saved to results list
created dirs at nodule_detection_path: output/crop1006/nodules-last-detected-on/2023-05-10/34/detection and nodule_images_original_path: output/crop1006/nodules-last-detected-on/2023-05-10/34
Segmented nodule image saved as output/crop1006/nodules-last-detected-on/2023-05-10/34/detection/2023-05-10.jpg
Original nodule image saved as output/crop1006/nodules-last-detected-on/2023-05-10/34/2023-05-10.jpg


@process_contour: max_id: 20230510_35
Moments: {'m00': 8.0, 'm10': 2096.0, 'm01': 4268.0, 'm20': 549157.6666666666, 'm11': 1118217.3333333333, 'm02': 2276983.333333333, 'm30': 143882278.0, 'm21': 292976313.8333333, 'm12': 596571056.0, 'm03': 1214776299.0, 'mu20': 5.666666666627862, 'mu11': 1.3333333332557231, 'mu02': 5.3333333330228925, 'mu30': 2.9802322387695312e-08, 'mu21': 4.057073965668678e-08, 'mu12': 1.210719347000122e-07, 'mu03': 4.76837158203125e-07, 'nu20': 0.08854166666606034, 'nu11': 0.020833333332120674, 'nu02': 0.0833333333284827, 'nu30': 1.6463612699567982e-10, 'nu21': 2.241237900702907e-10, 'nu12': 6.688342659199493e-10, 'nu03': 2.634178031930877e-09}
Centroid: 262, 533
Processing contour#6: area: 8.0 centroid: 262, 533 rectangle: (260, 532, 5, 4)
@find_dayJSON_match_for_contour: x: 260, y: 532, w: 5, h: 4, area: 8.0
Matched with JSON#35: (262, 533, 2, 25.0, 16.0711, 0.58422)
Match with input JSON(nodules) ID: 35
Matched contour: {'x': 262, 'y': 533, 'd': 2, 'a': 25.0, 'p': 16.0711, 'e': 0.58422, 'id': 35, 'tq': 100}
JSON_entry: 35
WARNING: match is empty
entry_id:20230510_35, entry saved to results list
created dirs at nodule_detection_path: output/crop1006/nodules-last-detected-on/2023-05-10/35/detection and nodule_images_original_path: output/crop1006/nodules-last-detected-on/2023-05-10/35
Segmented nodule image saved as output/crop1006/nodules-last-detected-on/2023-05-10/35/detection/2023-05-10.jpg
Original nodule image saved as output/crop1006/nodules-last-detected-on/2023-05-10/35/2023-05-10.jpg


@process_contour: max_id: 20230510_36
Moments: {'m00': 35.5, 'm10': 1016.6666666666666, 'm01': 18575.666666666664, 'm20': 29210.416666666664, 'm11': 531977.9583333333, 'm02': 9719981.416666666, 'm30': 841972.3, 'm21': 15284513.016666666, 'm12': 278364361.01666665, 'm03': 5086176530.8, 'mu20': 94.61071987480318, 'mu11': -1.2278951486805454, 'mu02': 111.21635367907584, 'mu30': 10.833102632663213, 'mu21': -7.165708227781579, 'mu12': -18.955234093880335, 'mu03': 5.785294532775879, 'nu20': 0.0750729774844699, 'nu11': -0.0009743266404923987, 'nu02': 0.08824943755530715, 'nu30': 0.0014427197432010717, 'nu21': -0.0009543072824832383, 'nu12': -0.0025244005703208426, 'nu03': 0.0007704679744751074}
Centroid: 28, 523
Processing contour#7: area: 35.5 centroid: 28, 523 rectangle: (25, 520, 8, 8)
@find_dayJSON_match_for_contour: x: 25, y: 520, w: 8, h: 8, area: 35.5
Matched with JSON#34: (28, 523, 6, 143.0, 42.6274, 0.464835)
Match with input JSON(nodules) ID: 34
Matched contour: {'x': 28, 'y': 523, 'd': 6, 'a': 143.0, 'p': 42.6274, 'e': 0.464835, 'id': 34, 'tq': 100}
JSON_entry: 34
Matched with first_id: 34 second_id: 25 name: 20230510_25
entry_id:20230510_25, entry saved to results list
created dirs at nodule_detection_path: output/crop1006/nodules-last-detected-on/2023-05-10/25/detection and nodule_images_original_path: output/crop1006/nodules-last-detected-on/2023-05-10/25
Segmented nodule image saved as output/crop1006/nodules-last-detected-on/2023-05-10/25/detection/2023-05-10.jpg
Original nodule image saved as output/crop1006/nodules-last-detected-on/2023-05-10/25/2023-05-10.jpg


@process_contour: max_id: 20230510_37
Moments: {'m00': 7.5, 'm10': 242.16666666666666, 'm01': 3325.1666666666665, 'm20': 7823.916666666666, 'm11': 107364.625, 'm02': 1474236.5833333333, 'm30': 252925.05000000002, 'm21': 3468691.183333333, 'm12': 47600297.516666666, 'm03': 653615829.5500001, 'mu20': 4.624074074074997, 'mu11': -1.3120370370306773, 'mu02': 5.468518518609926, 'mu30': 0.8616460905468557, 'mu21': -1.0086008231291999, 'mu12': -0.3206995980968941, 'mu03': 1.1297942399978638, 'nu20': 0.08220576131688884, 'nu11': -0.023325102880545373, 'nu02': 0.0972181069975098, 'nu30': 0.005593398523006243, 'nu21': -0.006547359079657968, 'nu12': -0.0020818299740504856, 'nu03': 0.007334089369910938}
Centroid: 32, 443
Processing contour#8: area: 7.5 centroid: 32, 443 rectangle: (31, 442, 4, 4)
@find_dayJSON_match_for_contour: x: 31, y: 442, w: 4, h: 4, area: 7.5
Matched with JSON#33: (32, 443, 2, 27.0, 17.0711, 0.629478)
Match with input JSON(nodules) ID: 33
Matched contour: {'x': 32, 'y': 443, 'd': 2, 'a': 27.0, 'p': 17.0711, 'e': 0.629478, 'id': 33, 'tq': 100}
JSON_entry: 33
Matched with first_id: 33 second_id: 24 name: 20230510_24
entry_id:20230510_24, entry saved to results list
created dirs at nodule_detection_path: output/crop1006/nodules-last-detected-on/2023-05-10/24/detection and nodule_images_original_path: output/crop1006/nodules-last-detected-on/2023-05-10/24
Segmented nodule image saved as output/crop1006/nodules-last-detected-on/2023-05-10/24/detection/2023-05-10.jpg
Original nodule image saved as output/crop1006/nodules-last-detected-on/2023-05-10/24/2023-05-10.jpg


@process_contour: max_id: 20230510_38
Moments: {'m00': 39.0, 'm10': 9905.0, 'm01': 15769.333333333332, 'm20': 2515740.5, 'm11': 4004998.333333333, 'm02': 6376324.166666666, 'm30': 638996789.5, 'm21': 1017215174.3666667, 'm12': 1619416395.1666667, 'm03': 2578313793.6000004, 'mu20': 124.47435897449031, 'mu11': -7.991452991496772, 'mu02': 122.27492877561599, 'mu30': -17.924391865730286, 'mu21': -10.607253986141586, 'mu12': 14.883044855407206, 'mu03': 8.631388187408447, 'nu20': 0.08183718538756758, 'nu11': -0.005254078232410763, 'nu02': 0.0803911431792347, 'nu30': -0.0018870478484801522, 'nu21': -0.0011167126875361625, 'nu12': 0.001566860286452765, 'nu03': 0.000908697077728305}
Centroid: 253, 404
Processing contour#9: area: 39.0 centroid: 253, 404 rectangle: (250, 401, 9, 8)
@find_dayJSON_match_for_contour: x: 250, y: 401, w: 9, h: 8, area: 39.0
Matched with JSON#32: (254, 404, 6, 138.0, 42.3848, 0.242918)
Match with input JSON(nodules) ID: 32
Matched contour: {'x': 254, 'y': 404, 'd': 6, 'a': 138.0, 'p': 42.3848, 'e': 0.242918, 'id': 32, 'tq': 100}
JSON_entry: 32
Matched with first_id: 32 second_id: 20 name: 20230515_46
entry_id:20230515_46, entry saved to results list
created dirs at nodule_detection_path: output/crop1006/nodules-last-detected-on/2023-05-15/46/detection and nodule_images_original_path: output/crop1006/nodules-last-detected-on/2023-05-15/46
Segmented nodule image saved as output/crop1006/nodules-last-detected-on/2023-05-15/46/detection/2023-05-10.jpg
Original nodule image saved as output/crop1006/nodules-last-detected-on/2023-05-15/46/2023-05-10.jpg


@process_contour: max_id: 20230510_39
Moments: {'m00': 21.0, 'm10': 2278.5, 'm01': 8445.166666666666, 'm20': 247255.0, 'm11': 916300.5833333333, 'm02': 3396265.6666666665, 'm30': 26835359.25, 'm21': 99433782.9, 'm12': 368494824.8333333, 'm03': 1365839244.45, 'mu20': 37.75, 'mu11': 0.0, 'mu02': 35.18915343936533, 'mu30': 0.0, 'mu21': -11.58412696823143, 'mu12': 7.916241884231567e-09, 'mu03': 8.459091424942017, 'nu20': 0.08560090702947844, 'nu11': 0.0, 'nu02': 0.07979399872871955, 'nu30': 0.0, 'nu21': -0.005732117340665136, 'nu12': 3.917155561394126e-12, 'nu03': 0.004185771165678505}
Centroid: 108, 402
Processing contour#10: area: 21.0 centroid: 108, 402 rectangle: (106, 400, 6, 6)
@find_dayJSON_match_for_contour: x: 106, y: 400, w: 6, h: 6, area: 21.0
Matched with JSON#31: (108, 401, 5, 91.0, 33.5563, 0.298507)
Match with input JSON(nodules) ID: 31
Matched contour: {'x': 108, 'y': 401, 'd': 5, 'a': 91.0, 'p': 33.5563, 'e': 0.298507, 'id': 31, 'tq': 100}
JSON_entry: 31
Matched with first_id: 31 second_id: 22 name: 20230515_48
entry_id:20230515_48, entry saved to results list
created dirs at nodule_detection_path: output/crop1006/nodules-last-detected-on/2023-05-15/48/detection and nodule_images_original_path: output/crop1006/nodules-last-detected-on/2023-05-15/48
Segmented nodule image saved as output/crop1006/nodules-last-detected-on/2023-05-15/48/detection/2023-05-10.jpg
Original nodule image saved as output/crop1006/nodules-last-detected-on/2023-05-15/48/2023-05-10.jpg


@process_contour: max_id: 20230510_40
Moments: {'m00': 12.0, 'm10': 1386.0, 'm01': 4788.0, 'm20': 160092.0, 'm11': 553014.0, 'm02': 1910428.0, 'm30': 18492705.0, 'm21': 63876708.0, 'm12': 220654434.0, 'm03': 762273540.0, 'mu20': 9.0, 'mu11': 0.0, 'mu02': 16.0, 'mu30': 0.0, 'mu21': 0.0, 'mu12': 0.0, 'mu03': 0.0, 'nu20': 0.0625, 'nu11': 0.0, 'nu02': 0.1111111111111111, 'nu30': 0.0, 'nu21': 0.0, 'nu12': 0.0, 'nu03': 0.0}
Centroid: 115, 399
Processing contour#11: area: 12.0 centroid: 115, 399 rectangle: (114, 397, 4, 5)
@find_dayJSON_match_for_contour: x: 114, y: 397, w: 4, h: 5, area: 12.0
Matched with JSON#30: (115, 398, 4, 64.0, 27.8995, 0.362588)
Match with input JSON(nodules) ID: 30
Matched contour: {'x': 115, 'y': 398, 'd': 4, 'a': 64.0, 'p': 27.8995, 'e': 0.362588, 'id': 30, 'tq': 100}
JSON_entry: 30
Matched with first_id: 30 second_id: 23 name: 20230515_49
entry_id:20230515_49, entry saved to results list
created dirs at nodule_detection_path: output/crop1006/nodules-last-detected-on/2023-05-15/49/detection and nodule_images_original_path: output/crop1006/nodules-last-detected-on/2023-05-15/49
Segmented nodule image saved as output/crop1006/nodules-last-detected-on/2023-05-15/49/detection/2023-05-10.jpg
Original nodule image saved as output/crop1006/nodules-last-detected-on/2023-05-15/49/2023-05-10.jpg


@process_contour: max_id: 20230510_41
Moments: {'m00': 20.0, 'm10': 1729.5, 'm01': 7960.666666666666, 'm20': 149595.8333333333, 'm11': 688397.5, 'm02': 3168640.0, 'm30': 12942756.75, 'm21': 59543921.15, 'm12': 274007226.5833333, 'm03': 1261247680.2, 'mu20': 37.32083333330229, 'mu11': -1.1499999999068677, 'mu02': 29.311111111659557, 'mu30': 2.424375005066395, 'mu21': -8.151944456822093, 'mu12': -1.9400000959053614, 'mu03': 5.268147945404053, 'nu20': 0.09330208333325574, 'nu11': -0.0028749999997671697, 'nu02': 0.0732777777791489, 'nu30': 0.001355266828569964, 'nu21': -0.0045570754885642, 'nu12': -0.001084493022700125, 'nu03': 0.0029449842303623285}
Centroid: 86, 398
Processing contour#12: area: 20.0 centroid: 86, 398 rectangle: (84, 396, 6, 6)
@find_dayJSON_match_for_contour: x: 84, y: 396, w: 6, h: 6, area: 20.0
Matched with JSON#29: (86, 397, 5, 83.0, 32.1421, 0.480416)
Match with input JSON(nodules) ID: 29
Matched contour: {'x': 86, 'y': 397, 'd': 5, 'a': 83.0, 'p': 32.1421, 'e': 0.480416, 'id': 29, 'tq': 100}
JSON_entry: 29
WARNING: match is empty
entry_id:20230510_41, entry saved to results list
created dirs at nodule_detection_path: output/crop1006/nodules-last-detected-on/2023-05-10/41/detection and nodule_images_original_path: output/crop1006/nodules-last-detected-on/2023-05-10/41
Segmented nodule image saved as output/crop1006/nodules-last-detected-on/2023-05-10/41/detection/2023-05-10.jpg
Original nodule image saved as output/crop1006/nodules-last-detected-on/2023-05-10/41/2023-05-10.jpg


@process_contour: max_id: 20230510_42
Moments: {'m00': 11.5, 'm10': 1179.8333333333333, 'm01': 4408.666666666666, 'm20': 121059.91666666666, 'm11': 452302.5416666666, 'm02': 1690124.75, 'm30': 12423299.950000001, 'm21': 46409580.766666666, 'm12': 173396157.9, 'm03': 647936335.3000001, 'mu20': 15.856280193242128, 'mu11': -1.1008454105467536, 'mu02': 8.073671498103067, 'mu30': 0.7717636376619339, 'mu21': -3.7245991848985796, 'mu12': 0.4199362510944411, 'mu03': 1.7272909879684448, 'nu20': 0.11989625855003498, 'nu11': -0.008323972858576585, 'nu02': 0.06104855575125192, 'nu30': 0.0017208369062547413, 'nu21': -0.008304910241427326, 'nu12': 0.0009363511882301467, 'nu03': 0.003851420221017654}
Centroid: 102, 383
Processing contour#13: area: 11.5 centroid: 102, 383 rectangle: (100, 382, 6, 4)
@find_dayJSON_match_for_contour: x: 100, y: 382, w: 6, h: 4, area: 11.5
Matched with JSON#28: (102, 383, 4, 57.0, 26.1421, 0.190535)
Match with input JSON(nodules) ID: 28
Matched contour: {'x': 102, 'y': 383, 'd': 4, 'a': 57.0, 'p': 26.1421, 'e': 0.190535, 'id': 28, 'tq': 100}
JSON_entry: 28
Matched with first_id: 28 second_id: 19 name: 20230515_45
entry_id:20230515_45, entry saved to results list
created dirs at nodule_detection_path: output/crop1006/nodules-last-detected-on/2023-05-15/45/detection and nodule_images_original_path: output/crop1006/nodules-last-detected-on/2023-05-15/45
Segmented nodule image saved as output/crop1006/nodules-last-detected-on/2023-05-15/45/detection/2023-05-10.jpg
Original nodule image saved as output/crop1006/nodules-last-detected-on/2023-05-15/45/2023-05-10.jpg


@process_contour: max_id: 20230510_43
Moments: {'m00': 2.0, 'm10': 119.0, 'm01': 742.0, 'm20': 7080.666666666666, 'm11': 44149.0, 'm02': 275282.6666666666, 'm30': 421319.5, 'm21': 2626927.3333333335, 'm12': 16379318.666666666, 'm03': 102130364.0, 'mu20': 0.16666666666606034, 'mu11': 0.0, 'mu02': 0.6666666666278616, 'mu30': 1.1641532182693481e-10, 'mu21': 3.80168785341084e-10, 'mu12': 1.6880221664905548e-09, 'mu03': 4.470348358154297e-08, 'nu20': 0.041666666666515084, 'nu11': 0.0, 'nu02': 0.1666666666569654, 'nu30': 2.0579515874459978e-11, 'nu21': 6.720498152753336e-11, 'nu12': 2.984029801796697e-10, 'nu03': 7.902534095792632e-09}
Centroid: 59, 371
Processing contour#14: area: 2.0 centroid: 59, 371 rectangle: (59, 370, 2, 3)
@find_dayJSON_match_for_contour: x: 59, y: 370, w: 2, h: 3, area: 2.0
Matched with JSON#27: (59, 371, 2, 13.0, 10.8284, 0.806443)
Match with input JSON(nodules) ID: 27
Matched contour: {'x': 59, 'y': 371, 'd': 2, 'a': 13.0, 'p': 10.8284, 'e': 0.806443, 'id': 27, 'tq': 100}
JSON_entry: 27
WARNING: match is empty
entry_id:20230510_43, entry saved to results list
created dirs at nodule_detection_path: output/crop1006/nodules-last-detected-on/2023-05-10/43/detection and nodule_images_original_path: output/crop1006/nodules-last-detected-on/2023-05-10/43
Segmented nodule image saved as output/crop1006/nodules-last-detected-on/2023-05-10/43/detection/2023-05-10.jpg
Original nodule image saved as output/crop1006/nodules-last-detected-on/2023-05-10/43/2023-05-10.jpg


@process_contour: max_id: 20230510_44
Moments: {'m00': 49.0, 'm10': 5089.5, 'm01': 17676.166666666664, 'm20': 529020.3333333333, 'm11': 1835932.1666666665, 'm02': 6376581.666666666, 'm30': 55028086.75, 'm21': 190828666.3, 'm12': 662286679.3333334, 'm03': 2300358834.15, 'mu20': 387.47108843538444, 'mu11': -44.36904761893675, 'mu02': 114.9722222238779, 'mu30': -342.9379425123334, 'mu21': 95.90163595342892, 'mu12': 70.28968258126224, 'mu03': -40.13439226150513, 'nu20': 0.16137904557908553, 'nu11': -0.018479403423130668, 'nu02': 0.04788514045142769, 'nu30': -0.020404470905713887, 'nu21': 0.005706053189351395, 'nu12': 0.004182167107827823, 'nu03': -0.002387956938270073}
Centroid: 103, 360
Processing contour#15: area: 49.0 centroid: 103, 360 rectangle: (98, 357, 12, 8)
@find_dayJSON_match_for_contour: x: 98, y: 357, w: 12, h: 8, area: 49.0
Matched with JSON#25: (103, 360, 7, 199.0, 60.2843, 0.867981)
Match with input JSON(nodules) ID: 25
Matched contour: {'x': 103, 'y': 360, 'd': 7, 'a': 199.0, 'p': 60.2843, 'e': 0.867981, 'id': 25, 'tq': 100}
JSON_entry: 25
WARNING: match is empty
entry_id:20230510_44, entry saved to results list
created dirs at nodule_detection_path: output/crop1006/nodules-last-detected-on/2023-05-10/44/detection and nodule_images_original_path: output/crop1006/nodules-last-detected-on/2023-05-10/44
Segmented nodule image saved as output/crop1006/nodules-last-detected-on/2023-05-10/44/detection/2023-05-10.jpg
Original nodule image saved as output/crop1006/nodules-last-detected-on/2023-05-10/44/2023-05-10.jpg


@process_contour: max_id: 20230510_45
Moments: {'m00': 4.5, 'm10': 405.3333333333333, 'm01': 1608.1666666666665, 'm20': 36511.25, 'm11': 144853.79166666666, 'm02': 574713.4166666666, 'm30': 3288937.7, 'm21': 13047979.1, 'm12': 51766541.9, 'm03': 205387190.05, 'mu20': 1.2253086419805186, 'mu11': -0.3317901234549936, 'mu02': 2.299382716184482, 'mu30': -0.07411979930475354, 'mu21': -0.06380886798211804, 'mu12': 0.17972107866299325, 'mu03': 0.016506582498550415, 'nu20': 0.06050906873977869, 'nu11': -0.016384697454567585, 'nu02': 0.11354976376219664, 'nu30': -0.0017254522702412239, 'nu21': -0.0014854216707816572, 'nu12': 0.004183769331514846, 'nu03': 0.0003842606228457673}
Centroid: 90, 357
Processing contour#16: area: 4.5 centroid: 90, 357 rectangle: (89, 356, 3, 4)
@find_dayJSON_match_for_contour: x: 89, y: 356, w: 3, h: 4, area: 4.5
Matched with JSON#24: (89, 357, 3, 30.0, 18.7279, 0.547142)
Match with input JSON(nodules) ID: 24
Matched contour: {'x': 89, 'y': 357, 'd': 3, 'a': 30.0, 'p': 18.7279, 'e': 0.547142, 'id': 24, 'tq': 100}
JSON_entry: 24
Matched with first_id: 24 second_id: 18 name: 20230515_41
entry_id:20230515_41, entry saved to results list
created dirs at nodule_detection_path: output/crop1006/nodules-last-detected-on/2023-05-15/41/detection and nodule_images_original_path: output/crop1006/nodules-last-detected-on/2023-05-15/41
Segmented nodule image saved as output/crop1006/nodules-last-detected-on/2023-05-15/41/detection/2023-05-10.jpg
Original nodule image saved as output/crop1006/nodules-last-detected-on/2023-05-15/41/2023-05-10.jpg


@process_contour: max_id: 20230510_46
Moments: {'m00': 9.0, 'm10': 1957.5, 'm01': 3064.5, 'm20': 425763.0, 'm11': 666528.75, 'm02': 1043469.0, 'm30': 92606388.75, 'm21': 144972301.5, 'm12': 226954507.5, 'm03': 355305791.25, 'mu20': 6.75, 'mu11': 0.0, 'mu02': 6.75, 'mu30': 0.0, 'mu21': 0.0, 'mu12': 0.0, 'mu03': 0.0, 'nu20': 0.08333333333333333, 'nu11': 0.0, 'nu02': 0.08333333333333333, 'nu30': 0.0, 'nu21': 0.0, 'nu12': 0.0, 'nu03': 0.0}
Centroid: 217, 340
Processing contour#17: area: 9.0 centroid: 217, 340 rectangle: (216, 339, 4, 4)
@find_dayJSON_match_for_contour: x: 216, y: 339, w: 4, h: 4, area: 9.0
Matched with JSON#23: (217, 340, 3, 39.0, 20.4853, 0.26939)
Match with input JSON(nodules) ID: 23
Matched contour: {'x': 217, 'y': 340, 'd': 3, 'a': 39.0, 'p': 20.4853, 'e': 0.26939, 'id': 23, 'tq': 100}
JSON_entry: 23
Matched with first_id: 23 second_id: 14 name: 20230510_17
entry_id:20230510_17, entry saved to results list
created dirs at nodule_detection_path: output/crop1006/nodules-last-detected-on/2023-05-10/17/detection and nodule_images_original_path: output/crop1006/nodules-last-detected-on/2023-05-10/17
Segmented nodule image saved as output/crop1006/nodules-last-detected-on/2023-05-10/17/detection/2023-05-10.jpg
Original nodule image saved as output/crop1006/nodules-last-detected-on/2023-05-10/17/2023-05-10.jpg


@process_contour: max_id: 20230510_47
Moments: {'m00': 7.0, 'm10': 1636.1666666666665, 'm01': 2374.833333333333, 'm20': 382439.0, 'm11': 555090.5833333333, 'm02': 805695.0, 'm30': 89392675.15, 'm21': 129747713.7, 'm12': 188322676.3, 'm03': 273344688.35, 'mu20': 4.5198412699392065, 'mu11': 1.5634920635493472, 'mu02': 4.519841270055622, 'mu30': -1.1729403138160706, 'mu21': -0.7905517907095145, 'mu12': 0.7905517896926995, 'mu03': 1.172940194606781, 'nu20': 0.09224165857018789, 'nu11': 0.03190800129692545, 'nu02': 0.09224165857256371, 'nu30': -0.00904754627719936, 'nu21': -0.0060979692033065825, 'nu12': 0.006097969195463317, 'nu03': 0.009047545357671273}
Centroid: 233, 339
Processing contour#18: area: 7.0 centroid: 233, 339 rectangle: (232, 338, 4, 4)
@find_dayJSON_match_for_contour: x: 232, y: 338, w: 4, h: 4, area: 7.0
Matched with JSON#22: (233, 339, 3, 33.0, 19.3137, 0.496174)
Match with input JSON(nodules) ID: 22
Matched contour: {'x': 233, 'y': 339, 'd': 3, 'a': 33.0, 'p': 19.3137, 'e': 0.496174, 'id': 22, 'tq': 100}
JSON_entry: 22
Matched with first_id: 22 second_id: 17 name: 20230510_16
entry_id:20230510_16, entry saved to results list
created dirs at nodule_detection_path: output/crop1006/nodules-last-detected-on/2023-05-10/16/detection and nodule_images_original_path: output/crop1006/nodules-last-detected-on/2023-05-10/16
Segmented nodule image saved as output/crop1006/nodules-last-detected-on/2023-05-10/16/detection/2023-05-10.jpg
Original nodule image saved as output/crop1006/nodules-last-detected-on/2023-05-10/16/2023-05-10.jpg


@process_contour: max_id: 20230510_48
Moments: {'m00': 1.0, 'm10': 232.5, 'm01': 332.5, 'm20': 54056.33333333333, 'm11': 77306.25, 'm02': 110556.33333333333, 'm30': 12568136.25, 'm21': 17973730.833333332, 'm12': 25704347.5, 'm03': 36760036.25, 'mu20': 0.0833333333284827, 'mu11': 0.0, 'mu02': 0.0833333333284827, 'mu30': 3.725290298461914e-09, 'mu21': 3.710738383233547e-10, 'mu12': 1.127773430198431e-09, 'mu03': 7.450580596923828e-09, 'nu20': 0.0833333333284827, 'nu11': 0.0, 'nu02': 0.0833333333284827, 'nu30': 3.725290298461914e-09, 'nu21': 3.710738383233547e-10, 'nu12': 1.127773430198431e-09, 'nu03': 7.450580596923828e-09}
Centroid: 232, 332
Processing contour#19: area: 1.0 centroid: 232, 332 rectangle: (232, 332, 2, 2)
@find_dayJSON_match_for_contour: x: 232, y: 332, w: 2, h: 2, area: 1.0
Matched with JSON#21: (232, 333, 1, 9.0, 7.6213, 0.786284)
Match with input JSON(nodules) ID: 21
Matched contour: {'x': 232, 'y': 333, 'd': 1, 'a': 9.0, 'p': 7.6213, 'e': 0.786284, 'id': 21, 'tq': 100}
JSON_entry: 21
Matched with first_id: 21 second_id: 16 name: 20230510_15
entry_id:20230510_15, entry saved to results list
created dirs at nodule_detection_path: output/crop1006/nodules-last-detected-on/2023-05-10/15/detection and nodule_images_original_path: output/crop1006/nodules-last-detected-on/2023-05-10/15
Segmented nodule image saved as output/crop1006/nodules-last-detected-on/2023-05-10/15/detection/2023-05-10.jpg
Original nodule image saved as output/crop1006/nodules-last-detected-on/2023-05-10/15/2023-05-10.jpg


@process_contour: max_id: 20230510_49
Moments: {'m00': 8.0, 'm10': 2012.0, 'm01': 2661.1666666666665, 'm20': 506023.3333333333, 'm11': 669283.4166666666, 'm02': 885231.1666666666, 'm30': 127267551.0, 'm21': 168326554.21666667, 'm12': 222635638.41666666, 'm03': 294471893.65000004, 'mu20': 5.333333333313931, 'mu11': 0.0, 'mu02': 5.163194444496185, 'mu30': 1.4901161193847656e-08, 'mu21': 0.8138889072640723, 'mu12': 2.3283064365386963e-10, 'mu03': -0.5087094306945801, 'nu20': 0.08333333333303017, 'nu11': 0.0, 'nu02': 0.08067491319525288, 'nu30': 8.231806349783991e-11, 'nu21': 0.004496143480147927, 'nu12': 1.2862197421537486e-12, 'nu03': -0.002810249125763169}
Centroid: 251, 332
Processing contour#20: area: 8.0 centroid: 251, 332 rectangle: (250, 331, 4, 4)
@find_dayJSON_match_for_contour: x: 250, y: 331, w: 4, h: 4, area: 8.0
Matched with JSON#20: (251, 332, 3, 35.0, 19.8995, 0.657843)
Match with input JSON(nodules) ID: 20
Matched contour: {'x': 251, 'y': 332, 'd': 3, 'a': 35.0, 'p': 19.8995, 'e': 0.657843, 'id': 20, 'tq': 100}
JSON_entry: 20
Matched with first_id: 20 second_id: 15 name: 20230515_34
entry_id:20230515_34, entry saved to results list
created dirs at nodule_detection_path: output/crop1006/nodules-last-detected-on/2023-05-15/34/detection and nodule_images_original_path: output/crop1006/nodules-last-detected-on/2023-05-15/34
Segmented nodule image saved as output/crop1006/nodules-last-detected-on/2023-05-15/34/detection/2023-05-10.jpg
Original nodule image saved as output/crop1006/nodules-last-detected-on/2023-05-15/34/2023-05-10.jpg


@process_contour: max_id: 20230510_50
Moments: {'m00': 19.0, 'm10': 1369.3333333333333, 'm01': 5864.5, 'm20': 98717.16666666666, 'm11': 422656.6666666666, 'm02': 1810156.3333333333, 'm30': 7118764.600000001, 'm21': 30469998.416666668, 'm12': 130458968.78333333, 'm03': 558738859.25, 'mu20': 29.07309941521089, 'mu11': 1.1228070175857283, 'mu02': 32.109649122925475, 'mu30': 10.472781370393932, 'mu21': 3.737149897004201, 'mu12': -8.857787019311218, 'mu03': -5.534626007080078, 'nu20': 0.08053490142717697, 'nu11': 0.00311026874677487, 'nu02': 0.08894639646239742, 'nu30': 0.006655459345581361, 'nu21': 0.0023749611806246898, 'nu12': -0.005629129389208916, 'nu03': -0.003517258413056435}
Centroid: 72, 308
Processing contour#21: area: 19.0 centroid: 72, 308 rectangle: (70, 306, 6, 6)
@find_dayJSON_match_for_contour: x: 70, y: 306, w: 6, h: 6, area: 19.0
Matched with JSON#19: (71, 308, 4, 75.0, 30.1421, 0.212631)
Match with input JSON(nodules) ID: 19
Matched contour: {'x': 71, 'y': 308, 'd': 4, 'a': 75.0, 'p': 30.1421, 'e': 0.212631, 'id': 19, 'tq': 100}
JSON_entry: 19
Matched with first_id: 19 second_id: 13 name: 20230515_29
entry_id:20230515_29, entry saved to results list
created dirs at nodule_detection_path: output/crop1006/nodules-last-detected-on/2023-05-15/29/detection and nodule_images_original_path: output/crop1006/nodules-last-detected-on/2023-05-15/29
Segmented nodule image saved as output/crop1006/nodules-last-detected-on/2023-05-15/29/detection/2023-05-10.jpg
Original nodule image saved as output/crop1006/nodules-last-detected-on/2023-05-15/29/2023-05-10.jpg


@process_contour: max_id: 20230510_51
Moments: {'m00': 6.0, 'm10': 174.0, 'm01': 1821.0, 'm20': 5048.0, 'm11': 52809.0, 'm02': 552678.0, 'm30': 146508.0, 'm21': 1532068.0, 'm12': 16027662.0, 'm03': 167740504.5, 'mu20': 2.0, 'mu11': 0.0, 'mu02': 4.5, 'mu30': 0.0, 'mu21': 0.0, 'mu12': 0.0, 'mu03': 0.0, 'nu20': 0.05555555555555555, 'nu11': 0.0, 'nu02': 0.125, 'nu30': 0.0, 'nu21': 0.0, 'nu12': 0.0, 'nu03': 0.0}
Centroid: 29, 303
Processing contour#22: area: 6.0 centroid: 29, 303 rectangle: (28, 302, 3, 4)
@find_dayJSON_match_for_contour: x: 28, y: 302, w: 3, h: 4, area: 6.0
Matched with JSON#18: (28, 303, 2, 24.0, 16.864, 0.534733)
Match with input JSON(nodules) ID: 18
Matched contour: {'x': 28, 'y': 303, 'd': 2, 'a': 24.0, 'p': 16.864, 'e': 0.534733, 'id': 18, 'tq': 100}
JSON_entry: 18
WARNING: match is empty
entry_id:20230510_51, entry saved to results list
created dirs at nodule_detection_path: output/crop1006/nodules-last-detected-on/2023-05-10/51/detection and nodule_images_original_path: output/crop1006/nodules-last-detected-on/2023-05-10/51
Segmented nodule image saved as output/crop1006/nodules-last-detected-on/2023-05-10/51/detection/2023-05-10.jpg
Original nodule image saved as output/crop1006/nodules-last-detected-on/2023-05-10/51/2023-05-10.jpg


@process_contour: max_id: 20230510_52
Moments: {'m00': 10.0, 'm10': 331.5, 'm01': 2933.333333333333, 'm20': 10999.833333333332, 'm11': 97240.91666666666, 'm02': 860451.3333333333, 'm30': 365346.75, 'm21': 3226675.95, 'm12': 28524499.25, 'm03': 252403100.60000002, 'mu20': 10.608333333331757, 'mu11': 0.9166666666569654, 'mu02': 6.888888888992369, 'mu30': -1.0574999998207204, 'mu21': -2.6027777756389696, 'mu12': -0.22777777458540527, 'mu03': 1.3407407402992249, 'nu20': 0.10608333333331758, 'nu11': 0.009166666666569656, 'nu02': 0.0688888888899237, 'nu30': -0.0033441086250611297, 'nu21': -0.008230706014285862, 'nu12': -0.000720296568054296, 'nu03': 0.004239794491125854}
Centroid: 33, 293
Processing contour#23: area: 10.0 centroid: 33, 293 rectangle: (31, 292, 5, 4)
@find_dayJSON_match_for_contour: x: 31, y: 292, w: 5, h: 4, area: 10.0
Matched with JSON#17: (32, 292, 3, 44.0, 22.4853, 0.619383)
Match with input JSON(nodules) ID: 17
Matched contour: {'x': 32, 'y': 292, 'd': 3, 'a': 44.0, 'p': 22.4853, 'e': 0.619383, 'id': 17, 'tq': 100}
JSON_entry: 17
Matched with first_id: 17 second_id: 12 name: 20230512_18
entry_id:20230512_18, entry saved to results list
created dirs at nodule_detection_path: output/crop1006/nodules-last-detected-on/2023-05-12/18/detection and nodule_images_original_path: output/crop1006/nodules-last-detected-on/2023-05-12/18
Segmented nodule image saved as output/crop1006/nodules-last-detected-on/2023-05-12/18/detection/2023-05-10.jpg
Original nodule image saved as output/crop1006/nodules-last-detected-on/2023-05-12/18/2023-05-10.jpg


@process_contour: max_id: 20230510_53
Moments: {'m00': 26.5, 'm10': 765.1666666666666, 'm01': 6746.833333333333, 'm20': 22161.083333333332, 'm11': 194815.29166666666, 'm02': 1717774.75, 'm30': 643788.55, 'm21': 5642496.983333333, 'm12': 49602335.516666666, 'm03': 437365544.45000005, 'mu20': 67.49737945492961, 'mu11': 5.783280922449194, 'mu02': 47.95649895188399, 'mu30': 6.823449757997878, 'mu21': 6.942439644772094, 'mu12': -4.755283282628852, 'mu03': -4.662063717842102, 'nu20': 0.09611588388028423, 'nu11': 0.008235359092131283, 'nu02': 0.06828978134835739, 'nu30': 0.0018875102264004082, 'nu21': 0.0019204253406153709, 'nu12': -0.0013154117262858657, 'nu03': -0.001289625227069784}
Centroid: 28, 254
Processing contour#24: area: 26.5 centroid: 28, 254 rectangle: (26, 252, 7, 6)
@find_dayJSON_match_for_contour: x: 26, y: 252, w: 7, h: 6, area: 26.5
Matched with JSON#16: (28, 254, 5, 102.0, 36.1421, 0.60497)
Match with input JSON(nodules) ID: 16
Matched contour: {'x': 28, 'y': 254, 'd': 5, 'a': 102.0, 'p': 36.1421, 'e': 0.60497, 'id': 16, 'tq': 100}
JSON_entry: 16
Matched with first_id: 16 second_id: 10 name: 20230510_11
entry_id:20230510_11, entry saved to results list
created dirs at nodule_detection_path: output/crop1006/nodules-last-detected-on/2023-05-10/11/detection and nodule_images_original_path: output/crop1006/nodules-last-detected-on/2023-05-10/11
Segmented nodule image saved as output/crop1006/nodules-last-detected-on/2023-05-10/11/detection/2023-05-10.jpg
Original nodule image saved as output/crop1006/nodules-last-detected-on/2023-05-10/11/2023-05-10.jpg


@process_contour: max_id: 20230510_54
Moments: {'m00': 18.0, 'm10': 3255.6666666666665, 'm01': 4360.0, 'm20': 588881.3333333333, 'm11': 788593.5833333333, 'm02': 1056116.0, 'm30': 106521196.9, 'm21': 142639696.5, 'm12': 191019500.96666667, 'm03': 255827903.0, 'mu20': 27.69753086415585, 'mu11': -1.231481481459923, 'mu02': 27.11111111124046, 'mu30': -7.289528995752335, 'mu21': -3.2081618252614135, 'mu12': 5.476954736734115, 'mu03': 4.728395015001297, 'nu20': 0.08548620637085139, 'nu11': -0.003800868769938034, 'nu02': 0.08367626886185327, 'nu30': -0.005302958214560122, 'nu21': -0.0023338610923725896, 'nu12': 0.003984353739296784, 'nu03': 0.0034397944230823907}
Centroid: 180, 242
Processing contour#25: area: 18.0 centroid: 180, 242 rectangle: (178, 240, 6, 6)
@find_dayJSON_match_for_contour: x: 178, y: 240, w: 6, h: 6, area: 18.0
Matched with JSON#15: (181, 242, 4, 78.0, 30.1421, 0.210631)
Match with input JSON(nodules) ID: 15
Matched contour: {'x': 181, 'y': 242, 'd': 4, 'a': 78.0, 'p': 30.1421, 'e': 0.210631, 'id': 15, 'tq': 100}
JSON_entry: 15
Matched with first_id: 15 second_id: 11 name: 20230512_15
entry_id:20230512_15, entry saved to results list
created dirs at nodule_detection_path: output/crop1006/nodules-last-detected-on/2023-05-12/15/detection and nodule_images_original_path: output/crop1006/nodules-last-detected-on/2023-05-12/15
Segmented nodule image saved as output/crop1006/nodules-last-detected-on/2023-05-12/15/detection/2023-05-10.jpg
Original nodule image saved as output/crop1006/nodules-last-detected-on/2023-05-12/15/2023-05-10.jpg


@process_contour: max_id: 20230510_55
Moments: {'m00': 27.5, 'm10': 6815.666666666666, 'm01': 5728.333333333333, 'm20': 1689279.75, 'm11': 1419720.5416666665, 'm02': 1193284.4166666665, 'm30': 418709105.8, 'm21': 351880363.81666666, 'm12': 295745043.18333334, 'm03': 248587767.20000002, 'mu20': 68.40050505078398, 'mu11': -3.4785353534389287, 'mu02': 55.22474747477099, 'mu30': 12.24238133430481, 'mu21': -2.880609125166302, 'mu12': -10.275130029027423, 'mu03': 0.23045614361763, 'nu20': 0.09044694882748294, 'nu11': -0.0045997161698366, 'nu02': 0.07302445947077156, 'nu30': 0.0030869825072497646, 'nu21': -0.0007263611332457633, 'nu12': -0.002590929476313818, 'nu03': 5.811076003999195e-05}
Centroid: 247, 208
Processing contour#26: area: 27.5 centroid: 247, 208 rectangle: (245, 205, 7, 7)
@find_dayJSON_match_for_contour: x: 245, y: 205, w: 7, h: 7, area: 27.5
Matched with JSON#14: (247, 208, 5, 100.0, 34.9706, 0.365922)
Match with input JSON(nodules) ID: 14
Matched contour: {'x': 247, 'y': 208, 'd': 5, 'a': 100.0, 'p': 34.9706, 'e': 0.365922, 'id': 14, 'tq': 100}
JSON_entry: 14
WARNING: match is empty
entry_id:20230510_55, entry saved to results list
created dirs at nodule_detection_path: output/crop1006/nodules-last-detected-on/2023-05-10/55/detection and nodule_images_original_path: output/crop1006/nodules-last-detected-on/2023-05-10/55
Segmented nodule image saved as output/crop1006/nodules-last-detected-on/2023-05-10/55/detection/2023-05-10.jpg
Original nodule image saved as output/crop1006/nodules-last-detected-on/2023-05-10/55/2023-05-10.jpg


@process_contour: max_id: 20230510_56
Moments: {'m00': 14.5, 'm10': 3132.833333333333, 'm01': 2986.1666666666665, 'm20': 676889.0833333333, 'm11': 645182.2916666666, 'm02': 614995.75, 'm30': 146254304.45000002, 'm21': 139399674.85, 'm12': 132873881.14999999, 'm03': 126660797.05000001, 'mu20': 17.035440613050014, 'mu11': -1.3271072796778753, 'mu02': 17.035440613050014, 'mu30': -0.48989734053611755, 'mu21': -1.1823248264013273, 'mu12': 1.182324831058395, 'mu03': 0.48989740014076233, 'nu20': 0.08102468781474441, 'nu11': -0.0063120441363989305, 'nu02': 0.08102468781474441, 'nu30': -0.0006119065137052303, 'nu21': -0.0014767834048632481, 'nu12': 0.0014767834106801608, 'nu03': 0.0006119065881544411}
Centroid: 216, 205
Processing contour#27: area: 14.5 centroid: 216, 205 rectangle: (214, 204, 5, 5)
@find_dayJSON_match_for_contour: x: 214, y: 204, w: 5, h: 5, area: 14.5
Matched with JSON#13: (215, 205, 4, 61.0, 26.1421, 0.283878)
Match with input JSON(nodules) ID: 13
Matched contour: {'x': 215, 'y': 205, 'd': 4, 'a': 61.0, 'p': 26.1421, 'e': 0.283878, 'id': 13, 'tq': 100}
JSON_entry: 13
Matched with first_id: 13 second_id: 8 name: 20230512_13
entry_id:20230512_13, entry saved to results list
created dirs at nodule_detection_path: output/crop1006/nodules-last-detected-on/2023-05-12/13/detection and nodule_images_original_path: output/crop1006/nodules-last-detected-on/2023-05-12/13
Segmented nodule image saved as output/crop1006/nodules-last-detected-on/2023-05-12/13/detection/2023-05-10.jpg
Original nodule image saved as output/crop1006/nodules-last-detected-on/2023-05-12/13/2023-05-10.jpg


@process_contour: max_id: 20230510_57
Moments: {'m00': 24.5, 'm10': 5205.166666666666, 'm01': 4862.166666666666, 'm20': 1105917.4166666665, 'm11': 1032993.0416666666, 'm02': 964974.75, 'm30': 234979652.55, 'm21': 219474691.18333334, 'm12': 205013517.18333334, 'm03': 191524531.05, 'mu20': 49.660430839285254, 'mu11': -2.381235827342607, 'mu02': 49.66043083940167, 'mu30': 1.3272262811660767, 'mu21': -3.100098008288114, 'mu12': -3.1000980516473646, 'mu03': 1.3272262215614319, 'nu20': 0.08273291268518991, 'nu11': -0.00396707343164116, 'nu02': 0.08273291268538385, 'nu30': 0.0004467142041204431, 'nu21': -0.001043422537753762, 'nu12': -0.0010434225523475004, 'nu03': 0.0004467141840588742}
Centroid: 212, 198
Processing contour#28: area: 24.5 centroid: 212, 198 rectangle: (210, 196, 6, 6)
@find_dayJSON_match_for_contour: x: 210, y: 196, w: 6, h: 6, area: 24.5
Matched with JSON#12: (212, 198, 6, 129.0, 39.799, 0.301528)
Match with input JSON(nodules) ID: 12
Matched contour: {'x': 212, 'y': 198, 'd': 6, 'a': 129.0, 'p': 39.799, 'e': 0.301528, 'id': 12, 'tq': 100}
JSON_entry: 12
Matched with first_id: 12 second_id: 7 name: 20230515_17
entry_id:20230515_17, entry saved to results list
created dirs at nodule_detection_path: output/crop1006/nodules-last-detected-on/2023-05-15/17/detection and nodule_images_original_path: output/crop1006/nodules-last-detected-on/2023-05-15/17
Segmented nodule image saved as output/crop1006/nodules-last-detected-on/2023-05-15/17/detection/2023-05-10.jpg
Original nodule image saved as output/crop1006/nodules-last-detected-on/2023-05-15/17/2023-05-10.jpg


@process_contour: max_id: 20230510_58
Moments: {'m00': 14.5, 'm10': 2318.1666666666665, 'm01': 2705.1666666666665, 'm20': 370628.75, 'm11': 432483.2083333333, 'm02': 504705.4166666666, 'm30': 59258593.050000004, 'm21': 69145237.85, 'm12': 80688522.01666667, 'm03': 94167233.55000001, 'mu20': 15.18486590043176, 'mu11': -1.4257662835298106, 'mu02': 20.817049808450975, 'mu30': -1.1609151437878609, 'mu21': 1.3065112163380945, 'mu12': 0.6696371216016814, 'mu03': -0.7142246812582016, 'nu20': 0.07222290559063857, 'nu11': -0.006781290290272583, 'nu02': 0.09901093844685362, 'nu30': -0.0014500416302840986, 'nu21': 0.001631898476181426, 'nu12': 0.0008364105754860312, 'nu03': -0.0008921026887646779}
Centroid: 159, 186
Processing contour#29: area: 14.5 centroid: 159, 186 rectangle: (158, 184, 5, 6)
@find_dayJSON_match_for_contour: x: 158, y: 184, w: 5, h: 6, area: 14.5
Matched with JSON#11: (159, 186, 4, 62.0, 27.3137, 0.349552)
Match with input JSON(nodules) ID: 11
Matched contour: {'x': 159, 'y': 186, 'd': 4, 'a': 62.0, 'p': 27.3137, 'e': 0.349552, 'id': 11, 'tq': 100}
JSON_entry: 11
Matched with first_id: 11 second_id: 9 name: 20230515_15
entry_id:20230515_15, entry saved to results list
created dirs at nodule_detection_path: output/crop1006/nodules-last-detected-on/2023-05-15/15/detection and nodule_images_original_path: output/crop1006/nodules-last-detected-on/2023-05-15/15
Segmented nodule image saved as output/crop1006/nodules-last-detected-on/2023-05-15/15/detection/2023-05-10.jpg
Original nodule image saved as output/crop1006/nodules-last-detected-on/2023-05-15/15/2023-05-10.jpg


@process_contour: max_id: 20230510_59
Moments: {'m00': 13.0, 'm10': 2054.0, 'm01': 2179.333333333333, 'm20': 324548.1666666666, 'm11': 344334.6666666666, 'm02': 365357.8333333333, 'm30': 51283719.0, 'm21': 54407585.53333333, 'm12': 57726537.666666664, 'm03': 61253039.6, 'mu20': 16.16666666662786, 'mu11': 0.0, 'mu02': 12.15811965818284, 'mu30': 1.4901161193847656e-08, 'mu21': -1.9965811870956713, 'mu12': -1.5133991837501526e-09, 'mu03': 1.2947183698415756, 'nu20': 0.09566074950667375, 'nu11': 0.0, 'nu02': 0.07194153643895174, 'nu30': 2.4454665793523863e-11, 'nu21': -0.0032766389830223962, 'nu12': -2.4836769946547674e-12, 'nu03': 0.0021247944787205057}
Centroid: 158, 167
Processing contour#30: area: 13.0 centroid: 158, 167 rectangle: (156, 166, 5, 5)
@find_dayJSON_match_for_contour: x: 156, y: 166, w: 5, h: 5, area: 13.0
Matched with JSON#10: (157, 167, 4, 73.0, 29.3137, 0.388838)
Match with input JSON(nodules) ID: 10
Matched contour: {'x': 157, 'y': 167, 'd': 4, 'a': 73.0, 'p': 29.3137, 'e': 0.388838, 'id': 10, 'tq': 100}
JSON_entry: 10
WARNING: match is empty
entry_id:20230510_59, entry saved to results list
created dirs at nodule_detection_path: output/crop1006/nodules-last-detected-on/2023-05-10/59/detection and nodule_images_original_path: output/crop1006/nodules-last-detected-on/2023-05-10/59
Segmented nodule image saved as output/crop1006/nodules-last-detected-on/2023-05-10/59/detection/2023-05-10.jpg
Original nodule image saved as output/crop1006/nodules-last-detected-on/2023-05-10/59/2023-05-10.jpg


@process_contour: max_id: 20230510_60
Moments: {'m00': 21.5, 'm10': 3743.333333333333, 'm01': 2712.6666666666665, 'm20': 651788.4166666666, 'm11': 472295.875, 'm02': 342296.0833333333, 'm30': 113496611.7, 'm21': 82235605.35, 'm12': 59596022.15, 'm03': 43197149.300000004, 'mu20': 42.1634366925573, 'mu11': -2.522932816471439, 'mu02': 37.458010335918516, 'mu30': 8.44488713145256, 'mu21': -14.336236812632706, 'mu12': -8.122539718324333, 'mu03': 14.528792351484299, 'nu20': 0.09121349203365559, 'nu11': -0.005457940111349786, 'nu02': 0.08103409483162469, 'nu30': 0.003940013407353421, 'nu21': -0.0066886584004647144, 'nu12': -0.003789620262983183, 'nu03': 0.006778496357198299}
Centroid: 174, 126
Processing contour#31: area: 21.5 centroid: 174, 126 rectangle: (171, 124, 7, 6)
@find_dayJSON_match_for_contour: x: 171, y: 124, w: 7, h: 6, area: 21.5
Matched with JSON#9: (174, 125, 5, 93.0, 33.3137, 0.382451)
Match with input JSON(nodules) ID: 9
Matched contour: {'x': 174, 'y': 125, 'd': 5, 'a': 93.0, 'p': 33.3137, 'e': 0.382451, 'id': 9, 'tq': 100}
JSON_entry: 9
Matched with first_id: 9 second_id: 6 name: 20230515_12
entry_id:20230515_12, entry saved to results list
created dirs at nodule_detection_path: output/crop1006/nodules-last-detected-on/2023-05-15/12/detection and nodule_images_original_path: output/crop1006/nodules-last-detected-on/2023-05-15/12
Segmented nodule image saved as output/crop1006/nodules-last-detected-on/2023-05-15/12/detection/2023-05-10.jpg
Original nodule image saved as output/crop1006/nodules-last-detected-on/2023-05-15/12/2023-05-10.jpg


@process_contour: max_id: 20230510_61
Moments: {'m00': 20.5, 'm10': 4726.333333333333, 'm01': 1608.6666666666665, 'm20': 1089704.9166666665, 'm11': 370889.7916666666, 'm02': 126268.25, 'm30': 251250854.20000002, 'm21': 85514106.01666667, 'm12': 29112620.983333334, 'm03': 9913754.3, 'mu20': 35.31775067746639, 'mu11': 7.11415989161469, 'mu02': 33.6917344173562, 'mu30': -0.33968088030815125, 'mu21': -2.457797370669141, 'mu12': 0.1277028664080717, 'mu03': 1.9890959952026606, 'nu20': 0.08403985883989624, 'nu11': 0.016928399504139657, 'nu02': 0.08017069462785534, 'nu30': -0.00017851982387091702, 'nu21': -0.0012916992953039314, 'nu12': 6.711444341023494e-05, 'nu03': 0.0010453725461491755}
Centroid: 230, 78
Processing contour#32: area: 20.5 centroid: 230, 78 rectangle: (228, 76, 6, 6)
@find_dayJSON_match_for_contour: x: 228, y: 76, w: 6, h: 6, area: 20.5
Matched with JSON#8: (230, 78, 4, 73.0, 29.3137, 0.46477)
Match with input JSON(nodules) ID: 8
Matched contour: {'x': 230, 'y': 78, 'd': 4, 'a': 73.0, 'p': 29.3137, 'e': 0.46477, 'id': 8, 'tq': 100}
JSON_entry: 8
WARNING: match is empty
entry_id:20230510_61, entry saved to results list
created dirs at nodule_detection_path: output/crop1006/nodules-last-detected-on/2023-05-10/61/detection and nodule_images_original_path: output/crop1006/nodules-last-detected-on/2023-05-10/61
Segmented nodule image saved as output/crop1006/nodules-last-detected-on/2023-05-10/61/detection/2023-05-10.jpg
Original nodule image saved as output/crop1006/nodules-last-detected-on/2023-05-10/61/2023-05-10.jpg


@process_contour: max_id: 20230510_62
Moments: {'m00': 17.5, 'm10': 3706.5, 'm01': 1271.3333333333333, 'm20': 785057.25, 'm11': 269271.7916666666, 'm02': 92391.08333333333, 'm30': 166283834.15, 'm21': 57033978.733333334, 'm12': 19568916.966666665, 'm03': 6716599.7, 'mu20': 20.550000000046566, 'mu11': 3.391666666662786, 'mu02': 31.743650793650886, 'mu30': 3.6200000047683716, 'mu21': 1.9947619190618298, 'mu12': -7.276349202874371, 'mu03': -4.726696900092065, 'nu20': 0.06710204081647858, 'nu11': 0.011074829931960116, 'nu02': 0.10365273728539064, 'nu30': 0.002825618005870889, 'nu21': 0.0015570262951663523, 'nu12': -0.0056796086457358095, 'nu03': -0.003689458522541863}
Centroid: 211, 72
Processing contour#33: area: 17.5 centroid: 211, 72 rectangle: (210, 70, 5, 6)
@find_dayJSON_match_for_contour: x: 210, y: 70, w: 5, h: 6, area: 17.5
Matched with JSON#7: (211, 73, 5, 80.0, 30.7279, 0.348969)
Match with input JSON(nodules) ID: 7
Matched contour: {'x': 211, 'y': 73, 'd': 5, 'a': 80.0, 'p': 30.7279, 'e': 0.348969, 'id': 7, 'tq': 100}
JSON_entry: 7
WARNING: match is empty
entry_id:20230510_62, entry saved to results list
created dirs at nodule_detection_path: output/crop1006/nodules-last-detected-on/2023-05-10/62/detection and nodule_images_original_path: output/crop1006/nodules-last-detected-on/2023-05-10/62
Segmented nodule image saved as output/crop1006/nodules-last-detected-on/2023-05-10/62/detection/2023-05-10.jpg
Original nodule image saved as output/crop1006/nodules-last-detected-on/2023-05-10/62/2023-05-10.jpg


@process_contour: max_id: 20230510_63
Moments: {'m00': 16.0, 'm10': 616.0, 'm01': 1082.6666666666665, 'm20': 23743.333333333332, 'm11': 41682.666666666664, 'm02': 73277.33333333333, 'm30': 916223.0, 'm21': 1606623.7333333334, 'm12': 2821177.3333333335, 'm03': 4960723.2, 'mu20': 27.33333333333212, 'mu11': 0.0, 'mu02': 16.888888888905058, 'mu30': 1.1641532182693481e-10, 'mu21': -8.488888888589372, 'mu12': 1.0186340659856796e-10, 'mu03': 4.68148148059845, 'nu20': 0.1067708333333286, 'nu11': 0.0, 'nu02': 0.06597222222228538, 'nu30': 1.1368683772161603e-13, 'nu21': -0.008289930555263059, 'nu12': 9.947598300641403e-14, 'nu03': 0.0045717592583969235}
Centroid: 38, 67
Processing contour#34: area: 16.0 centroid: 38, 67 rectangle: (36, 66, 6, 5)
@find_dayJSON_match_for_contour: x: 36, y: 66, w: 6, h: 5, area: 16.0
Matched with JSON#5: (38, 67, 4, 61.0, 26.7279, 0.508552)
Match with input JSON(nodules) ID: 5
Matched contour: {'x': 38, 'y': 67, 'd': 4, 'a': 61.0, 'p': 26.7279, 'e': 0.508552, 'id': 5, 'tq': 100}
JSON_entry: 5
Matched with first_id: 5 second_id: 5 name: 20230515_7
entry_id:20230515_7, entry saved to results list
created dirs at nodule_detection_path: output/crop1006/nodules-last-detected-on/2023-05-15/7/detection and nodule_images_original_path: output/crop1006/nodules-last-detected-on/2023-05-15/7
Segmented nodule image saved as output/crop1006/nodules-last-detected-on/2023-05-15/7/detection/2023-05-10.jpg
Original nodule image saved as output/crop1006/nodules-last-detected-on/2023-05-15/7/2023-05-10.jpg


@process_contour: max_id: 20230510_64
Moments: {'m00': 0.0, 'm10': 0.0, 'm01': 0.0, 'm20': 0.0, 'm11': 0.0, 'm02': 0.0, 'm30': 0.0, 'm21': 0.0, 'm12': 0.0, 'm03': 0.0, 'mu20': 0.0, 'mu11': 0.0, 'mu02': 0.0, 'mu30': 0.0, 'mu21': 0.0, 'mu12': 0.0, 'mu03': 0.0, 'nu20': 0.0, 'nu11': 0.0, 'nu02': 0.0, 'nu30': 0.0, 'nu21': 0.0, 'nu12': 0.0, 'nu03': 0.0}
Skipping contour#35 because area is 0.


@process_contour: max_id: 20230510_65
Moments: {'m00': 33.0, 'm10': 4870.5, 'm01': 1814.0, 'm20': 718937.6666666666, 'm11': 267732.9166666666, 'm02': 99794.5, 'm30': 106137045.25, 'm21': 39520667.25, 'm12': 14729087.916666666, 'm03': 5494416.0, 'mu20': 96.14393939392176, 'mu11': 3.007575757568702, 'mu02': 79.46969696969609, 'mu30': 1.504132241010666, 'mu21': -6.208448119298737, 'mu12': -3.711662073768821, 'mu03': 5.725436179898679, 'nu20': 0.08828644572444606, 'nu11': 0.0027617775551595065, 'nu02': 0.07297492834682837, 'nu30': 0.00024043692815659093, 'nu21': -0.0009924261668779477, 'nu12': -0.0005933126111123424, 'nu03': 0.0009152162621861408}
Centroid: 147, 54
Processing contour#36: area: 33.0 centroid: 147, 54 rectangle: (144, 52, 8, 7)
@find_dayJSON_match_for_contour: x: 144, y: 52, w: 8, h: 7, area: 33.0
Matched with JSON#4: (147, 55, 6, 114.0, 36.3848, 0.249692)
Match with input JSON(nodules) ID: 4
Matched contour: {'x': 147, 'y': 55, 'd': 6, 'a': 114.0, 'p': 36.3848, 'e': 0.249692, 'id': 4, 'tq': 100}
JSON_entry: 4
Matched with first_id: 4 second_id: 4 name: 20230515_6
entry_id:20230515_6, entry saved to results list
created dirs at nodule_detection_path: output/crop1006/nodules-last-detected-on/2023-05-15/6/detection and nodule_images_original_path: output/crop1006/nodules-last-detected-on/2023-05-15/6
Segmented nodule image saved as output/crop1006/nodules-last-detected-on/2023-05-15/6/detection/2023-05-10.jpg
Original nodule image saved as output/crop1006/nodules-last-detected-on/2023-05-15/6/2023-05-10.jpg


@process_contour: max_id: 20230510_66
Moments: {'m00': 19.5, 'm10': 1539.6666666666665, 'm01': 805.1666666666666, 'm20': 121604.41666666666, 'm11': 63577.791666666664, 'm02': 33273.916666666664, 'm30': 9607312.8, 'm21': 5021751.266666667, 'm12': 2627556.433333333, 'm03': 1376227.55, 'mu20': 36.547720797752845, 'mu11': 4.0338319088405115, 'mu02': 28.10327635327849, 'mu30': -10.762872867286205, 'mu21': -4.852948839959936, 'mu12': 5.860251539611909, 'mu03': 6.821172717725858, 'nu20': 0.09611497908679248, 'nu11': 0.010608367939094046, 'nu02': 0.07390736713551213, 'nu30': -0.006409758721391803, 'nu21': -0.0028901420220198777, 'nu12': 0.003490034573366508, 'nu03': 0.004062304912144466}
Centroid: 78, 41
Processing contour#37: area: 19.5 centroid: 78, 41 rectangle: (76, 39, 7, 6)
@find_dayJSON_match_for_contour: x: 76, y: 39, w: 7, h: 6, area: 19.5
Matched with JSON#3: (78, 41, 4, 74.0, 30.1421, 0.291067)
Match with input JSON(nodules) ID: 3
Matched contour: {'x': 78, 'y': 41, 'd': 4, 'a': 74.0, 'p': 30.1421, 'e': 0.291067, 'id': 3, 'tq': 100}
JSON_entry: 3
Matched with first_id: 3 second_id: 2 name: 20230515_3
entry_id:20230515_3, entry saved to results list
created dirs at nodule_detection_path: output/crop1006/nodules-last-detected-on/2023-05-15/3/detection and nodule_images_original_path: output/crop1006/nodules-last-detected-on/2023-05-15/3
Segmented nodule image saved as output/crop1006/nodules-last-detected-on/2023-05-15/3/detection/2023-05-10.jpg
Original nodule image saved as output/crop1006/nodules-last-detected-on/2023-05-15/3/2023-05-10.jpg


@process_contour: max_id: 20230510_67
Moments: {'m00': 10.5, 'm10': 1400.6666666666665, 'm01': 375.66666666666663, 'm20': 186852.25, 'm11': 50110.875, 'm02': 13452.25, 'm30': 24927569.3, 'm21': 6684660.183333334, 'm12': 1794351.8499999999, 'm03': 482132.80000000005, 'mu20': 7.763227513292804, 'mu11': -1.8657407407299615, 'mu02': 11.731481481485389, 'mu30': 1.1519358269870281, 'mu21': -0.3266607887732107, 'mu12': -2.0903292188297655, 'mu03': 1.7362139915931039, 'nu20': 0.07041476202533155, 'nu11': -0.016922818510022326, 'nu02': 0.1064079952969196, 'nu30': 0.0032244454792825605, 'nu21': -0.0009143737688701262, 'nu12': -0.005851152852409533, 'nu03': 0.004859929889412629}
Centroid: 133, 35
Processing contour#38: area: 10.5 centroid: 133, 35 rectangle: (132, 34, 4, 5)
@find_dayJSON_match_for_contour: x: 132, y: 34, w: 4, h: 5, area: 10.5
Matched with JSON#2: (133, 36, 4, 59.0, 27.1421, 0.629442)
Match with input JSON(nodules) ID: 2
Matched contour: {'x': 133, 'y': 36, 'd': 4, 'a': 59.0, 'p': 27.1421, 'e': 0.629442, 'id': 2, 'tq': 100}
JSON_entry: 2
WARNING: match is empty
entry_id:20230510_67, entry saved to results list
created dirs at nodule_detection_path: output/crop1006/nodules-last-detected-on/2023-05-10/67/detection and nodule_images_original_path: output/crop1006/nodules-last-detected-on/2023-05-10/67
Segmented nodule image saved as output/crop1006/nodules-last-detected-on/2023-05-10/67/detection/2023-05-10.jpg
Original nodule image saved as output/crop1006/nodules-last-detected-on/2023-05-10/67/2023-05-10.jpg


@process_contour: max_id: 20230510_68
Moments: {'m00': 30.5, 'm10': 5663.833333333333, 'm01': 1060.6666666666665, 'm20': 1051860.75, 'm11': 196976.125, 'm02': 36949.58333333333, 'm30': 195363373.95000002, 'm21': 36583510.266666666, 'm12': 6862285.899999999, 'm03': 1289407.3, 'mu20': 89.99499089247547, 'mu11': 10.904599271423649, 'mu02': 63.885701275044994, 'mu30': -16.578967183828354, 'mu21': -3.1486015374835006, 'mu12': 10.030294026166303, 'mu03': 6.832572884857655, 'nu20': 0.0967428012818871, 'nu11': 0.011722224425072455, 'nu02': 0.0686758411986509, 'nu30': -0.0032270661921039133, 'nu21': -0.0006128696354457181, 'nu12': 0.0019523787211712619, 'nu03': 0.0013299480430432054}
Centroid: 185, 34
Processing contour#39: area: 30.5 centroid: 185, 34 rectangle: (182, 32, 8, 7)
@find_dayJSON_match_for_contour: x: 182, y: 32, w: 8, h: 7, area: 30.5
Matched with JSON#1: (185, 34, 5, 104.0, 35.5563, 0.52561)
Match with input JSON(nodules) ID: 1
Matched contour: {'x': 185, 'y': 34, 'd': 5, 'a': 104.0, 'p': 35.5563, 'e': 0.52561, 'id': 1, 'tq': 100}
JSON_entry: 1
Matched with first_id: 1 second_id: 1 name: 20230515_1
entry_id:20230515_1, entry saved to results list
created dirs at nodule_detection_path: output/crop1006/nodules-last-detected-on/2023-05-15/1/detection and nodule_images_original_path: output/crop1006/nodules-last-detected-on/2023-05-15/1
Segmented nodule image saved as output/crop1006/nodules-last-detected-on/2023-05-15/1/detection/2023-05-10.jpg
Original nodule image saved as output/crop1006/nodules-last-detected-on/2023-05-15/1/2023-05-10.jpg


@process_contour: max_id: 20230510_69
Moments: {'m00': 6.0, 'm10': 826.1666666666666, 'm01': 179.66666666666666, 'm20': 113762.83333333333, 'm11': 24738.0, 'm02': 5382.666666666666, 'm30': 15665686.15, 'm21': 3406261.55, 'm12': 741098.05, 'm03': 161338.90000000002, 'mu20': 4.273148148160544, 'mu11': -1.1018518518503697, 'mu02': 2.6481481481478113, 'mu30': -0.761779835447669, 'mu21': 0.14516460904027895, 'mu12': 0.7423868314041897, 'mu03': -0.6576131686451845, 'nu20': 0.11869855967112622, 'nu11': -0.03060699588473249, 'nu02': 0.07355967078188365, 'nu30': -0.008638758764759827, 'nu21': 0.0016462000965708032, 'nu12': 0.008418837632879015, 'nu03': -0.007457484774608906}
Centroid: 137, 29
Processing contour#40: area: 6.0 centroid: 137, 29 rectangle: (136, 28, 4, 4)
@find_dayJSON_match_for_contour: x: 136, y: 28, w: 4, h: 4, area: 6.0
Matched with JSON#0: (137, 30, 3, 31.0, 18.4853, 0.529607)
Match with input JSON(nodules) ID: 0
Matched contour: {'x': 137, 'y': 30, 'd': 3, 'a': 31.0, 'p': 18.4853, 'e': 0.529607, 'id': 0, 'tq': 100}
JSON_entry: 0
Matched with first_id: 0 second_id: 0 name: 20230515_0
entry_id:20230515_0, entry saved to results list
created dirs at nodule_detection_path: output/crop1006/nodules-last-detected-on/2023-05-15/0/detection and nodule_images_original_path: output/crop1006/nodules-last-detected-on/2023-05-15/0
Segmented nodule image saved as output/crop1006/nodules-last-detected-on/2023-05-15/0/detection/2023-05-10.jpg
Original nodule image saved as output/crop1006/nodules-last-detected-on/2023-05-15/0/2023-05-10.jpg


Done analyzing contours, found 39 nodules.


results_entry: {'date': '20230510', 'json': 'output/crop1006/20230510/20230510.json', 'log': 'output/crop1006/20230510/crop1006_20230510.log', 'image': 'data/crop1006/20230510.jpg', 'plot': 'output/crop1006/plots/20230508_20230510.png', 'match_stats': {'i_dict': {0: 10, 1: 4, 2: 16}, 'average_tracking_quality': 51.9333, 'distance_threshold': 20, 'lengths': {'matching': 30, 'unmatched_current': 12, 'unmatched_previous': 0}, 'averages': {'tq': -9.1, 'i': 1.2, 'dx': -3.4333, 'dy': -3.8333, 'dd': 0.0667, 'da': 0.9, 'dp': -0.1367, 'de': -0.0047}}}
