Current memory usage: 4281.390625 MB
@analyze_image: file_name: data/crop1016/20230505.jpg, output_dir: output/crop1016, external_logger: <Logger data_crop1016.log (DEBUG)>
Loaded image & JSON file: data/crop1016/20230505.jpg
Scaled JSON data: scalar_position: 0.5, scalar_size: 0.5

@find_prev_next_date: image_output_dir: output/crop1016/20230505
data_dir: data/crop1016
Previous date file: data/crop1016/20230503.json, Next date file: data/crop1016/20230508.jpg


Loaded prev_results from JSON file: 20230503, length: 9
Scaled JSON data: scalar_position: 0.5, scalar_size: 0.5
Loaded next_results from JSON file: 20230508, length: 15
Scaled JSON data: scalar_position: 0.5, scalar_size: 0.5
prev_results is not empty, generating matching
Current memory usage: 4281.42578125 MB
current_date:20230505, generating Matching: 20230503_20230505_matching.json
spatial_distances: (14, 9), attribute_distances: (14, 9)
combined_distances: (14, 9)
Current memory usage: 4281.42578125 MB

@find_matching: combined_distances: (14, 9), next_matching: [{'id': '20230510_0', 'p': {'id': 0, 'tq': 92.0, 'dx': 0, 'dy': 2, 'dd': 0, 'da': 0.0, 'dp': -0.59, 'de': -0.09}, 'c': {'id': 0}, 'n': {'id': 0, 'dx': 0, 'dy': -1, 'dd': 0, 'da': 24.0, 'dp': 4.24, 'de': 0.04}, 'i': 1}, {'id': '20230510_1', 'p': {'id': 1, 'tq': 88.0, 'dx': -1, 'dy': -2, 'dd': 0, 'da': 3.0, 'dp': -0.59, 'de': 0.04}, 'c': {'id': 1}, 'n': {'id': 3, 'dx': 0, 'dy': 1, 'dd': 0, 'da': 10.0, 'dp': 2.59, 'de': -0.01}, 'i': 1}, {'id': '20230519_5', 'p': {'id': 2, 'tq': 90.0, 'dx': -1, 'dy': 0, 'dd': 0, 'da': 4.0, 'dp': 2.24, 'de': -0.0}, 'c': {'id': 2}, 'n': {'id': 4, 'dx': 0, 'dy': 1, 'dd': 0, 'da': 10.0, 'dp': -0.24, 'de': -0.03}, 'i': 5}, {'id': '20230517_9', 'p': {'id': 3, 'tq': 16.0, 'dx': -2, 'dy': 1, 'dd': -2, 'da': -48.0, 'dp': -16.24, 'de': 0.24}, 'c': {'id': 4}, 'n': {'id': 6, 'dx': 2, 'dy': 0, 'dd': 0, 'da': 0.0, 'dp': -0.66, 'de': 0.21}, 'i': 4}, {'id': '20230512_11', 'p': {'id': 4, 'tq': -431.0, 'dx': -13, 'dy': -150, 'dd': 0, 'da': -3.0, 'dp': 0.0, 'de': 0.03}, 'c': {'id': 5}, 'n': {'id': 9, 'dx': 1, 'dy': 0, 'dd': 1, 'da': 59.0, 'dp': 9.66, 'de': -0.02}, 'i': 2}, {'id': '20230510_6', 'p': {'id': 9, 'tq': -1085.0, 'dx': -60, 'dy': -309, 'dd': -1, 'da': -54.0, 'dp': -12.83, 'de': -0.14}, 'c': {'id': 6}, 'n': {'id': 10, 'dx': 18, 'dy': -14, 'dd': 0, 'da': -6.0, 'dp': -1.41, 'de': -0.31}, 'i': 1}, {'id': '20230510_7', 'p': {'id': 5, 'tq': -434.0, 'dx': 94, 'dy': -114, 'dd': -1, 'da': -11.0, 'dp': -2.59, 'de': -0.34}, 'c': {'id': 7}, 'n': {'id': 14, 'dx': 0, 'dy': 0, 'dd': 2, 'da': 41.0, 'dp': 10.24, 'de': 0.09}, 'i': 1}, {'id': '20230508_7', 'p': {'id': 8, 'tq': -863.0, 'dx': -54, 'dy': -264, 'dd': 1, 'da': 13.0, 'dp': 2.17, 'de': -0.39}, 'c': {'id': 8}, 'n': {}, 'i': 0}, {'id': '20230510_8', 'p': {'id': 6, 'tq': -402.0, 'dx': 31, 'dy': -128, 'dd': 0, 'da': -27.0, 'dp': -4.83, 'de': 0.09}, 'c': {'id': 9}, 'n': {'id': 19, 'dx': 1, 'dy': 0, 'dd': 0, 'da': 33.0, 'dp': 5.41, 'de': -0.21}, 'i': 1}, {'id': '20230508_9', 'p': {'id': 10, 'tq': -781.0, 'dx': -13, 'dy': -250, 'dd': 0, 'da': 3.0, 'dp': 0.0, 'de': -0.1}, 'c': {'id': 10}, 'n': {}, 'i': 0}, {'id': '20230512_29', 'p': {'id': 7, 'tq': -78.0, 'dx': -26, 'dy': -39, 'dd': 0, 'da': 9.0, 'dp': 2.0, 'de': 0.09}, 'c': {'id': 11}, 'n': {'id': 31, 'dx': 1, 'dy': 0, 'dd': 0, 'da': -16.0, 'dp': -3.41, 'de': 0.06}, 'i': 2}, {'id': '20230508_11', 'p': {'id': 11, 'tq': 77.0, 'dx': -3, 'dy': -1, 'dd': -1, 'da': -8.0, 'dp': -0.59, 'de': 0.02}, 'c': {'id': 12}, 'n': {}, 'i': 0}, {'id': '20230508_12', 'p': {'id': 13, 'tq': -265.0, 'dx': -99, 'dy': -19, 'dd': 0, 'da': -7.0, 'dp': -3.41, 'de': -0.21}, 'c': {'id': 13}, 'n': {}, 'i': 0}, {'id': '20230508_13', 'p': {'id': 12, 'tq': -953.0, 'dx': -46, 'dy': 34, 'dd': 9, 'da': 539.0, 'dp': 181.46, 'de': 0.76}, 'c': {'id': 14}, 'n': {}, 'i': 0}], current_date_string: 20230505, distance_threshold: 20
matched entry: {'id': '20230510_0', 'p': {'id': 0, 'tq': 92.0, 'dx': 0, 'dy': 2, 'dd': 0, 'da': 0.0, 'dp': -0.59, 'de': -0.09}, 'c': {'id': 0}, 'n': {'id': 0, 'dx': 0, 'dy': -1, 'dd': 0, 'da': 24.0, 'dp': 4.24, 'de': 0.04}, 'i': 1}, len(matching): 0
matched entry: {'id': '20230510_1', 'p': {'id': 1, 'tq': 88.0, 'dx': -1, 'dy': -2, 'dd': 0, 'da': 3.0, 'dp': -0.59, 'de': 0.04}, 'c': {'id': 1}, 'n': {'id': 3, 'dx': 0, 'dy': 1, 'dd': 0, 'da': 10.0, 'dp': 2.59, 'de': -0.01}, 'i': 1}, len(matching): 1
matched entry: {'id': '20230517_9', 'p': {'id': 3, 'tq': 16.0, 'dx': -2, 'dy': 1, 'dd': -2, 'da': -48.0, 'dp': -16.24, 'de': 0.24}, 'c': {'id': 4}, 'n': {'id': 6, 'dx': 2, 'dy': 0, 'dd': 0, 'da': 0.0, 'dp': -0.66, 'de': 0.21}, 'i': 4}, len(matching): 2
tq < 0
tq < 0
tq < 0
tq < 0
tq < 0
tq < 0
i_dict: {0: 6, 2: 2, 5: 1}
tq_average: -36.7778, dx_average: -5.7778, dy_average: -21.2222, dd_average: -0.3333, da_average: -12.6667, dp_average: -3.9167, de_average: -0.1067
average_tracking_quality: 73.75
@find_matching:
Returning:
Matching(lenght=9): [{'id': '20230510_0', 'p': {'id': 1, 'tq': -165.0, 'dx': -9, 'dy': -47, 'dd': -1, 'da': -64.0, 'dp': -10.24, 'de': 0.21}, 'c': {'id': 0}, 'n': {'id': 0, 'dx': 0, 'dy': 2, 'dd': 0, 'da': 0.0, 'dp': -0.59, 'de': -0.09}, 'i': 2}, {'id': '20230510_1', 'p': {'id': 0, 'tq': 58.0, 'dx': 1, 'dy': -2, 'dd': 1, 'da': 22.0, 'dp': 5.41, 'de': -0.17}, 'c': {'id': 1}, 'n': {'id': 1, 'dx': -1, 'dy': -2, 'dd': 0, 'da': 3.0, 'dp': -0.59, 'de': 0.04}, 'i': 2}, {'id': '20230517_9', 'p': {'id': 2, 'tq': 62.0, 'dx': 2, 'dy': -2, 'dd': 1, 'da': 18.0, 'dp': 5.41, 'de': -0.12}, 'c': {'id': 3}, 'n': {'id': 4, 'dx': -2, 'dy': 1, 'dd': -2, 'da': -48.0, 'dp': -16.24, 'de': 0.24}, 'i': 5}, {'id': '20230505_3', 'p': {'id': 3, 'tq': -78.0, 'dx': -4, 'dy': -20, 'dd': -2, 'da': -70.0, 'dp': -12.0, 'de': -0.08}, 'c': {'id': 7}, 'n': {}, 'i': 0}, {'id': '20230505_4', 'p': {'id': 4, 'tq': 93.0, 'dx': -1, 'dy': 0, 'dd': 0, 'da': 2.0, 'dp': 1.41, 'de': 0.05}, 'c': {'id': 8}, 'n': {}, 'i': 0}, {'id': '20230505_5', 'p': {'id': 5, 'tq': 82.0, 'dx': 0, 'dy': 2, 'dd': 0, 'da': 7.0, 'dp': 2.59, 'de': -0.08}, 'c': {'id': 9}, 'n': {}, 'i': 0}, {'id': '20230505_6', 'p': {'id': 8, 'tq': -207.0, 'dx': -25, 'dy': -65, 'dd': -2, 'da': -37.0, 'dp': -19.62, 'de': -0.03}, 'c': {'id': 10}, 'n': {}, 'i': 0}, {'id': '20230505_7', 'p': {'id': 6, 'tq': -128.0, 'dx': -48, 'dy': -35, 'dd': 0, 'da': 13.0, 'dp': -1.76, 'de': -0.63}, 'c': {'id': 12}, 'n': {}, 'i': 0}, {'id': '20230505_8', 'p': {'id': 7, 'tq': -48.0, 'dx': 32, 'dy': -22, 'dd': 0, 'da': -5.0, 'dp': -6.45, 'de': -0.11}, 'c': {'id': 13}, 'n': {}, 'i': 0}]
Unmatched current(length=5): {2, 4, 5, 6, 11}
Unmatched previous(length=0): set()
Distance threshold: 20



@plot_data: normalized_points: (14, 2), normalized_prev_points: (9, 2), current_points: (14, 2), prev_points: (9, 2), current_data: 14, prev_data: 9, matching: 9, unmatched_current: 5, unmatched_prev: 0, combined_distances: (14, 9), distance_threshold: 20, current_date_string: 20230505, previous_date_string: 20230503, filename: output/crop1016/plots/20230503_20230505.png
Plots created
Plotted the normalized points
Drawing lines between the matched points
Plotting the unmatched points
Plotted the original points with diameter as size
Drawing lines between the matched points and add the indices to the plots with color coding
Setting the titles and labels
Done plotting

@process_image: output_dir: output/crop1016/20230505, image_name: 20230505, date_string: 20230505
len(json_data) = 14 json_data entries
len(matching) = 9 matching entries, setting max_id_i to 9
crop_dir: output/crop1016
nodules_dir: output/crop1016/nodules-last-detected-on
Split image into left and right images: (705, 300, 3), (705, 300, 3)
Converted right image to HSV: (705, 300, 3)
Created mask to detect nodules: (705, 300)

Found 14 contours in mask, processing each contour...

@process_contour: max_id: 20230505_9
Moments: {'m00': 2.0, 'm10': 457.0, 'm01': 1364.0, 'm20': 104424.66666666666, 'm11': 311674.0, 'm02': 930248.6666666666, 'm30': 23861112.5, 'm21': 71217622.66666667, 'm12': 212561820.33333334, 'm03': 634430500.0, 'mu20': 0.1666666666569654, 'mu11': 0.0, 'mu02': 0.6666666666278616, 'mu30': 7.450580596923828e-09, 'mu21': 1.1583324521780014e-08, 'mu12': 1.8801074475049973e-08, 'mu03': 1.1920928955078125e-07, 'nu20': 0.04166666666424135, 'nu11': 0.0, 'nu02': 0.1666666666569654, 'nu30': 1.3170890159654386e-09, 'nu21': 2.0476618295087677e-09, 'nu12': 3.3235918137252866e-09, 'nu03': 2.1073424255447017e-08}
Centroid: 228, 682
Processing contour#1: area: 2.0 centroid: 228, 682 rectangle: (228, 681, 2, 3)
@find_dayJSON_match_for_contour: x: 228, y: 681, w: 2, h: 3, area: 2.0
Matched with JSON#13: (229, 681, 3, 37.0, 20.4853, 0.657707)
Match with input JSON(nodules) ID: 13
Matched contour: {'x': 229, 'y': 681, 'd': 3, 'a': 37.0, 'p': 20.4853, 'e': 0.657707, 'id': 13, 'tq': 100}
JSON_entry: 13
Matched with first_id: 13 second_id: 7 name: 20230505_8
entry_id:20230505_8, entry saved to results list
WARNING: right_nodule_img.shape != (50, 50, 3) != (48, 50, 3)
@process_contour: max_id: 20230505_10
Moments: {'m00': 22.5, 'm10': 3194.1666666666665, 'm01': 15040.166666666666, 'm20': 453499.4166666666, 'm11': 2135148.375, 'm02': 10053663.416666666, 'm30': 64393199.050000004, 'm21': 303143021.51666665, 'm12': 1427250186.5166667, 'm03': 6720438266.05, 'mu20': 46.05246913578594, 'mu11': 1.751543209888041, 'mu02': 36.15617283992469, 'mu30': 2.6680841520428658, 'mu21': -0.6764288920603576, 'mu12': -2.3902836325405588, 'mu03': -0.037430763244628906, 'nu20': 0.09096784026821915, 'nu11': 0.003459838439285019, 'nu02': 0.07141960067145618, 'nu30': 0.001111074621821162, 'nu21': -0.0002816863834146393, 'nu12': -0.0009953896997727254, 'nu03': -1.5587353601519892e-05}
Centroid: 141, 668
Processing contour#2: area: 22.5 centroid: 141, 668 rectangle: (139, 666, 7, 6)
@find_dayJSON_match_for_contour: x: 139, y: 666, w: 7, h: 6, area: 22.5
Matched with JSON#12: (142, 668, 4, 66.0, 27.3137, 0.236435)
Match with input JSON(nodules) ID: 12
Matched contour: {'x': 142, 'y': 668, 'd': 4, 'a': 66.0, 'p': 27.3137, 'e': 0.236435, 'id': 12, 'tq': 100}
JSON_entry: 12
Matched with first_id: 12 second_id: 6 name: 20230505_7
entry_id:20230505_7, entry saved to results list
created dirs at nodule_detection_path: output/crop1016/nodules-last-detected-on/2023-05-05/7/detection and nodule_images_original_path: output/crop1016/nodules-last-detected-on/2023-05-05/7
Segmented nodule image saved as output/crop1016/nodules-last-detected-on/2023-05-05/7/detection/2023-05-05.jpg
Original nodule image saved as output/crop1016/nodules-last-detected-on/2023-05-05/7/2023-05-05.jpg


@process_contour: max_id: 20230505_11
Moments: {'m00': 37.5, 'm10': 5265.833333333333, 'm01': 24663.833333333332, 'm20': 739555.25, 'm11': 3463348.458333333, 'm02': 16221572.583333332, 'm30': 103882334.95, 'm21': 486406610.31666666, 'm12': 2277866890.8166666, 'm03': 10669115071.95, 'mu20': 115.23148148157634, 'mu11': -1.826851851772517, 'mu02': 114.5914814826101, 'mu30': -18.83251030743122, 'mu21': -8.003251061498304, 'mu12': 23.774971331615234, 'mu03': 1.8085575103759766, 'nu20': 0.0819423868313432, 'nu11': -0.0012990946501493456, 'nu02': 0.0814872757209672, 'nu30': -0.002186905639296534, 'nu21': -0.0009293691915405598, 'nu12': 0.002760843776557305, 'nu03': 0.00021001685669449184}
Centroid: 140, 657
Processing contour#3: area: 37.5 centroid: 140, 657 rectangle: (137, 654, 8, 8)
@find_dayJSON_match_for_contour: x: 137, y: 654, w: 8, h: 8, area: 37.5
Matched with JSON#11: (140, 658, 7, 154.0, 42.9706, 0.582853)
Match with input JSON(nodules) ID: 11
Matched contour: {'x': 140, 'y': 658, 'd': 7, 'a': 154.0, 'p': 42.9706, 'e': 0.582853, 'id': 11, 'tq': 100}
JSON_entry: 11
WARNING: match is empty
entry_id:20230505_11, entry saved to results list
created dirs at nodule_detection_path: output/crop1016/nodules-last-detected-on/2023-05-05/11/detection and nodule_images_original_path: output/crop1016/nodules-last-detected-on/2023-05-05/11
Segmented nodule image saved as output/crop1016/nodules-last-detected-on/2023-05-05/11/detection/2023-05-05.jpg
Original nodule image saved as output/crop1016/nodules-last-detected-on/2023-05-05/11/2023-05-05.jpg


@process_contour: max_id: 20230505_12
Moments: {'m00': 0.0, 'm10': 0.0, 'm01': 0.0, 'm20': 0.0, 'm11': 0.0, 'm02': 0.0, 'm30': 0.0, 'm21': 0.0, 'm12': 0.0, 'm03': 0.0, 'mu20': 0.0, 'mu11': 0.0, 'mu02': 0.0, 'mu30': 0.0, 'mu21': 0.0, 'mu12': 0.0, 'mu03': 0.0, 'nu20': 0.0, 'nu11': 0.0, 'nu02': 0.0, 'nu30': 0.0, 'nu21': 0.0, 'nu12': 0.0, 'nu03': 0.0}
Skipping contour#4 because area is 0.


@process_contour: max_id: 20230505_13
Moments: {'m00': 6.0, 'm10': 1607.3333333333333, 'm01': 3739.5, 'm20': 430588.6666666666, 'm11': 1001770.5833333333, 'm02': 2330648.5, 'm30': 115350951.60000001, 'm21': 268364430.91666666, 'm12': 624354939.95, 'm03': 1452583065.75, 'mu20': 1.9259259259561077, 'mu11': 0.08333333325572312, 'mu02': 5.125, 'mu30': 0.25020578503608704, 'mu21': -0.2314814119890798, 'mu12': -0.9805553886624239, 'mu03': -0.1875, 'nu20': 0.05349794238766965, 'nu11': 0.0023148148126589754, 'nu02': 0.1423611111111111, 'nu30': 0.002837391222365315, 'nu21': -0.0026250525199639717, 'nu12': -0.011119723920182314, 'nu03': -0.0021262931794992865}
Centroid: 267, 623
Processing contour#5: area: 6.0 centroid: 267, 623 rectangle: (267, 621, 4, 5)
@find_dayJSON_match_for_contour: x: 267, y: 621, w: 4, h: 5, area: 6.0
Matched with JSON#9: (269, 623, 5, 112.0, 38.1421, 0.651202)
Match with input JSON(nodules) ID: 9
Matched contour: {'x': 269, 'y': 623, 'd': 5, 'a': 112.0, 'p': 38.1421, 'e': 0.651202, 'id': 9, 'tq': 100}
JSON_entry: 9
Matched with first_id: 9 second_id: 5 name: 20230505_5
entry_id:20230505_5, entry saved to results list
created dirs at nodule_detection_path: output/crop1016/nodules-last-detected-on/2023-05-05/5/detection and nodule_images_original_path: output/crop1016/nodules-last-detected-on/2023-05-05/5
Segmented nodule image saved as output/crop1016/nodules-last-detected-on/2023-05-05/5/detection/2023-05-05.jpg
Original nodule image saved as output/crop1016/nodules-last-detected-on/2023-05-05/5/2023-05-05.jpg


@process_contour: max_id: 20230505_14
Moments: {'m00': 2.5, 'm10': 670.8333333333333, 'm01': 1509.6666666666665, 'm20': 180007.41666666666, 'm11': 405094.125, 'm02': 911638.25, 'm30': 48302243.45, 'm21': 108700605.26666667, 'm12': 244623215.56666666, 'm03': 550509004.8000001, 'mu20': 0.4722222222480923, 'mu11': 0.23611111112404615, 'mu02': 0.8722222222713754, 'mu30': -0.11481481790542603, 'mu21': -0.1240740719251221, 'mu12': -0.009259294524468942, 'mu03': 0.15481483936309814, 'nu20': 0.07555555555969479, 'nu11': 0.037777777779847393, 'nu02': 0.1395555555634201, 'nu30': -0.011618442678996135, 'nu21': -0.012555413307358028, 'nu12': -0.0009369747271567212, 'nu03': 0.01566616025537541}
Centroid: 268, 603
Processing contour#6: area: 2.5 centroid: 268, 603 rectangle: (267, 603, 3, 3)
@find_dayJSON_match_for_contour: x: 267, y: 603, w: 3, h: 3, area: 2.5
Matched with JSON#8: (268, 603, 2, 26.0, 18.3137, 0.70133)
Match with input JSON(nodules) ID: 8
Matched contour: {'x': 268, 'y': 603, 'd': 2, 'a': 26.0, 'p': 18.3137, 'e': 0.70133, 'id': 8, 'tq': 100}
JSON_entry: 8
Matched with first_id: 8 second_id: 4 name: 20230505_4
entry_id:20230505_4, entry saved to results list
created dirs at nodule_detection_path: output/crop1016/nodules-last-detected-on/2023-05-05/4/detection and nodule_images_original_path: output/crop1016/nodules-last-detected-on/2023-05-05/4
Segmented nodule image saved as output/crop1016/nodules-last-detected-on/2023-05-05/4/detection/2023-05-05.jpg
Original nodule image saved as output/crop1016/nodules-last-detected-on/2023-05-05/4/2023-05-05.jpg


@process_contour: max_id: 20230505_15
Moments: {'m00': 28.0, 'm10': 5166.0, 'm01': 16380.0, 'm20': 953191.3333333333, 'm11': 3022102.6666666665, 'm02': 9582363.333333332, 'm30': 175887540.0, 'm21': 557614224.0, 'm12': 1767937455.0, 'm03': 5605756650.0, 'mu20': 64.33333333325572, 'mu11': -7.333333333488554, 'mu02': 63.33333333209157, 'mu30': 2.9802322387695312e-08, 'mu21': 4.540197551250458e-08, 'mu12': 4.675239324569702e-07, 'mu03': 1.9073486328125e-06, 'nu20': 0.0820578231291527, 'nu11': -0.009353741496796623, 'nu02': 0.08078231292358617, 'nu30': 7.183813186043592e-12, 'nu21': 1.0944090400613284e-11, 'nu12': 1.1269606935605884e-10, 'nu03': 4.597640439067899e-10}
Centroid: 184, 585
Processing contour#7: area: 28.0 centroid: 184, 585 rectangle: (181, 582, 8, 7)
@find_dayJSON_match_for_contour: x: 181, y: 582, w: 8, h: 7, area: 28.0
Matched with JSON#7: (184, 585, 5, 95.0, 33.5563, 0.262762)
Match with input JSON(nodules) ID: 7
Matched contour: {'x': 184, 'y': 585, 'd': 5, 'a': 95.0, 'p': 33.5563, 'e': 0.262762, 'id': 7, 'tq': 100}
JSON_entry: 7
Matched with first_id: 7 second_id: 3 name: 20230505_3
entry_id:20230505_3, entry saved to results list
created dirs at nodule_detection_path: output/crop1016/nodules-last-detected-on/2023-05-05/3/detection and nodule_images_original_path: output/crop1016/nodules-last-detected-on/2023-05-05/3
Segmented nodule image saved as output/crop1016/nodules-last-detected-on/2023-05-05/3/detection/2023-05-05.jpg
Original nodule image saved as output/crop1016/nodules-last-detected-on/2023-05-05/3/2023-05-05.jpg


@process_contour: max_id: 20230505_16
Moments: {'m00': 35.0, 'm10': 6063.833333333333, 'm01': 16873.5, 'm20': 1050684.3333333333, 'm11': 2923371.6666666665, 'm02': 8134802.666666666, 'm30': 182071950.85000002, 'm21': 506534103.0, 'm12': 1409371627.3666666, 'm03': 3921873511.75, 'mu20': 110.77063492056914, 'mu11': -2.3833333333022892, 'mu02': 88.31666666641831, 'mu30': 5.918155759572983, 'mu21': 11.736349268794584, 'mu12': -5.201111064903671, 'mu03': -8.779999256134033, 'nu20': 0.09042500809842377, 'nu11': -0.0019455782312671748, 'nu02': 0.07209523809503535, 'nu30': 0.0008166129829141521, 'nu21': 0.0016194327378778212, 'nu12': -0.0007176720238071678, 'nu03': -0.0012115026494424305}
Centroid: 173, 482
Processing contour#8: area: 35.0 centroid: 173, 482 rectangle: (170, 479, 8, 7)
@find_dayJSON_match_for_contour: x: 170, y: 479, w: 8, h: 7, area: 35.0
Matched with JSON#6: (173, 482, 6, 141.0, 41.799, 0.386973)
Match with input JSON(nodules) ID: 6
Matched contour: {'x': 173, 'y': 482, 'd': 6, 'a': 141.0, 'p': 41.799, 'e': 0.386973, 'id': 6, 'tq': 100}
JSON_entry: 6
WARNING: match is empty
entry_id:20230505_16, entry saved to results list
created dirs at nodule_detection_path: output/crop1016/nodules-last-detected-on/2023-05-05/16/detection and nodule_images_original_path: output/crop1016/nodules-last-detected-on/2023-05-05/16
Segmented nodule image saved as output/crop1016/nodules-last-detected-on/2023-05-05/16/detection/2023-05-05.jpg
Original nodule image saved as output/crop1016/nodules-last-detected-on/2023-05-05/16/2023-05-05.jpg


@process_contour: max_id: 20230505_17
Moments: {'m00': 16.0, 'm10': 756.1666666666666, 'm01': 7016.0, 'm20': 35753.166666666664, 'm11': 331576.5833333333, 'm02': 3076543.333333333, 'm30': 1691258.1500000001, 'm21': 15677526.083333334, 'm12': 145396532.38333333, 'm03': 1349088223.0, 'mu20': 16.414930555554747, 'mu11': -2.5, 'mu02': 27.333333333022892, 'mu30': -2.9567346640396863, 'mu21': -1.1979166648634418, 'mu12': 5.05694446110283, 'mu03': 4.76837158203125e-07, 'nu20': 0.06412082248263573, 'nu11': -0.009765625, 'nu02': 0.10677083333212067, 'nu30': -0.002887436195351256, 'nu21': -0.001169840493030705, 'nu12': 0.004938422325295733, 'nu03': 4.656612873077393e-10}
Centroid: 47, 438
Processing contour#9: area: 16.0 centroid: 47, 438 rectangle: (45, 436, 5, 6)
@find_dayJSON_match_for_contour: x: 45, y: 436, w: 5, h: 6, area: 16.0
Matched with JSON#5: (47, 438, 4, 55.0, 25.3137, 0.667427)
Match with input JSON(nodules) ID: 5
Matched contour: {'x': 47, 'y': 438, 'd': 4, 'a': 55.0, 'p': 25.3137, 'e': 0.667427, 'id': 5, 'tq': 100}
JSON_entry: 5
WARNING: match is empty
entry_id:20230505_17, entry saved to results list
created dirs at nodule_detection_path: output/crop1016/nodules-last-detected-on/2023-05-05/17/detection and nodule_images_original_path: output/crop1016/nodules-last-detected-on/2023-05-05/17
Segmented nodule image saved as output/crop1016/nodules-last-detected-on/2023-05-05/17/detection/2023-05-05.jpg
Original nodule image saved as output/crop1016/nodules-last-detected-on/2023-05-05/17/2023-05-05.jpg


@process_contour: max_id: 20230505_18
Moments: {'m00': 17.5, 'm10': 2754.1666666666665, 'm01': 7503.333333333333, 'm20': 433480.9166666666, 'm11': 1180877.2083333333, 'm02': 3217166.4166666665, 'm30': 68230310.05, 'm21': 185858674.9, 'm12': 506316823.09999996, 'm03': 1379418058.7, 'mu20': 27.54365079366835, 'mu11': -4.537698412779719, 'mu02': 22.924603174440563, 'mu30': 0.8540438413619995, 'mu21': -0.3133408531793975, 'mu12': -0.3385864781394048, 'mu03': -0.43907761573791504, 'nu20': 0.08993845157116194, 'nu11': -0.01481697440907663, 'nu02': 0.07485584710021408, 'nu30': 0.0006666302908223386, 'nu21': -0.0002445805402078457, 'nu12': -0.0002642862010814634, 'nu03': -0.0003427253081131686}
Centroid: 157, 428
Processing contour#10: area: 17.5 centroid: 157, 428 rectangle: (155, 426, 6, 6)
@find_dayJSON_match_for_contour: x: 155, y: 426, w: 6, h: 6, area: 17.5
Matched with JSON#4: (157, 428, 5, 87.0, 32.1421, 0.357631)
Match with input JSON(nodules) ID: 4
Matched contour: {'x': 157, 'y': 428, 'd': 5, 'a': 87.0, 'p': 32.1421, 'e': 0.357631, 'id': 4, 'tq': 100}
JSON_entry: 4
WARNING: match is empty
entry_id:20230505_18, entry saved to results list
created dirs at nodule_detection_path: output/crop1016/nodules-last-detected-on/2023-05-05/18/detection and nodule_images_original_path: output/crop1016/nodules-last-detected-on/2023-05-05/18
Segmented nodule image saved as output/crop1016/nodules-last-detected-on/2023-05-05/18/detection/2023-05-05.jpg
Original nodule image saved as output/crop1016/nodules-last-detected-on/2023-05-05/18/2023-05-05.jpg


@process_contour: max_id: 20230505_19
Moments: {'m00': 14.0, 'm10': 1775.6666666666665, 'm01': 3158.333333333333, 'm20': 225235.0, 'm11': 400583.3333333333, 'm02': 712517.6666666666, 'm30': 28572700.900000002, 'm21': 50812291.7, 'm12': 90371618.3, 'm03': 160746328.1, 'mu20': 21.27777777783922, 'mu11': 1.3888888889341615, 'mu02': 12.70634920638986, 'mu30': -2.396296303719282, 'mu21': -4.067195769521277, 'mu12': 0.9243386233770252, 'mu03': 2.4575207829475403, 'nu20': 0.10856009070326131, 'nu11': 0.007086167800684497, 'nu02': 0.06482831227749927, 'nu30': -0.00326753635776616, 'nu21': -0.005545937716649056, 'nu12': 0.0012604075940375738, 'nu03': 0.0033510206963069033}
Centroid: 126, 225
Processing contour#11: area: 14.0 centroid: 126, 225 rectangle: (124, 224, 6, 5)
@find_dayJSON_match_for_contour: x: 124, y: 224, w: 6, h: 5, area: 14.0
Matched with JSON#3: (126, 225, 4, 62.0, 27.3137, 0.39141)
Match with input JSON(nodules) ID: 3
Matched contour: {'x': 126, 'y': 225, 'd': 4, 'a': 62.0, 'p': 27.3137, 'e': 0.39141, 'id': 3, 'tq': 100}
JSON_entry: 3
Matched with first_id: 3 second_id: 2 name: 20230517_9
entry_id:20230517_9, entry saved to results list
created dirs at nodule_detection_path: output/crop1016/nodules-last-detected-on/2023-05-17/9/detection and nodule_images_original_path: output/crop1016/nodules-last-detected-on/2023-05-17/9
Segmented nodule image saved as output/crop1016/nodules-last-detected-on/2023-05-17/9/detection/2023-05-05.jpg
Original nodule image saved as output/crop1016/nodules-last-detected-on/2023-05-17/9/2023-05-05.jpg


@process_contour: max_id: 20230505_20
Moments: {'m00': 21.5, 'm10': 4506.833333333333, 'm01': 3964.1666666666665, 'm20': 944760.5833333333, 'm11': 830973.7083333333, 'm02': 730949.9166666666, 'm30': 198056569.45000002, 'm21': 174196683.01666665, 'm12': 153223489.65, 'm03': 134786258.05, 'mu20': 37.4812661500182, 'mu11': 4.4770671834703535, 'mu02': 37.481266149901785, 'mu30': -4.160485148429871, 'mu21': -3.83085853484954, 'mu12': 3.830858528054705, 'mu03': 4.160485148429871, 'nu20': 0.0810844048675353, 'nu11': 0.009685380602423695, 'nu02': 0.08108440486728347, 'nu30': -0.0019410996275907495, 'nu21': -0.0017873103280168165, 'nu12': 0.001787310324846645, 'nu03': 0.0019410996275907495}
Centroid: 209, 184
Processing contour#12: area: 21.5 centroid: 209, 184 rectangle: (207, 182, 6, 6)
@find_dayJSON_match_for_contour: x: 207, y: 182, w: 6, h: 6, area: 21.5
Matched with JSON#2: (209, 184, 5, 97.0, 34.1421, 0.454053)
Match with input JSON(nodules) ID: 2
Matched contour: {'x': 209, 'y': 184, 'd': 5, 'a': 97.0, 'p': 34.1421, 'e': 0.454053, 'id': 2, 'tq': 100}
JSON_entry: 2
WARNING: match is empty
entry_id:20230505_20, entry saved to results list
created dirs at nodule_detection_path: output/crop1016/nodules-last-detected-on/2023-05-05/20/detection and nodule_images_original_path: output/crop1016/nodules-last-detected-on/2023-05-05/20
Segmented nodule image saved as output/crop1016/nodules-last-detected-on/2023-05-05/20/detection/2023-05-05.jpg
Original nodule image saved as output/crop1016/nodules-last-detected-on/2023-05-05/20/2023-05-05.jpg


@process_contour: max_id: 20230505_21
Moments: {'m00': 17.5, 'm10': 3161.333333333333, 'm01': 1421.0, 'm20': 571119.0833333333, 'm11': 256696.875, 'm02': 115405.75, 'm30': 103182766.7, 'm21': 46373651.45, 'm12': 20847225.15, 'm03': 9374280.6, 'mu20': 31.74365079367999, 'mu11': -3.391666666662786, 'mu02': 20.55000000000291, 'mu30': -4.726696878671646, 'mu21': 7.2763492182361915, 'mu12': 1.9947619018025762, 'mu03': -3.6200000010430813, 'nu20': 0.10365273728548567, 'nu11': -0.011074829931960116, 'nu02': 0.06710204081633603, 'nu30': -0.0036894585058219955, 'nu21': 0.005679608657726593, 'nu12': 0.0015570262816945132, 'nu03': -0.0028256180029630857}
Centroid: 180, 81
Processing contour#13: area: 17.5 centroid: 180, 81 rectangle: (178, 79, 6, 5)
@find_dayJSON_match_for_contour: x: 178, y: 79, w: 6, h: 5, area: 17.5
Matched with JSON#1: (180, 81, 5, 83.0, 32.1421, 0.323843)
Match with input JSON(nodules) ID: 1
Matched contour: {'x': 180, 'y': 81, 'd': 5, 'a': 83.0, 'p': 32.1421, 'e': 0.323843, 'id': 1, 'tq': 100}
JSON_entry: 1
Matched with first_id: 1 second_id: 0 name: 20230510_1
entry_id:20230510_1, entry saved to results list
created dirs at nodule_detection_path: output/crop1016/nodules-last-detected-on/2023-05-10/1/detection and nodule_images_original_path: output/crop1016/nodules-last-detected-on/2023-05-10/1
Segmented nodule image saved as output/crop1016/nodules-last-detected-on/2023-05-10/1/detection/2023-05-05.jpg
Original nodule image saved as output/crop1016/nodules-last-detected-on/2023-05-10/1/2023-05-05.jpg


@process_contour: max_id: 20230505_22
Moments: {'m00': 22.0, 'm10': 1476.5, 'm01': 1087.5, 'm20': 99134.16666666666, 'm11': 72993.33333333333, 'm02': 53797.166666666664, 'm30': 6658744.25, 'm21': 4901348.666666667, 'm12': 3611233.3333333335, 'm03': 2663256.75, 'mu20': 40.8825757575687, 'mu11': 7.253787878784351, 'mu02': 40.064393939392176, 'mu30': 2.2804752085357904, 'mu21': -7.091769971043277, 'mu12': -7.283574379291167, 'mu03': 4.076962810475379, 'nu20': 0.08446813173051385, 'nu11': 0.014987165038810642, 'nu02': 0.08277767342849623, 'nu30': 0.001004543281179836, 'nu21': -0.003123905863751309, 'nu12': -0.0032083951968889415, 'nu03': 0.0017958913052655656}
Centroid: 67, 49
Processing contour#14: area: 22.0 centroid: 67, 49 rectangle: (64, 47, 7, 6)
@find_dayJSON_match_for_contour: x: 64, y: 47, w: 7, h: 6, area: 22.0
Matched with JSON#0: (67, 49, 5, 83.0, 32.7279, 0.550572)
Match with input JSON(nodules) ID: 0
Matched contour: {'x': 67, 'y': 49, 'd': 5, 'a': 83.0, 'p': 32.7279, 'e': 0.550572, 'id': 0, 'tq': 100}
JSON_entry: 0
Matched with first_id: 0 second_id: 1 name: 20230510_0
entry_id:20230510_0, entry saved to results list
created dirs at nodule_detection_path: output/crop1016/nodules-last-detected-on/2023-05-10/0/detection and nodule_images_original_path: output/crop1016/nodules-last-detected-on/2023-05-10/0
Segmented nodule image saved as output/crop1016/nodules-last-detected-on/2023-05-10/0/detection/2023-05-05.jpg
Original nodule image saved as output/crop1016/nodules-last-detected-on/2023-05-10/0/2023-05-05.jpg


Done analyzing contours, found 13 nodules.


results_entry: {'date': '20230505', 'json': 'output/crop1016/20230505/20230505.json', 'log': 'output/crop1016/20230505/crop1016_20230505.log', 'image': 'data/crop1016/20230505.jpg', 'plot': 'output/crop1016/plots/20230503_20230505.png', 'match_stats': {'i_dict': {0: 6, 2: 2, 5: 1}, 'average_tracking_quality': 73.75, 'distance_threshold': 20, 'lengths': {'matching': 9, 'unmatched_current': 5, 'unmatched_previous': 0}, 'averages': {'tq': -36.7778, 'i': 1.0, 'dx': -5.7778, 'dy': -21.2222, 'dd': -0.3333, 'da': -12.6667, 'dp': -3.9167, 'de': -0.1067}}}
