@post_process: subdir: output\crop1001\nodules-last-detected-on\2023-05-10
@generate_gif: path:output\crop1001\nodules-last-detected-on\2023-05-10\0, output_name:o.gif
len_jpg_files: 1
@generate_gif: path:output\crop1001\nodules-last-detected-on\2023-05-10\0\detection, output_name:d.gif
len_jpg_files: 1
nodules_dir: output\crop1001\nodules-last-detected-on\2023-05-10\0 has 1 entries
nodules_dir: output\crop1001\nodules-last-detected-on\2023-05-10\0 has less than 2 entries, skipping
@generate_gif: path:output\crop1001\nodules-last-detected-on\2023-05-10\100, output_name:o.gif
len_jpg_files: 1
@generate_gif: path:output\crop1001\nodules-last-detected-on\2023-05-10\100\detection, output_name:d.gif
len_jpg_files: 1
nodules_dir: output\crop1001\nodules-last-detected-on\2023-05-10\100 has 1 entries
nodules_dir: output\crop1001\nodules-last-detected-on\2023-05-10\100 has less than 2 entries, skipping
@generate_gif: path:output\crop1001\nodules-last-detected-on\2023-05-10\104, output_name:o.gif
len_jpg_files: 1
@generate_gif: path:output\crop1001\nodules-last-detected-on\2023-05-10\104\detection, output_name:d.gif
len_jpg_files: 1
nodules_dir: output\crop1001\nodules-last-detected-on\2023-05-10\104 has 1 entries
nodules_dir: output\crop1001\nodules-last-detected-on\2023-05-10\104 has less than 2 entries, skipping
@generate_gif: path:output\crop1001\nodules-last-detected-on\2023-05-10\108, output_name:o.gif
len_jpg_files: 1
@generate_gif: path:output\crop1001\nodules-last-detected-on\2023-05-10\108\detection, output_name:d.gif
len_jpg_files: 1
nodules_dir: output\crop1001\nodules-last-detected-on\2023-05-10\108 has 1 entries
nodules_dir: output\crop1001\nodules-last-detected-on\2023-05-10\108 has less than 2 entries, skipping
@generate_gif: path:output\crop1001\nodules-last-detected-on\2023-05-10\117, output_name:o.gif
len_jpg_files: 1
@generate_gif: path:output\crop1001\nodules-last-detected-on\2023-05-10\117\detection, output_name:d.gif
len_jpg_files: 1
nodules_dir: output\crop1001\nodules-last-detected-on\2023-05-10\117 has 1 entries
nodules_dir: output\crop1001\nodules-last-detected-on\2023-05-10\117 has less than 2 entries, skipping
@generate_gif: path:output\crop1001\nodules-last-detected-on\2023-05-10\120, output_name:o.gif
len_jpg_files: 1
@generate_gif: path:output\crop1001\nodules-last-detected-on\2023-05-10\120\detection, output_name:d.gif
len_jpg_files: 1
nodules_dir: output\crop1001\nodules-last-detected-on\2023-05-10\120 has 1 entries
nodules_dir: output\crop1001\nodules-last-detected-on\2023-05-10\120 has less than 2 entries, skipping
@generate_gif: path:output\crop1001\nodules-last-detected-on\2023-05-10\123, output_name:o.gif
len_jpg_files: 1
@generate_gif: path:output\crop1001\nodules-last-detected-on\2023-05-10\123\detection, output_name:d.gif
len_jpg_files: 1
nodules_dir: output\crop1001\nodules-last-detected-on\2023-05-10\123 has 1 entries
nodules_dir: output\crop1001\nodules-last-detected-on\2023-05-10\123 has less than 2 entries, skipping
@generate_gif: path:output\crop1001\nodules-last-detected-on\2023-05-10\125, output_name:o.gif
len_jpg_files: 1
@generate_gif: path:output\crop1001\nodules-last-detected-on\2023-05-10\125\detection, output_name:d.gif
len_jpg_files: 1
nodules_dir: output\crop1001\nodules-last-detected-on\2023-05-10\125 has 1 entries
nodules_dir: output\crop1001\nodules-last-detected-on\2023-05-10\125 has less than 2 entries, skipping
@generate_gif: path:output\crop1001\nodules-last-detected-on\2023-05-10\126, output_name:o.gif
len_jpg_files: 1
@generate_gif: path:output\crop1001\nodules-last-detected-on\2023-05-10\126\detection, output_name:d.gif
len_jpg_files: 1
nodules_dir: output\crop1001\nodules-last-detected-on\2023-05-10\126 has 1 entries
nodules_dir: output\crop1001\nodules-last-detected-on\2023-05-10\126 has less than 2 entries, skipping
@generate_gif: path:output\crop1001\nodules-last-detected-on\2023-05-10\127, output_name:o.gif
len_jpg_files: 3
@generate_gif: path:output\crop1001\nodules-last-detected-on\2023-05-10\127\detection, output_name:d.gif
len_jpg_files: 3
nodules_dir: output\crop1001\nodules-last-detected-on\2023-05-10\127 has 3 entries
nodules_dir: output\crop1001\nodules-last-detected-on\2023-05-10\127 has 3 entries


Plotting date: 2023-05-10

@check_overlap_helper: existing_positions:[], x:134, y:674, offset_increment:{'x': 3.4375, 'y': 0.1833333333333308}, xlim:(131.75, 159.25), ylim:(670.85, 674.15), i:0
returning: (134, 674), modified:False


Plotting date: 2023-05-08

@check_overlap_helper: existing_positions:[(134, 674)], x:133, y:671, offset_increment:{'x': 3.4375, 'y': 0.1833333333333308}, xlim:(131.75, 159.25), ylim:(670.85, 674.15), i:0
returning: (133, 671), modified:False


Plotting date: 2023-05-05

@check_overlap_helper: existing_positions:[(134, 674), (133, 671)], x:158, y:672, offset_increment:{'x': 3.4375, 'y': 0.1833333333333308}, xlim:(131.75, 159.25), ylim:(670.85, 674.15), i:0
returning: (158, 672), modified:False
@generate_gif: path:output\crop1001\nodules-last-detected-on\2023-05-10\18, output_name:o.gif
len_jpg_files: 1
@generate_gif: path:output\crop1001\nodules-last-detected-on\2023-05-10\18\detection, output_name:d.gif
len_jpg_files: 1
nodules_dir: output\crop1001\nodules-last-detected-on\2023-05-10\18 has 1 entries
nodules_dir: output\crop1001\nodules-last-detected-on\2023-05-10\18 has less than 2 entries, skipping
@generate_gif: path:output\crop1001\nodules-last-detected-on\2023-05-10\25, output_name:o.gif
len_jpg_files: 3
@generate_gif: path:output\crop1001\nodules-last-detected-on\2023-05-10\25\detection, output_name:d.gif
len_jpg_files: 3
nodules_dir: output\crop1001\nodules-last-detected-on\2023-05-10\25 has 3 entries
nodules_dir: output\crop1001\nodules-last-detected-on\2023-05-10\25 has 3 entries


Plotting date: 2023-05-10

@check_overlap_helper: existing_positions:[], x:180, y:87, offset_increment:{'x': 2.0625, 'y': 0.7333333333333327}, xlim:(167.25, 183.75), ylim:(86.4, 99.6), i:0
returning: (180, 87), modified:False


Plotting date: 2023-05-08

@check_overlap_helper: existing_positions:[(180, 87)], x:183, y:99, offset_increment:{'x': 2.0625, 'y': 0.7333333333333327}, xlim:(167.25, 183.75), ylim:(86.4, 99.6), i:0
returning: (183, 99), modified:False


Plotting date: 2023-05-05

@check_overlap_helper: existing_positions:[(180, 87), (183, 99)], x:168, y:96, offset_increment:{'x': 2.0625, 'y': 0.7333333333333327}, xlim:(167.25, 183.75), ylim:(86.4, 99.6), i:0
returning: (168, 96), modified:False
@generate_gif: path:output\crop1001\nodules-last-detected-on\2023-05-10\29, output_name:o.gif
len_jpg_files: 3
@generate_gif: path:output\crop1001\nodules-last-detected-on\2023-05-10\29\detection, output_name:d.gif
len_jpg_files: 3
nodules_dir: output\crop1001\nodules-last-detected-on\2023-05-10\29 has 3 entries
nodules_dir: output\crop1001\nodules-last-detected-on\2023-05-10\29 has 3 entries


Plotting date: 2023-05-10

@check_overlap_helper: existing_positions:[], x:133, y:103, offset_increment:{'x': 0.13750000000000284, 'y': 0.6294444444444451}, xlim:(132.95, 134.05), ylim:(97.335, 108.665), i:0
returning: (133, 103), modified:False


Plotting date: 2023-05-08

@check_overlap_helper: existing_positions:[(133, 103)], x:133, y:103, offset_increment:{'x': 0.13750000000000284, 'y': 0.6294444444444451}, xlim:(132.95, 134.05), ylim:(97.335, 108.665), i:0
returning: (133.1375, 103), modified:True, original:(133, 103)


Plotting date: 2023-05-05

@check_overlap_helper: existing_positions:[(133, 103), (133.1375, 103)], x:134, y:103, offset_increment:{'x': 0.13750000000000284, 'y': 0.6294444444444451}, xlim:(132.95, 134.05), ylim:(97.335, 108.665), i:0
returning: (134, 103), modified:False
@generate_gif: path:output\crop1001\nodules-last-detected-on\2023-05-10\4, output_name:o.gif
len_jpg_files: 1
@generate_gif: path:output\crop1001\nodules-last-detected-on\2023-05-10\4\detection, output_name:d.gif
len_jpg_files: 1
nodules_dir: output\crop1001\nodules-last-detected-on\2023-05-10\4 has 1 entries
nodules_dir: output\crop1001\nodules-last-detected-on\2023-05-10\4 has less than 2 entries, skipping
@generate_gif: path:output\crop1001\nodules-last-detected-on\2023-05-10\43, output_name:o.gif
len_jpg_files: 1
@generate_gif: path:output\crop1001\nodules-last-detected-on\2023-05-10\43\detection, output_name:d.gif
len_jpg_files: 1
nodules_dir: output\crop1001\nodules-last-detected-on\2023-05-10\43 has 1 entries
nodules_dir: output\crop1001\nodules-last-detected-on\2023-05-10\43 has less than 2 entries, skipping
@generate_gif: path:output\crop1001\nodules-last-detected-on\2023-05-10\45, output_name:o.gif
len_jpg_files: 3
@generate_gif: path:output\crop1001\nodules-last-detected-on\2023-05-10\45\detection, output_name:d.gif
len_jpg_files: 3
nodules_dir: output\crop1001\nodules-last-detected-on\2023-05-10\45 has 3 entries
nodules_dir: output\crop1001\nodules-last-detected-on\2023-05-10\45 has 3 entries


Plotting date: 2023-05-10

@check_overlap_helper: existing_positions:[], x:152, y:134, offset_increment:{'x': 0.6875, 'y': 1.2833333333333345}, xlim:(146.75, 152.25), ylim:(132.95, 156.05), i:0
returning: (152, 134), modified:False


Plotting date: 2023-05-08

@check_overlap_helper: existing_positions:[(152, 134)], x:152, y:135, offset_increment:{'x': 0.6875, 'y': 1.2833333333333345}, xlim:(146.75, 152.25), ylim:(132.95, 156.05), i:0
returning: (152, 135), modified:False


Plotting date: 2023-05-05

@check_overlap_helper: existing_positions:[(152, 134), (152, 135)], x:147, y:155, offset_increment:{'x': 0.6875, 'y': 1.2833333333333345}, xlim:(146.75, 152.25), ylim:(132.95, 156.05), i:0
returning: (147, 155), modified:False
@generate_gif: path:output\crop1001\nodules-last-detected-on\2023-05-10\55, output_name:o.gif
len_jpg_files: 1
@generate_gif: path:output\crop1001\nodules-last-detected-on\2023-05-10\55\detection, output_name:d.gif
len_jpg_files: 1
nodules_dir: output\crop1001\nodules-last-detected-on\2023-05-10\55 has 1 entries
nodules_dir: output\crop1001\nodules-last-detected-on\2023-05-10\55 has less than 2 entries, skipping
@generate_gif: path:output\crop1001\nodules-last-detected-on\2023-05-10\65, output_name:o.gif
len_jpg_files: 1
@generate_gif: path:output\crop1001\nodules-last-detected-on\2023-05-10\65\detection, output_name:d.gif
len_jpg_files: 1
nodules_dir: output\crop1001\nodules-last-detected-on\2023-05-10\65 has 1 entries
nodules_dir: output\crop1001\nodules-last-detected-on\2023-05-10\65 has less than 2 entries, skipping
@generate_gif: path:output\crop1001\nodules-last-detected-on\2023-05-10\68, output_name:o.gif
len_jpg_files: 1
@generate_gif: path:output\crop1001\nodules-last-detected-on\2023-05-10\68\detection, output_name:d.gif
len_jpg_files: 1
nodules_dir: output\crop1001\nodules-last-detected-on\2023-05-10\68 has 1 entries
nodules_dir: output\crop1001\nodules-last-detected-on\2023-05-10\68 has less than 2 entries, skipping
@generate_gif: path:output\crop1001\nodules-last-detected-on\2023-05-10\73, output_name:o.gif
len_jpg_files: 1
@generate_gif: path:output\crop1001\nodules-last-detected-on\2023-05-10\73\detection, output_name:d.gif
len_jpg_files: 1
nodules_dir: output\crop1001\nodules-last-detected-on\2023-05-10\73 has 1 entries
nodules_dir: output\crop1001\nodules-last-detected-on\2023-05-10\73 has less than 2 entries, skipping
@generate_gif: path:output\crop1001\nodules-last-detected-on\2023-05-10\79, output_name:o.gif
len_jpg_files: 1
@generate_gif: path:output\crop1001\nodules-last-detected-on\2023-05-10\79\detection, output_name:d.gif
len_jpg_files: 1
nodules_dir: output\crop1001\nodules-last-detected-on\2023-05-10\79 has 1 entries
nodules_dir: output\crop1001\nodules-last-detected-on\2023-05-10\79 has less than 2 entries, skipping
@generate_gif: path:output\crop1001\nodules-last-detected-on\2023-05-10\8, output_name:o.gif
len_jpg_files: 1
@generate_gif: path:output\crop1001\nodules-last-detected-on\2023-05-10\8\detection, output_name:d.gif
len_jpg_files: 1
nodules_dir: output\crop1001\nodules-last-detected-on\2023-05-10\8 has 1 entries
nodules_dir: output\crop1001\nodules-last-detected-on\2023-05-10\8 has less than 2 entries, skipping
@generate_gif: path:output\crop1001\nodules-last-detected-on\2023-05-10\88, output_name:o.gif
len_jpg_files: 1
@generate_gif: path:output\crop1001\nodules-last-detected-on\2023-05-10\88\detection, output_name:d.gif
len_jpg_files: 1
nodules_dir: output\crop1001\nodules-last-detected-on\2023-05-10\88 has 1 entries
nodules_dir: output\crop1001\nodules-last-detected-on\2023-05-10\88 has less than 2 entries, skipping
@generate_gif: path:output\crop1001\nodules-last-detected-on\2023-05-10\89, output_name:o.gif
len_jpg_files: 1
@generate_gif: path:output\crop1001\nodules-last-detected-on\2023-05-10\89\detection, output_name:d.gif
len_jpg_files: 1
nodules_dir: output\crop1001\nodules-last-detected-on\2023-05-10\89 has 1 entries
nodules_dir: output\crop1001\nodules-last-detected-on\2023-05-10\89 has less than 2 entries, skipping
@generate_gif: path:output\crop1001\nodules-last-detected-on\2023-05-10\90, output_name:o.gif
len_jpg_files: 1
@generate_gif: path:output\crop1001\nodules-last-detected-on\2023-05-10\90\detection, output_name:d.gif
len_jpg_files: 1
nodules_dir: output\crop1001\nodules-last-detected-on\2023-05-10\90 has 1 entries
nodules_dir: output\crop1001\nodules-last-detected-on\2023-05-10\90 has less than 2 entries, skipping
@generate_gif: path:output\crop1001\nodules-last-detected-on\2023-05-10\91, output_name:o.gif
len_jpg_files: 1
@generate_gif: path:output\crop1001\nodules-last-detected-on\2023-05-10\91\detection, output_name:d.gif
len_jpg_files: 1
nodules_dir: output\crop1001\nodules-last-detected-on\2023-05-10\91 has 1 entries
nodules_dir: output\crop1001\nodules-last-detected-on\2023-05-10\91 has less than 2 entries, skipping
@generate_gif: path:output\crop1001\nodules-last-detected-on\2023-05-10\92, output_name:o.gif
len_jpg_files: 1
@generate_gif: path:output\crop1001\nodules-last-detected-on\2023-05-10\92\detection, output_name:d.gif
len_jpg_files: 1
nodules_dir: output\crop1001\nodules-last-detected-on\2023-05-10\92 has 1 entries
nodules_dir: output\crop1001\nodules-last-detected-on\2023-05-10\92 has less than 2 entries, skipping
@generate_gif: path:output\crop1001\nodules-last-detected-on\2023-05-10\94, output_name:o.gif
len_jpg_files: 1
@generate_gif: path:output\crop1001\nodules-last-detected-on\2023-05-10\94\detection, output_name:d.gif
len_jpg_files: 1
nodules_dir: output\crop1001\nodules-last-detected-on\2023-05-10\94 has 1 entries
nodules_dir: output\crop1001\nodules-last-detected-on\2023-05-10\94 has less than 2 entries, skipping
@post_process: output\crop1001\nodules-last-detected-on\2023-05-10, 28 nodules, took 3.14s
