Current memory usage: 2582.66796875 MB
@analyze_image: file_name: data/crop987/20230505.jpg, output_dir: output/crop987, external_logger: <Logger data_crop987.log (DEBUG)>
Loaded image & JSON file: data/crop987/20230505.jpg
Scaled JSON data: scalar_position: 0.5, scalar_size: 0.5

@find_prev_next_date: image_output_dir: output/crop987/20230505
data_dir: data/crop987
Previous date file: data/crop987/20230503.json, Next date file: data/crop987/20230508.jpg


Loaded prev_results from JSON file: 20230503, length: 25
Scaled JSON data: scalar_position: 0.5, scalar_size: 0.5
Loaded next_results from JSON file: 20230508, length: 110
Scaled JSON data: scalar_position: 0.5, scalar_size: 0.5
prev_results is not empty, generating matching
Current memory usage: 2583.89453125 MB
current_date:20230505, generating Matching: 20230503_20230505_matching.json
spatial_distances: (50, 25), attribute_distances: (50, 25)
combined_distances: (50, 25)
Current memory usage: 2583.89453125 MB

@find_matching: combined_distances: (50, 25), next_matching: [{'id': '20230512_7', 'p': {'id': 0, 'tq': 21.0, 'dx': 12, 'dy': 1, 'dd': -1, 'da': -24.0, 'dp': -4.0, 'de': 0.12}, 'c': {'id': 1}, 'n': {'id': 5, 'dx': 0, 'dy': 12, 'dd': 1, 'da': 4.0, 'dp': 1.41, 'de': -0.08}, 'i': 2}, {'id': '20230508_1', 'p': {'id': 1, 'tq': -105.0, 'dx': -1, 'dy': 2, 'dd': 2, 'da': 131.0, 'dp': 14.14, 'de': 0.01}, 'c': {'id': 2}, 'n': {}, 'i': 0}, {'id': '20230526_5', 'p': {'id': 2, 'tq': 41.0, 'dx': 0, 'dy': 1, 'dd': 1, 'da': 36.0, 'dp': 8.24, 'de': 0.01}, 'c': {'id': 3}, 'n': {'id': 6, 'dx': -8, 'dy': 2, 'dd': 0, 'da': -9.0, 'dp': -2.24, 'de': -0.05}, 'i': 8}, {'id': '20230510_4', 'p': {'id': 3, 'tq': 49.0, 'dx': 0, 'dy': 1, 'dd': 0, 'da': 31.0, 'dp': 6.24, 'de': -0.16}, 'c': {'id': 4}, 'n': {'id': 4, 'dx': 0, 'dy': 1, 'dd': 0, 'da': -9.0, 'dp': -0.83, 'de': -0.13}, 'i': 1}, {'id': '20230607_5', 'p': {'id': 5, 'tq': -70.0, 'dx': 16, 'dy': -8, 'dd': 2, 'da': 70.0, 'dp': 14.49, 'de': -0.16}, 'c': {'id': 5}, 'n': {'id': 7, 'dx': 1, 'dy': 1, 'dd': 0, 'da': 29.0, 'dp': 5.17, 'de': 0.15}, 'i': 13}, {'id': '20230515_8', 'p': {'id': 4, 'tq': -20.0, 'dx': -1, 'dy': 1, 'dd': 1, 'da': 76.0, 'dp': 12.41, 'de': 0.01}, 'c': {'id': 7}, 'n': {'id': 8, 'dx': 1, 'dy': 2, 'dd': 0, 'da': 19.0, 'dp': -0.76, 'de': -0.04}, 'i': 3}, {'id': '20230515_11', 'p': {'id': 6, 'tq': 70.0, 'dx': 0, 'dy': 0, 'dd': 0, 'da': 20.0, 'dp': 3.41, 'de': -0.05}, 'c': {'id': 8}, 'n': {'id': 9, 'dx': 1, 'dy': 1, 'dd': 1, 'da': 20.0, 'dp': 2.0, 'de': 0.01}, 'i': 3}, {'id': '20230607_8', 'p': {'id': 7, 'tq': 83.0, 'dx': -1, 'dy': 0, 'dd': 0, 'da': 9.0, 'dp': 0.0, 'de': 0.04}, 'c': {'id': 11}, 'n': {'id': 12, 'dx': 1, 'dy': 1, 'dd': 1, 'da': 25.0, 'dp': 3.66, 'de': 0.0}, 'i': 13}, {'id': '20230607_9', 'p': {'id': 10, 'tq': -5.0, 'dx': 1, 'dy': -18, 'dd': 0, 'da': 27.0, 'dp': 6.0, 'de': 0.05}, 'c': {'id': 12}, 'n': {'id': 13, 'dx': 2, 'dy': 1, 'dd': 1, 'da': 24.0, 'dp': 2.83, 'de': 0.07}, 'i': 13}, {'id': '20230510_14', 'p': {'id': 8, 'tq': 64.0, 'dx': -2, 'dy': 6, 'dd': 1, 'da': 9.0, 'dp': 0.83, 'de': 0.09}, 'c': {'id': 13}, 'n': {'id': 15, 'dx': 1, 'dy': 6, 'dd': -2, 'da': -37.0, 'dp': -8.0, 'de': -0.17}, 'i': 1}, {'id': '20230510_16', 'p': {'id': 9, 'tq': 32.0, 'dx': 0, 'dy': 0, 'dd': 1, 'da': 45.0, 'dp': 6.83, 'de': 0.1}, 'c': {'id': 15}, 'n': {'id': 17, 'dx': 1, 'dy': 1, 'dd': 1, 'da': 25.0, 'dp': 4.0, 'de': 0.04}, 'i': 1}, {'id': '20230508_11', 'p': {'id': 11, 'tq': 6.0, 'dx': -1, 'dy': -1, 'dd': 2, 'da': 58.0, 'dp': 11.41, 'de': 0.14}, 'c': {'id': 17}, 'n': {}, 'i': 0}, {'id': '20230508_12', 'p': {'id': 14, 'tq': 52.0, 'dx': 0, 'dy': -1, 'dd': 1, 'da': 29.0, 'dp': 7.07, 'de': 0.13}, 'c': {'id': 19}, 'n': {}, 'i': 0}, {'id': '20230517_22', 'p': {'id': 15, 'tq': 53.0, 'dx': -9, 'dy': -3, 'dd': 0, 'da': -9.0, 'dp': -2.24, 'de': -0.22}, 'c': {'id': 20}, 'n': {'id': 21, 'dx': 0, 'dy': 1, 'dd': -2, 'da': -61.0, 'dp': -12.83, 'de': 0.16}, 'i': 4}, {'id': '20230605_22', 'p': {'id': 16, 'tq': 57.0, 'dx': -1, 'dy': -1, 'dd': 0, 'da': 25.0, 'dp': 3.66, 'de': -0.03}, 'c': {'id': 22}, 'n': {'id': 25, 'dx': 2, 'dy': 2, 'dd': 1, 'da': 24.0, 'dp': 4.59, 'de': 0.04}, 'i': 12}, {'id': '20230607_23', 'p': {'id': 13, 'tq': -13.0, 'dx': 3, 'dy': 24, 'dd': -1, 'da': -17.0, 'dp': -8.59, 'de': -0.12}, 'c': {'id': 23}, 'n': {'id': 27, 'dx': 2, 'dy': 2, 'dd': 1, 'da': 27.0, 'dp': 3.41, 'de': -0.05}, 'i': 13}, {'id': '20230607_18', 'p': {'id': 12, 'tq': -21.0, 'dx': 8, 'dy': 31, 'dd': 0, 'da': 6.0, 'dp': 0.0, 'de': -0.14}, 'c': {'id': 24}, 'n': {'id': 28, 'dx': 1, 'dy': 2, 'dd': 0, 'da': 34.0, 'dp': 4.83, 'de': 0.11}, 'i': 13}, {'id': '20230602_28', 'p': {'id': 19, 'tq': 56.0, 'dx': 11, 'dy': 3, 'dd': 0, 'da': 3.0, 'dp': 0.59, 'de': -0.08}, 'c': {'id': 28}, 'n': {'id': 32, 'dx': 1, 'dy': 1, 'dd': 0, 'da': 28.0, 'dp': 4.24, 'de': -0.13}, 'i': 11}, {'id': '20230605_29', 'p': {'id': 18, 'tq': 23.0, 'dx': -18, 'dy': 7, 'dd': 0, 'da': 6.0, 'dp': 0.83, 'de': -0.0}, 'c': {'id': 29}, 'n': {'id': 33, 'dx': 1, 'dy': 2, 'dd': 1, 'da': 29.0, 'dp': 6.0, 'de': -0.09}, 'i': 12}, {'id': '20230524_40', 'p': {'id': 17, 'tq': 29.0, 'dx': -5, 'dy': 18, 'dd': 0, 'da': 3.0, 'dp': 2.0, 'de': 0.05}, 'c': {'id': 30}, 'n': {'id': 34, 'dx': 1, 'dy': 2, 'dd': 0, 'da': -5.0, 'dp': -1.66, 'de': -0.05}, 'i': 7}, {'id': '20230517_45', 'p': {'id': 21, 'tq': 27.0, 'dx': 10, 'dy': 0, 'dd': -1, 'da': -25.0, 'dp': 2.83, 'de': 0.12}, 'c': {'id': 31}, 'n': {'id': 39, 'dx': -12, 'dy': 13, 'dd': 0, 'da': 10.0, 'dp': -6.24, 'de': -0.52}, 'i': 4}, {'id': '20230524_45', 'p': {'id': 22, 'tq': 54.0, 'dx': -1, 'dy': -1, 'dd': 1, 'da': 27.0, 'dp': 5.07, 'de': -0.06}, 'c': {'id': 33}, 'n': {'id': 38, 'dx': 1, 'dy': 2, 'dd': 0, 'da': 16.0, 'dp': 3.17, 'de': 0.0}, 'i': 7}, {'id': '20230508_22', 'p': {'id': 20, 'tq': -0.0, 'dx': -23, 'dy': 13, 'dd': 0, 'da': -5.0, 'dp': -1.17, 'de': 0.23}, 'c': {'id': 34}, 'n': {}, 'i': 0}, {'id': '20230607_36', 'p': {'id': 23, 'tq': 44.0, 'dx': -15, 'dy': 0, 'dd': 0, 'da': 2.0, 'dp': 0.24, 'de': -0.13}, 'c': {'id': 37}, 'n': {'id': 43, 'dx': 1, 'dy': 2, 'dd': 1, 'da': 41.0, 'dp': 7.41, 'de': -0.09}, 'i': 13}, {'id': '20230605_54', 'p': {'id': 25, 'tq': 39.0, 'dx': 16, 'dy': 3, 'dd': 0, 'da': 3.0, 'dp': 0.21, 'de': -0.17}, 'c': {'id': 43}, 'n': {'id': 48, 'dx': -16, 'dy': -2, 'dd': 1, 'da': 24.0, 'dp': 9.07, 'de': -0.09}, 'i': 12}, {'id': '20230607_43', 'p': {'id': 30, 'tq': 34.0, 'dx': 5, 'dy': -16, 'dd': 0, 'da': 5.0, 'dp': 0.24, 'de': 0.25}, 'c': {'id': 44}, 'n': {'id': 51, 'dx': 1, 'dy': 2, 'dd': 1, 'da': 44.0, 'dp': 7.07, 'de': -0.05}, 'i': 13}, {'id': '20230508_26', 'p': {'id': 27, 'tq': 1.0, 'dx': -2, 'dy': 0, 'dd': 2, 'da': 60.0, 'dp': 12.49, 'de': 0.15}, 'c': {'id': 45}, 'n': {}, 'i': 0}, {'id': '20230522_58', 'p': {'id': 28, 'tq': 29.0, 'dx': -1, 'dy': 0, 'dd': 1, 'da': 44.0, 'dp': 8.0, 'de': -0.09}, 'c': {'id': 46}, 'n': {'id': 52, 'dx': 1, 'dy': 1, 'dd': 0, 'da': 26.0, 'dp': 4.24, 'de': -0.09}, 'i': 6}, {'id': '20230508_28', 'p': {'id': 31, 'tq': 36.0, 'dx': -2, 'dy': -16, 'dd': 0, 'da': 5.0, 'dp': 0.24, 'de': -0.15}, 'c': {'id': 47}, 'n': {}, 'i': 0}, {'id': '20230524_51', 'p': {'id': 26, 'tq': 26.0, 'dx': -5, 'dy': 7, 'dd': 1, 'da': 29.0, 'dp': 5.07, 'de': -0.09}, 'c': {'id': 48}, 'n': {'id': 44, 'dx': 8, 'dy': -18, 'dd': 0, 'da': 12.0, 'dp': 1.76, 'de': -0.13}, 'i': 7}, {'id': '20230519_58', 'p': {'id': 24, 'tq': 23.0, 'dx': -1, 'dy': 21, 'dd': 0, 'da': -2.0, 'dp': -0.59, 'de': -0.04}, 'c': {'id': 49}, 'n': {'id': 54, 'dx': 0, 'dy': 1, 'dd': 2, 'da': 59.0, 'dp': 13.66, 'de': -0.31}, 'i': 5}, {'id': '20230512_57', 'p': {'id': 29, 'tq': 58.0, 'dx': 6, 'dy': 3, 'dd': 1, 'da': 12.0, 'dp': 2.83, 'de': 0.31}, 'c': {'id': 50}, 'n': {'id': 57, 'dx': 12, 'dy': 11, 'dd': 0, 'da': 3.0, 'dp': 2.24, 'de': 0.01}, 'i': 2}, {'id': '20230512_55', 'p': {'id': 32, 'tq': 34.0, 'dx': 0, 'dy': -9, 'dd': 1, 'da': 22.0, 'dp': 5.66, 'de': -0.09}, 'c': {'id': 52}, 'n': {'id': 55, 'dx': -3, 'dy': -2, 'dd': 2, 'da': 48.0, 'dp': 9.41, 'de': -0.09}, 'i': 2}, {'id': '20230508_33', 'p': {'id': 35, 'tq': 20.0, 'dx': 0, 'dy': -22, 'dd': 0, 'da': -2.0, 'dp': -0.34, 'de': 0.04}, 'c': {'id': 54}, 'n': {}, 'i': 0}, {'id': '20230522_64', 'p': {'id': 34, 'tq': 50.0, 'dx': -1, 'dy': -9, 'dd': 0, 'da': -12.0, 'dp': -2.59, 'de': 0.13}, 'c': {'id': 55}, 'n': {'id': 59, 'dx': 1, 'dy': 2, 'dd': 0, 'da': -4.0, 'dp': 0.24, 'de': -0.02}, 'i': 6}, {'id': '20230524_67', 'p': {'id': 33, 'tq': 0.0, 'dx': -1, 'dy': 0, 'dd': 2, 'da': 63.0, 'dp': 11.66, 'de': -0.09}, 'c': {'id': 56}, 'n': {'id': 60, 'dx': 1, 'dy': 1, 'dd': 1, 'da': 29.0, 'dp': 4.0, 'de': 0.14}, 'i': 7}, {'id': '20230508_36', 'p': {'id': 36, 'tq': 12.0, 'dx': 0, 'dy': -8, 'dd': 1, 'da': 39.0, 'dp': 8.0, 'de': -0.13}, 'c': {'id': 58}, 'n': {}, 'i': 0}, {'id': '20230607_58', 'p': {'id': 37, 'tq': 6.0, 'dx': 13, 'dy': -19, 'dd': 1, 'da': 9.0, 'dp': 1.17, 'de': -0.1}, 'c': {'id': 59}, 'n': {'id': 62, 'dx': 1, 'dy': 2, 'dd': 1, 'da': 50.0, 'dp': 9.66, 'de': 0.22}, 'i': 13}, {'id': '20230602_85', 'p': {'id': 38, 'tq': 33.0, 'dx': -1, 'dy': 2, 'dd': 1, 'da': 39.0, 'dp': 6.83, 'de': 0.09}, 'c': {'id': 64}, 'n': {'id': 71, 'dx': 2, 'dy': 1, 'dd': 0, 'da': 7.0, 'dp': 1.41, 'de': 0.0}, 'i': 11}, {'id': '20230515_84', 'p': {'id': 39, 'tq': -32.0, 'dx': -1, 'dy': 2, 'dd': 1, 'da': 82.0, 'dp': 12.73, 'de': 0.13}, 'c': {'id': 65}, 'n': {'id': 72, 'dx': 1, 'dy': 1, 'dd': 1, 'da': 23.0, 'dp': 4.59, 'de': 0.04}, 'i': 3}, {'id': '20230519_88', 'p': {'id': 40, 'tq': -29.0, 'dx': -1, 'dy': 1, 'dd': 3, 'da': 81.0, 'dp': 15.31, 'de': 0.08}, 'c': {'id': 66}, 'n': {'id': 73, 'dx': 1, 'dy': 1, 'dd': 0, 'da': 10.0, 'dp': 0.59, 'de': -0.06}, 'i': 5}, {'id': '20230519_94', 'p': {'id': 41, 'tq': -11.0, 'dx': -1, 'dy': -9, 'dd': 2, 'da': 52.0, 'dp': 10.0, 'de': -0.02}, 'c': {'id': 67}, 'n': {'id': 74, 'dx': 0, 'dy': 1, 'dd': 0, 'da': 3.0, 'dp': -0.83, 'de': -0.1}, 'i': 5}, {'id': '20230607_84', 'p': {'id': 42, 'tq': 42.0, 'dx': -11, 'dy': 0, 'dd': 0, 'da': 13.0, 'dp': 0.83, 'de': -0.03}, 'c': {'id': 70}, 'n': {'id': 77, 'dx': 1, 'dy': 1, 'dd': 1, 'da': 44.0, 'dp': 8.83, 'de': 0.04}, 'i': 13}, {'id': '20230510_92', 'p': {'id': 43, 'tq': 12.0, 'dx': 10, 'dy': 14, 'dd': -1, 'da': -17.0, 'dp': -7.07, 'de': 0.55}, 'c': {'id': 82}, 'n': {'id': 104, 'dx': -6, 'dy': 21, 'dd': 0, 'da': -1.0, 'dp': 0.45, 'de': 0.03}, 'i': 1}, {'id': '20230607_130', 'p': {'id': 44, 'tq': -7.0, 'dx': 12, 'dy': 20, 'dd': 0, 'da': 16.0, 'dp': 4.83, 'de': -0.03}, 'c': {'id': 92}, 'n': {'id': 108, 'dx': 12, 'dy': 16, 'dd': 0, 'da': 3.0, 'dp': 0.59, 'de': 0.29}, 'i': 13}, {'id': '20230602_136', 'p': {'id': 45, 'tq': -14.0, 'dx': 0, 'dy': -8, 'dd': 2, 'da': 55.0, 'dp': 15.07, 'de': -0.24}, 'c': {'id': 97}, 'n': {'id': 118, 'dx': 1, 'dy': 3, 'dd': 2, 'da': 43.0, 'dp': 8.24, 'de': 0.01}, 'i': 11}, {'id': '20230510_105', 'p': {'id': 46, 'tq': -140.0, 'dx': 18, 'dy': 21, 'dd': -2, 'da': -94.0, 'dp': -16.24, 'de': 0.15}, 'c': {'id': 104}, 'n': {'id': 137, 'dx': 3, 'dy': 0, 'dd': 1, 'da': 46.0, 'dp': 12.24, 'de': 0.3}, 'i': 1}, {'id': '20230508_47', 'p': {'id': 47, 'tq': -14.0, 'dx': 1, 'dy': -7, 'dd': 1, 'da': 58.0, 'dp': 11.66, 'de': -0.07}, 'c': {'id': 105}, 'n': {}, 'i': 0}, {'id': '20230508_48', 'p': {'id': 48, 'tq': -254.0, 'dx': -80, 'dy': -34, 'dd': -2, 'da': -31.0, 'dp': -11.83, 'de': 0.37}, 'c': {'id': 108}, 'n': {}, 'i': 0}, {'id': '20230508_49', 'p': {'id': 49, 'tq': -85.0, 'dx': -32, 'dy': -14, 'dd': -1, 'da': -41.0, 'dp': -8.83, 'de': 0.39}, 'c': {'id': 109}, 'n': {}, 'i': 0}], current_date_string: 20230505, distance_threshold: 20
tq < 0
matched entry: {'id': '20230526_5', 'p': {'id': 2, 'tq': 41.0, 'dx': 0, 'dy': 1, 'dd': 1, 'da': 36.0, 'dp': 8.24, 'de': 0.01}, 'c': {'id': 3}, 'n': {'id': 6, 'dx': -8, 'dy': 2, 'dd': 0, 'da': -9.0, 'dp': -2.24, 'de': -0.05}, 'i': 8}, len(matching): 1
matched entry: {'id': '20230510_4', 'p': {'id': 3, 'tq': 49.0, 'dx': 0, 'dy': 1, 'dd': 0, 'da': 31.0, 'dp': 6.24, 'de': -0.16}, 'c': {'id': 4}, 'n': {'id': 4, 'dx': 0, 'dy': 1, 'dd': 0, 'da': -9.0, 'dp': -0.83, 'de': -0.13}, 'i': 1}, len(matching): 2
matched entry: {'id': '20230515_11', 'p': {'id': 6, 'tq': 70.0, 'dx': 0, 'dy': 0, 'dd': 0, 'da': 20.0, 'dp': 3.41, 'de': -0.05}, 'c': {'id': 8}, 'n': {'id': 9, 'dx': 1, 'dy': 1, 'dd': 1, 'da': 20.0, 'dp': 2.0, 'de': 0.01}, 'i': 3}, len(matching): 3
matched entry: {'id': '20230510_14', 'p': {'id': 8, 'tq': 64.0, 'dx': -2, 'dy': 6, 'dd': 1, 'da': 9.0, 'dp': 0.83, 'de': 0.09}, 'c': {'id': 13}, 'n': {'id': 15, 'dx': 1, 'dy': 6, 'dd': -2, 'da': -37.0, 'dp': -8.0, 'de': -0.17}, 'i': 1}, len(matching): 4
matched entry: {'id': '20230510_16', 'p': {'id': 9, 'tq': 32.0, 'dx': 0, 'dy': 0, 'dd': 1, 'da': 45.0, 'dp': 6.83, 'de': 0.1}, 'c': {'id': 15}, 'n': {'id': 17, 'dx': 1, 'dy': 1, 'dd': 1, 'da': 25.0, 'dp': 4.0, 'de': 0.04}, 'i': 1}, len(matching): 5
tq < 0
matched entry: {'id': '20230508_11', 'p': {'id': 11, 'tq': 6.0, 'dx': -1, 'dy': -1, 'dd': 2, 'da': 58.0, 'dp': 11.41, 'de': 0.14}, 'c': {'id': 17}, 'n': {}, 'i': 0}, len(matching): 7
matched entry: {'id': '20230517_22', 'p': {'id': 15, 'tq': 53.0, 'dx': -9, 'dy': -3, 'dd': 0, 'da': -9.0, 'dp': -2.24, 'de': -0.22}, 'c': {'id': 20}, 'n': {'id': 21, 'dx': 0, 'dy': 1, 'dd': -2, 'da': -61.0, 'dp': -12.83, 'de': 0.16}, 'i': 4}, len(matching): 8
matched entry: {'id': '20230602_28', 'p': {'id': 19, 'tq': 56.0, 'dx': 11, 'dy': 3, 'dd': 0, 'da': 3.0, 'dp': 0.59, 'de': -0.08}, 'c': {'id': 28}, 'n': {'id': 32, 'dx': 1, 'dy': 1, 'dd': 0, 'da': 28.0, 'dp': 4.24, 'de': -0.13}, 'i': 11}, len(matching): 9
tq < 0
matched entry: {'id': '20230519_58', 'p': {'id': 24, 'tq': 23.0, 'dx': -1, 'dy': 21, 'dd': 0, 'da': -2.0, 'dp': -0.59, 'de': -0.04}, 'c': {'id': 49}, 'n': {'id': 54, 'dx': 0, 'dy': 1, 'dd': 2, 'da': 59.0, 'dp': 13.66, 'de': -0.31}, 'i': 5}, len(matching): 11
matched entry: {'id': '20230607_58', 'p': {'id': 37, 'tq': 6.0, 'dx': 13, 'dy': -19, 'dd': 1, 'da': 9.0, 'dp': 1.17, 'de': -0.1}, 'c': {'id': 59}, 'n': {'id': 62, 'dx': 1, 'dy': 2, 'dd': 1, 'da': 50.0, 'dp': 9.66, 'de': 0.22}, 'i': 13}, len(matching): 12
matched entry: {'id': '20230602_85', 'p': {'id': 38, 'tq': 33.0, 'dx': -1, 'dy': 2, 'dd': 1, 'da': 39.0, 'dp': 6.83, 'de': 0.09}, 'c': {'id': 64}, 'n': {'id': 71, 'dx': 2, 'dy': 1, 'dd': 0, 'da': 7.0, 'dp': 1.41, 'de': 0.0}, 'i': 11}, len(matching): 13
tq < 0
tq < 0
tq < 0
matched entry: {'id': '20230607_84', 'p': {'id': 42, 'tq': 42.0, 'dx': -11, 'dy': 0, 'dd': 0, 'da': 13.0, 'dp': 0.83, 'de': -0.03}, 'c': {'id': 70}, 'n': {'id': 77, 'dx': 1, 'dy': 1, 'dd': 1, 'da': 44.0, 'dp': 8.83, 'de': 0.04}, 'i': 13}, len(matching): 17
matched entry: {'id': '20230510_92', 'p': {'id': 43, 'tq': 12.0, 'dx': 10, 'dy': 14, 'dd': -1, 'da': -17.0, 'dp': -7.07, 'de': 0.55}, 'c': {'id': 82}, 'n': {'id': 104, 'dx': -6, 'dy': 21, 'dd': 0, 'da': -1.0, 'dp': 0.45, 'de': 0.03}, 'i': 1}, len(matching): 18
tq < 0
tq < 0
tq < 0
tq < 0
tq < 0
tq < 0
i_dict: {0: 12, 1: 1, 2: 4, 4: 1, 5: 1, 6: 1, 9: 1, 12: 2, 14: 2}
tq_average: -211.52, dx_average: -7.28, dy_average: -53.92, dd_average: 0.36, da_average: 0.76, dp_average: 1.8784, de_average: -0.0892
average_tracking_quality: 32.0
@find_matching:
Returning:
Matching(lenght=25): [{'id': '20230505_0', 'p': {'id': 0, 'tq': -12.0, 'dx': 0, 'dy': -4, 'dd': 1, 'da': 65.0, 'dp': 8.0, 'de': 0.01}, 'c': {'id': 1}, 'n': {}, 'i': 0}, {'id': '20230526_5', 'p': {'id': 2, 'tq': -97.0, 'dx': -21, 'dy': -22, 'dd': 3, 'da': 57.0, 'dp': 18.9, 'de': -0.42}, 'c': {'id': 2}, 'n': {'id': 3, 'dx': 0, 'dy': 1, 'dd': 1, 'da': 36.0, 'dp': 8.24, 'de': 0.01}, 'i': 9}, {'id': '20230510_4', 'p': {'id': 1, 'tq': 71.0, 'dx': 0, 'dy': -4, 'dd': 1, 'da': 10.0, 'dp': 1.76, 'de': 0.23}, 'c': {'id': 3}, 'n': {'id': 4, 'dx': 0, 'dy': 1, 'dd': 0, 'da': 31.0, 'dp': 6.24, 'de': -0.16}, 'i': 2}, {'id': '20230515_11', 'p': {'id': 3, 'tq': 10.0, 'dx': 13, 'dy': -15, 'dd': 1, 'da': 13.0, 'dp': 3.41, 'de': -0.02}, 'c': {'id': 6}, 'n': {'id': 8, 'dx': 0, 'dy': 0, 'dd': 0, 'da': 20.0, 'dp': 3.41, 'de': -0.05}, 'i': 4}, {'id': '20230510_14', 'p': {'id': 8, 'tq': -33.0, 'dx': 2, 'dy': -29, 'dd': 0, 'da': 20.0, 'dp': 4.83, 'de': -0.07}, 'c': {'id': 8}, 'n': {'id': 13, 'dx': -2, 'dy': 6, 'dd': 1, 'da': 9.0, 'dp': 0.83, 'de': 0.09}, 'i': 2}, {'id': '20230510_16', 'p': {'id': 5, 'tq': -43.0, 'dx': 2, 'dy': -2, 'dd': 4, 'da': 84.0, 'dp': 27.35, 'de': 0.02}, 'c': {'id': 9}, 'n': {'id': 15, 'dx': 0, 'dy': 0, 'dd': 1, 'da': 45.0, 'dp': 6.83, 'de': 0.1}, 'i': 2}, {'id': '20230505_6', 'p': {'id': 4, 'tq': 36.0, 'dx': 2, 'dy': 1, 'dd': 2, 'da': 37.0, 'dp': 6.83, 'de': -0.15}, 'c': {'id': 10}, 'n': {}, 'i': 0}, {'id': '20230508_11', 'p': {'id': 6, 'tq': 3.0, 'dx': -9, 'dy': -5, 'dd': 1, 'da': 40.0, 'dp': 8.83, 'de': -0.28}, 'c': {'id': 11}, 'n': {'id': 17, 'dx': -1, 'dy': -1, 'dd': 2, 'da': 58.0, 'dp': 11.41, 'de': 0.14}, 'i': 1}, {'id': '20230517_22', 'p': {'id': 9, 'tq': -62.0, 'dx': -4, 'dy': 4, 'dd': 4, 'da': 91.0, 'dp': 27.35, 'de': 0.1}, 'c': {'id': 15}, 'n': {'id': 20, 'dx': -9, 'dy': -3, 'dd': 0, 'da': -9.0, 'dp': -2.24, 'de': -0.22}, 'i': 5}, {'id': '20230602_28', 'p': {'id': 10, 'tq': 54.0, 'dx': 3, 'dy': 8, 'dd': 1, 'da': 10.0, 'dp': 2.83, 'de': 0.0}, 'c': {'id': 19}, 'n': {'id': 28, 'dx': 11, 'dy': 3, 'dd': 0, 'da': 3.0, 'dp': 0.59, 'de': -0.08}, 'i': 12}, {'id': '20230505_10', 'p': {'id': 7, 'tq': -66.0, 'dx': 2, 'dy': 39, 'dd': 1, 'da': 16.0, 'dp': 11.04, 'de': -0.34}, 'c': {'id': 20}, 'n': {}, 'i': 0}, {'id': '20230519_58', 'p': {'id': 11, 'tq': -29.0, 'dx': 15, 'dy': 19, 'dd': 1, 'da': 27.0, 'dp': 11.07, 'de': -0.01}, 'c': {'id': 24}, 'n': {'id': 49, 'dx': -1, 'dy': 21, 'dd': 0, 'da': -2.0, 'dp': -0.59, 'de': -0.04}, 'i': 6}, {'id': '20230607_58', 'p': {'id': 12, 'tq': 18.0, 'dx': 11, 'dy': -15, 'dd': 0, 'da': 11.0, 'dp': 2.0, 'de': -0.21}, 'c': {'id': 37}, 'n': {'id': 59, 'dx': 13, 'dy': -19, 'dd': 1, 'da': 9.0, 'dp': 1.17, 'de': -0.1}, 'i': 14}, {'id': '20230602_85', 'p': {'id': 16, 'tq': -465.0, 'dx': 77, 'dy': -138, 'dd': 0, 'da': 8.0, 'dp': -0.24, 'de': 0.1}, 'c': {'id': 38}, 'n': {'id': 64, 'dx': -1, 'dy': 2, 'dd': 1, 'da': 39.0, 'dp': 6.83, 'de': 0.09}, 'i': 12}, {'id': '20230505_14', 'p': {'id': 13, 'tq': -34.0, 'dx': -1, 'dy': 0, 'dd': 3, 'da': 86.0, 'dp': 13.66, 'de': 0.04}, 'c': {'id': 39}, 'n': {}, 'i': 0}, {'id': '20230505_15', 'p': {'id': 15, 'tq': -375.0, 'dx': -37, 'dy': -125, 'dd': 0, 'da': 12.0, 'dp': 3.17, 'de': -0.03}, 'c': {'id': 40}, 'n': {}, 'i': 0}, {'id': '20230505_16', 'p': {'id': 21, 'tq': -1246.0, 'dx': -92, 'dy': -356, 'dd': -2, 'da': -39.0, 'dp': -6.34, 'de': 0.36}, 'c': {'id': 41}, 'n': {}, 'i': 0}, {'id': '20230607_84', 'p': {'id': 17, 'tq': -620.0, 'dx': -73, 'dy': -183, 'dd': 1, 'da': 20.0, 'dp': 4.83, 'de': -0.17}, 'c': {'id': 42}, 'n': {'id': 70, 'dx': -11, 'dy': 0, 'dd': 0, 'da': 13.0, 'dp': 0.83, 'de': -0.03}, 'i': 14}, {'id': '20230510_92', 'p': {'id': 19, 'tq': -640.0, 'dx': -71, 'dy': -185, 'dd': -1, 'da': -30.0, 'dp': -7.66, 'de': -0.3}, 'c': {'id': 43}, 'n': {'id': 82, 'dx': 10, 'dy': 14, 'dd': -1, 'da': -17.0, 'dp': -7.07, 'de': 0.55}, 'i': 2}, {'id': '20230505_19', 'p': {'id': 14, 'tq': -84.0, 'dx': 37, 'dy': -4, 'dd': -1, 'da': -35.0, 'dp': -8.24, 'de': -0.11}, 'c': {'id': 44}, 'n': {}, 'i': 0}, {'id': '20230505_20', 'p': {'id': 18, 'tq': -259.0, 'dx': -27, 'dy': -83, 'dd': -2, 'da': -34.0, 'dp': -9.66, 'de': -0.03}, 'c': {'id': 45}, 'n': {}, 'i': 0}, {'id': '20230505_21', 'p': {'id': 20, 'tq': -1005.0, 'dx': -43, 'dy': -135, 'dd': -7, 'da': -401.0, 'dp': -65.7, 'de': -0.51}, 'c': {'id': 46}, 'n': {}, 'i': 0}, {'id': '20230505_22', 'p': {'id': 23, 'tq': -317.0, 'dx': 20, 'dy': -104, 'dd': -1, 'da': -30.0, 'dp': -6.24, 'de': 0.02}, 'c': {'id': 47}, 'n': {}, 'i': 0}, {'id': '20230505_23', 'p': {'id': 24, 'tq': -70.0, 'dx': 10, 'dy': -42, 'dd': -1, 'da': -12.0, 'dp': -3.41, 'de': -0.33}, 'c': {'id': 48}, 'n': {}, 'i': 0}, {'id': '20230505_24', 'p': {'id': 22, 'tq': -23.0, 'dx': 2, 'dy': 32, 'dd': 0, 'da': -7.0, 'dp': -1.41, 'de': -0.13}, 'c': {'id': 49}, 'n': {}, 'i': 0}]
Unmatched current(length=25): {0, 4, 5, 7, 12, 13, 14, 16, 17, 18, 21, 22, 23, 25, 26, 27, 28, 29, 30, 31, 32, 33, 34, 35, 36}
Unmatched previous(length=0): set()
Distance threshold: 20



@plot_data: normalized_points: (50, 2), normalized_prev_points: (25, 2), current_points: (50, 2), prev_points: (25, 2), current_data: 50, prev_data: 25, matching: 25, unmatched_current: 25, unmatched_prev: 0, combined_distances: (50, 25), distance_threshold: 20, current_date_string: 20230505, previous_date_string: 20230503, filename: output/crop987/plots/20230503_20230505.png
Plots created
Plotted the normalized points
Drawing lines between the matched points
Plotting the unmatched points
Plotted the original points with diameter as size
Drawing lines between the matched points and add the indices to the plots with color coding
Setting the titles and labels
Done plotting

@process_image: output_dir: output/crop987/20230505, image_name: 20230505, date_string: 20230505
len(json_data) = 50 json_data entries
len(matching) = 25 matching entries, setting max_id_i to 25
crop_dir: output/crop987
nodules_dir: output/crop987/nodules-last-detected-on
Split image into left and right images: (705, 300, 3), (705, 300, 3)
Converted right image to HSV: (705, 300, 3)
Created mask to detect nodules: (705, 300)

Found 46 contours in mask, processing each contour...

@process_contour: max_id: 20230505_25
Moments: {'m00': 5.5, 'm10': 882.8333333333333, 'm01': 3762.0, 'm20': 141711.25, 'm11': 603857.875, 'm02': 2573210.4166666665, 'm30': 22747805.450000003, 'm21': 96930455.7, 'm12': 413039089.06666666, 'm03': 1760079230.1000001, 'mu20': 3.1237373737676535, 'mu11': -0.125, 'mu02': 2.4166666665114462, 'mu30': -0.12950719892978668, 'mu21': 0.8287878764094785, 'mu12': 0.15505052599212377, 'mu03': -0.8999996185302734, 'nu20': 0.10326404541380672, 'nu11': -0.004132231404958678, 'nu02': 0.07988980715740318, 'nu30': -0.0018255224849612606, 'nu21': 0.011682523567427832, 'nu12': 0.0021855790553940487, 'nu03': -0.012686318240689616}
Centroid: 160, 684
Processing contour#1: area: 5.5 centroid: 160, 684 rectangle: (159, 682, 4, 4)
@find_dayJSON_match_for_contour: x: 159, y: 682, w: 4, h: 4, area: 5.5
Matched with JSON#49: (161, 682, 5, 105.0, 35.5563, 0.223927)
Match with input JSON(nodules) ID: 49
Matched contour: {'x': 161, 'y': 682, 'd': 5, 'a': 105.0, 'p': 35.5563, 'e': 0.223927, 'id': 49, 'tq': 100}
JSON_entry: 49
Matched with first_id: 49 second_id: 22 name: 20230505_24
entry_id:20230505_24, entry saved to results list
WARNING: right_nodule_img.shape != (50, 50, 3) != (46, 50, 3)
@process_contour: max_id: 20230505_26
Moments: {'m00': 0.0, 'm10': 0.0, 'm01': 0.0, 'm20': 0.0, 'm11': 0.0, 'm02': 0.0, 'm30': 0.0, 'm21': 0.0, 'm12': 0.0, 'm03': 0.0, 'mu20': 0.0, 'mu11': 0.0, 'mu02': 0.0, 'mu30': 0.0, 'mu21': 0.0, 'mu12': 0.0, 'mu03': 0.0, 'nu20': 0.0, 'nu11': 0.0, 'nu02': 0.0, 'nu30': 0.0, 'nu21': 0.0, 'nu12': 0.0, 'nu03': 0.0}
Skipping contour#2 because area is 0.


@process_contour: max_id: 20230505_27
Moments: {'m00': 13.0, 'm10': 1739.3333333333333, 'm01': 8421.333333333332, 'm20': 232727.8333333333, 'm11': 1126730.0833333333, 'm02': 5455310.5, 'm30': 31141526.6, 'm21': 150759592.2, 'm12': 729891102.2, 'm03': 3533940245.6000004, 'mu20': 13.95299145297031, 'mu11': -1.13034188025631, 'mu02': 13.952991454862058, 'mu30': 2.298663169145584, 'mu21': -2.2893710387270403, 'mu12': -2.289371193171746, 'mu03': 2.298661708831787, 'nu20': 0.08256207960337462, 'nu11': -0.006688413492640889, 'nu02': 0.0825620796145684, 'nu30': 0.0037723932277537358, 'nu21': -0.003757143681698953, 'nu12': -0.003757143935161996, 'nu03': 0.003772390831196488}
Centroid: 133, 647
Processing contour#3: area: 13.0 centroid: 133, 647 rectangle: (132, 646, 5, 5)
@find_dayJSON_match_for_contour: x: 132, y: 646, w: 5, h: 5, area: 13.0
Matched with JSON#48: (133, 647, 3, 39.0, 20.4853, 0.26939)
Match with input JSON(nodules) ID: 48
Matched contour: {'x': 133, 'y': 647, 'd': 3, 'a': 39.0, 'p': 20.4853, 'e': 0.26939, 'id': 48, 'tq': 100}
JSON_entry: 48
Matched with first_id: 48 second_id: 24 name: 20230505_23
entry_id:20230505_23, entry saved to results list
created dirs at nodule_detection_path: output/crop987/nodules-last-detected-on/2023-05-05/23/detection and nodule_images_original_path: output/crop987/nodules-last-detected-on/2023-05-05/23
Segmented nodule image saved as output/crop987/nodules-last-detected-on/2023-05-05/23/detection/2023-05-05.jpg
Original nodule image saved as output/crop987/nodules-last-detected-on/2023-05-05/23/2023-05-05.jpg


@process_contour: max_id: 20230505_28
Moments: {'m00': 10.5, 'm10': 1570.8333333333333, 'm01': 5903.333333333333, 'm20': 235009.41666666666, 'm11': 883155.5416666666, 'm02': 3318996.9166666665, 'm30': 35160476.45, 'm21': 132126958.56666666, 'm12': 496530379.4, 'm03': 1866027011.7, 'mu20': 7.7632275132637005, 'mu11': -1.8657407406717539, 'mu02': 11.731481481809169, 'mu30': -1.151935838162899, 'mu21': 0.3266607925634162, 'mu12': 2.0903291707520566, 'mu03': -1.7362141609191895, 'nu20': 0.07041476202506756, 'nu11': -0.016922818509494363, 'nu02': 0.1064079952998564, 'nu30': -0.003224445510565541, 'nu21': 0.0009143737794794941, 'nu12': 0.005851152717832634, 'nu03': -0.004859930363382375}
Centroid: 149, 562
Processing contour#4: area: 10.5 centroid: 149, 562 rectangle: (148, 560, 4, 5)
@find_dayJSON_match_for_contour: x: 148, y: 560, w: 4, h: 5, area: 10.5
Matched with JSON#47: (149, 562, 4, 55.0, 25.8995, 0.418663)
Match with input JSON(nodules) ID: 47
Matched contour: {'x': 149, 'y': 562, 'd': 4, 'a': 55.0, 'p': 25.8995, 'e': 0.418663, 'id': 47, 'tq': 100}
JSON_entry: 47
Matched with first_id: 47 second_id: 23 name: 20230505_22
entry_id:20230505_22, entry saved to results list
created dirs at nodule_detection_path: output/crop987/nodules-last-detected-on/2023-05-05/22/detection and nodule_images_original_path: output/crop987/nodules-last-detected-on/2023-05-05/22
Segmented nodule image saved as output/crop987/nodules-last-detected-on/2023-05-05/22/detection/2023-05-05.jpg
Original nodule image saved as output/crop987/nodules-last-detected-on/2023-05-05/22/2023-05-05.jpg


@process_contour: max_id: 20230505_29
Moments: {'m00': 34.5, 'm10': 5622.666666666666, 'm01': 17187.833333333332, 'm20': 916478.25, 'm11': 2801214.7916666665, 'm02': 8563025.083333332, 'm30': 149402767.3, 'm21': 456591978.23333335, 'm12': 1395579307.1, 'm03': 4266161980.9500003, 'mu20': 119.39653784234542, 'mu11': 13.123389694374055, 'mu02': 79.72987117618322, 'mu30': 32.20240920782089, 'mu21': 7.464736956295383, 'mu12': -21.223436289650635, 'mu03': -11.19379711151123, 'nu20': 0.10031215109627846, 'nu11': 0.011025742234298723, 'nu02': 0.0669858190936217, 'nu30': 0.004606177045885015, 'nu21': 0.0010677430933741026, 'nu12': -0.003035763704550696, 'nu03': -0.001601141423257694}
Centroid: 162, 498
Processing contour#5: area: 34.5 centroid: 162, 498 rectangle: (159, 495, 9, 7)
@find_dayJSON_match_for_contour: x: 159, y: 495, w: 9, h: 7, area: 34.5
Matched with JSON#46: (162, 498, 6, 149.0, 43.799, 0.387848)
Match with input JSON(nodules) ID: 46
Matched contour: {'x': 162, 'y': 498, 'd': 6, 'a': 149.0, 'p': 43.799, 'e': 0.387848, 'id': 46, 'tq': 100}
JSON_entry: 46
Matched with first_id: 46 second_id: 20 name: 20230505_21
entry_id:20230505_21, entry saved to results list
created dirs at nodule_detection_path: output/crop987/nodules-last-detected-on/2023-05-05/21/detection and nodule_images_original_path: output/crop987/nodules-last-detected-on/2023-05-05/21
Segmented nodule image saved as output/crop987/nodules-last-detected-on/2023-05-05/21/detection/2023-05-05.jpg
Original nodule image saved as output/crop987/nodules-last-detected-on/2023-05-05/21/2023-05-05.jpg


@process_contour: max_id: 20230505_30
Moments: {'m00': 4.0, 'm10': 980.0, 'm01': 1612.0, 'm20': 240101.3333333333, 'm11': 394940.0, 'm02': 649637.3333333333, 'm30': 58825480.0, 'm21': 96760837.33333333, 'm12': 159161146.66666666, 'm03': 261804920.0, 'mu20': 1.3333333333139308, 'mu11': 0.0, 'mu02': 1.3333333332557231, 'mu30': 1.4901161193847656e-08, 'mu21': 2.852175384759903e-09, 'mu12': 9.080395102500916e-09, 'mu03': 8.940696716308594e-08, 'nu20': 0.08333333333212067, 'nu11': 0.0, 'nu02': 0.0833333333284827, 'nu30': 4.656612873077393e-10, 'nu21': 8.913048077374697e-11, 'nu12': 2.837623469531536e-10, 'nu03': 2.7939677238464355e-09}
Centroid: 245, 403
Processing contour#6: area: 4.0 centroid: 245, 403 rectangle: (244, 402, 3, 3)
@find_dayJSON_match_for_contour: x: 244, y: 402, w: 3, h: 3, area: 4.0
Matched with JSON#45: (245, 403, 2, 22.0, 15.0711, 0.436916)
Match with input JSON(nodules) ID: 45
Matched contour: {'x': 245, 'y': 403, 'd': 2, 'a': 22.0, 'p': 15.0711, 'e': 0.436916, 'id': 45, 'tq': 100}
JSON_entry: 45
Matched with first_id: 45 second_id: 18 name: 20230505_20
entry_id:20230505_20, entry saved to results list
created dirs at nodule_detection_path: output/crop987/nodules-last-detected-on/2023-05-05/20/detection and nodule_images_original_path: output/crop987/nodules-last-detected-on/2023-05-05/20
Segmented nodule image saved as output/crop987/nodules-last-detected-on/2023-05-05/20/detection/2023-05-05.jpg
Original nodule image saved as output/crop987/nodules-last-detected-on/2023-05-05/20/2023-05-05.jpg


@process_contour: max_id: 20230505_31
Moments: {'m00': 9.0, 'm10': 1327.5, 'm01': 2929.5, 'm20': 195813.0, 'm11': 432101.25, 'm02': 953559.0, 'm30': 28884408.75, 'm21': 63737131.5, 'm12': 140649952.5, 'm03': 310387848.75, 'mu20': 6.75, 'mu11': 0.0, 'mu02': 6.75, 'mu30': 0.0, 'mu21': 0.0, 'mu12': 0.0, 'mu03': 0.0, 'nu20': 0.08333333333333333, 'nu11': 0.0, 'nu02': 0.08333333333333333, 'nu30': 0.0, 'nu21': 0.0, 'nu12': 0.0, 'nu03': 0.0}
Centroid: 147, 325
Processing contour#7: area: 9.0 centroid: 147, 325 rectangle: (146, 324, 4, 4)
@find_dayJSON_match_for_contour: x: 146, y: 324, w: 4, h: 4, area: 9.0
Matched with JSON#44: (147, 325, 4, 51.0, 23.3137, 0.263458)
Match with input JSON(nodules) ID: 44
Matched contour: {'x': 147, 'y': 325, 'd': 4, 'a': 51.0, 'p': 23.3137, 'e': 0.263458, 'id': 44, 'tq': 100}
JSON_entry: 44
Matched with first_id: 44 second_id: 14 name: 20230505_19
entry_id:20230505_19, entry saved to results list
created dirs at nodule_detection_path: output/crop987/nodules-last-detected-on/2023-05-05/19/detection and nodule_images_original_path: output/crop987/nodules-last-detected-on/2023-05-05/19
Segmented nodule image saved as output/crop987/nodules-last-detected-on/2023-05-05/19/detection/2023-05-05.jpg
Original nodule image saved as output/crop987/nodules-last-detected-on/2023-05-05/19/2023-05-05.jpg


@process_contour: max_id: 20230505_32
Moments: {'m00': 5.5, 'm10': 1116.1666666666665, 'm01': 1713.8333333333333, 'm20': 226515.91666666666, 'm11': 347804.7083333333, 'm02': 534044.5833333333, 'm30': 45969705.050000004, 'm21': 70583899.15, 'm12': 108378939.51666667, 'm03': 166413852.95000002, 'mu20': 1.7297979798458982, 'mu11': 0.41035353537881747, 'mu02': 3.729797979700379, 'mu30': 0.1157330796122551, 'mu21': 0.1391337549104037, 'mu12': -0.29891337050378297, 'mu03': -0.3058156371116638, 'nu20': 0.05718340429242639, 'nu11': 0.013565406128225372, 'nu02': 0.12329910676695469, 'nu30': 0.001631363668057764, 'nu21': 0.001961217601067372, 'nu12': -0.004213457502127374, 'nu03': -0.004310751266443248}
Centroid: 202, 311
Processing contour#8: area: 5.5 centroid: 202, 311 rectangle: (202, 310, 3, 4)
@find_dayJSON_match_for_contour: x: 202, y: 310, w: 3, h: 4, area: 5.5
Matched with JSON#43: (202, 311, 3, 31.0, 18.4853, 0.266648)
Match with input JSON(nodules) ID: 43
Matched contour: {'x': 202, 'y': 311, 'd': 3, 'a': 31.0, 'p': 18.4853, 'e': 0.266648, 'id': 43, 'tq': 100}
JSON_entry: 43
Matched with first_id: 43 second_id: 19 name: 20230510_92
entry_id:20230510_92, entry saved to results list
created dirs at nodule_detection_path: output/crop987/nodules-last-detected-on/2023-05-10/92/detection and nodule_images_original_path: output/crop987/nodules-last-detected-on/2023-05-10/92
Segmented nodule image saved as output/crop987/nodules-last-detected-on/2023-05-10/92/detection/2023-05-05.jpg
Original nodule image saved as output/crop987/nodules-last-detected-on/2023-05-10/92/2023-05-05.jpg


@process_contour: max_id: 20230505_33
Moments: {'m00': 20.0, 'm10': 3974.1666666666665, 'm01': 5765.833333333333, 'm20': 789732.8333333333, 'm11': 1145716.0, 'm02': 1662274.5, 'm30': 156939528.15, 'm21': 227672147.2, 'm12': 330305992.46666664, 'm03': 479238798.85, 'mu20': 32.79861111100763, 'mu11': -3.1319444444961846, 'mu02': 32.79861111100763, 'mu30': -1.6549767851829529, 'mu21': -2.856134250178002, 'mu12': 2.856134234345518, 'mu03': 1.6549769043922424, 'nu20': 0.08199652777751909, 'nu11': -0.007829861111240463, 'nu02': 0.08199652777751909, 'nu30': -0.0009251601482132874, 'nu21': -0.0015966275840658508, 'nu12': 0.0015966275752152233, 'nu03': 0.0009251602148533061}
Centroid: 198, 288
Processing contour#9: area: 20.0 centroid: 198, 288 rectangle: (196, 286, 6, 6)
@find_dayJSON_match_for_contour: x: 196, y: 286, w: 6, h: 6, area: 20.0
Matched with JSON#42: (198, 288, 5, 82.0, 32.1421, 0.272852)
Match with input JSON(nodules) ID: 42
Matched contour: {'x': 198, 'y': 288, 'd': 5, 'a': 82.0, 'p': 32.1421, 'e': 0.272852, 'id': 42, 'tq': 100}
JSON_entry: 42
Matched with first_id: 42 second_id: 17 name: 20230607_84
entry_id:20230607_84, entry saved to results list
created dirs at nodule_detection_path: output/crop987/nodules-last-detected-on/2023-06-07/84/detection and nodule_images_original_path: output/crop987/nodules-last-detected-on/2023-06-07/84
Segmented nodule image saved as output/crop987/nodules-last-detected-on/2023-06-07/84/detection/2023-05-05.jpg
Original nodule image saved as output/crop987/nodules-last-detected-on/2023-06-07/84/2023-05-05.jpg


@process_contour: max_id: 20230505_34
Moments: {'m00': 24.0, 'm10': 741.5, 'm01': 6755.5, 'm20': 22962.833333333332, 'm11': 208704.66666666666, 'm02': 1901575.5, 'm30': 712766.75, 'm21': 6462805.166666667, 'm12': 58743931.0, 'm03': 535278090.75, 'mu20': 53.57291666666788, 'mu11': -12.135416666656965, 'mu02': 42.989583333488554, 'mu30': 0.5186631943797693, 'mu21': -4.15668402749543, 'mu12': 3.0151909773608168, 'mu03': 2.3120659589767456, 'nu20': 0.09300853587963173, 'nu11': -0.02106843171294612, 'nu02': 0.07463469328730651, 'nu30': 0.00018380500211116936, 'nu21': -0.0014730548161661931, 'nu12': 0.0010685300016750154, 'nu03': 0.0008193550131874553}
Centroid: 30, 281
Processing contour#10: area: 24.0 centroid: 30, 281 rectangle: (28, 279, 7, 6)
@find_dayJSON_match_for_contour: x: 28, y: 279, w: 7, h: 6, area: 24.0
Matched with JSON#41: (30, 281, 4, 76.0, 31.2132, 0.642279)
Match with input JSON(nodules) ID: 41
Matched contour: {'x': 30, 'y': 281, 'd': 4, 'a': 76.0, 'p': 31.2132, 'e': 0.642279, 'id': 41, 'tq': 100}
JSON_entry: 41
Matched with first_id: 41 second_id: 21 name: 20230505_16
entry_id:20230505_16, entry saved to results list
created dirs at nodule_detection_path: output/crop987/nodules-last-detected-on/2023-05-05/16/detection and nodule_images_original_path: output/crop987/nodules-last-detected-on/2023-05-05/16
Segmented nodule image saved as output/crop987/nodules-last-detected-on/2023-05-05/16/detection/2023-05-05.jpg
Original nodule image saved as output/crop987/nodules-last-detected-on/2023-05-05/16/2023-05-05.jpg


@process_contour: max_id: 20230505_35
Moments: {'m00': 12.0, 'm10': 2491.833333333333, 'm01': 3262.333333333333, 'm20': 517446.8333333333, 'm11': 677432.8333333333, 'm02': 886914.6666666666, 'm30': 107453725.85000001, 'm21': 140673775.95, 'm12': 184170430.95, 'm03': 241124731.10000002, 'mu20': 10.719907407532446, 'mu11': 0.25462962966412306, 'mu02': 13.10185185202863, 'mu30': 1.5189171582460403, 'mu21': -0.8500257126061115, 'mu12': -1.6829732678934306, 'mu03': 0.5912550985813141, 'nu20': 0.07444380144119754, 'nu11': 0.0017682613171119655, 'nu02': 0.09098508230575438, 'nu30': 0.0030449556603822665, 'nu21': -0.0017040367152473675, 'nu12': -0.003373837046032001, 'nu03': 0.0011852822580752096}
Centroid: 207, 271
Processing contour#11: area: 12.0 centroid: 207, 271 rectangle: (206, 270, 5, 5)
@find_dayJSON_match_for_contour: x: 206, y: 270, w: 5, h: 5, area: 12.0
Matched with JSON#40: (207, 271, 4, 74.0, 29.3137, 0.24646)
Match with input JSON(nodules) ID: 40
Matched contour: {'x': 207, 'y': 271, 'd': 4, 'a': 74.0, 'p': 29.3137, 'e': 0.24646, 'id': 40, 'tq': 100}
JSON_entry: 40
Matched with first_id: 40 second_id: 15 name: 20230505_15
entry_id:20230505_15, entry saved to results list
created dirs at nodule_detection_path: output/crop987/nodules-last-detected-on/2023-05-05/15/detection and nodule_images_original_path: output/crop987/nodules-last-detected-on/2023-05-05/15
Segmented nodule image saved as output/crop987/nodules-last-detected-on/2023-05-05/15/detection/2023-05-05.jpg
Original nodule image saved as output/crop987/nodules-last-detected-on/2023-05-05/15/2023-05-05.jpg


@process_contour: max_id: 20230505_36
Moments: {'m00': 39.0, 'm10': 6541.5, 'm01': 10494.833333333332, 'm20': 1097345.0, 'm11': 1760316.3333333333, 'm02': 2824259.6666666665, 'm30': 184103490.75, 'm21': 295296961.0333333, 'm12': 473720586.8333333, 'm03': 760066955.35, 'mu20': 134.17307692300528, 'mu11': 9.865384615724906, 'mu02': 117.95655270759016, 'mu30': -40.11834317445755, 'mu21': -12.120348535419907, 'mu12': 30.919625116046518, 'mu03': 23.03090524673462, 'nu20': 0.08821372578764318, 'nu11': 0.006486117433086722, 'nu02': 0.07755197416672593, 'nu30': -0.004223587262488366, 'nu21': -0.0012760085696587647, 'nu12': 0.0032551627128060033, 'nu03': 0.00242465242447042}
Centroid: 167, 269
Processing contour#12: area: 39.0 centroid: 167, 269 rectangle: (164, 266, 8, 8)
@find_dayJSON_match_for_contour: x: 164, y: 266, w: 8, h: 8, area: 39.0
Matched with JSON#39: (167, 268, 7, 161.0, 44.3848, 0.578439)
Match with input JSON(nodules) ID: 39
Matched contour: {'x': 167, 'y': 268, 'd': 7, 'a': 161.0, 'p': 44.3848, 'e': 0.578439, 'id': 39, 'tq': 100}
JSON_entry: 39
Matched with first_id: 39 second_id: 13 name: 20230505_14
entry_id:20230505_14, entry saved to results list
created dirs at nodule_detection_path: output/crop987/nodules-last-detected-on/2023-05-05/14/detection and nodule_images_original_path: output/crop987/nodules-last-detected-on/2023-05-05/14
Segmented nodule image saved as output/crop987/nodules-last-detected-on/2023-05-05/14/detection/2023-05-05.jpg
Original nodule image saved as output/crop987/nodules-last-detected-on/2023-05-05/14/2023-05-05.jpg


@process_contour: max_id: 20230505_37
Moments: {'m00': 31.0, 'm10': 5810.0, 'm01': 8138.833333333333, 'm20': 1089002.1666666665, 'm11': 1525380.8333333333, 'm02': 2136858.0, 'm30': 204135957.0, 'm21': 285912119.2833333, 'm12': 400491668.9166667, 'm03': 561050850.35, 'mu20': 95.71505376324058, 'mu11': 5.940860215108842, 'mu02': 64.19265233026817, 'mu30': -4.201872944831848, 'mu21': -15.133911371689464, 'mu12': 1.7120765353593015, 'mu03': 10.814610362052917, 'nu20': 0.09959943159546365, 'nu11': 0.0061819565193640385, 'nu02': 0.06679776517197519, 'nu30': -0.0007853055768310698, 'nu21': -0.0028284398780007588, 'nu12': 0.00031997713134876345, 'nu03': 0.0020211876798942804}
Centroid: 187, 262
Processing contour#13: area: 31.0 centroid: 187, 262 rectangle: (184, 260, 8, 7)
@find_dayJSON_match_for_contour: x: 184, y: 260, w: 8, h: 7, area: 31.0
Matched with JSON#38: (187, 262, 6, 134.0, 39.5563, 0.404964)
Match with input JSON(nodules) ID: 38
Matched contour: {'x': 187, 'y': 262, 'd': 6, 'a': 134.0, 'p': 39.5563, 'e': 0.404964, 'id': 38, 'tq': 100}
JSON_entry: 38
Matched with first_id: 38 second_id: 16 name: 20230602_85
entry_id:20230602_85, entry saved to results list
created dirs at nodule_detection_path: output/crop987/nodules-last-detected-on/2023-06-02/85/detection and nodule_images_original_path: output/crop987/nodules-last-detected-on/2023-06-02/85
Segmented nodule image saved as output/crop987/nodules-last-detected-on/2023-06-02/85/detection/2023-05-05.jpg
Original nodule image saved as output/crop987/nodules-last-detected-on/2023-06-02/85/2023-05-05.jpg


@process_contour: max_id: 20230505_38
Moments: {'m00': 16.5, 'm10': 3299.1666666666665, 'm01': 4066.1666666666665, 'm20': 659689.0833333333, 'm11': 813027.2083333333, 'm02': 1002068.0833333333, 'm30': 131913458.55000001, 'm21': 162569741.85, 'm12': 200362624.18333334, 'm03': 246956297.05, 'mu20': 22.374579124501906, 'mu11': -0.7630471379961818, 'mu02': 24.970538720604964, 'mu30': 11.94221344590187, 'mu21': 0.8697258888314536, 'mu12': -6.902134114691762, 'mu03': -0.33939051628112793, 'nu20': 0.08218394536088855, 'nu11': -0.0028027443085259208, 'nu02': 0.09171915048890714, 'nu30': 0.01079878684040034, 'nu21': 0.0007864525722651169, 'nu12': -0.006241278083502119, 'nu03': -0.0003068950205567643}
Centroid: 199, 246
Processing contour#14: area: 16.5 centroid: 199, 246 rectangle: (198, 244, 6, 6)
@find_dayJSON_match_for_contour: x: 198, y: 244, w: 6, h: 6, area: 16.5
Matched with JSON#37: (199, 246, 4, 77.0, 30.1421, 0.317743)
Match with input JSON(nodules) ID: 37
Matched contour: {'x': 199, 'y': 246, 'd': 4, 'a': 77.0, 'p': 30.1421, 'e': 0.317743, 'id': 37, 'tq': 100}
JSON_entry: 37
Matched with first_id: 37 second_id: 12 name: 20230607_58
entry_id:20230607_58, entry saved to results list
created dirs at nodule_detection_path: output/crop987/nodules-last-detected-on/2023-06-07/58/detection and nodule_images_original_path: output/crop987/nodules-last-detected-on/2023-06-07/58
Segmented nodule image saved as output/crop987/nodules-last-detected-on/2023-06-07/58/detection/2023-05-05.jpg
Original nodule image saved as output/crop987/nodules-last-detected-on/2023-06-07/58/2023-05-05.jpg


@process_contour: max_id: 20230505_39
Moments: {'m00': 15.0, 'm10': 1809.5, 'm01': 3538.0, 'm20': 218309.0, 'm11': 426799.0833333333, 'm02': 834511.1666666666, 'm30': 26340886.75, 'm21': 51491418.583333336, 'm12': 100669085.08333333, 'm03': 196840396.0, 'mu20': 22.983333333337214, 'mu11': -1.650000000023283, 'mu02': 14.899999999906868, 'mu30': -0.728888887912035, 'mu21': 0.5400000159397678, 'mu12': -0.2955555497512705, 'mu03': -0.004444390535354614, 'nu20': 0.10214814814816539, 'nu11': -0.007333333333436814, 'nu02': 0.0662222222218083, 'nu30': -0.0008364368960352462, 'nu21': 0.0006196773536848771, 'nu12': -0.00033916495468617726, 'nu03': -5.100163119250455e-06}
Centroid: 120, 235
Processing contour#15: area: 15.0 centroid: 120, 235 rectangle: (118, 234, 6, 5)
@find_dayJSON_match_for_contour: x: 118, y: 234, w: 6, h: 5, area: 15.0
Matched with JSON#36: (120, 235, 4, 66.0, 28.1421, 0.574639)
Match with input JSON(nodules) ID: 36
Matched contour: {'x': 120, 'y': 235, 'd': 4, 'a': 66.0, 'p': 28.1421, 'e': 0.574639, 'id': 36, 'tq': 100}
JSON_entry: 36
WARNING: match is empty
entry_id:20230505_39, entry saved to results list
created dirs at nodule_detection_path: output/crop987/nodules-last-detected-on/2023-05-05/39/detection and nodule_images_original_path: output/crop987/nodules-last-detected-on/2023-05-05/39
Segmented nodule image saved as output/crop987/nodules-last-detected-on/2023-05-05/39/detection/2023-05-05.jpg
Original nodule image saved as output/crop987/nodules-last-detected-on/2023-05-05/39/2023-05-05.jpg


@process_contour: max_id: 20230505_40
Moments: {'m00': 0.0, 'm10': 0.0, 'm01': 0.0, 'm20': 0.0, 'm11': 0.0, 'm02': 0.0, 'm30': 0.0, 'm21': 0.0, 'm12': 0.0, 'm03': 0.0, 'mu20': 0.0, 'mu11': 0.0, 'mu02': 0.0, 'mu30': 0.0, 'mu21': 0.0, 'mu12': 0.0, 'mu03': 0.0, 'nu20': 0.0, 'nu11': 0.0, 'nu02': 0.0, 'nu30': 0.0, 'nu21': 0.0, 'nu12': 0.0, 'nu03': 0.0}
Skipping contour#16 because area is 0.


@process_contour: max_id: 20230505_41
Moments: {'m00': 30.0, 'm10': 5870.666666666666, 'm01': 6551.333333333333, 'm20': 1148921.3333333333, 'm11': 1282018.3333333333, 'm02': 1430721.3333333333, 'm30': 224869134.4, 'm21': 250896990.86666667, 'm12': 279974176.1333333, 'm03': 312462086.6, 'mu20': 97.09629629645497, 'mu11': -4.8074074073228985, 'mu02': 55.718518518609926, 'mu30': -6.073415666818619, 'mu21': -15.235720169275737, 'mu12': 7.765596687204379, 'mu03': 5.83489716053009, 'nu20': 0.10788477366272774, 'nu11': -0.005341563785914332, 'nu02': 0.06190946502067769, 'nu30': -0.0012320543562303102, 'nu21': -0.0030907213394624996, 'nu12': 0.0015753305474330475, 'nu03': 0.0011836684427945084}
Centroid: 195, 218
Processing contour#17: area: 30.0 centroid: 195, 218 rectangle: (192, 216, 8, 6)
@find_dayJSON_match_for_contour: x: 192, y: 216, w: 8, h: 6, area: 30.0
Matched with JSON#34: (195, 218, 6, 131.0, 40.1421, 0.340523)
Match with input JSON(nodules) ID: 34
Matched contour: {'x': 195, 'y': 218, 'd': 6, 'a': 131.0, 'p': 40.1421, 'e': 0.340523, 'id': 34, 'tq': 100}
JSON_entry: 34
WARNING: match is empty
entry_id:20230505_41, entry saved to results list
created dirs at nodule_detection_path: output/crop987/nodules-last-detected-on/2023-05-05/41/detection and nodule_images_original_path: output/crop987/nodules-last-detected-on/2023-05-05/41
Segmented nodule image saved as output/crop987/nodules-last-detected-on/2023-05-05/41/detection/2023-05-05.jpg
Original nodule image saved as output/crop987/nodules-last-detected-on/2023-05-05/41/2023-05-05.jpg


@process_contour: max_id: 20230505_42
Moments: {'m00': 15.5, 'm10': 2360.6666666666665, 'm01': 3366.333333333333, 'm20': 359557.0833333333, 'm11': 512693.0416666666, 'm02': 731125.75, 'm30': 54768550.300000004, 'm21': 78088655.65, 'm12': 111349871.18333334, 'm03': 158794912.20000002, 'mu20': 25.011648745567072, 'mu11': -3.1447132615721785, 'mu02': 16.06541218655184, 'mu30': 1.2858172431588173, 'mu21': 0.9647377297023922, 'mu12': -0.7431514480458645, 'mu03': -0.4547385573387146, 'nu20': 0.10410675856635616, 'nu11': -0.013089337196970564, 'nu02': 0.06686956165057997, 'nu30': 0.0013594085592524838, 'nu21': 0.001019952667588589, 'nu12': -0.0007856843145240397, 'nu03': -0.00048076465793049037}
Centroid: 152, 217
Processing contour#18: area: 15.5 centroid: 152, 217 rectangle: (150, 215, 6, 5)
@find_dayJSON_match_for_contour: x: 150, y: 215, w: 6, h: 5, area: 15.5
Matched with JSON#33: (152, 217, 4, 73.0, 29.3137, 0.459255)
Match with input JSON(nodules) ID: 33
Matched contour: {'x': 152, 'y': 217, 'd': 4, 'a': 73.0, 'p': 29.3137, 'e': 0.459255, 'id': 33, 'tq': 100}
JSON_entry: 33
WARNING: match is empty
entry_id:20230505_42, entry saved to results list
created dirs at nodule_detection_path: output/crop987/nodules-last-detected-on/2023-05-05/42/detection and nodule_images_original_path: output/crop987/nodules-last-detected-on/2023-05-05/42
Segmented nodule image saved as output/crop987/nodules-last-detected-on/2023-05-05/42/detection/2023-05-05.jpg
Original nodule image saved as output/crop987/nodules-last-detected-on/2023-05-05/42/2023-05-05.jpg


@process_contour: max_id: 20230505_43
Moments: {'m00': 9.0, 'm10': 1867.5, 'm01': 1831.5, 'm20': 387513.0, 'm11': 380036.25, 'm02': 372717.0, 'm30': 80411748.75, 'm21': 78858895.5, 'm12': 77338777.5, 'm03': 75850656.75, 'mu20': 6.75, 'mu11': 0.0, 'mu02': 6.75, 'mu30': 0.0, 'mu21': 0.0, 'mu12': 0.0, 'mu03': 0.0, 'nu20': 0.08333333333333333, 'nu11': 0.0, 'nu02': 0.08333333333333333, 'nu30': 0.0, 'nu21': 0.0, 'nu12': 0.0, 'nu03': 0.0}
Centroid: 207, 203
Processing contour#19: area: 9.0 centroid: 207, 203 rectangle: (206, 202, 4, 4)
@find_dayJSON_match_for_contour: x: 206, y: 202, w: 4, h: 4, area: 9.0
Matched with JSON#32: (207, 203, 3, 45.0, 21.8995, 0.445612)
Match with input JSON(nodules) ID: 32
Matched contour: {'x': 207, 'y': 203, 'd': 3, 'a': 45.0, 'p': 21.8995, 'e': 0.445612, 'id': 32, 'tq': 100}
JSON_entry: 32
WARNING: match is empty
entry_id:20230505_43, entry saved to results list
created dirs at nodule_detection_path: output/crop987/nodules-last-detected-on/2023-05-05/43/detection and nodule_images_original_path: output/crop987/nodules-last-detected-on/2023-05-05/43
Segmented nodule image saved as output/crop987/nodules-last-detected-on/2023-05-05/43/detection/2023-05-05.jpg
Original nodule image saved as output/crop987/nodules-last-detected-on/2023-05-05/43/2023-05-05.jpg


@process_contour: max_id: 20230505_44
Moments: {'m00': 17.0, 'm10': 3274.5, 'm01': 3429.333333333333, 'm20': 630760.3333333333, 'm11': 660553.5, 'm02': 691801.8333333333, 'm30': 121508603.25, 'm21': 127241737.28333333, 'm12': 133254609.75, 'm03': 139561282.6, 'mu20': 33.84803921554703, 'mu11': 3.3823529413202778, 'mu02': 17.885620915098116, 'mu30': -7.474048376083374, 'mu21': -3.1563052953961233, 'mu12': 3.7687427697442217, 'mu03': 2.6809945106506348, 'nu20': 0.11712124296037035, 'nu11': 0.011703643395571896, 'nu02': 0.061887961643938116, 'nu30': -0.006272397904654569, 'nu21': -0.0026488459433369766, 'nu12': 0.003162817935159431, 'nu03': 0.0022499539078187866}
Centroid: 192, 201
Processing contour#20: area: 17.0 centroid: 192, 201 rectangle: (190, 200, 6, 5)
@find_dayJSON_match_for_contour: x: 190, y: 200, w: 6, h: 5, area: 17.0
Matched with JSON#31: (192, 201, 5, 82.0, 31.8995, 0.504728)
Match with input JSON(nodules) ID: 31
Matched contour: {'x': 192, 'y': 201, 'd': 5, 'a': 82.0, 'p': 31.8995, 'e': 0.504728, 'id': 31, 'tq': 100}
JSON_entry: 31
WARNING: match is empty
entry_id:20230505_44, entry saved to results list
created dirs at nodule_detection_path: output/crop987/nodules-last-detected-on/2023-05-05/44/detection and nodule_images_original_path: output/crop987/nodules-last-detected-on/2023-05-05/44
Segmented nodule image saved as output/crop987/nodules-last-detected-on/2023-05-05/44/detection/2023-05-05.jpg
Original nodule image saved as output/crop987/nodules-last-detected-on/2023-05-05/44/2023-05-05.jpg


@process_contour: max_id: 20230505_45
Moments: {'m00': 38.5, 'm10': 7836.333333333333, 'm01': 7537.333333333333, 'm20': 1595133.5833333333, 'm11': 1534155.0416666665, 'm02': 1475744.9166666665, 'm30': 324723109.20000005, 'm21': 312286204.15, 'm12': 300373891.31666666, 'm03': 288962440.7, 'mu20': 117.47655122634023, 'mu11': -2.268578643677756, 'mu02': 124.29906204878353, 'mu30': 1.64096200466156, 'mu21': 23.00452241072344, 'mu12': -1.7717842599740834, 'mu03': -29.91860395669937, 'nu20': 0.07925555825693388, 'nu11': -0.0015304966393508224, 'nu02': 0.08385836535590052, 'nu30': 0.00017842130092081746, 'nu21': 0.0025012747424520087, 'nu12': -0.00019264556505121686, 'nu03': -0.003253040731305645}
Centroid: 203, 195
Processing contour#21: area: 38.5 centroid: 203, 195 rectangle: (200, 192, 8, 8)
@find_dayJSON_match_for_contour: x: 200, y: 192, w: 8, h: 8, area: 38.5
Matched with JSON#30: (203, 195, 6, 145.0, 42.1421, 0.19467)
Match with input JSON(nodules) ID: 30
Matched contour: {'x': 203, 'y': 195, 'd': 6, 'a': 145.0, 'p': 42.1421, 'e': 0.19467, 'id': 30, 'tq': 100}
JSON_entry: 30
WARNING: match is empty
entry_id:20230505_45, entry saved to results list
created dirs at nodule_detection_path: output/crop987/nodules-last-detected-on/2023-05-05/45/detection and nodule_images_original_path: output/crop987/nodules-last-detected-on/2023-05-05/45
Segmented nodule image saved as output/crop987/nodules-last-detected-on/2023-05-05/45/detection/2023-05-05.jpg
Original nodule image saved as output/crop987/nodules-last-detected-on/2023-05-05/45/2023-05-05.jpg


@process_contour: max_id: 20230505_46
Moments: {'m00': 9.0, 'm10': 1714.5, 'm01': 1669.5, 'm20': 326619.0, 'm11': 318039.75, 'm02': 309699.0, 'm30': 62223491.25, 'm21': 60587824.5, 'm12': 58997659.5, 'm03': 57451668.75, 'mu20': 6.75, 'mu11': 0.0, 'mu02': 6.75, 'mu30': 0.0, 'mu21': 0.0, 'mu12': 0.0, 'mu03': 0.0, 'nu20': 0.08333333333333333, 'nu11': 0.0, 'nu02': 0.08333333333333333, 'nu30': 0.0, 'nu21': 0.0, 'nu12': 0.0, 'nu03': 0.0}
Centroid: 190, 185
Processing contour#22: area: 9.0 centroid: 190, 185 rectangle: (189, 184, 4, 4)
@find_dayJSON_match_for_contour: x: 189, y: 184, w: 4, h: 4, area: 9.0
Matched with JSON#29: (190, 185, 3, 41.0, 21.0711, 0.114478)
Match with input JSON(nodules) ID: 29
Matched contour: {'x': 190, 'y': 185, 'd': 3, 'a': 41.0, 'p': 21.0711, 'e': 0.114478, 'id': 29, 'tq': 100}
JSON_entry: 29
WARNING: match is empty
entry_id:20230505_46, entry saved to results list
created dirs at nodule_detection_path: output/crop987/nodules-last-detected-on/2023-05-05/46/detection and nodule_images_original_path: output/crop987/nodules-last-detected-on/2023-05-05/46
Segmented nodule image saved as output/crop987/nodules-last-detected-on/2023-05-05/46/detection/2023-05-05.jpg
Original nodule image saved as output/crop987/nodules-last-detected-on/2023-05-05/46/2023-05-05.jpg


@process_contour: max_id: 20230505_47
Moments: {'m00': 18.0, 'm10': 2992.0, 'm01': 3350.333333333333, 'm20': 497364.0, 'm11': 556901.0833333333, 'm02': 623624.0, 'm30': 82681967.0, 'm21': 92574581.03333333, 'm12': 103660622.33333333, 'm03': 116085222.10000001, 'mu20': 27.111111111182254, 'mu11': 1.2314814815763384, 'mu02': 27.697530864388682, 'mu30': 4.728395044803619, 'mu21': -5.476954745223338, 'mu12': -3.2081618895745123, 'mu03': 7.289528995752335, 'nu20': 0.08367626886167362, 'nu11': 0.0038008687702973405, 'nu02': 0.08548620637157, 'nu30': 0.0034397944447628684, 'nu21': -0.003984353745472491, 'nu12': -0.0023338611391588325, 'nu03': 0.005302958214560122}
Centroid: 166, 186
Processing contour#23: area: 18.0 centroid: 166, 186 rectangle: (164, 184, 6, 6)
@find_dayJSON_match_for_contour: x: 164, y: 184, w: 6, h: 6, area: 18.0
Matched with JSON#28: (165, 185, 5, 82.0, 31.5563, 0.503613)
Match with input JSON(nodules) ID: 28
Matched contour: {'x': 165, 'y': 185, 'd': 5, 'a': 82.0, 'p': 31.5563, 'e': 0.503613, 'id': 28, 'tq': 100}
JSON_entry: 28
WARNING: match is empty
entry_id:20230505_47, entry saved to results list
created dirs at nodule_detection_path: output/crop987/nodules-last-detected-on/2023-05-05/47/detection and nodule_images_original_path: output/crop987/nodules-last-detected-on/2023-05-05/47
Segmented nodule image saved as output/crop987/nodules-last-detected-on/2023-05-05/47/detection/2023-05-05.jpg
Original nodule image saved as output/crop987/nodules-last-detected-on/2023-05-05/47/2023-05-05.jpg


@process_contour: max_id: 20230505_48
Moments: {'m00': 19.5, 'm10': 4069.833333333333, 'm01': 3512.1666666666665, 'm20': 849446.5833333333, 'm11': 733024.875, 'm02': 632610.5833333333, 'm30': 177301716.95000002, 'm21': 152995875.68333334, 'm12': 132032743.14999999, 'm03': 113951134.05000001, 'mu20': 34.103276353445835, 'mu11': 2.6712962964084, 'mu02': 30.34259259258397, 'mu30': -6.590403497219086, 'mu21': -7.319673982616223, 'mu12': 4.527176307612535, 'mu03': 8.909053549170494, 'nu20': 0.08968645983812185, 'nu11': 0.007025105315998421, 'nu02': 0.07979643022375796, 'nu30': -0.00392487180836155, 'nu21': -0.004359184088332443, 'nu12': 0.002696130315651915, 'nu03': 0.005305728720415596}
Centroid: 208, 180
Processing contour#24: area: 19.5 centroid: 208, 180 rectangle: (206, 178, 6, 6)
@find_dayJSON_match_for_contour: x: 206, y: 178, w: 6, h: 6, area: 19.5
Matched with JSON#26: (208, 179, 5, 94.0, 34.1421, 0.430234)
Match with input JSON(nodules) ID: 26
Matched contour: {'x': 208, 'y': 179, 'd': 5, 'a': 94.0, 'p': 34.1421, 'e': 0.430234, 'id': 26, 'tq': 100}
JSON_entry: 26
WARNING: match is empty
entry_id:20230505_48, entry saved to results list
created dirs at nodule_detection_path: output/crop987/nodules-last-detected-on/2023-05-05/48/detection and nodule_images_original_path: output/crop987/nodules-last-detected-on/2023-05-05/48
Segmented nodule image saved as output/crop987/nodules-last-detected-on/2023-05-05/48/detection/2023-05-05.jpg
Original nodule image saved as output/crop987/nodules-last-detected-on/2023-05-05/48/2023-05-05.jpg


@process_contour: max_id: 20230505_49
Moments: {'m00': 12.0, 'm10': 2172.0, 'm01': 2154.0, 'm20': 393148.0, 'm11': 389874.0, 'm02': 386652.0, 'm30': 71165580.0, 'm21': 70570066.0, 'm12': 69984012.0, 'm03': 69407265.0, 'mu20': 16.0, 'mu11': 0.0, 'mu02': 9.0, 'mu30': 0.0, 'mu21': 0.0, 'mu12': 0.0, 'mu03': 0.0, 'nu20': 0.1111111111111111, 'nu11': 0.0, 'nu02': 0.0625, 'nu30': 0.0, 'nu21': 0.0, 'nu12': 0.0, 'nu03': 0.0}
Centroid: 181, 179
Processing contour#25: area: 12.0 centroid: 181, 179 rectangle: (179, 178, 5, 4)
@find_dayJSON_match_for_contour: x: 179, y: 178, w: 5, h: 4, area: 12.0
Matched with JSON#27: (181, 179, 4, 61.0, 26.4853, 0.5083)
Match with input JSON(nodules) ID: 27
Matched contour: {'x': 181, 'y': 179, 'd': 4, 'a': 61.0, 'p': 26.4853, 'e': 0.5083, 'id': 27, 'tq': 100}
JSON_entry: 27
WARNING: match is empty
entry_id:20230505_49, entry saved to results list
created dirs at nodule_detection_path: output/crop987/nodules-last-detected-on/2023-05-05/49/detection and nodule_images_original_path: output/crop987/nodules-last-detected-on/2023-05-05/49
Segmented nodule image saved as output/crop987/nodules-last-detected-on/2023-05-05/49/detection/2023-05-05.jpg
Original nodule image saved as output/crop987/nodules-last-detected-on/2023-05-05/49/2023-05-05.jpg


@process_contour: max_id: 20230505_50
Moments: {'m00': 8.5, 'm10': 1343.3333333333333, 'm01': 1426.5, 'm20': 212307.5833333333, 'm11': 225442.4583333333, 'm02': 239405.41666666666, 'm30': 33555526.7, 'm21': 35630058.03333333, 'm12': 37835282.733333334, 'm03': 40179589.35, 'mu20': 8.236928104568506, 'mu11': -0.4828431372588966, 'mu02': 5.151960784307448, 'mu30': -0.7695629820227623, 'mu21': 2.6937524097379537, 'mu12': 0.5171664801823681, 'mu03': -1.875778540968895, 'nu20': 0.11400592532274749, 'nu11': -0.006682949996662929, 'nu02': 0.07130741569975707, 'nu30': -0.0036533968884416256, 'nu21': 0.012788227736865962, 'nu12': 0.00245517839818429, 'nu03': -0.008905006666210245}
Centroid: 158, 167
Processing contour#26: area: 8.5 centroid: 158, 167 rectangle: (156, 166, 5, 4)
@find_dayJSON_match_for_contour: x: 156, y: 166, w: 5, h: 4, area: 8.5
Matched with JSON#24: (158, 167, 3, 43.0, 21.8995, 0.494956)
Match with input JSON(nodules) ID: 24
Matched contour: {'x': 158, 'y': 167, 'd': 3, 'a': 43.0, 'p': 21.8995, 'e': 0.494956, 'id': 24, 'tq': 100}
JSON_entry: 24
Matched with first_id: 24 second_id: 11 name: 20230519_58
entry_id:20230519_58, entry saved to results list
created dirs at nodule_detection_path: output/crop987/nodules-last-detected-on/2023-05-19/58/detection and nodule_images_original_path: output/crop987/nodules-last-detected-on/2023-05-19/58
Segmented nodule image saved as output/crop987/nodules-last-detected-on/2023-05-19/58/detection/2023-05-05.jpg
Original nodule image saved as output/crop987/nodules-last-detected-on/2023-05-19/58/2023-05-05.jpg


@process_contour: max_id: 20230505_51
Moments: {'m00': 21.5, 'm10': 3543.5, 'm01': 3492.6666666666665, 'm20': 584054.5833333333, 'm11': 575641.7916666666, 'm02': 567422.4166666666, 'm30': 96272316.85000001, 'm21': 94879964.26666667, 'm12': 93519658.03333333, 'm03': 92190571.30000001, 'mu20': 36.33914728683885, 'mu11': 1.590116279083304, 'mu02': 40.07041343674064, 'mu30': -6.479231998324394, 'mu21': -0.5647887674931553, 'mu12': 9.617027221984245, 'mu03': 0.797406017780304, 'nu20': 0.07861362311917544, 'nu11': 0.0034399486837929775, 'nu02': 0.08668558883015821, 'nu30': -0.0030229250604987576, 'nu21': -0.0002635056314675562, 'nu12': 0.004486882489213717, 'nu03': 0.0003720346231102671}
Centroid: 164, 162
Processing contour#27: area: 21.5 centroid: 164, 162 rectangle: (162, 160, 6, 6)
@find_dayJSON_match_for_contour: x: 162, y: 160, w: 6, h: 6, area: 21.5
Matched with JSON#23: (164, 162, 5, 84.0, 31.3137, 0.507763)
Match with input JSON(nodules) ID: 23
Matched contour: {'x': 164, 'y': 162, 'd': 5, 'a': 84.0, 'p': 31.3137, 'e': 0.507763, 'id': 23, 'tq': 100}
JSON_entry: 23
WARNING: match is empty
entry_id:20230505_51, entry saved to results list
created dirs at nodule_detection_path: output/crop987/nodules-last-detected-on/2023-05-05/51/detection and nodule_images_original_path: output/crop987/nodules-last-detected-on/2023-05-05/51
Segmented nodule image saved as output/crop987/nodules-last-detected-on/2023-05-05/51/detection/2023-05-05.jpg
Original nodule image saved as output/crop987/nodules-last-detected-on/2023-05-05/51/2023-05-05.jpg


@process_contour: max_id: 20230505_52
Moments: {'m00': 28.0, 'm10': 5084.166666666666, 'm01': 4326.0, 'm20': 923251.1666666666, 'm11': 785503.75, 'm02': 668416.0, 'm30': 167671117.15, 'm21': 142642305.25, 'm12': 121369233.05, 'm03': 103285413.0, 'mu20': 81.49900793668348, 'mu11': 1.1641532182693481e-10, 'mu02': 49.0, 'mu30': -8.407386183738708, 'mu21': -3.8475263863801956e-08, 'mu12': 6.383333315452546, 'mu03': 0.0, 'nu20': 0.10395281624576974, 'nu11': 1.4848893090170256e-13, 'nu02': 0.06249999999999999, 'nu30': -0.0020265901073481243, 'nu21': -9.27441507026331e-12, 'nu12': 0.0015386946509038677, 'nu03': 0.0}
Centroid: 181, 154
Processing contour#28: area: 28.0 centroid: 181, 154 rectangle: (178, 152, 8, 6)
@find_dayJSON_match_for_contour: x: 178, y: 152, w: 8, h: 6, area: 28.0
Matched with JSON#22: (181, 154, 5, 109.0, 36.1421, 0.297878)
Match with input JSON(nodules) ID: 22
Matched contour: {'x': 181, 'y': 154, 'd': 5, 'a': 109.0, 'p': 36.1421, 'e': 0.297878, 'id': 22, 'tq': 100}
JSON_entry: 22
WARNING: match is empty
entry_id:20230505_52, entry saved to results list
created dirs at nodule_detection_path: output/crop987/nodules-last-detected-on/2023-05-05/52/detection and nodule_images_original_path: output/crop987/nodules-last-detected-on/2023-05-05/52
Segmented nodule image saved as output/crop987/nodules-last-detected-on/2023-05-05/52/detection/2023-05-05.jpg
Original nodule image saved as output/crop987/nodules-last-detected-on/2023-05-05/52/2023-05-05.jpg


@process_contour: max_id: 20230505_53
Moments: {'m00': 38.5, 'm10': 5477.166666666666, 'm01': 5648.5, 'm20': 779412.0833333333, 'm11': 803582.375, 'm02': 828788.0833333333, 'm30': 110941553.55000001, 'm21': 114352027.11666666, 'm12': 117907871.85, 'm03': 121616289.35000001, 'mu20': 208.06529581535142, 'mu11': 3.779761904850602, 'mu02': 72.4404761902988, 'mu30': 18.51010352373123, 'mu21': 64.5847144467989, 'mu12': -2.5327046037655236, 'mu03': -18.410204023122787, 'nu20': 0.140371257085749, 'nu11': 0.0025500164647330767, 'nu02': 0.04887196909448393, 'nu30': 0.0020125979404162237, 'nu21': 0.007022276407657587, 'nu12': -0.0002753802031785543, 'nu03': -0.0020017358980232466}
Centroid: 142, 146
Processing contour#29: area: 38.5 centroid: 142, 146 rectangle: (138, 144, 10, 6)
@find_dayJSON_match_for_contour: x: 138, y: 144, w: 10, h: 6, area: 38.5
Matched with JSON#21: (142, 146, 7, 159.0, 45.799, 0.737989)
Match with input JSON(nodules) ID: 21
Matched contour: {'x': 142, 'y': 146, 'd': 7, 'a': 159.0, 'p': 45.799, 'e': 0.737989, 'id': 21, 'tq': 100}
JSON_entry: 21
WARNING: match is empty
entry_id:20230505_53, entry saved to results list
created dirs at nodule_detection_path: output/crop987/nodules-last-detected-on/2023-05-05/53/detection and nodule_images_original_path: output/crop987/nodules-last-detected-on/2023-05-05/53
Segmented nodule image saved as output/crop987/nodules-last-detected-on/2023-05-05/53/detection/2023-05-05.jpg
Original nodule image saved as output/crop987/nodules-last-detected-on/2023-05-05/53/2023-05-05.jpg


@process_contour: max_id: 20230505_54
Moments: {'m00': 34.0, 'm10': 5753.166666666666, 'm01': 4577.333333333333, 'm20': 973577.1666666666, 'm11': 774563.0, 'm02': 616401.3333333333, 'm30': 164766567.65, 'm21': 131079947.78333333, 'm12': 104309611.05, 'm03': 83029683.60000001, 'mu20': 79.32271241850685, 'mu11': 28.836601307266392, 'mu02': 166.61437908490188, 'mu30': -32.82836574316025, 'mu21': -23.42556069089551, 'mu12': 93.5883826713216, 'mu03': 281.57411256432533, 'nu20': 0.0686182633378087, 'nu11': 0.024945156840195843, 'nu02': 0.14413008571358296, 'nu30': -0.004870258025512793, 'nu21': -0.00347530321337245, 'nu12': 0.013884321119297015, 'nu03': 0.041772977437317754}
Centroid: 169, 134
Processing contour#30: area: 34.0 centroid: 169, 134 rectangle: (166, 131, 7, 11)
@find_dayJSON_match_for_contour: x: 166, y: 131, w: 7, h: 11, area: 34.0
Matched with JSON#19: (169, 133, 6, 118.0, 38.3848, 0.421113)
Match with input JSON(nodules) ID: 19
Matched contour: {'x': 169, 'y': 133, 'd': 6, 'a': 118.0, 'p': 38.3848, 'e': 0.421113, 'id': 19, 'tq': 100}
JSON_entry: 19
Matched with first_id: 19 second_id: 10 name: 20230602_28
entry_id:20230602_28, entry saved to results list
created dirs at nodule_detection_path: output/crop987/nodules-last-detected-on/2023-06-02/28/detection and nodule_images_original_path: output/crop987/nodules-last-detected-on/2023-06-02/28
Segmented nodule image saved as output/crop987/nodules-last-detected-on/2023-06-02/28/detection/2023-05-05.jpg
Original nodule image saved as output/crop987/nodules-last-detected-on/2023-06-02/28/2023-05-05.jpg


@process_contour: max_id: 20230505_55
Moments: {'m00': 23.0, 'm10': 4791.333333333333, 'm01': 3000.0, 'm20': 998167.5, 'm11': 624953.3333333333, 'm02': 391349.1666666666, 'm30': 207954805.60000002, 'm21': 130194428.33333333, 'm12': 81524565.86666666, 'm03': 51057240.0, 'mu20': 42.49516908230726, 'mu11': -3.188405797118321, 'mu02': 44.818840579653624, 'mu30': 4.206945300102234, 'mu21': -4.126233986983607, 'mu12': -7.037135042079171, 'mu03': 4.650283575057983, 'nu20': 0.08033113248073205, 'nu11': -0.0060272321306584515, 'nu02': 0.08472370619972329, 'nu30': 0.001658239573196563, 'nu21': -0.0016264258261971158, 'nu12': -0.0027738073533830746, 'nu03': 0.0018329889505717472}
Centroid: 208, 130
Processing contour#31: area: 23.0 centroid: 208, 130 rectangle: (206, 128, 6, 6)
@find_dayJSON_match_for_contour: x: 206, y: 128, w: 6, h: 6, area: 23.0
Matched with JSON#18: (207, 130, 5, 100.0, 34.1421, 0.312126)
Match with input JSON(nodules) ID: 18
Matched contour: {'x': 207, 'y': 130, 'd': 5, 'a': 100.0, 'p': 34.1421, 'e': 0.312126, 'id': 18, 'tq': 100}
JSON_entry: 18
WARNING: match is empty
entry_id:20230505_55, entry saved to results list
created dirs at nodule_detection_path: output/crop987/nodules-last-detected-on/2023-05-05/55/detection and nodule_images_original_path: output/crop987/nodules-last-detected-on/2023-05-05/55
Segmented nodule image saved as output/crop987/nodules-last-detected-on/2023-05-05/55/detection/2023-05-05.jpg
Original nodule image saved as output/crop987/nodules-last-detected-on/2023-05-05/55/2023-05-05.jpg


@process_contour: max_id: 20230505_56
Moments: {'m00': 47.0, 'm10': 7798.166666666666, 'm01': 5873.833333333333, 'm20': 1294118.3333333333, 'm11': 974539.8333333333, 'm02': 734221.0, 'm30': 214804074.95000002, 'm21': 161720218.36666667, 'm12': 121811372.39999999, 'm03': 91793850.85000001, 'mu20': 258.6873522461392, 'mu11': -37.42848699761089, 'mu02': 137.63770685589407, 'mu30': 138.27134111523628, 'mu21': -29.642944670602446, 'mu12': -75.06335279349514, 'mu03': 48.60033531486988, 'nu20': 0.11710608974474386, 'nu11': -0.01694363376985554, 'nu02': 0.06230769889356907, 'nu30': 0.009130352193832694, 'nu21': -0.001957386995178807, 'nu12': -0.004956593624729121, 'nu03': 0.003209184018786021}
Centroid: 165, 124
Processing contour#32: area: 47.0 centroid: 165, 124 rectangle: (162, 122, 10, 8)
@find_dayJSON_match_for_contour: x: 162, y: 122, w: 10, h: 8, area: 47.0
Matched with JSON#17: (165, 124, 7, 184.0, 49.4558, 0.739887)
Match with input JSON(nodules) ID: 17
Matched contour: {'x': 165, 'y': 124, 'd': 7, 'a': 184.0, 'p': 49.4558, 'e': 0.739887, 'id': 17, 'tq': 100}
JSON_entry: 17
WARNING: match is empty
entry_id:20230505_56, entry saved to results list
created dirs at nodule_detection_path: output/crop987/nodules-last-detected-on/2023-05-05/56/detection and nodule_images_original_path: output/crop987/nodules-last-detected-on/2023-05-05/56
Segmented nodule image saved as output/crop987/nodules-last-detected-on/2023-05-05/56/detection/2023-05-05.jpg
Original nodule image saved as output/crop987/nodules-last-detected-on/2023-05-05/56/2023-05-05.jpg


@process_contour: max_id: 20230505_57
Moments: {'m00': 33.0, 'm10': 6388.166666666666, 'm01': 3965.5, 'm20': 1236734.3333333333, 'm11': 767644.5, 'm02': 476593.0, 'm30': 239449789.15, 'm21': 148614158.66666666, 'm12': 92259217.63333333, 'm03': 57287919.75, 'mu20': 107.8678451180458, 'mu11': -0.19444444437976927, 'mu02': 72.08333333331393, 'mu30': -4.767193853855133, 'mu21': -8.440796891849459, 'mu12': 6.299158235586219, 'mu03': 3.555555559694767, 'nu20': 0.09905219937377945, 'nu11': -0.00017855320879684968, 'nu02': 0.06619222528311657, 'nu30': -0.0007620403411988166, 'nu21': -0.001349269180285853, 'nu12': 0.0010069262627593009, 'nu03': 0.0005683588406353668}
Centroid: 193, 120
Processing contour#33: area: 33.0 centroid: 193, 120 rectangle: (190, 117, 8, 7)
@find_dayJSON_match_for_contour: x: 190, y: 117, w: 8, h: 7, area: 33.0
Matched with JSON#16: (193, 120, 6, 125.0, 38.9706, 0.261911)
Match with input JSON(nodules) ID: 16
Matched contour: {'x': 193, 'y': 120, 'd': 6, 'a': 125.0, 'p': 38.9706, 'e': 0.261911, 'id': 16, 'tq': 100}
JSON_entry: 16
WARNING: match is empty
entry_id:20230505_57, entry saved to results list
created dirs at nodule_detection_path: output/crop987/nodules-last-detected-on/2023-05-05/57/detection and nodule_images_original_path: output/crop987/nodules-last-detected-on/2023-05-05/57
Segmented nodule image saved as output/crop987/nodules-last-detected-on/2023-05-05/57/detection/2023-05-05.jpg
Original nodule image saved as output/crop987/nodules-last-detected-on/2023-05-05/57/2023-05-05.jpg


@process_contour: max_id: 20230505_58
Moments: {'m00': 46.5, 'm10': 9282.5, 'm01': 4544.166666666666, 'm20': 1853194.0833333333, 'm11': 907154.2916666666, 'm02': 444242.4166666666, 'm30': 370016279.15000004, 'm21': 181113990.18333334, 'm12': 88687338.71666667, 'm03': 43446020.050000004, 'mu20': 187.49731182749383, 'mu11': 31.128584229387343, 'mu02': 168.2081839904422, 'mu30': 43.319123804569244, 'mu21': -2.9889986833259172, 'mu12': -40.63081729388796, 'mu03': -8.203367970883846, 'nu20': 0.08671398396461735, 'nu11': 0.014396385352936686, 'nu02': 0.07779312474988656, 'nu30': 0.0029379694906661634, 'nu21': -0.00020271848015371465, 'nu12': -0.002755644415358252, 'nu03': -0.0005563650116261716}
Centroid: 199, 97
Processing contour#34: area: 46.5 centroid: 199, 97 rectangle: (196, 94, 9, 9)
@find_dayJSON_match_for_contour: x: 196, y: 94, w: 9, h: 9, area: 46.5
Matched with JSON#12: (199, 97, 7, 157.0, 45.2132, 0.536935)
Match with input JSON(nodules) ID: 12
Matched contour: {'x': 199, 'y': 97, 'd': 7, 'a': 157.0, 'p': 45.2132, 'e': 0.536935, 'id': 12, 'tq': 100}
JSON_entry: 12
WARNING: match is empty
entry_id:20230505_58, entry saved to results list
created dirs at nodule_detection_path: output/crop987/nodules-last-detected-on/2023-05-05/58/detection and nodule_images_original_path: output/crop987/nodules-last-detected-on/2023-05-05/58
Segmented nodule image saved as output/crop987/nodules-last-detected-on/2023-05-05/58/detection/2023-05-05.jpg
Original nodule image saved as output/crop987/nodules-last-detected-on/2023-05-05/58/2023-05-05.jpg


@process_contour: max_id: 20230505_59
Moments: {'m00': 158.0, 'm10': 26067.0, 'm01': 16143.666666666666, 'm20': 4302733.666666666, 'm11': 2663121.6666666665, 'm02': 1651929.3333333333, 'm30': 710590178.3000001, 'm21': 439539701.8, 'm12': 272477195.76666665, 'm03': 169289454.9, 'mu20': 2173.609704640694, 'mu11': -276.8080168776214, 'mu02': 2448.4887482419144, 'mu30': 3612.1142929792404, 'mu21': -1228.3326531537168, 'mu12': -3212.7098506488837, 'mu03': 3051.820255547762, 'nu20': 0.08706976865248733, 'nu11': -0.01108828780955061, 'nu02': 0.0980807862618937, 'nu30': 0.0115111514062446, 'nu21': -0.003914472799260295, 'nu12': -0.010238322078300117, 'nu03': 0.009725596195706057}
Centroid: 164, 102
Processing contour#35: area: 158.0 centroid: 164, 102 rectangle: (158, 94, 17, 18)
@find_dayJSON_match_for_contour: x: 158, y: 94, w: 17, h: 18, area: 158.0
Matched with JSON#13: (161, 99, 7, 164.0, 53.2132, 0.882833)
Match with input JSON(nodules) ID: 13
Matched contour: {'x': 161, 'y': 99, 'd': 7, 'a': 164.0, 'p': 53.2132, 'e': 0.882833, 'id': 13, 'tq': 100}
JSON_entry: 13
WARNING: match is empty
entry_id:20230505_59, entry saved to results list
created dirs at nodule_detection_path: output/crop987/nodules-last-detected-on/2023-05-05/59/detection and nodule_images_original_path: output/crop987/nodules-last-detected-on/2023-05-05/59
Segmented nodule image saved as output/crop987/nodules-last-detected-on/2023-05-05/59/detection/2023-05-05.jpg
Original nodule image saved as output/crop987/nodules-last-detected-on/2023-05-05/59/2023-05-05.jpg


@process_contour: max_id: 20230505_60
Moments: {'m00': 21.5, 'm10': 4105.666666666666, 'm01': 2022.1666666666665, 'm20': 784070.75, 'm11': 386155.125, 'm02': 190225.25, 'm30': 149745281.8, 'm21': 73745057.6, 'm12': 36325588.266666666, 'm03': 17897500.05, 'mu20': 47.55103359196801, 'mu11': -0.329780361673329, 'mu02': 31.85335917316843, 'mu30': -1.919558197259903, 'mu21': -13.424272413708422, 'mu12': 0.6228702113003237, 'mu03': 12.361134141683578, 'nu20': 0.10286865028008221, 'nu11': -0.0007134242545664229, 'nu02': 0.06890937625347415, 'nu30': -0.0008955815413128315, 'nu21': -0.00626317586850663, 'nu12': 0.0002906038820133069, 'nu03': 0.005767162247430803}
Centroid: 190, 94
Processing contour#36: area: 21.5 centroid: 190, 94 rectangle: (188, 92, 7, 6)
@find_dayJSON_match_for_contour: x: 188, y: 92, w: 7, h: 6, area: 21.5
Matched with JSON#11: (190, 94, 4, 77.0, 30.1421, 0.352166)
Match with input JSON(nodules) ID: 11
Matched contour: {'x': 190, 'y': 94, 'd': 4, 'a': 77.0, 'p': 30.1421, 'e': 0.352166, 'id': 11, 'tq': 100}
JSON_entry: 11
Matched with first_id: 11 second_id: 6 name: 20230508_11
entry_id:20230508_11, entry saved to results list
created dirs at nodule_detection_path: output/crop987/nodules-last-detected-on/2023-05-08/11/detection and nodule_images_original_path: output/crop987/nodules-last-detected-on/2023-05-08/11
Segmented nodule image saved as output/crop987/nodules-last-detected-on/2023-05-08/11/detection/2023-05-05.jpg
Original nodule image saved as output/crop987/nodules-last-detected-on/2023-05-08/11/2023-05-05.jpg


@process_contour: max_id: 20230505_61
Moments: {'m00': 24.5, 'm10': 4323.166666666666, 'm01': 2216.1666666666665, 'm20': 762897.4166666666, 'm11': 391053.0416666666, 'm02': 200514.75, 'm30': 134635187.55, 'm21': 69007639.18333334, 'm12': 35381553.18333333, 'm03': 18146704.05, 'mu20': 49.660430839285254, 'mu11': -2.3812358275754377, 'mu02': 49.660430839052424, 'mu30': 1.3272262513637543, 'mu21': -3.1000979710361207, 'mu12': -3.1000979634773103, 'mu03': 1.3272263072431087, 'nu20': 0.08273291268518991, 'nu11': -0.0039670734320290495, 'nu02': 0.08273291268480203, 'nu30': 0.0004467141940896587, 'nu21': -0.0010434225252155876, 'nu12': -0.0010434225226714638, 'nu03': 0.0004467142128973795}
Centroid: 176, 90
Processing contour#37: area: 24.5 centroid: 176, 90 rectangle: (174, 88, 6, 6)
@find_dayJSON_match_for_contour: x: 174, y: 88, w: 6, h: 6, area: 24.5
Matched with JSON#10: (176, 90, 6, 115.0, 36.9706, 0.18548)
Match with input JSON(nodules) ID: 10
Matched contour: {'x': 176, 'y': 90, 'd': 6, 'a': 115.0, 'p': 36.9706, 'e': 0.18548, 'id': 10, 'tq': 100}
JSON_entry: 10
Matched with first_id: 10 second_id: 4 name: 20230505_6
entry_id:20230505_6, entry saved to results list
created dirs at nodule_detection_path: output/crop987/nodules-last-detected-on/2023-05-05/6/detection and nodule_images_original_path: output/crop987/nodules-last-detected-on/2023-05-05/6
Segmented nodule image saved as output/crop987/nodules-last-detected-on/2023-05-05/6/detection/2023-05-05.jpg
Original nodule image saved as output/crop987/nodules-last-detected-on/2023-05-05/6/2023-05-05.jpg


@process_contour: max_id: 20230505_62
Moments: {'m00': 23.5, 'm10': 3888.6666666666665, 'm01': 2091.833333333333, 'm20': 643517.0833333333, 'm11': 346148.0416666666, 'm02': 186253.91666666666, 'm30': 106499104.30000001, 'm21': 57282666.733333334, 'm12': 30820672.933333334, 'm03': 16588326.950000001, 'mu20': 39.277186761260964, 'mu11': 1.5499408983741887, 'mu02': 51.07860520097893, 'mu30': 2.0377563387155533, 'mu21': 5.461285490289811, 'mu12': -2.884277282106268, 'mu03': -6.973624734207988, 'nu20': 0.07112211274107916, 'nu11': 0.0028065928444983047, 'nu02': 0.09249181566496863, 'nu30': 0.0007611716369215941, 'nu21': 0.0020399767810121436, 'nu12': -0.0010773761408296866, 'nu03': -0.0026048871758435304}
Centroid: 165, 89
Processing contour#38: area: 23.5 centroid: 165, 89 rectangle: (163, 86, 6, 7)
@find_dayJSON_match_for_contour: x: 163, y: 86, w: 6, h: 7, area: 23.5
Matched with JSON#9: (165, 89, 5, 93.0, 34.9706, 0.582113)
Match with input JSON(nodules) ID: 9
Matched contour: {'x': 165, 'y': 89, 'd': 5, 'a': 93.0, 'p': 34.9706, 'e': 0.582113, 'id': 9, 'tq': 100}
JSON_entry: 9
Matched with first_id: 9 second_id: 5 name: 20230510_16
entry_id:20230510_16, entry saved to results list
created dirs at nodule_detection_path: output/crop987/nodules-last-detected-on/2023-05-10/16/detection and nodule_images_original_path: output/crop987/nodules-last-detected-on/2023-05-10/16
Segmented nodule image saved as output/crop987/nodules-last-detected-on/2023-05-10/16/detection/2023-05-05.jpg
Original nodule image saved as output/crop987/nodules-last-detected-on/2023-05-10/16/2023-05-05.jpg


@process_contour: max_id: 20230505_63
Moments: {'m00': 15.5, 'm10': 2766.1666666666665, 'm01': 1141.6666666666665, 'm20': 493685.9166666666, 'm11': 203746.79166666666, 'm02': 84104.08333333333, 'm30': 88114802.05000001, 'm21': 36363692.266666666, 'm12': 15009746.266666666, 'm03': 6196764.800000001, 'mu20': 29.269713261688594, 'mu11': 2.2576164875063114, 'mu02': 13.581541218663915, 'mu30': -1.5820287317037582, 'mu21': -0.9428855075698266, 'mu12': 0.025492344081612828, 'mu03': 0.9510964639484882, 'nu20': 0.12183023209859975, 'nu11': 0.00939694687827809, 'nu02': 0.056530868756145325, 'nu30': -0.0016725731516697405, 'nu21': -0.000996849774884554, 'nu12': 2.6951350142746167e-05, 'nu03': 0.0010055306698096992}
Centroid: 178, 73
Processing contour#39: area: 15.5 centroid: 178, 73 rectangle: (176, 72, 6, 5)
@find_dayJSON_match_for_contour: x: 176, y: 72, w: 6, h: 5, area: 15.5
Matched with JSON#8: (178, 73, 4, 73.0, 29.8995, 0.339035)
Match with input JSON(nodules) ID: 8
Matched contour: {'x': 178, 'y': 73, 'd': 4, 'a': 73.0, 'p': 29.8995, 'e': 0.339035, 'id': 8, 'tq': 100}
JSON_entry: 8
Matched with first_id: 8 second_id: 8 name: 20230510_14
entry_id:20230510_14, entry saved to results list
created dirs at nodule_detection_path: output/crop987/nodules-last-detected-on/2023-05-10/14/detection and nodule_images_original_path: output/crop987/nodules-last-detected-on/2023-05-10/14
Segmented nodule image saved as output/crop987/nodules-last-detected-on/2023-05-10/14/detection/2023-05-05.jpg
Original nodule image saved as output/crop987/nodules-last-detected-on/2023-05-10/14/2023-05-05.jpg


@process_contour: max_id: 20230505_64
Moments: {'m00': 55.5, 'm10': 7797.833333333333, 'm01': 3909.6666666666665, 'm20': 1095850.9166666665, 'm11': 549338.2083333333, 'm02': 275674.0833333333, 'm30': 154037105.95000002, 'm21': 77203383.76666667, 'm12': 38736078.733333334, 'm03': 19456331.8, 'mu20': 243.62487487471662, 'mu11': 24.171296296291985, 'mu02': 259.78703703702195, 'mu30': -52.58490946888924, 'mu21': -17.458697587408096, 'mu12': 50.63287176774611, 'mu03': 23.04485597088933, 'nu20': 0.07909256549783836, 'nu11': 0.007847186525863805, 'nu02': 0.08433959485010047, 'nu30': -0.002291546491546225, 'nu21': -0.0007608155573047266, 'nu12': 0.0022064805440985646, 'nu03': 0.0010042493061535548}
Centroid: 140, 70
Processing contour#40: area: 55.5 centroid: 140, 70 rectangle: (136, 66, 10, 10)
@find_dayJSON_match_for_contour: x: 136, y: 66, w: 10, h: 10, area: 55.5
Matched with JSON#7: (140, 70, 7, 188.0, 49.2132, 0.485243)
Match with input JSON(nodules) ID: 7
Matched contour: {'x': 140, 'y': 70, 'd': 7, 'a': 188.0, 'p': 49.2132, 'e': 0.485243, 'id': 7, 'tq': 100}
JSON_entry: 7
WARNING: match is empty
entry_id:20230505_64, entry saved to results list
created dirs at nodule_detection_path: output/crop987/nodules-last-detected-on/2023-05-05/64/detection and nodule_images_original_path: output/crop987/nodules-last-detected-on/2023-05-05/64
Segmented nodule image saved as output/crop987/nodules-last-detected-on/2023-05-05/64/detection/2023-05-05.jpg
Original nodule image saved as output/crop987/nodules-last-detected-on/2023-05-05/64/2023-05-05.jpg


@process_contour: max_id: 20230505_65
Moments: {'m00': 31.5, 'm10': 4853.333333333333, 'm01': 1835.6666666666665, 'm20': 747843.0833333333, 'm11': 282829.2083333333, 'm02': 107066.08333333333, 'm30': 115244871.7, 'm21': 43580815.68333333, 'm12': 16496181.816666666, 'm03': 6250076.800000001, 'mu20': 70.24382716056425, 'mu11': 0.5663580247201025, 'mu02': 92.36552028221195, 'mu30': -4.422542288899422, 'mu21': -13.441135932058842, 'mu12': 8.153168069062303, 'mu03': 21.40574545226991, 'nu20': 0.07079246879371554, 'nu11': 0.0005707815819804509, 'nu02': 0.09308694409897902, 'nu30': -0.0007941373273143363, 'nu21': -0.0024135682754116115, 'nu12': 0.0014640301158366097, 'nu03': 0.0038437397252942883}
Centroid: 154, 58
Processing contour#41: area: 31.5 centroid: 154, 58 rectangle: (151, 55, 7, 8)
@find_dayJSON_match_for_contour: x: 151, y: 55, w: 7, h: 8, area: 31.5
Matched with JSON#6: (153, 58, 6, 122.0, 39.5563, 0.327574)
Match with input JSON(nodules) ID: 6
Matched contour: {'x': 153, 'y': 58, 'd': 6, 'a': 122.0, 'p': 39.5563, 'e': 0.327574, 'id': 6, 'tq': 100}
JSON_entry: 6
Matched with first_id: 6 second_id: 3 name: 20230515_11
entry_id:20230515_11, entry saved to results list
created dirs at nodule_detection_path: output/crop987/nodules-last-detected-on/2023-05-15/11/detection and nodule_images_original_path: output/crop987/nodules-last-detected-on/2023-05-15/11
Segmented nodule image saved as output/crop987/nodules-last-detected-on/2023-05-15/11/detection/2023-05-05.jpg
Original nodule image saved as output/crop987/nodules-last-detected-on/2023-05-15/11/2023-05-05.jpg


@process_contour: max_id: 20230505_66
Moments: {'m00': 15.0, 'm10': 2945.5, 'm01': 767.0, 'm20': 578421.0, 'm11': 150611.5833333333, 'm02': 39234.166666666664, 'm30': 113591630.75, 'm21': 29575945.25, 'm12': 7704114.083333333, 'm03': 2007697.5, 'mu20': 22.983333333279006, 'mu11': -1.650000000023283, 'mu02': 14.900000000001455, 'mu30': 0.7288888990879059, 'mu21': -0.5399999897383623, 'mu12': 0.29555555678871315, 'mu03': 0.004444444552063942, 'nu20': 0.1021481481479067, 'nu11': -0.007333333333436814, 'nu02': 0.06622222222222869, 'nu30': 0.0008364369088601237, 'nu21': -0.0006196773236174379, 'nu12': 0.00033916496276199896, 'nu03': 5.100225106158793e-06}
Centroid: 196, 51
Processing contour#42: area: 15.0 centroid: 196, 51 rectangle: (194, 49, 6, 5)
@find_dayJSON_match_for_contour: x: 194, y: 49, w: 6, h: 5, area: 15.0
Matched with JSON#5: (196, 51, 4, 54.0, 24.7279, 0.368052)
Match with input JSON(nodules) ID: 5
Matched contour: {'x': 196, 'y': 51, 'd': 4, 'a': 54.0, 'p': 24.7279, 'e': 0.368052, 'id': 5, 'tq': 100}
JSON_entry: 5
WARNING: match is empty
entry_id:20230505_66, entry saved to results list
created dirs at nodule_detection_path: output/crop987/nodules-last-detected-on/2023-05-05/66/detection and nodule_images_original_path: output/crop987/nodules-last-detected-on/2023-05-05/66
Segmented nodule image saved as output/crop987/nodules-last-detected-on/2023-05-05/66/detection/2023-05-05.jpg
Original nodule image saved as output/crop987/nodules-last-detected-on/2023-05-05/66/2023-05-05.jpg


@process_contour: max_id: 20230505_67
Moments: {'m00': 58.5, 'm10': 9321.833333333332, 'm01': 2785.333333333333, 'm20': 1485580.4166666665, 'm11': 443761.875, 'm02': 133115.91666666666, 'm30': 236777439.95000002, 'm21': 70708557.56666666, 'm12': 21204743.066666666, 'm03': 6385494.7, 'mu20': 168.84924026601948, 'mu11': -74.24655745481141, 'mu02': 499.1341405508283, 'mu30': -13.321504145860672, 'mu21': -30.908898361774845, 'mu12': 114.24003714146966, 'mu03': -21.706971805542707, 'nu20': 0.04933866323793397, 'nu11': -0.021695246535119124, 'nu02': 0.1458497013809127, 'nu30': -0.000508936500316749, 'nu21': -0.0011808476271634612, 'nu12': 0.004364441437110601, 'nu03': -0.0008292960120888433}
Centroid: 159, 47
Processing contour#43: area: 58.5 centroid: 159, 47 rectangle: (156, 42, 8, 12)
@find_dayJSON_match_for_contour: x: 156, y: 42, w: 8, h: 12, area: 58.5
Matched with JSON#4: (159, 47, 8, 205.0, 57.799, 0.895676)
Match with input JSON(nodules) ID: 4
Matched contour: {'x': 159, 'y': 47, 'd': 8, 'a': 205.0, 'p': 57.799, 'e': 0.895676, 'id': 4, 'tq': 100}
JSON_entry: 4
WARNING: match is empty
entry_id:20230505_67, entry saved to results list
created dirs at nodule_detection_path: output/crop987/nodules-last-detected-on/2023-05-05/67/detection and nodule_images_original_path: output/crop987/nodules-last-detected-on/2023-05-05/67
Segmented nodule image saved as output/crop987/nodules-last-detected-on/2023-05-05/67/detection/2023-05-05.jpg
Original nodule image saved as output/crop987/nodules-last-detected-on/2023-05-05/67/2023-05-05.jpg


@process_contour: max_id: 20230505_68
Moments: {'m00': 25.0, 'm10': 4206.0, 'm01': 1022.5, 'm20': 707664.8333333333, 'm11': 172028.41666666666, 'm02': 41874.0, 'm30': 119073478.0, 'm21': 28944507.416666668, 'm12': 7045127.583333333, 'm03': 1717043.25, 'mu20': 47.39333333319519, 'mu11': 3.016666666662786, 'mu02': 53.75, 'mu30': -0.4687999486923218, 'mu21': 0.6853333359933913, 'mu12': -0.9399999991055665, 'mu03': -0.09999999986030161, 'nu20': 0.0758293333331123, 'nu11': 0.004826666666660458, 'nu02': 0.08600000000000001, 'nu30': -0.000150015983581543, 'nu21': 0.00021930666751788524, 'nu12': -0.0003007999997137813, 'nu03': -3.199999995529652e-05}
Centroid: 168, 40
Processing contour#44: area: 25.0 centroid: 168, 40 rectangle: (165, 38, 7, 7)
@find_dayJSON_match_for_contour: x: 165, y: 38, w: 7, h: 7, area: 25.0
Matched with JSON#3: (167, 40, 5, 81.0, 30.7279, 0.612318)
Match with input JSON(nodules) ID: 3
Matched contour: {'x': 167, 'y': 40, 'd': 5, 'a': 81.0, 'p': 30.7279, 'e': 0.612318, 'id': 3, 'tq': 100}
JSON_entry: 3
Matched with first_id: 3 second_id: 1 name: 20230510_4
entry_id:20230510_4, entry saved to results list
created dirs at nodule_detection_path: output/crop987/nodules-last-detected-on/2023-05-10/4/detection and nodule_images_original_path: output/crop987/nodules-last-detected-on/2023-05-10/4
Segmented nodule image saved as output/crop987/nodules-last-detected-on/2023-05-10/4/detection/2023-05-05.jpg
Original nodule image saved as output/crop987/nodules-last-detected-on/2023-05-10/4/2023-05-05.jpg


@process_contour: max_id: 20230505_69
Moments: {'m00': 81.5, 'm10': 11447.5, 'm01': 2893.0, 'm20': 1609584.25, 'm11': 405845.125, 'm02': 103266.41666666666, 'm30': 226545609.85000002, 'm21': 56996630.199999996, 'm12': 14467703.2, 'm03': 3706551.6, 'mu20': 1666.9953987728804, 'mu11': -506.0099693252123, 'mu02': 573.7908997954801, 'mu30': -5084.156501889229, 'mu21': 3475.14475704667, 'mu12': -1186.7522595229093, 'mu03': 174.9427867080085, 'nu20': 0.2509684818808206, 'nu11': -0.07618050650385222, 'nu02': 0.08638502010545826, 'nu30': -0.08478614486478263, 'nu21': 0.05795339437083842, 'nu12': -0.019790922831963948, 'nu03': 0.002917440572760155}
Centroid: 140, 35
Processing contour#45: area: 81.5 centroid: 140, 35 rectangle: (130, 30, 18, 12)
@find_dayJSON_match_for_contour: x: 130, y: 30, w: 18, h: 12, area: 81.5
Matched with JSON#1: (142, 34, 8, 239.0, 63.6985, 0.790997)
Match with input JSON(nodules) ID: 1
Matched contour: {'x': 142, 'y': 34, 'd': 8, 'a': 239.0, 'p': 63.6985, 'e': 0.790997, 'id': 1, 'tq': 100}
JSON_entry: 1
Matched with first_id: 1 second_id: 0 name: 20230505_0
entry_id:20230505_0, entry saved to results list
created dirs at nodule_detection_path: output/crop987/nodules-last-detected-on/2023-05-05/0/detection and nodule_images_original_path: output/crop987/nodules-last-detected-on/2023-05-05/0
Segmented nodule image saved as output/crop987/nodules-last-detected-on/2023-05-05/0/detection/2023-05-05.jpg
Original nodule image saved as output/crop987/nodules-last-detected-on/2023-05-05/0/2023-05-05.jpg


@process_contour: max_id: 20230505_70
Moments: {'m00': 34.0, 'm10': 7310.0, 'm01': 1003.0, 'm20': 1571730.6666666665, 'm11': 215645.0, 'm02': 29694.0, 'm30': 337956780.0, 'm21': 46366054.666666664, 'm12': 6384210.0, 'm03': 882197.5, 'mu20': 80.66666666651145, 'mu11': 0.0, 'mu02': 105.5, 'mu30': 1.1920928955078125e-07, 'mu21': 2.0954757928848267e-09, 'mu12': 0.0, 'mu03': 0.0, 'nu20': 0.06978085351774346, 'nu11': 0.0, 'nu02': 0.09126297577854671, 'nu30': 1.7685315306057656e-11, 'nu21': 3.1087468311429475e-13, 'nu12': 0.0, 'nu03': 0.0}
Centroid: 215, 29
Processing contour#46: area: 34.0 centroid: 215, 29 rectangle: (212, 26, 7, 8)
@find_dayJSON_match_for_contour: x: 212, y: 26, w: 7, h: 8, area: 34.0
Matched with JSON#0: (215, 29, 5, 100.0, 34.1421, 0.311051)
Match with input JSON(nodules) ID: 0
Matched contour: {'x': 215, 'y': 29, 'd': 5, 'a': 100.0, 'p': 34.1421, 'e': 0.311051, 'id': 0, 'tq': 100}
JSON_entry: 0
WARNING: match is empty
entry_id:20230505_70, entry saved to results list
created dirs at nodule_detection_path: output/crop987/nodules-last-detected-on/2023-05-05/70/detection and nodule_images_original_path: output/crop987/nodules-last-detected-on/2023-05-05/70
Segmented nodule image saved as output/crop987/nodules-last-detected-on/2023-05-05/70/detection/2023-05-05.jpg
Original nodule image saved as output/crop987/nodules-last-detected-on/2023-05-05/70/2023-05-05.jpg


Done analyzing contours, found 44 nodules.


results_entry: {'date': '20230505', 'json': 'output/crop987/20230505/20230505.json', 'log': 'output/crop987/20230505/crop987_20230505.log', 'image': 'data/crop987/20230505.jpg', 'plot': 'output/crop987/plots/20230503_20230505.png', 'match_stats': {'i_dict': {0: 12, 1: 1, 2: 4, 4: 1, 5: 1, 6: 1, 9: 1, 12: 2, 14: 2}, 'average_tracking_quality': 32.0, 'distance_threshold': 20, 'lengths': {'matching': 25, 'unmatched_current': 25, 'unmatched_previous': 0}, 'averages': {'tq': -211.52, 'i': 3.4, 'dx': -7.28, 'dy': -53.92, 'dd': 0.36, 'da': 0.76, 'dp': 1.8784, 'de': -0.0892}}}
