Current memory usage: 2038.2890625 MB
@analyze_image: file_name: data/crop984/20230426.jpg, output_dir: output/crop984, external_logger: <Logger data_crop984.log (DEBUG)>
Loaded image & JSON file: data/crop984/20230426.jpg
Scaled JSON data: scalar_position: 0.5, scalar_size: 0.5

@find_prev_next_date: image_output_dir: output/crop984/20230426
data_dir: data/crop984
Previous date file: data/crop984/20230424.jpg, Next date file: None


Loaded prev_results from JSON file: 20230424, length: 36
Scaled JSON data: scalar_position: 0.5, scalar_size: 0.5
prev_results is not empty, generating matching
Current memory usage: 2038.58984375 MB
current_date:20230426, generating Matching: 20230424_20230426_matching.json
spatial_distances: (16, 36), attribute_distances: (16, 36)
combined_distances: (16, 36)
Current memory usage: 2038.75390625 MB

@find_matching: combined_distances: (16, 36), next_matching: None, current_date_string: 20230426, distance_threshold: 20
next_matching is None
match is None, entry: {'id': '20230426_0', 'p': {'id': 2, 'tq': 62.0, 'dx': -1, 'dy': -1, 'dd': -1, 'da': -21.0, 'dp': -6.83, 'de': 0.05}, 'c': {'id': 0}, 'n': {}, 'i': 0} len(matching): 0
match is None, entry: {'id': '20230426_1', 'p': {'id': 1, 'tq': 46.0, 'dx': -3, 'dy': 0, 'dd': -1, 'da': -28.0, 'dp': -8.66, 'de': -0.12}, 'c': {'id': 1}, 'n': {}, 'i': 0} len(matching): 1
match is None, entry: {'id': '20230426_2', 'p': {'id': 0, 'tq': 22.0, 'dx': 0, 'dy': 0, 'dd': -3, 'da': -48.0, 'dp': -20.14, 'de': 0.15}, 'c': {'id': 2}, 'n': {}, 'i': 0} len(matching): 2
match is None, entry: {'id': '20230426_3', 'p': {'id': 7, 'tq': 34.0, 'dx': -2, 'dy': -18, 'dd': 0, 'da': 1.0, 'dp': 1.59, 'de': -0.13}, 'c': {'id': 3}, 'n': {}, 'i': 0} len(matching): 3
match is None, entry: {'id': '20230426_4', 'p': {'id': 5, 'tq': 49.0, 'dx': -1, 'dy': -1, 'dd': -2, 'da': -27.0, 'dp': -15.11, 'de': 0.14}, 'c': {'id': 4}, 'n': {}, 'i': 0} len(matching): 4
match is None, entry: {'id': '20230426_5', 'p': {'id': 6, 'tq': -261.0, 'dx': 10, 'dy': 9, 'dd': 7, 'da': 204.0, 'dp': 47.04, 'de': -0.15}, 'c': {'id': 5}, 'n': {}, 'i': 0} len(matching): 5
match is None, entry: {'id': '20230426_6', 'p': {'id': 8, 'tq': 78.0, 'dx': 3, 'dy': -1, 'dd': 0, 'da': 7.0, 'dp': 0.83, 'de': -0.31}, 'c': {'id': 6}, 'n': {}, 'i': 0} len(matching): 6
match is None, entry: {'id': '20230426_7', 'p': {'id': 12, 'tq': 89.0, 'dx': 3, 'dy': -1, 'dd': 0, 'da': 0.0, 'dp': 0.0, 'de': 0.04}, 'c': {'id': 7}, 'n': {}, 'i': 0} len(matching): 7
match is None, entry: {'id': '20230426_8', 'p': {'id': 15, 'tq': 34.0, 'dx': 6, 'dy': 14, 'dd': 0, 'da': -8.0, 'dp': -3.38, 'de': 0.1}, 'c': {'id': 8}, 'n': {}, 'i': 0} len(matching): 8
match is None, entry: {'id': '20230426_9', 'p': {'id': 16, 'tq': -110.0, 'dx': -36, 'dy': 41, 'dd': -1, 'da': -12.0, 'dp': -2.83, 'de': -0.23}, 'c': {'id': 9}, 'n': {}, 'i': 0} len(matching): 9
match is None, entry: {'id': '20230426_10', 'p': {'id': 24, 'tq': -0.0, 'dx': -24, 'dy': -13, 'dd': 0, 'da': 3.0, 'dp': 0.59, 'de': 0.0}, 'c': {'id': 10}, 'n': {}, 'i': 0} len(matching): 10
match is None, entry: {'id': '20230426_11', 'p': {'id': 25, 'tq': 76.0, 'dx': 2, 'dy': -1, 'dd': 0, 'da': -11.0, 'dp': -1.41, 'de': -0.05}, 'c': {'id': 11}, 'n': {}, 'i': 0} len(matching): 11
match is None, entry: {'id': '20230426_12', 'p': {'id': 27, 'tq': 3.0, 'dx': -13, 'dy': 18, 'dd': 0, 'da': 12.0, 'dp': 3.76, 'de': 0.43}, 'c': {'id': 12}, 'n': {}, 'i': 0} len(matching): 12
match is None, entry: {'id': '20230426_13', 'p': {'id': 32, 'tq': 76.0, 'dx': 2, 'dy': -2, 'dd': -1, 'da': -9.0, 'dp': -2.59, 'de': -0.18}, 'c': {'id': 13}, 'n': {}, 'i': 0} len(matching): 13
match is None, entry: {'id': '20230426_14', 'p': {'id': 33, 'tq': 68.0, 'dx': 1, 'dy': -2, 'dd': 0, 'da': -15.0, 'dp': -5.41, 'de': -0.23}, 'c': {'id': 14}, 'n': {}, 'i': 0} len(matching): 14
match is None, entry: {'id': '20230426_15', 'p': {'id': 35, 'tq': -207.0, 'dx': -23, 'dy': 51, 'dd': 2, 'da': 73.0, 'dp': 12.49, 'de': 0.1}, 'c': {'id': 15}, 'n': {}, 'i': 0} len(matching): 15
i_dict: {0: 16}
tq_average: 3.6875, dx_average: -4.75, dy_average: 5.8125, dd_average: 0.0, da_average: 7.5625, dp_average: -0.0037, de_average: -0.0244
average_tracking_quality: 53.0833
@find_matching:
Returning:
Matching(lenght=16): [{'id': '20230426_0', 'p': {'id': 2, 'tq': 62.0, 'dx': -1, 'dy': -1, 'dd': -1, 'da': -21.0, 'dp': -6.83, 'de': 0.05}, 'c': {'id': 0}, 'n': {}, 'i': 0}, {'id': '20230426_1', 'p': {'id': 1, 'tq': 46.0, 'dx': -3, 'dy': 0, 'dd': -1, 'da': -28.0, 'dp': -8.66, 'de': -0.12}, 'c': {'id': 1}, 'n': {}, 'i': 0}, {'id': '20230426_2', 'p': {'id': 0, 'tq': 22.0, 'dx': 0, 'dy': 0, 'dd': -3, 'da': -48.0, 'dp': -20.14, 'de': 0.15}, 'c': {'id': 2}, 'n': {}, 'i': 0}, {'id': '20230426_3', 'p': {'id': 7, 'tq': 34.0, 'dx': -2, 'dy': -18, 'dd': 0, 'da': 1.0, 'dp': 1.59, 'de': -0.13}, 'c': {'id': 3}, 'n': {}, 'i': 0}, {'id': '20230426_4', 'p': {'id': 5, 'tq': 49.0, 'dx': -1, 'dy': -1, 'dd': -2, 'da': -27.0, 'dp': -15.11, 'de': 0.14}, 'c': {'id': 4}, 'n': {}, 'i': 0}, {'id': '20230426_5', 'p': {'id': 6, 'tq': -261.0, 'dx': 10, 'dy': 9, 'dd': 7, 'da': 204.0, 'dp': 47.04, 'de': -0.15}, 'c': {'id': 5}, 'n': {}, 'i': 0}, {'id': '20230426_6', 'p': {'id': 8, 'tq': 78.0, 'dx': 3, 'dy': -1, 'dd': 0, 'da': 7.0, 'dp': 0.83, 'de': -0.31}, 'c': {'id': 6}, 'n': {}, 'i': 0}, {'id': '20230426_7', 'p': {'id': 12, 'tq': 89.0, 'dx': 3, 'dy': -1, 'dd': 0, 'da': 0.0, 'dp': 0.0, 'de': 0.04}, 'c': {'id': 7}, 'n': {}, 'i': 0}, {'id': '20230426_8', 'p': {'id': 15, 'tq': 34.0, 'dx': 6, 'dy': 14, 'dd': 0, 'da': -8.0, 'dp': -3.38, 'de': 0.1}, 'c': {'id': 8}, 'n': {}, 'i': 0}, {'id': '20230426_9', 'p': {'id': 16, 'tq': -110.0, 'dx': -36, 'dy': 41, 'dd': -1, 'da': -12.0, 'dp': -2.83, 'de': -0.23}, 'c': {'id': 9}, 'n': {}, 'i': 0}, {'id': '20230426_10', 'p': {'id': 24, 'tq': -0.0, 'dx': -24, 'dy': -13, 'dd': 0, 'da': 3.0, 'dp': 0.59, 'de': 0.0}, 'c': {'id': 10}, 'n': {}, 'i': 0}, {'id': '20230426_11', 'p': {'id': 25, 'tq': 76.0, 'dx': 2, 'dy': -1, 'dd': 0, 'da': -11.0, 'dp': -1.41, 'de': -0.05}, 'c': {'id': 11}, 'n': {}, 'i': 0}, {'id': '20230426_12', 'p': {'id': 27, 'tq': 3.0, 'dx': -13, 'dy': 18, 'dd': 0, 'da': 12.0, 'dp': 3.76, 'de': 0.43}, 'c': {'id': 12}, 'n': {}, 'i': 0}, {'id': '20230426_13', 'p': {'id': 32, 'tq': 76.0, 'dx': 2, 'dy': -2, 'dd': -1, 'da': -9.0, 'dp': -2.59, 'de': -0.18}, 'c': {'id': 13}, 'n': {}, 'i': 0}, {'id': '20230426_14', 'p': {'id': 33, 'tq': 68.0, 'dx': 1, 'dy': -2, 'dd': 0, 'da': -15.0, 'dp': -5.41, 'de': -0.23}, 'c': {'id': 14}, 'n': {}, 'i': 0}, {'id': '20230426_15', 'p': {'id': 35, 'tq': -207.0, 'dx': -23, 'dy': 51, 'dd': 2, 'da': 73.0, 'dp': 12.49, 'de': 0.1}, 'c': {'id': 15}, 'n': {}, 'i': 0}]
Unmatched current(length=0): set()
Unmatched previous(length=20): {3, 4, 9, 10, 11, 13, 14, 17, 18, 19, 20, 21, 22, 23, 26, 28, 29, 30, 31, 34}
Distance threshold: 20



@plot_data: normalized_points: (16, 2), normalized_prev_points: (36, 2), current_points: (16, 2), prev_points: (36, 2), current_data: 16, prev_data: 36, matching: 16, unmatched_current: 0, unmatched_prev: 20, combined_distances: (16, 36), distance_threshold: 20, current_date_string: 20230426, previous_date_string: 20230424, filename: output/crop984/plots/20230424_20230426.png
Plots created
Plotted the normalized points
Drawing lines between the matched points
Plotting the unmatched points
Plotted the original points with diameter as size
Drawing lines between the matched points and add the indices to the plots with color coding
Setting the titles and labels
Done plotting

@process_image: output_dir: output/crop984/20230426, image_name: 20230426, date_string: 20230426
len(json_data) = 16 json_data entries
len(matching) = 16 matching entries, setting max_id_i to 16
crop_dir: output/crop984
nodules_dir: output/crop984/nodules-last-detected-on
Split image into left and right images: (705, 300, 3), (705, 300, 3)
Converted right image to HSV: (705, 300, 3)
Created mask to detect nodules: (705, 300)

Found 14 contours in mask, processing each contour...

@process_contour: max_id: 20230426_16
Moments: {'m00': 34.5, 'm10': 2557.333333333333, 'm01': 21390.5, 'm20': 189657.5833333333, 'm11': 1585578.9583333333, 'm02': 13262522.083333332, 'm30': 14072359.700000001, 'm21': 117589758.53333333, 'm12': 983086562.0666666, 'm03': 8223082463.35, 'mu20': 93.705716586177, 'mu11': -4.771135265706107, 'mu02': 102.07608695328236, 'mu30': -15.177764551714063, 'mu21': 15.532604058098514, 'mu12': 20.216232746696733, 'mu03': -16.088191032409668, 'nu20': 0.07872776020682799, 'nu11': -0.004008515241088937, 'nu02': 0.08576020748017842, 'nu30': -0.0021710012513279104, 'nu21': 0.0022217568820241465, 'nu12': 0.0028916950477571044, 'nu03': -0.0023012270841307396}
Centroid: 74, 620
Processing contour#1: area: 34.5 centroid: 74, 620 rectangle: (71, 616, 7, 8)
@find_dayJSON_match_for_contour: x: 71, y: 616, w: 7, h: 8, area: 34.5
Matched with JSON#15: (74, 620, 7, 161.0, 44.3848, 0.394202)
Match with input JSON(nodules) ID: 15
Matched contour: {'x': 74, 'y': 620, 'd': 7, 'a': 161.0, 'p': 44.3848, 'e': 0.394202, 'id': 15, 'tq': 100}
JSON_entry: 15
Matched with first_id: 15 second_id: 35 name: 20230426_15
entry_id:20230426_15, entry saved to results list
created dirs at nodule_detection_path: output/crop984/nodules-last-detected-on/2023-04-26/15/detection and nodule_images_original_path: output/crop984/nodules-last-detected-on/2023-04-26/15
Segmented nodule image saved as output/crop984/nodules-last-detected-on/2023-04-26/15/detection/2023-04-26.jpg
Original nodule image saved as output/crop984/nodules-last-detected-on/2023-04-26/15/2023-04-26.jpg


@process_contour: max_id: 20230426_17
Moments: {'m00': 6.5, 'm10': 1568.6666666666665, 'm01': 3023.5, 'm20': 378575.5833333333, 'm11': 729670.4583333333, 'm02': 1406396.0833333333, 'm30': 91364852.30000001, 'm21': 176095465.46666667, 'm12': 339409440.43333334, 'm03': 654193738.6500001, 'mu20': 4.027777777810115, 'mu11': -0.8750000001164153, 'mu02': 3.429487179266289, 'mu30': 0.7814814895391464, 'mu21': -0.8474358343296444, 'mu12': -0.32521353693050514, 'mu03': 0.7934913635253906, 'nu20': 0.09533201840970688, 'nu11': -0.020710059174353028, 'nu02': 0.0811712941838175, 'nu30': 0.007254964705820053, 'nu21': -0.007867258726926974, 'nu12': -0.0030191537021268524, 'nu03': 0.0073664596203610625}
Centroid: 241, 465
Processing contour#2: area: 6.5 centroid: 241, 465 rectangle: (240, 464, 4, 4)
@find_dayJSON_match_for_contour: x: 240, y: 464, w: 4, h: 4, area: 6.5
Matched with JSON#14: (241, 465, 3, 29.0, 17.6569, 0.428624)
Match with input JSON(nodules) ID: 14
Matched contour: {'x': 241, 'y': 465, 'd': 3, 'a': 29.0, 'p': 17.6569, 'e': 0.428624, 'id': 14, 'tq': 100}
JSON_entry: 14
Matched with first_id: 14 second_id: 33 name: 20230426_14
entry_id:20230426_14, entry saved to results list
created dirs at nodule_detection_path: output/crop984/nodules-last-detected-on/2023-04-26/14/detection and nodule_images_original_path: output/crop984/nodules-last-detected-on/2023-04-26/14
Segmented nodule image saved as output/crop984/nodules-last-detected-on/2023-04-26/14/detection/2023-04-26.jpg
Original nodule image saved as output/crop984/nodules-last-detected-on/2023-04-26/14/2023-04-26.jpg


@process_contour: max_id: 20230426_18
Moments: {'m00': 17.0, 'm10': 3319.6666666666665, 'm01': 7590.5, 'm20': 648264.1666666666, 'm11': 1482231.1666666665, 'm02': 3389190.333333333, 'm30': 126596449.9, 'm21': 289449950.4166667, 'm12': 661822486.7166667, 'm03': 1513302134.25, 'mu20': 17.885620915098116, 'mu11': 0.0, 'mu02': 32.08333333302289, 'mu30': -2.6809944808483124, 'mu21': 4.9476511776447296e-08, 'mu12': 5.742810589664259, 'mu03': 4.76837158203125e-07, 'nu20': 0.061887961643938116, 'nu11': 0.0, 'nu02': 0.11101499423191312, 'nu30': -0.0022499538828079737, 'nu21': 4.152185712220807e-11, 'nu12': 0.004819502269306204, 'nu03': 4.0017300417073946e-10}
Centroid: 195, 446
Processing contour#3: area: 17.0 centroid: 195, 446 rectangle: (193, 444, 5, 6)
@find_dayJSON_match_for_contour: x: 193, y: 444, w: 5, h: 6, area: 17.0
Matched with JSON#13: (195, 446, 4, 78.0, 30.1421, 0.313047)
Match with input JSON(nodules) ID: 13
Matched contour: {'x': 195, 'y': 446, 'd': 4, 'a': 78.0, 'p': 30.1421, 'e': 0.313047, 'id': 13, 'tq': 100}
JSON_entry: 13
Matched with first_id: 13 second_id: 32 name: 20230426_13
entry_id:20230426_13, entry saved to results list
created dirs at nodule_detection_path: output/crop984/nodules-last-detected-on/2023-04-26/13/detection and nodule_images_original_path: output/crop984/nodules-last-detected-on/2023-04-26/13
Segmented nodule image saved as output/crop984/nodules-last-detected-on/2023-04-26/13/detection/2023-04-26.jpg
Original nodule image saved as output/crop984/nodules-last-detected-on/2023-04-26/13/2023-04-26.jpg


@process_contour: max_id: 20230426_19
Moments: {'m00': 18.5, 'm10': 905.6666666666666, 'm01': 7736.166666666666, 'm20': 44368.916666666664, 'm11': 378720.7083333333, 'm02': 3235068.083333333, 'm30': 2175212.8000000003, 'm21': 18553505.1, 'm12': 158370119.6, 'm03': 1352834135.0500002, 'mu20': 32.04579579579149, 'mu11': -2.982357357395813, 'mu02': 26.20795795787126, 'mu30': -3.117796173784882, 'mu21': -4.743755909805259, 'mu12': 1.5759421911693607, 'mu03': 6.999077796936035, 'nu20': 0.09363271233248063, 'nu11': -0.008713973286766439, 'nu02': 0.07657547978925132, 'nu30': -0.002117963145577835, 'nu21': -0.003222500647432576, 'nu12': 0.001070559874478883, 'nu03': 0.004754572781756651}
Centroid: 48, 418
Processing contour#4: area: 18.5 centroid: 48, 418 rectangle: (46, 416, 7, 6)
@find_dayJSON_match_for_contour: x: 46, y: 416, w: 7, h: 6, area: 18.5
Matched with JSON#12: (49, 417, 4, 71.0, 29.8995, 0.698455)
Match with input JSON(nodules) ID: 12
Matched contour: {'x': 49, 'y': 417, 'd': 4, 'a': 71.0, 'p': 29.8995, 'e': 0.698455, 'id': 12, 'tq': 100}
JSON_entry: 12
Matched with first_id: 12 second_id: 27 name: 20230426_12
entry_id:20230426_12, entry saved to results list
created dirs at nodule_detection_path: output/crop984/nodules-last-detected-on/2023-04-26/12/detection and nodule_images_original_path: output/crop984/nodules-last-detected-on/2023-04-26/12
Segmented nodule image saved as output/crop984/nodules-last-detected-on/2023-04-26/12/detection/2023-04-26.jpg
Original nodule image saved as output/crop984/nodules-last-detected-on/2023-04-26/12/2023-04-26.jpg


@process_contour: max_id: 20230426_20
Moments: {'m00': 25.5, 'm10': 6332.833333333333, 'm01': 9905.166666666666, 'm20': 1572793.5833333333, 'm11': 2459911.375, 'm02': 3847592.25, 'm30': 390626036.45000005, 'm21': 610932068.0166667, 'm12': 955534804.3166666, 'm03': 1494589554.5500002, 'mu20': 57.190087146125734, 'mu11': -1.1598583874292672, 'mu02': 50.02668845374137, 'mu30': -2.04280549287796, 'mu21': -5.897091679817095, 'mu12': 1.3090695505488839, 'mu03': 3.68730092048645, 'nu20': 0.08795092217781736, 'nu11': -0.00178371147624647, 'nu02': 0.07693454587272798, 'nu30': -0.0006221234416154914, 'nu21': -0.0017959218262142513, 'nu12': 0.00039866881939609587, 'nu03': 0.0011229440820100848}
Centroid: 248, 388
Processing contour#5: area: 25.5 centroid: 248, 388 rectangle: (245, 386, 7, 6)
@find_dayJSON_match_for_contour: x: 245, y: 386, w: 7, h: 6, area: 25.5
Matched with JSON#11: (248, 388, 5, 100.0, 34.7279, 0.363218)
Match with input JSON(nodules) ID: 11
Matched contour: {'x': 248, 'y': 388, 'd': 5, 'a': 100.0, 'p': 34.7279, 'e': 0.363218, 'id': 11, 'tq': 100}
JSON_entry: 11
Matched with first_id: 11 second_id: 25 name: 20230426_11
entry_id:20230426_11, entry saved to results list
created dirs at nodule_detection_path: output/crop984/nodules-last-detected-on/2023-04-26/11/detection and nodule_images_original_path: output/crop984/nodules-last-detected-on/2023-04-26/11
Segmented nodule image saved as output/crop984/nodules-last-detected-on/2023-04-26/11/detection/2023-04-26.jpg
Original nodule image saved as output/crop984/nodules-last-detected-on/2023-04-26/11/2023-04-26.jpg


@process_contour: max_id: 20230426_21
Moments: {'m00': 9.0, 'm10': 257.5, 'm01': 2949.5, 'm20': 7372.666666666666, 'm11': 84386.41666666666, 'm02': 966627.0, 'm30': 211243.75, 'm21': 2416070.1666666665, 'm12': 27654924.0, 'm03': 316791900.75, 'mu20': 5.305555555554747, 'mu11': -2.055555555562023, 'mu02': 10.305555555503815, 'mu30': -0.030864197469782084, 'mu21': 1.0864197535181574, 'mu12': -1.1975308587619224, 'mu03': -2.4691357612609863, 'nu20': 0.06550068587104625, 'nu11': -0.02537722908101263, 'nu02': 0.12722908093214585, 'nu30': -0.0001270131583118604, 'nu21': 0.004470863183202294, 'nu12': -0.0049281105298844535, 'nu03': -0.010161052515477309}
Centroid: 28, 327
Processing contour#6: area: 9.0 centroid: 28, 327 rectangle: (27, 325, 4, 6)
@find_dayJSON_match_for_contour: x: 27, y: 325, w: 4, h: 6, area: 9.0
Matched with JSON#10: (28, 327, 3, 48.0, 23.3137, 0.458901)
Match with input JSON(nodules) ID: 10
Matched contour: {'x': 28, 'y': 327, 'd': 3, 'a': 48.0, 'p': 23.3137, 'e': 0.458901, 'id': 10, 'tq': 100}
JSON_entry: 10
Matched with first_id: 10 second_id: 24 name: 20230426_10
entry_id:20230426_10, entry saved to results list
created dirs at nodule_detection_path: output/crop984/nodules-last-detected-on/2023-04-26/10/detection and nodule_images_original_path: output/crop984/nodules-last-detected-on/2023-04-26/10
Segmented nodule image saved as output/crop984/nodules-last-detected-on/2023-04-26/10/detection/2023-04-26.jpg
Original nodule image saved as output/crop984/nodules-last-detected-on/2023-04-26/10/2023-04-26.jpg


@process_contour: max_id: 20230426_22
Moments: {'m00': 28.0, 'm10': 5353.0, 'm01': 8783.833333333332, 'm20': 1023446.6666666666, 'm11': 1679282.5833333333, 'm02': 2755622.5, 'm30': 195686968.5, 'm21': 321064453.7833333, 'm12': 526817161.75, 'm03': 864499891.85, 'mu20': 67.77380952378735, 'mu11': 1.8750000002328306, 'mu02': 60.784722223412246, 'mu30': -16.966836720705032, 'mu21': -11.191865101354779, 'mu12': 12.397321287160594, 'mu03': 12.731365203857422, 'nu20': 0.08644618561707569, 'nu11': 0.002391581632950039, 'nu02': 0.0775315334482299, 'nu30': -0.004089835140162553, 'nu21': -0.0026977853284591326, 'nu12': 0.0029883590606044185, 'nu03': 0.0030688799362015196}
Centroid: 191, 313
Processing contour#7: area: 28.0 centroid: 191, 313 rectangle: (188, 311, 7, 7)
@find_dayJSON_match_for_contour: x: 188, y: 311, w: 7, h: 7, area: 28.0
Matched with JSON#9: (191, 313, 5, 109.0, 36.9706, 0.262548)
Match with input JSON(nodules) ID: 9
Matched contour: {'x': 191, 'y': 313, 'd': 5, 'a': 109.0, 'p': 36.9706, 'e': 0.262548, 'id': 9, 'tq': 100}
JSON_entry: 9
Matched with first_id: 9 second_id: 16 name: 20230426_9
entry_id:20230426_9, entry saved to results list
created dirs at nodule_detection_path: output/crop984/nodules-last-detected-on/2023-04-26/9/detection and nodule_images_original_path: output/crop984/nodules-last-detected-on/2023-04-26/9
Segmented nodule image saved as output/crop984/nodules-last-detected-on/2023-04-26/9/detection/2023-04-26.jpg
Original nodule image saved as output/crop984/nodules-last-detected-on/2023-04-26/9/2023-04-26.jpg


@process_contour: max_id: 20230426_23
Moments: {'m00': 4.0, 'm10': 620.0, 'm01': 1120.0, 'm20': 96101.33333333333, 'm11': 173600.0, 'm02': 313601.3333333333, 'm30': 14896120.0, 'm21': 26908373.333333332, 'm12': 48608206.666666664, 'm03': 87809120.0, 'mu20': 1.3333333333284827, 'mu11': 0.0, 'mu02': 1.3333333333139308, 'mu30': 1.862645149230957e-09, 'mu21': 1.1641532182693481e-10, 'mu12': 5.238689482212067e-10, 'mu03': 1.4901161193847656e-08, 'nu20': 0.08333333333303017, 'nu11': 0.0, 'nu02': 0.08333333333212067, 'nu30': 5.820766091346741e-11, 'nu21': 3.637978807091713e-12, 'nu12': 1.6370904631912708e-11, 'nu03': 4.656612873077393e-10}
Centroid: 155, 280
Processing contour#8: area: 4.0 centroid: 155, 280 rectangle: (154, 279, 3, 3)
@find_dayJSON_match_for_contour: x: 154, y: 279, w: 3, h: 3, area: 4.0
Matched with JSON#8: (155, 279, 2, 19.0, 14.864, 0.592812)
Match with input JSON(nodules) ID: 8
Matched contour: {'x': 155, 'y': 279, 'd': 2, 'a': 19.0, 'p': 14.864, 'e': 0.592812, 'id': 8, 'tq': 100}
JSON_entry: 8
Matched with first_id: 8 second_id: 15 name: 20230426_8
entry_id:20230426_8, entry saved to results list
created dirs at nodule_detection_path: output/crop984/nodules-last-detected-on/2023-04-26/8/detection and nodule_images_original_path: output/crop984/nodules-last-detected-on/2023-04-26/8
Segmented nodule image saved as output/crop984/nodules-last-detected-on/2023-04-26/8/detection/2023-04-26.jpg
Original nodule image saved as output/crop984/nodules-last-detected-on/2023-04-26/8/2023-04-26.jpg


@process_contour: max_id: 20230426_24
Moments: {'m00': 28.5, 'm10': 3620.0, 'm01': 6223.166666666666, 'm20': 459892.9166666666, 'm11': 790447.4583333333, 'm02': 1358920.75, 'm30': 58437210.900000006, 'm21': 100419712.43333334, 'm12': 172605062.13333333, 'm03': 296751526.55, 'mu20': 89.40789473685436, 'mu11': -3.886695906287059, 'mu02': 50.456627680687234, 'mu30': 29.44416745007038, 'mu21': -11.410798203032755, 'mu12': -16.459199451661334, 'mu03': 6.758819162845612, 'nu20': 0.1100743548622399, 'nu11': -0.004785098068682128, 'nu02': 0.06211957855424713, 'nu30': 0.006790271337044374, 'nu21': -0.002631503033741426, 'nu12': -0.0037957408867760425, 'nu03': 0.0015586861510539026}
Centroid: 127, 218
Processing contour#9: area: 28.5 centroid: 127, 218 rectangle: (124, 216, 8, 6)
@find_dayJSON_match_for_contour: x: 124, y: 216, w: 8, h: 6, area: 28.5
Matched with JSON#7: (127, 218, 5, 106.0, 36.9706, 0.591763)
Match with input JSON(nodules) ID: 7
Matched contour: {'x': 127, 'y': 218, 'd': 5, 'a': 106.0, 'p': 36.9706, 'e': 0.591763, 'id': 7, 'tq': 100}
JSON_entry: 7
Matched with first_id: 7 second_id: 12 name: 20230426_7
entry_id:20230426_7, entry saved to results list
created dirs at nodule_detection_path: output/crop984/nodules-last-detected-on/2023-04-26/7/detection and nodule_images_original_path: output/crop984/nodules-last-detected-on/2023-04-26/7
Segmented nodule image saved as output/crop984/nodules-last-detected-on/2023-04-26/7/detection/2023-04-26.jpg
Original nodule image saved as output/crop984/nodules-last-detected-on/2023-04-26/7/2023-04-26.jpg


@process_contour: max_id: 20230426_25
Moments: {'m00': 5.5, 'm10': 1034.3333333333333, 'm01': 491.66666666666663, 'm20': 194519.0833333333, 'm11': 92463.54166666666, 'm02': 43955.75, 'm30': 36582027.2, 'm21': 17388981.35, 'm12': 8266418.649999999, 'm03': 3930044.8000000003, 'mu20': 1.7297979797876906, 'mu11': 0.41035353534971364, 'mu02': 3.7297979798022425, 'mu30': -0.1157330796122551, 'mu21': -0.13913375578968612, 'mu12': 0.2989133763767313, 'mu03': 0.3058157325722277, 'nu20': 0.05718340429050217, 'nu11': 0.013565406127263261, 'nu02': 0.12329910677032208, 'nu30': -0.001631363668057764, 'nu21': -0.0019612176134616625, 'nu12': 0.004213457584911955, 'nu03': 0.004310752612047256}
Centroid: 188, 89
Processing contour#10: area: 5.5 centroid: 188, 89 rectangle: (187, 88, 3, 4)
@find_dayJSON_match_for_contour: x: 187, y: 88, w: 3, h: 4, area: 5.5
Matched with JSON#6: (188, 89, 3, 38.0, 19.8995, 0.379216)
Match with input JSON(nodules) ID: 6
Matched contour: {'x': 188, 'y': 89, 'd': 3, 'a': 38.0, 'p': 19.8995, 'e': 0.379216, 'id': 6, 'tq': 100}
JSON_entry: 6
Matched with first_id: 6 second_id: 8 name: 20230426_6
entry_id:20230426_6, entry saved to results list
created dirs at nodule_detection_path: output/crop984/nodules-last-detected-on/2023-04-26/6/detection and nodule_images_original_path: output/crop984/nodules-last-detected-on/2023-04-26/6
Segmented nodule image saved as output/crop984/nodules-last-detected-on/2023-04-26/6/detection/2023-04-26.jpg
Original nodule image saved as output/crop984/nodules-last-detected-on/2023-04-26/6/2023-04-26.jpg


@process_contour: max_id: 20230426_26
Moments: {'m00': 53.0, 'm10': 5807.333333333333, 'm01': 3948.0, 'm20': 636521.1666666666, 'm11': 432553.0, 'm02': 294354.8333333333, 'm30': 69788540.60000001, 'm21': 47406374.666666664, 'm12': 32247382.866666667, 'm03': 21966306.0, 'mu20': 198.13941299798898, 'mu11': -38.54716981126694, 'mu02': 266.0786163521698, 'mu30': 13.96243292093277, 'mu21': 0.07286103321166593, 'mu12': -18.39732605246172, 'mu03': 7.155571386218071, 'nu20': 0.07053734887788855, 'nu11': -0.013722737561860782, 'nu02': 0.09472360852693833, 'nu30': 0.0006827652759398599, 'nu21': 3.5629165581483065e-06, 'nu12': -0.0008996322825610719, 'nu03': 0.00034990862263653143}
Centroid: 109, 74
Processing contour#11: area: 53.0 centroid: 109, 74 rectangle: (106, 70, 9, 10)
@find_dayJSON_match_for_contour: x: 106, y: 70, w: 9, h: 10, area: 53.0
Matched with JSON#5: (109, 74, 8, 212.0, 53.4558, 0.64602)
Match with input JSON(nodules) ID: 5
Matched contour: {'x': 109, 'y': 74, 'd': 8, 'a': 212.0, 'p': 53.4558, 'e': 0.64602, 'id': 5, 'tq': 100}
JSON_entry: 5
Matched with first_id: 5 second_id: 6 name: 20230426_5
entry_id:20230426_5, entry saved to results list
created dirs at nodule_detection_path: output/crop984/nodules-last-detected-on/2023-04-26/5/detection and nodule_images_original_path: output/crop984/nodules-last-detected-on/2023-04-26/5
Segmented nodule image saved as output/crop984/nodules-last-detected-on/2023-04-26/5/detection/2023-04-26.jpg
Original nodule image saved as output/crop984/nodules-last-detected-on/2023-04-26/5/2023-04-26.jpg


@process_contour: max_id: 20230426_27
Moments: {'m00': 0.0, 'm10': 0.0, 'm01': 0.0, 'm20': 0.0, 'm11': 0.0, 'm02': 0.0, 'm30': 0.0, 'm21': 0.0, 'm12': 0.0, 'm03': 0.0, 'mu20': 0.0, 'mu11': 0.0, 'mu02': 0.0, 'mu30': 0.0, 'mu21': 0.0, 'mu12': 0.0, 'mu03': 0.0, 'nu20': 0.0, 'nu11': 0.0, 'nu02': 0.0, 'nu30': 0.0, 'nu21': 0.0, 'nu12': 0.0, 'nu03': 0.0}
Skipping contour#12 because area is 0.


@process_contour: max_id: 20230426_28
Moments: {'m00': 42.5, 'm10': 6604.166666666666, 'm01': 1490.8333333333333, 'm20': 1026366.0833333333, 'm11': 231637.9583333333, 'm02': 52463.08333333333, 'm30': 159529758.05, 'm21': 35995293.983333334, 'm12': 8150536.85, 'm03': 1852017.4500000002, 'mu20': 130.38071895437315, 'mu11': -25.84885620913701, 'mu02': 166.98856209150108, 'mu30': -1.6521978676319122, 'mu21': 15.185050623555071, 'mu12': -1.350179417659092, 'mu03': -20.611931307939813, 'nu20': 0.0721830969989609, 'nu11': -0.014310785444504918, 'nu02': 0.0924504149987549, 'nu30': -0.00014031035782665287, 'nu21': 0.0012895670236281434, 'nu12': -0.00011466190638138182, 'nu03': -0.0017504365027783335}
Centroid: 155, 35
Processing contour#13: area: 42.5 centroid: 155, 35 rectangle: (152, 31, 8, 9)
@find_dayJSON_match_for_contour: x: 152, y: 31, w: 8, h: 9, area: 42.5
Matched with JSON#1: (155, 34, 6, 151.0, 44.6274, 0.690513)
Match with input JSON(nodules) ID: 1
Matched contour: {'x': 155, 'y': 34, 'd': 6, 'a': 151.0, 'p': 44.6274, 'e': 0.690513, 'id': 1, 'tq': 100}
JSON_entry: 1
Matched with first_id: 1 second_id: 1 name: 20230426_1
entry_id:20230426_1, entry saved to results list
created dirs at nodule_detection_path: output/crop984/nodules-last-detected-on/2023-04-26/1/detection and nodule_images_original_path: output/crop984/nodules-last-detected-on/2023-04-26/1
Segmented nodule image saved as output/crop984/nodules-last-detected-on/2023-04-26/1/detection/2023-04-26.jpg
Original nodule image saved as output/crop984/nodules-last-detected-on/2023-04-26/1/2023-04-26.jpg


@process_contour: max_id: 20230426_29
Moments: {'m00': 6.5, 'm10': 1375.8333333333333, 'm01': 203.66666666666666, 'm20': 291222.0833333333, 'm11': 43111.45833333333, 'm02': 6385.583333333333, 'm30': 61643711.95, 'm21': 9125810.766666666, 'm12': 1351741.7333333334, 'm03': 200334.80000000002, 'mu20': 4.027777777810115, 'mu11': 2.0138888888905058, 'mu02': 4.027777777778283, 'mu30': -0.7814814820885658, 'mu21': -0.39074074240245693, 'mu12': 0.39074074081668186, 'mu03': 0.7814814814773854, 'nu20': 0.09533201840970688, 'nu11': 0.047666009204509016, 'nu02': 0.09533201840895346, 'nu30': -0.007254964636651813, 'nu21': -0.003627482330934656, 'nu12': 0.003627482316212948, 'nu03': 0.007254964630977855}
Centroid: 211, 31
Processing contour#14: area: 6.5 centroid: 211, 31 rectangle: (210, 30, 4, 4)
@find_dayJSON_match_for_contour: x: 210, y: 30, w: 4, h: 4, area: 6.5
Matched with JSON#0: (211, 30, 2, 27.0, 18.4853, 0.818641)
Match with input JSON(nodules) ID: 0
Matched contour: {'x': 211, 'y': 30, 'd': 2, 'a': 27.0, 'p': 18.4853, 'e': 0.818641, 'id': 0, 'tq': 100}
JSON_entry: 0
Matched with first_id: 0 second_id: 2 name: 20230426_0
entry_id:20230426_0, entry saved to results list
created dirs at nodule_detection_path: output/crop984/nodules-last-detected-on/2023-04-26/0/detection and nodule_images_original_path: output/crop984/nodules-last-detected-on/2023-04-26/0
Segmented nodule image saved as output/crop984/nodules-last-detected-on/2023-04-26/0/detection/2023-04-26.jpg
Original nodule image saved as output/crop984/nodules-last-detected-on/2023-04-26/0/2023-04-26.jpg


Done analyzing contours, found 13 nodules.


results_entry: {'date': '20230426', 'json': 'output/crop984/20230426/20230426.json', 'log': 'output/crop984/20230426/crop984_20230426.log', 'image': 'data/crop984/20230426.jpg', 'plot': 'output/crop984/plots/20230424_20230426.png', 'match_stats': {'i_dict': {0: 16}, 'average_tracking_quality': 53.0833, 'distance_threshold': 20, 'lengths': {'matching': 16, 'unmatched_current': 0, 'unmatched_previous': 20}, 'averages': {'tq': 3.6875, 'i': 0.0, 'dx': -4.75, 'dy': 5.8125, 'dd': 0.0, 'da': 7.5625, 'dp': -0.0037, 'de': -0.0244}}}
