Current memory usage: 3707.24609375 MB
@analyze_image: file_name: data/crop993/20230424.jpg, output_dir: output/crop993, external_logger: <Logger data_crop993.log (DEBUG)>
Loaded image & JSON file: data/crop993/20230424.jpg
Scaled JSON data: scalar_position: 0.5, scalar_size: 0.5

@find_prev_next_date: image_output_dir: output/crop993/20230424
data_dir: data/crop993
Previous date file: None, Next date file: data/crop993/20230426.jpg


Loaded next_results from JSON file: 20230426, length: 16
Scaled JSON data: scalar_position: 0.5, scalar_size: 0.5

@process_image: output_dir: output/crop993/20230424, image_name: 20230424, date_string: 20230424
len(json_data) = 24 json_data entries
len(matching) = 0 matching entries, setting max_id_i to 0
crop_dir: output/crop993
nodules_dir: output/crop993/nodules-last-detected-on
Split image into left and right images: (705, 300, 3), (705, 300, 3)
Converted right image to HSV: (705, 300, 3)
Created mask to detect nodules: (705, 300)

Found 24 contours in mask, processing each contour...

@process_contour: max_id: 20230424_0
Moments: {'m00': 1.0, 'm10': 112.5, 'm01': 694.5, 'm20': 12656.333333333332, 'm11': 78131.25, 'm02': 482330.3333333333, 'm30': 1423856.25, 'm21': 8789823.5, 'm12': 54262162.5, 'm03': 334978532.25, 'mu20': 0.08333333333212067, 'mu11': 0.0, 'mu02': 0.08333333331393078, 'mu30': 4.656612873077393e-10, 'mu21': 8.421920938417315e-10, 'mu12': 2.1827872842550278e-09, 'mu03': 5.960464477539063e-08, 'nu20': 0.08333333333212067, 'nu11': 0.0, 'nu02': 0.08333333331393078, 'nu30': 4.656612873077393e-10, 'nu21': 8.421920938417315e-10, 'nu12': 2.1827872842550278e-09, 'nu03': 5.960464477539063e-08}
Centroid: 112, 694
Processing contour#1: area: 1.0 centroid: 112, 694 rectangle: (112, 694, 2, 2)
@find_dayJSON_match_for_contour: x: 112, y: 694, w: 2, h: 2, area: 1.0
Closest match: {'x': 237, 'y': 690, 'd': 4, 'a': 74.0, 'p': 30.1421, 'e': 0.510771}
No input JSON(nodules) match, ID:20230424_0 area: 1.0 position: {'x': 112, 'y': 694}
Matched contour: None
JSON_entry: ERROR
WARNING: match is empty
entry_id:20230424_0, entry saved to results list
WARNING: right_nodule_img.shape != (50, 50, 3) != (36, 50, 3)
@process_contour: max_id: 20230424_1
Moments: {'m00': 12.0, 'm10': 2855.5, 'm01': 8283.666666666666, 'm20': 679502.1666666666, 'm11': 1971165.75, 'm02': 5718273.333333333, 'm30': 161698982.75, 'm21': 469063284.21666664, 'm12': 1360708356.9166667, 'm03': 3947372707.9, 'mu20': 12.145833333372138, 'mu11': -1.7638888885267079, 'mu02': 12.21296296454966, 'mu30': -0.730902761220932, 'mu21': 3.0187498946252163, 'mu12': 0.21682058065243837, 'mu03': -3.6375527381896973, 'nu20': 0.08434606481508429, 'nu11': -0.012249228392546581, 'nu02': 0.08481224280937263, 'nu30': -0.0014652323122998118, 'nu21': 0.006051653000965357, 'nu12': 0.0004346577104358897, 'nu03': -0.007292159904810006}
Centroid: 237, 690
Processing contour#2: area: 12.0 centroid: 237, 690 rectangle: (236, 688, 5, 5)
@find_dayJSON_match_for_contour: x: 236, y: 688, w: 5, h: 5, area: 12.0
Matched with JSON#22: (237, 690, 4, 74.0, 30.1421, 0.510771)
Match with input JSON(nodules) ID: 22
Matched contour: {'x': 237, 'y': 690, 'd': 4, 'a': 74.0, 'p': 30.1421, 'e': 0.510771, 'id': 22, 'tq': 100}
JSON_entry: 22
WARNING: match is empty
entry_id:20230424_1, entry saved to results list
WARNING: right_nodule_img.shape != (50, 50, 3) != (40, 50, 3)
@process_contour: max_id: 20230424_2
Moments: {'m00': 24.5, 'm10': 3661.1666666666665, 'm01': 12954.333333333332, 'm20': 547168.0833333333, 'm11': 1935836.2916666665, 'm02': 6849623.583333333, 'm30': 81784276.55000001, 'm21': 289314399.9, 'm12': 1023576745.4333333, 'm03': 3621771080.2000003, 'mu20': 60.2726757369237, 'mu11': 0.6431405895855278, 'mu02': 41.86451247241348, 'mu30': -4.445368394255638, 'mu21': 14.179555678518227, 'mu12': 2.354596856393073, 'mu03': -12.047342777252197, 'nu20': 0.10041262096946887, 'nu11': 0.0010714545432495253, 'nu02': 0.0697451269844456, 'nu30': -0.0014962099774858165, 'nu21': 0.004772516201341085, 'nu12': 0.0007925037920466799, 'nu03': -0.004054861794763515}
Centroid: 149, 528
Processing contour#3: area: 24.5 centroid: 149, 528 rectangle: (146, 526, 8, 6)
@find_dayJSON_match_for_contour: x: 146, y: 526, w: 8, h: 6, area: 24.5
Matched with JSON#21: (149, 529, 5, 103.0, 34.7279, 0.132075)
Match with input JSON(nodules) ID: 21
Matched contour: {'x': 149, 'y': 529, 'd': 5, 'a': 103.0, 'p': 34.7279, 'e': 0.132075, 'id': 21, 'tq': 100}
JSON_entry: 21
WARNING: match is empty
entry_id:20230424_2, entry saved to results list
created dirs at nodule_detection_path: output/crop993/nodules-last-detected-on/2023-04-24/2/detection and nodule_images_original_path: output/crop993/nodules-last-detected-on/2023-04-24/2
Segmented nodule image saved as output/crop993/nodules-last-detected-on/2023-04-24/2/detection/2023-04-24.jpg
Original nodule image saved as output/crop993/nodules-last-detected-on/2023-04-24/2/2023-04-24.jpg


@process_contour: max_id: 20230424_3
Moments: {'m00': 17.0, 'm10': 824.5, 'm01': 7237.333333333333, 'm20': 40020.33333333333, 'm11': 351010.6666666666, 'm02': 3081135.1666666665, 'm30': 1944098.25, 'm21': 17037670.28333333, 'm12': 149435055.58333334, 'm03': 1311733010.6000001, 'mu20': 32.08333333332848, 'mu11': 0.0, 'mu02': 17.885620915330946, 'mu30': 6.984919309616089e-10, 'mu21': -5.742810456195002, 'mu12': 3.306195139884949e-08, 'mu03': 2.6809945106506348, 'nu20': 0.11101499423297054, 'nu11': 0.0, 'nu02': 0.061887961644743764, 'nu30': 5.861909240782317e-13, 'nu21': -0.004819502157295651, 'nu12': 2.774637040636963e-11, 'nu03': 0.0022499539078187866}
Centroid: 48, 425
Processing contour#4: area: 17.0 centroid: 48, 425 rectangle: (46, 424, 6, 5)
@find_dayJSON_match_for_contour: x: 46, y: 424, w: 6, h: 5, area: 17.0
Matched with JSON#20: (48, 425, 4, 73.0, 29.3137, 0.466207)
Match with input JSON(nodules) ID: 20
Matched contour: {'x': 48, 'y': 425, 'd': 4, 'a': 73.0, 'p': 29.3137, 'e': 0.466207, 'id': 20, 'tq': 100}
JSON_entry: 20
WARNING: match is empty
entry_id:20230424_3, entry saved to results list
created dirs at nodule_detection_path: output/crop993/nodules-last-detected-on/2023-04-24/3/detection and nodule_images_original_path: output/crop993/nodules-last-detected-on/2023-04-24/3
Segmented nodule image saved as output/crop993/nodules-last-detected-on/2023-04-24/3/detection/2023-04-24.jpg
Original nodule image saved as output/crop993/nodules-last-detected-on/2023-04-24/3/2023-04-24.jpg


@process_contour: max_id: 20230424_4
Moments: {'m00': 18.5, 'm10': 942.6666666666666, 'm01': 7595.333333333333, 'm20': 48055.916666666664, 'm11': 387018.125, 'm02': 3118363.583333333, 'm30': 2450968.3000000003, 'm21': 19729591.816666666, 'm12': 158894642.68333334, 'm03': 1280299167.7, 'mu20': 22.37912912912725, 'mu11': -1.7428678678697906, 'mu02': 34.4782282281667, 'mu30': 0.5758975194767118, 'mu21': 1.5552971876677475, 'mu12': -2.139949404844401, 'mu03': -0.7982006072998047, 'nu20': 0.0653882516555946, 'nu11': -0.005092382375076088, 'nu02': 0.10073989255855867, 'nu30': 0.0003912153501685343, 'nu21': 0.0010565354308913275, 'nu12': -0.001453697971333254, 'nu03': -0.0005422289895835493}
Centroid: 50, 410
Processing contour#5: area: 18.5 centroid: 50, 410 rectangle: (49, 408, 5, 6)
@find_dayJSON_match_for_contour: x: 49, y: 408, w: 5, h: 6, area: 18.5
Matched with JSON#19: (50, 410, 4, 72.0, 30.1421, 0.645633)
Match with input JSON(nodules) ID: 19
Matched contour: {'x': 50, 'y': 410, 'd': 4, 'a': 72.0, 'p': 30.1421, 'e': 0.645633, 'id': 19, 'tq': 100}
JSON_entry: 19
WARNING: match is empty
entry_id:20230424_4, entry saved to results list
created dirs at nodule_detection_path: output/crop993/nodules-last-detected-on/2023-04-24/4/detection and nodule_images_original_path: output/crop993/nodules-last-detected-on/2023-04-24/4
Segmented nodule image saved as output/crop993/nodules-last-detected-on/2023-04-24/4/detection/2023-04-24.jpg
Original nodule image saved as output/crop993/nodules-last-detected-on/2023-04-24/4/2023-04-24.jpg


@process_contour: max_id: 20230424_5
Moments: {'m00': 23.0, 'm10': 5113.0, 'm01': 9378.0, 'm20': 1136681.8333333333, 'm11': 2084767.75, 'm02': 3823826.1666666665, 'm30': 252706975.5, 'm21': 463468580.3333333, 'm12': 850051196.5, 'm03': 1559163199.0, 'mu20': 39.70289855077863, 'mu11': -2.4239130434580147, 'mu02': 48.60144927492365, 'mu30': 9.601134240627289, 'mu21': -4.2781978421244276, 'mu12': -9.032766137979706, 'mu03': 9.444234848022461, 'nu20': 0.07505273828124503, 'nu11': -0.0045820662447221445, 'nu02': 0.09187419522669876, 'nu30': 0.003784451569882262, 'nu21': -0.0016863249834987082, 'nu12': -0.0035604195436208406, 'nu03': 0.003722606985922136}
Centroid: 222, 407
Processing contour#6: area: 23.0 centroid: 222, 407 rectangle: (220, 405, 6, 7)
@find_dayJSON_match_for_contour: x: 220, y: 405, w: 6, h: 7, area: 23.0
Matched with JSON#18: (222, 407, 5, 92.0, 32.7279, 0.367597)
Match with input JSON(nodules) ID: 18
Matched contour: {'x': 222, 'y': 407, 'd': 5, 'a': 92.0, 'p': 32.7279, 'e': 0.367597, 'id': 18, 'tq': 100}
JSON_entry: 18
WARNING: match is empty
entry_id:20230424_5, entry saved to results list
created dirs at nodule_detection_path: output/crop993/nodules-last-detected-on/2023-04-24/5/detection and nodule_images_original_path: output/crop993/nodules-last-detected-on/2023-04-24/5
Segmented nodule image saved as output/crop993/nodules-last-detected-on/2023-04-24/5/detection/2023-04-24.jpg
Original nodule image saved as output/crop993/nodules-last-detected-on/2023-04-24/5/2023-04-24.jpg


@process_contour: max_id: 20230424_6
Moments: {'m00': 34.0, 'm10': 8480.0, 'm01': 13414.5, 'm20': 2115108.6666666665, 'm11': 3345729.833333333, 'm02': 5292702.5, 'm30': 527581320.0, 'm21': 834501553.5833334, 'm12': 1320058891.25, 'm03': 2088275990.25, 'mu20': 96.90196078410372, 'mu11': -4.284313725773245, 'mu02': 90.4338235296309, 'mu30': -2.076124429702759, 'mu21': 8.082180193079694, 'mu12': 1.3633219178991567, 'mu03': -7.847102403640747, 'nu20': 0.08382522559178524, 'nu11': -0.0037061537420183784, 'nu02': 0.07822995115019975, 'nu30': -0.00030800380819534707, 'nu21': 0.0011990332767992877, 'nu12': 0.00020225586506356143, 'nu03': -0.0011641582696304228}
Centroid: 249, 394
Processing contour#7: area: 34.0 centroid: 249, 394 rectangle: (246, 391, 8, 8)
@find_dayJSON_match_for_contour: x: 246, y: 391, w: 8, h: 8, area: 34.0
Matched with JSON#17: (249, 394, 6, 140.0, 41.799, 0.209172)
Match with input JSON(nodules) ID: 17
Matched contour: {'x': 249, 'y': 394, 'd': 6, 'a': 140.0, 'p': 41.799, 'e': 0.209172, 'id': 17, 'tq': 100}
JSON_entry: 17
WARNING: match is empty
entry_id:20230424_6, entry saved to results list
created dirs at nodule_detection_path: output/crop993/nodules-last-detected-on/2023-04-24/6/detection and nodule_images_original_path: output/crop993/nodules-last-detected-on/2023-04-24/6
Segmented nodule image saved as output/crop993/nodules-last-detected-on/2023-04-24/6/detection/2023-04-24.jpg
Original nodule image saved as output/crop993/nodules-last-detected-on/2023-04-24/6/2023-04-24.jpg


@process_contour: max_id: 20230424_7
Moments: {'m00': 15.5, 'm10': 2123.333333333333, 'm01': 5683.833333333333, 'm20': 290895.0833333333, 'm11': 778625.2916666666, 'm02': 2084275.9166666665, 'm30': 39855310.7, 'm21': 106671252.9, 'm12': 285524303.56666666, 'm03': 764316659.95, 'mu20': 21.248207885364536, 'mu11': 1.2414874553214759, 'mu02': 20.344982078764588, 'mu30': -9.364554673433304, 'mu21': -1.508785227012595, 'mu12': 4.048099971006195, 'mu03': 1.4991291761398315, 'nu20': 0.0884420723636401, 'nu11': 0.005167481603835487, 'nu02': 0.08468254767435832, 'nu30': -0.009900517234765926, 'nu21': -0.0015951376936242313, 'nu12': 0.004279785310528651, 'nu03': 0.001584928996956916}
Centroid: 136, 366
Processing contour#8: area: 15.5 centroid: 136, 366 rectangle: (134, 364, 6, 6)
@find_dayJSON_match_for_contour: x: 134, y: 364, w: 6, h: 6, area: 15.5
Matched with JSON#16: (137, 366, 4, 64.0, 28.1421, 0.37208)
Match with input JSON(nodules) ID: 16
Matched contour: {'x': 137, 'y': 366, 'd': 4, 'a': 64.0, 'p': 28.1421, 'e': 0.37208, 'id': 16, 'tq': 100}
JSON_entry: 16
WARNING: match is empty
entry_id:20230424_7, entry saved to results list
created dirs at nodule_detection_path: output/crop993/nodules-last-detected-on/2023-04-24/7/detection and nodule_images_original_path: output/crop993/nodules-last-detected-on/2023-04-24/7
Segmented nodule image saved as output/crop993/nodules-last-detected-on/2023-04-24/7/detection/2023-04-24.jpg
Original nodule image saved as output/crop993/nodules-last-detected-on/2023-04-24/7/2023-04-24.jpg


@process_contour: max_id: 20230424_8
Moments: {'m00': 8.5, 'm10': 1997.1666666666665, 'm01': 3024.5, 'm20': 469264.0833333333, 'm11': 710639.375, 'm02': 1076193.4166666665, 'm30': 110262528.55000001, 'm21': 166975431.95, 'm12': 252863592.35, 'm03': 382938604.35, 'mu20': 8.236928104655817, 'mu11': 0.4828431373462081, 'mu02': 5.151960784103721, 'mu30': 0.7695629745721817, 'mu21': 2.693752355038214, 'mu12': -0.517166457896792, 'mu03': -1.875778317451477, 'nu20': 0.11400592532395595, 'nu11': 0.006682949997871393, 'nu02': 0.07130741569693733, 'nu30': 0.0036533968530709946, 'nu21': 0.012788227477186295, 'nu12': -0.0024551782923865114, 'nu03': -0.008905005605091327}
Centroid: 234, 355
Processing contour#9: area: 8.5 centroid: 234, 355 rectangle: (233, 354, 5, 4)
@find_dayJSON_match_for_contour: x: 233, y: 354, w: 5, h: 4, area: 8.5
Matched with JSON#15: (234, 355, 3, 46.0, 22.4853, 0.465385)
Match with input JSON(nodules) ID: 15
Matched contour: {'x': 234, 'y': 355, 'd': 3, 'a': 46.0, 'p': 22.4853, 'e': 0.465385, 'id': 15, 'tq': 100}
JSON_entry: 15
WARNING: match is empty
entry_id:20230424_8, entry saved to results list
created dirs at nodule_detection_path: output/crop993/nodules-last-detected-on/2023-04-24/8/detection and nodule_images_original_path: output/crop993/nodules-last-detected-on/2023-04-24/8
Segmented nodule image saved as output/crop993/nodules-last-detected-on/2023-04-24/8/detection/2023-04-24.jpg
Original nodule image saved as output/crop993/nodules-last-detected-on/2023-04-24/8/2023-04-24.jpg


@process_contour: max_id: 20230424_9
Moments: {'m00': 3.0, 'm10': 568.5, 'm01': 1033.5, 'm20': 107733.0, 'm11': 195848.25, 'm02': 356041.0, 'm30': 20416256.25, 'm21': 37114018.5, 'm12': 67469769.5, 'm03': 122656296.75, 'mu20': 2.25, 'mu11': 0.0, 'mu02': 0.25, 'mu30': 0.0, 'mu21': 0.0, 'mu12': 0.0, 'mu03': 0.0, 'nu20': 0.25, 'nu11': 0.0, 'nu02': 0.027777777777777776, 'nu30': 0.0, 'nu21': 0.0, 'nu12': 0.0, 'nu03': 0.0}
Centroid: 189, 344
Processing contour#10: area: 3.0 centroid: 189, 344 rectangle: (188, 344, 4, 2)
@find_dayJSON_match_for_contour: x: 188, y: 344, w: 4, h: 2, area: 3.0
Matched with JSON#14: (189, 344, 1, 11.0, 8.6213, 0.713777)
Match with input JSON(nodules) ID: 14
Matched contour: {'x': 189, 'y': 344, 'd': 1, 'a': 11.0, 'p': 8.6213, 'e': 0.713777, 'id': 14, 'tq': 100}
JSON_entry: 14
WARNING: match is empty
entry_id:20230424_9, entry saved to results list
created dirs at nodule_detection_path: output/crop993/nodules-last-detected-on/2023-04-24/9/detection and nodule_images_original_path: output/crop993/nodules-last-detected-on/2023-04-24/9
Segmented nodule image saved as output/crop993/nodules-last-detected-on/2023-04-24/9/detection/2023-04-24.jpg
Original nodule image saved as output/crop993/nodules-last-detected-on/2023-04-24/9/2023-04-24.jpg


@process_contour: max_id: 20230424_10
Moments: {'m00': 8.0, 'm10': 736.0, 'm01': 2735.333333333333, 'm20': 67720.0, 'm11': 251650.66666666666, 'm02': 935260.0, 'm30': 6231712.0, 'm21': 23154598.933333334, 'm12': 86043920.0, 'm03': 319783677.8, 'mu20': 8.0, 'mu11': 2.9103830456733704e-11, 'mu02': 3.9444444446126, 'mu30': 0.0, 'mu21': 2.2666666644317957, 'mu12': -8.847564458847046e-09, 'mu03': -1.2092593312263489, 'nu20': 0.125, 'nu11': 4.547473508864641e-13, 'nu02': 0.061631944447071874, 'nu30': 0.0, 'nu21': 0.012521682571165746, 'nu12': -4.8876350201842445e-11, 'nu03': -0.006680277135337974}
Centroid: 92, 341
Processing contour#11: area: 8.0 centroid: 92, 341 rectangle: (90, 340, 5, 4)
@find_dayJSON_match_for_contour: x: 90, y: 340, w: 5, h: 4, area: 8.0
Matched with JSON#13: (92, 342, 3, 39.0, 21.0711, 0.55481)
Match with input JSON(nodules) ID: 13
Matched contour: {'x': 92, 'y': 342, 'd': 3, 'a': 39.0, 'p': 21.0711, 'e': 0.55481, 'id': 13, 'tq': 100}
JSON_entry: 13
WARNING: match is empty
entry_id:20230424_10, entry saved to results list
created dirs at nodule_detection_path: output/crop993/nodules-last-detected-on/2023-04-24/10/detection and nodule_images_original_path: output/crop993/nodules-last-detected-on/2023-04-24/10
Segmented nodule image saved as output/crop993/nodules-last-detected-on/2023-04-24/10/detection/2023-04-24.jpg
Original nodule image saved as output/crop993/nodules-last-detected-on/2023-04-24/10/2023-04-24.jpg


@process_contour: max_id: 20230424_11
Moments: {'m00': 41.5, 'm10': 1305.0, 'm01': 13767.333333333332, 'm20': 41194.08333333333, 'm11': 432965.125, 'm02': 4567350.083333333, 'm30': 1305320.4000000001, 'm21': 13668412.316666666, 'm12': 143650770.05, 'm03': 1515275173.7, 'mu20': 157.33634538151819, 'mu11': 40.546686746994965, 'mu02': 134.00836680084467, 'mu30': 45.05996516253799, 'mu21': 14.642846891314548, 'mu12': -32.31756664884415, 'mu03': -29.263570547103882, 'nu20': 0.09135511417129813, 'nu11': 0.0235428577424851, 'nu02': 0.07781005475444604, 'nu30': 0.0040613517955247974, 'nu21': 0.0013197913557881993, 'nu12': -0.002912851948793711, 'nu03': -0.00263758869666762}
Centroid: 31, 331
Processing contour#12: area: 41.5 centroid: 31, 331 rectangle: (28, 328, 9, 8)
@find_dayJSON_match_for_contour: x: 28, y: 328, w: 9, h: 8, area: 41.5
Matched with JSON#12: (31, 331, 6, 126.0, 41.5563, 0.683048)
Match with input JSON(nodules) ID: 12
Matched contour: {'x': 31, 'y': 331, 'd': 6, 'a': 126.0, 'p': 41.5563, 'e': 0.683048, 'id': 12, 'tq': 100}
JSON_entry: 12
WARNING: match is empty
entry_id:20230424_11, entry saved to results list
created dirs at nodule_detection_path: output/crop993/nodules-last-detected-on/2023-04-24/11/detection and nodule_images_original_path: output/crop993/nodules-last-detected-on/2023-04-24/11
Segmented nodule image saved as output/crop993/nodules-last-detected-on/2023-04-24/11/detection/2023-04-24.jpg
Original nodule image saved as output/crop993/nodules-last-detected-on/2023-04-24/11/2023-04-24.jpg


@process_contour: max_id: 20230424_12
Moments: {'m00': 3.0, 'm10': 472.5, 'm01': 949.5, 'm20': 74421.0, 'm11': 149546.25, 'm02': 300517.0, 'm30': 11722016.25, 'm21': 23554246.5, 'm12': 47331427.5, 'm03': 95113788.75, 'mu20': 2.25, 'mu11': 0.0, 'mu02': 0.25, 'mu30': 0.0, 'mu21': 0.0, 'mu12': 0.0, 'mu03': 0.0, 'nu20': 0.25, 'nu11': 0.0, 'nu02': 0.027777777777777776, 'nu30': 0.0, 'nu21': 0.0, 'nu12': 0.0, 'nu03': 0.0}
Centroid: 157, 316
Processing contour#13: area: 3.0 centroid: 157, 316 rectangle: (156, 316, 4, 2)
@find_dayJSON_match_for_contour: x: 156, y: 316, w: 4, h: 2, area: 3.0
Matched with JSON#11: (157, 316, 2, 18.0, 12.0355, 0.335603)
Match with input JSON(nodules) ID: 11
Matched contour: {'x': 157, 'y': 316, 'd': 2, 'a': 18.0, 'p': 12.0355, 'e': 0.335603, 'id': 11, 'tq': 100}
JSON_entry: 11
WARNING: match is empty
entry_id:20230424_12, entry saved to results list
created dirs at nodule_detection_path: output/crop993/nodules-last-detected-on/2023-04-24/12/detection and nodule_images_original_path: output/crop993/nodules-last-detected-on/2023-04-24/12
Segmented nodule image saved as output/crop993/nodules-last-detected-on/2023-04-24/12/detection/2023-04-24.jpg
Original nodule image saved as output/crop993/nodules-last-detected-on/2023-04-24/12/2023-04-24.jpg


@process_contour: max_id: 20230424_13
Moments: {'m00': 3.0, 'm10': 181.5, 'm01': 940.5, 'm20': 10981.0, 'm11': 56900.25, 'm02': 294849.0, 'm30': 664380.75, 'm21': 3442543.5, 'm12': 17838364.5, 'm03': 92436572.25, 'mu20': 0.25, 'mu11': 0.0, 'mu02': 2.25, 'mu30': 0.0, 'mu21': 0.0, 'mu12': 0.0, 'mu03': 0.0, 'nu20': 0.027777777777777776, 'nu11': 0.0, 'nu02': 0.25, 'nu30': 0.0, 'nu21': 0.0, 'nu12': 0.0, 'nu03': 0.0}
Centroid: 60, 313
Processing contour#14: area: 3.0 centroid: 60, 313 rectangle: (60, 312, 2, 4)
@find_dayJSON_match_for_contour: x: 60, y: 312, w: 2, h: 4, area: 3.0
Matched with JSON#10: (60, 313, 2, 19.0, 13.6569, 0.489898)
Match with input JSON(nodules) ID: 10
Matched contour: {'x': 60, 'y': 313, 'd': 2, 'a': 19.0, 'p': 13.6569, 'e': 0.489898, 'id': 10, 'tq': 100}
JSON_entry: 10
WARNING: match is empty
entry_id:20230424_13, entry saved to results list
created dirs at nodule_detection_path: output/crop993/nodules-last-detected-on/2023-04-24/13/detection and nodule_images_original_path: output/crop993/nodules-last-detected-on/2023-04-24/13
Segmented nodule image saved as output/crop993/nodules-last-detected-on/2023-04-24/13/detection/2023-04-24.jpg
Original nodule image saved as output/crop993/nodules-last-detected-on/2023-04-24/13/2023-04-24.jpg


@process_contour: max_id: 20230424_14
Moments: {'m00': 27.0, 'm10': 6931.333333333333, 'm01': 7587.0, 'm20': 1779439.5, 'm11': 1947704.6666666665, 'm02': 2132010.1666666665, 'm30': 456838907.6, 'm21': 500022499.5, 'm12': 547321232.2, 'm03': 599130356.5, 'mu20': 54.98971193423495, 'mu11': 0.0, 'mu02': 63.166666666511446, 'mu30': -4.438764452934265, 'mu21': -2.7474015951156616e-08, 'mu12': 4.969547492106358, 'mu03': 1.1920928955078125e-07, 'nu20': 0.07543170361349101, 'nu11': 0.0, 'nu02': 0.08664837677162063, 'nu30': -0.001171797828884746, 'nu21': -7.252917469190829e-12, 'nu12': 0.001311920247973587, 'nu03': 3.1470285968014444e-11}
Centroid: 256, 281
Processing contour#15: area: 27.0 centroid: 256, 281 rectangle: (254, 278, 7, 7)
@find_dayJSON_match_for_contour: x: 254, y: 278, w: 7, h: 7, area: 27.0
Matched with JSON#9: (256, 281, 5, 99.0, 34.9706, 0.290466)
Match with input JSON(nodules) ID: 9
Matched contour: {'x': 256, 'y': 281, 'd': 5, 'a': 99.0, 'p': 34.9706, 'e': 0.290466, 'id': 9, 'tq': 100}
JSON_entry: 9
WARNING: match is empty
entry_id:20230424_14, entry saved to results list
created dirs at nodule_detection_path: output/crop993/nodules-last-detected-on/2023-04-24/14/detection and nodule_images_original_path: output/crop993/nodules-last-detected-on/2023-04-24/14
Segmented nodule image saved as output/crop993/nodules-last-detected-on/2023-04-24/14/detection/2023-04-24.jpg
Original nodule image saved as output/crop993/nodules-last-detected-on/2023-04-24/14/2023-04-24.jpg


@process_contour: max_id: 20230424_15
Moments: {'m00': 5.5, 'm10': 1361.8333333333333, 'm01': 1518.3333333333333, 'm20': 337201.9166666666, 'm11': 375948.125, 'm02': 419153.75, 'm30': 83495084.95, 'm21': 93087962.56666666, 'm12': 103784782.4, 'm03': 115712793.2, 'mu20': 3.7297979798167944, 'mu11': -0.4103535353206098, 'mu02': 1.7297979798167944, 'mu30': -0.305815726518631, 'mu21': 0.29891336991477147, 'mu12': 0.13913374907821208, 'mu03': -0.11573310196399689, 'nu20': 0.12329910677080312, 'nu11': -0.01356540612630115, 'nu02': 0.057183404291464277, 'nu30': -0.00431075252671627, 'nu21': 0.0042134574938247175, 'nu12': 0.001961217518857294, 'nu03': -0.0016313639831260194}
Centroid: 247, 276
Processing contour#16: area: 5.5 centroid: 247, 276 rectangle: (246, 275, 4, 3)
@find_dayJSON_match_for_contour: x: 246, y: 275, w: 4, h: 3, area: 5.5
Matched with JSON#8: (247, 276, 2, 25.0, 16.8995, 0.408183)
Match with input JSON(nodules) ID: 8
Matched contour: {'x': 247, 'y': 276, 'd': 2, 'a': 25.0, 'p': 16.8995, 'e': 0.408183, 'id': 8, 'tq': 100}
JSON_entry: 8
WARNING: match is empty
entry_id:20230424_15, entry saved to results list
created dirs at nodule_detection_path: output/crop993/nodules-last-detected-on/2023-04-24/15/detection and nodule_images_original_path: output/crop993/nodules-last-detected-on/2023-04-24/15
Segmented nodule image saved as output/crop993/nodules-last-detected-on/2023-04-24/15/detection/2023-04-24.jpg
Original nodule image saved as output/crop993/nodules-last-detected-on/2023-04-24/15/2023-04-24.jpg


@process_contour: max_id: 20230424_16
Moments: {'m00': 17.5, 'm10': 1231.1666666666665, 'm01': 4512.666666666666, 'm20': 86647.25, 'm11': 317476.125, 'm02': 1163686.0833333333, 'm30': 6100311.550000001, 'm21': 22343333.1, 'm12': 81867712.1, 'm03': 300086050.3, 'mu20': 31.74365079367999, 'mu11': -0.7194444443448447, 'mu02': 19.77222222252749, 'mu30': 4.72669689822942, 'mu21': -3.2040740848506175, 'mu12': -3.5021693567366583, 'mu03': 1.7503703236579895, 'nu20': 0.10365273728548567, 'nu11': -0.0023492063488811253, 'nu02': 0.06456235827764077, 'nu30': 0.003689458521087962, 'nu21': -0.0025009639266222847, 'nu12': -0.002733644414632414, 'nu03': 0.0013662646124185673}
Centroid: 70, 257
Processing contour#17: area: 17.5 centroid: 70, 257 rectangle: (68, 256, 6, 5)
@find_dayJSON_match_for_contour: x: 68, y: 256, w: 6, h: 5, area: 17.5
Matched with JSON#7: (70, 257, 5, 82.0, 31.5563, 0.457934)
Match with input JSON(nodules) ID: 7
Matched contour: {'x': 70, 'y': 257, 'd': 5, 'a': 82.0, 'p': 31.5563, 'e': 0.457934, 'id': 7, 'tq': 100}
JSON_entry: 7
WARNING: match is empty
entry_id:20230424_16, entry saved to results list
created dirs at nodule_detection_path: output/crop993/nodules-last-detected-on/2023-04-24/16/detection and nodule_images_original_path: output/crop993/nodules-last-detected-on/2023-04-24/16
Segmented nodule image saved as output/crop993/nodules-last-detected-on/2023-04-24/16/detection/2023-04-24.jpg
Original nodule image saved as output/crop993/nodules-last-detected-on/2023-04-24/16/2023-04-24.jpg


@process_contour: max_id: 20230424_17
Moments: {'m00': 25.0, 'm10': 3045.0, 'm01': 5715.0, 'm20': 370940.8333333333, 'm11': 696085.9166666666, 'm02': 1306492.1666666665, 'm30': 45195167.5, 'm21': 84796815.16666667, 'm12': 159130249.66666666, 'm03': 298683841.5, 'mu20': 59.83333333331393, 'mu11': -1.0833333333721384, 'mu02': 43.166666666511446, 'mu30': -1.3999999910593033, 'mu21': 4.566666687989709, 'mu12': -0.9333333005197346, 'mu03': -3.5999999046325684, 'nu20': 0.09573333333330229, 'nu11': -0.0017333333333954216, 'nu02': 0.06906666666641832, 'nu30': -0.0004479999971389771, 'nu21': 0.001461333340156707, 'nu12': -0.0002986666561663151, 'nu03': -0.001151999969482422}
Centroid: 121, 228
Processing contour#18: area: 25.0 centroid: 121, 228 rectangle: (118, 226, 8, 6)
@find_dayJSON_match_for_contour: x: 118, y: 226, w: 8, h: 6, area: 25.0
Matched with JSON#6: (121, 228, 5, 106.0, 35.5563, 0.51655)
Match with input JSON(nodules) ID: 6
Matched contour: {'x': 121, 'y': 228, 'd': 5, 'a': 106.0, 'p': 35.5563, 'e': 0.51655, 'id': 6, 'tq': 100}
JSON_entry: 6
WARNING: match is empty
entry_id:20230424_17, entry saved to results list
created dirs at nodule_detection_path: output/crop993/nodules-last-detected-on/2023-04-24/17/detection and nodule_images_original_path: output/crop993/nodules-last-detected-on/2023-04-24/17
Segmented nodule image saved as output/crop993/nodules-last-detected-on/2023-04-24/17/detection/2023-04-24.jpg
Original nodule image saved as output/crop993/nodules-last-detected-on/2023-04-24/17/2023-04-24.jpg


@process_contour: max_id: 20230424_18
Moments: {'m00': 20.0, 'm10': 5185.333333333333, 'm01': 4201.5, 'm20': 1344415.0, 'm11': 1089311.4166666665, 'm02': 882665.8333333333, 'm30': 348578030.6, 'm21': 282429286.5833333, 'm12': 228846878.95, 'm03': 185441033.75, 'mu20': 30.911111111287028, 'mu11': 2.516666666371748, 'mu02': 35.72083333320916, 'mu30': 6.491851806640625, 'mu21': 0.4827778907601896, 'mu12': -6.816388795896273, 'mu03': 0.7043750584125519, 'nu20': 0.07727777777821758, 'nu11': 0.006291666665929371, 'nu02': 0.0893020833330229, 'nu30': 0.003629055484875815, 'nu21': 0.00026988104544343794, 'nu12': -0.003810477177173002, 'nu03': 0.00039375762806646283}
Centroid: 259, 210
Processing contour#19: area: 20.0 centroid: 259, 210 rectangle: (257, 207, 6, 7)
@find_dayJSON_match_for_contour: x: 257, y: 207, w: 6, h: 7, area: 20.0
Matched with JSON#5: (259, 209, 5, 80.0, 30.7279, 0.277211)
Match with input JSON(nodules) ID: 5
Matched contour: {'x': 259, 'y': 209, 'd': 5, 'a': 80.0, 'p': 30.7279, 'e': 0.277211, 'id': 5, 'tq': 100}
JSON_entry: 5
WARNING: match is empty
entry_id:20230424_18, entry saved to results list
created dirs at nodule_detection_path: output/crop993/nodules-last-detected-on/2023-04-24/18/detection and nodule_images_original_path: output/crop993/nodules-last-detected-on/2023-04-24/18
Segmented nodule image saved as output/crop993/nodules-last-detected-on/2023-04-24/18/detection/2023-04-24.jpg
Original nodule image saved as output/crop993/nodules-last-detected-on/2023-04-24/18/2023-04-24.jpg


@process_contour: max_id: 20230424_19
Moments: {'m00': 24.0, 'm10': 735.6666666666666, 'm01': 4850.5, 'm20': 22590.666666666664, 'm11': 148684.5833333333, 'm02': 980359.8333333333, 'm30': 694941.9, 'm21': 4565869.75, 'm12': 30052086.05, 'm03': 198156461.25, 'mu20': 40.43981481481387, 'mu11': 3.2847222222189885, 'mu02': 53.57291666662786, 'mu30': -3.9704989709425718, 'mu21': 0.5171682107802553, 'mu12': 6.2244791753621485, 'mu03': -0.5186631679534912, 'nu20': 0.07020801183127408, 'nu11': 0.005702642746907966, 'nu02': 0.09300853587956226, 'nu30': -0.001407074146854021, 'nu21': 0.0001832752065393177, 'nu12': 0.0022058446027513135, 'nu03': -0.00018380499274616688}
Centroid: 30, 202
Processing contour#20: area: 24.0 centroid: 30, 202 rectangle: (28, 199, 6, 7)
@find_dayJSON_match_for_contour: x: 28, y: 199, w: 6, h: 7, area: 24.0
Matched with JSON#4: (30, 202, 4, 78.0, 31.799, 0.270488)
Match with input JSON(nodules) ID: 4
Matched contour: {'x': 30, 'y': 202, 'd': 4, 'a': 78.0, 'p': 31.799, 'e': 0.270488, 'id': 4, 'tq': 100}
JSON_entry: 4
WARNING: match is empty
entry_id:20230424_19, entry saved to results list
created dirs at nodule_detection_path: output/crop993/nodules-last-detected-on/2023-04-24/19/detection and nodule_images_original_path: output/crop993/nodules-last-detected-on/2023-04-24/19
Segmented nodule image saved as output/crop993/nodules-last-detected-on/2023-04-24/19/detection/2023-04-24.jpg
Original nodule image saved as output/crop993/nodules-last-detected-on/2023-04-24/19/2023-04-24.jpg


@process_contour: max_id: 20230424_20
Moments: {'m00': 36.0, 'm10': 3661.0, 'm01': 3090.6666666666665, 'm20': 372417.0, 'm11': 314318.0833333333, 'm02': 265441.3333333333, 'm30': 37895824.5, 'm21': 31975638.8, 'm12': 26996414.333333332, 'm03': 22806111.400000002, 'mu20': 113.63888888887595, 'mu11': 14.453703703708015, 'mu02': 101.87654320988804, 'mu30': -28.304012343287468, 'mu21': 9.966152268832957, 'mu12': 23.652949244275078, 'mu03': -11.204481020569801, 'nu20': 0.0876843278463549, 'nu11': 0.01115254915409569, 'nu02': 0.07860844383479015, 'nu30': -0.003639919282830178, 'nu21': 0.001281655384366378, 'nu12': 0.0030417887402617123, 'nu03': -0.0014409054810403548}
Centroid: 101, 85
Processing contour#21: area: 36.0 centroid: 101, 85 rectangle: (98, 82, 8, 8)
@find_dayJSON_match_for_contour: x: 98, y: 82, w: 8, h: 8, area: 36.0
Matched with JSON#3: (101, 85, 6, 133.0, 41.799, 0.357536)
Match with input JSON(nodules) ID: 3
Matched contour: {'x': 101, 'y': 85, 'd': 6, 'a': 133.0, 'p': 41.799, 'e': 0.357536, 'id': 3, 'tq': 100}
JSON_entry: 3
WARNING: match is empty
entry_id:20230424_20, entry saved to results list
created dirs at nodule_detection_path: output/crop993/nodules-last-detected-on/2023-04-24/20/detection and nodule_images_original_path: output/crop993/nodules-last-detected-on/2023-04-24/20
Segmented nodule image saved as output/crop993/nodules-last-detected-on/2023-04-24/20/detection/2023-04-24.jpg
Original nodule image saved as output/crop993/nodules-last-detected-on/2023-04-24/20/2023-04-24.jpg


@process_contour: max_id: 20230424_21
Moments: {'m00': 5.5, 'm10': 371.8333333333333, 'm01': 289.3333333333333, 'm20': 25141.916666666664, 'm11': 19562.125, 'm02': 15223.083333333332, 'm30': 1700249.9500000002, 'm21': 1322811.7333333334, 'm12': 1029324.2333333333, 'm03': 801078.7000000001, 'mu20': 3.7297979797949665, 'mu11': 1.4381313131343632, 'mu02': 2.396464646466484, 'mu30': -0.3058157323393971, 'mu21': 0.08862871097960578, 'mu12': 0.23004285250962653, 'mu03': 0.11842669115867466, 'nu20': 0.12329910677008155, 'nu11': 0.04754153101270622, 'nu02': 0.079221971784016, 'nu30': -0.004310752608765294, 'nu21': 0.001249302788133971, 'nu12': 0.0032426645254572174, 'nu03': 0.0016693325878118397}
Centroid: 67, 52
Processing contour#22: area: 5.5 centroid: 67, 52 rectangle: (66, 51, 4, 4)
@find_dayJSON_match_for_contour: x: 66, y: 51, w: 4, h: 4, area: 5.5
Matched with JSON#2: (68, 52, 2, 20.0, 15.4853, 0.526566)
Match with input JSON(nodules) ID: 2
Matched contour: {'x': 68, 'y': 52, 'd': 2, 'a': 20.0, 'p': 15.4853, 'e': 0.526566, 'id': 2, 'tq': 100}
JSON_entry: 2
WARNING: match is empty
entry_id:20230424_21, entry saved to results list
created dirs at nodule_detection_path: output/crop993/nodules-last-detected-on/2023-04-24/21/detection and nodule_images_original_path: output/crop993/nodules-last-detected-on/2023-04-24/21
Segmented nodule image saved as output/crop993/nodules-last-detected-on/2023-04-24/21/detection/2023-04-24.jpg
Original nodule image saved as output/crop993/nodules-last-detected-on/2023-04-24/21/2023-04-24.jpg


@process_contour: max_id: 20230424_22
Moments: {'m00': 22.0, 'm10': 4535.5, 'm01': 1103.5, 'm20': 935074.1666666666, 'm11': 227500.8333333333, 'm02': 55390.166666666664, 'm30': 192790370.75, 'm21': 46904234.333333336, 'm12': 11419616.333333334, 'm03': 2782292.75, 'mu20': 39.609848484862596, 'mu11': 4.2765151514613535, 'mu02': 39.60984848484077, 'mu30': -1.2432851195335388, 'mu21': 0.9158058058235383, 'mu12': 0.9158057898348488, 'mu03': -1.2432851232588291, 'nu20': 0.08183852992740207, 'nu11': 0.00883577510632511, 'nu02': 0.08183852992735696, 'nu30': -0.0005476637977661597, 'nu21': 0.00040341002860373027, 'nu12': 0.00040341002156075496, 'nu03': -0.0005476637994071401}
Centroid: 206, 50
Processing contour#23: area: 22.0 centroid: 206, 50 rectangle: (203, 47, 7, 7)
@find_dayJSON_match_for_contour: x: 203, y: 47, w: 7, h: 7, area: 22.0
Matched with JSON#1: (206, 50, 5, 90.0, 32.7279, 0.418579)
Match with input JSON(nodules) ID: 1
Matched contour: {'x': 206, 'y': 50, 'd': 5, 'a': 90.0, 'p': 32.7279, 'e': 0.418579, 'id': 1, 'tq': 100}
JSON_entry: 1
WARNING: match is empty
entry_id:20230424_22, entry saved to results list
created dirs at nodule_detection_path: output/crop993/nodules-last-detected-on/2023-04-24/22/detection and nodule_images_original_path: output/crop993/nodules-last-detected-on/2023-04-24/22
Segmented nodule image saved as output/crop993/nodules-last-detected-on/2023-04-24/22/detection/2023-04-24.jpg
Original nodule image saved as output/crop993/nodules-last-detected-on/2023-04-24/22/2023-04-24.jpg


@process_contour: max_id: 20230424_23
Moments: {'m00': 26.5, 'm10': 1716.8333333333333, 'm01': 1184.6666666666665, 'm20': 111279.08333333333, 'm11': 76737.45833333333, 'm02': 53030.25, 'm30': 7216076.45, 'm21': 4973039.6, 'm12': 3434528.4, 'm03': 2376972.3000000003, 'mu20': 52.038259958077106, 'mu11': -12.550052410879289, 'mu02': 70.43448637318215, 'mu30': -11.15785108692944, 'mu21': 0.8065813565649478, 'mu12': 24.03707593216768, 'mu03': -10.804769062902778, 'nu20': 0.0741021857715587, 'nu11': -0.017871203148279512, 'nu02': 0.10029830740218176, 'nu30': -0.0030864971206898393, 'nu21': 0.0002231174278312502, 'nu12': 0.00664916255616163, 'nu03': -0.002988827180301207}
Centroid: 64, 44
Processing contour#24: area: 26.5 centroid: 64, 44 rectangle: (62, 41, 7, 8)
@find_dayJSON_match_for_contour: x: 62, y: 41, w: 7, h: 8, area: 26.5
Matched with JSON#0: (65, 44, 5, 90.0, 39.2132, 0.826739)
Match with input JSON(nodules) ID: 0
Matched contour: {'x': 65, 'y': 44, 'd': 5, 'a': 90.0, 'p': 39.2132, 'e': 0.826739, 'id': 0, 'tq': 100}
JSON_entry: 0
WARNING: match is empty
entry_id:20230424_23, entry saved to results list
created dirs at nodule_detection_path: output/crop993/nodules-last-detected-on/2023-04-24/23/detection and nodule_images_original_path: output/crop993/nodules-last-detected-on/2023-04-24/23
Segmented nodule image saved as output/crop993/nodules-last-detected-on/2023-04-24/23/detection/2023-04-24.jpg
Original nodule image saved as output/crop993/nodules-last-detected-on/2023-04-24/23/2023-04-24.jpg


Done analyzing contours, found 24 nodules.


results_entry: {'date': '20230424', 'json': 'output/crop993/20230424/20230424.json', 'log': 'output/crop993/20230424/crop993_20230424.log', 'image': 'data/crop993/20230424.jpg', 'plot': None, 'match_stats': {}}
