@analyze_image: file_name: data/crop1001/20230505.jpg, output_dir: output/crop1001, external_logger: <Logger data_crop1001.log (DEBUG)>
Loaded image & JSON file: data/crop1001/20230505.jpg
Scaled JSON data: scalar_position: 0.5, scalar_size: 0.5

@find_prev_next_date: image_output_dir: output/crop1001/20230505
data_dir: data/crop1001
Previous date file: data/crop1001/20230503.jpg, Next date file: data/crop1001/20230508.json


Loaded prev_results from JSON file: 20230503, length: 41
Scaled JSON data: scalar_position: 0.5, scalar_size: 0.5
Loaded next_results from JSON file: 20230508, length: 129
Scaled JSON data: scalar_position: 0.5, scalar_size: 0.5
prev_results is not empty, generating matching
current_date:20230505, generating Matching: 20230503_20230505_matching.json
spatial_distances: (54, 41), attribute_distances: (54, 41)
combined_distances: (54, 41)
Matching length: 41
Matching: [{'c': 0, 'p': 0, 'id': '20230605_1'}, {'c': 1, 'p': 1, 'id': '20230517_14'}, {'c': 2, 'p': 2, 'id': '20230607_6'}, {'c': 3, 'p': 3, 'id': '20230529_1'}, {'c': 4, 'p': 6, 'id': '20230515_17'}, {'c': 5, 'p': 5, 'id': '20230510_13'}, {'c': 8, 'p': 7, 'id': '20230529_28'}, {'c': 9, 'p': 8, 'id': '20230522_33'}, {'c': 10, 'p': 10, 'id': '20230508_13'}, {'c': 12, 'p': 4, 'id': '20230505_9'}, {'c': 13, 'p': 9, 'id': '20230517_27'}, {'c': 14, 'p': 12, 'id': '20230512_29'}, {'c': 15, 'p': 13, 'id': '20230517_35'}, {'c': 16, 'p': 11, 'id': '20230505_13'}, {'c': 17, 'p': 14, 'id': '20230508_20'}, {'c': 18, 'p': 15, 'id': '20230519_67'}, {'c': 20, 'p': 16, 'id': '20230524_30'}, {'c': 22, 'p': 17, 'id': '20230519_43'}, {'c': 23, 'p': 18, 'id': '20230519_41'}, {'c': 26, 'p': 19, 'id': '20230519_52'}, {'c': 29, 'p': 20, 'id': '20230519_58'}, {'c': 33, 'p': 21, 'id': '20230607_59'}, {'c': 35, 'p': 22, 'id': '20230519_79'}, {'c': 36, 'p': 38, 'id': '20230505_23'}, {'c': 37, 'p': 23, 'id': '20230505_24'}, {'c': 38, 'p': 28, 'id': '20230505_25'}, {'c': 39, 'p': 30, 'id': '20230505_26'}, {'c': 40, 'p': 26, 'id': '20230505_27'}, {'c': 41, 'p': 24, 'id': '20230512_69'}, {'c': 42, 'p': 31, 'id': '20230505_29'}, {'c': 43, 'p': 25, 'id': '20230505_30'}, {'c': 44, 'p': 32, 'id': '20230505_31'}, {'c': 45, 'p': 29, 'id': '20230505_32'}, {'c': 46, 'p': 34, 'id': '20230505_33'}, {'c': 47, 'p': 27, 'id': '20230508_47'}, {'c': 48, 'p': 35, 'id': '20230505_35'}, {'c': 49, 'p': 33, 'id': '20230505_36'}, {'c': 50, 'p': 39, 'id': '20230505_37'}, {'c': 51, 'p': 36, 'id': '20230508_52'}, {'c': 52, 'p': 37, 'id': '20230508_51'}, {'c': 53, 'p': 40, 'id': '20230505_40'}]
Unmatched current: 13: {32, 34, 6, 7, 11, 19, 21, 24, 25, 27, 28, 30, 31}
Unmatched previous 0: set()
Distance threshold: 11.831666335409686


@plot_data: normalized_points: (54, 2), normalized_prev_points: (41, 2), current_points: (54, 2), prev_points: (41, 2), current_data: 54, prev_data: 41, matching: 41, unmatched_current: 13, unmatched_prev: 0, combined_distances: (54, 41), distance_threshold: 11.831666335409686, current_date_string: 20230505, previous_date_string: 20230503, filename: output/crop1001/20230503_20230505_plot.png
Plots created
Plotted the normalized points
Drawing lines between the matched points
Plotting the unmatched points
Plotted the original points with diameter as size
Drawing lines between the matched points and add the indices to the plots with color coding
Setting the titles and labels
Done plotting

@process_image: output_dir: output/crop1001/20230505, image_name: 20230505, date_string: 20230505
54 json_data entries
41 matching entries
crop_dir: output/crop1001
nodules_dir: output/crop1001/nodules
Split image into left and right images: (705, 300, 3), (705, 300, 3)
Converted right image to HSV: (705, 300, 3)
Created mask to detect nodules: (705, 300)

Found 50 contours in mask, processing each contour...

max_id: 20230505_0, i: 0
Moments: {'m00': 25.0, 'm10': 3967.5, 'm01': 16813.0, 'm20': 629696.6666666666, 'm11': 2668224.4166666665, 'm02': 11307126.5, 'm30': 99950133.75, 'm21': 423484022.5833333, 'm12': 1794442748.25, 'm03': 7604332923.5, 'mu20': 54.416666666560204, 'mu11': 1.3166666665836146, 'mu02': 47.74000000030583, 'mu30': 0.9000000262101338, 'mu21': 2.4066666630450633, 'mu12': 1.7306669380771882, 'mu03': -2.489600094962698, 'nu20': 0.08706666666649633, 'nu11': 0.0021066666665337836, 'nu02': 0.07638400000048932, 'nu30': 0.00028800000838724284, 'nu21': 0.0007701333321744203, 'nu12': 0.0005538134201847003, 'nu03': -0.0007966720303880634}
Centroid: 158, 672
Processing contour#1: area: 25.0 centroid: 158, 672 rectangle: (156, 670, 7, 6)
@find_dayJSON_match_for_contour: x: 156, y: 670, w: 7, h: 6, area: 25.0
Matched with JSON#54: (158, 672, 5, 94.0, 34.7279, 0.666022)
Match with input JSON(nodules) ID: 54
Matched contour: {'x': 158, 'y': 672, 'd': 5, 'a': 94.0, 'p': 34.7279, 'e': 0.666022, 'id': 54, 'tq': 100}
Matched with first_id: 53 second_id: 40 name: 20230505_40
entry_id:20230505_40, entry saved to results list
Segmented nodule image saved as output/crop1001/nodules/Last-Detected-2023-05-05/40/2023-05-05_d.jpg
Original nodule image saved as output/crop1001/nodules/Last-Detected-2023-05-05/40/2023-05-05_o.jpg


max_id: 20230505_1, i: 1
Moments: {'m00': 18.5, 'm10': 3082.833333333333, 'm01': 12216.666666666666, 'm20': 513750.0833333333, 'm11': 2035777.125, 'm02': 8067430.25, 'm30': 85620407.45, 'm21': 339258919.43333334, 'm12': 1344348645.4, 'm03': 5327447928.3, 'mu20': 27.84759759767213, 'mu11': -3.8059309306865283, 'mu02': 27.847597598173166, 'mu30': -2.3287584961196415, 'mu21': -2.2939142469360134, 'mu12': 2.293914031183691, 'mu03': 2.328758133451206, 'nu20': 0.08136624572000624, 'nu11': -0.0111203241218014, 'nu02': 0.08136624572147019, 'nu30': -0.001581958664008859, 'nu21': -0.0015582884715098202, 'nu12': 0.0015582883249462087, 'nu03': 0.001581958417643049}
Centroid: 166, 660
Processing contour#2: area: 18.5 centroid: 166, 660 rectangle: (164, 658, 6, 6)
@find_dayJSON_match_for_contour: x: 164, y: 658, w: 6, h: 6, area: 18.5
Matched with JSON#53: (166, 660, 4, 59.0, 25.6569, 0.256032)
Match with input JSON(nodules) ID: 53
Matched contour: {'x': 166, 'y': 660, 'd': 4, 'a': 59.0, 'p': 25.6569, 'e': 0.256032, 'id': 53, 'tq': 100}
Matched with first_id: 52 second_id: 37 name: 20230508_51
entry_id:20230508_51, entry saved to results list
Segmented nodule image saved as output/crop1001/nodules/Last-Detected-2023-05-08/51/2023-05-05_d.jpg
Original nodule image saved as output/crop1001/nodules/Last-Detected-2023-05-08/51/2023-05-05_o.jpg


max_id: 20230505_2, i: 2
Moments: {'m00': 18.0, 'm10': 2605.1666666666665, 'm01': 11835.0, 'm20': 377078.8333333333, 'm11': 1712900.9166666665, 'm02': 7781537.333333333, 'm30': 54583625.650000006, 'm21': 247930444.58333334, 'm12': 1126238472.05, 'm03': 5116393452.5, 'mu20': 29.20216049386809, 'mu11': 3.8333333332777784, 'mu02': 24.833333333022892, 'mu30': -5.477543438942507, 'mu21': 2.0586420172737316, 'mu12': 4.75987669354324, 'mu03': 6.123445928096771e-07, 'nu20': 0.09013012498107434, 'nu11': 0.011831275719993142, 'nu02': 0.07664609053402127, 'nu30': -0.003984782006090666, 'nu21': 0.0014976128914092686, 'nu12': 0.0034626965921977643, 'nu03': 4.4546606378460684e-10}
Centroid: 144, 657
Processing contour#3: area: 18.0 centroid: 144, 657 rectangle: (142, 655, 6, 6)
@find_dayJSON_match_for_contour: x: 142, y: 655, w: 6, h: 6, area: 18.0
Matched with JSON#52: (144, 657, 4, 58.0, 25.3137, 0.338404)
Match with input JSON(nodules) ID: 52
Matched contour: {'x': 144, 'y': 657, 'd': 4, 'a': 58.0, 'p': 25.3137, 'e': 0.338404, 'id': 52, 'tq': 100}
Matched with first_id: 51 second_id: 36 name: 20230508_52
entry_id:20230508_52, entry saved to results list
Segmented nodule image saved as output/crop1001/nodules/Last-Detected-2023-05-08/52/2023-05-05_d.jpg
Original nodule image saved as output/crop1001/nodules/Last-Detected-2023-05-08/52/2023-05-05_o.jpg


max_id: 20230505_3, i: 3
Moments: {'m00': 0.5, 'm10': 137.33333333333331, 'm01': 326.16666666666663, 'm20': 37720.916666666664, 'm11': 89587.125, 'm02': 212769.41666666666, 'm30': 10360693.700000001, 'm21': 24606618.933333334, 'm12': 58440684.56666666, 'm03': 138796619.05, 'mu20': 0.02777777778576112, 'mu11': 0.013888888911657836, 'mu02': 0.027777777817517644, 'mu30': -0.0037037042653775254, 'mu21': -0.0018518578573668675, 'mu12': 0.0018518332054684708, 'mu03': 0.003703676903984177, 'nu20': 0.11111111114304448, 'nu11': 0.055555555646631345, 'nu02': 0.11111111127007058, 'nu30': -0.02095131521246391, 'nu21': -0.010475689989901619, 'nu12': 0.010475550537705415, 'nu03': 0.020951160433049676}
Centroid: 274, 652
Processing contour#4: area: 0.5 centroid: 274, 652 rectangle: (274, 652, 2, 2)
@find_dayJSON_match_for_contour: x: 274, y: 652, w: 2, h: 2, area: 0.5
Closest match: {'x': 275, 'y': 651, 'd': 4, 'a': 63.0, 'p': 28.7279, 'e': 0.507025}
No input JSON(nodules) match, ID:20230505_3 area: 0.5 position: (274, 652)
Matched contour: None
entry_id:20230505_3, entry saved to results list
Segmented nodule image saved as output/crop1001/nodules/Last-Detected-2023-05-05/3/2023-05-05_d.jpg
Original nodule image saved as output/crop1001/nodules/Last-Detected-2023-05-05/3/2023-05-05_o.jpg


max_id: 20230505_4, i: 4
Moments: {'m00': 7.0, 'm10': 1555.3333333333333, 'm01': 4224.0, 'm20': 345583.8333333333, 'm11': 938532.0, 'm02': 2548887.1666666665, 'm30': 76787027.60000001, 'm21': 208534904.5, 'm12': 566337763.2, 'm03': 1538077233.0, 'mu20': 3.579365079385672, 'mu11': -0.571428571408097, 'mu02': 4.880952380728559, 'mu30': 0.5062736330027293, 'mu21': -0.42517005539524105, 'mu12': -0.48480721420539996, 'mu03': 0.6734695872099479, 'nu20': 0.0730482669262382, 'nu11': -0.01166180757975708, 'nu02': 0.09961127307609302, 'nu30': 0.0039051723856396627, 'nu21': -0.0032795750189135962, 'nu12': -0.0037395898618003166, 'nu03': 0.005194848522807137}
Centroid: 222, 603
Processing contour#5: area: 7.0 centroid: 222, 603 rectangle: (221, 602, 4, 4)
@find_dayJSON_match_for_contour: x: 221, y: 602, w: 4, h: 4, area: 7.0
Matched with JSON#50: (222, 603, 2, 20.0, 15.2426, 0.68881)
Match with input JSON(nodules) ID: 50
Matched contour: {'x': 222, 'y': 603, 'd': 2, 'a': 20.0, 'p': 15.2426, 'e': 0.68881, 'id': 50, 'tq': 100}
Matched with first_id: 49 second_id: 33 name: 20230505_36
entry_id:20230505_36, entry saved to results list
Segmented nodule image saved as output/crop1001/nodules/Last-Detected-2023-05-05/36/2023-05-05_d.jpg
Original nodule image saved as output/crop1001/nodules/Last-Detected-2023-05-05/36/2023-05-05_o.jpg


max_id: 20230505_5, i: 5
Moments: {'m00': 2.0, 'm10': 389.0, 'm01': 1204.0, 'm20': 75660.66666666666, 'm11': 234178.0, 'm02': 724808.6666666666, 'm30': 14716064.5, 'm21': 45547721.333333336, 'm12': 140975285.66666666, 'm03': 436335620.0, 'mu20': 0.1666666666569654, 'mu11': 0.0, 'mu02': 0.6666666666278616, 'mu30': 5.660695023834705e-09, 'mu21': 8.32369551062584e-09, 'mu12': -2.3865140974521637e-09, 'mu03': 7.008202373981476e-08, 'nu20': 0.04166666666424135, 'nu11': 0.0, 'nu02': 0.1666666666569654, 'nu30': 1.0006789593956164e-09, 'nu21': 1.4714353850238884e-09, 'nu12': -4.2188007542642956e-10, 'nu03': 1.2388868556424907e-08}
Centroid: 194, 602
Processing contour#6: area: 2.0 centroid: 194, 602 rectangle: (194, 601, 2, 3)
@find_dayJSON_match_for_contour: x: 194, y: 601, w: 2, h: 3, area: 2.0
Matched with JSON#49: (194, 601, 1, 10.0, 9.2426, 0.612372)
Match with input JSON(nodules) ID: 49
Matched contour: {'x': 194, 'y': 601, 'd': 1, 'a': 10.0, 'p': 9.2426, 'e': 0.612372, 'id': 49, 'tq': 100}
Matched with first_id: 48 second_id: 35 name: 20230505_35
entry_id:20230505_35, entry saved to results list
Segmented nodule image saved as output/crop1001/nodules/Last-Detected-2023-05-05/35/2023-05-05_d.jpg
Original nodule image saved as output/crop1001/nodules/Last-Detected-2023-05-05/35/2023-05-05_o.jpg


max_id: 20230505_6, i: 6
Moments: {'m00': 38.0, 'm10': 10197.666666666666, 'm01': 14994.0, 'm20': 2736798.333333333, 'm11': 4023789.4166666665, 'm02': 5916406.0, 'm30': 734529962.9000001, 'm21': 1079885598.0, 'm12': 1587728485.8, 'm03': 2334559701.0, 'mu20': 156.08479532153038, 'mu11': 4.837719298451675, 'mu02': 89.26315789491628, 'mu30': -51.275027988405185, 'mu21': -4.023622728568093, 'mu12': 29.847553032680615, 'mu03': 6.5900276942707325, 'nu20': 0.10809196351906535, 'nu11': 0.0033502211208114086, 'nu02': 0.06181659133996971, 'nu30': -0.0057603240365642055, 'nu21': -0.00045202063512628286, 'nu12': 0.0033531249793886772, 'nu03': 0.0007403349431133521}
Centroid: 268, 394
Processing contour#7: area: 38.0 centroid: 268, 394 rectangle: (264, 391, 9, 8)
@find_dayJSON_match_for_contour: x: 264, y: 391, w: 9, h: 8, area: 38.0
Matched with JSON#48: (268, 394, 6, 136.0, 41.5563, 0.574347)
Match with input JSON(nodules) ID: 48
Matched contour: {'x': 268, 'y': 394, 'd': 6, 'a': 136.0, 'p': 41.5563, 'e': 0.574347, 'id': 48, 'tq': 100}
Matched with first_id: 47 second_id: 27 name: 20230508_47
entry_id:20230508_47, entry saved to results list
Segmented nodule image saved as output/crop1001/nodules/Last-Detected-2023-05-08/47/2023-05-05_d.jpg
Original nodule image saved as output/crop1001/nodules/Last-Detected-2023-05-08/47/2023-05-05_o.jpg


max_id: 20230505_7, i: 7
Moments: {'m00': 17.5, 'm10': 2973.6666666666665, 'm01': 5084.833333333333, 'm20': 505320.75, 'm11': 864032.5416666666, 'm02': 1477488.5833333333, 'm30': 85874188.80000001, 'm21': 146826380.06666666, 'm12': 251059487.43333334, 'm03': 429319170.45000005, 'mu20': 23.9817460318555, 'mu11': -1.7091269839784693, 'mu02': 29.724603174858647, 'mu30': 11.789281927671846, 'mu21': 1.2736885604570076, 'mu12': -7.960219221616892, 'mu03': -0.261934990314045, 'nu20': 0.07830774214483428, 'nu11': -0.005580822804827654, 'nu02': 0.0970599287342323, 'nu30': 0.009202211946750902, 'nu21': 0.0009941871065078562, 'nu12': -0.006213408489959228, 'nu03': -0.00020445531050388495}
Centroid: 169, 290
Processing contour#8: area: 17.5 centroid: 169, 290 rectangle: (168, 288, 6, 6)
@find_dayJSON_match_for_contour: x: 168, y: 288, w: 6, h: 6, area: 17.5
Matched with JSON#47: (169, 290, 4, 74.0, 30.7279, 0.383639)
Match with input JSON(nodules) ID: 47
Matched contour: {'x': 169, 'y': 290, 'd': 4, 'a': 74.0, 'p': 30.7279, 'e': 0.383639, 'id': 47, 'tq': 100}
Matched with first_id: 46 second_id: 34 name: 20230505_33
entry_id:20230505_33, entry saved to results list
Segmented nodule image saved as output/crop1001/nodules/Last-Detected-2023-05-05/33/2023-05-05_d.jpg
Original nodule image saved as output/crop1001/nodules/Last-Detected-2023-05-05/33/2023-05-05_o.jpg


max_id: 20230505_8, i: 8
Moments: {'m00': 5.5, 'm10': 875.6666666666666, 'm01': 1521.3333333333333, 'm20': 139420.0833333333, 'm11': 242214.2083333333, 'm02': 420812.4166666666, 'm30': 22198430.8, 'm21': 38564281.31666666, 'm12': 66998160.85, 'm03': 116400590.7, 'mu20': 3.3358585858399374, 'mu11': -0.4987373737613777, 'mu02': 2.3964646464206, 'mu30': 1.374686266425157, 'mu21': 0.10653505507842671, 'mu12': -0.7323385188109379, 'mu03': 0.11842672477881448, 'nu20': 0.11027631688727066, 'nu11': -0.01648718590946703, 'nu02': 0.07922197178249918, 'nu30': 0.01937746094321078, 'nu21': 0.0015017090948565284, 'nu12': -0.01032298160828421, 'nu03': 0.0016693330617184774}
Centroid: 159, 276
Processing contour#9: area: 5.5 centroid: 159, 276 rectangle: (158, 275, 4, 4)
@find_dayJSON_match_for_contour: x: 158, y: 275, w: 4, h: 4, area: 5.5
Matched with JSON#46: (159, 276, 3, 33.0, 20.6569, 0.541441)
Match with input JSON(nodules) ID: 46
Matched contour: {'x': 159, 'y': 276, 'd': 3, 'a': 33.0, 'p': 20.6569, 'e': 0.541441, 'id': 46, 'tq': 100}
Matched with first_id: 45 second_id: 29 name: 20230505_32
entry_id:20230505_32, entry saved to results list
Segmented nodule image saved as output/crop1001/nodules/Last-Detected-2023-05-05/32/2023-05-05_d.jpg
Original nodule image saved as output/crop1001/nodules/Last-Detected-2023-05-05/32/2023-05-05_o.jpg


max_id: 20230505_9, i: 9
Moments: {'m00': 1.0, 'm10': 218.5, 'm01': 274.5, 'm20': 47742.33333333333, 'm11': 59978.25, 'm02': 75350.33333333333, 'm30': 10431736.25, 'm21': 13105270.5, 'm12': 16464047.833333334, 'm03': 20683712.25, 'mu20': 0.0833333333284827, 'mu11': 0.0, 'mu02': 0.0833333333284827, 'mu30': 3.179593477398157e-09, 'mu21': 1.331500243395567e-09, 'mu12': 1.6807462088763714e-09, 'mu03': 3.994500730186701e-09, 'nu20': 0.0833333333284827, 'nu11': 0.0, 'nu02': 0.0833333333284827, 'nu30': 3.179593477398157e-09, 'nu21': 1.331500243395567e-09, 'nu12': 1.6807462088763714e-09, 'nu03': 3.994500730186701e-09}
Centroid: 218, 274
Processing contour#10: area: 1.0 centroid: 218, 274 rectangle: (218, 274, 2, 2)
@find_dayJSON_match_for_contour: x: 218, y: 274, w: 2, h: 2, area: 1.0
Matched with JSON#45: (218, 275, 1, 10.0, 8.2071, 0.654654)
Match with input JSON(nodules) ID: 45
Matched contour: {'x': 218, 'y': 275, 'd': 1, 'a': 10.0, 'p': 8.2071, 'e': 0.654654, 'id': 45, 'tq': 100}
Matched with first_id: 44 second_id: 32 name: 20230505_31
entry_id:20230505_31, entry saved to results list
Segmented nodule image saved as output/crop1001/nodules/Last-Detected-2023-05-05/31/2023-05-05_d.jpg
Original nodule image saved as output/crop1001/nodules/Last-Detected-2023-05-05/31/2023-05-05_o.jpg


max_id: 20230505_10, i: 10
Moments: {'m00': 10.5, 'm10': 690.6666666666666, 'm01': 2788.833333333333, 'm20': 45442.25, 'm11': 183445.125, 'm02': 740730.75, 'm30': 2990635.3000000003, 'm21': 12069853.4, 'm12': 48724613.43333333, 'm03': 196744561.45000002, 'mu20': 11.731481481488336, 'mu11': 1.8657407407670084, 'mu02': 7.763227513373459, 'mu30': 1.7362139913434584, 'mu21': 2.090329216612583, 'mu12': -0.3266608014123606, 'mu03': -1.1519358664074635, 'nu20': 0.10640799529694633, 'nu11': 0.01692281851035835, 'nu02': 0.0704147620260631, 'nu30': 0.004859929888713833, 'nu21': 0.0058511528462032985, 'nu12': -0.00091437380424905, 'nu03': -0.0032244455896264196}
Centroid: 65, 265
Processing contour#11: area: 10.5 centroid: 65, 265 rectangle: (64, 264, 5, 4)
@find_dayJSON_match_for_contour: x: 64, y: 264, w: 5, h: 4, area: 10.5
Matched with JSON#44: (65, 265, 3, 47.0, 24.1421, 0.660477)
Match with input JSON(nodules) ID: 44
Matched contour: {'x': 65, 'y': 265, 'd': 3, 'a': 47.0, 'p': 24.1421, 'e': 0.660477, 'id': 44, 'tq': 100}
Matched with first_id: 43 second_id: 25 name: 20230505_30
entry_id:20230505_30, entry saved to results list
Segmented nodule image saved as output/crop1001/nodules/Last-Detected-2023-05-05/30/2023-05-05_d.jpg
Original nodule image saved as output/crop1001/nodules/Last-Detected-2023-05-05/30/2023-05-05_o.jpg


max_id: 20230505_11, i: 11
Moments: {'m00': 6.5, 'm10': 1442.0, 'm01': 1568.6666666666665, 'm20': 319905.5833333333, 'm11': 348003.5416666666, 'm02': 378575.5833333333, 'm30': 70971344.10000001, 'm21': 77204268.68333334, 'm12': 83985960.28333333, 'm03': 91364852.30000001, 'mu20': 3.4294871794362507, 'mu11': 0.8749999999885176, 'mu02': 4.02777777782468, 'mu30': -0.7934910974808846, 'mu21': -0.32521365794871465, 'mu12': 0.8474359010028514, 'mu03': 0.7814814756024975, 'nu20': 0.08117129418784026, 'nu11': 0.020710059171325863, 'nu02': 0.09533201841005161, 'nu30': -0.007366457150509214, 'nu21': -0.00301915482561199, 'nu12': 0.007867259345894625, 'nu03': 0.007254964576437722}
Centroid: 221, 241
Processing contour#12: area: 6.5 centroid: 221, 241 rectangle: (220, 240, 4, 4)
@find_dayJSON_match_for_contour: x: 220, y: 240, w: 4, h: 4, area: 6.5
Matched with JSON#43: (221, 241, 3, 46.0, 22.4853, 0.431553)
Match with input JSON(nodules) ID: 43
Matched contour: {'x': 221, 'y': 241, 'd': 3, 'a': 46.0, 'p': 22.4853, 'e': 0.431553, 'id': 43, 'tq': 100}
Matched with first_id: 42 second_id: 31 name: 20230505_29
entry_id:20230505_29, entry saved to results list
Segmented nodule image saved as output/crop1001/nodules/Last-Detected-2023-05-05/29/2023-05-05_d.jpg
Original nodule image saved as output/crop1001/nodules/Last-Detected-2023-05-05/29/2023-05-05_o.jpg


max_id: 20230505_12, i: 12
Moments: {'m00': 36.5, 'm10': 6396.5, 'm01': 8739.166666666666, 'm20': 1121087.4166666665, 'm11': 1531507.4583333333, 'm02': 2092509.4166666665, 'm30': 196509759.15, 'm21': 268420523.18333334, 'm12': 366704337.05, 'm03': 501054617.55, 'mu20': 122.69748858436449, 'mu11': -1.571347031902448, 'mu02': 97.5254946729343, 'mu30': 24.0902796964833, 'mu21': -15.992288469302355, 'mu12': -19.639893837040162, 'mu03': 11.3329086885217, 'nu20': 0.09209794601941414, 'nu11': -0.0011794685921579643, 'nu02': 0.0732035989288304, 'nu30': 0.0029930204293319783, 'nu21': -0.0019869111817485273, 'nu12': -0.002440096346940858, 'nu03': 0.001408021312158153}
Centroid: 175, 239
Processing contour#13: area: 36.5 centroid: 175, 239 rectangle: (172, 236, 8, 8)
@find_dayJSON_match_for_contour: x: 172, y: 236, w: 8, h: 8, area: 36.5
Matched with JSON#42: (175, 239, 7, 157.0, 43.5563, 0.395656)
Match with input JSON(nodules) ID: 42
Matched contour: {'x': 175, 'y': 239, 'd': 7, 'a': 157.0, 'p': 43.5563, 'e': 0.395656, 'id': 42, 'tq': 100}
Matched with first_id: 41 second_id: 24 name: 20230512_69
entry_id:20230512_69, entry saved to results list
Segmented nodule image saved as output/crop1001/nodules/Last-Detected-2023-05-12/69/2023-05-05_d.jpg
Original nodule image saved as output/crop1001/nodules/Last-Detected-2023-05-12/69/2023-05-05_o.jpg


max_id: 20230505_13, i: 13
Moments: {'m00': 18.5, 'm10': 2454.333333333333, 'm01': 4382.833333333333, 'm20': 325640.25, 'm11': 581451.0416666666, 'm02': 1038362.0833333333, 'm30': 43210098.2, 'm21': 77146119.23333333, 'm12': 137753743.56666666, 'm03': 246010313.45000002, 'mu20': 32.02777777784125, 'mu11': -4.847222222198003, 'mu02': 25.433183183161685, 'mu30': -6.33703704727357, 'mu21': 3.0724224224666434, 'mu12': 3.887737749854354, 'mu03': -4.912639612200115, 'nu20': 0.093580066553225, 'nu11': -0.014162811460037995, 'nu02': 0.07431171127293408, 'nu30': -0.004304839113967319, 'nu21': 0.0020871401129894085, 'nu12': 0.002640995374584531, 'nu03': -0.003337225740935664}
Centroid: 132, 236
Processing contour#14: area: 18.5 centroid: 132, 236 rectangle: (130, 234, 6, 6)
@find_dayJSON_match_for_contour: x: 130, y: 234, w: 6, h: 6, area: 18.5
Matched with JSON#41: (132, 236, 4, 78.0, 30.1421, 0.524026)
Match with input JSON(nodules) ID: 41
Matched contour: {'x': 132, 'y': 236, 'd': 4, 'a': 78.0, 'p': 30.1421, 'e': 0.524026, 'id': 41, 'tq': 100}
Matched with first_id: 40 second_id: 26 name: 20230505_27
entry_id:20230505_27, entry saved to results list
Segmented nodule image saved as output/crop1001/nodules/Last-Detected-2023-05-05/27/2023-05-05_d.jpg
Original nodule image saved as output/crop1001/nodules/Last-Detected-2023-05-05/27/2023-05-05_o.jpg


max_id: 20230505_14, i: 14
Moments: {'m00': 8.0, 'm10': 1374.6666666666665, 'm01': 1849.6666666666665, 'm20': 236217.3333333333, 'm11': 317834.6666666666, 'm02': 427666.0, 'm30': 40591309.400000006, 'm21': 54615511.46666667, 'm12': 73487403.8, 'm03': 98883481.9, 'mu20': 3.777777777810469, 'mu11': 0.27777777780006674, 'mu02': 7.652777777847872, 'mu30': -0.6740740714170123, 'mu21': 0.05925926082133131, 'mu12': 1.0175925850856493, 'mu03': 0.04467591157847637, 'nu20': 0.059027777778288576, 'nu11': 0.004340277778126043, 'nu02': 0.119574652778873, 'nu30': -0.00372376833532027, 'nu21': 0.00032736425917863804, 'nu12': 0.00562145794843134, 'nu03': 0.00024680187525649407}
Centroid: 171, 231
Processing contour#15: area: 8.0 centroid: 171, 231 rectangle: (170, 229, 4, 5)
@find_dayJSON_match_for_contour: x: 170, y: 229, w: 4, h: 5, area: 8.0
Matched with JSON#40: (171, 230, 3, 38.0, 21.0711, 0.532569)
Match with input JSON(nodules) ID: 40
Matched contour: {'x': 171, 'y': 230, 'd': 3, 'a': 38.0, 'p': 21.0711, 'e': 0.532569, 'id': 40, 'tq': 100}
Matched with first_id: 39 second_id: 30 name: 20230505_26
entry_id:20230505_26, entry saved to results list
Segmented nodule image saved as output/crop1001/nodules/Last-Detected-2023-05-05/26/2023-05-05_d.jpg
Original nodule image saved as output/crop1001/nodules/Last-Detected-2023-05-05/26/2023-05-05_o.jpg


max_id: 20230505_15, i: 15
Moments: {'m00': 20.0, 'm10': 4043.833333333333, 'm01': 4250.0, 'm20': 817663.1666666666, 'm11': 859312.4166666666, 'm02': 903158.0, 'm30': 165338340.85000002, 'm21': 173752551.08333334, 'm12': 182610091.28333333, 'm03': 191935100.0, 'mu20': 33.7652777778156, 'mu11': -2.1666666666410492, 'mu02': 33.0, 'mu30': 8.294143544936146, 'mu21': 4.330555560709421, 'mu12': -9.166666668653363, 'mu03': 0.0, 'nu20': 0.08441319444453901, 'nu11': -0.005416666666602624, 'nu02': 0.08250000000000002, 'nu30': 0.0046365671954045765, 'nu21': 0.0024208541535214955, 'nu12': -0.005124322449547616, 'nu03': 0.0}
Centroid: 202, 212
Processing contour#16: area: 20.0 centroid: 202, 212 rectangle: (200, 210, 6, 6)
@find_dayJSON_match_for_contour: x: 200, y: 210, w: 6, h: 6, area: 20.0
Matched with JSON#39: (201, 212, 5, 92.0, 32.9706, 0.198967)
Match with input JSON(nodules) ID: 39
Matched contour: {'x': 201, 'y': 212, 'd': 5, 'a': 92.0, 'p': 32.9706, 'e': 0.198967, 'id': 39, 'tq': 100}
Matched with first_id: 38 second_id: 28 name: 20230505_25
entry_id:20230505_25, entry saved to results list
Segmented nodule image saved as output/crop1001/nodules/Last-Detected-2023-05-05/25/2023-05-05_d.jpg
Original nodule image saved as output/crop1001/nodules/Last-Detected-2023-05-05/25/2023-05-05_o.jpg


max_id: 20230505_16, i: 16
Moments: {'m00': 17.0, 'm10': 2360.1666666666665, 'm01': 3535.5, 'm20': 327698.3333333333, 'm11': 490845.6666666666, 'm02': 735300.3333333333, 'm30': 45503367.150000006, 'm21': 68151731.83333333, 'm12': 102084374.3, 'm03': 152929293.75, 'mu20': 28.52777777782414, 'mu11': 0.41666666666333213, 'mu02': 20.318627450908693, 'mu30': -6.007407401522046, 'mu21': 0.9918300708258653, 'mu12': 4.7133987046407135, 'mu03': -0.456747356617148, 'nu20': 0.09871203383330153, 'nu11': 0.0014417531718454398, 'nu02': 0.0703066693803069, 'nu30': -0.0050415581625468595, 'nu21': 0.0008323672185383447, 'nu12': 0.003955595504759438, 'nu03': -0.000383313168238176}
Centroid: 138, 207
Processing contour#17: area: 17.0 centroid: 138, 207 rectangle: (136, 206, 6, 5)
@find_dayJSON_match_for_contour: x: 136, y: 206, w: 6, h: 5, area: 17.0
Matched with JSON#38: (139, 207, 5, 85.0, 31.3137, 0.209892)
Match with input JSON(nodules) ID: 38
Matched contour: {'x': 139, 'y': 207, 'd': 5, 'a': 85.0, 'p': 31.3137, 'e': 0.209892, 'id': 38, 'tq': 100}
Matched with first_id: 37 second_id: 23 name: 20230505_24
entry_id:20230505_24, entry saved to results list
Segmented nodule image saved as output/crop1001/nodules/Last-Detected-2023-05-05/24/2023-05-05_d.jpg
Original nodule image saved as output/crop1001/nodules/Last-Detected-2023-05-05/24/2023-05-05_o.jpg


max_id: 20230505_17, i: 17
Moments: {'m00': 24.0, 'm10': 4646.0, 'm01': 4982.5, 'm20': 899442.6666666666, 'm11': 964525.8333333333, 'm02': 1034428.5, 'm30': 174138205.0, 'm21': 186726844.08333334, 'm12': 200246821.41666666, 'm03': 214768574.25, 'mu20': 54.500000000049226, 'mu11': -3.1250000000335945, 'mu02': 40.73958333338054, 'mu30': -5.138888886868402, 'mu21': 8.701388944439403, 'mu12': 1.8177083395123441, 'mu03': -7.8832465340891344, 'nu20': 0.09461805555564101, 'nu11': -0.005425347222280546, 'nu02': 0.07072844328711898, 'nu30': -0.0018211307317254942, 'nu21': 0.003083617327455333, 'nu12': 0.0006441634741040118, 'nu03': -0.0027936822229575192}
Centroid: 193, 207
Processing contour#18: area: 24.0 centroid: 193, 207 rectangle: (190, 205, 8, 6)
@find_dayJSON_match_for_contour: x: 190, y: 205, w: 8, h: 6, area: 24.0
Matched with JSON#37: (193, 207, 5, 106.0, 35.799, 0.189391)
Match with input JSON(nodules) ID: 37
Matched contour: {'x': 193, 'y': 207, 'd': 5, 'a': 106.0, 'p': 35.799, 'e': 0.189391, 'id': 37, 'tq': 100}
Matched with first_id: 36 second_id: 38 name: 20230505_23
entry_id:20230505_23, entry saved to results list
Segmented nodule image saved as output/crop1001/nodules/Last-Detected-2023-05-05/23/2023-05-05_d.jpg
Original nodule image saved as output/crop1001/nodules/Last-Detected-2023-05-05/23/2023-05-05_o.jpg


max_id: 20230505_18, i: 18
Moments: {'m00': 35.0, 'm10': 5589.666666666666, 'm01': 7170.0, 'm20': 892814.5, 'm11': 1145081.6666666665, 'm02': 1468908.5, 'm30': 142624434.9, 'm21': 182898952.33333334, 'm12': 234591093.29999998, 'm03': 300950320.0, 'mu20': 118.115873016103, 'mu11': -1.476190476244181, 'mu02': 82.78571428568517, 'mu30': -19.58237344737072, 'mu21': -3.7287981675126995, 'mu12': 15.863945596691659, 'mu03': 3.081632660724145, 'nu20': 0.09642112082947182, 'nu11': -0.0012050534499952498, 'nu02': 0.06758017492708993, 'nu30': -0.002702061426404586, 'nu21': -0.0005145158589873066, 'nu12': 0.002188976509032762, 'nu03': 0.0004252171354647135}
Centroid: 159, 204
Processing contour#19: area: 35.0 centroid: 159, 204 rectangle: (156, 202, 8, 7)
@find_dayJSON_match_for_contour: x: 156, y: 202, w: 8, h: 7, area: 35.0
Matched with JSON#36: (159, 204, 7, 160.0, 44.3848, 0.186893)
Match with input JSON(nodules) ID: 36
Matched contour: {'x': 159, 'y': 204, 'd': 7, 'a': 160.0, 'p': 44.3848, 'e': 0.186893, 'id': 36, 'tq': 100}
Matched with first_id: 35 second_id: 22 name: 20230519_79
entry_id:20230519_79, entry saved to results list
Segmented nodule image saved as output/crop1001/nodules/Last-Detected-2023-05-19/79/2023-05-05_d.jpg
Original nodule image saved as output/crop1001/nodules/Last-Detected-2023-05-19/79/2023-05-05_o.jpg


max_id: 20230505_19, i: 19
Moments: {'m00': 34.0, 'm10': 7269.666666666666, 'm01': 6364.833333333333, 'm20': 1554450.6666666665, 'm11': 1360887.5, 'm02': 1191596.8333333333, 'm30': 332403995.90000004, 'm21': 290994153.2833333, 'm12': 254779305.54999998, 'm03': 223103226.35000002, 'mu20': 96.15359477143097, 'mu11': -1.227124182803902, 'mu02': 93.79330065365195, 'mu30': -10.14735353476425, 'mu21': -10.735922165190992, 'mu12': 6.770379918783696, 'mu03': 14.522137335782801, 'nu20': 0.08317785014829669, 'nu11': -0.0010615261096919566, 'nu02': 0.08113607322980274, 'nu30': -0.0015054124343883261, 'nu21': -0.0015927296380020377, 'nu12': 0.001004420914315448, 'nu03': 0.002154434261532832}
Centroid: 213, 187
Processing contour#20: area: 34.0 centroid: 213, 187 rectangle: (210, 184, 8, 8)
@find_dayJSON_match_for_contour: x: 210, y: 184, w: 8, h: 8, area: 34.0
Matched with JSON#35: (213, 187, 6, 132.0, 39.799, 0.25685)
Match with input JSON(nodules) ID: 35
Matched contour: {'x': 213, 'y': 187, 'd': 6, 'a': 132.0, 'p': 39.799, 'e': 0.25685, 'id': 35, 'tq': 100}
entry_id:20230505_19, entry saved to results list
Segmented nodule image saved as output/crop1001/nodules/Last-Detected-2023-05-05/19/2023-05-05_d.jpg
Original nodule image saved as output/crop1001/nodules/Last-Detected-2023-05-05/19/2023-05-05_o.jpg


max_id: 20230505_20, i: 20
Moments: {'m00': 32.5, 'm10': 5096.333333333333, 'm01': 5770.666666666666, 'm20': 799243.9166666666, 'm11': 904899.625, 'm02': 1024720.25, 'm30': 125356784.2, 'm21': 141912909.18333334, 'm12': 160686623.15, 'm03': 181979017.3, 'mu20': 86.57991452990173, 'mu11': -0.09465811957606352, 'mu02': 86.59529914543877, 'mu30': -12.544032432173507, 'mu21': 8.764078451090189, 'mu12': 11.61351521067403, 'mu03': -10.839872922936808, 'nu20': 0.08196914985079455, 'nu11': -8.961715462822582e-05, 'nu02': 0.08198371516727931, 'nu30': -0.002083189441720281, 'nu21': 0.0014554518887317544, 'nu12': 0.0019286583001876113, 'nu03': -0.0018001794036129428}
Centroid: 156, 177
Processing contour#21: area: 32.5 centroid: 156, 177 rectangle: (153, 174, 8, 8)
@find_dayJSON_match_for_contour: x: 153, y: 174, w: 8, h: 8, area: 32.5
Matched with JSON#34: (156, 177, 6, 152.0, 42.9706, 0.355103)
Match with input JSON(nodules) ID: 34
Matched contour: {'x': 156, 'y': 177, 'd': 6, 'a': 152.0, 'p': 42.9706, 'e': 0.355103, 'id': 34, 'tq': 100}
Matched with first_id: 33 second_id: 21 name: 20230607_59
entry_id:20230607_59, entry saved to results list
Segmented nodule image saved as output/crop1001/nodules/Last-Detected-2023-06-07/59/2023-05-05_d.jpg
Original nodule image saved as output/crop1001/nodules/Last-Detected-2023-06-07/59/2023-05-05_o.jpg


max_id: 20230505_21, i: 21
Moments: {'m00': 13.5, 'm10': 2616.6666666666665, 'm01': 2308.333333333333, 'm20': 507195.4166666666, 'm11': 447414.875, 'm02': 394712.4166666666, 'm30': 98313810.30000001, 'm21': 86723060.65, 'm12': 76505021.18333334, 'm03': 67496394.2, 'mu20': 14.34670781898305, 'mu11': -2.8204732509028094, 'mu02': 15.91460905359926, 'mu30': 1.308738520789628, 'mu21': -0.5595463312790587, 'mu12': -1.218612533144312, 'mu03': 1.5394553544029523, 'nu20': 0.07871993316314431, 'nu11': -0.0154758477415792, 'nu02': 0.08732295777009196, 'nu30': 0.0019544225469650496, 'nu21': -0.0008356061570370446, 'nu12': -0.0018198316722231476, 'nu03': 0.002298966681958649}
Centroid: 193, 170
Processing contour#22: area: 13.5 centroid: 193, 170 rectangle: (192, 169, 5, 5)
@find_dayJSON_match_for_contour: x: 192, y: 169, w: 5, h: 5, area: 13.5
Matched with JSON#33: (193, 171, 4, 64.0, 28.1421, 0.389909)
Match with input JSON(nodules) ID: 33
Matched contour: {'x': 193, 'y': 171, 'd': 4, 'a': 64.0, 'p': 28.1421, 'e': 0.389909, 'id': 33, 'tq': 100}
entry_id:20230505_21, entry saved to results list
Segmented nodule image saved as output/crop1001/nodules/Last-Detected-2023-05-05/21/2023-05-05_d.jpg
Original nodule image saved as output/crop1001/nodules/Last-Detected-2023-05-05/21/2023-05-05_o.jpg


max_id: 20230505_22, i: 22
Moments: {'m00': 34.0, 'm10': 6531.666666666666, 'm01': 5290.0, 'm20': 1254870.6666666665, 'm11': 1016247.25, 'm02': 823162.6666666666, 'm30': 241103636.9, 'm21': 195241864.0, 'm12': 158135006.96666667, 'm03': 128105826.0, 'mu20': 86.27124183011034, 'mu11': -3.240196078369795, 'mu02': 100.90196078424839, 'mu30': -7.053927930107647, 'mu21': -3.6148596628917726, 'mu12': 10.795001914022821, 'mu03': 1.0173010690928672, 'nu20': 0.0746291019291612, 'nu11': -0.0028029377840569163, 'nu02': 0.08728543320436712, 'nu30': -0.001046486729853536, 'nu21': -0.0005362831467773924, 'nu12': 0.0016014944246242118, 'nu03': 0.00015092188063441903}
Centroid: 192, 155
Processing contour#23: area: 34.0 centroid: 192, 155 rectangle: (189, 152, 7, 8)
@find_dayJSON_match_for_contour: x: 189, y: 152, w: 7, h: 8, area: 34.0
Matched with JSON#31: (192, 155, 6, 142.0, 43.2132, 0.07412)
Match with input JSON(nodules) ID: 31
Matched contour: {'x': 192, 'y': 155, 'd': 6, 'a': 142.0, 'p': 43.2132, 'e': 0.07412, 'id': 31, 'tq': 100}
entry_id:20230505_22, entry saved to results list
Segmented nodule image saved as output/crop1001/nodules/Last-Detected-2023-05-05/22/2023-05-05_d.jpg
Original nodule image saved as output/crop1001/nodules/Last-Detected-2023-05-05/22/2023-05-05_o.jpg


max_id: 20230505_23, i: 23
Moments: {'m00': 82.5, 'm10': 12117.666666666666, 'm01': 12986.666666666666, 'm20': 1780352.9166666665, 'm11': 1907030.875, 'm02': 2045992.5833333333, 'm30': 261646082.8, 'm21': 280118448.35, 'm12': 300369812.01666665, 'm03': 322607025.3, 'mu20': 500.24461279472547, 'mu11': -461.21927609397886, 'mu02': 1707.6001683504023, 'mu30': -544.9349542264748, 'mu21': 1211.0787045297154, 'mu12': -2027.0779734172336, 'mu03': 1258.6261231746064, 'nu20': 0.0734978310809514, 'nu11': -0.06776408096881233, 'nu02': 0.25088707707627583, 'nu30': -0.008814745843219698, 'nu21': 0.019590138040821166, 'nu12': -0.03278955956390303, 'nu03': 0.02035925444197185}
Centroid: 146, 157
Processing contour#24: area: 82.5 centroid: 146, 157 rectangle: (141, 150, 11, 17)
@find_dayJSON_match_for_contour: x: 141, y: 150, w: 11, h: 17, area: 82.5
Matched with JSON#30: (147, 155, 9, 255.0, 69.3553, 0.889656)
Match with input JSON(nodules) ID: 30
Matched contour: {'x': 147, 'y': 155, 'd': 9, 'a': 255.0, 'p': 69.3553, 'e': 0.889656, 'id': 30, 'tq': 100}
Matched with first_id: 29 second_id: 20 name: 20230519_58
entry_id:20230519_58, entry saved to results list
Segmented nodule image saved as output/crop1001/nodules/Last-Detected-2023-05-19/58/2023-05-05_d.jpg
Original nodule image saved as output/crop1001/nodules/Last-Detected-2023-05-19/58/2023-05-05_o.jpg


max_id: 20230505_24, i: 24
Moments: {'m00': 16.0, 'm10': 3274.5, 'm01': 2411.0, 'm20': 670167.8333333333, 'm11': 493424.8333333333, 'm02': 363330.0, 'm30': 137162603.25, 'm21': 100985349.08333333, 'm12': 74357340.25, 'm03': 54756048.5, 'mu20': 20.942708333255723, 'mu11': -1.3854166666860692, 'mu02': 22.4375, 'mu30': -4.502929639849754, 'mu21': 0.7662760563362099, 'mu12': 2.4674479225141113, 'mu03': -2.9765625, 'nu20': 0.08180745442678017, 'nu11': -0.005411783854242458, 'nu02': 0.087646484375, 'nu30': -0.004397392226415775, 'nu21': 0.00074831646126583, 'nu12': 0.002409617111830187, 'nu03': -0.00290679931640625}
Centroid: 204, 150
Processing contour#25: area: 16.0 centroid: 204, 150 rectangle: (202, 148, 6, 6)
@find_dayJSON_match_for_contour: x: 202, y: 148, w: 6, h: 6, area: 16.0
Matched with JSON#29: (204, 150, 4, 69.0, 28.4853, 0.314238)
Match with input JSON(nodules) ID: 29
Matched contour: {'x': 204, 'y': 150, 'd': 4, 'a': 69.0, 'p': 28.4853, 'e': 0.314238, 'id': 29, 'tq': 100}
entry_id:20230505_24, entry saved to results list
Segmented nodule image saved as output/crop1001/nodules/Last-Detected-2023-05-05/24/2023-05-05_d.jpg
Original nodule image saved as output/crop1001/nodules/Last-Detected-2023-05-05/24/2023-05-05_o.jpg


max_id: 20230505_25, i: 25
Moments: {'m00': 22.0, 'm10': 3531.0, 'm01': 3304.833333333333, 'm20': 566768.0, 'm11': 530425.75, 'm02': 496488.5, 'm30': 90979906.5, 'm21': 85139709.78333333, 'm12': 79686404.25, 'm03': 74593604.35000001, 'mu20': 42.5, 'mu11': 3.0411229090532288e-12, 'mu02': 37.4381313131797, 'mu30': 0.0, 'mu21': -7.428787880774664, 'mu12': -7.30976879026457e-09, 'mu03': 4.441578657499441, 'nu20': 0.0878099173553719, 'nu11': 6.283311795564523e-15, 'nu02': 0.07735151097764402, 'nu30': 0.0, 'nu21': -0.0032723613591632964, 'nu12': -3.2199337654510134e-12, 'nu03': 0.0019565036188608914}
Centroid: 160, 150
Processing contour#26: area: 22.0 centroid: 160, 150 rectangle: (158, 148, 6, 6)
@find_dayJSON_match_for_contour: x: 158, y: 148, w: 6, h: 6, area: 22.0
Matched with JSON#28: (160, 150, 5, 93.0, 32.9706, 0.355538)
Match with input JSON(nodules) ID: 28
Matched contour: {'x': 160, 'y': 150, 'd': 5, 'a': 93.0, 'p': 32.9706, 'e': 0.355538, 'id': 28, 'tq': 100}
entry_id:20230505_25, entry saved to results list
Segmented nodule image saved as output/crop1001/nodules/Last-Detected-2023-05-05/25/2023-05-05_d.jpg
Original nodule image saved as output/crop1001/nodules/Last-Detected-2023-05-05/25/2023-05-05_o.jpg


max_id: 20230505_26, i: 26
Moments: {'m00': 29.0, 'm10': 6274.333333333333, 'm01': 4001.1666666666665, 'm20': 1357546.8333333333, 'm11': 865682.9166666666, 'm02': 552133.6666666666, 'm30': 293737713.1, 'm21': 187304716.55, 'm12': 119459030.78333333, 'm03': 76202750.65, 'mu20': 55.151340996302096, 'mu11': 5.21360153267051, 'mu02': 87.64272030655957, 'mu30': 8.833143995043928, 'mu21': 7.525172838428828, 'mu12': -17.15458228815966, 'mu03': -13.793904962333642, 'nu20': 0.065578288937339, 'nu11': 0.006199288386052925, 'nu02': 0.10421250928247272, 'nu30': 0.0019503848529444433, 'nu21': 0.001661580874046143, 'nu12': -0.0037877835425515712, 'nu03': -0.0030457358463289643}
Centroid: 216, 137
Processing contour#27: area: 29.0 centroid: 216, 137 rectangle: (214, 134, 6, 8)
@find_dayJSON_match_for_contour: x: 214, y: 134, w: 6, h: 8, area: 29.0
Matched with JSON#27: (216, 138, 6, 137.0, 41.5563, 0.554103)
Match with input JSON(nodules) ID: 27
Matched contour: {'x': 216, 'y': 138, 'd': 6, 'a': 137.0, 'p': 41.5563, 'e': 0.554103, 'id': 27, 'tq': 100}
Matched with first_id: 26 second_id: 19 name: 20230519_52
entry_id:20230519_52, entry saved to results list
Segmented nodule image saved as output/crop1001/nodules/Last-Detected-2023-05-19/52/2023-05-05_d.jpg
Original nodule image saved as output/crop1001/nodules/Last-Detected-2023-05-19/52/2023-05-05_o.jpg


max_id: 20230505_27, i: 27
Moments: {'m00': 34.0, 'm10': 5214.833333333333, 'm01': 4587.833333333333, 'm20': 799949.1666666666, 'm11': 703742.0, 'm02': 619197.5, 'm30': 122728320.35000001, 'm21': 107964161.2, 'm12': 94990275.86666666, 'm03': 83587908.85000001, 'mu20': 111.32271241831997, 'mu11': 71.81781045755143, 'mu02': 132.36192810461097, 'mu30': 7.4650439003642655, 'mu21': -29.612628158913477, 'mu12': -39.99233790051144, 'mu03': -15.836715043302648, 'nu20': 0.09629992423730101, 'nu11': 0.06212613361379882, 'nu02': 0.1144999378067569, 'nu30': 0.0011074779125771518, 'nu21': -0.0043931867055405525, 'nu12': -0.005933070386227374, 'nu03': -0.002349458670615476}
Centroid: 153, 134
Processing contour#28: area: 34.0 centroid: 153, 134 rectangle: (150, 131, 8, 9)
@find_dayJSON_match_for_contour: x: 150, y: 131, w: 8, h: 9, area: 34.0
Matched with JSON#26: (153, 134, 6, 122.0, 53.799, 0.916535)
Match with input JSON(nodules) ID: 26
Matched contour: {'x': 153, 'y': 134, 'd': 6, 'a': 122.0, 'p': 53.799, 'e': 0.916535, 'id': 26, 'tq': 100}
entry_id:20230505_27, entry saved to results list
Segmented nodule image saved as output/crop1001/nodules/Last-Detected-2023-05-05/27/2023-05-05_d.jpg
Original nodule image saved as output/crop1001/nodules/Last-Detected-2023-05-05/27/2023-05-05_o.jpg


max_id: 20230505_28, i: 28
Moments: {'m00': 9.5, 'm10': 1495.1666666666665, 'm01': 1186.8333333333333, 'm20': 235324.5833333333, 'm11': 186789.2083333333, 'm02': 148280.25, 'm30': 37038781.550000004, 'm21': 29398524.15, 'm12': 23336803.516666666, 'm03': 18526967.45, 'mu20': 6.334795321667975, 'mu11': -1.7010233917891011, 'mu02': 9.369883040964375, 'mu30': 0.918754489128781, 'mu21': 0.6735969981686342, 'mu12': -1.6899097178259364, 'mu03': 0.6758900104454906, 'nu20': 0.07019163791321854, 'nu11': -0.01884790461816178, 'nu02': 0.10382141873644735, 'nu30': 0.003302862247019137, 'nu21': 0.002421537114954714, 'nu12': -0.006075114814590787, 'nu03': 0.002429780343990103}
Centroid: 157, 124
Processing contour#29: area: 9.5 centroid: 157, 124 rectangle: (156, 123, 4, 5)
@find_dayJSON_match_for_contour: x: 156, y: 123, w: 4, h: 5, area: 9.5
Matched with JSON#25: (157, 124, 3, 47.0, 22.7279, 0.494375)
Match with input JSON(nodules) ID: 25
Matched contour: {'x': 157, 'y': 124, 'd': 3, 'a': 47.0, 'p': 22.7279, 'e': 0.494375, 'id': 25, 'tq': 100}
entry_id:20230505_28, entry saved to results list
Segmented nodule image saved as output/crop1001/nodules/Last-Detected-2023-05-05/28/2023-05-05_d.jpg
Original nodule image saved as output/crop1001/nodules/Last-Detected-2023-05-05/28/2023-05-05_o.jpg


max_id: 20230505_29, i: 29
Moments: {'m00': 52.5, 'm10': 10540.5, 'm01': 6512.166666666666, 'm20': 2116465.4166666665, 'm11': 1307448.0416666665, 'm02': 807987.4166666666, 'm30': 425019816.35, 'm21': 262525452.35, 'm12': 162218566.61666667, 'm03': 100275881.05000001, 'mu20': 234.17380952334616, 'mu11': -8.963095238211466, 'mu02': 209.99391534397583, 'mu30': 0.30326543903422953, 'mu21': -6.441594794783072, 'mu12': 2.292192020722178, 'mu03': 0.04706308372273237, 'nu20': 0.08496101932819818, 'nu11': -0.003251916639713911, 'nu02': 0.07618826860552412, 'nu30': 1.5185344929985325e-05, 'nu21': -0.0003225485870380973, 'nu12': 0.00011477643674555875, 'nu03': 2.3565796421589746e-06}
Centroid: 200, 124
Processing contour#30: area: 52.5 centroid: 200, 124 rectangle: (196, 120, 10, 9)
@find_dayJSON_match_for_contour: x: 196, y: 120, w: 10, h: 9, area: 52.5
Matched with JSON#24: (200, 124, 8, 203.0, 50.6274, 0.301545)
Match with input JSON(nodules) ID: 24
Matched contour: {'x': 200, 'y': 124, 'd': 8, 'a': 203.0, 'p': 50.6274, 'e': 0.301545, 'id': 24, 'tq': 100}
Matched with first_id: 23 second_id: 18 name: 20230519_41
entry_id:20230519_41, entry saved to results list
Segmented nodule image saved as output/crop1001/nodules/Last-Detected-2023-05-19/41/2023-05-05_d.jpg
Original nodule image saved as output/crop1001/nodules/Last-Detected-2023-05-19/41/2023-05-05_o.jpg


max_id: 20230505_30, i: 30
Moments: {'m00': 23.0, 'm10': 4850.5, 'm01': 2774.833333333333, 'm20': 1022969.3333333333, 'm11': 585193.3333333333, 'm02': 334815.3333333333, 'm30': 215752653.25, 'm21': 123418215.7, 'm12': 70610878.5, 'm03': 40404818.35, 'mu20': 41.06159420279097, 'mu11': 5.112318840610989, 'mu02': 45.766908212639855, 'mu30': -2.8308127881778997, 'mu21': -1.6789644983829597, 'mu12': 2.587009037863962, 'mu03': 3.6313309420773434, 'nu20': 0.07762116106387706, 'nu11': 0.00966411879132512, 'nu02': 0.08651589454185227, 'nu30': -0.001115813364522096, 'nu21': -0.0006617926249583238, 'nu12': 0.0010197139389235552, 'nu03': 0.0014313513112184926}
Centroid: 210, 120
Processing contour#31: area: 23.0 centroid: 210, 120 rectangle: (208, 118, 7, 7)
@find_dayJSON_match_for_contour: x: 208, y: 118, w: 7, h: 7, area: 23.0
Matched with JSON#22: (211, 120, 5, 91.0, 33.5563, 0.585026)
Match with input JSON(nodules) ID: 22
Matched contour: {'x': 211, 'y': 120, 'd': 5, 'a': 91.0, 'p': 33.5563, 'e': 0.585026, 'id': 22, 'tq': 100}
entry_id:20230505_30, entry saved to results list
Segmented nodule image saved as output/crop1001/nodules/Last-Detected-2023-05-05/30/2023-05-05_d.jpg
Original nodule image saved as output/crop1001/nodules/Last-Detected-2023-05-05/30/2023-05-05_o.jpg


max_id: 20230505_31, i: 31
Moments: {'m00': 29.5, 'm10': 5615.666666666666, 'm01': 3596.333333333333, 'm20': 1069062.4166666665, 'm11': 684608.375, 'm02': 438521.75, 'm30': 203529446.8, 'm21': 130330765.98333333, 'm12': 83478818.18333334, 'm03': 53482954.2, 'mu20': 55.22645951037663, 'mu11': 4.672551789176379, 'mu02': 94.17561205278382, 'mu30': 7.998756250739397, 'mu21': 10.611845768781762, 'mu12': -15.111271258229063, 'mu03': -20.73906072973482, 'nu20': 0.0634604533299358, 'nu11': 0.005369206307585612, 'nu02': 0.10821673318331954, 'nu30': 0.0016922612994395279, 'nu21': 0.0022451010316098157, 'nu12': -0.003197024479058233, 'nu03': -0.004387670877758289}
Centroid: 190, 121
Processing contour#32: area: 29.5 centroid: 190, 121 rectangle: (188, 118, 6, 8)
@find_dayJSON_match_for_contour: x: 188, y: 118, w: 6, h: 8, area: 29.5
Matched with JSON#23: (190, 122, 6, 131.0, 40.1421, 0.35159)
Match with input JSON(nodules) ID: 23
Matched contour: {'x': 190, 'y': 122, 'd': 6, 'a': 131.0, 'p': 40.1421, 'e': 0.35159, 'id': 23, 'tq': 100}
Matched with first_id: 22 second_id: 17 name: 20230519_43
entry_id:20230519_43, entry saved to results list
Segmented nodule image saved as output/crop1001/nodules/Last-Detected-2023-05-19/43/2023-05-05_d.jpg
Original nodule image saved as output/crop1001/nodules/Last-Detected-2023-05-19/43/2023-05-05_o.jpg


max_id: 20230505_32, i: 32
Moments: {'m00': 13.0, 'm10': 1893.3333333333333, 'm01': 1443.0, 'm20': 275759.1666666666, 'm11': 210160.0, 'm02': 160189.16666666666, 'm30': 40165390.6, 'm21': 30609267.5, 'm12': 23330112.53333333, 'm03': 17784586.5, 'mu20': 12.15811965810293, 'mu11': 8.412825991399586e-12, 'mu02': 16.166666666656965, 'mu30': 1.294718402803946, 'mu21': 3.0821176721929078e-09, 'mu12': -1.9965811971550198, 'mu03': 3.230525180697441e-09, 'nu20': 0.07194153643847888, 'nu11': 4.9780035452068566e-14, 'nu02': 0.09566074950684596, 'nu30': 0.0021247945328158706, 'nu21': 5.058139874422049e-12, 'nu12': -0.003276638999531043, 'nu03': 5.3016951232053686e-12}
Centroid: 145, 111
Processing contour#33: area: 13.0 centroid: 145, 111 rectangle: (144, 109, 5, 5)
@find_dayJSON_match_for_contour: x: 144, y: 109, w: 5, h: 5, area: 13.0
Matched with JSON#20: (145, 111, 4, 62.0, 26.7279, 0.399243)
Match with input JSON(nodules) ID: 20
Matched contour: {'x': 145, 'y': 111, 'd': 4, 'a': 62.0, 'p': 26.7279, 'e': 0.399243, 'id': 20, 'tq': 100}
entry_id:20230505_32, entry saved to results list
Segmented nodule image saved as output/crop1001/nodules/Last-Detected-2023-05-05/32/2023-05-05_d.jpg
Original nodule image saved as output/crop1001/nodules/Last-Detected-2023-05-05/32/2023-05-05_o.jpg


max_id: 20230505_33, i: 33
Moments: {'m00': 35.5, 'm10': 4612.5, 'm01': 3945.5, 'm20': 599399.25, 'm11': 512620.7083333333, 'm02': 438615.9166666666, 'm30': 77905435.35000001, 'm21': 66613448.05, 'm12': 56985533.949999996, 'm03': 48772548.650000006, 'mu20': 99.07394366195706, 'mu11': -16.439553990665736, 'mu02': 109.71244131448438, 'mu30': -1.206486791139614, 'mu21': -19.160970038451186, 'mu12': 7.440015217881348, 'mu03': 17.94344378501462, 'nu20': 0.07861451589919227, 'nu11': -0.013044676842424706, 'nu02': 0.08705609308826374, 'nu30': -0.00016067625060988772, 'nu21': -0.0025517998592580245, 'nu12': 0.0009908386552334389, 'nu03': 0.0023896534065508987}
Centroid: 129, 111
Processing contour#34: area: 35.5 centroid: 129, 111 rectangle: (126, 108, 8, 8)
@find_dayJSON_match_for_contour: x: 126, y: 108, w: 8, h: 8, area: 35.5
Matched with JSON#19: (130, 111, 7, 159.0, 43.799, 0.554867)
Match with input JSON(nodules) ID: 19
Matched contour: {'x': 130, 'y': 111, 'd': 7, 'a': 159.0, 'p': 43.799, 'e': 0.554867, 'id': 19, 'tq': 100}
Matched with first_id: 18 second_id: 15 name: 20230519_67
entry_id:20230519_67, entry saved to results list
Segmented nodule image saved as output/crop1001/nodules/Last-Detected-2023-05-19/67/2023-05-05_d.jpg
Original nodule image saved as output/crop1001/nodules/Last-Detected-2023-05-19/67/2023-05-05_o.jpg


max_id: 20230505_34, i: 34
Moments: {'m00': 36.5, 'm10': 7285.333333333333, 'm01': 4017.6666666666665, 'm20': 1454230.5833333333, 'm11': 802009.2916666666, 'm02': 442490.25, 'm30': 290298213.7, 'm21': 160107719.35, 'm12': 88340273.31666666, 'm03': 48762205.800000004, 'mu20': 91.35654490110319, 'mu11': 90.36320395746075, 'mu02': 253.38850837144818, 'mu30': -23.8034159896379, 'mu21': 37.36563419864384, 'mu12': 134.50941006638612, 'mu03': 167.7485588925626, 'nu20': 0.06857312433935311, 'nu11': 0.06782751282226365, 'nu02': 0.19019591545989728, 'nu30': -0.002957379957496879, 'nu21': 0.004642374763619389, 'nu12': 0.01671169522887923, 'nu03': 0.020841387899275046}
Centroid: 199, 110
Processing contour#35: area: 36.5 centroid: 199, 110 rectangle: (196, 105, 8, 12)
@find_dayJSON_match_for_contour: x: 196, y: 105, w: 8, h: 12, area: 36.5
Matched with JSON#18: (199, 108, 5, 90.0, 32.7279, 0.5001)
Match with input JSON(nodules) ID: 18
Matched contour: {'x': 199, 'y': 108, 'd': 5, 'a': 90.0, 'p': 32.7279, 'e': 0.5001, 'id': 18, 'tq': 100}
Matched with first_id: 17 second_id: 14 name: 20230508_20
entry_id:20230508_20, entry saved to results list
Segmented nodule image saved as output/crop1001/nodules/Last-Detected-2023-05-08/20/2023-05-05_d.jpg
Original nodule image saved as output/crop1001/nodules/Last-Detected-2023-05-08/20/2023-05-05_o.jpg


max_id: 20230505_35, i: 35
Moments: {'m00': 14.5, 'm10': 2400.333333333333, 'm01': 1543.1666666666665, 'm20': 397362.25, 'm11': 255457.4583333333, 'm02': 164260.75, 'm30': 65782920.2, 'm21': 42289819.1, 'm12': 27192039.4, 'm03': 17487627.55, 'mu20': 10.518199233835666, 'mu11': 1.2935823755098246, 'mu02': 28.794061302709718, 'mu30': -0.382881954857561, 'mu21': -0.8206522228452973, 'mu12': 1.744155981675707, 'mu03': 1.1973884651020394, 'nu20': 0.050027106938576295, 'nu11': 0.00615259156009429, 'nu02': 0.13695154008423172, 'nu30': -0.000478238893685647, 'nu21': -0.0010250360618332278, 'nu12': 0.002178538885182256, 'nu03': 0.0014955986501776662}
Centroid: 165, 106
Processing contour#36: area: 14.5 centroid: 165, 106 rectangle: (164, 104, 4, 6)
@find_dayJSON_match_for_contour: x: 164, y: 104, w: 4, h: 6, area: 14.5
Matched with JSON#17: (165, 106, 4, 70.0, 28.4853, 0.280643)
Match with input JSON(nodules) ID: 17
Matched contour: {'x': 165, 'y': 106, 'd': 4, 'a': 70.0, 'p': 28.4853, 'e': 0.280643, 'id': 17, 'tq': 100}
Matched with first_id: 16 second_id: 11 name: 20230505_13
entry_id:20230505_13, entry saved to results list
Segmented nodule image saved as output/crop1001/nodules/Last-Detected-2023-05-05/13/2023-05-05_d.jpg
Original nodule image saved as output/crop1001/nodules/Last-Detected-2023-05-05/13/2023-05-05_o.jpg


max_id: 20230505_36, i: 36
Moments: {'m00': 16.5, 'm10': 2610.6666666666665, 'm01': 1712.5, 'm20': 413092.25, 'm11': 270951.7916666666, 'm02': 177757.0833333333, 'm30': 65368849.300000004, 'm21': 42872768.8, 'm12': 28124339.599999998, 'm03': 18453257.150000002, 'mu20': 26.76851851852601, 'mu11': -3.763888888933322, 'mu02': 20.340909090875677, 'mu30': 4.773251023845497, 'mu21': -8.509483718316746, 'mu12': 0.15134681090766144, 'mu03': 4.251698814530488, 'nu20': 0.0983233003435299, 'nu11': -0.013825119885889156, 'nu02': 0.07471408297842307, 'nu30': 0.004316228358815565, 'nu21': -0.007694729391015351, 'nu12': 0.00013685586490057807, 'nu03': 0.0038446130121257615}
Centroid: 158, 103
Processing contour#37: area: 16.5 centroid: 158, 103 rectangle: (156, 102, 6, 5)
@find_dayJSON_match_for_contour: x: 156, y: 102, w: 6, h: 5, area: 16.5
Matched with JSON#16: (158, 103, 4, 76.0, 30.9706, 0.423097)
Match with input JSON(nodules) ID: 16
Matched contour: {'x': 158, 'y': 103, 'd': 4, 'a': 76.0, 'p': 30.9706, 'e': 0.423097, 'id': 16, 'tq': 100}
Matched with first_id: 15 second_id: 13 name: 20230517_35
entry_id:20230517_35, entry saved to results list
Segmented nodule image saved as output/crop1001/nodules/Last-Detected-2023-05-17/35/2023-05-05_d.jpg
Original nodule image saved as output/crop1001/nodules/Last-Detected-2023-05-17/35/2023-05-05_o.jpg


max_id: 20230505_37, i: 37
Moments: {'m00': 15.0, 'm10': 2017.5, 'm01': 1552.5, 'm20': 271385.0, 'm11': 208811.25, 'm02': 160695.0, 'm30': 36509688.75, 'm21': 28088347.5, 'm12': 21613477.5, 'm03': 16634261.25, 'mu20': 31.25, 'mu11': 0.0, 'mu02': 11.25, 'mu30': 0.0, 'mu21': 0.0, 'mu12': 0.0, 'mu03': 0.0, 'nu20': 0.1388888888888889, 'nu11': 0.0, 'nu02': 0.05, 'nu30': 0.0, 'nu21': 0.0, 'nu12': 0.0, 'nu03': 0.0}
Centroid: 134, 103
Processing contour#38: area: 15.0 centroid: 134, 103 rectangle: (132, 102, 6, 4)
@find_dayJSON_match_for_contour: x: 132, y: 102, w: 6, h: 4, area: 15.0
Matched with JSON#15: (134, 103, 4, 75.0, 29.3137, 0.451146)
Match with input JSON(nodules) ID: 15
Matched contour: {'x': 134, 'y': 103, 'd': 4, 'a': 75.0, 'p': 29.3137, 'e': 0.451146, 'id': 15, 'tq': 100}
Matched with first_id: 14 second_id: 12 name: 20230512_29
entry_id:20230512_29, entry saved to results list
Segmented nodule image saved as output/crop1001/nodules/Last-Detected-2023-05-12/29/2023-05-05_d.jpg
Original nodule image saved as output/crop1001/nodules/Last-Detected-2023-05-12/29/2023-05-05_o.jpg


max_id: 20230505_38, i: 38
Moments: {'m00': 9.0, 'm10': 1514.5, 'm01': 866.5, 'm20': 254864.3333333333, 'm11': 145812.25, 'm02': 83432.33333333333, 'm30': 42890571.25, 'm21': 24537623.5, 'm12': 14039723.5, 'm03': 8034147.25, 'mu20': 7.638888888879052, 'mu11': -0.44444444443487896, 'mu02': 7.638888888889511, 'mu30': -3.308641966080462, 'mu21': 1.4320987662117872, 'mu12': 1.4320987656256685, 'mu03': -3.308641974625923, 'nu20': 0.09430727023307471, 'nu11': -0.00548696844981332, 'nu02': 0.09430727023320383, 'nu30': -0.0136158105600019, 'nu21': 0.005893410560542334, 'nu12': 0.005893410558130322, 'nu03': -0.013615810595168405}
Centroid: 168, 96
Processing contour#39: area: 9.0 centroid: 168, 96 rectangle: (166, 94, 5, 5)
@find_dayJSON_match_for_contour: x: 166, y: 94, w: 5, h: 5, area: 9.0
Matched with JSON#14: (168, 96, 3, 46.0, 23.3137, 0.393715)
Match with input JSON(nodules) ID: 14
Matched contour: {'x': 168, 'y': 96, 'd': 3, 'a': 46.0, 'p': 23.3137, 'e': 0.393715, 'id': 14, 'tq': 100}
Matched with first_id: 13 second_id: 9 name: 20230517_27
entry_id:20230517_27, entry saved to results list
Segmented nodule image saved as output/crop1001/nodules/Last-Detected-2023-05-17/27/2023-05-05_d.jpg
Original nodule image saved as output/crop1001/nodules/Last-Detected-2023-05-17/27/2023-05-05_o.jpg


max_id: 20230505_39, i: 39
Moments: {'m00': 11.0, 'm10': 1710.5, 'm01': 991.6666666666666, 'm20': 265990.3333333333, 'm11': 154204.16666666666, 'm02': 89413.16666666666, 'm30': 41363855.25, 'm21': 23979432.716666665, 'm12': 13903747.416666666, 'm03': 8063059.9, 'mu20': 7.583333333313931, 'mu11': -1.7067236512957606e-11, 'mu02': 12.914141414130858, 'mu30': 9.051291272044182e-09, 'mu21': 1.1510101070549634, 'mu12': 3.854846220008312e-09, 'mu03': -1.0083256788658643, 'nu20': 0.0626721763083796, 'nu11': -1.4105154142940171e-13, 'nu02': 0.106728441439098, 'nu30': 2.2554272740487748e-11, 'nu21': 0.0028681207024854353, 'nu12': 9.605618735001783e-12, 'nu03': -0.0025125754645217604}
Centroid: 155, 90
Processing contour#40: area: 11.0 centroid: 155, 90 rectangle: (154, 88, 4, 5)
@find_dayJSON_match_for_contour: x: 154, y: 88, w: 4, h: 5, area: 11.0
Matched with JSON#13: (155, 90, 4, 53.0, 25.8995, 0.463828)
Match with input JSON(nodules) ID: 13
Matched contour: {'x': 155, 'y': 90, 'd': 4, 'a': 53.0, 'p': 25.8995, 'e': 0.463828, 'id': 13, 'tq': 100}
Matched with first_id: 12 second_id: 4 name: 20230505_9
entry_id:20230505_9, entry saved to results list
Segmented nodule image saved as output/crop1001/nodules/Last-Detected-2023-05-05/9/2023-05-05_d.jpg
Original nodule image saved as output/crop1001/nodules/Last-Detected-2023-05-05/9/2023-05-05_o.jpg


max_id: 20230505_40, i: 40
Moments: {'m00': 58.5, 'm10': 11373.333333333332, 'm01': 5267.166666666666, 'm20': 2211921.9166666665, 'm11': 1023979.625, 'm02': 474374.4166666666, 'm30': 430330625.70000005, 'm21': 199138743.6, 'm12': 92218425.73333333, 'm03': 42735476.550000004, 'mu20': 764.461775878513, 'mu11': -41.60956790113735, 'mu02': 134.33641975309666, 'mu30': 468.04613904052394, 'mu21': 27.193762055108945, 'mu12': -36.429015875393866, 'mu03': 19.120759037453166, 'nu20': 0.22337987460837552, 'nu11': -0.012158541281653112, 'nu02': 0.039253830010401544, 'nu30': 0.01788129638979749, 'nu21': 0.0010389140700056724, 'nu12': -0.0013917389242690818, 'nu03': 0.0007304919986040022}
Centroid: 194, 90
Processing contour#41: area: 58.5 centroid: 194, 90 rectangle: (188, 87, 14, 7)
@find_dayJSON_match_for_contour: x: 188, y: 87, w: 14, h: 7, area: 58.5
Matched with JSON#11: (191, 90, 6, 141.0, 42.3848, 0.437639)
Match with input JSON(nodules) ID: 11
Matched contour: {'x': 191, 'y': 90, 'd': 6, 'a': 141.0, 'p': 42.3848, 'e': 0.437639, 'id': 11, 'tq': 100}
Matched with first_id: 10 second_id: 10 name: 20230508_13
entry_id:20230508_13, entry saved to results list
Segmented nodule image saved as output/crop1001/nodules/Last-Detected-2023-05-08/13/2023-05-05_d.jpg
Original nodule image saved as output/crop1001/nodules/Last-Detected-2023-05-08/13/2023-05-05_o.jpg


max_id: 20230505_41, i: 41
Moments: {'m00': 21.5, 'm10': 3937.1666666666665, 'm01': 1913.6666666666665, 'm20': 721031.9166666666, 'm11': 350443.4583333333, 'm02': 170367.41666666666, 'm30': 132053679.55000001, 'm21': 64179305.43333333, 'm12': 31199279.766666666, 'm03': 15170466.8, 'mu20': 42.085917312649585, 'mu11': 5.104328165375706, 'mu02': 36.24870801034308, 'mu30': -5.400899362659253, 'mu21': 6.0049987027177245, 'mu12': 3.024739100031283, 'mu03': -6.79300322477777, 'nu20': 0.091045791914872, 'nu11': 0.011042354062467723, 'nu02': 0.07841797298073137, 'nu30': -0.0025198224167365287, 'nu21': 0.002801668634708933, 'nu12': 0.0014112104072395704, 'nu03': -0.003169316932861815}
Centroid: 183, 89
Processing contour#42: area: 21.5 centroid: 183, 89 rectangle: (180, 86, 7, 7)
@find_dayJSON_match_for_contour: x: 180, y: 86, w: 7, h: 7, area: 21.5
Matched with JSON#10: (183, 89, 5, 88.0, 32.7279, 0.370912)
Match with input JSON(nodules) ID: 10
Matched contour: {'x': 183, 'y': 89, 'd': 5, 'a': 88.0, 'p': 32.7279, 'e': 0.370912, 'id': 10, 'tq': 100}
Matched with first_id: 9 second_id: 8 name: 20230522_33
entry_id:20230522_33, entry saved to results list
Segmented nodule image saved as output/crop1001/nodules/Last-Detected-2023-05-22/33/2023-05-05_d.jpg
Original nodule image saved as output/crop1001/nodules/Last-Detected-2023-05-22/33/2023-05-05_o.jpg


max_id: 20230505_42, i: 42
Moments: {'m00': 23.5, 'm10': 3853.1666666666665, 'm01': 2031.6666666666665, 'm20': 631831.5833333333, 'm11': 333119.4583333333, 'm02': 175686.41666666666, 'm30': 103614008.55000001, 'm21': 54623703.93333333, 'm12': 28806023.266666666, 'm03': 15195849.8, 'mu20': 48.887115839243556, 'mu11': -1.8300827422982284, 'mu02': 40.908392435004686, 'mu30': 2.7518049440832257, 'mu21': -0.8997694563940565, 'mu12': -2.6163078644922546, 'mu03': 0.39734587564886864, 'nu20': 0.08852352347531653, 'nu11': -0.003313866441463519, 'nu02': 0.07407585773654085, 'nu30': 0.001027893195070142, 'nu21': -0.00033609464338960786, 'nu12': -0.0009772804049583642, 'nu03': 0.00014842226464736898}
Centroid: 163, 86
Processing contour#43: area: 23.5 centroid: 163, 86 rectangle: (161, 84, 7, 6)
@find_dayJSON_match_for_contour: x: 161, y: 84, w: 7, h: 6, area: 23.5
Matched with JSON#9: (163, 86, 5, 89.0, 32.7279, 0.387578)
Match with input JSON(nodules) ID: 9
Matched contour: {'x': 163, 'y': 86, 'd': 5, 'a': 89.0, 'p': 32.7279, 'e': 0.387578, 'id': 9, 'tq': 100}
Matched with first_id: 8 second_id: 7 name: 20230529_28
entry_id:20230529_28, entry saved to results list
Segmented nodule image saved as output/crop1001/nodules/Last-Detected-2023-05-29/28/2023-05-05_d.jpg
Original nodule image saved as output/crop1001/nodules/Last-Detected-2023-05-29/28/2023-05-05_o.jpg


max_id: 20230505_43, i: 43
Moments: {'m00': 46.0, 'm10': 5038.0, 'm01': 3560.6666666666665, 'm20': 551935.3333333333, 'm11': 389953.75, 'm02': 275795.0, 'm30': 60485019.0, 'm21': 42719364.13333333, 'm12': 30202966.5, 'm03': 21375788.400000002, 'mu20': 164.81159420282717, 'mu11': -16.65579710140466, 'mu02': 178.75845410632346, 'mu30': 0.5009452052122383, 'mu21': 18.051942867358907, 'mu12': -3.0329762719334634, 'mu03': -17.292851641985024, 'nu20': 0.07788827703347219, 'nu11': -0.007871359688754563, 'nu02': 0.08447942065516231, 'nu30': 3.490564318662986e-05, 'nu21': 0.0012578514975235538, 'nu12': -0.00021133646243159596, 'nu03': -0.0012049583523585522}
Centroid: 109, 77
Processing contour#44: area: 46.0 centroid: 109, 77 rectangle: (106, 73, 8, 9)
@find_dayJSON_match_for_contour: x: 106, y: 73, w: 8, h: 9, area: 46.0
Matched with JSON#7: (109, 77, 7, 177.0, 48.8701, 0.319358)
Match with input JSON(nodules) ID: 7
Matched contour: {'x': 109, 'y': 77, 'd': 7, 'a': 177.0, 'p': 48.8701, 'e': 0.319358, 'id': 7, 'tq': 100}
entry_id:20230505_43, entry saved to results list
Segmented nodule image saved as output/crop1001/nodules/Last-Detected-2023-05-05/43/2023-05-05_d.jpg
Original nodule image saved as output/crop1001/nodules/Last-Detected-2023-05-05/43/2023-05-05_o.jpg


max_id: 20230505_44, i: 44
Moments: {'m00': 58.0, 'm10': 10839.5, 'm01': 4447.0, 'm20': 2026079.8333333333, 'm11': 831336.6666666666, 'm02': 341517.6666666666, 'm30': 378764918.75, 'm21': 155436617.75, 'm12': 63863896.583333336, 'm03': 26270916.5, 'mu20': 308.1048850573618, 'mu11': 246.03735632183745, 'mu02': 555.4425287356087, 'mu30': -111.5813762701297, 'mu21': 223.5658442287505, 'mu12': 637.8922909379477, 'mu03': 758.4048751556559, 'nu20': 0.09158884811455463, 'nu11': 0.07313833422171148, 'nu02': 0.16511371246599543, 'nu30': -0.004355336650300006, 'nu21': 0.008726407109081335, 'nu12': 0.024898739973774738, 'nu03': 0.029602686926311645}
Centroid: 186, 76
Processing contour#45: area: 58.0 centroid: 186, 76 rectangle: (182, 71, 11, 14)
@find_dayJSON_match_for_contour: x: 182, y: 71, w: 11, h: 14, area: 58.0
Matched with JSON#6: (186, 74, 7, 168.0, 44.9706, 0.199306)
Match with input JSON(nodules) ID: 6
Matched contour: {'x': 186, 'y': 74, 'd': 7, 'a': 168.0, 'p': 44.9706, 'e': 0.199306, 'id': 6, 'tq': 100}
Matched with first_id: 5 second_id: 5 name: 20230510_13
entry_id:20230510_13, entry saved to results list
Segmented nodule image saved as output/crop1001/nodules/Last-Detected-2023-05-10/13/2023-05-05_d.jpg
Original nodule image saved as output/crop1001/nodules/Last-Detected-2023-05-10/13/2023-05-05_o.jpg


max_id: 20230505_45, i: 45
Moments: {'m00': 33.5, 'm10': 2398.833333333333, 'm01': 2500.0, 'm20': 171862.91666666666, 'm11': 179016.2083333333, 'm02': 186660.41666666666, 'm30': 12319418.450000001, 'm21': 12825413.533333333, 'm12': 13366022.733333332, 'm03': 13943802.100000001, 'mu20': 89.74170812607376, 'mu11': -1.2046019900561966, 'mu02': 93.25248756216928, 'mu30': -15.701211193631368, 'mu21': -4.746901065772676, 'mu12': 16.569036659474428, 'mu03': 1.9774782838304028, 'nu20': 0.07996587937275451, 'nu11': -0.0010733811450712378, 'nu02': 0.08309421925789198, 'nu30': -0.0024172475996547572, 'nu21': -0.0007307993673565643, 'nu12': 0.0025508518801372264, 'nu03': 0.000304438592412368}
Centroid: 71, 74
Processing contour#46: area: 33.5 centroid: 71, 74 rectangle: (68, 71, 8, 8)
@find_dayJSON_match_for_contour: x: 68, y: 71, w: 8, h: 8, area: 33.5
Matched with JSON#5: (71, 74, 6, 124.0, 38.6274, 0.357897)
Match with input JSON(nodules) ID: 5
Matched contour: {'x': 71, 'y': 74, 'd': 6, 'a': 124.0, 'p': 38.6274, 'e': 0.357897, 'id': 5, 'tq': 100}
Matched with first_id: 4 second_id: 6 name: 20230515_17
entry_id:20230515_17, entry saved to results list
Segmented nodule image saved as output/crop1001/nodules/Last-Detected-2023-05-15/17/2023-05-05_d.jpg
Original nodule image saved as output/crop1001/nodules/Last-Detected-2023-05-15/17/2023-05-05_o.jpg


max_id: 20230505_46, i: 46
Moments: {'m00': 32.0, 'm10': 5335.333333333333, 'm01': 2093.0, 'm20': 889627.3333333333, 'm11': 348960.4166666666, 'm02': 136991.3333333333, 'm30': 148350722.6, 'm21': 58185945.833333336, 'm12': 22839955.7, 'm03': 8972653.5, 'mu20': 71.65277777780126, 'mu11': -3.729166666685643, 'mu02': 96.05208333331393, 'mu30': 5.453587967588747, 'mu21': 1.5842014028473286, 'mu12': -7.325607632590921, 'mu03': -0.7089843711928552, 'nu20': 0.06997341579863404, 'nu11': -0.003641764322935198, 'nu02': 0.09380086263018939, 'nu30': 0.0009414719320506261, 'nu21': 0.0002734862194137177, 'nu12': -0.0012646452229777762, 'nu03': -0.00012239444741839558}
Centroid: 166, 65
Processing contour#47: area: 32.0 centroid: 166, 65 rectangle: (164, 62, 7, 8)
@find_dayJSON_match_for_contour: x: 164, y: 62, w: 7, h: 8, area: 32.0
Matched with JSON#4: (166, 65, 6, 124.0, 38.3848, 0.404789)
Match with input JSON(nodules) ID: 4
Matched contour: {'x': 166, 'y': 65, 'd': 6, 'a': 124.0, 'p': 38.3848, 'e': 0.404789, 'id': 4, 'tq': 100}
Matched with first_id: 3 second_id: 3 name: 20230529_1
entry_id:20230529_1, entry saved to results list
Segmented nodule image saved as output/crop1001/nodules/Last-Detected-2023-05-29/1/2023-05-05_d.jpg
Original nodule image saved as output/crop1001/nodules/Last-Detected-2023-05-29/1/2023-05-05_o.jpg


max_id: 20230505_47, i: 47
Moments: {'m00': 40.0, 'm10': 5402.5, 'm01': 2283.1666666666665, 'm20': 729811.8333333333, 'm11': 308363.1666666666, 'm02': 130446.83333333333, 'm30': 98607147.25, 'm21': 41655115.733333334, 'm12': 17617658.166666668, 'm03': 7460163.45, 'mu20': 136.67708333325572, 'mu11': -7.031250000033687, 'mu02': 125.58263888889485, 'mu30': 16.61328128144669, 'mu21': -36.2203992870293, 'mu12': -14.584635410399208, 'mu03': 30.60427662010826, 'nu20': 0.08542317708328484, 'nu11': -0.004394531250021055, 'nu02': 0.0784891493055593, 'nu30': 0.0016417440080753868, 'nu21': -0.0035793424846172336, 'nu12': -0.001441270835625191, 'nu03': 0.003024350633168181}
Centroid: 135, 57
Processing contour#48: area: 40.0 centroid: 135, 57 rectangle: (131, 54, 9, 8)
@find_dayJSON_match_for_contour: x: 131, y: 54, w: 9, h: 8, area: 40.0
Matched with JSON#3: (134, 56, 7, 159.0, 43.799, 0.289681)
Match with input JSON(nodules) ID: 3
Matched contour: {'x': 134, 'y': 56, 'd': 7, 'a': 159.0, 'p': 43.799, 'e': 0.289681, 'id': 3, 'tq': 100}
Matched with first_id: 2 second_id: 2 name: 20230607_6
entry_id:20230607_6, entry saved to results list
Segmented nodule image saved as output/crop1001/nodules/Last-Detected-2023-06-07/6/2023-05-05_d.jpg
Original nodule image saved as output/crop1001/nodules/Last-Detected-2023-06-07/6/2023-05-05_o.jpg


max_id: 20230505_48, i: 48
Moments: {'m00': 17.5, 'm10': 1234.8333333333333, 'm01': 954.3333333333333, 'm20': 87157.91666666666, 'm11': 67340.79166666666, 'm02': 52067.08333333333, 'm30': 6153659.45, 'm21': 4753184.733333333, 'm12': 3674084.9, 'm03': 2842019.2, 'mu20': 25.724603174605672, 'mu11': 1.2138888888944346, 'mu02': 24.105555555563427, 'mu30': 0.4809221479390068, 'mu21': 1.7024867725354595, 'mu12': -0.07021163965432521, 'mu03': -1.5237037038066856, 'nu20': 0.08399870424361035, 'nu11': 0.003963718820879786, 'nu02': 0.07871201814061526, 'nu30': 0.00037538736984767254, 'nu21': 0.0013288887494189436, 'nu12': -5.480421905183783e-05, 'nu03': -0.0011893382915516928}
Centroid: 70, 54
Processing contour#49: area: 17.5 centroid: 70, 54 rectangle: (68, 52, 6, 6)
@find_dayJSON_match_for_contour: x: 68, y: 52, w: 6, h: 6, area: 17.5
Matched with JSON#2: (70, 54, 4, 53.0, 24.7279, 0.608209)
Match with input JSON(nodules) ID: 2
Matched contour: {'x': 70, 'y': 54, 'd': 4, 'a': 53.0, 'p': 24.7279, 'e': 0.608209, 'id': 2, 'tq': 100}
Matched with first_id: 1 second_id: 1 name: 20230517_14
entry_id:20230517_14, entry saved to results list
Segmented nodule image saved as output/crop1001/nodules/Last-Detected-2023-05-17/14/2023-05-05_d.jpg
Original nodule image saved as output/crop1001/nodules/Last-Detected-2023-05-17/14/2023-05-05_o.jpg


max_id: 20230505_49, i: 49
Moments: {'m00': 44.0, 'm10': 6762.166666666666, 'm01': 1914.0, 'm20': 1039403.1666666666, 'm11': 294154.25, 'm02': 83416.0, 'm30': 159789076.15, 'm21': 45214037.75, 'm12': 12819868.716666667, 'm03': 3642255.0, 'mu20': 155.4842171717599, 'mu11': 2.637534635141492e-11, 'mu02': 157.0, 'mu30': -20.832777580855474, 'mu21': -1.131078875005187e-08, 'mu12': 30.201515151639057, 'mu03': 0.0, 'nu20': 0.0803120956465702, 'nu11': 1.3623629313747376e-14, 'nu02': 0.08109504132231406, 'nu30': -0.001622241420375316, 'nu21': -8.807673358117721e-13, 'nu12': 0.0023517818805930766, 'nu03': 0.0}
Centroid: 153, 43
Processing contour#50: area: 44.0 centroid: 153, 43 rectangle: (150, 40, 8, 8)
@find_dayJSON_match_for_contour: x: 150, y: 40, w: 8, h: 8, area: 44.0
Matched with JSON#1: (153, 43, 7, 161.0, 45.2132, 0.427611)
Match with input JSON(nodules) ID: 1
Matched contour: {'x': 153, 'y': 43, 'd': 7, 'a': 161.0, 'p': 45.2132, 'e': 0.427611, 'id': 1, 'tq': 100}
Matched with first_id: 0 second_id: 0 name: 20230605_1
entry_id:20230605_1, entry saved to results list
Segmented nodule image saved as output/crop1001/nodules/Last-Detected-2023-06-05/1/2023-05-05_d.jpg
Original nodule image saved as output/crop1001/nodules/Last-Detected-2023-06-05/1/2023-05-05_o.jpg


Done analyzing contours, found 50 nodules.


Modified image saved as: output/crop1001/20230505/20230505_rectangles.jpg
Generating HTML with:
modified_image_file: output/crop1001/20230505/20230505_rectangles.jpg
result_file_name: output/crop1001/20230505/20230505_result.html
Starting to generate HTML...
Image file read successfully.
Image file encoded successfully.
Image dimensions fetched.
HTML file saved as output/crop1001/20230505/20230505_result.html
HTML file generated successfully.
Finished analyzing image: 20230505
