Current memory usage: 3249.04296875 MB
@analyze_image: file_name: data/crop1022/20230501.jpg, output_dir: output/crop1022, external_logger: <Logger data_crop1022.log (DEBUG)>
Loaded image & JSON file: data/crop1022/20230501.jpg
Scaled JSON data: scalar_position: 0.5, scalar_size: 0.5

@find_prev_next_date: image_output_dir: output/crop1022/20230501
data_dir: data/crop1022
Previous date file: data/crop1022/20230426.jpg, Next date file: data/crop1022/20230503.json


Loaded prev_results from JSON file: 20230426, length: 16
Scaled JSON data: scalar_position: 0.5, scalar_size: 0.5
Loaded next_results from JSON file: 20230503, length: 14
Scaled JSON data: scalar_position: 0.5, scalar_size: 0.5
prev_results is not empty, generating matching
Current memory usage: 3249.0546875 MB
current_date:20230501, generating Matching: 20230426_20230501_matching.json
spatial_distances: (22, 16), attribute_distances: (22, 16)
combined_distances: (22, 16)
Current memory usage: 3249.0546875 MB

@find_matching: combined_distances: (22, 16), next_matching: [{'id': '20230517_2', 'p': {'id': 4, 'tq': 54.0, 'dx': 10, 'dy': 3, 'dd': 0, 'da': -6.0, 'dp': -1.07, 'de': 0.08}, 'c': {'id': 0}, 'n': {'id': 1, 'dx': 2, 'dy': -1, 'dd': 1, 'da': 11.0, 'dp': 1.41, 'de': 0.04}, 'i': 6}, {'id': '20230503_1', 'p': {'id': 5, 'tq': -50.0, 'dx': -5, 'dy': 4, 'dd': -4, 'da': -81.0, 'dp': -24.73, 'de': 0.3}, 'c': {'id': 1}, 'n': {}, 'i': 0}, {'id': '20230510_4', 'p': {'id': 6, 'tq': 30.0, 'dx': 7, 'dy': 10, 'dd': 0, 'da': -18.0, 'dp': -3.41, 'de': 0.11}, 'c': {'id': 2}, 'n': {'id': 3, 'dx': 10, 'dy': -3, 'dd': 0, 'da': -9.0, 'dp': -1.17, 'de': 0.09}, 'i': 3}, {'id': '20230503_3', 'p': {'id': 1, 'tq': -207.0, 'dx': 49, 'dy': 67, 'dd': 0, 'da': 11.0, 'dp': 2.59, 'de': -0.13}, 'c': {'id': 3}, 'n': {}, 'i': 0}, {'id': '20230503_4', 'p': {'id': 9, 'tq': -130.0, 'dx': 34, 'dy': 38, 'dd': -1, 'da': -34.0, 'dp': -6.0, 'de': -0.11}, 'c': {'id': 4}, 'n': {}, 'i': 0}, {'id': '20230503_5', 'p': {'id': 11, 'tq': -200.0, 'dx': -59, 'dy': -54, 'dd': 0, 'da': 13.0, 'dp': 2.34, 'de': 0.15}, 'c': {'id': 5}, 'n': {}, 'i': 0}, {'id': '20230503_6', 'p': {'id': 12, 'tq': -87.0, 'dx': 28, 'dy': 41, 'dd': 0, 'da': 9.0, 'dp': 1.41, 'de': -0.16}, 'c': {'id': 6}, 'n': {}, 'i': 0}, {'id': '20230503_7', 'p': {'id': 13, 'tq': 33.0, 'dx': 2, 'dy': 3, 'dd': -1, 'da': -36.0, 'dp': -3.41, 'de': 0.01}, 'c': {'id': 7}, 'n': {}, 'i': 0}, {'id': '20230503_8', 'p': {'id': 16, 'tq': -192.0, 'dx': 63, 'dy': -39, 'dd': 1, 'da': 19.0, 'dp': 10.45, 'de': -0.31}, 'c': {'id': 8}, 'n': {}, 'i': 0}, {'id': '20230510_21', 'p': {'id': 19, 'tq': 39.0, 'dx': -1, 'dy': 11, 'dd': -1, 'da': -14.0, 'dp': -4.83, 'de': -0.03}, 'c': {'id': 9}, 'n': {'id': 6, 'dx': 6, 'dy': -2, 'dd': 0, 'da': 10.0, 'dp': 2.83, 'de': 0.01}, 'i': 3}, {'id': '20230503_10', 'p': {'id': 20, 'tq': -800.0, 'dx': 5, 'dy': 119, 'dd': -6, 'da': -319.0, 'dp': -43.11, 'de': -0.42}, 'c': {'id': 10}, 'n': {}, 'i': 0}, {'id': '20230505_8', 'p': {'id': 14, 'tq': -1050.0, 'dx': 74, 'dy': 304, 'dd': 1, 'da': 36.0, 'dp': 6.34, 'de': 0.34}, 'c': {'id': 11}, 'n': {'id': 8, 'dx': 1, 'dy': 6, 'dd': 0, 'da': 7.0, 'dp': 2.24, 'de': 0.21}, 'i': 1}, {'id': '20230503_12', 'p': {'id': 18, 'tq': -995.0, 'dx': 86, 'dy': 275, 'dd': 2, 'da': 57.0, 'dp': 10.24, 'de': -0.08}, 'c': {'id': 12}, 'n': {}, 'i': 0}, {'id': '20230503_13', 'p': {'id': 21, 'tq': -435.0, 'dx': 43, 'dy': 123, 'dd': 3, 'da': 48.0, 'dp': 20.9, 'de': -0.3}, 'c': {'id': 13}, 'n': {}, 'i': 0}], current_date_string: 20230501, distance_threshold: 20
matched entry: {'id': '20230517_2', 'p': {'id': 4, 'tq': 54.0, 'dx': 10, 'dy': 3, 'dd': 0, 'da': -6.0, 'dp': -1.07, 'de': 0.08}, 'c': {'id': 0}, 'n': {'id': 1, 'dx': 2, 'dy': -1, 'dd': 1, 'da': 11.0, 'dp': 1.41, 'de': 0.04}, 'i': 6}, len(matching): 1
tq < 0
tq < 0
tq < 0
matched entry: {'id': '20230503_7', 'p': {'id': 13, 'tq': 33.0, 'dx': 2, 'dy': 3, 'dd': -1, 'da': -36.0, 'dp': -3.41, 'de': 0.01}, 'c': {'id': 7}, 'n': {}, 'i': 0}, len(matching): 7
tq < 0
tq < 0
tq < 0
matched entry: {'id': '20230510_21', 'p': {'id': 19, 'tq': 39.0, 'dx': -1, 'dy': 11, 'dd': -1, 'da': -14.0, 'dp': -4.83, 'de': -0.03}, 'c': {'id': 9}, 'n': {'id': 6, 'dx': 6, 'dy': -2, 'dd': 0, 'da': 10.0, 'dp': 2.83, 'de': 0.01}, 'i': 3}, len(matching): 13
tq < 0
tq < 0
i_dict: {0: 13, 1: 1, 4: 1, 7: 1}
tq_average: -298.8125, dx_average: -24.625, dy_average: -78.4375, dd_average: 0.0625, da_average: 6.0, dp_average: -0.3162, de_average: -0.075
average_tracking_quality: 53.5
@find_matching:
Returning:
Matching(lenght=16): [{'id': '20230501_0', 'p': {'id': 0, 'tq': 57.0, 'dx': 2, 'dy': -4, 'dd': 0, 'da': 18.0, 'dp': 2.76, 'de': 0.23}, 'c': {'id': 3}, 'n': {}, 'i': 0}, {'id': '20230517_2', 'p': {'id': 1, 'tq': 70.0, 'dx': 1, 'dy': -3, 'dd': 0, 'da': 12.0, 'dp': 3.66, 'de': -0.11}, 'c': {'id': 4}, 'n': {'id': 0, 'dx': 10, 'dy': 3, 'dd': 0, 'da': -6.0, 'dp': -1.07, 'de': 0.08}, 'i': 7}, {'id': '20230501_2', 'p': {'id': 2, 'tq': -12.0, 'dx': 1, 'dy': -4, 'dd': 3, 'da': 63.0, 'dp': 15.66, 'de': 0.02}, 'c': {'id': 5}, 'n': {}, 'i': 0}, {'id': '20230501_3', 'p': {'id': 3, 'tq': 51.0, 'dx': 9, 'dy': -7, 'dd': 0, 'da': 6.0, 'dp': 2.0, 'de': 0.04}, 'c': {'id': 7}, 'n': {}, 'i': 0}, {'id': '20230501_4', 'p': {'id': 4, 'tq': -281.0, 'dx': 7, 'dy': -49, 'dd': 4, 'da': 136.0, 'dp': 25.31, 'de': 0.18}, 'c': {'id': 10}, 'n': {}, 'i': 0}, {'id': '20230501_5', 'p': {'id': 8, 'tq': -743.0, 'dx': -125, 'dy': -190, 'dd': 2, 'da': 28.0, 'dp': 14.52, 'de': -0.53}, 'c': {'id': 11}, 'n': {}, 'i': 0}, {'id': '20230501_6', 'p': {'id': 7, 'tq': -355.0, 'dx': -44, 'dy': -119, 'dd': 0, 'da': -7.0, 'dp': -1.41, 'de': 0.17}, 'c': {'id': 12}, 'n': {}, 'i': 0}, {'id': '20230503_7', 'p': {'id': 5, 'tq': 74.0, 'dx': -4, 'dy': 0, 'dd': 0, 'da': -7.0, 'dp': -3.41, 'de': -0.18}, 'c': {'id': 13}, 'n': {'id': 7, 'dx': 2, 'dy': 3, 'dd': -1, 'da': -36.0, 'dp': -3.41, 'de': 0.01}, 'i': 1}, {'id': '20230501_8', 'p': {'id': 6, 'tq': 58.0, 'dx': 8, 'dy': -6, 'dd': 0, 'da': 4.0, 'dp': 1.66, 'de': -0.26}, 'c': {'id': 14}, 'n': {}, 'i': 0}, {'id': '20230501_9', 'p': {'id': 12, 'tq': -935.0, 'dx': -1, 'dy': -253, 'dd': -4, 'da': -94.0, 'dp': -32.94, 'de': -0.23}, 'c': {'id': 15}, 'n': {}, 'i': 0}, {'id': '20230501_10', 'p': {'id': 9, 'tq': -345.0, 'dx': -115, 'dy': -50, 'dd': 0, 'da': -3.0, 'dp': -2.38, 'de': -0.12}, 'c': {'id': 16}, 'n': {}, 'i': 0}, {'id': '20230501_11', 'p': {'id': 15, 'tq': -1068.0, 'dx': -12, 'dy': -321, 'dd': -1, 'da': -28.0, 'dp': -8.49, 'de': -0.25}, 'c': {'id': 17}, 'n': {}, 'i': 0}, {'id': '20230501_12', 'p': {'id': 10, 'tq': -122.0, 'dx': -16, 'dy': -30, 'dd': -2, 'da': -67.0, 'dp': -13.66, 'de': -0.15}, 'c': {'id': 18}, 'n': {}, 'i': 0}, {'id': '20230510_21', 'p': {'id': 11, 'tq': 11.0, 'dx': 9, 'dy': -6, 'dd': 2, 'da': 32.0, 'dp': 11.24, 'de': -0.22}, 'c': {'id': 19}, 'n': {'id': 9, 'dx': -1, 'dy': 11, 'dd': -1, 'da': -14.0, 'dp': -4.83, 'de': -0.03}, 'i': 4}, {'id': '20230501_14', 'p': {'id': 13, 'tq': -824.0, 'dx': -114, 'dy': -145, 'dd': 3, 'da': 184.0, 'dp': 23.8, 'de': 0.06}, 'c': {'id': 20}, 'n': {}, 'i': 0}, {'id': '20230501_15', 'p': {'id': 14, 'tq': -417.0, 'dx': 0, 'dy': -68, 'dd': -6, 'da': -181.0, 'dp': -43.38, 'de': 0.15}, 'c': {'id': 21}, 'n': {}, 'i': 0}]
Unmatched current(length=6): {0, 1, 2, 6, 8, 9}
Unmatched previous(length=0): set()
Distance threshold: 20



@plot_data: normalized_points: (22, 2), normalized_prev_points: (16, 2), current_points: (22, 2), prev_points: (16, 2), current_data: 22, prev_data: 16, matching: 16, unmatched_current: 6, unmatched_prev: 0, combined_distances: (22, 16), distance_threshold: 20, current_date_string: 20230501, previous_date_string: 20230426, filename: output/crop1022/plots/20230426_20230501.png
Plots created
Plotted the normalized points
Drawing lines between the matched points
Plotting the unmatched points
Plotted the original points with diameter as size
Drawing lines between the matched points and add the indices to the plots with color coding
Setting the titles and labels
Done plotting

@process_image: output_dir: output/crop1022/20230501, image_name: 20230501, date_string: 20230501
len(json_data) = 22 json_data entries
len(matching) = 16 matching entries, setting max_id_i to 16
crop_dir: output/crop1022
nodules_dir: output/crop1022/nodules-last-detected-on
Split image into left and right images: (705, 300, 3), (705, 300, 3)
Converted right image to HSV: (705, 300, 3)
Created mask to detect nodules: (705, 300)

Found 22 contours in mask, processing each contour...

@process_contour: max_id: 20230501_16
Moments: {'m00': 2.0, 'm10': 164.0, 'm01': 1145.0, 'm20': 13448.666666666666, 'm11': 93890.0, 'm02': 655512.6666666666, 'm30': 1102900.0, 'm21': 7699361.666666667, 'm12': 53752038.666666664, 'm03': 375281192.5, 'mu20': 0.6666666666660603, 'mu11': 0.0, 'mu02': 0.16666666662786156, 'mu30': 2.3283064365386963e-10, 'mu21': 6.575646693818271e-10, 'mu12': 6.984919309616089e-10, 'mu03': 5.960464477539063e-08, 'nu20': 0.16666666666651508, 'nu11': 0.0, 'nu02': 0.04166666665696539, 'nu30': 4.1159031748919956e-11, 'nu21': 1.1624210919714503e-10, 'nu12': 1.2347709524675987e-10, 'nu03': 1.0536712127723509e-08}
Centroid: 82, 572
Processing contour#1: area: 2.0 centroid: 82, 572 rectangle: (81, 572, 3, 2)
@find_dayJSON_match_for_contour: x: 81, y: 572, w: 3, h: 2, area: 2.0
Matched with JSON#21: (81, 572, 1, 6.0, 4.4142, 0.632456)
Match with input JSON(nodules) ID: 21
Matched contour: {'x': 81, 'y': 572, 'd': 1, 'a': 6.0, 'p': 4.4142, 'e': 0.632456, 'id': 21, 'tq': 100}
JSON_entry: 21
Matched with first_id: 21 second_id: 14 name: 20230501_15
entry_id:20230501_15, entry saved to results list
created dirs at nodule_detection_path: output/crop1022/nodules-last-detected-on/2023-05-01/15/detection and nodule_images_original_path: output/crop1022/nodules-last-detected-on/2023-05-01/15
Segmented nodule image saved as output/crop1022/nodules-last-detected-on/2023-05-01/15/detection/2023-05-01.jpg
Original nodule image saved as output/crop1022/nodules-last-detected-on/2023-05-01/15/2023-05-01.jpg


@process_contour: max_id: 20230501_17
Moments: {'m00': 108.5, 'm10': 16726.666666666664, 'm01': 52452.166666666664, 'm20': 2579860.583333333, 'm11': 8086422.041666666, 'm02': 25357768.083333332, 'm30': 398098393.3, 'm21': 1247258267.1, 'm12': 3909464389.9333334, 'm03': 12259493212.050001, 'mu20': 1230.3733998979442, 'mu11': 247.77643369324505, 'mu02': 811.51164874807, 'mu30': 438.31972229480743, 'mu21': -407.9358742967015, 'mu12': -374.694756197714, 'mu03': 42.555213928222656, 'nu20': 0.1045147189278128, 'nu11': 0.02104750015445179, 'nu02': 0.0689342860326675, 'nu30': 0.003574511238134148, 'nu21': -0.0033267299939811834, 'nu12': -0.003055647621527365, 'nu03': 0.0003470391193698672}
Centroid: 154, 483
Processing contour#2: area: 108.5 centroid: 154, 483 rectangle: (148, 477, 14, 13)
@find_dayJSON_match_for_contour: x: 148, y: 477, w: 14, h: 13, area: 108.5
Matched with JSON#20: (154, 483, 12, 463.0, 84.669, 0.747784)
Match with input JSON(nodules) ID: 20
Matched contour: {'x': 154, 'y': 483, 'd': 12, 'a': 463.0, 'p': 84.669, 'e': 0.747784, 'id': 20, 'tq': 100}
JSON_entry: 20
Matched with first_id: 20 second_id: 13 name: 20230501_14
entry_id:20230501_14, entry saved to results list
created dirs at nodule_detection_path: output/crop1022/nodules-last-detected-on/2023-05-01/14/detection and nodule_images_original_path: output/crop1022/nodules-last-detected-on/2023-05-01/14
Segmented nodule image saved as output/crop1022/nodules-last-detected-on/2023-05-01/14/detection/2023-05-01.jpg
Original nodule image saved as output/crop1022/nodules-last-detected-on/2023-05-01/14/2023-05-01.jpg


@process_contour: max_id: 20230501_18
Moments: {'m00': 11.5, 'm10': 2933.333333333333, 'm01': 4539.166666666666, 'm20': 748224.4166666666, 'm11': 1157817.2083333333, 'm02': 1791664.9166666665, 'm30': 190857493.70000002, 'm21': 295332166.76666665, 'm12': 457005002.9, 'm03': 707196043.5500001, 'mu20': 11.856280193314888, 'mu11': 0.7832125604618341, 'mu02': 9.783816425362602, 'mu30': -0.13182803988456726, 'mu21': -0.7260693926882595, 'mu12': 0.07505075072049294, 'mu03': 1.0877196788787842, 'nu20': 0.0896505118587137, 'nu11': 0.005922212177405172, 'nu02': 0.07397970832032212, 'nu30': -0.00029394304841809295, 'nu21': -0.001618950344985333, 'nu12': 0.0001673441133780421, 'nu03': 0.002425338634435758}
Centroid: 255, 394
Processing contour#3: area: 11.5 centroid: 255, 394 rectangle: (253, 393, 5, 5)
@find_dayJSON_match_for_contour: x: 253, y: 393, w: 5, h: 5, area: 11.5
Matched with JSON#19: (255, 394, 4, 52.0, 25.3137, 0.412214)
Match with input JSON(nodules) ID: 19
Matched contour: {'x': 255, 'y': 394, 'd': 4, 'a': 52.0, 'p': 25.3137, 'e': 0.412214, 'id': 19, 'tq': 100}
JSON_entry: 19
Matched with first_id: 19 second_id: 11 name: 20230510_21
entry_id:20230510_21, entry saved to results list
created dirs at nodule_detection_path: output/crop1022/nodules-last-detected-on/2023-05-10/21/detection and nodule_images_original_path: output/crop1022/nodules-last-detected-on/2023-05-10/21
Segmented nodule image saved as output/crop1022/nodules-last-detected-on/2023-05-10/21/detection/2023-05-01.jpg
Original nodule image saved as output/crop1022/nodules-last-detected-on/2023-05-10/21/2023-05-01.jpg


@process_contour: max_id: 20230501_19
Moments: {'m00': 16.5, 'm10': 617.6666666666666, 'm01': 6095.833333333333, 'm20': 23145.583333333332, 'm11': 228191.29166666666, 'm02': 2252093.4166666665, 'm30': 868212.8, 'm21': 8550842.233333332, 'm12': 84303989.76666667, 'm03': 832039403.95, 'mu20': 23.63720538720736, 'mu11': -2.2268518518540077, 'mu02': 21.6574074071832, 'mu30': 3.3979831989854574, 'mu21': 1.7788814061186713, 'mu12': -3.2429666944092332, 'mu03': 0.3748973608016968, 'nu20': 0.08682169104575707, 'nu11': -0.008179437472374684, 'nu02': 0.07954970581150855, 'nu30': 0.0030726377835507265, 'nu21': 0.0016085595192254119, 'nu12': -0.002932463585756846, 'nu03': 0.0003390022046302862}
Centroid: 37, 369
Processing contour#4: area: 16.5 centroid: 37, 369 rectangle: (35, 367, 6, 6)
@find_dayJSON_match_for_contour: x: 35, y: 367, w: 6, h: 6, area: 16.5
Matched with JSON#18: (37, 369, 4, 66.0, 28.7279, 0.423463)
Match with input JSON(nodules) ID: 18
Matched contour: {'x': 37, 'y': 369, 'd': 4, 'a': 66.0, 'p': 28.7279, 'e': 0.423463, 'id': 18, 'tq': 100}
JSON_entry: 18
Matched with first_id: 18 second_id: 10 name: 20230501_12
entry_id:20230501_12, entry saved to results list
created dirs at nodule_detection_path: output/crop1022/nodules-last-detected-on/2023-05-01/12/detection and nodule_images_original_path: output/crop1022/nodules-last-detected-on/2023-05-01/12
Segmented nodule image saved as output/crop1022/nodules-last-detected-on/2023-05-01/12/detection/2023-05-01.jpg
Original nodule image saved as output/crop1022/nodules-last-detected-on/2023-05-01/12/2023-05-01.jpg


@process_contour: max_id: 20230501_20
Moments: {'m00': 12.5, 'm10': 964.3333333333333, 'm01': 4467.5, 'm20': 74410.58333333333, 'm11': 344650.125, 'm02': 1596696.0833333333, 'm30': 5742914.2, 'm21': 26593941.866666667, 'm12': 123177918.39999999, 'm03': 570667457.85, 'mu20': 15.48111111111939, 'mu11': -2.608333333337214, 'mu02': 11.583333333022892, 'mu30': -2.9011259265244007, 'mu21': 1.8317777786396618, 'mu12': 2.32777778126308, 'mu03': -2.099999785423279, 'nu20': 0.0990791111111641, 'nu11': -0.01669333333335817, 'nu02': 0.07413333333134652, 'nu30': -0.005251598888247064, 'nu21': 0.003315871971591515, 'nu12': 0.00421372788281984, 'nu03': -0.003801405667233524}
Centroid: 77, 357
Processing contour#5: area: 12.5 centroid: 77, 357 rectangle: (75, 355, 5, 5)
@find_dayJSON_match_for_contour: x: 75, y: 355, w: 5, h: 5, area: 12.5
Matched with JSON#17: (77, 357, 4, 63.0, 28.7279, 0.521829)
Match with input JSON(nodules) ID: 17
Matched contour: {'x': 77, 'y': 357, 'd': 4, 'a': 63.0, 'p': 28.7279, 'e': 0.521829, 'id': 17, 'tq': 100}
JSON_entry: 17
Matched with first_id: 17 second_id: 15 name: 20230501_11
entry_id:20230501_11, entry saved to results list
created dirs at nodule_detection_path: output/crop1022/nodules-last-detected-on/2023-05-01/11/detection and nodule_images_original_path: output/crop1022/nodules-last-detected-on/2023-05-01/11
Segmented nodule image saved as output/crop1022/nodules-last-detected-on/2023-05-01/11/detection/2023-05-01.jpg
Original nodule image saved as output/crop1022/nodules-last-detected-on/2023-05-01/11/2023-05-01.jpg


@process_contour: max_id: 20230501_21
Moments: {'m00': 1.0, 'm10': 58.5, 'm01': 342.5, 'm20': 3422.333333333333, 'm11': 20036.25, 'm02': 117306.33333333333, 'm30': 200216.25, 'm21': 1172149.1666666667, 'm12': 6862420.5, 'm03': 40177476.25, 'mu20': 0.08333333333303017, 'mu11': 0.0, 'mu02': 0.0833333333284827, 'mu30': 5.820766091346741e-11, 'mu21': 1.8144419300369918e-10, 'mu12': 2.837623469531536e-10, 'mu03': 7.450580596923828e-09, 'nu20': 0.08333333333303017, 'nu11': 0.0, 'nu02': 0.0833333333284827, 'nu30': 5.820766091346741e-11, 'nu21': 1.8144419300369918e-10, 'nu12': 2.837623469531536e-10, 'nu03': 7.450580596923828e-09}
Centroid: 58, 342
Processing contour#6: area: 1.0 centroid: 58, 342 rectangle: (58, 342, 2, 2)
@find_dayJSON_match_for_contour: x: 58, y: 342, w: 2, h: 2, area: 1.0
Matched with JSON#16: (58, 342, 1, 9.0, 7.6213, 0.561211)
Match with input JSON(nodules) ID: 16
Matched contour: {'x': 58, 'y': 342, 'd': 1, 'a': 9.0, 'p': 7.6213, 'e': 0.561211, 'id': 16, 'tq': 100}
JSON_entry: 16
Matched with first_id: 16 second_id: 9 name: 20230501_10
entry_id:20230501_10, entry saved to results list
created dirs at nodule_detection_path: output/crop1022/nodules-last-detected-on/2023-05-01/10/detection and nodule_images_original_path: output/crop1022/nodules-last-detected-on/2023-05-01/10
Segmented nodule image saved as output/crop1022/nodules-last-detected-on/2023-05-01/10/detection/2023-05-01.jpg
Original nodule image saved as output/crop1022/nodules-last-detected-on/2023-05-01/10/2023-05-01.jpg


@process_contour: max_id: 20230501_22
Moments: {'m00': 6.0, 'm10': 165.0, 'm01': 1968.0, 'm20': 4542.0, 'm11': 54120.0, 'm02': 645506.0, 'm30': 125152.5, 'm21': 1489776.0, 'm12': 17751415.0, 'm03': 211727280.0, 'mu20': 4.5, 'mu11': 0.0, 'mu02': 2.0, 'mu30': 0.0, 'mu21': 0.0, 'mu12': 0.0, 'mu03': 0.0, 'nu20': 0.125, 'nu11': 0.0, 'nu02': 0.05555555555555555, 'nu30': 0.0, 'nu21': 0.0, 'nu12': 0.0, 'nu03': 0.0}
Centroid: 27, 328
Processing contour#7: area: 6.0 centroid: 27, 328 rectangle: (26, 327, 4, 3)
@find_dayJSON_match_for_contour: x: 26, y: 327, w: 4, h: 3, area: 6.0
Matched with JSON#15: (27, 328, 2, 27.0, 17.8995, 0.695039)
Match with input JSON(nodules) ID: 15
Matched contour: {'x': 27, 'y': 328, 'd': 2, 'a': 27.0, 'p': 17.8995, 'e': 0.695039, 'id': 15, 'tq': 100}
JSON_entry: 15
Matched with first_id: 15 second_id: 12 name: 20230501_9
entry_id:20230501_9, entry saved to results list
created dirs at nodule_detection_path: output/crop1022/nodules-last-detected-on/2023-05-01/9/detection and nodule_images_original_path: output/crop1022/nodules-last-detected-on/2023-05-01/9
Segmented nodule image saved as output/crop1022/nodules-last-detected-on/2023-05-01/9/detection/2023-05-01.jpg
Original nodule image saved as output/crop1022/nodules-last-detected-on/2023-05-01/9/2023-05-01.jpg


@process_contour: max_id: 20230501_23
Moments: {'m00': 13.5, 'm10': 2642.1666666666665, 'm01': 4350.166666666666, 'm20': 517125.9166666666, 'm11': 851396.9583333333, 'm02': 1401793.5833333333, 'm30': 101214341.05000001, 'm21': 166635659.51666665, 'm12': 274353196.01666665, 'm03': 451718923.05, 'mu20': 11.494855967117473, 'mu11': -0.4758230452425778, 'mu02': 19.507201646454632, 'mu30': 0.15098817646503448, 'mu21': -0.5385332295613807, 'mu12': 0.4898922435922941, 'mu03': 1.6484731435775757, 'nu20': 0.06307191202807941, 'nu11': -0.0026108260369963115, 'nu02': 0.10703539998054667, 'nu30': 0.0002254802557735945, 'nu21': -0.0008042259545547938, 'nu12': 0.000731587273737761, 'nu03': 0.0024617698865702256}
Centroid: 195, 322
Processing contour#8: area: 13.5 centroid: 195, 322 rectangle: (194, 320, 5, 6)
@find_dayJSON_match_for_contour: x: 194, y: 320, w: 5, h: 6, area: 13.5
Matched with JSON#14: (195, 322, 4, 66.0, 28.9706, 0.15542)
Match with input JSON(nodules) ID: 14
Matched contour: {'x': 195, 'y': 322, 'd': 4, 'a': 66.0, 'p': 28.9706, 'e': 0.15542, 'id': 14, 'tq': 100}
JSON_entry: 14
Matched with first_id: 14 second_id: 6 name: 20230501_8
entry_id:20230501_8, entry saved to results list
created dirs at nodule_detection_path: output/crop1022/nodules-last-detected-on/2023-05-01/8/detection and nodule_images_original_path: output/crop1022/nodules-last-detected-on/2023-05-01/8
Segmented nodule image saved as output/crop1022/nodules-last-detected-on/2023-05-01/8/detection/2023-05-01.jpg
Original nodule image saved as output/crop1022/nodules-last-detected-on/2023-05-01/8/2023-05-01.jpg


@process_contour: max_id: 20230501_24
Moments: {'m00': 52.5, 'm10': 1871.8333333333333, 'm01': 14353.166666666666, 'm20': 67015.41666666666, 'm11': 511764.9583333333, 'm02': 3924241.4166666665, 'm30': 2409096.95, 'm21': 18322816.183333334, 'm12': 139924423.15, 'm03': 1072959368.5500001, 'mu20': 277.13042328041047, 'mu11': 17.609656084619928, 'mu02': 176.78121693106368, 'mu30': -30.186987485270947, 'mu21': -28.946862348617287, 'mu12': 15.522926878445105, 'mu03': 19.327274918556213, 'nu20': 0.10054618531715574, 'nu11': 0.006388990869703377, 'nu02': 0.06413830999766484, 'nu30': -0.0015115465145675573, 'nu21': -0.001449449996031182, 'nu12': 0.0007772761700865081, 'nu03': 0.0009677704690965588}
Centroid: 35, 273
Processing contour#9: area: 52.5 centroid: 35, 273 rectangle: (31, 270, 10, 8)
@find_dayJSON_match_for_contour: x: 31, y: 270, w: 10, h: 8, area: 52.5
Matched with JSON#13: (35, 273, 7, 188.0, 49.4558, 0.624787)
Match with input JSON(nodules) ID: 13
Matched contour: {'x': 35, 'y': 273, 'd': 7, 'a': 188.0, 'p': 49.4558, 'e': 0.624787, 'id': 13, 'tq': 100}
JSON_entry: 13
Matched with first_id: 13 second_id: 5 name: 20230503_7
entry_id:20230503_7, entry saved to results list
created dirs at nodule_detection_path: output/crop1022/nodules-last-detected-on/2023-05-03/7/detection and nodule_images_original_path: output/crop1022/nodules-last-detected-on/2023-05-03/7
Segmented nodule image saved as output/crop1022/nodules-last-detected-on/2023-05-03/7/detection/2023-05-01.jpg
Original nodule image saved as output/crop1022/nodules-last-detected-on/2023-05-03/7/2023-05-01.jpg


@process_contour: max_id: 20230501_25
Moments: {'m00': 7.0, 'm10': 879.0, 'm01': 1604.3333333333333, 'm20': 110382.16666666666, 'm11': 201459.0, 'm02': 367701.5, 'm30': 13862071.5, 'm21': 25298684.366666667, 'm12': 46173065.0, 'm03': 84275323.10000001, 'mu20': 4.880952380946837, 'mu11': 0.5714285714493599, 'mu02': 3.57936507940758, 'mu30': -0.6734693851321936, 'mu21': -0.484807256293152, 'mu12': 0.42517005746987024, 'mu03': 0.5062736123800278, 'nu20': 0.0996112730805477, 'nu11': 0.01166180758059918, 'nu02': 0.0730482669266853, 'nu30': -0.005194846964068118, 'nu21': -0.0037395901864467457, 'nu12': 0.0032795750349163743, 'nu03': 0.003905172226565203}
Centroid: 125, 229
Processing contour#10: area: 7.0 centroid: 125, 229 rectangle: (124, 228, 4, 4)
@find_dayJSON_match_for_contour: x: 124, y: 228, w: 4, h: 4, area: 7.0
Matched with JSON#12: (125, 229, 3, 36.0, 20.4853, 0.664417)
Match with input JSON(nodules) ID: 12
Matched contour: {'x': 125, 'y': 229, 'd': 3, 'a': 36.0, 'p': 20.4853, 'e': 0.664417, 'id': 12, 'tq': 100}
JSON_entry: 12
Matched with first_id: 12 second_id: 7 name: 20230501_6
entry_id:20230501_6, entry saved to results list
created dirs at nodule_detection_path: output/crop1022/nodules-last-detected-on/2023-05-01/6/detection and nodule_images_original_path: output/crop1022/nodules-last-detected-on/2023-05-01/6
Segmented nodule image saved as output/crop1022/nodules-last-detected-on/2023-05-01/6/detection/2023-05-01.jpg
Original nodule image saved as output/crop1022/nodules-last-detected-on/2023-05-01/6/2023-05-01.jpg


@process_contour: max_id: 20230501_26
Moments: {'m00': 8.5, 'm10': 760.1666666666666, 'm01': 1627.1666666666665, 'm20': 67988.75, 'm11': 145519.04166666666, 'm02': 311496.75, 'm30': 6081401.050000001, 'm21': 13015052.85, 'm12': 27857310.849999998, 'm03': 59632548.550000004, 'mu20': 6.001633986932575, 'mu11': -0.7066993463959079, 'mu02': 6.001633987005334, 'mu30': 0.3508778680115938, 'mu21': -0.4782070993394427, 'mu12': -0.4782071047696945, 'mu03': 0.3508778512477875, 'nu20': 0.08306759843505294, 'nu11': -0.009781305832469315, 'nu02': 0.08306759843606, 'nu30': 0.0016657455480085345, 'nu21': -0.002270223970707754, 'nu12': -0.002270223996487145, 'nu03': 0.0016657454684246157}
Centroid: 89, 191
Processing contour#11: area: 8.5 centroid: 89, 191 rectangle: (88, 190, 4, 4)
@find_dayJSON_match_for_contour: x: 88, y: 190, w: 4, h: 4, area: 8.5
Matched with JSON#11: (89, 191, 3, 33.0, 20.1421, 0.257524)
Match with input JSON(nodules) ID: 11
Matched contour: {'x': 89, 'y': 191, 'd': 3, 'a': 33.0, 'p': 20.1421, 'e': 0.257524, 'id': 11, 'tq': 100}
JSON_entry: 11
Matched with first_id: 11 second_id: 8 name: 20230501_5
entry_id:20230501_5, entry saved to results list
created dirs at nodule_detection_path: output/crop1022/nodules-last-detected-on/2023-05-01/5/detection and nodule_images_original_path: output/crop1022/nodules-last-detected-on/2023-05-01/5
Segmented nodule image saved as output/crop1022/nodules-last-detected-on/2023-05-01/5/detection/2023-05-01.jpg
Original nodule image saved as output/crop1022/nodules-last-detected-on/2023-05-01/5/2023-05-01.jpg


@process_contour: max_id: 20230501_27
Moments: {'m00': 47.5, 'm10': 5959.0, 'm01': 8894.0, 'm20': 747779.0833333333, 'm11': 1115798.2083333333, 'm02': 1665500.4166666665, 'm30': 93862698.60000001, 'm21': 140021332.21666667, 'm12': 208949888.78333333, 'm03': 311915175.90000004, 'mu20': 206.85175438597798, 'mu11': 22.503070175414905, 'mu02': 169.13245614012703, 'mu30': -55.43772850930691, 'mu21': -43.75716526273027, 'mu12': 51.57219765008995, 'mu03': 34.132354736328125, 'nu20': 0.09167944792730326, 'nu11': 0.009973659911541232, 'nu02': 0.07496175341390672, 'nu30': -0.0035650974310071012, 'nu21': -0.0028139420871135393, 'nu12': 0.003316512315667112, 'nu03': 0.0021949883852885117}
Centroid: 125, 187
Processing contour#12: area: 47.5 centroid: 125, 187 rectangle: (121, 184, 9, 8)
@find_dayJSON_match_for_contour: x: 121, y: 184, w: 9, h: 8, area: 47.5
Matched with JSON#10: (125, 187, 8, 202.0, 52.8701, 0.655767)
Match with input JSON(nodules) ID: 10
Matched contour: {'x': 125, 'y': 187, 'd': 8, 'a': 202.0, 'p': 52.8701, 'e': 0.655767, 'id': 10, 'tq': 100}
JSON_entry: 10
Matched with first_id: 10 second_id: 4 name: 20230501_4
entry_id:20230501_4, entry saved to results list
created dirs at nodule_detection_path: output/crop1022/nodules-last-detected-on/2023-05-01/4/detection and nodule_images_original_path: output/crop1022/nodules-last-detected-on/2023-05-01/4
Segmented nodule image saved as output/crop1022/nodules-last-detected-on/2023-05-01/4/detection/2023-05-01.jpg
Original nodule image saved as output/crop1022/nodules-last-detected-on/2023-05-01/4/2023-05-01.jpg


@process_contour: max_id: 20230501_28
Moments: {'m00': 27.5, 'm10': 5080.666666666666, 'm01': 2688.1666666666665, 'm20': 938722.0833333333, 'm11': 496643.4583333333, 'm02': 262833.5833333333, 'm30': 173452957.3, 'm21': 91761716.6, 'm12': 48559010.1, 'm03': 25704359.05, 'mu20': 61.218686868902296, 'mu11': 0.5936868687858805, 'mu02': 61.21868686872767, 'mu30': 9.60767063498497, 'mu21': -8.721117256115576, 'mu12': -8.721117237357248, 'mu03': 9.607670646160841, 'nu20': 0.08095032974400303, 'nu11': 0.000785040487650751, 'nu02': 0.08095032974377213, 'nu30': 0.0024226259888268727, 'nu21': -0.0021990767709435693, 'nu12': -0.0021990767662135556, 'nu03': 0.002422625991644929}
Centroid: 184, 97
Processing contour#13: area: 27.5 centroid: 184, 97 rectangle: (182, 95, 7, 7)
@find_dayJSON_match_for_contour: x: 182, y: 95, w: 7, h: 7, area: 27.5
Matched with JSON#9: (184, 97, 5, 107.0, 35.5563, 0.459858)
Match with input JSON(nodules) ID: 9
Matched contour: {'x': 184, 'y': 97, 'd': 5, 'a': 107.0, 'p': 35.5563, 'e': 0.459858, 'id': 9, 'tq': 100}
JSON_entry: 9
WARNING: match is empty
entry_id:20230501_28, entry saved to results list
created dirs at nodule_detection_path: output/crop1022/nodules-last-detected-on/2023-05-01/28/detection and nodule_images_original_path: output/crop1022/nodules-last-detected-on/2023-05-01/28
Segmented nodule image saved as output/crop1022/nodules-last-detected-on/2023-05-01/28/detection/2023-05-01.jpg
Original nodule image saved as output/crop1022/nodules-last-detected-on/2023-05-01/28/2023-05-01.jpg


@process_contour: max_id: 20230501_29
Moments: {'m00': 34.5, 'm10': 4074.833333333333, 'm01': 3089.1666666666665, 'm20': 481373.75, 'm11': 364879.125, 'm02': 276713.4166666666, 'm30': 56876999.45, 'm21': 43106076.516666666, 'm12': 32685484.15, 'm03': 24796221.55, 'mu20': 90.65740740747424, 'mu11': 14.21759259258397, 'mu02': 106.15016103058588, 'mu30': -4.31646091490984, 'mu21': 0.8253981072630268, 'mu12': 8.93144569751712, 'mu03': -1.4663578234612942, 'nu20': 0.07616669389411825, 'nu11': 0.011945047336764521, 'nu02': 0.08918308005090181, 'nu30': -0.0006174191209547379, 'nu21': 0.0001180635209886262, 'nu12': 0.0012775385808239572, 'nu03': -0.0002097452927789306}
Centroid: 118, 89
Processing contour#14: area: 34.5 centroid: 118, 89 rectangle: (115, 86, 7, 8)
@find_dayJSON_match_for_contour: x: 115, y: 86, w: 7, h: 8, area: 34.5
Matched with JSON#8: (118, 89, 6, 136.0, 40.3848, 0.185217)
Match with input JSON(nodules) ID: 8
Matched contour: {'x': 118, 'y': 89, 'd': 6, 'a': 136.0, 'p': 40.3848, 'e': 0.185217, 'id': 8, 'tq': 100}
JSON_entry: 8
WARNING: match is empty
entry_id:20230501_29, entry saved to results list
created dirs at nodule_detection_path: output/crop1022/nodules-last-detected-on/2023-05-01/29/detection and nodule_images_original_path: output/crop1022/nodules-last-detected-on/2023-05-01/29
Segmented nodule image saved as output/crop1022/nodules-last-detected-on/2023-05-01/29/detection/2023-05-01.jpg
Original nodule image saved as output/crop1022/nodules-last-detected-on/2023-05-01/29/2023-05-01.jpg


@process_contour: max_id: 20230501_30
Moments: {'m00': 55.0, 'm10': 5755.5, 'm01': 4687.0, 'm20': 602569.6666666666, 'm11': 490416.5833333333, 'm02': 399640.1666666666, 'm30': 63115368.75, 'm21': 51338028.75, 'm12': 41810853.583333336, 'm03': 34094540.5, 'mu20': 282.75303030305076, 'mu11': -56.66212121216813, 'mu02': 222.54848484846298, 'mu30': 14.447603307664394, 'mu21': -3.7952616932525416, 'mu12': -16.026225887519104, 'mu03': 1.7606611624360085, 'nu20': 0.09347207613323992, 'nu11': -0.018731279739559712, 'nu02': 0.07356974705734312, 'nu30': 0.0006440047711041863, 'nu21': -0.00016917453961010743, 'nu12': -0.0007143721844079491, 'nu03': 7.848181907826307e-05}
Centroid: 104, 85
Processing contour#15: area: 55.0 centroid: 104, 85 rectangle: (100, 81, 10, 9)
@find_dayJSON_match_for_contour: x: 100, y: 81, w: 10, h: 9, area: 55.0
Matched with JSON#7: (104, 85, 8, 210.0, 53.2132, 0.684458)
Match with input JSON(nodules) ID: 7
Matched contour: {'x': 104, 'y': 85, 'd': 8, 'a': 210.0, 'p': 53.2132, 'e': 0.684458, 'id': 7, 'tq': 100}
JSON_entry: 7
Matched with first_id: 7 second_id: 3 name: 20230501_3
entry_id:20230501_3, entry saved to results list
created dirs at nodule_detection_path: output/crop1022/nodules-last-detected-on/2023-05-01/3/detection and nodule_images_original_path: output/crop1022/nodules-last-detected-on/2023-05-01/3
Segmented nodule image saved as output/crop1022/nodules-last-detected-on/2023-05-01/3/detection/2023-05-01.jpg
Original nodule image saved as output/crop1022/nodules-last-detected-on/2023-05-01/3/2023-05-01.jpg


@process_contour: max_id: 20230501_31
Moments: {'m00': 36.5, 'm10': 6665.333333333333, 'm01': 3038.6666666666665, 'm20': 1217272.9166666665, 'm11': 554889.7916666666, 'm02': 253083.91666666666, 'm30': 222326437.70000002, 'm21': 101336863.01666667, 'm12': 46214994.483333334, 'm03': 21088089.3, 'mu20': 103.9181887365412, 'mu11': -6.817161339451559, 'mu02': 111.44786910197581, 'mu30': -1.9152567386627197, 'mu21': -7.087598571537455, 'mu12': 1.7236883551049687, 'mu03': 8.004266664385796, 'nu20': 0.07800201819218704, 'nu11': -0.005117028590318302, 'nu02': 0.08365387059634138, 'nu30': -0.00023795500170427968, 'nu21': -0.0008805762152530123, 'nu12': 0.00021415419520363313, 'nu03': 0.000994464736406728}
Centroid: 182, 83
Processing contour#16: area: 36.5 centroid: 182, 83 rectangle: (179, 80, 8, 8)
@find_dayJSON_match_for_contour: x: 179, y: 80, w: 8, h: 8, area: 36.5
Matched with JSON#6: (182, 83, 6, 146.0, 42.3848, 0.205624)
Match with input JSON(nodules) ID: 6
Matched contour: {'x': 182, 'y': 83, 'd': 6, 'a': 146.0, 'p': 42.3848, 'e': 0.205624, 'id': 6, 'tq': 100}
JSON_entry: 6
WARNING: match is empty
entry_id:20230501_31, entry saved to results list
created dirs at nodule_detection_path: output/crop1022/nodules-last-detected-on/2023-05-01/31/detection and nodule_images_original_path: output/crop1022/nodules-last-detected-on/2023-05-01/31
Segmented nodule image saved as output/crop1022/nodules-last-detected-on/2023-05-01/31/detection/2023-05-01.jpg
Original nodule image saved as output/crop1022/nodules-last-detected-on/2023-05-01/31/2023-05-01.jpg


@process_contour: max_id: 20230501_32
Moments: {'m00': 25.5, 'm10': 1943.1666666666665, 'm01': 1737.8333333333333, 'm20': 148123.5833333333, 'm11': 132422.04166666666, 'm02': 118490.91666666666, 'm30': 11294904.55, 'm21': 10093848.483333332, 'm12': 9028576.85, 'm03': 8082964.95, 'mu20': 49.203159041382605, 'mu11': -5.401688453159295, 'mu02': 57.007080610026605, 'mu30': 1.4300924185663462, 'mu21': 1.1183312705743447, 'mu12': -4.5265076109444635, 'mu03': 0.15429820492863655, 'nu20': 0.07566806465418317, 'nu11': -0.008307094891440669, 'nu02': 0.08766948190699977, 'nu30': 0.0004355255653896308, 'nu21': 0.0003405806873642967, 'nu12': -0.0013785191508625533, 'nu03': 4.6990538560799956e-05}
Centroid: 76, 68
Processing contour#17: area: 25.5 centroid: 76, 68 rectangle: (73, 65, 7, 7)
@find_dayJSON_match_for_contour: x: 73, y: 65, w: 7, h: 7, area: 25.5
Matched with JSON#5: (75, 67, 5, 91.0, 33.5563, 0.356004)
Match with input JSON(nodules) ID: 5
Matched contour: {'x': 75, 'y': 67, 'd': 5, 'a': 91.0, 'p': 33.5563, 'e': 0.356004, 'id': 5, 'tq': 100}
JSON_entry: 5
Matched with first_id: 5 second_id: 2 name: 20230501_2
entry_id:20230501_2, entry saved to results list
created dirs at nodule_detection_path: output/crop1022/nodules-last-detected-on/2023-05-01/2/detection and nodule_images_original_path: output/crop1022/nodules-last-detected-on/2023-05-01/2
Segmented nodule image saved as output/crop1022/nodules-last-detected-on/2023-05-01/2/detection/2023-05-01.jpg
Original nodule image saved as output/crop1022/nodules-last-detected-on/2023-05-01/2/2023-05-01.jpg


@process_contour: max_id: 20230501_33
Moments: {'m00': 18.0, 'm10': 887.0, 'm01': 968.1666666666666, 'm20': 43733.33333333333, 'm11': 47710.08333333333, 'm02': 52105.5, 'm30': 2157440.5, 'm21': 2352390.3833333333, 'm12': 2567753.75, 'm03': 2805893.1500000004, 'mu20': 23.944444444437977, 'mu11': 0.981481481481751, 'mu02': 30.683641975316277, 'mu30': -0.8395061721093953, 'mu21': 7.233127572026888, 'mu12': 4.918038408936809, 'mu03': -8.072708047460765, 'nu20': 0.07390260630999375, 'nu11': 0.003029263831733799, 'nu02': 0.09470259868924777, 'nu30': -0.0006107206863647266, 'nu21': 0.005261927526098354, 'nu12': 0.0035777554620320126, 'nu03': -0.005872702266356707}
Centroid: 49, 53
Processing contour#18: area: 18.0 centroid: 49, 53 rectangle: (47, 51, 6, 6)
@find_dayJSON_match_for_contour: x: 47, y: 51, w: 6, h: 6, area: 18.0
Matched with JSON#4: (49, 53, 3, 50.0, 24.9706, 0.362323)
Match with input JSON(nodules) ID: 4
Matched contour: {'x': 49, 'y': 53, 'd': 3, 'a': 50.0, 'p': 24.9706, 'e': 0.362323, 'id': 4, 'tq': 100}
JSON_entry: 4
Matched with first_id: 4 second_id: 1 name: 20230517_2
entry_id:20230517_2, entry saved to results list
created dirs at nodule_detection_path: output/crop1022/nodules-last-detected-on/2023-05-17/2/detection and nodule_images_original_path: output/crop1022/nodules-last-detected-on/2023-05-17/2
Segmented nodule image saved as output/crop1022/nodules-last-detected-on/2023-05-17/2/detection/2023-05-01.jpg
Original nodule image saved as output/crop1022/nodules-last-detected-on/2023-05-17/2/2023-05-01.jpg


@process_contour: max_id: 20230501_34
Moments: {'m00': 21.5, 'm10': 1371.1666666666665, 'm01': 1110.3333333333333, 'm20': 87489.91666666666, 'm11': 70817.04166666666, 'm02': 57375.75, 'm30': 5585241.550000001, 'm21': 4518961.066666666, 'm12': 3659696.933333333, 'm03': 2966622.2, 'mu20': 43.496770025842125, 'mu11': 5.318152454783558, 'mu02': 34.34948320413969, 'mu30': 7.129297119565308, 'mu21': 5.022373455851721, 'mu12': -1.9373124612225183, 'mu03': -5.079179937019944, 'nu20': 0.09409793407429339, 'nu11': 0.011504926889742688, 'nu02': 0.07430932007385545, 'nu30': 0.00332621689299735, 'nu21': 0.0023432188547661556, 'nu12': -0.0009038649010500935, 'nu03': -0.0023697222637452725}
Centroid: 63, 51
Processing contour#19: area: 21.5 centroid: 63, 51 rectangle: (61, 49, 7, 6)
@find_dayJSON_match_for_contour: x: 61, y: 49, w: 7, h: 6, area: 21.5
Matched with JSON#3: (63, 51, 4, 78.0, 31.1421, 0.528659)
Match with input JSON(nodules) ID: 3
Matched contour: {'x': 63, 'y': 51, 'd': 4, 'a': 78.0, 'p': 31.1421, 'e': 0.528659, 'id': 3, 'tq': 100}
JSON_entry: 3
Matched with first_id: 3 second_id: 0 name: 20230501_0
entry_id:20230501_0, entry saved to results list
created dirs at nodule_detection_path: output/crop1022/nodules-last-detected-on/2023-05-01/0/detection and nodule_images_original_path: output/crop1022/nodules-last-detected-on/2023-05-01/0
Segmented nodule image saved as output/crop1022/nodules-last-detected-on/2023-05-01/0/detection/2023-05-01.jpg
Original nodule image saved as output/crop1022/nodules-last-detected-on/2023-05-01/0/2023-05-01.jpg


@process_contour: max_id: 20230501_35
Moments: {'m00': 6.5, 'm10': 268.16666666666663, 'm01': 327.16666666666663, 'm20': 11066.75, 'm11': 13497.708333333332, 'm02': 16471.416666666664, 'm30': 456835.05000000005, 'm21': 557024.6833333333, 'm12': 679550.0166666666, 'm03': 829467.55, 'mu20': 3.155982905984274, 'mu11': -0.01388888888686779, 'mu02': 4.027777777777374, 'mu30': 0.2627438088529743, 'mu21': -0.5873219374382757, 'mu12': -0.10868945873917824, 'mu03': 0.7814814817393199, 'nu20': 0.07469782025998283, 'nu11': -0.0003287310979140306, 'nu02': 0.09533201840893193, 'nu30': 0.0024392094827801712, 'nu21': -0.005452464305432661, 'nu12': -0.0010090298971923673, 'nu03': 0.007254964633409551}
Centroid: 41, 50
Processing contour#20: area: 6.5 centroid: 41, 50 rectangle: (40, 49, 4, 4)
@find_dayJSON_match_for_contour: x: 40, y: 49, w: 4, h: 4, area: 6.5
Matched with JSON#2: (41, 50, 3, 35.0, 19.0711, 0.48626)
Match with input JSON(nodules) ID: 2
Matched contour: {'x': 41, 'y': 50, 'd': 3, 'a': 35.0, 'p': 19.0711, 'e': 0.48626, 'id': 2, 'tq': 100}
JSON_entry: 2
WARNING: match is empty
entry_id:20230501_35, entry saved to results list
created dirs at nodule_detection_path: output/crop1022/nodules-last-detected-on/2023-05-01/35/detection and nodule_images_original_path: output/crop1022/nodules-last-detected-on/2023-05-01/35
Segmented nodule image saved as output/crop1022/nodules-last-detected-on/2023-05-01/35/detection/2023-05-01.jpg
Original nodule image saved as output/crop1022/nodules-last-detected-on/2023-05-01/35/2023-05-01.jpg


@process_contour: max_id: 20230501_36
Moments: {'m00': 9.0, 'm10': 1277.5, 'm01': 369.5, 'm20': 181341.0, 'm11': 52449.58333333333, 'm02': 15177.0, 'm30': 25742325.75, 'm21': 7445370.166666667, 'm12': 2154382.8333333335, 'm03': 623673.75, 'mu20': 6.972222222248092, 'mu11': 1.1111111111167702, 'mu02': 6.972222222224445, 'mu30': -1.0864197574555874, 'mu21': -0.765432099953955, 'mu12': 0.7654320988868903, 'mu03': 1.0864197530318052, 'nu20': 0.08607681755861842, 'nu11': 0.013717421124898396, 'nu02': 0.08607681755832648, 'nu30': -0.004470863199405709, 'nu21': -0.0031499263372590735, 'nu12': 0.0031499263328678613, 'nu03': 0.004470863181200844}
Centroid: 141, 41
Processing contour#21: area: 9.0 centroid: 141, 41 rectangle: (140, 39, 5, 5)
@find_dayJSON_match_for_contour: x: 140, y: 39, w: 5, h: 5, area: 9.0
Matched with JSON#1: (142, 41, 3, 29.0, 18.4853, 0.721127)
Match with input JSON(nodules) ID: 1
Matched contour: {'x': 142, 'y': 41, 'd': 3, 'a': 29.0, 'p': 18.4853, 'e': 0.721127, 'id': 1, 'tq': 100}
JSON_entry: 1
WARNING: match is empty
entry_id:20230501_36, entry saved to results list
created dirs at nodule_detection_path: output/crop1022/nodules-last-detected-on/2023-05-01/36/detection and nodule_images_original_path: output/crop1022/nodules-last-detected-on/2023-05-01/36
Segmented nodule image saved as output/crop1022/nodules-last-detected-on/2023-05-01/36/detection/2023-05-01.jpg
Original nodule image saved as output/crop1022/nodules-last-detected-on/2023-05-01/36/2023-05-01.jpg


@process_contour: max_id: 20230501_37
Moments: {'m00': 1.5, 'm10': 144.83333333333331, 'm01': 49.83333333333333, 'm20': 13984.583333333332, 'm11': 4811.625, 'm02': 1655.9166666666665, 'm30': 1350312.4500000002, 'm21': 464587.31666666665, 'm12': 159883.98333333334, 'm03': 55035.950000000004, 'mu20': 0.12037037037225673, 'mu11': -0.06018518518339988, 'mu02': 0.3425925925930642, 'mu30': -0.007818929851055145, 'mu21': 0.0039094647193764764, 'mu12': 0.028600822990085817, 'mu03': -0.04485596708400408, 'nu20': 0.05349794238766965, 'nu11': -0.026748971192622168, 'nu02': 0.1522633744858063, 'nu30': -0.0028373908844001156, 'nu21': 0.0014186953673904288, 'nu12': 0.010378877414721854, 'nu03': -0.01627766389257598}
Centroid: 96, 33
Processing contour#22: area: 1.5 centroid: 96, 33 rectangle: (96, 32, 2, 3)
@find_dayJSON_match_for_contour: x: 96, y: 32, w: 2, h: 3, area: 1.5
Matched with JSON#0: (96, 33, 1, 6.0, 5.2071, 0.738294)
Match with input JSON(nodules) ID: 0
Matched contour: {'x': 96, 'y': 33, 'd': 1, 'a': 6.0, 'p': 5.2071, 'e': 0.738294, 'id': 0, 'tq': 100}
JSON_entry: 0
WARNING: match is empty
entry_id:20230501_37, entry saved to results list
created dirs at nodule_detection_path: output/crop1022/nodules-last-detected-on/2023-05-01/37/detection and nodule_images_original_path: output/crop1022/nodules-last-detected-on/2023-05-01/37
Segmented nodule image saved as output/crop1022/nodules-last-detected-on/2023-05-01/37/detection/2023-05-01.jpg
Original nodule image saved as output/crop1022/nodules-last-detected-on/2023-05-01/37/2023-05-01.jpg


Done analyzing contours, found 22 nodules.


results_entry: {'date': '20230501', 'json': 'output/crop1022/20230501/20230501.json', 'log': 'output/crop1022/20230501/crop1022_20230501.log', 'image': 'data/crop1022/20230501.jpg', 'plot': 'output/crop1022/plots/20230426_20230501.png', 'match_stats': {'i_dict': {0: 13, 1: 1, 4: 1, 7: 1}, 'average_tracking_quality': 53.5, 'distance_threshold': 20, 'lengths': {'matching': 16, 'unmatched_current': 6, 'unmatched_previous': 0}, 'averages': {'tq': -298.8125, 'i': 0.75, 'dx': -24.625, 'dy': -78.4375, 'dd': 0.0625, 'da': 6.0, 'dp': -0.3162, 'de': -0.075}}}
