Current memory usage: 4880.44921875 MB
@analyze_image: file_name: data/crop1009/20230426.jpg, output_dir: output/crop1009, external_logger: <Logger data_crop1009.log (DEBUG)>
Loaded image & JSON file: data/crop1009/20230426.jpg
Scaled JSON data: scalar_position: 0.5, scalar_size: 0.5

@find_prev_next_date: image_output_dir: output/crop1009/20230426
data_dir: data/crop1009
Previous date file: data/crop1009/20230424.jpg, Next date file: data/crop1009/20230501.json


Loaded prev_results from JSON file: 20230424, length: 13
Scaled JSON data: scalar_position: 0.5, scalar_size: 0.5
Loaded next_results from JSON file: 20230501, length: 15
Scaled JSON data: scalar_position: 0.5, scalar_size: 0.5
prev_results is not empty, generating matching
Current memory usage: 4881.671875 MB
current_date:20230426, generating Matching: 20230424_20230426_matching.json
spatial_distances: (8, 13), attribute_distances: (8, 13)
combined_distances: (8, 13)
Current memory usage: 4881.67578125 MB

@find_matching: combined_distances: (8, 13), next_matching: [{'id': '20230501_0', 'p': {'id': 0, 'tq': 31.0, 'dx': -4, 'dy': 0, 'dd': 2, 'da': 36.0, 'dp': 7.41, 'de': 0.03}, 'c': {'id': 0}, 'n': {}, 'i': 0}, {'id': '20230501_1', 'p': {'id': 1, 'tq': 46.0, 'dx': 1, 'dy': 8, 'dd': 1, 'da': 17.0, 'dp': 2.83, 'de': 0.04}, 'c': {'id': 2}, 'n': {}, 'i': 0}, {'id': '20230501_2', 'p': {'id': 2, 'tq': 28.0, 'dx': 2, 'dy': 8, 'dd': 1, 'da': 28.0, 'dp': 5.17, 'de': -0.13}, 'c': {'id': 3}, 'n': {}, 'i': 0}, {'id': '20230501_3', 'p': {'id': 3, 'tq': 36.0, 'dx': 1, 'dy': 9, 'dd': 1, 'da': 20.0, 'dp': 8.24, 'de': -0.03}, 'c': {'id': 6}, 'n': {}, 'i': 0}, {'id': '20230501_4', 'p': {'id': 4, 'tq': -44.0, 'dx': -2, 'dy': 4, 'dd': 2, 'da': 85.0, 'dp': 6.83, 'de': -0.01}, 'c': {'id': 8}, 'n': {}, 'i': 0}, {'id': '20230501_5', 'p': {'id': 5, 'tq': -183.0, 'dx': -4, 'dy': -45, 'dd': -2, 'da': -82.0, 'dp': -13.9, 'de': 0.27}, 'c': {'id': 10}, 'n': {}, 'i': 0}, {'id': '20230503_3', 'p': {'id': 7, 'tq': -407.0, 'dx': 2, 'dy': -94, 'dd': -4, 'da': -109.0, 'dp': -45.83, 'de': -0.48}, 'c': {'id': 13}, 'n': {'id': 3, 'dx': 1, 'dy': 2, 'dd': 1, 'da': 24.0, 'dp': 11.66, 'de': 0.37}, 'i': 1}, {'id': '20230501_7', 'p': {'id': 6, 'tq': -257.0, 'dx': 35, 'dy': -22, 'dd': -1, 'da': -120.0, 'dp': -74.48, 'de': -0.09}, 'c': {'id': 14}, 'n': {}, 'i': 0}], current_date_string: 20230426, distance_threshold: 20
matched entry: {'id': '20230501_0', 'p': {'id': 0, 'tq': 31.0, 'dx': -4, 'dy': 0, 'dd': 2, 'da': 36.0, 'dp': 7.41, 'de': 0.03}, 'c': {'id': 0}, 'n': {}, 'i': 0}, len(matching): 0
matched entry: {'id': '20230501_1', 'p': {'id': 1, 'tq': 46.0, 'dx': 1, 'dy': 8, 'dd': 1, 'da': 17.0, 'dp': 2.83, 'de': 0.04}, 'c': {'id': 2}, 'n': {}, 'i': 0}, len(matching): 1
matched entry: {'id': '20230501_2', 'p': {'id': 2, 'tq': 28.0, 'dx': 2, 'dy': 8, 'dd': 1, 'da': 28.0, 'dp': 5.17, 'de': -0.13}, 'c': {'id': 3}, 'n': {}, 'i': 0}, len(matching): 2
matched entry: {'id': '20230501_3', 'p': {'id': 3, 'tq': 36.0, 'dx': 1, 'dy': 9, 'dd': 1, 'da': 20.0, 'dp': 8.24, 'de': -0.03}, 'c': {'id': 6}, 'n': {}, 'i': 0}, len(matching): 3
tq < 0
tq < 0
tq < 0
tq < 0
i_dict: {0: 4, 1: 4}
tq_average: -236.5, dx_average: -28.375, dy_average: 7.75, dd_average: 0.625, da_average: 35.75, dp_average: 14.66, de_average: 0.0387
average_tracking_quality: 30.0
@find_matching:
Returning:
Matching(lenght=8): [{'id': '20230501_0', 'p': {'id': 0, 'tq': 31.0, 'dx': 5, 'dy': -2, 'dd': -1, 'da': -33.0, 'dp': -4.83, 'de': 0.04}, 'c': {'id': 0}, 'n': {'id': 0, 'dx': -4, 'dy': 0, 'dd': 2, 'da': 36.0, 'dp': 7.41, 'de': 0.03}, 'i': 1}, {'id': '20230501_1', 'p': {'id': 3, 'tq': -311.0, 'dx': -55, 'dy': -91, 'dd': 0, 'da': 26.0, 'dp': 2.59, 'de': 0.06}, 'c': {'id': 1}, 'n': {'id': 2, 'dx': 1, 'dy': 8, 'dd': 1, 'da': 17.0, 'dp': 2.83, 'de': 0.04}, 'i': 1}, {'id': '20230501_2', 'p': {'id': 4, 'tq': 29.0, 'dx': 0, 'dy': -4, 'dd': -1, 'da': -37.0, 'dp': -8.83, 'de': 0.1}, 'c': {'id': 2}, 'n': {'id': 3, 'dx': 2, 'dy': 8, 'dd': 1, 'da': 28.0, 'dp': 5.17, 'de': -0.13}, 'i': 1}, {'id': '20230501_3', 'p': {'id': 7, 'tq': -128.0, 'dx': -31, 'dy': -48, 'dd': -1, 'da': -17.0, 'dp': -7.83, 'de': 0.13}, 'c': {'id': 3}, 'n': {'id': 6, 'dx': 1, 'dy': 9, 'dd': 1, 'da': 20.0, 'dp': 8.24, 'de': -0.03}, 'i': 1}, {'id': '20230426_4', 'p': {'id': 8, 'tq': -63.0, 'dx': 0, 'dy': 0, 'dd': -2, 'da': -108.0, 'dp': -9.41, 'de': 0.05}, 'c': {'id': 4}, 'n': {}, 'i': 0}, {'id': '20230426_5', 'p': {'id': 9, 'tq': -917.0, 'dx': -70, 'dy': 207, 'dd': 5, 'da': 164.0, 'dp': 36.04, 'de': -0.16}, 'c': {'id': 5}, 'n': {}, 'i': 0}, {'id': '20230426_6', 'p': {'id': 12, 'tq': -478.0, 'dx': -46, 'dy': 0, 'dd': 4, 'da': 262.0, 'dp': 92.76, 'de': 0.02}, 'c': {'id': 6}, 'n': {}, 'i': 0}, {'id': '20230426_7', 'p': {'id': 11, 'tq': -55.0, 'dx': -30, 'dy': 0, 'dd': 1, 'da': 29.0, 'dp': 16.79, 'de': 0.07}, 'c': {'id': 7}, 'n': {}, 'i': 0}]
Unmatched current(length=0): set()
Unmatched previous(length=5): {1, 2, 5, 6, 10}
Distance threshold: 20



@plot_data: normalized_points: (8, 2), normalized_prev_points: (13, 2), current_points: (8, 2), prev_points: (13, 2), current_data: 8, prev_data: 13, matching: 8, unmatched_current: 0, unmatched_prev: 5, combined_distances: (8, 13), distance_threshold: 20, current_date_string: 20230426, previous_date_string: 20230424, filename: output/crop1009/plots/20230424_20230426.png
Plots created
Plotted the normalized points
Drawing lines between the matched points
Plotting the unmatched points
Plotted the original points with diameter as size
Drawing lines between the matched points and add the indices to the plots with color coding
Setting the titles and labels
Done plotting

@process_image: output_dir: output/crop1009/20230426, image_name: 20230426, date_string: 20230426
len(json_data) = 8 json_data entries
len(matching) = 8 matching entries, setting max_id_i to 8
crop_dir: output/crop1009
nodules_dir: output/crop1009/nodules-last-detected-on
Split image into left and right images: (705, 300, 3), (705, 300, 3)
Converted right image to HSV: (705, 300, 3)
Created mask to detect nodules: (705, 300)

Found 9 contours in mask, processing each contour...

@process_contour: max_id: 20230426_8
Moments: {'m00': 6.0, 'm10': 1598.0, 'm01': 4221.333333333333, 'm20': 425625.0, 'm11': 1124281.3333333333, 'm02': 2969943.0, 'm30': 113371071.0, 'm21': 299450598.26666665, 'm12': 790994193.6666666, 'm03': 2089520574.8000002, 'mu20': 24.33333333337214, 'mu11': -0.44444444426335394, 'mu02': 0.48148148227483034, 'mu30': -15.555555567145348, 'mu21': 1.6740739955603203, 'mu12': 0.049382573924958706, 'mu03': -0.03127622604370117, 'nu20': 0.6759259259270038, 'nu11': -0.012345679007315386, 'nu02': 0.013374485618745286, 'nu30': -0.17640358243063098, 'nu21': 0.01898438463326415, 'nu12': 0.0005600097606547148, 'nu03': -0.0003546796059583987}
Centroid: 266, 703
Processing contour#1: area: 6.0 centroid: 266, 703 rectangle: (259, 703, 15, 2)
@find_dayJSON_match_for_contour: x: 259, y: 703, w: 15, h: 2, area: 6.0
Matched with JSON#7: (265, 703, 6, 127.0, 60.4853, 0.983794)
Match with input JSON(nodules) ID: 7
Matched contour: {'x': 265, 'y': 703, 'd': 6, 'a': 127.0, 'p': 60.4853, 'e': 0.983794, 'id': 7, 'tq': 100}
JSON_entry: 7
Matched with first_id: 7 second_id: 11 name: 20230426_7
entry_id:20230426_7, entry saved to results list
WARNING: right_nodule_img.shape != (50, 50, 3) != (27, 50, 3)
@process_contour: max_id: 20230426_9
Moments: {'m00': 1.0, 'm10': 213.0, 'm01': 703.5, 'm20': 45369.166666666664, 'm11': 149845.5833333333, 'm02': 494912.3333333333, 'm30': 9663703.5, 'm21': 31917244.25, 'm12': 105416444.25, 'm03': 348170943.75, 'mu20': 0.16666666666424135, 'mu11': 0.08333333331393078, 'mu02': 0.08333333331393078, 'mu30': 1.862645149230957e-09, 'mu21': 9.156792657449841e-09, 'mu12': 3.39350663125515e-08, 'mu03': 5.960464477539063e-08, 'nu20': 0.16666666666424135, 'nu11': 0.08333333331393078, 'nu02': 0.08333333331393078, 'nu30': 1.862645149230957e-09, 'nu21': 9.156792657449841e-09, 'nu12': 3.39350663125515e-08, 'nu03': 5.960464477539063e-08}
Centroid: 213, 703
Processing contour#2: area: 1.0 centroid: 213, 703 rectangle: (212, 703, 4, 2)
@find_dayJSON_match_for_contour: x: 212, y: 703, w: 4, h: 2, area: 1.0
Closest match: {'x': 87, 'y': 623, 'd': 7, 'a': 183.0, 'p': 50.2843, 'e': 0.463784}
No input JSON(nodules) match, ID:20230426_9 area: 1.0 position: {'x': 212, 'y': 703}
Matched contour: None
JSON_entry: ERROR
WARNING: match is empty
entry_id:20230426_9, entry saved to results list
WARNING: right_nodule_img.shape != (50, 50, 3) != (27, 50, 3)
@process_contour: max_id: 20230426_10
Moments: {'m00': 57.0, 'm10': 13280.5, 'm01': 40072.83333333333, 'm20': 3098147.6666666665, 'm11': 9336615.916666666, 'm02': 28172509.666666664, 'm30': 723661889.25, 'm21': 2178096437.2666664, 'm12': 6563943778.666667, 'm03': 19806207060.55, 'mu20': 3907.6622807015665, 'mu11': -2.7339181266725063, 'mu02': 18.941033143550158, 'mu30': -242.4167433977127, 'mu21': 253.53351782495156, 'mu12': -2.324134839371254, 'mu03': -0.779541015625, 'nu20': 1.2027276948912178, 'nu11': -0.0008414644895883368, 'nu02': 0.005829803983856619, 'nu30': -0.009882696845940422, 'nu21': 0.010335898675274712, 'nu12': -9.474890110586009e-05, 'nu03': -3.177984914911233e-05}
Centroid: 232, 703
Processing contour#3: area: 57.0 centroid: 232, 703 rectangle: (217, 702, 32, 3)
@find_dayJSON_match_for_contour: x: 217, y: 702, w: 32, h: 3, area: 57.0
Matched with JSON#6: (231, 703, 11, 447.0, 161.4914, 0.995577)
Match with input JSON(nodules) ID: 6
Matched contour: {'x': 231, 'y': 703, 'd': 11, 'a': 447.0, 'p': 161.4914, 'e': 0.995577, 'id': 6, 'tq': 100}
JSON_entry: 6
Matched with first_id: 6 second_id: 12 name: 20230426_6
entry_id:20230426_6, entry saved to results list
WARNING: right_nodule_img.shape != (50, 50, 3) != (27, 50, 3)
@process_contour: max_id: 20230426_11
Moments: {'m00': 55.5, 'm10': 4868.333333333333, 'm01': 34626.166666666664, 'm20': 427304.4166666666, 'm11': 3037304.875, 'm02': 21603319.916666664, 'm30': 37528705.2, 'm21': 266588919.1, 'm12': 1894964679.0666666, 'm03': 13478489639.050001, 'mu20': 265.3275775775546, 'mu11': -23.43831331282854, 'mu02': 231.30355355516076, 'mu30': -10.859806045889854, 'mu21': -13.113672464940464, 'mu12': 6.938992806630267, 'mu03': 12.047996520996094, 'nu20': 0.08613832564809824, 'nu11': -0.00760922435283777, 'nu02': 0.07509246118177446, 'nu30': -0.0004732488977290055, 'nu21': -0.0005714679445459435, 'nu12': 0.000302387600958134, 'nu03': 0.0005250278917791755}
Centroid: 87, 623
Processing contour#4: area: 55.5 centroid: 87, 623 rectangle: (83, 620, 10, 9)
@find_dayJSON_match_for_contour: x: 83, y: 620, w: 10, h: 9, area: 55.5
Matched with JSON#5: (87, 623, 7, 183.0, 50.2843, 0.463784)
Match with input JSON(nodules) ID: 5
Matched contour: {'x': 87, 'y': 623, 'd': 7, 'a': 183.0, 'p': 50.2843, 'e': 0.463784, 'id': 5, 'tq': 100}
JSON_entry: 5
Matched with first_id: 5 second_id: 9 name: 20230426_5
entry_id:20230426_5, entry saved to results list
created dirs at nodule_detection_path: output/crop1009/nodules-last-detected-on/2023-04-26/5/detection and nodule_images_original_path: output/crop1009/nodules-last-detected-on/2023-04-26/5
Segmented nodule image saved as output/crop1009/nodules-last-detected-on/2023-04-26/5/detection/2023-04-26.jpg
Original nodule image saved as output/crop1009/nodules-last-detected-on/2023-04-26/5/2023-04-26.jpg


@process_contour: max_id: 20230426_12
Moments: {'m00': 57.5, 'm10': 8290.833333333332, 'm01': 22399.166666666664, 'm20': 1195827.25, 'm11': 3229803.708333333, 'm02': 8725823.583333332, 'm30': 172535465.45000002, 'm21': 465865193.51666665, 'm12': 1258243288.9833333, 'm03': 3399316083.55, 'mu20': 385.2089371983893, 'mu11': 103.57548309210688, 'mu02': 211.9770531412214, 'mu30': -44.66133871674538, 'mu21': -47.02989228174556, 'mu12': 1.426762582414085, 'mu03': 31.972618103027344, 'nu20': 0.11650931937947505, 'nu11': 0.031327178250920795, 'nu02': 0.06411404253798758, 'nu30': -0.0017814027774994124, 'nu21': -0.0018758770592961973, 'nu12': 5.690915006521558e-05, 'nu03': 0.001275288926153611}
Centroid: 144, 389
Processing contour#5: area: 57.5 centroid: 144, 389 rectangle: (139, 386, 11, 9)
@find_dayJSON_match_for_contour: x: 139, y: 386, w: 11, h: 9, area: 57.5
Matched with JSON#4: (144, 389, 8, 233.0, 61.3553, 0.823716)
Match with input JSON(nodules) ID: 4
Matched contour: {'x': 144, 'y': 389, 'd': 8, 'a': 233.0, 'p': 61.3553, 'e': 0.823716, 'id': 4, 'tq': 100}
JSON_entry: 4
Matched with first_id: 4 second_id: 8 name: 20230426_4
entry_id:20230426_4, entry saved to results list
created dirs at nodule_detection_path: output/crop1009/nodules-last-detected-on/2023-04-26/4/detection and nodule_images_original_path: output/crop1009/nodules-last-detected-on/2023-04-26/4
Segmented nodule image saved as output/crop1009/nodules-last-detected-on/2023-04-26/4/detection/2023-04-26.jpg
Original nodule image saved as output/crop1009/nodules-last-detected-on/2023-04-26/4/2023-04-26.jpg


@process_contour: max_id: 20230426_13
Moments: {'m00': 4.0, 'm10': 772.0, 'm01': 1262.0, 'm20': 148997.0, 'm11': 243566.0, 'm02': 398162.6666666666, 'm30': 28756807.0, 'm21': 47008553.5, 'm12': 76845394.66666667, 'm03': 125621373.0, 'mu20': 1.0, 'mu11': 0.0, 'mu02': 1.6666666666278616, 'mu30': 0.0, 'mu21': 0.0, 'mu12': 1.2456439435482025e-08, 'mu03': 2.9802322387695312e-08, 'nu20': 0.0625, 'nu11': 0.0, 'nu02': 0.10416666666424135, 'nu30': 0.0, 'nu21': 0.0, 'nu12': 3.892637323588133e-10, 'nu03': 9.313225746154785e-10}
Centroid: 193, 315
Processing contour#6: area: 4.0 centroid: 193, 315 rectangle: (192, 314, 3, 4)
@find_dayJSON_match_for_contour: x: 192, y: 314, w: 3, h: 4, area: 4.0
Matched with JSON#3: (193, 315, 2, 24.0, 15.0711, 0.584987)
Match with input JSON(nodules) ID: 3
Matched contour: {'x': 193, 'y': 315, 'd': 2, 'a': 24.0, 'p': 15.0711, 'e': 0.584987, 'id': 3, 'tq': 100}
JSON_entry: 3
Matched with first_id: 3 second_id: 7 name: 20230501_3
entry_id:20230501_3, entry saved to results list
created dirs at nodule_detection_path: output/crop1009/nodules-last-detected-on/2023-05-01/3/detection and nodule_images_original_path: output/crop1009/nodules-last-detected-on/2023-05-01/3
Segmented nodule image saved as output/crop1009/nodules-last-detected-on/2023-05-01/3/detection/2023-04-26.jpg
Original nodule image saved as output/crop1009/nodules-last-detected-on/2023-05-01/3/2023-04-26.jpg


@process_contour: max_id: 20230426_14
Moments: {'m00': 13.0, 'm10': 1618.5, 'm01': 2918.5, 'm20': 201525.0, 'm11': 363353.25, 'm02': 655211.6666666666, 'm30': 25095278.25, 'm21': 45242362.5, 'm12': 81573852.5, 'm03': 147098798.25, 'mu20': 21.75, 'mu11': 0.0, 'mu02': 8.416666666627862, 'mu30': 0.0, 'mu21': 0.0, 'mu12': 4.831235855817795e-09, 'mu03': 2.9802322387695312e-08, 'nu20': 0.12869822485207102, 'nu11': 0.0, 'nu02': 0.04980276134099327, 'nu30': 0.0, 'nu21': 0.0, 'nu12': 7.928661175244066e-12, 'nu03': 4.8909331587047726e-11}
Centroid: 124, 224
Processing contour#7: area: 13.0 centroid: 124, 224 rectangle: (122, 223, 6, 4)
@find_dayJSON_match_for_contour: x: 122, y: 223, w: 6, h: 4, area: 13.0
Matched with JSON#2: (124, 224, 4, 71.0, 29.5563, 0.607499)
Match with input JSON(nodules) ID: 2
Matched contour: {'x': 124, 'y': 224, 'd': 4, 'a': 71.0, 'p': 29.5563, 'e': 0.607499, 'id': 2, 'tq': 100}
JSON_entry: 2
Matched with first_id: 2 second_id: 4 name: 20230501_2
entry_id:20230501_2, entry saved to results list
created dirs at nodule_detection_path: output/crop1009/nodules-last-detected-on/2023-05-01/2/detection and nodule_images_original_path: output/crop1009/nodules-last-detected-on/2023-05-01/2
Segmented nodule image saved as output/crop1009/nodules-last-detected-on/2023-05-01/2/detection/2023-04-26.jpg
Original nodule image saved as output/crop1009/nodules-last-detected-on/2023-05-01/2/2023-04-26.jpg


@process_contour: max_id: 20230426_15
Moments: {'m00': 45.5, 'm10': 4633.166666666666, 'm01': 3798.5, 'm20': 471955.5833333333, 'm11': 386759.875, 'm02': 317282.9166666666, 'm30': 48092910.550000004, 'm21': 39393726.71666667, 'm12': 32302683.516666666, 'm03': 26516440.150000002, 'mu20': 170.2347374848323, 'mu11': -33.170787545794155, 'mu02': 170.7793040292454, 'mu30': 24.205611675977707, 'mu21': -29.584813288616715, 'mu12': -11.7565155837583, 'mu03': 32.03283420950174, 'nu20': 0.08222907256844939, 'nu11': -0.016022599949665095, 'nu02': 0.08249211642518799, 'nu30': 0.001733355209678295, 'nu21': -0.0021185579165543685, 'nu12': -0.0008418798833741267, 'nu03': 0.0022938598206507926}
Centroid: 101, 83
Processing contour#8: area: 45.5 centroid: 101, 83 rectangle: (98, 80, 9, 9)
@find_dayJSON_match_for_contour: x: 98, y: 80, w: 9, h: 9, area: 45.5
Matched with JSON#1: (102, 83, 7, 200.0, 51.2132, 0.605893)
Match with input JSON(nodules) ID: 1
Matched contour: {'x': 102, 'y': 83, 'd': 7, 'a': 200.0, 'p': 51.2132, 'e': 0.605893, 'id': 1, 'tq': 100}
JSON_entry: 1
Matched with first_id: 1 second_id: 3 name: 20230501_1
entry_id:20230501_1, entry saved to results list
created dirs at nodule_detection_path: output/crop1009/nodules-last-detected-on/2023-05-01/1/detection and nodule_images_original_path: output/crop1009/nodules-last-detected-on/2023-05-01/1
Segmented nodule image saved as output/crop1009/nodules-last-detected-on/2023-05-01/1/detection/2023-04-26.jpg
Original nodule image saved as output/crop1009/nodules-last-detected-on/2023-05-01/1/2023-04-26.jpg


@process_contour: max_id: 20230426_16
Moments: {'m00': 17.0, 'm10': 2581.1666666666665, 'm01': 559.1666666666666, 'm20': 391929.6666666666, 'm11': 84895.25, 'm02': 18419.333333333332, 'm30': 59514824.650000006, 'm21': 12889935.133333333, 'm12': 2796347.966666667, 'm03': 607626.65, 'mu20': 22.527777777810115, 'mu11': -4.888888888875954, 'mu02': 27.135620915032632, 'mu30': -4.007407397031784, 'mu21': 7.650762524775928, 'mu12': 0.8010893243381361, 'mu03': -10.04950659989845, 'nu20': 0.07795078815851252, 'nu11': -0.016916570549743784, 'nu02': 0.09389488205893645, 'nu30': -0.003363110926693176, 'nu21': 0.006420700591526237, 'nu12': 0.0006722930795442335, 'nu03': -0.008433783268211502}
Centroid: 151, 32
Processing contour#9: area: 17.0 centroid: 151, 32 rectangle: (149, 30, 6, 6)
@find_dayJSON_match_for_contour: x: 149, y: 30, w: 6, h: 6, area: 17.0
Matched with JSON#0: (151, 32, 4, 78.0, 31.5563, 0.627615)
Match with input JSON(nodules) ID: 0
Matched contour: {'x': 151, 'y': 32, 'd': 4, 'a': 78.0, 'p': 31.5563, 'e': 0.627615, 'id': 0, 'tq': 100}
JSON_entry: 0
Matched with first_id: 0 second_id: 0 name: 20230501_0
entry_id:20230501_0, entry saved to results list
created dirs at nodule_detection_path: output/crop1009/nodules-last-detected-on/2023-05-01/0/detection and nodule_images_original_path: output/crop1009/nodules-last-detected-on/2023-05-01/0
Segmented nodule image saved as output/crop1009/nodules-last-detected-on/2023-05-01/0/detection/2023-04-26.jpg
Original nodule image saved as output/crop1009/nodules-last-detected-on/2023-05-01/0/2023-04-26.jpg


Done analyzing contours, found 9 nodules.


results_entry: {'date': '20230426', 'json': 'output/crop1009/20230426/20230426.json', 'log': 'output/crop1009/20230426/crop1009_20230426.log', 'image': 'data/crop1009/20230426.jpg', 'plot': 'output/crop1009/plots/20230424_20230426.png', 'match_stats': {'i_dict': {0: 4, 1: 4}, 'average_tracking_quality': 30.0, 'distance_threshold': 20, 'lengths': {'matching': 8, 'unmatched_current': 0, 'unmatched_previous': 5}, 'averages': {'tq': -236.5, 'i': 0.5, 'dx': -28.375, 'dy': 7.75, 'dd': 0.625, 'da': 35.75, 'dp': 14.66, 'de': 0.0387}}}
