Current memory usage: 2128.3828125 MB
@analyze_image: file_name: data/crop975/20230424.jpg, output_dir: output/crop975, external_logger: <Logger data_crop975.log (DEBUG)>
Loaded image & JSON file: data/crop975/20230424.jpg
Scaled JSON data: scalar_position: 0.5, scalar_size: 0.5

@find_prev_next_date: image_output_dir: output/crop975/20230424
data_dir: data/crop975
Previous date file: None, Next date file: data/crop975/20230426.jpg


Loaded next_results from JSON file: 20230426, length: 11
Scaled JSON data: scalar_position: 0.5, scalar_size: 0.5

@process_image: output_dir: output/crop975/20230424, image_name: 20230424, date_string: 20230424
len(json_data) = 25 json_data entries
len(matching) = 0 matching entries, setting max_id_i to 0
crop_dir: output/crop975
nodules_dir: output/crop975/nodules-last-detected-on
Split image into left and right images: (705, 300, 3), (705, 300, 3)
Converted right image to HSV: (705, 300, 3)
Created mask to detect nodules: (705, 300)

Found 25 contours in mask, processing each contour...

@process_contour: max_id: 20230424_0
Moments: {'m00': 0.0, 'm10': 0.0, 'm01': 0.0, 'm20': 0.0, 'm11': 0.0, 'm02': 0.0, 'm30': 0.0, 'm21': 0.0, 'm12': 0.0, 'm03': 0.0, 'mu20': 0.0, 'mu11': 0.0, 'mu02': 0.0, 'mu30': 0.0, 'mu21': 0.0, 'mu12': 0.0, 'mu03': 0.0, 'nu20': 0.0, 'nu11': 0.0, 'nu02': 0.0, 'nu30': 0.0, 'nu21': 0.0, 'nu12': 0.0, 'nu03': 0.0}
Skipping contour#1 because area is 0.


@process_contour: max_id: 20230424_1
Moments: {'m00': 24.0, 'm10': 2365.333333333333, 'm01': 13783.333333333332, 'm20': 233169.66666666666, 'm11': 1358420.0, 'm02': 7915887.666666666, 'm30': 22990608.6, 'm21': 133909823.86666666, 'm12': 780150018.5333333, 'm03': 4546187383.6, 'mu20': 52.92592592598521, 'mu11': -4.074074073694646, 'mu02': 42.75925926119089, 'mu30': 10.274897113442421, 'mu21': -8.041769615058001, 'mu12': -8.643621672358677, 'mu03': 5.719341278076172, 'nu20': 0.09188528806594655, 'nu11': -0.007073045266830983, 'nu02': 0.07423482510623418, 'nu30': 0.0036412406087282544, 'nu21': -0.0028498599806004053, 'nu12': -0.003063145634684745, 'nu03': 0.002026832725133683}
Centroid: 98, 574
Processing contour#2: area: 24.0 centroid: 98, 574 rectangle: (96, 572, 7, 6)
@find_dayJSON_match_for_contour: x: 96, y: 572, w: 7, h: 6, area: 24.0
Matched with JSON#23: (98, 573, 5, 99.0, 34.1421, 0.440407)
Match with input JSON(nodules) ID: 23
Matched contour: {'x': 98, 'y': 573, 'd': 5, 'a': 99.0, 'p': 34.1421, 'e': 0.440407, 'id': 23, 'tq': 100}
JSON_entry: 23
WARNING: match is empty
entry_id:20230424_1, entry saved to results list
created dirs at nodule_detection_path: output/crop975/nodules-last-detected-on/2023-04-24/1/detection and nodule_images_original_path: output/crop975/nodules-last-detected-on/2023-04-24/1
Segmented nodule image saved as output/crop975/nodules-last-detected-on/2023-04-24/1/detection/2023-04-24.jpg
Original nodule image saved as output/crop975/nodules-last-detected-on/2023-04-24/1/2023-04-24.jpg


@process_contour: max_id: 20230424_2
Moments: {'m00': 3.5, 'm10': 801.1666666666666, 'm01': 1847.6666666666665, 'm20': 183391.91666666666, 'm11': 422939.4583333333, 'm02': 975393.0833333333, 'm30': 41979764.550000004, 'm21': 96813356.1, 'm12': 223271867.93333334, 'm03': 514915763.8, 'mu20': 1.0515873016265687, 'mu11': -0.24007936503039673, 'mu02': 1.0515873017720878, 'mu30': 0.10347694158554077, 'mu21': -0.09255480752153744, 'mu12': -0.09255480378240577, 'mu03': 0.103476881980896, 'nu20': 0.0858438613572709, 'nu11': -0.019598315512685444, 'nu02': 0.08584386136915002, 'nu30': 0.004515163415094043, 'nu21': -0.0040385816821504475, 'nu12': -0.00403858151899535, 'nu03': 0.004515160814275858}
Centroid: 228, 527
Processing contour#3: area: 3.5 centroid: 228, 527 rectangle: (228, 527, 3, 3)
@find_dayJSON_match_for_contour: x: 228, y: 527, w: 3, h: 3, area: 3.5
Matched with JSON#22: (229, 527, 2, 16.0, 12.6569, 0.16855)
Match with input JSON(nodules) ID: 22
Matched contour: {'x': 229, 'y': 527, 'd': 2, 'a': 16.0, 'p': 12.6569, 'e': 0.16855, 'id': 22, 'tq': 100}
JSON_entry: 22
WARNING: match is empty
entry_id:20230424_2, entry saved to results list
created dirs at nodule_detection_path: output/crop975/nodules-last-detected-on/2023-04-24/2/detection and nodule_images_original_path: output/crop975/nodules-last-detected-on/2023-04-24/2
Segmented nodule image saved as output/crop975/nodules-last-detected-on/2023-04-24/2/detection/2023-04-24.jpg
Original nodule image saved as output/crop975/nodules-last-detected-on/2023-04-24/2/2023-04-24.jpg


@process_contour: max_id: 20230424_3
Moments: {'m00': 35.0, 'm10': 2988.0, 'm01': 18043.666666666664, 'm20': 255197.8333333333, 'm11': 1540424.5, 'm02': 9302207.166666666, 'm30': 21805065.0, 'm21': 131564836.13333333, 'm12': 794153937.8333334, 'm03': 4795696394.900001, 'mu20': 108.00476190476911, 'mu11': 10.900000000139698, 'mu02': 95.54444444552064, 'mu30': 20.35836734995246, 'mu21': -14.641587297155638, 'mu12': -15.479047745891876, 'mu03': 14.219259262084961, 'nu20': 0.08816715257532172, 'nu11': 0.008897959183787508, 'nu02': 0.07799546485348623, 'nu30': 0.0028091364547164787, 'nu21': -0.002020310171456341, 'nu12': -0.0021358666222998156, 'nu03': 0.001962035504398199}
Centroid: 85, 515
Processing contour#4: area: 35.0 centroid: 85, 515 rectangle: (82, 512, 8, 8)
@find_dayJSON_match_for_contour: x: 82, y: 512, w: 8, h: 8, area: 35.0
Matched with JSON#21: (85, 515, 6, 132.0, 39.799, 0.443984)
Match with input JSON(nodules) ID: 21
Matched contour: {'x': 85, 'y': 515, 'd': 6, 'a': 132.0, 'p': 39.799, 'e': 0.443984, 'id': 21, 'tq': 100}
JSON_entry: 21
WARNING: match is empty
entry_id:20230424_3, entry saved to results list
created dirs at nodule_detection_path: output/crop975/nodules-last-detected-on/2023-04-24/3/detection and nodule_images_original_path: output/crop975/nodules-last-detected-on/2023-04-24/3
Segmented nodule image saved as output/crop975/nodules-last-detected-on/2023-04-24/3/detection/2023-04-24.jpg
Original nodule image saved as output/crop975/nodules-last-detected-on/2023-04-24/3/2023-04-24.jpg


@process_contour: max_id: 20230424_4
Moments: {'m00': 12.0, 'm10': 1362.0, 'm01': 6144.0, 'm20': 154596.0, 'm11': 697344.0, 'm02': 3145744.0, 'm30': 17548689.0, 'm21': 79153152.0, 'm12': 357041944.0, 'm03': 1610637312.0, 'mu20': 9.0, 'mu11': 0.0, 'mu02': 16.0, 'mu30': 0.0, 'mu21': 0.0, 'mu12': 0.0, 'mu03': 0.0, 'nu20': 0.0625, 'nu11': 0.0, 'nu02': 0.1111111111111111, 'nu30': 0.0, 'nu21': 0.0, 'nu12': 0.0, 'nu03': 0.0}
Centroid: 113, 512
Processing contour#5: area: 12.0 centroid: 113, 512 rectangle: (112, 510, 4, 5)
@find_dayJSON_match_for_contour: x: 112, y: 510, w: 4, h: 5, area: 12.0
Matched with JSON#20: (113, 512, 4, 54.0, 25.3137, 0.397608)
Match with input JSON(nodules) ID: 20
Matched contour: {'x': 113, 'y': 512, 'd': 4, 'a': 54.0, 'p': 25.3137, 'e': 0.397608, 'id': 20, 'tq': 100}
JSON_entry: 20
WARNING: match is empty
entry_id:20230424_4, entry saved to results list
created dirs at nodule_detection_path: output/crop975/nodules-last-detected-on/2023-04-24/4/detection and nodule_images_original_path: output/crop975/nodules-last-detected-on/2023-04-24/4
Segmented nodule image saved as output/crop975/nodules-last-detected-on/2023-04-24/4/detection/2023-04-24.jpg
Original nodule image saved as output/crop975/nodules-last-detected-on/2023-04-24/4/2023-04-24.jpg


@process_contour: max_id: 20230424_5
Moments: {'m00': 9.5, 'm10': 2428.333333333333, 'm01': 4685.833333333333, 'm20': 620722.4166666666, 'm11': 1197764.7916666665, 'm02': 2311275.583333333, 'm30': 158668599.20000002, 'm21': 306168622.73333335, 'm12': 590794504.7333333, 'm03': 1140035267.95, 'mu20': 6.33479532180354, 'mu11': 0.025584795512259007, 'mu02': 8.843567251693457, 'mu30': -0.918754518032074, 'mu21': 0.0995742180225534, 'mu12': 1.4386016776984434, 'mu03': -0.4570739269256592, 'nu20': 0.07019163791472065, 'nu11': 0.00028348803891699726, 'nu02': 0.09798966483870865, 'nu30': -0.003302862350924583, 'nu21': 0.0003579627956920332, 'nu12': 0.005171678860882896, 'nu03': -0.001643150847372825}
Centroid: 255, 493
Processing contour#6: area: 9.5 centroid: 255, 493 rectangle: (254, 491, 4, 5)
@find_dayJSON_match_for_contour: x: 254, y: 491, w: 4, h: 5, area: 9.5
Matched with JSON#19: (255, 493, 3, 45.0, 21.8995, 0.43758)
Match with input JSON(nodules) ID: 19
Matched contour: {'x': 255, 'y': 493, 'd': 3, 'a': 45.0, 'p': 21.8995, 'e': 0.43758, 'id': 19, 'tq': 100}
JSON_entry: 19
WARNING: match is empty
entry_id:20230424_5, entry saved to results list
created dirs at nodule_detection_path: output/crop975/nodules-last-detected-on/2023-04-24/5/detection and nodule_images_original_path: output/crop975/nodules-last-detected-on/2023-04-24/5
Segmented nodule image saved as output/crop975/nodules-last-detected-on/2023-04-24/5/detection/2023-04-24.jpg
Original nodule image saved as output/crop975/nodules-last-detected-on/2023-04-24/5/2023-04-24.jpg


@process_contour: max_id: 20230424_6
Moments: {'m00': 21.5, 'm10': 1901.6666666666665, 'm01': 9735.5, 'm20': 168241.75, 'm11': 861102.7916666666, 'm02': 4408406.583333333, 'm30': 14888006.8, 'm21': 76182502.86666666, 'm12': 389923293.1, 'm03': 1996220916.8500001, 'mu20': 40.07041343671153, 'mu11': 1.590116279083304, 'mu02': 36.339147286489606, 'mu30': 0.7974060028791428, 'mu21': 9.6170272053605, 'mu12': -0.5647887070335855, 'mu03': -6.479231357574463, 'nu20': 0.08668558883009525, 'nu11': 0.0034399486837929775, 'nu02': 0.0786136231184199, 'nu30': 0.0003720346161580398, 'nu21': 0.004486882481457808, 'nu12': -0.0002635056032597765, 'nu03': -0.0030229247615529836}
Centroid: 88, 452
Processing contour#7: area: 21.5 centroid: 88, 452 rectangle: (86, 450, 6, 6)
@find_dayJSON_match_for_contour: x: 86, y: 450, w: 6, h: 6, area: 21.5
Matched with JSON#18: (88, 452, 5, 82.0, 31.6569, 0.673545)
Match with input JSON(nodules) ID: 18
Matched contour: {'x': 88, 'y': 452, 'd': 5, 'a': 82.0, 'p': 31.6569, 'e': 0.673545, 'id': 18, 'tq': 100}
JSON_entry: 18
WARNING: match is empty
entry_id:20230424_6, entry saved to results list
created dirs at nodule_detection_path: output/crop975/nodules-last-detected-on/2023-04-24/6/detection and nodule_images_original_path: output/crop975/nodules-last-detected-on/2023-04-24/6
Segmented nodule image saved as output/crop975/nodules-last-detected-on/2023-04-24/6/detection/2023-04-24.jpg
Original nodule image saved as output/crop975/nodules-last-detected-on/2023-04-24/6/2023-04-24.jpg


@process_contour: max_id: 20230424_7
Moments: {'m00': 35.0, 'm10': 9150.5, 'm01': 15731.166666666666, 'm20': 2392428.333333333, 'm11': 4112806.0, 'm02': 7070666.666666666, 'm30': 625533226.25, 'm21': 1075307932.6333332, 'm12': 1848579640.5, 'm03': 3178091069.65, 'mu20': 95.46904761902988, 'mu11': 4.840476190671325, 'mu02': 106.53253968246281, 'mu30': 7.872653245925903, 'mu21': 5.911133715606411, 'mu12': -5.957392348693247, 'mu03': -2.922916889190674, 'nu20': 0.07793391642369785, 'nu11': 0.003951409135241897, 'nu02': 0.08696533851629616, 'nu30': 0.0010863030835586193, 'nu21': 0.0008156440506145212, 'nu12': -0.0008220270188710543, 'nu03': -0.0004033168400191572}
Centroid: 261, 449
Processing contour#8: area: 35.0 centroid: 261, 449 rectangle: (258, 446, 8, 8)
@find_dayJSON_match_for_contour: x: 258, y: 446, w: 8, h: 8, area: 35.0
Matched with JSON#17: (261, 449, 6, 118.0, 38.3848, 0.432705)
Match with input JSON(nodules) ID: 17
Matched contour: {'x': 261, 'y': 449, 'd': 6, 'a': 118.0, 'p': 38.3848, 'e': 0.432705, 'id': 17, 'tq': 100}
JSON_entry: 17
WARNING: match is empty
entry_id:20230424_7, entry saved to results list
created dirs at nodule_detection_path: output/crop975/nodules-last-detected-on/2023-04-24/7/detection and nodule_images_original_path: output/crop975/nodules-last-detected-on/2023-04-24/7
Segmented nodule image saved as output/crop975/nodules-last-detected-on/2023-04-24/7/detection/2023-04-24.jpg
Original nodule image saved as output/crop975/nodules-last-detected-on/2023-04-24/7/2023-04-24.jpg


@process_contour: max_id: 20230424_8
Moments: {'m00': 8.5, 'm10': 929.1666666666666, 'm01': 3791.833333333333, 'm20': 101576.41666666666, 'm11': 414498.625, 'm02': 1691536.4166666665, 'm30': 11104954.55, 'm21': 45312864.983333334, 'm12': 184907429.01666665, 'm03': 754597325.95, 'mu20': 5.7467320261348505, 'mu11': -0.803104575141333, 'mu02': 7.001633987063542, 'mu30': 1.6288478821516037, 'mu21': 0.25848392135640097, 'mu12': -1.9647507527614607, 'mu03': 0.38268613815307617, 'nu20': 0.0795395436143232, 'nu11': -0.01111563425801153, 'nu02': 0.09690842888669263, 'nu30': 0.00773273653152587, 'nu21': 0.0012271176967393854, 'nu12': -0.009327390290830996, 'nu03': 0.0018167510379765604}
Centroid: 109, 446
Processing contour#9: area: 8.5 centroid: 109, 446 rectangle: (108, 444, 4, 5)
@find_dayJSON_match_for_contour: x: 108, y: 444, w: 4, h: 5, area: 8.5
Matched with JSON#16: (109, 446, 3, 44.0, 22.4853, 0.497621)
Match with input JSON(nodules) ID: 16
Matched contour: {'x': 109, 'y': 446, 'd': 3, 'a': 44.0, 'p': 22.4853, 'e': 0.497621, 'id': 16, 'tq': 100}
JSON_entry: 16
WARNING: match is empty
entry_id:20230424_8, entry saved to results list
created dirs at nodule_detection_path: output/crop975/nodules-last-detected-on/2023-04-24/8/detection and nodule_images_original_path: output/crop975/nodules-last-detected-on/2023-04-24/8
Segmented nodule image saved as output/crop975/nodules-last-detected-on/2023-04-24/8/detection/2023-04-24.jpg
Original nodule image saved as output/crop975/nodules-last-detected-on/2023-04-24/8/2023-04-24.jpg


@process_contour: max_id: 20230424_9
Moments: {'m00': 6.0, 'm10': 1149.0, 'm01': 2592.0, 'm20': 220038.0, 'm11': 496368.0, 'm02': 1119746.0, 'm30': 42139000.5, 'm21': 95056416.0, 'm12': 214431359.0, 'm03': 483732000.0, 'mu20': 4.5, 'mu11': 0.0, 'mu02': 2.0, 'mu30': 0.0, 'mu21': 0.0, 'mu12': 0.0, 'mu03': 0.0, 'nu20': 0.125, 'nu11': 0.0, 'nu02': 0.05555555555555555, 'nu30': 0.0, 'nu21': 0.0, 'nu12': 0.0, 'nu03': 0.0}
Centroid: 191, 432
Processing contour#10: area: 6.0 centroid: 191, 432 rectangle: (190, 431, 4, 3)
@find_dayJSON_match_for_contour: x: 190, y: 431, w: 4, h: 3, area: 6.0
Matched with JSON#15: (191, 432, 3, 35.0, 21.3137, 0.543056)
Match with input JSON(nodules) ID: 15
Matched contour: {'x': 191, 'y': 432, 'd': 3, 'a': 35.0, 'p': 21.3137, 'e': 0.543056, 'id': 15, 'tq': 100}
JSON_entry: 15
WARNING: match is empty
entry_id:20230424_9, entry saved to results list
created dirs at nodule_detection_path: output/crop975/nodules-last-detected-on/2023-04-24/9/detection and nodule_images_original_path: output/crop975/nodules-last-detected-on/2023-04-24/9
Segmented nodule image saved as output/crop975/nodules-last-detected-on/2023-04-24/9/detection/2023-04-24.jpg
Original nodule image saved as output/crop975/nodules-last-detected-on/2023-04-24/9/2023-04-24.jpg


@process_contour: max_id: 20230424_10
Moments: {'m00': 12.0, 'm10': 3024.0, 'm01': 5106.0, 'm20': 762064.0, 'm11': 1286712.0, 'm02': 2172612.0, 'm30': 192048192.0, 'm21': 324258232.0, 'm12': 547498224.0, 'm03': 924454065.0, 'mu20': 16.0, 'mu11': 0.0, 'mu02': 9.0, 'mu30': 0.0, 'mu21': 0.0, 'mu12': 0.0, 'mu03': 0.0, 'nu20': 0.1111111111111111, 'nu11': 0.0, 'nu02': 0.0625, 'nu30': 0.0, 'nu21': 0.0, 'nu12': 0.0, 'nu03': 0.0}
Centroid: 252, 425
Processing contour#11: area: 12.0 centroid: 252, 425 rectangle: (250, 424, 5, 4)
@find_dayJSON_match_for_contour: x: 250, y: 424, w: 5, h: 4, area: 12.0
Matched with JSON#14: (251, 425, 4, 67.0, 29.5563, 0.348944)
Match with input JSON(nodules) ID: 14
Matched contour: {'x': 251, 'y': 425, 'd': 4, 'a': 67.0, 'p': 29.5563, 'e': 0.348944, 'id': 14, 'tq': 100}
JSON_entry: 14
WARNING: match is empty
entry_id:20230424_10, entry saved to results list
created dirs at nodule_detection_path: output/crop975/nodules-last-detected-on/2023-04-24/10/detection and nodule_images_original_path: output/crop975/nodules-last-detected-on/2023-04-24/10
Segmented nodule image saved as output/crop975/nodules-last-detected-on/2023-04-24/10/detection/2023-04-24.jpg
Original nodule image saved as output/crop975/nodules-last-detected-on/2023-04-24/10/2023-04-24.jpg


@process_contour: max_id: 20230424_11
Moments: {'m00': 3.0, 'm10': 346.5, 'm01': 1261.5, 'm20': 40023.0, 'm11': 145703.25, 'm02': 530461.0, 'm30': 4623176.25, 'm21': 16829671.5, 'm12': 61268245.5, 'm03': 223059060.75, 'mu20': 2.25, 'mu11': 0.0, 'mu02': 0.25, 'mu30': 0.0, 'mu21': 0.0, 'mu12': 0.0, 'mu03': 0.0, 'nu20': 0.25, 'nu11': 0.0, 'nu02': 0.027777777777777776, 'nu30': 0.0, 'nu21': 0.0, 'nu12': 0.0, 'nu03': 0.0}
Centroid: 115, 420
Processing contour#12: area: 3.0 centroid: 115, 420 rectangle: (114, 420, 4, 2)
@find_dayJSON_match_for_contour: x: 114, y: 420, w: 4, h: 2, area: 3.0
Matched with JSON#13: (116, 420, 2, 20.0, 15.0355, 0.648711)
Match with input JSON(nodules) ID: 13
Matched contour: {'x': 116, 'y': 420, 'd': 2, 'a': 20.0, 'p': 15.0355, 'e': 0.648711, 'id': 13, 'tq': 100}
JSON_entry: 13
WARNING: match is empty
entry_id:20230424_11, entry saved to results list
created dirs at nodule_detection_path: output/crop975/nodules-last-detected-on/2023-04-24/11/detection and nodule_images_original_path: output/crop975/nodules-last-detected-on/2023-04-24/11
Segmented nodule image saved as output/crop975/nodules-last-detected-on/2023-04-24/11/detection/2023-04-24.jpg
Original nodule image saved as output/crop975/nodules-last-detected-on/2023-04-24/11/2023-04-24.jpg


@process_contour: max_id: 20230424_12
Moments: {'m00': 41.5, 'm10': 9725.833333333332, 'm01': 17399.0, 'm20': 2279477.9166666665, 'm11': 4077587.7916666665, 'm02': 7294707.75, 'm30': 534285966.95000005, 'm21': 955679321.9666667, 'm12': 1709571382.0666666, 'm03': 3058432672.4, 'mu20': 156.61479250341654, 'mu11': 2.8719879519194365, 'mu02': 124.59337349422276, 'mu30': -26.38139110803604, 'mu21': -6.636601834950852, 'mu12': 15.047106363366765, 'mu03': 3.9069676399230957, 'nu20': 0.09093615474142346, 'nu11': 0.0016675790111304611, 'nu02': 0.07234337261966775, 'nu30': -0.002377811650732072, 'nu21': -0.0005981712298563761, 'nu12': 0.0013562281334633444, 'nu03': 0.0003521434156067867}
Centroid: 234, 419
Processing contour#13: area: 41.5 centroid: 234, 419 rectangle: (230, 416, 9, 8)
@find_dayJSON_match_for_contour: x: 230, y: 416, w: 9, h: 8, area: 41.5
Matched with JSON#12: (234, 419, 6, 152.0, 43.799, 0.632997)
Match with input JSON(nodules) ID: 12
Matched contour: {'x': 234, 'y': 419, 'd': 6, 'a': 152.0, 'p': 43.799, 'e': 0.632997, 'id': 12, 'tq': 100}
JSON_entry: 12
WARNING: match is empty
entry_id:20230424_12, entry saved to results list
created dirs at nodule_detection_path: output/crop975/nodules-last-detected-on/2023-04-24/12/detection and nodule_images_original_path: output/crop975/nodules-last-detected-on/2023-04-24/12
Segmented nodule image saved as output/crop975/nodules-last-detected-on/2023-04-24/12/detection/2023-04-24.jpg
Original nodule image saved as output/crop975/nodules-last-detected-on/2023-04-24/12/2023-04-24.jpg


@process_contour: max_id: 20230424_13
Moments: {'m00': 5.5, 'm10': 957.3333333333333, 'm01': 2295.6666666666665, 'm20': 166635.75, 'm11': 399585.5416666666, 'm02': 958201.0833333333, 'm30': 29005321.700000003, 'm21': 69552894.85, 'm12': 166785404.15, 'm03': 399950438.8, 'mu20': 1.7297979798167944, 'mu11': 0.41035353537881747, 'mu02': 3.7297979798167944, 'mu30': -0.11573309078812599, 'mu21': -0.13913378446841307, 'mu12': 0.29891338854122296, 'mu03': 0.30581575632095337, 'nu20': 0.057183404291464277, 'nu11': 0.013565406128225372, 'nu02': 0.12329910677080312, 'nu30': -0.0016313638255918918, 'nu21': -0.0019612180177145636, 'nu12': 0.004213457756381597, 'nu03': 0.004310752946807277}
Centroid: 174, 417
Processing contour#14: area: 5.5 centroid: 174, 417 rectangle: (173, 416, 3, 4)
@find_dayJSON_match_for_contour: x: 173, y: 416, w: 3, h: 4, area: 5.5
Matched with JSON#11: (174, 417, 2, 26.0, 19.2782, 0.398604)
Match with input JSON(nodules) ID: 11
Matched contour: {'x': 174, 'y': 417, 'd': 2, 'a': 26.0, 'p': 19.2782, 'e': 0.398604, 'id': 11, 'tq': 100}
JSON_entry: 11
WARNING: match is empty
entry_id:20230424_13, entry saved to results list
created dirs at nodule_detection_path: output/crop975/nodules-last-detected-on/2023-04-24/13/detection and nodule_images_original_path: output/crop975/nodules-last-detected-on/2023-04-24/13
Segmented nodule image saved as output/crop975/nodules-last-detected-on/2023-04-24/13/detection/2023-04-24.jpg
Original nodule image saved as output/crop975/nodules-last-detected-on/2023-04-24/13/2023-04-24.jpg


@process_contour: max_id: 20230424_14
Moments: {'m00': 2.0, 'm10': 401.0, 'm01': 822.0, 'm20': 80400.66666666666, 'm11': 164811.0, 'm02': 337842.6666666666, 'm30': 16120400.5, 'm21': 33044674.0, 'm12': 67737454.66666667, 'm03': 138853884.0, 'mu20': 0.1666666666569654, 'mu11': 0.0, 'mu02': 0.6666666666278616, 'mu30': 5.587935447692871e-09, 'mu21': 3.987224772572517e-09, 'mu12': 1.2747477740049362e-08, 'mu03': 5.960464477539063e-08, 'nu20': 0.04166666666424135, 'nu11': 0.0, 'nu02': 0.1666666666569654, 'nu30': 9.87816761974079e-10, 'nu21': 7.048484187002542e-10, 'nu12': 2.2534569882533674e-09, 'nu03': 1.0536712127723509e-08}
Centroid: 200, 411
Processing contour#15: area: 2.0 centroid: 200, 411 rectangle: (200, 410, 2, 3)
@find_dayJSON_match_for_contour: x: 200, y: 410, w: 2, h: 3, area: 2.0
Matched with JSON#10: (200, 410, 1, 11.0, 9.8284, 0.836497)
Match with input JSON(nodules) ID: 10
Matched contour: {'x': 200, 'y': 410, 'd': 1, 'a': 11.0, 'p': 9.8284, 'e': 0.836497, 'id': 10, 'tq': 100}
JSON_entry: 10
WARNING: match is empty
entry_id:20230424_14, entry saved to results list
created dirs at nodule_detection_path: output/crop975/nodules-last-detected-on/2023-04-24/14/detection and nodule_images_original_path: output/crop975/nodules-last-detected-on/2023-04-24/14
Segmented nodule image saved as output/crop975/nodules-last-detected-on/2023-04-24/14/detection/2023-04-24.jpg
Original nodule image saved as output/crop975/nodules-last-detected-on/2023-04-24/14/2023-04-24.jpg


@process_contour: max_id: 20230424_15
Moments: {'m00': 17.0, 'm10': 3850.5, 'm01': 6604.5, 'm20': 872161.6666666666, 'm11': 1495919.25, 'm02': 2565871.6666666665, 'm30': 197555225.25, 'm21': 338834807.5, 'm12': 581169932.5, 'm03': 996859337.25, 'mu20': 23.41666666662786, 'mu11': 0.0, 'mu02': 23.416666666511446, 'mu30': 2.9802322387695312e-08, 'mu21': 1.507578417658806e-08, 'mu12': 3.5157427191734314e-08, 'mu03': 2.384185791015625e-07, 'nu20': 0.0810265282582279, 'nu11': 0.0, 'nu02': 0.08102652825782508, 'nu30': 2.5010812760671216e-11, 'nu21': 1.2651954111355165e-11, 'nu12': 2.9504943178604326e-11, 'nu03': 2.0008650208536973e-10}
Centroid: 226, 388
Processing contour#16: area: 17.0 centroid: 226, 388 rectangle: (224, 386, 6, 6)
@find_dayJSON_match_for_contour: x: 224, y: 386, w: 6, h: 6, area: 17.0
Matched with JSON#9: (226, 388, 4, 64.0, 27.8995, 0.363692)
Match with input JSON(nodules) ID: 9
Matched contour: {'x': 226, 'y': 388, 'd': 4, 'a': 64.0, 'p': 27.8995, 'e': 0.363692, 'id': 9, 'tq': 100}
JSON_entry: 9
WARNING: match is empty
entry_id:20230424_15, entry saved to results list
created dirs at nodule_detection_path: output/crop975/nodules-last-detected-on/2023-04-24/15/detection and nodule_images_original_path: output/crop975/nodules-last-detected-on/2023-04-24/15
Segmented nodule image saved as output/crop975/nodules-last-detected-on/2023-04-24/15/detection/2023-04-24.jpg
Original nodule image saved as output/crop975/nodules-last-detected-on/2023-04-24/15/2023-04-24.jpg


@process_contour: max_id: 20230424_16
Moments: {'m00': 23.5, 'm10': 3584.833333333333, 'm01': 8942.833333333332, 'm20': 546897.25, 'm11': 1364196.625, 'm02': 3403205.25, 'm30': 83440742.45, 'm21': 208120314.65, 'm12': 519147426.65, 'm03': 1295110661.45, 'mu20': 44.90839243505616, 'mu11': 2.2833924351725727, 'mu02': 44.908392435871065, 'mu30': -0.9505373686552048, 'mu21': 2.8044271977923927, 'mu12': 2.8044270329673964, 'mu03': -0.950537919998169, 'nu20': 0.0813189541603552, 'nu11': 0.004134707895287592, 'nu02': 0.08131895416183081, 'nu30': -0.00035505819371440666, 'nu21': 0.0010475494053016152, 'nu12': 0.001047549343733846, 'nu03': -0.000355058399659847}
Centroid: 152, 380
Processing contour#17: area: 23.5 centroid: 152, 380 rectangle: (150, 378, 6, 6)
@find_dayJSON_match_for_contour: x: 150, y: 378, w: 6, h: 6, area: 23.5
Matched with JSON#7: (152, 380, 6, 115.0, 38.3848, 0.556923)
Match with input JSON(nodules) ID: 7
Matched contour: {'x': 152, 'y': 380, 'd': 6, 'a': 115.0, 'p': 38.3848, 'e': 0.556923, 'id': 7, 'tq': 100}
JSON_entry: 7
WARNING: match is empty
entry_id:20230424_16, entry saved to results list
created dirs at nodule_detection_path: output/crop975/nodules-last-detected-on/2023-04-24/16/detection and nodule_images_original_path: output/crop975/nodules-last-detected-on/2023-04-24/16
Segmented nodule image saved as output/crop975/nodules-last-detected-on/2023-04-24/16/detection/2023-04-24.jpg
Original nodule image saved as output/crop975/nodules-last-detected-on/2023-04-24/16/2023-04-24.jpg


@process_contour: max_id: 20230424_17
Moments: {'m00': 30.5, 'm10': 2734.333333333333, 'm01': 11607.833333333332, 'm20': 245233.5833333333, 'm11': 1040652.875, 'm02': 4417822.083333333, 'm30': 22003160.200000003, 'm21': 93333497.73333333, 'm12': 396064628.23333335, 'm03': 1681399877.95, 'mu20': 99.85291438980494, 'mu11': 7.445127504761331, 'mu02': 58.32285974547267, 'mu30': -1.231659147888422, 'mu21': 13.209069122560322, 'mu12': 4.404058468106086, 'mu03': -5.450775861740112, 'nu20': 0.10733987034647133, 'nu11': 0.008003362004580846, 'nu02': 0.06269589867828292, 'nu30': -0.0002397402414924396, 'nu21': 0.002571121585677387, 'nu12': 0.0008572420726145787, 'nu03': -0.0010609837337343573}
Centroid: 89, 380
Processing contour#18: area: 30.5 centroid: 89, 380 rectangle: (86, 378, 8, 6)
@find_dayJSON_match_for_contour: x: 86, y: 378, w: 8, h: 6, area: 30.5
Matched with JSON#8: (89, 380, 6, 122.0, 38.1421, 0.410251)
Match with input JSON(nodules) ID: 8
Matched contour: {'x': 89, 'y': 380, 'd': 6, 'a': 122.0, 'p': 38.1421, 'e': 0.410251, 'id': 8, 'tq': 100}
JSON_entry: 8
WARNING: match is empty
entry_id:20230424_17, entry saved to results list
created dirs at nodule_detection_path: output/crop975/nodules-last-detected-on/2023-04-24/17/detection and nodule_images_original_path: output/crop975/nodules-last-detected-on/2023-04-24/17
Segmented nodule image saved as output/crop975/nodules-last-detected-on/2023-04-24/17/detection/2023-04-24.jpg
Original nodule image saved as output/crop975/nodules-last-detected-on/2023-04-24/17/2023-04-24.jpg


@process_contour: max_id: 20230424_18
Moments: {'m00': 17.5, 'm10': 707.6666666666666, 'm01': 6588.166666666666, 'm20': 28642.416666666664, 'm11': 266414.125, 'm02': 2480249.25, 'm30': 1160324.8, 'm21': 10783011.6, 'm12': 100297469.43333334, 'm03': 933749319.0500001, 'mu20': 25.724603174603544, 'mu11': 1.213888888945803, 'mu02': 24.105555555783212, 'mu30': -0.480922146467492, 'mu21': -1.702486774922363, 'mu12': 0.07021162387525237, 'mu03': 1.523703694343567, 'nu20': 0.0839987042436034, 'nu11': 0.00396371882104752, 'nu02': 0.07871201814133293, 'nu30': -0.00037538736869907065, 'nu21': -0.001328888751282059, 'nu12': 5.480420673536483e-05, 'nu03': 0.001189338284165185}
Centroid: 40, 376
Processing contour#19: area: 17.5 centroid: 40, 376 rectangle: (38, 374, 6, 6)
@find_dayJSON_match_for_contour: x: 38, y: 374, w: 6, h: 6, area: 17.5
Matched with JSON#6: (40, 376, 4, 60.0, 26.1421, 0.56694)
Match with input JSON(nodules) ID: 6
Matched contour: {'x': 40, 'y': 376, 'd': 4, 'a': 60.0, 'p': 26.1421, 'e': 0.56694, 'id': 6, 'tq': 100}
JSON_entry: 6
WARNING: match is empty
entry_id:20230424_18, entry saved to results list
created dirs at nodule_detection_path: output/crop975/nodules-last-detected-on/2023-04-24/18/detection and nodule_images_original_path: output/crop975/nodules-last-detected-on/2023-04-24/18
Segmented nodule image saved as output/crop975/nodules-last-detected-on/2023-04-24/18/detection/2023-04-24.jpg
Original nodule image saved as output/crop975/nodules-last-detected-on/2023-04-24/18/2023-04-24.jpg


@process_contour: max_id: 20230424_19
Moments: {'m00': 36.5, 'm10': 5385.333333333333, 'm01': 8272.0, 'm20': 794708.9166666666, 'm11': 1220482.0416666665, 'm02': 1874771.5833333333, 'm30': 117294947.7, 'm21': 180105911.21666667, 'm12': 276611592.31666666, 'm03': 424919226.90000004, 'mu20': 138.63964992389083, 'mu11': 3.210616438416764, 'mu02': 87.09018264850602, 'mu30': -1.9076256304979324, 'mu21': -26.84213111579811, 'mu12': 2.822160712847108, 'mu03': 11.63109403848648, 'nu20': 0.10406428967828171, 'nu11': 0.00240992038912874, 'nu02': 0.06537075072134059, 'nu30': -0.00023700689886265995, 'nu21': -0.00333491548494222, 'nu12': 0.0003506304108890257, 'nu03': 0.001445068405650487}
Centroid: 147, 226
Processing contour#20: area: 36.5 centroid: 147, 226 rectangle: (144, 224, 8, 7)
@find_dayJSON_match_for_contour: x: 144, y: 224, w: 8, h: 7, area: 36.5
Matched with JSON#5: (147, 226, 7, 158.0, 45.2132, 0.42889)
Match with input JSON(nodules) ID: 5
Matched contour: {'x': 147, 'y': 226, 'd': 7, 'a': 158.0, 'p': 45.2132, 'e': 0.42889, 'id': 5, 'tq': 100}
JSON_entry: 5
WARNING: match is empty
entry_id:20230424_19, entry saved to results list
created dirs at nodule_detection_path: output/crop975/nodules-last-detected-on/2023-04-24/19/detection and nodule_images_original_path: output/crop975/nodules-last-detected-on/2023-04-24/19
Segmented nodule image saved as output/crop975/nodules-last-detected-on/2023-04-24/19/detection/2023-04-24.jpg
Original nodule image saved as output/crop975/nodules-last-detected-on/2023-04-24/19/2023-04-24.jpg


@process_contour: max_id: 20230424_20
Moments: {'m00': 2.0, 'm10': 345.0, 'm01': 406.0, 'm20': 59512.666666666664, 'm11': 70035.0, 'm02': 82418.66666666666, 'm30': 10265992.5, 'm21': 12081071.333333334, 'm12': 14217220.0, 'm03': 16731260.0, 'mu20': 0.16666666666424135, 'mu11': 0.0, 'mu02': 0.6666666666569654, 'mu30': 1.862645149230957e-09, 'mu21': 1.1132215149700642e-09, 'mu12': 1.673470251262188e-09, 'mu03': 5.587935447692871e-09, 'nu20': 0.04166666666606034, 'nu11': 0.0, 'nu02': 0.16666666666424135, 'nu30': 3.2927225399135965e-10, 'nu21': 1.9679162054952354e-10, 'nu12': 2.9583054069536217e-10, 'nu03': 9.87816761974079e-10}
Centroid: 172, 203
Processing contour#21: area: 2.0 centroid: 172, 203 rectangle: (172, 202, 2, 3)
@find_dayJSON_match_for_contour: x: 172, y: 202, w: 2, h: 3, area: 2.0
Matched with JSON#4: (172, 202, 2, 15.0, 12.4142, 0.631235)
Match with input JSON(nodules) ID: 4
Matched contour: {'x': 172, 'y': 202, 'd': 2, 'a': 15.0, 'p': 12.4142, 'e': 0.631235, 'id': 4, 'tq': 100}
JSON_entry: 4
WARNING: match is empty
entry_id:20230424_20, entry saved to results list
created dirs at nodule_detection_path: output/crop975/nodules-last-detected-on/2023-04-24/20/detection and nodule_images_original_path: output/crop975/nodules-last-detected-on/2023-04-24/20
Segmented nodule image saved as output/crop975/nodules-last-detected-on/2023-04-24/20/detection/2023-04-24.jpg
Original nodule image saved as output/crop975/nodules-last-detected-on/2023-04-24/20/2023-04-24.jpg


@process_contour: max_id: 20230424_21
Moments: {'m00': 5.5, 'm10': 865.6666666666666, 'm01': 715.3333333333333, 'm20': 136254.41666666666, 'm11': 112589.54166666666, 'm02': 93038.41666666666, 'm30': 21446793.8, 'm21': 17721461.483333334, 'm12': 14643789.516666666, 'm03': 12101082.700000001, 'mu20': 3.7297979797876906, 'mu11': 0.41035353534971364, 'mu02': 1.7297979798022425, 'mu30': 0.3058157376945019, 'mu21': 0.29891338115061217, 'mu12': -0.1391337616889814, 'mu03': -0.1157330870628357, 'nu20': 0.12329910676984102, 'nu11': 0.013565406127263261, 'nu02': 0.057183404290983224, 'nu30': 0.004310752684250398, 'nu21': 0.004213457652204175, 'nu12': -0.001961217696617628, 'nu03': -0.0016313637730805159}
Centroid: 157, 130
Processing contour#22: area: 5.5 centroid: 157, 130 rectangle: (156, 129, 4, 3)
@find_dayJSON_match_for_contour: x: 156, y: 129, w: 4, h: 3, area: 5.5
Matched with JSON#3: (157, 130, 3, 33.0, 19.0711, 0.491435)
Match with input JSON(nodules) ID: 3
Matched contour: {'x': 157, 'y': 130, 'd': 3, 'a': 33.0, 'p': 19.0711, 'e': 0.491435, 'id': 3, 'tq': 100}
JSON_entry: 3
WARNING: match is empty
entry_id:20230424_21, entry saved to results list
created dirs at nodule_detection_path: output/crop975/nodules-last-detected-on/2023-04-24/21/detection and nodule_images_original_path: output/crop975/nodules-last-detected-on/2023-04-24/21
Segmented nodule image saved as output/crop975/nodules-last-detected-on/2023-04-24/21/detection/2023-04-24.jpg
Original nodule image saved as output/crop975/nodules-last-detected-on/2023-04-24/21/2023-04-24.jpg


@process_contour: max_id: 20230424_22
Moments: {'m00': 1.0, 'm10': 255.5, 'm01': 106.5, 'm20': 65280.33333333333, 'm11': 27210.75, 'm02': 11342.333333333332, 'm30': 16679167.75, 'm21': 6952355.5, 'm12': 2897966.1666666665, 'm03': 1207976.25, 'mu20': 0.0833333333284827, 'mu11': 0.0, 'mu02': 0.08333333333212067, 'mu30': 3.725290298461914e-09, 'mu21': 5.165929906070232e-10, 'mu12': 1.546140993013978e-10, 'mu03': 4.656612873077393e-10, 'nu20': 0.0833333333284827, 'nu11': 0.0, 'nu02': 0.08333333333212067, 'nu30': 3.725290298461914e-09, 'nu21': 5.165929906070232e-10, 'nu12': 1.546140993013978e-10, 'nu03': 4.656612873077393e-10}
Centroid: 255, 106
Processing contour#23: area: 1.0 centroid: 255, 106 rectangle: (255, 106, 2, 2)
@find_dayJSON_match_for_contour: x: 255, y: 106, w: 2, h: 2, area: 1.0
Matched with JSON#2: (255, 106, 1, 4.0, 2.0, 1.0)
Match with input JSON(nodules) ID: 2
Matched contour: {'x': 255, 'y': 106, 'd': 1, 'a': 4.0, 'p': 2.0, 'e': 1.0, 'id': 2, 'tq': 100}
JSON_entry: 2
WARNING: match is empty
entry_id:20230424_22, entry saved to results list
created dirs at nodule_detection_path: output/crop975/nodules-last-detected-on/2023-04-24/22/detection and nodule_images_original_path: output/crop975/nodules-last-detected-on/2023-04-24/22
Segmented nodule image saved as output/crop975/nodules-last-detected-on/2023-04-24/22/detection/2023-04-24.jpg
Original nodule image saved as output/crop975/nodules-last-detected-on/2023-04-24/22/2023-04-24.jpg


@process_contour: max_id: 20230424_23
Moments: {'m00': 15.5, 'm10': 1279.8333333333333, 'm01': 1611.1666666666665, 'm20': 105700.58333333333, 'm11': 133026.375, 'm02': 167491.91666666666, 'm30': 8731794.950000001, 'm21': 10985940.516666666, 'm12': 13828234.816666666, 'm03': 17413731.55, 'mu20': 24.882616487462656, 'mu11': -7.483422939054435, 'mu02': 17.20519713262911, 'mu30': 0.039885152131319046, 'mu21': -1.512084251413853, 'mu12': 1.0146857037768768, 'mu03': 0.3274405524134636, 'nu20': 0.10356968361066661, 'nu11': -0.031148482576709404, 'nu02': 0.07161372375704103, 'nu30': 4.216790331820551e-05, 'nu21': -0.0015986255314426414, 'nu12': 0.0010727593194167827, 'nu03': 0.00034618099264534783}
Centroid: 82, 103
Processing contour#24: area: 15.5 centroid: 82, 103 rectangle: (80, 102, 6, 5)
@find_dayJSON_match_for_contour: x: 80, y: 102, w: 6, h: 5, area: 15.5
Matched with JSON#1: (82, 104, 3, 39.0, 27.1066, 0.670026)
Match with input JSON(nodules) ID: 1
Matched contour: {'x': 82, 'y': 104, 'd': 3, 'a': 39.0, 'p': 27.1066, 'e': 0.670026, 'id': 1, 'tq': 100}
JSON_entry: 1
WARNING: match is empty
entry_id:20230424_23, entry saved to results list
created dirs at nodule_detection_path: output/crop975/nodules-last-detected-on/2023-04-24/23/detection and nodule_images_original_path: output/crop975/nodules-last-detected-on/2023-04-24/23
Segmented nodule image saved as output/crop975/nodules-last-detected-on/2023-04-24/23/detection/2023-04-24.jpg
Original nodule image saved as output/crop975/nodules-last-detected-on/2023-04-24/23/2023-04-24.jpg


@process_contour: max_id: 20230424_24
Moments: {'m00': 2.0, 'm10': 148.0, 'm01': 109.0, 'm20': 10952.666666666666, 'm11': 8066.0, 'm02': 5940.666666666666, 'm30': 810596.0, 'm21': 596920.3333333334, 'm12': 439609.3333333333, 'm03': 323784.5, 'mu20': 0.6666666666660603, 'mu11': 0.0, 'mu02': 0.16666666666606034, 'mu30': 1.1641532182693481e-10, 'mu21': 7.185008144006133e-11, 'mu12': 2.546585164964199e-11, 'mu03': 1.1641532182693481e-10, 'nu20': 0.16666666666651508, 'nu11': 0.0, 'nu02': 0.041666666666515084, 'nu30': 2.0579515874459978e-11, 'nu21': 1.2701419953768268e-11, 'nu12': 4.50176909753812e-12, 'nu03': 2.0579515874459978e-11}
Centroid: 74, 54
Processing contour#25: area: 2.0 centroid: 74, 54 rectangle: (73, 54, 3, 2)
@find_dayJSON_match_for_contour: x: 73, y: 54, w: 3, h: 2, area: 2.0
Matched with JSON#0: (73, 54, 2, 19.0, 13.6569, 0.394268)
Match with input JSON(nodules) ID: 0
Matched contour: {'x': 73, 'y': 54, 'd': 2, 'a': 19.0, 'p': 13.6569, 'e': 0.394268, 'id': 0, 'tq': 100}
JSON_entry: 0
WARNING: match is empty
entry_id:20230424_24, entry saved to results list
created dirs at nodule_detection_path: output/crop975/nodules-last-detected-on/2023-04-24/24/detection and nodule_images_original_path: output/crop975/nodules-last-detected-on/2023-04-24/24
Segmented nodule image saved as output/crop975/nodules-last-detected-on/2023-04-24/24/detection/2023-04-24.jpg
Original nodule image saved as output/crop975/nodules-last-detected-on/2023-04-24/24/2023-04-24.jpg


Done analyzing contours, found 24 nodules.


results_entry: {'date': '20230424', 'json': 'output/crop975/20230424/20230424.json', 'log': 'output/crop975/20230424/crop975_20230424.log', 'image': 'data/crop975/20230424.jpg', 'plot': None, 'match_stats': {}}
