Current memory usage: 2335.046875 MB
@analyze_image: file_name: data/crop991/20230424.jpg, output_dir: output/crop991, external_logger: <Logger data_crop991.log (DEBUG)>
Loaded image & JSON file: data/crop991/20230424.jpg
Scaled JSON data: scalar_position: 0.5, scalar_size: 0.5

@find_prev_next_date: image_output_dir: output/crop991/20230424
data_dir: data/crop991
Previous date file: None, Next date file: data/crop991/20230426.jpg


Loaded next_results from JSON file: 20230426, length: 9
Scaled JSON data: scalar_position: 0.5, scalar_size: 0.5

@process_image: output_dir: output/crop991/20230424, image_name: 20230424, date_string: 20230424
len(json_data) = 19 json_data entries
len(matching) = 0 matching entries, setting max_id_i to 0
crop_dir: output/crop991
nodules_dir: output/crop991/nodules-last-detected-on
Split image into left and right images: (705, 300, 3), (705, 300, 3)
Converted right image to HSV: (705, 300, 3)
Created mask to detect nodules: (705, 300)

Found 18 contours in mask, processing each contour...

@process_contour: max_id: 20230424_0
Moments: {'m00': 0.5, 'm10': 113.16666666666666, 'm01': 300.16666666666663, 'm20': 25613.416666666664, 'm11': 67937.70833333333, 'm02': 180200.0833333333, 'm30': 5797182.550000001, 'm21': 15376581.516666666, 'm12': 40785268.85, 'm03': 108180150.05000001, 'mu20': 0.027777777781011537, 'mu11': -0.013888888875953853, 'mu02': 0.027777777810115367, 'mu30': 0.0037037041038274765, 'mu21': -0.001851855476463271, 'mu12': -0.0018518563010720968, 'mu03': 0.003703698515892029, 'nu20': 0.11111111112404615, 'nu11': -0.05555555550381541, 'nu02': 0.11111111124046147, 'nu30': 0.02095131429859883, 'nu21': -0.010475676521476992, 'nu12': -0.010475681186168932, 'nu03': 0.020951282688462445}
Centroid: 226, 600
Processing contour#1: area: 0.5 centroid: 226, 600 rectangle: (226, 600, 2, 2)
@find_dayJSON_match_for_contour: x: 226, y: 600, w: 2, h: 2, area: 0.5
Matched with JSON#17: (226, 600, 1, 4.0, 4.6213, 0.790569)
Match with input JSON(nodules) ID: 17
Matched contour: {'x': 226, 'y': 600, 'd': 1, 'a': 4.0, 'p': 4.6213, 'e': 0.790569, 'id': 17, 'tq': 100}
JSON_entry: 17
WARNING: match is empty
entry_id:20230424_0, entry saved to results list
created dirs at nodule_detection_path: output/crop991/nodules-last-detected-on/2023-04-24/0/detection and nodule_images_original_path: output/crop991/nodules-last-detected-on/2023-04-24/0
Segmented nodule image saved as output/crop991/nodules-last-detected-on/2023-04-24/0/detection/2023-04-24.jpg
Original nodule image saved as output/crop991/nodules-last-detected-on/2023-04-24/0/2023-04-24.jpg


@process_contour: max_id: 20230424_1
Moments: {'m00': 9.0, 'm10': 1747.0, 'm01': 5403.5, 'm20': 339121.1666666666, 'm11': 1048880.4166666665, 'm02': 3244206.333333333, 'm30': 65830700.5, 'm21': 203604979.25, 'm12': 629737730.75, 'm03': 1947791406.75, 'mu20': 9.055555555503815, 'mu11': 1.0277777777519077, 'mu02': 4.972222222480923, 'mu30': -1.5308641716837883, 'mu21': -0.20987653900374426, 'mu12': 0.5802470458568223, 'mu03': 0.4197533130645752, 'nu20': 0.11179698216671377, 'nu11': 0.012688614540147008, 'nu02': 0.061385459536801516, 'nu30': -0.006299852558369498, 'nu21': -0.0008636894609207581, 'nu12': 0.0023878479253367168, 'nu03': 0.0017273798891546302}
Centroid: 194, 600
Processing contour#2: area: 9.0 centroid: 194, 600 rectangle: (192, 599, 5, 4)
@find_dayJSON_match_for_contour: x: 192, y: 599, w: 5, h: 4, area: 9.0
Matched with JSON#16: (194, 600, 2, 26.0, 17.6569, 0.870901)
Match with input JSON(nodules) ID: 16
Matched contour: {'x': 194, 'y': 600, 'd': 2, 'a': 26.0, 'p': 17.6569, 'e': 0.870901, 'id': 16, 'tq': 100}
JSON_entry: 16
WARNING: match is empty
entry_id:20230424_1, entry saved to results list
created dirs at nodule_detection_path: output/crop991/nodules-last-detected-on/2023-04-24/1/detection and nodule_images_original_path: output/crop991/nodules-last-detected-on/2023-04-24/1
Segmented nodule image saved as output/crop991/nodules-last-detected-on/2023-04-24/1/detection/2023-04-24.jpg
Original nodule image saved as output/crop991/nodules-last-detected-on/2023-04-24/1/2023-04-24.jpg


@process_contour: max_id: 20230424_2
Moments: {'m00': 12.0, 'm10': 2229.0, 'm01': 7211.0, 'm20': 414047.0, 'm11': 1339441.6666666665, 'm02': 4333224.333333333, 'm30': 76913038.5, 'm21': 248807153.16666666, 'm12': 804894518.5, 'm03': 2603923850.5, 'mu20': 10.25, 'mu11': -1.5833333334885538, 'mu02': 14.25, 'mu30': 0.375, 'mu21': -1.7083332737283854, 'mu12': 1.4861114025115967, 'mu03': 2.0694446563720703, 'nu20': 0.07118055555555555, 'nu11': -0.01099537037144829, 'nu02': 0.09895833333333333, 'nu30': 0.0007517581630073251, 'nu21': -0.0034246759564329093, 'nu12': 0.0029791903412702864, 'nu03': 0.004148591768852248}
Centroid: 185, 600
Processing contour#3: area: 12.0 centroid: 185, 600 rectangle: (184, 599, 5, 5)
@find_dayJSON_match_for_contour: x: 184, y: 599, w: 5, h: 5, area: 12.0
Matched with JSON#14: (185, 600, 3, 46.0, 23.3137, 0.621145)
Match with input JSON(nodules) ID: 14
Matched contour: {'x': 185, 'y': 600, 'd': 3, 'a': 46.0, 'p': 23.3137, 'e': 0.621145, 'id': 14, 'tq': 100}
JSON_entry: 14
WARNING: match is empty
entry_id:20230424_2, entry saved to results list
created dirs at nodule_detection_path: output/crop991/nodules-last-detected-on/2023-04-24/2/detection and nodule_images_original_path: output/crop991/nodules-last-detected-on/2023-04-24/2
Segmented nodule image saved as output/crop991/nodules-last-detected-on/2023-04-24/2/detection/2023-04-24.jpg
Original nodule image saved as output/crop991/nodules-last-detected-on/2023-04-24/2/2023-04-24.jpg


@process_contour: max_id: 20230424_3
Moments: {'m00': 27.0, 'm10': 5804.0, 'm01': 16207.5, 'm20': 1247786.1666666665, 'm11': 3484009.9166666665, 'm02': 9729033.0, 'm30': 268288310.0, 'm21': 749017336.75, 'm12': 2091379009.25, 'm03': 5840159421.75, 'mu20': 141.1296296294313, 'mu11': -2.3055555555038154, 'mu02': 30.91666666790843, 'mu30': -176.81755816936493, 'mu21': 20.69958863813372, 'mu12': 16.75308645599398, 'mu03': -4.592593193054199, 'nu20': 0.19359345628179875, 'nu11': -0.0031626276481533815, 'nu02': 0.04240969364596492, 'nu30': -0.04667840183197766, 'nu21': 0.005464523581317339, 'nu12': 0.004422679000971741, 'nu03': -0.0012124073691304456}
Centroid: 214, 600
Processing contour#4: area: 27.0 centroid: 214, 600 rectangle: (209, 598, 11, 6)
@find_dayJSON_match_for_contour: x: 209, y: 598, w: 11, h: 6, area: 27.0
Matched with JSON#13: (214, 600, 5, 89.0, 46.2487, 0.935833)
Match with input JSON(nodules) ID: 13
Matched contour: {'x': 214, 'y': 600, 'd': 5, 'a': 89.0, 'p': 46.2487, 'e': 0.935833, 'id': 13, 'tq': 100}
JSON_entry: 13
WARNING: match is empty
entry_id:20230424_3, entry saved to results list
created dirs at nodule_detection_path: output/crop991/nodules-last-detected-on/2023-04-24/3/detection and nodule_images_original_path: output/crop991/nodules-last-detected-on/2023-04-24/3
Segmented nodule image saved as output/crop991/nodules-last-detected-on/2023-04-24/3/detection/2023-04-24.jpg
Original nodule image saved as output/crop991/nodules-last-detected-on/2023-04-24/3/2023-04-24.jpg


@process_contour: max_id: 20230424_4
Moments: {'m00': 15.5, 'm10': 3139.833333333333, 'm01': 9303.333333333332, 'm20': 636060.5833333333, 'm11': 1884574.2916666665, 'm02': 5584016.083333333, 'm30': 128856804.95, 'm21': 381772758.9, 'm12': 1131152407.4, 'm03': 3351628957.7000003, 'mu20': 24.88261648756452, 'mu11': -0.9413082434330136, 'mu02': 15.366487456485629, 'mu30': 0.03988514840602875, 'mu21': 3.0391971991393802, 'mu12': -0.19424022271459762, 'mu03': -2.3680238723754883, 'nu20': 0.1035696836110906, 'nu11': -0.00391803639306145, 'nu02': 0.06396040564614205, 'nu30': 4.216789937970528e-05, 'nu21': 0.003213139898183763, 'nu12': -0.0002053571942002013, 'nu03': -0.0025035532364717575}
Centroid: 202, 600
Processing contour#5: area: 15.5 centroid: 202, 600 rectangle: (200, 598, 6, 5)
@find_dayJSON_match_for_contour: x: 200, y: 598, w: 6, h: 5, area: 15.5
Matched with JSON#15: (202, 600, 3, 49.0, 25.3137, 0.702008)
Match with input JSON(nodules) ID: 15
Matched contour: {'x': 202, 'y': 600, 'd': 3, 'a': 49.0, 'p': 25.3137, 'e': 0.702008, 'id': 15, 'tq': 100}
JSON_entry: 15
WARNING: match is empty
entry_id:20230424_4, entry saved to results list
created dirs at nodule_detection_path: output/crop991/nodules-last-detected-on/2023-04-24/4/detection and nodule_images_original_path: output/crop991/nodules-last-detected-on/2023-04-24/4
Segmented nodule image saved as output/crop991/nodules-last-detected-on/2023-04-24/4/detection/2023-04-24.jpg
Original nodule image saved as output/crop991/nodules-last-detected-on/2023-04-24/4/2023-04-24.jpg


@process_contour: max_id: 20230424_5
Moments: {'m00': 19.5, 'm10': 3052.833333333333, 'm01': 9866.166666666666, 'm20': 477977.25, 'm11': 1544605.0416666665, 'm02': 4991883.916666666, 'm30': 74842276.45, 'm21': 241836635.18333334, 'm12': 781509021.4833333, 'm03': 2525705449.05, 'mu20': 39.23148148157634, 'mu11': 1.8379629631526768, 'mu02': 25.21438746433705, 'mu30': -1.2794238924980164, 'mu21': -2.4250871234944498, 'mu12': 1.779313135168195, 'mu03': 0.7841367721557617, 'nu20': 0.10317286385687399, 'nu11': 0.00483356466312341, 'nu02': 0.06631002620469967, 'nu30': -0.0007619525524846223, 'nu21': -0.0014442448156384191, 'nu12': 0.0010596583297844922, 'nu03': 0.0004669875391138685}
Centroid: 156, 505
Processing contour#6: area: 19.5 centroid: 156, 505 rectangle: (154, 504, 6, 5)
@find_dayJSON_match_for_contour: x: 154, y: 504, w: 6, h: 5, area: 19.5
Matched with JSON#12: (156, 505, 6, 117.0, 37.5563, 0.442863)
Match with input JSON(nodules) ID: 12
Matched contour: {'x': 156, 'y': 505, 'd': 6, 'a': 117.0, 'p': 37.5563, 'e': 0.442863, 'id': 12, 'tq': 100}
JSON_entry: 12
WARNING: match is empty
entry_id:20230424_5, entry saved to results list
created dirs at nodule_detection_path: output/crop991/nodules-last-detected-on/2023-04-24/5/detection and nodule_images_original_path: output/crop991/nodules-last-detected-on/2023-04-24/5
Segmented nodule image saved as output/crop991/nodules-last-detected-on/2023-04-24/5/detection/2023-04-24.jpg
Original nodule image saved as output/crop991/nodules-last-detected-on/2023-04-24/5/2023-04-24.jpg


@process_contour: max_id: 20230424_6
Moments: {'m00': 24.0, 'm10': 6202.666666666666, 'm01': 9703.333333333332, 'm20': 1603097.6666666665, 'm11': 2507776.6666666665, 'm02': 3923154.333333333, 'm30': 414339032.40000004, 'm21': 648143390.5333333, 'm12': 1013920745.1333333, 'm03': 1586187673.6000001, 'mu20': 52.925925926305354, 'mu11': 4.074074074625969, 'mu02': 42.75925926025957, 'mu30': -10.274897158145905, 'mu21': -8.041769774703425, 'mu12': 8.643621130744577, 'mu03': 5.719341278076172, 'nu20': 0.09188528806650234, 'nu11': 0.007073045268447862, 'nu02': 0.0742348251046173, 'nu30': -0.0036412406245703733, 'nu21': -0.0028498600371759013, 'nu12': 0.003063145442746351, 'nu03': 0.002026832725133683}
Centroid: 258, 404
Processing contour#7: area: 24.0 centroid: 258, 404 rectangle: (255, 402, 7, 6)
@find_dayJSON_match_for_contour: x: 255, y: 402, w: 7, h: 6, area: 24.0
Matched with JSON#11: (258, 404, 5, 100.0, 34.7279, 0.339125)
Match with input JSON(nodules) ID: 11
Matched contour: {'x': 258, 'y': 404, 'd': 5, 'a': 100.0, 'p': 34.7279, 'e': 0.339125, 'id': 11, 'tq': 100}
JSON_entry: 11
WARNING: match is empty
entry_id:20230424_6, entry saved to results list
created dirs at nodule_detection_path: output/crop991/nodules-last-detected-on/2023-04-24/6/detection and nodule_images_original_path: output/crop991/nodules-last-detected-on/2023-04-24/6
Segmented nodule image saved as output/crop991/nodules-last-detected-on/2023-04-24/6/detection/2023-04-24.jpg
Original nodule image saved as output/crop991/nodules-last-detected-on/2023-04-24/6/2023-04-24.jpg


@process_contour: max_id: 20230424_7
Moments: {'m00': 9.5, 'm10': 1291.8333333333333, 'm01': 3039.333333333333, 'm20': 175673.91666666666, 'm11': 413294.125, 'm02': 972382.75, 'm30': 23890539.950000003, 'm21': 56202811.733333334, 'm12': 132225790.06666666, 'm03': 311100238.7, 'mu20': 7.247076023428235, 'mu11': -1.8866959063452668, 'mu02': 9.369883041246794, 'mu30': -1.6685236506164074, 'mu21': -0.4907612601218716, 'mu12': 2.633738532276766, 'mu03': 0.6758898496627808, 'nu20': 0.08030001133992504, 'nu11': -0.02090521779883952, 'nu02': 0.10382141873957665, 'nu30': -0.005998233302898204, 'nu21': -0.0017642546050502786, 'nu12': 0.009468117619784722, 'nu03': 0.002429779765986786}
Centroid: 135, 319
Processing contour#8: area: 9.5 centroid: 135, 319 rectangle: (134, 318, 5, 5)
@find_dayJSON_match_for_contour: x: 134, y: 318, w: 5, h: 5, area: 9.5
Matched with JSON#10: (136, 319, 3, 49.0, 24.7279, 0.673543)
Match with input JSON(nodules) ID: 10
Matched contour: {'x': 136, 'y': 319, 'd': 3, 'a': 49.0, 'p': 24.7279, 'e': 0.673543, 'id': 10, 'tq': 100}
JSON_entry: 10
WARNING: match is empty
entry_id:20230424_7, entry saved to results list
created dirs at nodule_detection_path: output/crop991/nodules-last-detected-on/2023-04-24/7/detection and nodule_images_original_path: output/crop991/nodules-last-detected-on/2023-04-24/7
Segmented nodule image saved as output/crop991/nodules-last-detected-on/2023-04-24/7/detection/2023-04-24.jpg
Original nodule image saved as output/crop991/nodules-last-detected-on/2023-04-24/7/2023-04-24.jpg


@process_contour: max_id: 20230424_8
Moments: {'m00': 3.0, 'm10': 331.5, 'm01': 946.5, 'm20': 36631.0, 'm11': 104588.25, 'm02': 298623.0, 'm30': 4047780.75, 'm21': 11557080.5, 'm12': 32997841.5, 'm03': 94216976.25, 'mu20': 0.25, 'mu11': 0.0, 'mu02': 2.25, 'mu30': 0.0, 'mu21': 0.0, 'mu12': 0.0, 'mu03': 0.0, 'nu20': 0.027777777777777776, 'nu11': 0.0, 'nu02': 0.25, 'nu30': 0.0, 'nu21': 0.0, 'nu12': 0.0, 'nu03': 0.0}
Centroid: 110, 315
Processing contour#9: area: 3.0 centroid: 110, 315 rectangle: (110, 314, 2, 4)
@find_dayJSON_match_for_contour: x: 110, y: 314, w: 2, h: 4, area: 3.0
Matched with JSON#9: (110, 315, 2, 13.0, 10.8284, 0.50814)
Match with input JSON(nodules) ID: 9
Matched contour: {'x': 110, 'y': 315, 'd': 2, 'a': 13.0, 'p': 10.8284, 'e': 0.50814, 'id': 9, 'tq': 100}
JSON_entry: 9
WARNING: match is empty
entry_id:20230424_8, entry saved to results list
created dirs at nodule_detection_path: output/crop991/nodules-last-detected-on/2023-04-24/8/detection and nodule_images_original_path: output/crop991/nodules-last-detected-on/2023-04-24/8
Segmented nodule image saved as output/crop991/nodules-last-detected-on/2023-04-24/8/detection/2023-04-24.jpg
Original nodule image saved as output/crop991/nodules-last-detected-on/2023-04-24/8/2023-04-24.jpg


@process_contour: max_id: 20230424_9
Moments: {'m00': 30.0, 'm10': 3996.833333333333, 'm01': 7095.0, 'm20': 532586.8333333333, 'm11': 945251.0833333333, 'm02': 1678021.3333333333, 'm30': 70981383.35000001, 'm21': 125956786.08333333, 'm12': 223559043.78333333, 'm03': 396877508.5, 'mu20': 97.6101851852145, 'mu11': 0.0, 'mu02': 53.83333333325572, 'mu30': 14.295174911618233, 'mu21': 1.3154931366443634e-08, 'mu12': -9.520370342148453, 'mu03': 5.960464477539063e-08, 'nu20': 0.108455761316905, 'nu11': 0.0, 'nu02': 0.059814814814728584, 'nu30': 0.0028999221342871206, 'nu21': 2.6686120932716433e-12, 'nu12': -0.0019313042934066239, 'nu03': 1.2091410546505145e-11}
Centroid: 133, 236
Processing contour#10: area: 30.0 centroid: 133, 236 rectangle: (130, 234, 8, 6)
@find_dayJSON_match_for_contour: x: 130, y: 234, w: 8, h: 6, area: 30.0
Matched with JSON#7: (132, 236, 6, 116.0, 36.9706, 0.495853)
Match with input JSON(nodules) ID: 7
Matched contour: {'x': 132, 'y': 236, 'd': 6, 'a': 116.0, 'p': 36.9706, 'e': 0.495853, 'id': 7, 'tq': 100}
JSON_entry: 7
WARNING: match is empty
entry_id:20230424_9, entry saved to results list
created dirs at nodule_detection_path: output/crop991/nodules-last-detected-on/2023-04-24/9/detection and nodule_images_original_path: output/crop991/nodules-last-detected-on/2023-04-24/9
Segmented nodule image saved as output/crop991/nodules-last-detected-on/2023-04-24/9/detection/2023-04-24.jpg
Original nodule image saved as output/crop991/nodules-last-detected-on/2023-04-24/9/2023-04-24.jpg


@process_contour: max_id: 20230424_10
Moments: {'m00': 29.0, 'm10': 974.5, 'm01': 4012.833333333333, 'm20': 32837.0, 'm11': 134841.0, 'm02': 555321.0, 'm30': 1109514.25, 'm21': 4543490.366666666, 'm12': 18659583.833333332, 'm03': 76855851.35000001, 'mu20': 90.43965517241304, 'mu11': -4.037356321816333, 'mu02': 50.95306513423566, 'mu30': -0.3495838288217783, 'mu21': -10.990546970411742, 'mu12': 0.6600937986372628, 'mu03': 4.735640972852707, 'nu20': 0.10753823444995604, 'nu11': -0.004800661500376138, 'nu02': 0.060586284345107794, 'nu30': -7.718916446407696e-05, 'nu21': -0.0024267459410480152, 'nu12': 0.00014575070293284338, 'nu03': 0.0010456438191902332}
Centroid: 33, 138
Processing contour#11: area: 29.0 centroid: 33, 138 rectangle: (30, 136, 8, 6)
@find_dayJSON_match_for_contour: x: 30, y: 136, w: 8, h: 6, area: 29.0
Matched with JSON#6: (33, 138, 5, 111.0, 36.9706, 0.33346)
Match with input JSON(nodules) ID: 6
Matched contour: {'x': 33, 'y': 138, 'd': 5, 'a': 111.0, 'p': 36.9706, 'e': 0.33346, 'id': 6, 'tq': 100}
JSON_entry: 6
WARNING: match is empty
entry_id:20230424_10, entry saved to results list
created dirs at nodule_detection_path: output/crop991/nodules-last-detected-on/2023-04-24/10/detection and nodule_images_original_path: output/crop991/nodules-last-detected-on/2023-04-24/10
Segmented nodule image saved as output/crop991/nodules-last-detected-on/2023-04-24/10/detection/2023-04-24.jpg
Original nodule image saved as output/crop991/nodules-last-detected-on/2023-04-24/10/2023-04-24.jpg


@process_contour: max_id: 20230424_11
Moments: {'m00': 9.0, 'm10': 2191.5, 'm01': 931.5, 'm20': 533637.0, 'm11': 226820.25, 'm02': 96417.0, 'm30': 129943896.75, 'm21': 55231429.5, 'm12': 23477539.5, 'm03': 9980556.75, 'mu20': 6.75, 'mu11': 0.0, 'mu02': 6.75, 'mu30': 0.0, 'mu21': 0.0, 'mu12': 0.0, 'mu03': 0.0, 'nu20': 0.08333333333333333, 'nu11': 0.0, 'nu02': 0.08333333333333333, 'nu30': 0.0, 'nu21': 0.0, 'nu12': 0.0, 'nu03': 0.0}
Centroid: 243, 103
Processing contour#12: area: 9.0 centroid: 243, 103 rectangle: (242, 102, 4, 4)
@find_dayJSON_match_for_contour: x: 242, y: 102, w: 4, h: 4, area: 9.0
Matched with JSON#5: (243, 103, 3, 40.0, 21.8995, 0.454336)
Match with input JSON(nodules) ID: 5
Matched contour: {'x': 243, 'y': 103, 'd': 3, 'a': 40.0, 'p': 21.8995, 'e': 0.454336, 'id': 5, 'tq': 100}
JSON_entry: 5
WARNING: match is empty
entry_id:20230424_11, entry saved to results list
created dirs at nodule_detection_path: output/crop991/nodules-last-detected-on/2023-04-24/11/detection and nodule_images_original_path: output/crop991/nodules-last-detected-on/2023-04-24/11
Segmented nodule image saved as output/crop991/nodules-last-detected-on/2023-04-24/11/detection/2023-04-24.jpg
Original nodule image saved as output/crop991/nodules-last-detected-on/2023-04-24/11/2023-04-24.jpg


@process_contour: max_id: 20230424_12
Moments: {'m00': 32.5, 'm10': 3773.333333333333, 'm01': 3052.333333333333, 'm20': 438170.5833333333, 'm11': 354387.7083333333, 'm02': 286765.5833333333, 'm30': 50890586.7, 'm21': 41153021.15, 'm12': 33294970.483333334, 'm03': 26950576.200000003, 'mu20': 76.90811965812463, 'mu11': 3.981837606872432, 'mu02': 96.69786324788583, 'mu30': 0.0008985325694084167, 'mu21': 14.17167433027862, 'mu12': 3.0299254845685937, 'mu03': -22.47949594631791, 'nu20': 0.07281242097810617, 'nu11': 0.0037697870834295217, 'nu02': 0.09154827289740672, 'nu30': 1.4921944532226306e-07, 'nu21': 0.0023534921880953253, 'nu12': 0.0005031802024413958, 'nu03': -0.0037331734323688484}
Centroid: 116, 93
Processing contour#13: area: 32.5 centroid: 116, 93 rectangle: (113, 90, 7, 8)
@find_dayJSON_match_for_contour: x: 113, y: 90, w: 7, h: 8, area: 32.5
Matched with JSON#4: (115, 93, 5, 113.0, 37.5563, 0.343126)
Match with input JSON(nodules) ID: 4
Matched contour: {'x': 115, 'y': 93, 'd': 5, 'a': 113.0, 'p': 37.5563, 'e': 0.343126, 'id': 4, 'tq': 100}
JSON_entry: 4
WARNING: match is empty
entry_id:20230424_12, entry saved to results list
created dirs at nodule_detection_path: output/crop991/nodules-last-detected-on/2023-04-24/12/detection and nodule_images_original_path: output/crop991/nodules-last-detected-on/2023-04-24/12
Segmented nodule image saved as output/crop991/nodules-last-detected-on/2023-04-24/12/detection/2023-04-24.jpg
Original nodule image saved as output/crop991/nodules-last-detected-on/2023-04-24/12/2023-04-24.jpg


@process_contour: max_id: 20230424_13
Moments: {'m00': 13.0, 'm10': 792.0, 'm01': 1076.3333333333333, 'm20': 48265.5, 'm11': 65570.0, 'm02': 89128.83333333333, 'm30': 2942242.0, 'm21': 3995702.3666666667, 'm12': 5429416.333333333, 'm03': 7381723.100000001, 'mu20': 14.423076923070766, 'mu11': -3.5384615384682547, 'mu02': 13.952991452984861, 'mu30': 1.8343195272609591, 'mu21': -2.370019722969573, 'mu12': -0.5029585796785341, 'mu03': 2.298663162626326, 'nu20': 0.08534365043237141, 'nu11': -0.02093764223945713, 'nu02': 0.08256207960346072, 'nu30': 0.0030103473423414902, 'nu21': -0.0038894982407955197, 'nu12': -0.0008254178190557557, 'nu03': 0.0037723932170548196}
Centroid: 60, 82
Processing contour#14: area: 13.0 centroid: 60, 82 rectangle: (59, 81, 5, 5)
@find_dayJSON_match_for_contour: x: 59, y: 81, w: 5, h: 5, area: 13.0
Matched with JSON#3: (60, 82, 3, 44.0, 23.8995, 0.545525)
Match with input JSON(nodules) ID: 3
Matched contour: {'x': 60, 'y': 82, 'd': 3, 'a': 44.0, 'p': 23.8995, 'e': 0.545525, 'id': 3, 'tq': 100}
JSON_entry: 3
WARNING: match is empty
entry_id:20230424_13, entry saved to results list
created dirs at nodule_detection_path: output/crop991/nodules-last-detected-on/2023-04-24/13/detection and nodule_images_original_path: output/crop991/nodules-last-detected-on/2023-04-24/13
Segmented nodule image saved as output/crop991/nodules-last-detected-on/2023-04-24/13/detection/2023-04-24.jpg
Original nodule image saved as output/crop991/nodules-last-detected-on/2023-04-24/13/2023-04-24.jpg


@process_contour: max_id: 20230424_14
Moments: {'m00': 15.0, 'm10': 892.5, 'm01': 877.5, 'm20': 53126.33333333333, 'm11': 52213.08333333333, 'm02': 51349.0, 'm30': 3163704.25, 'm21': 3108108.6666666665, 'm12': 3055480.0, 'm03': 3005700.75, 'mu20': 22.583333333328483, 'mu11': 1.8333333333284827, 'mu02': 15.25, 'mu30': 9.313225746154785e-10, 'mu21': 7.494236342608929e-10, 'mu12': 4.656612873077393e-10, 'mu03': 0.0, 'nu20': 0.10037037037034881, 'nu11': 0.00814814814812659, 'nu02': 0.06777777777777778, 'nu30': 1.0687397989430407e-12, 'nu21': 8.600015569619781e-13, 'nu12': 5.343698994715204e-13, 'nu03': 0.0}
Centroid: 59, 58
Processing contour#15: area: 15.0 centroid: 59, 58 rectangle: (57, 56, 6, 6)
@find_dayJSON_match_for_contour: x: 57, y: 56, w: 6, h: 6, area: 15.0
Matched with JSON#2: (59, 58, 4, 54.0, 25.3137, 0.558043)
Match with input JSON(nodules) ID: 2
Matched contour: {'x': 59, 'y': 58, 'd': 4, 'a': 54.0, 'p': 25.3137, 'e': 0.558043, 'id': 2, 'tq': 100}
JSON_entry: 2
WARNING: match is empty
entry_id:20230424_14, entry saved to results list
created dirs at nodule_detection_path: output/crop991/nodules-last-detected-on/2023-04-24/14/detection and nodule_images_original_path: output/crop991/nodules-last-detected-on/2023-04-24/14
Segmented nodule image saved as output/crop991/nodules-last-detected-on/2023-04-24/14/detection/2023-04-24.jpg
Original nodule image saved as output/crop991/nodules-last-detected-on/2023-04-24/14/2023-04-24.jpg


@process_contour: max_id: 20230424_15
Moments: {'m00': 27.5, 'm10': 6045.166666666666, 'm01': 1395.6666666666665, 'm20': 1328936.25, 'm11': 306807.2916666666, 'm02': 70893.41666666666, 'm30': 292159691.55, 'm21': 67448125.76666667, 'm12': 15584694.1, 'm03': 3604171.8000000003, 'mu20': 62.067171717528254, 'mu11': 5.923989899049047, 'mu02': 61.21868686869857, 'mu30': -0.5743680000305176, 'mu21': -6.933789418541437, 'mu12': 1.185457605857664, 'mu03': 9.607670646160841, 'nu20': 0.08207229318020265, 'nu11': 0.007833375073122706, 'nu02': 0.08095032974373363, 'nu30': -0.00014482999021194306, 'nu21': -0.0017483924131666004, 'nu12': 0.0002989195314570391, 'nu03': 0.002422625991644929}
Centroid: 219, 50
Processing contour#16: area: 27.5 centroid: 219, 50 rectangle: (217, 48, 7, 7)
@find_dayJSON_match_for_contour: x: 217, y: 48, w: 7, h: 7, area: 27.5
Matched with JSON#1: (219, 50, 5, 80.0, 30.7279, 0.398644)
Match with input JSON(nodules) ID: 1
Matched contour: {'x': 219, 'y': 50, 'd': 5, 'a': 80.0, 'p': 30.7279, 'e': 0.398644, 'id': 1, 'tq': 100}
JSON_entry: 1
WARNING: match is empty
entry_id:20230424_15, entry saved to results list
created dirs at nodule_detection_path: output/crop991/nodules-last-detected-on/2023-04-24/15/detection and nodule_images_original_path: output/crop991/nodules-last-detected-on/2023-04-24/15
Segmented nodule image saved as output/crop991/nodules-last-detected-on/2023-04-24/15/detection/2023-04-24.jpg
Original nodule image saved as output/crop991/nodules-last-detected-on/2023-04-24/15/2023-04-24.jpg


@process_contour: max_id: 20230424_16
Moments: {'m00': 0.0, 'm10': 0.0, 'm01': 0.0, 'm20': 0.0, 'm11': 0.0, 'm02': 0.0, 'm30': 0.0, 'm21': 0.0, 'm12': 0.0, 'm03': 0.0, 'mu20': 0.0, 'mu11': 0.0, 'mu02': 0.0, 'mu30': 0.0, 'mu21': 0.0, 'mu12': 0.0, 'mu03': 0.0, 'nu20': 0.0, 'nu11': 0.0, 'nu02': 0.0, 'nu30': 0.0, 'nu21': 0.0, 'nu12': 0.0, 'nu03': 0.0}
Skipping contour#17 because area is 0.


@process_contour: max_id: 20230424_17
Moments: {'m00': 3.5, 'm10': 584.1666666666666, 'm01': 98.33333333333333, 'm20': 97501.25, 'm11': 16412.541666666664, 'm02': 2763.75, 'm30': 16273774.05, 'm21': 2739401.0666666664, 'm12': 461296.43333333335, 'm03': 77707.2, 'mu20': 1.0515873015974648, 'mu11': 0.24007936508132843, 'mu02': 1.0515873015879151, 'mu30': 0.10347694344818592, 'mu21': 0.0925547989096458, 'mu12': -0.09255479970227043, 'mu03': -0.10347694635856897, 'nu20': 0.08584386135489508, 'nu11': 0.019598315516843136, 'nu02': 0.08584386135411551, 'nu30': 0.004515163496369612, 'nu21': 0.004038581306374961, 'nu12': -0.004038581340960731, 'nu03': -0.004515163623362687}
Centroid: 166, 28
Processing contour#18: area: 3.5 centroid: 166, 28 rectangle: (166, 27, 3, 3)
@find_dayJSON_match_for_contour: x: 166, y: 27, w: 3, h: 3, area: 3.5
Matched with JSON#0: (166, 28, 2, 28.0, 17.0711, 0.656253)
Match with input JSON(nodules) ID: 0
Matched contour: {'x': 166, 'y': 28, 'd': 2, 'a': 28.0, 'p': 17.0711, 'e': 0.656253, 'id': 0, 'tq': 100}
JSON_entry: 0
WARNING: match is empty
entry_id:20230424_17, entry saved to results list
created dirs at nodule_detection_path: output/crop991/nodules-last-detected-on/2023-04-24/17/detection and nodule_images_original_path: output/crop991/nodules-last-detected-on/2023-04-24/17
Segmented nodule image saved as output/crop991/nodules-last-detected-on/2023-04-24/17/detection/2023-04-24.jpg
Original nodule image saved as output/crop991/nodules-last-detected-on/2023-04-24/17/2023-04-24.jpg


Done analyzing contours, found 17 nodules.


results_entry: {'date': '20230424', 'json': 'output/crop991/20230424/20230424.json', 'log': 'output/crop991/20230424/crop991_20230424.log', 'image': 'data/crop991/20230424.jpg', 'plot': None, 'match_stats': {}}
