Current memory usage: 3442.54296875 MB
@analyze_image: file_name: data/crop1013/20230510.jpg, output_dir: output/crop1013, external_logger: <Logger data_crop1013.log (DEBUG)>
Loaded image & JSON file: data/crop1013/20230510.jpg
Scaled JSON data: scalar_position: 0.5, scalar_size: 0.5

@find_prev_next_date: image_output_dir: output/crop1013/20230510
data_dir: data/crop1013
Previous date file: data/crop1013/20230508.jpg, Next date file: data/crop1013/20230512.jpg


Loaded prev_results from JSON file: 20230508, length: 32
Scaled JSON data: scalar_position: 0.5, scalar_size: 0.5
Loaded next_results from JSON file: 20230512, length: 58
Scaled JSON data: scalar_position: 0.5, scalar_size: 0.5
prev_results is not empty, generating matching
Current memory usage: 3442.54296875 MB
current_date:20230510, generating Matching: 20230508_20230510_matching.json
spatial_distances: (41, 32), attribute_distances: (41, 32)
combined_distances: (41, 32)
Current memory usage: 3442.578125 MB

@find_matching: combined_distances: (41, 32), next_matching: [{'id': '20230517_1', 'p': {'id': 0, 'tq': 84.0, 'dx': 2, 'dy': -2, 'dd': 0, 'da': 4.0, 'dp': 0.83, 'de': 0.08}, 'c': {'id': 0}, 'n': {'id': 4, 'dx': -1, 'dy': 1, 'dd': -1, 'da': -45.0, 'dp': -9.07, 'de': -0.16}, 'i': 2}, {'id': '20230512_1', 'p': {'id': 1, 'tq': 87.0, 'dx': 1, 'dy': -2, 'dd': 0, 'da': 0.0, 'dp': -3.24, 'de': -0.15}, 'c': {'id': 1}, 'n': {}, 'i': 0}, {'id': '20230512_2', 'p': {'id': 3, 'tq': 35.0, 'dx': 2, 'dy': -1, 'dd': -1, 'da': -36.0, 'dp': -13.41, 'de': 0.0}, 'c': {'id': 2}, 'n': {}, 'i': 0}, {'id': '20230512_3', 'p': {'id': 4, 'tq': -117.0, 'dx': -8, 'dy': 36, 'dd': 2, 'da': 57.0, 'dp': 13.66, 'de': -0.15}, 'c': {'id': 3}, 'n': {}, 'i': 0}, {'id': '20230515_6', 'p': {'id': 6, 'tq': 57.0, 'dx': 1, 'dy': -1, 'dd': 0, 'da': -25.0, 'dp': -3.07, 'de': -0.13}, 'c': {'id': 4}, 'n': {'id': 10, 'dx': 2, 'dy': 11, 'dd': 0, 'da': 14.0, 'dp': 0.83, 'de': 0.05}, 'i': 1}, {'id': '20230515_4', 'p': {'id': 2, 'tq': -241.0, 'dx': 5, 'dy': 78, 'dd': -2, 'da': -41.0, 'dp': -17.93, 'de': 0.16}, 'c': {'id': 5}, 'n': {'id': 8, 'dx': 0, 'dy': 0, 'dd': 2, 'da': 34.0, 'dp': 16.52, 'de': -0.22}, 'i': 1}, {'id': '20230531_10', 'p': {'id': 7, 'tq': 37.0, 'dx': 1, 'dy': -1, 'dd': 0, 'da': 38.0, 'dp': 6.49, 'de': -0.03}, 'c': {'id': 6}, 'n': {'id': 9, 'dx': 0, 'dy': 0, 'dd': 1, 'da': 27.0, 'dp': 4.0, 'de': 0.03}, 'i': 8}, {'id': '20230515_8', 'p': {'id': 8, 'tq': 59.0, 'dx': 2, 'dy': 1, 'dd': 1, 'da': 22.0, 'dp': 4.0, 'de': -0.03}, 'c': {'id': 7}, 'n': {'id': 12, 'dx': 13, 'dy': 7, 'dd': 0, 'da': 11.0, 'dp': 2.24, 'de': -0.05}, 'i': 1}, {'id': '20230512_8', 'p': {'id': 9, 'tq': 10.0, 'dx': 1, 'dy': -1, 'dd': 2, 'da': 55.0, 'dp': 14.24, 'de': -0.06}, 'c': {'id': 8}, 'n': {}, 'i': 0}, {'id': '20230512_9', 'p': {'id': 10, 'tq': 63.0, 'dx': 2, 'dy': 1, 'dd': -1, 'da': -19.0, 'dp': -4.83, 'de': 0.67}, 'c': {'id': 9}, 'n': {}, 'i': 0}, {'id': '20230512_10', 'p': {'id': 11, 'tq': 18.0, 'dx': 1, 'dy': -1, 'dd': 1, 'da': 50.0, 'dp': 11.07, 'de': -0.03}, 'c': {'id': 11}, 'n': {}, 'i': 0}, {'id': '20230512_11', 'p': {'id': 12, 'tq': 6.0, 'dx': 20, 'dy': 6, 'dd': 0, 'da': 13.0, 'dp': 5.41, 'de': 0.05}, 'c': {'id': 13}, 'n': {}, 'i': 0}, {'id': '20230512_12', 'p': {'id': 5, 'tq': -417.0, 'dx': 37, 'dy': 138, 'dd': 0, 'da': 11.0, 'dp': 3.41, 'de': -0.13}, 'c': {'id': 14}, 'n': {}, 'i': 0}, {'id': '20230512_13', 'p': {'id': 13, 'tq': -25.0, 'dx': 10, 'dy': -2, 'dd': -2, 'da': -59.0, 'dp': -8.83, 'de': -0.02}, 'c': {'id': 16}, 'n': {}, 'i': 0}, {'id': '20230512_14', 'p': {'id': 16, 'tq': 40.0, 'dx': 1, 'dy': -1, 'dd': 1, 'da': 36.0, 'dp': 7.66, 'de': -0.03}, 'c': {'id': 17}, 'n': {}, 'i': 0}, {'id': '20230512_15', 'p': {'id': 14, 'tq': 35.0, 'dx': -7, 'dy': 3, 'dd': 1, 'da': 25.0, 'dp': 4.83, 'de': -0.04}, 'c': {'id': 18}, 'n': {}, 'i': 0}, {'id': '20230512_16', 'p': {'id': 15, 'tq': 44.0, 'dx': -12, 'dy': 2, 'dd': 0, 'da': -7.0, 'dp': -5.04, 'de': 0.26}, 'c': {'id': 19}, 'n': {}, 'i': 0}, {'id': '20230512_17', 'p': {'id': 17, 'tq': 95.0, 'dx': 0, 'dy': 0, 'dd': 0, 'da': -3.0, 'dp': -0.59, 'de': 0.08}, 'c': {'id': 21}, 'n': {}, 'i': 0}, {'id': '20230512_18', 'p': {'id': 18, 'tq': -21.0, 'dx': 1, 'dy': -1, 'dd': 4, 'da': 74.0, 'dp': 23.14, 'de': -0.36}, 'c': {'id': 23}, 'n': {}, 'i': 0}, {'id': '20230607_38', 'p': {'id': 19, 'tq': 93.0, 'dx': 0, 'dy': -1, 'dd': 0, 'da': 2.0, 'dp': 0.59, 'de': -0.08}, 'c': {'id': 28}, 'n': {'id': 39, 'dx': 1, 'dy': 1, 'dd': 1, 'da': 36.0, 'dp': 4.83, 'de': 0.22}, 'i': 11}, {'id': '20230512_20', 'p': {'id': 20, 'tq': -108.0, 'dx': -28, 'dy': 2, 'dd': 4, 'da': 70.0, 'dp': 20.49, 'de': -0.01}, 'c': {'id': 29}, 'n': {}, 'i': 0}, {'id': '20230512_21', 'p': {'id': 21, 'tq': 56.0, 'dx': 0, 'dy': -1, 'dd': 1, 'da': 26.0, 'dp': 7.66, 'de': -0.14}, 'c': {'id': 30}, 'n': {}, 'i': 0}, {'id': '20230607_42', 'p': {'id': 22, 'tq': 53.0, 'dx': 1, 'dy': -2, 'dd': 1, 'da': 26.0, 'dp': 3.66, 'de': -0.08}, 'c': {'id': 31}, 'n': {'id': 41, 'dx': 0, 'dy': 1, 'dd': 1, 'da': 60.0, 'dp': 8.24, 'de': 0.15}, 'i': 11}, {'id': '20230512_23', 'p': {'id': 23, 'tq': 7.0, 'dx': 0, 'dy': -1, 'dd': 2, 'da': 59.0, 'dp': 10.24, 'de': 0.06}, 'c': {'id': 32}, 'n': {}, 'i': 0}, {'id': '20230519_40', 'p': {'id': 24, 'tq': 30.0, 'dx': 1, 'dy': -1, 'dd': 1, 'da': 43.0, 'dp': 7.41, 'de': 0.12}, 'c': {'id': 33}, 'n': {'id': 44, 'dx': 0, 'dy': 1, 'dd': 1, 'da': 35.0, 'dp': 4.24, 'de': -0.16}, 'i': 3}, {'id': '20230607_48', 'p': {'id': 25, 'tq': 68.0, 'dx': 0, 'dy': -1, 'dd': 0, 'da': 19.0, 'dp': 2.83, 'de': 0.13}, 'c': {'id': 37}, 'n': {'id': 46, 'dx': 0, 'dy': 1, 'dd': 1, 'da': 37.0, 'dp': 4.83, 'de': -0.15}, 'i': 11}, {'id': '20230512_26', 'p': {'id': 26, 'tq': 33.0, 'dx': 0, 'dy': -1, 'dd': 1, 'da': 42.0, 'dp': 7.07, 'de': 0.17}, 'c': {'id': 38}, 'n': {}, 'i': 0}, {'id': '20230512_27', 'p': {'id': 27, 'tq': 39.0, 'dx': -11, 'dy': 3, 'dd': 0, 'da': -14.0, 'dp': -2.83, 'de': -0.18}, 'c': {'id': 41}, 'n': {}, 'i': 0}, {'id': '20230607_53', 'p': {'id': 28, 'tq': -46.0, 'dx': 1, 'dy': -1, 'dd': 4, 'da': 92.0, 'dp': 20.49, 'de': -0.18}, 'c': {'id': 42}, 'n': {'id': 54, 'dx': 0, 'dy': 1, 'dd': 1, 'da': 50.0, 'dp': 8.83, 'de': -0.09}, 'i': 11}, {'id': '20230515_43', 'p': {'id': 29, 'tq': 56.0, 'dx': 2, 'dy': 1, 'dd': 0, 'da': 24.0, 'dp': 4.0, 'de': -0.12}, 'c': {'id': 43}, 'n': {'id': 55, 'dx': 3, 'dy': 12, 'dd': 1, 'da': 27.0, 'dp': 4.24, 'de': 0.01}, 'i': 1}, {'id': '20230512_30', 'p': {'id': 30, 'tq': -7.0, 'dx': -24, 'dy': 6, 'dd': 0, 'da': -13.0, 'dp': -3.41, 'de': -0.05}, 'c': {'id': 45}, 'n': {}, 'i': 0}, {'id': '20230512_31', 'p': {'id': 32, 'tq': -83.0, 'dx': -3, 'dy': -27, 'dd': 2, 'da': 55.0, 'dp': 20.18, 'de': -0.19}, 'c': {'id': 47}, 'n': {}, 'i': 0}, {'id': '20230512_32', 'p': {'id': 31, 'tq': 59.0, 'dx': 1, 'dy': -4, 'dd': 0, 'da': -15.0, 'dp': -9.9, 'de': -0.42}, 'c': {'id': 48}, 'n': {}, 'i': 0}, {'id': '20230517_62', 'p': {'id': 33, 'tq': 95.0, 'dx': 0, 'dy': -1, 'dd': 0, 'da': 0.0, 'dp': -0.79, 'de': 0.11}, 'c': {'id': 49}, 'n': {'id': 63, 'dx': 0, 'dy': 2, 'dd': 2, 'da': 44.0, 'dp': 19.49, 'de': -0.27}, 'i': 2}, {'id': '20230512_34', 'p': {'id': 34, 'tq': 5.0, 'dx': 0, 'dy': -1, 'dd': 2, 'da': 60.0, 'dp': 10.83, 'de': 0.17}, 'c': {'id': 50}, 'n': {}, 'i': 0}, {'id': '20230512_35', 'p': {'id': 35, 'tq': -138.0, 'dx': 2, 'dy': -2, 'dd': 6, 'da': 147.0, 'dp': 39.38, 'de': -0.23}, 'c': {'id': 51}, 'n': {}, 'i': 0}, {'id': '20230512_36', 'p': {'id': 38, 'tq': -253.0, 'dx': 2, 'dy': -90, 'dd': -1, 'da': -25.0, 'dp': -5.41, 'de': -0.14}, 'c': {'id': 52}, 'n': {}, 'i': 0}, {'id': '20230607_101', 'p': {'id': 36, 'tq': 58.0, 'dx': 2, 'dy': 0, 'dd': -1, 'da': -23.0, 'dp': -3.17, 'de': 0.1}, 'c': {'id': 54}, 'n': {'id': 72, 'dx': 14, 'dy': -3, 'dd': 0, 'da': -3.0, 'dp': -1.41, 'de': 0.05}, 'i': 11}, {'id': '20230512_38', 'p': {'id': 37, 'tq': -165.0, 'dx': 0, 'dy': -31, 'dd': -4, 'da': -101.0, 'dp': -26.73, 'de': 0.03}, 'c': {'id': 55}, 'n': {}, 'i': 0}, {'id': '20230522_87', 'p': {'id': 39, 'tq': 67.0, 'dx': 2, 'dy': 0, 'dd': -1, 'da': -17.0, 'dp': -4.0, 'de': -0.04}, 'c': {'id': 56}, 'n': {'id': 76, 'dx': -8, 'dy': 6, 'dd': 0, 'da': -2.0, 'dp': 1.66, 'de': 0.03}, 'i': 4}, {'id': '20230512_40', 'p': {'id': 40, 'tq': -39.0, 'dx': 1, 'dy': 1, 'dd': 2, 'da': 88.0, 'dp': 14.93, 'de': 0.04}, 'c': {'id': 57}, 'n': {}, 'i': 0}], current_date_string: 20230510, distance_threshold: 20
matched entry: {'id': '20230517_1', 'p': {'id': 0, 'tq': 84.0, 'dx': 2, 'dy': -2, 'dd': 0, 'da': 4.0, 'dp': 0.83, 'de': 0.08}, 'c': {'id': 0}, 'n': {'id': 4, 'dx': -1, 'dy': 1, 'dd': -1, 'da': -45.0, 'dp': -9.07, 'de': -0.16}, 'i': 2}, len(matching): 0
matched entry: {'id': '20230512_1', 'p': {'id': 1, 'tq': 87.0, 'dx': 1, 'dy': -2, 'dd': 0, 'da': 0.0, 'dp': -3.24, 'de': -0.15}, 'c': {'id': 1}, 'n': {}, 'i': 0}, len(matching): 1
tq < 0
tq < 0
tq < 0
matched entry: {'id': '20230515_8', 'p': {'id': 8, 'tq': 59.0, 'dx': 2, 'dy': 1, 'dd': 1, 'da': 22.0, 'dp': 4.0, 'de': -0.03}, 'c': {'id': 7}, 'n': {'id': 12, 'dx': 13, 'dy': 7, 'dd': 0, 'da': 11.0, 'dp': 2.24, 'de': -0.05}, 'i': 1}, len(matching): 5
matched entry: {'id': '20230512_10', 'p': {'id': 11, 'tq': 18.0, 'dx': 1, 'dy': -1, 'dd': 1, 'da': 50.0, 'dp': 11.07, 'de': -0.03}, 'c': {'id': 11}, 'n': {}, 'i': 0}, len(matching): 6
matched entry: {'id': '20230512_16', 'p': {'id': 15, 'tq': 44.0, 'dx': -12, 'dy': 2, 'dd': 0, 'da': -7.0, 'dp': -5.04, 'de': 0.26}, 'c': {'id': 19}, 'n': {}, 'i': 0}, len(matching): 7
matched entry: {'id': '20230512_14', 'p': {'id': 16, 'tq': 40.0, 'dx': 1, 'dy': -1, 'dd': 1, 'da': 36.0, 'dp': 7.66, 'de': -0.03}, 'c': {'id': 17}, 'n': {}, 'i': 0}, len(matching): 8
tq < 0
matched entry: {'id': '20230607_38', 'p': {'id': 19, 'tq': 93.0, 'dx': 0, 'dy': -1, 'dd': 0, 'da': 2.0, 'dp': 0.59, 'de': -0.08}, 'c': {'id': 28}, 'n': {'id': 39, 'dx': 1, 'dy': 1, 'dd': 1, 'da': 36.0, 'dp': 4.83, 'de': 0.22}, 'i': 11}, len(matching): 10
tq < 0
matched entry: {'id': '20230512_21', 'p': {'id': 21, 'tq': 56.0, 'dx': 0, 'dy': -1, 'dd': 1, 'da': 26.0, 'dp': 7.66, 'de': -0.14}, 'c': {'id': 30}, 'n': {}, 'i': 0}, len(matching): 12
matched entry: {'id': '20230607_42', 'p': {'id': 22, 'tq': 53.0, 'dx': 1, 'dy': -2, 'dd': 1, 'da': 26.0, 'dp': 3.66, 'de': -0.08}, 'c': {'id': 31}, 'n': {'id': 41, 'dx': 0, 'dy': 1, 'dd': 1, 'da': 60.0, 'dp': 8.24, 'de': 0.15}, 'i': 11}, len(matching): 13
matched entry: {'id': '20230512_23', 'p': {'id': 23, 'tq': 7.0, 'dx': 0, 'dy': -1, 'dd': 2, 'da': 59.0, 'dp': 10.24, 'de': 0.06}, 'c': {'id': 32}, 'n': {}, 'i': 0}, len(matching): 14
matched entry: {'id': '20230519_40', 'p': {'id': 24, 'tq': 30.0, 'dx': 1, 'dy': -1, 'dd': 1, 'da': 43.0, 'dp': 7.41, 'de': 0.12}, 'c': {'id': 33}, 'n': {'id': 44, 'dx': 0, 'dy': 1, 'dd': 1, 'da': 35.0, 'dp': 4.24, 'de': -0.16}, 'i': 3}, len(matching): 15
matched entry: {'id': '20230607_48', 'p': {'id': 25, 'tq': 68.0, 'dx': 0, 'dy': -1, 'dd': 0, 'da': 19.0, 'dp': 2.83, 'de': 0.13}, 'c': {'id': 37}, 'n': {'id': 46, 'dx': 0, 'dy': 1, 'dd': 1, 'da': 37.0, 'dp': 4.83, 'de': -0.15}, 'i': 11}, len(matching): 16
matched entry: {'id': '20230512_26', 'p': {'id': 26, 'tq': 33.0, 'dx': 0, 'dy': -1, 'dd': 1, 'da': 42.0, 'dp': 7.07, 'de': 0.17}, 'c': {'id': 38}, 'n': {}, 'i': 0}, len(matching): 17
matched entry: {'id': '20230512_27', 'p': {'id': 27, 'tq': 39.0, 'dx': -11, 'dy': 3, 'dd': 0, 'da': -14.0, 'dp': -2.83, 'de': -0.18}, 'c': {'id': 41}, 'n': {}, 'i': 0}, len(matching): 18
tq < 0
matched entry: {'id': '20230515_43', 'p': {'id': 29, 'tq': 56.0, 'dx': 2, 'dy': 1, 'dd': 0, 'da': 24.0, 'dp': 4.0, 'de': -0.12}, 'c': {'id': 43}, 'n': {'id': 55, 'dx': 3, 'dy': 12, 'dd': 1, 'da': 27.0, 'dp': 4.24, 'de': 0.01}, 'i': 1}, len(matching): 20
tq < 0
matched entry: {'id': '20230512_32', 'p': {'id': 31, 'tq': 59.0, 'dx': 1, 'dy': -4, 'dd': 0, 'da': -15.0, 'dp': -9.9, 'de': -0.42}, 'c': {'id': 48}, 'n': {}, 'i': 0}, len(matching): 22
tq < 0
matched entry: {'id': '20230517_62', 'p': {'id': 33, 'tq': 95.0, 'dx': 0, 'dy': -1, 'dd': 0, 'da': 0.0, 'dp': -0.79, 'de': 0.11}, 'c': {'id': 49}, 'n': {'id': 63, 'dx': 0, 'dy': 2, 'dd': 2, 'da': 44.0, 'dp': 19.49, 'de': -0.27}, 'i': 2}, len(matching): 24
matched entry: {'id': '20230512_34', 'p': {'id': 34, 'tq': 5.0, 'dx': 0, 'dy': -1, 'dd': 2, 'da': 60.0, 'dp': 10.83, 'de': 0.17}, 'c': {'id': 50}, 'n': {}, 'i': 0}, len(matching): 25
tq < 0
matched entry: {'id': '20230607_101', 'p': {'id': 36, 'tq': 58.0, 'dx': 2, 'dy': 0, 'dd': -1, 'da': -23.0, 'dp': -3.17, 'de': 0.1}, 'c': {'id': 54}, 'n': {'id': 72, 'dx': 14, 'dy': -3, 'dd': 0, 'da': -3.0, 'dp': -1.41, 'de': 0.05}, 'i': 11}, len(matching): 27
tq < 0
tq < 0
matched entry: {'id': '20230522_87', 'p': {'id': 39, 'tq': 67.0, 'dx': 2, 'dy': 0, 'dd': -1, 'da': -17.0, 'dp': -4.0, 'de': -0.04}, 'c': {'id': 56}, 'n': {'id': 76, 'dx': -8, 'dy': 6, 'dd': 0, 'da': -2.0, 'dp': 1.66, 'de': 0.03}, 'i': 4}, len(matching): 30
tq < 0
i_dict: {0: 12, 1: 10, 2: 2, 3: 2, 4: 1, 5: 1, 12: 4}
tq_average: -144.4688, dx_average: -6.1875, dy_average: -24.5625, dd_average: -0.0625, da_average: -10.5938, dp_average: -2.9484, de_average: 0.0194
average_tracking_quality: 49.8462
@find_matching:
Returning:
Matching(lenght=32): [{'id': '20230517_1', 'p': {'id': 0, 'tq': 43.0, 'dx': -1, 'dy': 1, 'dd': 1, 'da': 34.0, 'dp': 6.83, 'de': 0.11}, 'c': {'id': 0}, 'n': {'id': 0, 'dx': 2, 'dy': -2, 'dd': 0, 'da': 4.0, 'dp': 0.83, 'de': 0.08}, 'i': 3}, {'id': '20230512_1', 'p': {'id': 1, 'tq': -11.0, 'dx': 0, 'dy': 0, 'dd': 3, 'da': 70.0, 'dp': 23.97, 'de': 0.19}, 'c': {'id': 1}, 'n': {'id': 1, 'dx': 1, 'dy': -2, 'dd': 0, 'da': 0.0, 'dp': -3.24, 'de': -0.15}, 'i': 1}, {'id': '20230510_2', 'p': {'id': 3, 'tq': 38.0, 'dx': -10, 'dy': -2, 'dd': 0, 'da': 17.0, 'dp': 3.45, 'de': -0.23}, 'c': {'id': 2}, 'n': {}, 'i': 0}, {'id': '20230510_3', 'p': {'id': 2, 'tq': 17.0, 'dx': 2, 'dy': 2, 'dd': -2, 'da': -47.0, 'dp': -11.66, 'de': 0.18}, 'c': {'id': 4}, 'n': {}, 'i': 0}, {'id': '20230510_4', 'p': {'id': 4, 'tq': -91.0, 'dx': 9, 'dy': -1, 'dd': -3, 'da': -104.0, 'dp': -20.49, 'de': -0.1}, 'c': {'id': 5}, 'n': {}, 'i': 0}, {'id': '20230515_8', 'p': {'id': 5, 'tq': 82.0, 'dx': 2, 'dy': 2, 'dd': -1, 'da': -5.0, 'dp': -0.83, 'de': 0.07}, 'c': {'id': 8}, 'n': {'id': 7, 'dx': 2, 'dy': 1, 'dd': 1, 'da': 22.0, 'dp': 4.0, 'de': -0.03}, 'i': 2}, {'id': '20230512_10', 'p': {'id': 6, 'tq': 5.0, 'dx': 18, 'dy': -8, 'dd': 0, 'da': -17.0, 'dp': -4.83, 'de': -0.07}, 'c': {'id': 11}, 'n': {'id': 11, 'dx': 1, 'dy': -1, 'dd': 1, 'da': 50.0, 'dp': 11.07, 'de': -0.03}, 'i': 1}, {'id': '20230512_16', 'p': {'id': 11, 'tq': -376.0, 'dx': 91, 'dy': -89, 'dd': 1, 'da': 16.0, 'dp': 12.04, 'de': -0.4}, 'c': {'id': 15}, 'n': {'id': 19, 'dx': -12, 'dy': 2, 'dd': 0, 'da': -7.0, 'dp': -5.04, 'de': 0.26}, 'i': 1}, {'id': '20230512_14', 'p': {'id': 7, 'tq': 28.0, 'dx': -4, 'dy': 17, 'dd': 0, 'da': -7.0, 'dp': -2.0, 'de': 0.03}, 'c': {'id': 16}, 'n': {'id': 17, 'dx': 1, 'dy': -1, 'dd': 1, 'da': 36.0, 'dp': 7.66, 'de': -0.03}, 'i': 1}, {'id': '20230510_9', 'p': {'id': 10, 'tq': -199.0, 'dx': 53, 'dy': -64, 'dd': -1, 'da': -5.0, 'dp': -2.41, 'de': 0.49}, 'c': {'id': 18}, 'n': {}, 'i': 0}, {'id': '20230607_38', 'p': {'id': 12, 'tq': -274.0, 'dx': 33, 'dy': -33, 'dd': 4, 'da': 138.0, 'dp': 26.73, 'de': 0.05}, 'c': {'id': 19}, 'n': {'id': 28, 'dx': 0, 'dy': -1, 'dd': 0, 'da': 2.0, 'dp': 0.59, 'de': -0.08}, 'i': 12}, {'id': '20230510_11', 'p': {'id': 8, 'tq': 77.0, 'dx': 0, 'dy': 1, 'dd': -1, 'da': -12.0, 'dp': -5.41, 'de': 0.07}, 'c': {'id': 20}, 'n': {}, 'i': 0}, {'id': '20230512_21', 'p': {'id': 9, 'tq': 70.0, 'dx': 0, 'dy': 1, 'dd': -1, 'da': -17.0, 'dp': -4.0, 'de': -0.05}, 'c': {'id': 21}, 'n': {'id': 30, 'dx': 0, 'dy': -1, 'dd': 1, 'da': 26.0, 'dp': 7.66, 'de': -0.14}, 'i': 1}, {'id': '20230607_42', 'p': {'id': 15, 'tq': -105.0, 'dx': 29, 'dy': -34, 'dd': 1, 'da': 32.0, 'dp': 6.0, 'de': -0.27}, 'c': {'id': 22}, 'n': {'id': 31, 'dx': 1, 'dy': -2, 'dd': 1, 'da': 26.0, 'dp': 3.66, 'de': -0.08}, 'i': 12}, {'id': '20230512_23', 'p': {'id': 16, 'tq': -170.0, 'dx': 61, 'dy': -31, 'dd': 0, 'da': 20.0, 'dp': 3.41, 'de': -0.16}, 'c': {'id': 23}, 'n': {'id': 32, 'dx': 0, 'dy': -1, 'dd': 2, 'da': 59.0, 'dp': 10.24, 'de': 0.06}, 'i': 1}, {'id': '20230519_40', 'p': {'id': 14, 'tq': -42.0, 'dx': 7, 'dy': -13, 'dd': 2, 'da': 59.0, 'dp': 10.83, 'de': -0.06}, 'c': {'id': 24}, 'n': {'id': 33, 'dx': 1, 'dy': -1, 'dd': 1, 'da': 43.0, 'dp': 7.41, 'de': 0.12}, 'i': 4}, {'id': '20230607_48', 'p': {'id': 13, 'tq': 72.0, 'dx': 1, 'dy': 2, 'dd': 1, 'da': 13.0, 'dp': 2.59, 'de': -0.07}, 'c': {'id': 25}, 'n': {'id': 37, 'dx': 0, 'dy': -1, 'dd': 0, 'da': 19.0, 'dp': 2.83, 'de': 0.13}, 'i': 12}, {'id': '20230512_26', 'p': {'id': 19, 'tq': -93.0, 'dx': 41, 'dy': -23, 'dd': 1, 'da': 19.0, 'dp': 3.17, 'de': -0.14}, 'c': {'id': 26}, 'n': {'id': 38, 'dx': 0, 'dy': -1, 'dd': 1, 'da': 42.0, 'dp': 7.07, 'de': 0.17}, 'i': 1}, {'id': '20230512_27', 'p': {'id': 21, 'tq': -147.0, 'dx': 33, 'dy': -40, 'dd': 1, 'da': 42.0, 'dp': 11.07, 'de': 0.06}, 'c': {'id': 27}, 'n': {'id': 41, 'dx': -11, 'dy': 3, 'dd': 0, 'da': -14.0, 'dp': -2.83, 'de': -0.18}, 'i': 1}, {'id': '20230510_19', 'p': {'id': 23, 'tq': -242.0, 'dx': -61, 'dy': -68, 'dd': -1, 'da': -14.0, 'dp': -5.41, 'de': 0.18}, 'c': {'id': 28}, 'n': {}, 'i': 0}, {'id': '20230515_43', 'p': {'id': 18, 'tq': 22.0, 'dx': 1, 'dy': 1, 'dd': 2, 'da': 47.0, 'dp': 11.66, 'de': -0.15}, 'c': {'id': 29}, 'n': {'id': 43, 'dx': 2, 'dy': 1, 'dd': 0, 'da': 24.0, 'dp': 4.0, 'de': -0.12}, 'i': 2}, {'id': '20230510_21', 'p': {'id': 20, 'tq': 51.0, 'dx': 0, 'dy': 3, 'dd': -1, 'da': -25.0, 'dp': -5.41, 'de': -0.07}, 'c': {'id': 30}, 'n': {}, 'i': 0}, {'id': '20230512_32', 'p': {'id': 22, 'tq': -16.0, 'dx': -1, 'dy': 2, 'dd': -2, 'da': -72.0, 'dp': -5.17, 'de': 0.1}, 'c': {'id': 31}, 'n': {'id': 48, 'dx': 1, 'dy': -4, 'dd': 0, 'da': -15.0, 'dp': -9.9, 'de': -0.42}, 'i': 1}, {'id': '20230510_23', 'p': {'id': 26, 'tq': -420.0, 'dx': -57, 'dy': -135, 'dd': 1, 'da': 4.0, 'dp': 2.59, 'de': -0.01}, 'c': {'id': 32}, 'n': {}, 'i': 0}, {'id': '20230517_62', 'p': {'id': 24, 'tq': -273.0, 'dx': 6, 'dy': -78, 'dd': -3, 'da': -62.0, 'dp': -22.69, 'de': 0.49}, 'c': {'id': 33}, 'n': {'id': 49, 'dx': 0, 'dy': -1, 'dd': 0, 'da': 0.0, 'dp': -0.79, 'de': 0.11}, 'i': 3}, {'id': '20230512_34', 'p': {'id': 28, 'tq': -950.0, 'dx': -216, 'dy': -198, 'dd': 0, 'da': 16.0, 'dp': 3.41, 'de': 0.07}, 'c': {'id': 34}, 'n': {'id': 50, 'dx': 0, 'dy': -1, 'dd': 2, 'da': 60.0, 'dp': 10.83, 'de': 0.17}, 'i': 1}, {'id': '20230510_26', 'p': {'id': 17, 'tq': -179.0, 'dx': -10, 'dy': 72, 'dd': -1, 'da': -14.0, 'dp': -8.9, 'de': 0.48}, 'c': {'id': 35}, 'n': {}, 'i': 0}, {'id': '20230607_101', 'p': {'id': 25, 'tq': 77.0, 'dx': 1, 'dy': 2, 'dd': 0, 'da': 10.0, 'dp': 2.0, 'de': 0.08}, 'c': {'id': 36}, 'n': {'id': 54, 'dx': 2, 'dy': 0, 'dd': -1, 'da': -23.0, 'dp': -3.17, 'de': 0.1}, 'i': 12}, {'id': '20230510_28', 'p': {'id': 27, 'tq': 66.0, 'dx': 1, 'dy': -4, 'dd': 1, 'da': 13.0, 'dp': 0.83, 'de': -0.23}, 'c': {'id': 37}, 'n': {}, 'i': 0}, {'id': '20230510_29', 'p': {'id': 29, 'tq': -262.0, 'dx': -61, 'dy': -68, 'dd': 0, 'da': -28.0, 'dp': -3.17, 'de': 0.03}, 'c': {'id': 38}, 'n': {}, 'i': 0}, {'id': '20230522_87', 'p': {'id': 31, 'tq': -1089.0, 'dx': -89, 'dy': -38, 'dd': -7, 'da': -547.0, 'dp': -148.11, 'de': -0.41}, 'c': {'id': 39}, 'n': {'id': 56, 'dx': 2, 'dy': 0, 'dd': -1, 'da': -17.0, 'dp': -4.0, 'de': -0.04}, 'i': 5}, {'id': '20230510_31', 'p': {'id': 30, 'tq': -332.0, 'dx': -77, 'dy': 35, 'dd': 3, 'da': 87.0, 'dp': 25.56, 'de': 0.36}, 'c': {'id': 40}, 'n': {}, 'i': 0}]
Unmatched current(length=9): {3, 6, 7, 9, 10, 12, 13, 14, 17}
Unmatched previous(length=0): set()
Distance threshold: 20



@plot_data: normalized_points: (41, 2), normalized_prev_points: (32, 2), current_points: (41, 2), prev_points: (32, 2), current_data: 41, prev_data: 32, matching: 32, unmatched_current: 9, unmatched_prev: 0, combined_distances: (41, 32), distance_threshold: 20, current_date_string: 20230510, previous_date_string: 20230508, filename: output/crop1013/plots/20230508_20230510.png
Plots created
Plotted the normalized points
Drawing lines between the matched points
Plotting the unmatched points
Plotted the original points with diameter as size
Drawing lines between the matched points and add the indices to the plots with color coding
Setting the titles and labels
Done plotting

@process_image: output_dir: output/crop1013/20230510, image_name: 20230510, date_string: 20230510
len(json_data) = 41 json_data entries
len(matching) = 32 matching entries, setting max_id_i to 32
crop_dir: output/crop1013
nodules_dir: output/crop1013/nodules-last-detected-on
Split image into left and right images: (705, 300, 3), (705, 300, 3)
Converted right image to HSV: (705, 300, 3)
Created mask to detect nodules: (705, 300)

Found 40 contours in mask, processing each contour...

@process_contour: max_id: 20230510_32
Moments: {'m00': 13.0, 'm10': 716.6666666666666, 'm01': 9123.166666666666, 'm20': 39538.5, 'm11': 502945.5833333333, 'm02': 6402481.666666666, 'm30': 2182995.4, 'm21': 27747610.216666665, 'm12': 352959819.8833333, 'm03': 4493156609.650001, 'mu20': 29.952991452992137, 'mu11': 1.7799145299359225, 'mu02': 7.049145299009979, 'mu30': 6.352224413305521, 'mu21': 4.335064644958038, 'mu12': -0.9903791596969995, 'mu03': -1.606353759765625, 'nu20': 0.17723663581652155, 'nu11': 0.010532038638674098, 'nu02': 0.04171091892905313, 'nu30': 0.010424793279666462, 'nu21': 0.007114382275761176, 'nu12': -0.0016253358408914297, 'nu03': -0.0026362270584293695}
Centroid: 55, 701
Processing contour#1: area: 13.0 centroid: 55, 701 rectangle: (52, 700, 7, 4)
@find_dayJSON_match_for_contour: x: 52, y: 700, w: 7, h: 4, area: 13.0
Matched with JSON#40: (55, 701, 6, 118.0, 43.4558, 0.807705)
Match with input JSON(nodules) ID: 40
Matched contour: {'x': 55, 'y': 701, 'd': 6, 'a': 118.0, 'p': 43.4558, 'e': 0.807705, 'id': 40, 'tq': 100}
JSON_entry: 40
Matched with first_id: 40 second_id: 30 name: 20230510_31
entry_id:20230510_31, entry saved to results list
WARNING: right_nodule_img.shape != (50, 50, 3) != (29, 50, 3)
@process_contour: max_id: 20230510_33
Moments: {'m00': 64.0, 'm10': 9009.333333333332, 'm01': 42550.5, 'm20': 1268518.0, 'm11': 5989866.25, 'm02': 28290173.5, 'm30': 178645463.60000002, 'm21': 843375276.4166666, 'm12': 3982427096.616667, 'm03': 18809307415.25, 'mu20': 266.6388888892252, 'mu11': -3.0937499990686774, 'mu02': 407.08984375, 'mu30': 57.68449068069458, 'mu21': -26.92317738640122, 'mu12': -88.3538740475924, 'mu03': 51.74151611328125, 'nu20': 0.065097384982721, 'nu11': -0.0007553100583663763, 'nu02': 0.09938716888427734, 'nu30': 0.0017603909509489313, 'nu21': -0.0008216301692627326, 'nu12': -0.002696346253893811, 'nu03': 0.001579025760293007}
Centroid: 140, 664
Processing contour#2: area: 64.0 centroid: 140, 664 rectangle: (137, 660, 9, 11)
@find_dayJSON_match_for_contour: x: 137, y: 660, w: 9, h: 11, area: 64.0
Matched with JSON#39: (140, 664, 8, 210.0, 52.6274, 0.579983)
Match with input JSON(nodules) ID: 39
Matched contour: {'x': 140, 'y': 664, 'd': 8, 'a': 210.0, 'p': 52.6274, 'e': 0.579983, 'id': 39, 'tq': 100}
JSON_entry: 39
Matched with first_id: 39 second_id: 31 name: 20230522_87
entry_id:20230522_87, entry saved to results list
created dirs at nodule_detection_path: output/crop1013/nodules-last-detected-on/2023-05-22/87/detection and nodule_images_original_path: output/crop1013/nodules-last-detected-on/2023-05-22/87
Segmented nodule image saved as output/crop1013/nodules-last-detected-on/2023-05-22/87/detection/2023-05-10.jpg
Original nodule image saved as output/crop1013/nodules-last-detected-on/2023-05-22/87/2023-05-10.jpg


@process_contour: max_id: 20230510_34
Moments: {'m00': 35.0, 'm10': 2746.0, 'm01': 20769.5, 'm20': 215547.16666666666, 'm11': 1629533.4166666665, 'm02': 12325015.0, 'm30': 16927520.0, 'm21': 127911562.58333333, 'm12': 967006568.0833334, 'm03': 7313955083.75, 'mu20': 103.85238095236127, 'mu11': 17.78809523792006, 'mu02': 96.99285714328289, 'mu30': 9.230204086750746, 'mu21': 3.4318367738087545, 'mu12': -5.907754904031208, 'mu03': -2.7869396209716797, 'nu20': 0.08477745383866225, 'nu11': 0.014520894071771477, 'nu02': 0.0791778425659452, 'nu30': 0.0012736238785191728, 'nu21': 0.0004735398287213476, 'nu12': -0.0008151778274343238, 'nu03': -0.00038455410258541944}
Centroid: 78, 593
Processing contour#3: area: 35.0 centroid: 78, 593 rectangle: (75, 590, 8, 8)
@find_dayJSON_match_for_contour: x: 75, y: 590, w: 8, h: 8, area: 35.0
Matched with JSON#38: (78, 593, 6, 116.0, 39.2132, 0.593277)
Match with input JSON(nodules) ID: 38
Matched contour: {'x': 78, 'y': 593, 'd': 6, 'a': 116.0, 'p': 39.2132, 'e': 0.593277, 'id': 38, 'tq': 100}
JSON_entry: 38
Matched with first_id: 38 second_id: 29 name: 20230510_29
entry_id:20230510_29, entry saved to results list
created dirs at nodule_detection_path: output/crop1013/nodules-last-detected-on/2023-05-10/29/detection and nodule_images_original_path: output/crop1013/nodules-last-detected-on/2023-05-10/29
Segmented nodule image saved as output/crop1013/nodules-last-detected-on/2023-05-10/29/detection/2023-05-10.jpg
Original nodule image saved as output/crop1013/nodules-last-detected-on/2023-05-10/29/2023-05-10.jpg


@process_contour: max_id: 20230510_35
Moments: {'m00': 18.0, 'm10': 4872.0, 'm01': 10493.166666666666, 'm20': 1318734.3333333333, 'm11': 2840168.4166666665, 'm02': 6117056.833333333, 'm30': 356962532.0, 'm21': 768770791.55, 'm12': 1655704325.4166667, 'm03': 3565991774.65, 'mu20': 46.333333333488554, 'mu11': 17.972222222480923, 'mu02': 26.46141975466162, 'mu30': 24.0, 'mu21': -1.2308642209027312, 'mu12': -11.419238710153877, 'mu03': -13.673017501831055, 'nu20': 0.14300411522681652, 'nu11': 0.055469821674323835, 'nu02': 0.08167104862549882, 'nu30': 0.017459426695964134, 'nu21': -0.0008954243182306766, 'nu12': -0.008307223382651985, 'nu03': -0.009946793616077249}
Centroid: 270, 582
Processing contour#4: area: 18.0 centroid: 270, 582 rectangle: (268, 580, 7, 6)
@find_dayJSON_match_for_contour: x: 268, y: 580, w: 7, h: 6, area: 18.0
Matched with JSON#37: (271, 582, 6, 117.0, 38.9706, 0.576405)
Match with input JSON(nodules) ID: 37
Matched contour: {'x': 271, 'y': 582, 'd': 6, 'a': 117.0, 'p': 38.9706, 'e': 0.576405, 'id': 37, 'tq': 100}
JSON_entry: 37
Matched with first_id: 37 second_id: 27 name: 20230510_28
entry_id:20230510_28, entry saved to results list
created dirs at nodule_detection_path: output/crop1013/nodules-last-detected-on/2023-05-10/28/detection and nodule_images_original_path: output/crop1013/nodules-last-detected-on/2023-05-10/28
Segmented nodule image saved as output/crop1013/nodules-last-detected-on/2023-05-10/28/detection/2023-05-10.jpg
Original nodule image saved as output/crop1013/nodules-last-detected-on/2023-05-10/28/2023-05-10.jpg


@process_contour: max_id: 20230510_36
Moments: {'m00': 31.5, 'm10': 5061.0, 'm01': 17365.666666666664, 'm20': 813206.0833333333, 'm11': 2790086.708333333, 'm02': 9573630.083333332, 'm30': 130678283.4, 'm21': 448314124.84999996, 'm12': 1538166446.3833332, 'm03': 5277960079.8, 'mu20': 72.08333333325572, 'mu11': 2.9305555559694767, 'mu02': 94.249118167907, 'mu30': 9.900000050663948, 'mu21': -16.024779545448837, 'mu12': -18.18339229871708, 'mu03': 9.492753028869629, 'nu20': 0.0726463424875341, 'nu11': 0.002953444752803705, 'nu02': 0.09498525388551976, 'nu30': 0.0017777013914326099, 'nu21': -0.002877502297935313, 'nu12': -0.0032651153156536086, 'nu03': 0.0017045737557158814}
Centroid: 160, 551
Processing contour#5: area: 31.5 centroid: 160, 551 rectangle: (158, 548, 7, 8)
@find_dayJSON_match_for_contour: x: 158, y: 548, w: 7, h: 8, area: 31.5
Matched with JSON#36: (160, 551, 6, 131.0, 40.1421, 0.324233)
Match with input JSON(nodules) ID: 36
Matched contour: {'x': 160, 'y': 551, 'd': 6, 'a': 131.0, 'p': 40.1421, 'e': 0.324233, 'id': 36, 'tq': 100}
JSON_entry: 36
Matched with first_id: 36 second_id: 25 name: 20230607_101
entry_id:20230607_101, entry saved to results list
created dirs at nodule_detection_path: output/crop1013/nodules-last-detected-on/2023-06-07/101/detection and nodule_images_original_path: output/crop1013/nodules-last-detected-on/2023-06-07/101
Segmented nodule image saved as output/crop1013/nodules-last-detected-on/2023-06-07/101/detection/2023-05-10.jpg
Original nodule image saved as output/crop1013/nodules-last-detected-on/2023-06-07/101/2023-05-10.jpg


@process_contour: max_id: 20230510_37
Moments: {'m00': 3.0, 'm10': 118.5, 'm01': 1363.5, 'm20': 4683.0, 'm11': 53858.25, 'm02': 619711.0, 'm30': 185156.25, 'm21': 2128423.5, 'm12': 24478584.5, 'm03': 281658876.75, 'mu20': 2.25, 'mu11': 0.0, 'mu02': 0.25, 'mu30': 0.0, 'mu21': 0.0, 'mu12': 0.0, 'mu03': 0.0, 'nu20': 0.25, 'nu11': 0.0, 'nu02': 0.027777777777777776, 'nu30': 0.0, 'nu21': 0.0, 'nu12': 0.0, 'nu03': 0.0}
Centroid: 39, 454
Processing contour#6: area: 3.0 centroid: 39, 454 rectangle: (38, 454, 4, 2)
@find_dayJSON_match_for_contour: x: 38, y: 454, w: 4, h: 2, area: 3.0
Matched with JSON#35: (39, 455, 1, 9.0, 7.0, 0.973119)
Match with input JSON(nodules) ID: 35
Matched contour: {'x': 39, 'y': 455, 'd': 1, 'a': 9.0, 'p': 7.0, 'e': 0.973119, 'id': 35, 'tq': 100}
JSON_entry: 35
Matched with first_id: 35 second_id: 17 name: 20230510_26
entry_id:20230510_26, entry saved to results list
created dirs at nodule_detection_path: output/crop1013/nodules-last-detected-on/2023-05-10/26/detection and nodule_images_original_path: output/crop1013/nodules-last-detected-on/2023-05-10/26
Segmented nodule image saved as output/crop1013/nodules-last-detected-on/2023-05-10/26/detection/2023-05-10.jpg
Original nodule image saved as output/crop1013/nodules-last-detected-on/2023-05-10/26/2023-05-10.jpg


@process_contour: max_id: 20230510_38
Moments: {'m00': 20.0, 'm10': 1087.5, 'm01': 9048.0, 'm20': 59164.5, 'm11': 491987.6666666666, 'm02': 4093348.6666666665, 'm30': 3220514.75, 'm21': 26766309.083333332, 'm12': 222578247.91666666, 'm03': 1851861219.0, 'mu20': 31.6875, 'mu11': 2.666666666569654, 'mu02': 33.46666666632518, 'mu30': -0.953125, 'mu21': -0.7166666567336506, 'mu12': 1.3666667229845189, 'mu03': 1.5600001811981201, 'nu20': 0.07921875000000002, 'nu11': 0.006666666666424136, 'nu02': 0.08366666666581297, 'nu30': -0.0005328130727636218, 'nu21': -0.00040062884041598755, 'nu12': 0.0007639899237950647, 'nu03': 0.0008720666125177466}
Centroid: 54, 452
Processing contour#7: area: 20.0 centroid: 54, 452 rectangle: (52, 450, 6, 6)
@find_dayJSON_match_for_contour: x: 52, y: 450, w: 6, h: 6, area: 20.0
Matched with JSON#34: (54, 452, 4, 78.0, 30.7279, 0.319444)
Match with input JSON(nodules) ID: 34
Matched contour: {'x': 54, 'y': 452, 'd': 4, 'a': 78.0, 'p': 30.7279, 'e': 0.319444, 'id': 34, 'tq': 100}
JSON_entry: 34
Matched with first_id: 34 second_id: 28 name: 20230512_34
entry_id:20230512_34, entry saved to results list
created dirs at nodule_detection_path: output/crop1013/nodules-last-detected-on/2023-05-12/34/detection and nodule_images_original_path: output/crop1013/nodules-last-detected-on/2023-05-12/34
Segmented nodule image saved as output/crop1013/nodules-last-detected-on/2023-05-12/34/detection/2023-05-10.jpg
Original nodule image saved as output/crop1013/nodules-last-detected-on/2023-05-12/34/2023-05-10.jpg


@process_contour: max_id: 20230510_39
Moments: {'m00': 1.5, 'm10': 270.66666666666663, 'm01': 658.8333333333333, 'm20': 48840.416666666664, 'm11': 118882.875, 'm02': 289374.5833333333, 'm30': 8813025.3, 'm21': 21451818.066666666, 'm12': 52216088.766666666, 'm03': 127100048.45, 'mu20': 0.12037037038680864, 'mu11': 0.060185185211594217, 'mu02': 0.3425925926421769, 'mu30': 0.007818927988409996, 'mu21': 0.003909461078166032, 'mu12': -0.02860083963927451, 'mu03': -0.044855982065200806, 'nu20': 0.053497942394137174, 'nu11': 0.026748971205152985, 'nu02': 0.15226337450763416, 'nu30': 0.0028373902084697176, 'nu21': 0.0014186940460411497, 'nu12': -0.01037888345650214, 'nu03': -0.01627766932906305}
Centroid: 180, 439
Processing contour#8: area: 1.5 centroid: 180, 439 rectangle: (180, 438, 2, 3)
@find_dayJSON_match_for_contour: x: 180, y: 438, w: 2, h: 3, area: 1.5
Matched with JSON#32: (180, 439, 2, 13.0, 10.2071, 0.774346)
Match with input JSON(nodules) ID: 32
Matched contour: {'x': 180, 'y': 439, 'd': 2, 'a': 13.0, 'p': 10.2071, 'e': 0.774346, 'id': 32, 'tq': 100}
JSON_entry: 32
Matched with first_id: 32 second_id: 26 name: 20230510_23
entry_id:20230510_23, entry saved to results list
created dirs at nodule_detection_path: output/crop1013/nodules-last-detected-on/2023-05-10/23/detection and nodule_images_original_path: output/crop1013/nodules-last-detected-on/2023-05-10/23
Segmented nodule image saved as output/crop1013/nodules-last-detected-on/2023-05-10/23/detection/2023-05-10.jpg
Original nodule image saved as output/crop1013/nodules-last-detected-on/2023-05-10/23/2023-05-10.jpg


@process_contour: max_id: 20230510_40
Moments: {'m00': 43.0, 'm10': 1276.6666666666665, 'm01': 18339.0, 'm20': 38022.83333333333, 'm11': 544411.5, 'm02': 7821602.166666666, 'm30': 1135937.4000000001, 'm21': 16212008.0, 'm12': 232161381.79999998, 'm03': 3336020197.5, 'mu20': 118.6989664082721, 'mu11': -71.98837209295016, 'mu02': 231.91085271257907, 'mu30': -5.900382588850334, 'mu21': -13.632323779071157, 'mu12': 24.20466315978865, 'mu03': 7.714982032775879, 'nu20': 0.06419630416888701, 'nu11': -0.03893367879553821, 'nu02': 0.125425014987874, 'nu30': -0.000486641378699334, 'nu21': -0.0011243428267277023, 'nu12': 0.0019963096415630257, 'nu03': 0.0006363027204651452}
Centroid: 29, 426
Processing contour#9: area: 43.0 centroid: 29, 426 rectangle: (26, 422, 8, 10)
@find_dayJSON_match_for_contour: x: 26, y: 422, w: 8, h: 10, area: 43.0
Matched with JSON#31: (29, 426, 6, 138.0, 48.2843, 0.855491)
Match with input JSON(nodules) ID: 31
Matched contour: {'x': 29, 'y': 426, 'd': 6, 'a': 138.0, 'p': 48.2843, 'e': 0.855491, 'id': 31, 'tq': 100}
JSON_entry: 31
Matched with first_id: 31 second_id: 22 name: 20230512_32
entry_id:20230512_32, entry saved to results list
created dirs at nodule_detection_path: output/crop1013/nodules-last-detected-on/2023-05-12/32/detection and nodule_images_original_path: output/crop1013/nodules-last-detected-on/2023-05-12/32
Segmented nodule image saved as output/crop1013/nodules-last-detected-on/2023-05-12/32/detection/2023-05-10.jpg
Original nodule image saved as output/crop1013/nodules-last-detected-on/2023-05-12/32/2023-05-10.jpg


@process_contour: max_id: 20230510_41
Moments: {'m00': 14.0, 'm10': 714.0, 'm01': 5649.0, 'm20': 36430.33333333333, 'm11': 288099.0, 'm02': 2279387.333333333, 'm30': 1859613.0, 'm21': 14699639.5, 'm12': 116248754.0, 'm03': 919745566.5, 'mu20': 16.333333333328483, 'mu11': 0.0, 'mu02': 15.833333333022892, 'mu30': 6.984919309616089e-10, 'mu21': 1.9572325982153416e-09, 'mu12': 1.5832483768463135e-08, 'mu03': 3.5762786865234375e-07, 'nu20': 0.08333333333330858, 'nu11': 0.0, 'nu02': 0.08078231292358617, 'nu30': 9.524480659928927e-13, 'nu21': 2.6688388515842515e-12, 'nu12': 2.1588822829172236e-11, 'nu03': 4.87653409788361e-10}
Centroid: 51, 403
Processing contour#10: area: 14.0 centroid: 51, 403 rectangle: (49, 401, 5, 6)
@find_dayJSON_match_for_contour: x: 49, y: 401, w: 5, h: 6, area: 14.0
Matched with JSON#30: (51, 403, 4, 70.0, 28.7279, 0.440202)
Match with input JSON(nodules) ID: 30
Matched contour: {'x': 51, 'y': 403, 'd': 4, 'a': 70.0, 'p': 28.7279, 'e': 0.440202, 'id': 30, 'tq': 100}
JSON_entry: 30
Matched with first_id: 30 second_id: 20 name: 20230510_21
entry_id:20230510_21, entry saved to results list
created dirs at nodule_detection_path: output/crop1013/nodules-last-detected-on/2023-05-10/21/detection and nodule_images_original_path: output/crop1013/nodules-last-detected-on/2023-05-10/21
Segmented nodule image saved as output/crop1013/nodules-last-detected-on/2023-05-10/21/detection/2023-05-10.jpg
Original nodule image saved as output/crop1013/nodules-last-detected-on/2023-05-10/21/2023-05-10.jpg


@process_contour: max_id: 20230510_42
Moments: {'m00': 21.0, 'm10': 5357.0, 'm01': 8187.333333333333, 'm20': 1366598.5, 'm11': 2088556.0, 'm02': 3192045.1666666665, 'm30': 348639961.5, 'm21': 532803060.8666667, 'm12': 814280398.8333334, 'm03': 1244511638.6000001, 'mu20': 53.309523809701204, 'mu11': 6.253968254197389, 'mu02': 24.828042328357697, 'mu30': -6.249433159828186, 'mu21': -8.530914676211978, 'mu12': 0.5248172141264149, 'mu03': 3.101301908493042, 'nu20': 0.12088327394490067, 'nu11': 0.014181333909744643, 'nu02': 0.056299415710561664, 'nu30': -0.0030923766877745075, 'nu21': -0.0042213111166127925, 'nu12': 0.0002596927556149599, 'nu03': 0.0015346021756376604}
Centroid: 255, 389
Processing contour#11: area: 21.0 centroid: 255, 389 rectangle: (252, 388, 7, 5)
@find_dayJSON_match_for_contour: x: 252, y: 388, w: 7, h: 5, area: 21.0
Matched with JSON#29: (255, 389, 5, 89.0, 33.5563, 0.471833)
Match with input JSON(nodules) ID: 29
Matched contour: {'x': 255, 'y': 389, 'd': 5, 'a': 89.0, 'p': 33.5563, 'e': 0.471833, 'id': 29, 'tq': 100}
JSON_entry: 29
Matched with first_id: 29 second_id: 18 name: 20230515_43
entry_id:20230515_43, entry saved to results list
created dirs at nodule_detection_path: output/crop1013/nodules-last-detected-on/2023-05-15/43/detection and nodule_images_original_path: output/crop1013/nodules-last-detected-on/2023-05-15/43
Segmented nodule image saved as output/crop1013/nodules-last-detected-on/2023-05-15/43/detection/2023-05-10.jpg
Original nodule image saved as output/crop1013/nodules-last-detected-on/2023-05-15/43/2023-05-10.jpg


@process_contour: max_id: 20230510_43
Moments: {'m00': 5.5, 'm10': 784.6666666666666, 'm01': 2105.6666666666665, 'm20': 111950.41666666666, 'm11': 300408.2916666666, 'm02': 806152.75, 'm30': 15972917.3, 'm21': 42860003.18333333, 'm12': 115011008.51666667, 'm03': 308635474.8, 'mu20': 4.638888888890506, 'mu11': -0.1527777777519077, 'mu02': 1.4570707072271034, 'mu30': 0.8925925958901644, 'mu21': -0.6230639757800418, 'mu12': -0.16851852787658572, 'mu03': 0.23143547773361206, 'nu20': 0.1533516988062977, 'nu11': -0.005050505049649842, 'nu02': 0.048167626685193504, 'nu30': 0.012581909478181616, 'nu21': -0.008782656923747413, 'nu12': -0.0023754228669408918, 'nu03': 0.0032622948524237373}
Centroid: 142, 382
Processing contour#12: area: 5.5 centroid: 142, 382 rectangle: (141, 382, 5, 3)
@find_dayJSON_match_for_contour: x: 141, y: 382, w: 5, h: 3, area: 5.5
Matched with JSON#28: (142, 382, 2, 28.0, 17.0711, 0.695501)
Match with input JSON(nodules) ID: 28
Matched contour: {'x': 142, 'y': 382, 'd': 2, 'a': 28.0, 'p': 17.0711, 'e': 0.695501, 'id': 28, 'tq': 100}
JSON_entry: 28
Matched with first_id: 28 second_id: 23 name: 20230510_19
entry_id:20230510_19, entry saved to results list
created dirs at nodule_detection_path: output/crop1013/nodules-last-detected-on/2023-05-10/19/detection and nodule_images_original_path: output/crop1013/nodules-last-detected-on/2023-05-10/19
Segmented nodule image saved as output/crop1013/nodules-last-detected-on/2023-05-10/19/detection/2023-05-10.jpg
Original nodule image saved as output/crop1013/nodules-last-detected-on/2023-05-10/19/2023-05-10.jpg


@process_contour: max_id: 20230510_44
Moments: {'m00': 15.5, 'm10': 2025.8333333333333, 'm01': 5732.166666666666, 'm20': 264799.25, 'm11': 749184.875, 'm02': 2119869.9166666665, 'm30': 34615513.95, 'm21': 97926495.35, 'm12': 277062393.48333335, 'm03': 783976249.0500001, 'mu20': 25.011648745567072, 'mu11': -3.144713261513971, 'mu02': 16.0654121870175, 'mu30': -1.2858172506093979, 'mu21': -0.9647377617729944, 'mu12': 0.7431513820624787, 'mu03': 0.4547382593154907, 'nu20': 0.10410675856635616, 'nu11': -0.013089337196728284, 'nu02': 0.0668695616525182, 'nu30': -0.0013594085671294843, 'nu21': -0.0010199527014946915, 'nu12': 0.0007856842447642196, 'nu03': 0.0004807643428504714}
Centroid: 130, 369
Processing contour#13: area: 15.5 centroid: 130, 369 rectangle: (128, 368, 6, 5)
@find_dayJSON_match_for_contour: x: 128, y: 368, w: 6, h: 5, area: 15.5
Matched with JSON#27: (131, 369, 4, 77.0, 30.1421, 0.528914)
Match with input JSON(nodules) ID: 27
Matched contour: {'x': 131, 'y': 369, 'd': 4, 'a': 77.0, 'p': 30.1421, 'e': 0.528914, 'id': 27, 'tq': 100}
JSON_entry: 27
Matched with first_id: 27 second_id: 21 name: 20230512_27
entry_id:20230512_27, entry saved to results list
created dirs at nodule_detection_path: output/crop1013/nodules-last-detected-on/2023-05-12/27/detection and nodule_images_original_path: output/crop1013/nodules-last-detected-on/2023-05-12/27
Segmented nodule image saved as output/crop1013/nodules-last-detected-on/2023-05-12/27/detection/2023-05-10.jpg
Original nodule image saved as output/crop1013/nodules-last-detected-on/2023-05-12/27/2023-05-10.jpg


@process_contour: max_id: 20230510_45
Moments: {'m00': 30.5, 'm10': 2881.1666666666665, 'm01': 11215.833333333332, 'm20': 272224.0833333333, 'm11': 1059500.4583333333, 'm02': 4124524.083333333, 'm30': 25726119.55, 'm21': 100106066.65, 'm12': 389622924.85, 'm03': 1516794432.95, 'mu20': 56.16985428053886, 'mu11': 2.5849271402694285, 'mu02': 100.5632969038561, 'mu30': 0.7241790816187859, 'mu21': 6.217280809167278, 'mu12': -2.6577985273015656, 'mu03': -9.684136152267456, 'nu20': 0.06038146119918179, 'nu11': 0.002778744574328867, 'nu02': 0.10810351723069725, 'nu30': 0.000140960157855937, 'nu21': 0.001210182545366929, 'nu12': -0.0005173357108303237, 'nu03': -0.0018849997125995359}
Centroid: 94, 367
Processing contour#14: area: 30.5 centroid: 94, 367 rectangle: (92, 364, 6, 8)
@find_dayJSON_match_for_contour: x: 92, y: 364, w: 6, h: 8, area: 30.5
Matched with JSON#26: (94, 367, 6, 125.0, 38.7279, 0.287774)
Match with input JSON(nodules) ID: 26
Matched contour: {'x': 94, 'y': 367, 'd': 6, 'a': 125.0, 'p': 38.7279, 'e': 0.287774, 'id': 26, 'tq': 100}
JSON_entry: 26
Matched with first_id: 26 second_id: 19 name: 20230512_26
entry_id:20230512_26, entry saved to results list
created dirs at nodule_detection_path: output/crop1013/nodules-last-detected-on/2023-05-12/26/detection and nodule_images_original_path: output/crop1013/nodules-last-detected-on/2023-05-12/26
Segmented nodule image saved as output/crop1013/nodules-last-detected-on/2023-05-12/26/detection/2023-05-10.jpg
Original nodule image saved as output/crop1013/nodules-last-detected-on/2023-05-12/26/2023-05-10.jpg


@process_contour: max_id: 20230510_46
Moments: {'m00': 38.5, 'm10': 3234.833333333333, 'm01': 13167.0, 'm20': 271925.0833333333, 'm11': 1106311.4583333333, 'm02': 4503233.916666666, 'm30': 22869249.450000003, 'm21': 92998168.7, 'm12': 378368107.4, 'm03': 1540187977.6000001, 'mu20': 129.06529581535142, 'mu11': -1.5416666667442769, 'mu02': 119.91666666604578, 'mu30': -31.931253790855408, 'mu21': 49.266738827107474, 'mu12': 40.30440124233246, 'mu03': -44.899999141693115, 'nu20': 0.0870739050870983, 'nu11': -0.001040085455722231, 'nu02': 0.08090178220006464, 'nu30': -0.0034718755371622558, 'nu21': 0.005356757565798487, 'nu12': 0.004382285319259851, 'nu03': -0.0048819632846140906}
Centroid: 84, 342
Processing contour#15: area: 38.5 centroid: 84, 342 rectangle: (80, 338, 9, 8)
@find_dayJSON_match_for_contour: x: 80, y: 338, w: 9, h: 8, area: 38.5
Matched with JSON#25: (84, 342, 7, 160.0, 44.3848, 0.28798)
Match with input JSON(nodules) ID: 25
Matched contour: {'x': 84, 'y': 342, 'd': 7, 'a': 160.0, 'p': 44.3848, 'e': 0.28798, 'id': 25, 'tq': 100}
JSON_entry: 25
Matched with first_id: 25 second_id: 13 name: 20230607_48
entry_id:20230607_48, entry saved to results list
created dirs at nodule_detection_path: output/crop1013/nodules-last-detected-on/2023-06-07/48/detection and nodule_images_original_path: output/crop1013/nodules-last-detected-on/2023-06-07/48
Segmented nodule image saved as output/crop1013/nodules-last-detected-on/2023-06-07/48/detection/2023-05-10.jpg
Original nodule image saved as output/crop1013/nodules-last-detected-on/2023-06-07/48/2023-05-10.jpg


@process_contour: max_id: 20230510_47
Moments: {'m00': 36.0, 'm10': 2198.833333333333, 'm01': 12218.833333333332, 'm20': 134398.5, 'm11': 746309.3333333333, 'm02': 4147332.1666666665, 'm30': 8220695.350000001, 'm21': 45616317.03333333, 'm12': 253312874.36666667, 'm03': 1407731211.3500001, 'mu20': 96.61033950620913, 'mu11': -1.167438271571882, 'mu02': 113.05478395102546, 'mu30': 7.521674951538444, 'mu21': -9.015156319976086, 'mu12': -5.716802386391464, 'mu03': 8.08340334892273, 'nu20': 0.0745450150510873, 'nu11': -0.0009008011354721311, 'nu02': 0.08723362959184063, 'nu30': 0.0009672935894468162, 'nu21': -0.0011593565226306693, 'nu12': -0.0007351854920770915, 'nu03': 0.0010395323236783345}
Centroid: 61, 339
Processing contour#16: area: 36.0 centroid: 61, 339 rectangle: (58, 336, 8, 8)
@find_dayJSON_match_for_contour: x: 58, y: 336, w: 8, h: 8, area: 36.0
Matched with JSON#24: (60, 339, 6, 132.0, 39.5563, 0.361056)
Match with input JSON(nodules) ID: 24
Matched contour: {'x': 60, 'y': 339, 'd': 6, 'a': 132.0, 'p': 39.5563, 'e': 0.361056, 'id': 24, 'tq': 100}
JSON_entry: 24
Matched with first_id: 24 second_id: 14 name: 20230519_40
entry_id:20230519_40, entry saved to results list
created dirs at nodule_detection_path: output/crop1013/nodules-last-detected-on/2023-05-19/40/detection and nodule_images_original_path: output/crop1013/nodules-last-detected-on/2023-05-19/40
Segmented nodule image saved as output/crop1013/nodules-last-detected-on/2023-05-19/40/detection/2023-05-10.jpg
Original nodule image saved as output/crop1013/nodules-last-detected-on/2023-05-19/40/2023-05-10.jpg


@process_contour: max_id: 20230510_48
Moments: {'m00': 22.5, 'm10': 3473.0, 'm01': 7537.333333333333, 'm20': 536112.5833333333, 'm11': 1163428.875, 'm02': 2524998.583333333, 'm30': 82762988.4, 'm21': 179593620.31666666, 'm12': 389747293.05, 'm03': 845887814.7, 'mu20': 35.73888888885267, 'mu11': -0.3990740741137415, 'mu02': 47.74876543181017, 'mu30': -0.23283948004245758, 'mu21': -0.6970781723794062, 'mu12': 1.3163100811962067, 'mu03': 2.0110931396484375, 'nu20': 0.07059533607674602, 'nu11': -0.0007882944673851685, 'nu02': 0.0943185490011065, 'nu30': -9.696172327815438e-05, 'nu21': -0.0002902853967942583, 'nu12': 0.0005481531474727493, 'nu03': 0.000837482786242389}
Centroid: 154, 334
Processing contour#17: area: 22.5 centroid: 154, 334 rectangle: (152, 332, 6, 7)
@find_dayJSON_match_for_contour: x: 152, y: 332, w: 6, h: 7, area: 22.5
Matched with JSON#23: (154, 335, 5, 102.0, 35.5563, 0.360569)
Match with input JSON(nodules) ID: 23
Matched contour: {'x': 154, 'y': 335, 'd': 5, 'a': 102.0, 'p': 35.5563, 'e': 0.360569, 'id': 23, 'tq': 100}
JSON_entry: 23
Matched with first_id: 23 second_id: 16 name: 20230512_23
entry_id:20230512_23, entry saved to results list
created dirs at nodule_detection_path: output/crop1013/nodules-last-detected-on/2023-05-12/23/detection and nodule_images_original_path: output/crop1013/nodules-last-detected-on/2023-05-12/23
Segmented nodule image saved as output/crop1013/nodules-last-detected-on/2023-05-12/23/detection/2023-05-10.jpg
Original nodule image saved as output/crop1013/nodules-last-detected-on/2023-05-12/23/2023-05-10.jpg


@process_contour: max_id: 20230510_49
Moments: {'m00': 32.5, 'm10': 2757.6666666666665, 'm01': 10765.5, 'm20': 234067.5833333333, 'm11': 913457.125, 'm02': 3566127.4166666665, 'm30': 19873843.8, 'm21': 77532388.8, 'm12': 302584281.43333334, 'm03': 1181330233.65, 'mu20': 76.03119658117066, 'mu11': -9.351923076901585, 'mu02': 96.94743589730933, 'mu30': 6.578509759157896, 'mu21': -10.873905333261064, 'mu12': -6.251959202118087, 'mu03': 15.82331395149231, 'nu20': 0.07198219794667046, 'nu11': -0.008853891670439372, 'nu02': 0.09178455469567748, 'nu30': 0.0010924941518312874, 'nu21': -0.0018058311713556622, 'nu12': -0.0010382638493913457, 'nu03': 0.0026277802401266986}
Centroid: 84, 331
Processing contour#18: area: 32.5 centroid: 84, 331 rectangle: (82, 328, 7, 8)
@find_dayJSON_match_for_contour: x: 82, y: 328, w: 7, h: 8, area: 32.5
Matched with JSON#22: (84, 331, 6, 132.0, 40.1421, 0.307974)
Match with input JSON(nodules) ID: 22
Matched contour: {'x': 84, 'y': 331, 'd': 6, 'a': 132.0, 'p': 40.1421, 'e': 0.307974, 'id': 22, 'tq': 100}
JSON_entry: 22
Matched with first_id: 22 second_id: 15 name: 20230607_42
entry_id:20230607_42, entry saved to results list
created dirs at nodule_detection_path: output/crop1013/nodules-last-detected-on/2023-06-07/42/detection and nodule_images_original_path: output/crop1013/nodules-last-detected-on/2023-06-07/42
Segmented nodule image saved as output/crop1013/nodules-last-detected-on/2023-06-07/42/detection/2023-05-10.jpg
Original nodule image saved as output/crop1013/nodules-last-detected-on/2023-06-07/42/2023-05-10.jpg


@process_contour: max_id: 20230510_50
Moments: {'m00': 11.0, 'm10': 353.0, 'm01': 3495.333333333333, 'm20': 11340.166666666666, 'm11': 112165.33333333333, 'm02': 1110677.8333333333, 'm30': 364689.5, 'm21': 3603224.1999999997, 'm12': 35640698.666666664, 'm03': 352932134.6, 'mu20': 12.075757575756143, 'mu11': -3.0909090909117367, 'mu02': 9.186868686927482, 'mu30': -1.8016528924927115, 'mu21': -1.2885215792903182, 'mu12': 1.6074380139100413, 'mu03': 0.43807774782180786, 'nu20': 0.0997996493864144, 'nu11': -0.025544703230675512, 'nu02': 0.07592453460270647, 'nu30': -0.0044894114551892106, 'nu21': -0.003210775817266837, 'nu12': 0.004005461131400218, 'nu03': 0.0010916149650855517}
Centroid: 32, 317
Processing contour#19: area: 11.0 centroid: 32, 317 rectangle: (30, 316, 5, 5)
@find_dayJSON_match_for_contour: x: 30, y: 316, w: 5, h: 5, area: 11.0
Matched with JSON#21: (32, 317, 3, 41.0, 21.8995, 0.459548)
Match with input JSON(nodules) ID: 21
Matched contour: {'x': 32, 'y': 317, 'd': 3, 'a': 41.0, 'p': 21.8995, 'e': 0.459548, 'id': 21, 'tq': 100}
JSON_entry: 21
Matched with first_id: 21 second_id: 9 name: 20230512_21
entry_id:20230512_21, entry saved to results list
created dirs at nodule_detection_path: output/crop1013/nodules-last-detected-on/2023-05-12/21/detection and nodule_images_original_path: output/crop1013/nodules-last-detected-on/2023-05-12/21
Segmented nodule image saved as output/crop1013/nodules-last-detected-on/2023-05-12/21/detection/2023-05-10.jpg
Original nodule image saved as output/crop1013/nodules-last-detected-on/2023-05-12/21/2023-05-10.jpg


@process_contour: max_id: 20230510_51
Moments: {'m00': 1.5, 'm10': 406.16666666666663, 'm01': 462.66666666666663, 'm20': 109981.25, 'm11': 125279.79166666666, 'm02': 142707.0833333333, 'm30': 29780664.05, 'm21': 33923072.93333333, 'm12': 38641869.766666666, 'm03': 44017281.300000004, 'mu20': 0.342592592627625, 'mu11': -0.06018518516793847, 'mu02': 0.1203703703940846, 'mu30': 0.044855955988168716, 'mu21': -0.02860082770023098, 'mu12': -0.003909471270155507, 'mu03': 0.007818929851055145, 'nu20': 0.15226337450116664, 'nu11': -0.02674897118575043, 'nu02': 0.053497942397370934, 'nu30': 0.016277659866037474, 'nu21': -0.010378879123974042, 'nu12': -0.0014186977445853981, 'nu03': 0.0028373908844001156}
Centroid: 270, 308
Processing contour#20: area: 1.5 centroid: 270, 308 rectangle: (270, 308, 3, 2)
@find_dayJSON_match_for_contour: x: 270, y: 308, w: 3, h: 2, area: 1.5
Matched with JSON#20: (271, 308, 1, 12.0, 10.2426, 0.590703)
Match with input JSON(nodules) ID: 20
Matched contour: {'x': 271, 'y': 308, 'd': 1, 'a': 12.0, 'p': 10.2426, 'e': 0.590703, 'id': 20, 'tq': 100}
JSON_entry: 20
Matched with first_id: 20 second_id: 8 name: 20230510_11
entry_id:20230510_11, entry saved to results list
created dirs at nodule_detection_path: output/crop1013/nodules-last-detected-on/2023-05-10/11/detection and nodule_images_original_path: output/crop1013/nodules-last-detected-on/2023-05-10/11
Segmented nodule image saved as output/crop1013/nodules-last-detected-on/2023-05-10/11/detection/2023-05-10.jpg
Original nodule image saved as output/crop1013/nodules-last-detected-on/2023-05-10/11/2023-05-10.jpg


@process_contour: max_id: 20230510_52
Moments: {'m00': 36.0, 'm10': 3379.6666666666665, 'm01': 10977.0, 'm20': 317399.3333333333, 'm11': 1030531.75, 'm02': 3347168.0, 'm30': 29819366.900000002, 'm21': 96783163.0, 'm12': 314240093.46666664, 'm03': 1020666934.5, 'mu20': 117.47839506174205, 'mu11': 15.055555555736646, 'mu02': 97.75000000046566, 'mu30': -22.614460442215204, 'mu21': -10.542181098520814, 'mu12': 19.938888806320392, 'mu03': 13.958333134651184, 'nu20': 0.09064690976986269, 'nu11': 0.011616941015228893, 'nu02': 0.07542438271640868, 'nu30': -0.0029082382255935187, 'nu21': -0.0013557331659620386, 'nu12': 0.002564157511100873, 'nu03': 0.0017950531294561706}
Centroid: 93, 304
Processing contour#21: area: 36.0 centroid: 93, 304 rectangle: (90, 302, 8, 7)
@find_dayJSON_match_for_contour: x: 90, y: 302, w: 8, h: 7, area: 36.0
Matched with JSON#19: (94, 304, 7, 176.0, 46.6274, 0.369509)
Match with input JSON(nodules) ID: 19
Matched contour: {'x': 94, 'y': 304, 'd': 7, 'a': 176.0, 'p': 46.6274, 'e': 0.369509, 'id': 19, 'tq': 100}
JSON_entry: 19
Matched with first_id: 19 second_id: 12 name: 20230607_38
entry_id:20230607_38, entry saved to results list
created dirs at nodule_detection_path: output/crop1013/nodules-last-detected-on/2023-06-07/38/detection and nodule_images_original_path: output/crop1013/nodules-last-detected-on/2023-06-07/38
Segmented nodule image saved as output/crop1013/nodules-last-detected-on/2023-06-07/38/detection/2023-05-10.jpg
Original nodule image saved as output/crop1013/nodules-last-detected-on/2023-06-07/38/2023-05-10.jpg


@process_contour: max_id: 20230510_53
Moments: {'m00': 1.0, 'm10': 138.5, 'm01': 266.5, 'm20': 19182.333333333332, 'm11': 36910.25, 'm02': 71022.33333333333, 'm30': 2656776.25, 'm21': 5112091.833333333, 'm12': 9836593.166666666, 'm03': 18927496.25, 'mu20': 0.08333333333212067, 'mu11': 0.0, 'mu02': 0.0833333333284827, 'mu30': 4.656612873077393e-10, 'mu21': 1.2732925824820995e-11, 'mu12': 5.093170329928398e-11, 'mu03': 3.725290298461914e-09, 'nu20': 0.08333333333212067, 'nu11': 0.0, 'nu02': 0.0833333333284827, 'nu30': 4.656612873077393e-10, 'nu21': 1.2732925824820995e-11, 'nu12': 5.093170329928398e-11, 'nu03': 3.725290298461914e-09}
Centroid: 138, 266
Processing contour#22: area: 1.0 centroid: 138, 266 rectangle: (138, 266, 2, 2)
@find_dayJSON_match_for_contour: x: 138, y: 266, w: 2, h: 2, area: 1.0
Matched with JSON#18: (138, 266, 1, 9.0, 8.4142, 0.694413)
Match with input JSON(nodules) ID: 18
Matched contour: {'x': 138, 'y': 266, 'd': 1, 'a': 9.0, 'p': 8.4142, 'e': 0.694413, 'id': 18, 'tq': 100}
JSON_entry: 18
Matched with first_id: 18 second_id: 10 name: 20230510_9
entry_id:20230510_9, entry saved to results list
created dirs at nodule_detection_path: output/crop1013/nodules-last-detected-on/2023-05-10/9/detection and nodule_images_original_path: output/crop1013/nodules-last-detected-on/2023-05-10/9
Segmented nodule image saved as output/crop1013/nodules-last-detected-on/2023-05-10/9/detection/2023-05-10.jpg
Original nodule image saved as output/crop1013/nodules-last-detected-on/2023-05-10/9/2023-05-10.jpg


@process_contour: max_id: 20230510_54
Moments: {'m00': 33.0, 'm10': 5327.166666666666, 'm01': 8562.0, 'm20': 860056.6666666666, 'm11': 1382159.4166666665, 'm02': 2221535.833333333, 'm30': 138869310.45000002, 'm21': 223146206.91666666, 'm12': 358621897.48333335, 'm03': 576432196.0, 'mu20': 95.9183501683874, 'mu11': 1.8106060607824475, 'mu02': 86.0151515151374, 'mu30': 2.8079822063446045, 'mu21': 10.831802821867313, 'mu12': -0.8486990769215481, 'mu03': -7.892561912536621, 'nu20': 0.08807929308391865, 'nu11': 0.0016626318280830556, 'nu02': 0.07898544675402884, 'nu30': 0.00044885854953698575, 'nu21': 0.0017314736868732556, 'nu12': -0.00013566533142540644, 'nu03': -0.0012616333124146875}
Centroid: 161, 259
Processing contour#23: area: 33.0 centroid: 161, 259 rectangle: (158, 256, 8, 8)
@find_dayJSON_match_for_contour: x: 158, y: 256, w: 8, h: 8, area: 33.0
Matched with JSON#17: (161, 259, 5, 111.0, 36.7279, 0.241239)
Match with input JSON(nodules) ID: 17
Matched contour: {'x': 161, 'y': 259, 'd': 5, 'a': 111.0, 'p': 36.7279, 'e': 0.241239, 'id': 17, 'tq': 100}
JSON_entry: 17
WARNING: match is empty
entry_id:20230510_54, entry saved to results list
created dirs at nodule_detection_path: output/crop1013/nodules-last-detected-on/2023-05-10/54/detection and nodule_images_original_path: output/crop1013/nodules-last-detected-on/2023-05-10/54
Segmented nodule image saved as output/crop1013/nodules-last-detected-on/2023-05-10/54/detection/2023-05-10.jpg
Original nodule image saved as output/crop1013/nodules-last-detected-on/2023-05-10/54/2023-05-10.jpg


@process_contour: max_id: 20230510_55
Moments: {'m00': 10.0, 'm10': 1738.5, 'm01': 2453.333333333333, 'm20': 302248.8333333333, 'm11': 426511.0833333333, 'm02': 601891.3333333333, 'm30': 52549649.25, 'm21': 74151392.45, 'm12': 104638358.75, 'm03': 147667388.6, 'mu20': 10.608333333279006, 'mu11': -0.9166666666278616, 'mu02': 6.888888888875954, 'mu30': 1.0575000122189522, 'mu21': -2.602777785310991, 'mu12': 0.2277777883048202, 'mu03': 1.3407407701015472, 'nu20': 0.10608333333279009, 'nu11': -0.009166666666278618, 'nu02': 0.06888888888875955, 'nu30': 0.003344108664267781, 'nu21': -0.008230706044871479, 'nu12': 0.0007202966114388954, 'nu03': 0.0042397945853690725}
Centroid: 173, 245
Processing contour#24: area: 10.0 centroid: 173, 245 rectangle: (172, 244, 5, 4)
@find_dayJSON_match_for_contour: x: 172, y: 244, w: 5, h: 4, area: 10.0
Matched with JSON#16: (173, 245, 4, 58.0, 25.8995, 0.41466)
Match with input JSON(nodules) ID: 16
Matched contour: {'x': 173, 'y': 245, 'd': 4, 'a': 58.0, 'p': 25.8995, 'e': 0.41466, 'id': 16, 'tq': 100}
JSON_entry: 16
Matched with first_id: 16 second_id: 7 name: 20230512_14
entry_id:20230512_14, entry saved to results list
created dirs at nodule_detection_path: output/crop1013/nodules-last-detected-on/2023-05-12/14/detection and nodule_images_original_path: output/crop1013/nodules-last-detected-on/2023-05-12/14
Segmented nodule image saved as output/crop1013/nodules-last-detected-on/2023-05-12/14/detection/2023-05-10.jpg
Original nodule image saved as output/crop1013/nodules-last-detected-on/2023-05-12/14/2023-05-10.jpg


@process_contour: max_id: 20230510_56
Moments: {'m00': 5.0, 'm10': 596.3333333333333, 'm01': 1220.0, 'm20': 71125.5, 'm11': 145505.3333333333, 'm02': 297681.5, 'm30': 8483572.1, 'm21': 17354622.0, 'm12': 35503480.03333333, 'm03': 72635018.0, 'mu20': 2.8111111111356877, 'mu11': 0.0, 'mu02': 1.5, 'mu30': 0.2562962919473648, 'mu21': -6.984919309616089e-10, 'mu12': -0.19999999701974502, 'mu03': 0.0, 'nu20': 0.11244444444542753, 'nu11': 0.0, 'nu02': 0.06000000000000001, 'nu30': 0.004584767449403518, 'nu21': -1.2495003514921981e-11, 'nu12': -0.003577708710687242, 'nu03': 0.0}
Centroid: 119, 244
Processing contour#25: area: 5.0 centroid: 119, 244 rectangle: (118, 243, 4, 3)
@find_dayJSON_match_for_contour: x: 118, y: 243, w: 4, h: 3, area: 5.0
Matched with JSON#15: (119, 244, 2, 20.0, 15.2426, 0.511525)
Match with input JSON(nodules) ID: 15
Matched contour: {'x': 119, 'y': 244, 'd': 2, 'a': 20.0, 'p': 15.2426, 'e': 0.511525, 'id': 15, 'tq': 100}
JSON_entry: 15
Matched with first_id: 15 second_id: 11 name: 20230512_16
entry_id:20230512_16, entry saved to results list
created dirs at nodule_detection_path: output/crop1013/nodules-last-detected-on/2023-05-12/16/detection and nodule_images_original_path: output/crop1013/nodules-last-detected-on/2023-05-12/16
Segmented nodule image saved as output/crop1013/nodules-last-detected-on/2023-05-12/16/detection/2023-05-10.jpg
Original nodule image saved as output/crop1013/nodules-last-detected-on/2023-05-12/16/2023-05-10.jpg


@process_contour: max_id: 20230510_57
Moments: {'m00': 7.5, 'm10': 1195.1666666666665, 'm01': 1827.8333333333333, 'm20': 190461.91666666666, 'm11': 291276.7083333333, 'm02': 445467.9166666666, 'm30': 30352908.55, 'm21': 46418103.81666666, 'm12': 70988425.85, 'm03': 108567733.95, 'mu20': 5.468518518580822, 'mu11': 1.3120370370452292, 'mu02': 4.624074074032251, 'mu30': 1.1297942250967026, 'mu21': 0.32069959122009095, 'mu12': -1.0086008248991902, 'mu03': -0.8616460561752319, 'nu20': 0.09721810699699239, 'nu11': 0.023325102880804076, 'nu02': 0.0822057613161289, 'nu30': 0.007334089273179654, 'nu21': 0.0020818299294095353, 'nu12': -0.006547359091147908, 'nu03': -0.005593398299881933}
Centroid: 159, 243
Processing contour#26: area: 7.5 centroid: 159, 243 rectangle: (158, 242, 4, 4)
@find_dayJSON_match_for_contour: x: 158, y: 242, w: 4, h: 4, area: 7.5
Matched with JSON#14: (159, 243, 3, 33.0, 20.7279, 0.492107)
Match with input JSON(nodules) ID: 14
Matched contour: {'x': 159, 'y': 243, 'd': 3, 'a': 33.0, 'p': 20.7279, 'e': 0.492107, 'id': 14, 'tq': 100}
JSON_entry: 14
WARNING: match is empty
entry_id:20230510_57, entry saved to results list
created dirs at nodule_detection_path: output/crop1013/nodules-last-detected-on/2023-05-10/57/detection and nodule_images_original_path: output/crop1013/nodules-last-detected-on/2023-05-10/57
Segmented nodule image saved as output/crop1013/nodules-last-detected-on/2023-05-10/57/detection/2023-05-10.jpg
Original nodule image saved as output/crop1013/nodules-last-detected-on/2023-05-10/57/2023-05-10.jpg


@process_contour: max_id: 20230510_58
Moments: {'m00': 42.5, 'm10': 6432.166666666666, 'm01': 10444.833333333332, 'm20': 973624.75, 'm11': 1580788.7916666665, 'm02': 2567078.083333333, 'm30': 147398104.05, 'm21': 239283198.31666666, 'm12': 388521783.85, 'm03': 630959662.45, 'mu20': 147.85522875841707, 'mu11': 14.466830065706745, 'mu02': 147.6513071898371, 'mu30': 16.47965908050537, 'mu21': 37.16178259080334, 'mu12': -11.105412020959193, 'mu03': -34.50669479370117, 'nu20': 0.08185756609462536, 'nu11': 0.00800931768343626, 'nu02': 0.08174466834039423, 'nu30': 0.0013995096518076976, 'nu21': 0.003155907119203199, 'nu12': -0.0009431100021370708, 'nu03': -0.002930427879597025}
Centroid: 151, 245
Processing contour#27: area: 42.5 centroid: 151, 245 rectangle: (148, 242, 8, 8)
@find_dayJSON_match_for_contour: x: 148, y: 242, w: 8, h: 8, area: 42.5
Matched with JSON#13: (150, 245, 7, 169.0, 45.799, 0.446236)
Match with input JSON(nodules) ID: 13
Matched contour: {'x': 150, 'y': 245, 'd': 7, 'a': 169.0, 'p': 45.799, 'e': 0.446236, 'id': 13, 'tq': 100}
JSON_entry: 13
WARNING: match is empty
entry_id:20230510_58, entry saved to results list
created dirs at nodule_detection_path: output/crop1013/nodules-last-detected-on/2023-05-10/58/detection and nodule_images_original_path: output/crop1013/nodules-last-detected-on/2023-05-10/58
Segmented nodule image saved as output/crop1013/nodules-last-detected-on/2023-05-10/58/detection/2023-05-10.jpg
Original nodule image saved as output/crop1013/nodules-last-detected-on/2023-05-10/58/2023-05-10.jpg


@process_contour: max_id: 20230510_59
Moments: {'m00': 1.0, 'm10': 161.5, 'm01': 225.5, 'm20': 26082.333333333332, 'm11': 36418.25, 'm02': 50850.33333333333, 'm30': 4212323.75, 'm21': 5881566.166666667, 'm12': 8212328.833333333, 'm03': 11466787.75, 'mu20': 0.08333333333212067, 'mu11': 0.0, 'mu02': 0.0833333333284827, 'mu30': 9.313225746154785e-10, 'mu21': 5.838955985382199e-10, 'mu12': 4.729372449219227e-10, 'mu03': 3.725290298461914e-09, 'nu20': 0.08333333333212067, 'nu11': 0.0, 'nu02': 0.0833333333284827, 'nu30': 9.313225746154785e-10, 'nu21': 5.838955985382199e-10, 'nu12': 4.729372449219227e-10, 'nu03': 3.725290298461914e-09}
Centroid: 161, 225
Processing contour#28: area: 1.0 centroid: 161, 225 rectangle: (161, 225, 2, 2)
@find_dayJSON_match_for_contour: x: 161, y: 225, w: 2, h: 2, area: 1.0
Matched with JSON#12: (161, 225, 2, 13.0, 11.6569, 0.359845)
Match with input JSON(nodules) ID: 12
Matched contour: {'x': 161, 'y': 225, 'd': 2, 'a': 13.0, 'p': 11.6569, 'e': 0.359845, 'id': 12, 'tq': 100}
JSON_entry: 12
WARNING: match is empty
entry_id:20230510_59, entry saved to results list
created dirs at nodule_detection_path: output/crop1013/nodules-last-detected-on/2023-05-10/59/detection and nodule_images_original_path: output/crop1013/nodules-last-detected-on/2023-05-10/59
Segmented nodule image saved as output/crop1013/nodules-last-detected-on/2023-05-10/59/detection/2023-05-10.jpg
Original nodule image saved as output/crop1013/nodules-last-detected-on/2023-05-10/59/2023-05-10.jpg


@process_contour: max_id: 20230510_60
Moments: {'m00': 7.5, 'm10': 1062.3333333333333, 'm01': 1629.6666666666665, 'm20': 150479.0833333333, 'm11': 230834.54166666666, 'm02': 354113.0833333333, 'm30': 21316074.200000003, 'm21': 32697804.183333334, 'm12': 50158722.15, 'm03': 76946848.8, 'mu20': 5.468518518522615, 'mu11': 1.312037037074333, 'mu02': 4.624074074148666, 'mu30': -1.1297942325472832, 'mu21': -0.32069959658724656, 'mu12': 1.0086008127752848, 'mu03': 0.8616460710763931, 'nu20': 0.09721810699595759, 'nu11': 0.023325102881321478, 'nu02': 0.08220576131819851, 'nu30': -0.007334089321545296, 'nu21': -0.0020818299642505686, 'nu12': 0.006547359012445253, 'nu03': 0.0055933983966132165}
Centroid: 141, 217
Processing contour#29: area: 7.5 centroid: 141, 217 rectangle: (140, 216, 4, 4)
@find_dayJSON_match_for_contour: x: 140, y: 216, w: 4, h: 4, area: 7.5
Matched with JSON#11: (141, 217, 4, 53.0, 23.8995, 0.4016)
Match with input JSON(nodules) ID: 11
Matched contour: {'x': 141, 'y': 217, 'd': 4, 'a': 53.0, 'p': 23.8995, 'e': 0.4016, 'id': 11, 'tq': 100}
JSON_entry: 11
Matched with first_id: 11 second_id: 6 name: 20230512_10
entry_id:20230512_10, entry saved to results list
created dirs at nodule_detection_path: output/crop1013/nodules-last-detected-on/2023-05-12/10/detection and nodule_images_original_path: output/crop1013/nodules-last-detected-on/2023-05-12/10
Segmented nodule image saved as output/crop1013/nodules-last-detected-on/2023-05-12/10/detection/2023-05-10.jpg
Original nodule image saved as output/crop1013/nodules-last-detected-on/2023-05-12/10/2023-05-10.jpg


@process_contour: max_id: 20230510_61
Moments: {'m00': 6.0, 'm10': 1278.0, 'm01': 1161.0, 'm20': 272216.0, 'm11': 247293.0, 'm02': 224658.0, 'm30': 57982860.0, 'm21': 52673796.0, 'm12': 47852154.0, 'm03': 43473064.5, 'mu20': 2.0, 'mu11': 0.0, 'mu02': 4.5, 'mu30': 0.0, 'mu21': 0.0, 'mu12': 0.0, 'mu03': 0.0, 'nu20': 0.05555555555555555, 'nu11': 0.0, 'nu02': 0.125, 'nu30': 0.0, 'nu21': 0.0, 'nu12': 0.0, 'nu03': 0.0}
Centroid: 213, 193
Processing contour#30: area: 6.0 centroid: 213, 193 rectangle: (212, 192, 3, 4)
@find_dayJSON_match_for_contour: x: 212, y: 192, w: 3, h: 4, area: 6.0
Matched with JSON#10: (213, 193, 3, 37.0, 19.3137, 0.0)
Match with input JSON(nodules) ID: 10
Matched contour: {'x': 213, 'y': 193, 'd': 3, 'a': 37.0, 'p': 19.3137, 'e': 0.0, 'id': 10, 'tq': 100}
JSON_entry: 10
WARNING: match is empty
entry_id:20230510_61, entry saved to results list
created dirs at nodule_detection_path: output/crop1013/nodules-last-detected-on/2023-05-10/61/detection and nodule_images_original_path: output/crop1013/nodules-last-detected-on/2023-05-10/61
Segmented nodule image saved as output/crop1013/nodules-last-detected-on/2023-05-10/61/detection/2023-05-10.jpg
Original nodule image saved as output/crop1013/nodules-last-detected-on/2023-05-10/61/2023-05-10.jpg


@process_contour: max_id: 20230510_62
Moments: {'m00': 5.5, 'm10': 560.3333333333333, 'm01': 1033.3333333333333, 'm20': 57089.75, 'm11': 105272.95833333333, 'm02': 194145.0833333333, 'm30': 5816980.2, 'm21': 10725589.316666666, 'm12': 19778594.316666666, 'm03': 36477119.7, 'mu20': 3.66919191920897, 'mu11': -1.7891414141340647, 'mu02': 3.669191919179866, 'mu30': -1.9559534760192037, 'mu21': 0.8374808683398669, 'mu12': 0.8374808700244216, 'mu03': -1.9559534639120102, 'nu20': 0.12129560063500727, 'nu11': -0.05914517071517569, 'nu02': 0.12129560063404517, 'nu30': -0.027570954198052267, 'nu21': 0.011805059243912615, 'nu12': 0.011805059267657956, 'nu03': -0.027570954027390297}
Centroid: 101, 187
Processing contour#31: area: 5.5 centroid: 101, 187 rectangle: (100, 186, 4, 4)
@find_dayJSON_match_for_contour: x: 100, y: 186, w: 4, h: 4, area: 5.5
Matched with JSON#9: (102, 188, 3, 29.0, 17.0711, 0.348451)
Match with input JSON(nodules) ID: 9
Matched contour: {'x': 102, 'y': 188, 'd': 3, 'a': 29.0, 'p': 17.0711, 'e': 0.348451, 'id': 9, 'tq': 100}
JSON_entry: 9
WARNING: match is empty
entry_id:20230510_62, entry saved to results list
created dirs at nodule_detection_path: output/crop1013/nodules-last-detected-on/2023-05-10/62/detection and nodule_images_original_path: output/crop1013/nodules-last-detected-on/2023-05-10/62
Segmented nodule image saved as output/crop1013/nodules-last-detected-on/2023-05-10/62/detection/2023-05-10.jpg
Original nodule image saved as output/crop1013/nodules-last-detected-on/2023-05-10/62/2023-05-10.jpg


@process_contour: max_id: 20230510_63
Moments: {'m00': 29.0, 'm10': 6066.5, 'm01': 5370.5, 'm20': 1269118.3333333333, 'm11': 1123450.25, 'm02': 994630.3333333333, 'm30': 265515398.25, 'm21': 235026431.83333334, 'm12': 208065355.83333334, 'm03': 184220894.25, 'mu20': 69.29022988514043, 'mu11': -2.793103448115289, 'mu02': 69.29022988502402, 'mu30': -17.871581465005875, 'mu21': 13.887039213550452, 'mu12': 13.887039247216308, 'mu03': -17.87158140540123, 'nu20': 0.0823902852379791, 'nu11': -0.00332116937944743, 'nu02': 0.08239028523784069, 'nu30': -0.003946099124736025, 'nu21': 0.0030663001700811307, 'nu12': 0.0030663001775146533, 'nu03': -0.0039460991115751395}
Centroid: 209, 185
Processing contour#32: area: 29.0 centroid: 209, 185 rectangle: (206, 182, 7, 7)
@find_dayJSON_match_for_contour: x: 206, y: 182, w: 7, h: 7, area: 29.0
Matched with JSON#8: (209, 185, 5, 110.0, 36.1421, 0.360093)
Match with input JSON(nodules) ID: 8
Matched contour: {'x': 209, 'y': 185, 'd': 5, 'a': 110.0, 'p': 36.1421, 'e': 0.360093, 'id': 8, 'tq': 100}
JSON_entry: 8
Matched with first_id: 8 second_id: 5 name: 20230515_8
entry_id:20230515_8, entry saved to results list
created dirs at nodule_detection_path: output/crop1013/nodules-last-detected-on/2023-05-15/8/detection and nodule_images_original_path: output/crop1013/nodules-last-detected-on/2023-05-15/8
Segmented nodule image saved as output/crop1013/nodules-last-detected-on/2023-05-15/8/detection/2023-05-10.jpg
Original nodule image saved as output/crop1013/nodules-last-detected-on/2023-05-15/8/2023-05-10.jpg


@process_contour: max_id: 20230510_64
Moments: {'m00': 28.0, 'm10': 2977.833333333333, 'm01': 4460.0, 'm20': 316746.5, 'm11': 474328.4166666666, 'm02': 710494.6666666666, 'm30': 33697090.85, 'm21': 50453644.083333336, 'm12': 75562610.61666666, 'm03': 113197254.0, 'mu20': 50.37996031757211, 'mu11': 2.107142857159488, 'mu02': 80.38095238094684, 'mu30': 7.558321505784988, 'mu21': 3.389030618884135, 'mu12': -14.285827670355502, 'mu03': -3.551020398736, 'nu20': 0.06426015346629095, 'nu11': 0.002687682215764653, 'nu02': 0.1025267249756975, 'nu30': 0.001821924110183885, 'nu21': 0.0008169216657389523, 'nu12': -0.0034435812033970364, 'nu03': -0.0008559691030951965}
Centroid: 106, 159
Processing contour#33: area: 28.0 centroid: 106, 159 rectangle: (104, 156, 6, 8)
@find_dayJSON_match_for_contour: x: 104, y: 156, w: 6, h: 8, area: 28.0
Matched with JSON#7: (106, 159, 6, 115.0, 36.7279, 0.381422)
Match with input JSON(nodules) ID: 7
Matched contour: {'x': 106, 'y': 159, 'd': 6, 'a': 115.0, 'p': 36.7279, 'e': 0.381422, 'id': 7, 'tq': 100}
JSON_entry: 7
WARNING: match is empty
entry_id:20230510_64, entry saved to results list
created dirs at nodule_detection_path: output/crop1013/nodules-last-detected-on/2023-05-10/64/detection and nodule_images_original_path: output/crop1013/nodules-last-detected-on/2023-05-10/64
Segmented nodule image saved as output/crop1013/nodules-last-detected-on/2023-05-10/64/detection/2023-05-10.jpg
Original nodule image saved as output/crop1013/nodules-last-detected-on/2023-05-10/64/2023-05-10.jpg


@process_contour: max_id: 20230510_65
Moments: {'m00': 31.5, 'm10': 4104.166666666666, 'm01': 4770.166666666666, 'm20': 534828.9166666666, 'm11': 621512.9583333333, 'm02': 722438.9166666666, 'm30': 69707600.05, 'm21': 80992010.85, 'm12': 94128254.51666667, 'm03': 109424180.05000001, 'mu20': 92.9157848325558, 'mu11': 3.1479276897152886, 'mu02': 74.15388007077854, 'mu30': -9.343225747346878, 'mu21': -18.035478208676068, 'mu12': 8.397124461842395, 'mu03': 5.709684282541275, 'nu20': 0.09364150650799273, 'nu11': 0.0031725146784734575, 'nu02': 0.07473306129582115, 'nu30': -0.0016777237703563053, 'nu21': -0.0032385550043068667, 'nu12': 0.0015078363397431403, 'nu03': 0.001025264004219253}
Centroid: 130, 151
Processing contour#34: area: 31.5 centroid: 130, 151 rectangle: (127, 148, 8, 8)
@find_dayJSON_match_for_contour: x: 127, y: 148, w: 8, h: 8, area: 31.5
Matched with JSON#6: (130, 151, 6, 142.0, 41.799, 0.468745)
Match with input JSON(nodules) ID: 6
Matched contour: {'x': 130, 'y': 151, 'd': 6, 'a': 142.0, 'p': 41.799, 'e': 0.468745, 'id': 6, 'tq': 100}
JSON_entry: 6
WARNING: match is empty
entry_id:20230510_65, entry saved to results list
created dirs at nodule_detection_path: output/crop1013/nodules-last-detected-on/2023-05-10/65/detection and nodule_images_original_path: output/crop1013/nodules-last-detected-on/2023-05-10/65
Segmented nodule image saved as output/crop1013/nodules-last-detected-on/2023-05-10/65/detection/2023-05-10.jpg
Original nodule image saved as output/crop1013/nodules-last-detected-on/2023-05-10/65/2023-05-10.jpg


@process_contour: max_id: 20230510_66
Moments: {'m00': 8.5, 'm10': 1117.1666666666665, 'm01': 836.6666666666666, 'm20': 146836.75, 'm11': 109963.54166666666, 'm02': 82360.25, 'm30': 19300533.55, 'm21': 14453156.6, 'm12': 10824581.1, 'm03': 8108014.300000001, 'mu20': 6.0016339869762305, 'mu11': -0.7066993463959079, 'mu02': 6.001633986932575, 'mu30': 0.3508778586983681, 'mu21': -0.4782071016139753, 'mu12': -0.4782071006782189, 'mu03': 0.3508778680115938, 'nu20': 0.08306759843565717, 'nu11': -0.009781305832469315, 'nu02': 0.08306759843505294, 'nu30': 0.0016657455037952463, 'nu21': -0.0022702239815057916, 'nu12': -0.002270223977063414, 'nu03': 0.0016657455480085345}
Centroid: 131, 98
Processing contour#35: area: 8.5 centroid: 131, 98 rectangle: (130, 97, 4, 4)
@find_dayJSON_match_for_contour: x: 130, y: 97, w: 4, h: 4, area: 8.5
Matched with JSON#5: (131, 98, 4, 51.0, 23.8995, 0.41794)
Match with input JSON(nodules) ID: 5
Matched contour: {'x': 131, 'y': 98, 'd': 4, 'a': 51.0, 'p': 23.8995, 'e': 0.41794, 'id': 5, 'tq': 100}
JSON_entry: 5
Matched with first_id: 5 second_id: 4 name: 20230510_4
entry_id:20230510_4, entry saved to results list
created dirs at nodule_detection_path: output/crop1013/nodules-last-detected-on/2023-05-10/4/detection and nodule_images_original_path: output/crop1013/nodules-last-detected-on/2023-05-10/4
Segmented nodule image saved as output/crop1013/nodules-last-detected-on/2023-05-10/4/detection/2023-05-10.jpg
Original nodule image saved as output/crop1013/nodules-last-detected-on/2023-05-10/4/2023-05-10.jpg


@process_contour: max_id: 20230510_67
Moments: {'m00': 11.0, 'm10': 1978.3333333333333, 'm01': 874.5, 'm20': 355813.1666666666, 'm11': 157277.5, 'm02': 69530.33333333333, 'm30': 63997105.1, 'm21': 28287146.75, 'm12': 12504923.95, 'm03': 5528867.25, 'mu20': 12.91414141410496, 'mu11': 0.0, 'mu02': 7.583333333328483, 'mu30': 1.0083257034420967, 'mu21': 4.3655745685100555e-09, 'mu12': -1.151010100882786, 'mu03': 9.313225746154785e-10, 'nu20': 0.10672844143888398, 'nu11': 0.0, 'nu02': 0.06267217630849986, 'nu30': 0.0025125755257615363, 'nu21': 1.0878266595090554e-11, 'nu12': -0.0028681206871054225, 'nu03': 2.3206968736193182e-12}
Centroid: 179, 79
Processing contour#36: area: 11.0 centroid: 179, 79 rectangle: (178, 78, 5, 4)
@find_dayJSON_match_for_contour: x: 178, y: 78, w: 5, h: 4, area: 11.0
Matched with JSON#4: (179, 79, 3, 48.0, 22.4853, 0.457991)
Match with input JSON(nodules) ID: 4
Matched contour: {'x': 179, 'y': 79, 'd': 3, 'a': 48.0, 'p': 22.4853, 'e': 0.457991, 'id': 4, 'tq': 100}
JSON_entry: 4
Matched with first_id: 4 second_id: 2 name: 20230510_3
entry_id:20230510_3, entry saved to results list
created dirs at nodule_detection_path: output/crop1013/nodules-last-detected-on/2023-05-10/3/detection and nodule_images_original_path: output/crop1013/nodules-last-detected-on/2023-05-10/3
Segmented nodule image saved as output/crop1013/nodules-last-detected-on/2023-05-10/3/detection/2023-05-10.jpg
Original nodule image saved as output/crop1013/nodules-last-detected-on/2023-05-10/3/2023-05-10.jpg


@process_contour: max_id: 20230510_68
Moments: {'m00': 27.5, 'm10': 1709.5, 'm01': 2116.833333333333, 'm20': 106430.58333333333, 'm11': 131570.125, 'm02': 162978.91666666666, 'm30': 6636220.65, 'm21': 8190037.649999999, 'm12': 10128305.716666667, 'm03': 12550665.450000001, 'mu20': 161.8469696969696, 'mu11': -19.932575757527957, 'mu02': 34.067171717237215, 'mu30': -13.422644627280533, 'mu21': -58.968530767744596, 'mu12': 12.256299351374764, 'mu03': -4.821995720267296, 'nu20': 0.2140125219133482, 'nu11': -0.026357124968632007, 'nu02': 0.04504749979138805, 'nu30': -0.0033845922646876915, 'nu21': -0.014869233197969489, 'nu12': 0.0030904920103486558, 'nu03': -0.001215892237957612}
Centroid: 62, 76
Processing contour#37: area: 27.5 centroid: 62, 76 rectangle: (58, 74, 10, 6)
@find_dayJSON_match_for_contour: x: 58, y: 74, w: 10, h: 6, area: 27.5
Matched with JSON#3: (61, 77, 5, 104.0, 46.3848, 0.859776)
Match with input JSON(nodules) ID: 3
Matched contour: {'x': 61, 'y': 77, 'd': 5, 'a': 104.0, 'p': 46.3848, 'e': 0.859776, 'id': 3, 'tq': 100}
JSON_entry: 3
WARNING: match is empty
entry_id:20230510_68, entry saved to results list
created dirs at nodule_detection_path: output/crop1013/nodules-last-detected-on/2023-05-10/68/detection and nodule_images_original_path: output/crop1013/nodules-last-detected-on/2023-05-10/68
Segmented nodule image saved as output/crop1013/nodules-last-detected-on/2023-05-10/68/detection/2023-05-10.jpg
Original nodule image saved as output/crop1013/nodules-last-detected-on/2023-05-10/68/2023-05-10.jpg


@process_contour: max_id: 20230510_69
Moments: {'m00': 10.0, 'm10': 515.5, 'm01': 756.8333333333333, 'm20': 26581.166666666664, 'm11': 39015.58333333333, 'm02': 57289.5, 'm30': 1370994.75, 'm21': 2011835.7, 'm12': 2953399.5, 'm03': 4337349.350000001, 'mu20': 7.141666666662786, 'mu11': 0.8249999999970896, 'mu02': 9.830555555570754, 'mu30': -0.6974999995436519, 'mu21': -0.6547222217669741, 'mu12': 0.8975000004189155, 'mu03': 1.0065740728750825, 'nu20': 0.07141666666662788, 'nu11': 0.008249999999970897, 'nu02': 0.09830555555570757, 'nu30': -0.0022056886665243456, 'nu21': -0.00207041345550951, 'nu12': 0.0028381442013258483, 'nu03': 0.003183066703957572}
Centroid: 51, 75
Processing contour#38: area: 10.0 centroid: 51, 75 rectangle: (50, 74, 4, 5)
@find_dayJSON_match_for_contour: x: 50, y: 74, w: 4, h: 5, area: 10.0
Matched with JSON#2: (51, 75, 3, 48.0, 24.1421, 0.650444)
Match with input JSON(nodules) ID: 2
Matched contour: {'x': 51, 'y': 75, 'd': 3, 'a': 48.0, 'p': 24.1421, 'e': 0.650444, 'id': 2, 'tq': 100}
JSON_entry: 2
Matched with first_id: 2 second_id: 3 name: 20230510_2
entry_id:20230510_2, entry saved to results list
created dirs at nodule_detection_path: output/crop1013/nodules-last-detected-on/2023-05-10/2/detection and nodule_images_original_path: output/crop1013/nodules-last-detected-on/2023-05-10/2
Segmented nodule image saved as output/crop1013/nodules-last-detected-on/2023-05-10/2/detection/2023-05-10.jpg
Original nodule image saved as output/crop1013/nodules-last-detected-on/2023-05-10/2/2023-05-10.jpg


@process_contour: max_id: 20230510_70
Moments: {'m00': 21.0, 'm10': 1289.5, 'm01': 1414.0, 'm20': 79213.66666666666, 'm11': 86818.58333333333, 'm02': 95253.16666666666, 'm30': 4868050.75, 'm21': 5332772.083333333, 'm12': 5847959.75, 'm03': 6419602.0, 'mu20': 32.22619047618355, 'mu11': -7.75, 'mu02': 43.83333333332848, 'mu30': -3.2743764156475663, 'mu21': 3.63492063628928, 'mu12': 5.396825397847806, 'mu03': -14.111111109144986, 'nu20': 0.07307526185075633, 'nu11': -0.017573696145124714, 'nu02': 0.09939531368101695, 'nu30': -0.001620243794242863, 'nu21': 0.0017986501415562755, 'nu12': 0.0026704849258284992, 'nu03': -0.006982532642002931}
Centroid: 61, 67
Processing contour#39: area: 21.0 centroid: 61, 67 rectangle: (59, 64, 6, 7)
@find_dayJSON_match_for_contour: x: 59, y: 64, w: 6, h: 7, area: 21.0
Matched with JSON#1: (61, 67, 5, 86.0, 35.6274, 0.768662)
Match with input JSON(nodules) ID: 1
Matched contour: {'x': 61, 'y': 67, 'd': 5, 'a': 86.0, 'p': 35.6274, 'e': 0.768662, 'id': 1, 'tq': 100}
JSON_entry: 1
Matched with first_id: 1 second_id: 1 name: 20230512_1
entry_id:20230512_1, entry saved to results list
created dirs at nodule_detection_path: output/crop1013/nodules-last-detected-on/2023-05-12/1/detection and nodule_images_original_path: output/crop1013/nodules-last-detected-on/2023-05-12/1
Segmented nodule image saved as output/crop1013/nodules-last-detected-on/2023-05-12/1/detection/2023-05-10.jpg
Original nodule image saved as output/crop1013/nodules-last-detected-on/2023-05-12/1/2023-05-10.jpg


@process_contour: max_id: 20230510_71
Moments: {'m00': 35.0, 'm10': 2052.0, 'm01': 2075.333333333333, 'm20': 120404.83333333333, 'm11': 121660.16666666666, 'm02': 123158.16666666666, 'm30': 7070766.0, 'm21': 7137822.533333333, 'm12': 7218974.333333333, 'm03': 7314653.600000001, 'mu20': 99.00476190475456, 'mu11': -13.661904761887854, 'mu02': 100.78253968257923, 'mu30': -6.38693877402693, 'mu21': -8.771065759607154, 'mu12': 7.133696143954694, 'mu03': 8.93475434370339, 'nu20': 0.08082021379979963, 'nu11': -0.01115257531582682, 'nu02': 0.08227146096537079, 'nu30': -0.0008812977109484726, 'nu21': -0.0012102699665690764, 'nu12': 0.0009843385547761176, 'nu03': 0.0012328564324138797}
Centroid: 58, 59
Processing contour#40: area: 35.0 centroid: 58, 59 rectangle: (55, 56, 8, 8)
@find_dayJSON_match_for_contour: x: 55, y: 56, w: 8, h: 8, area: 35.0
Matched with JSON#0: (58, 59, 6, 132.0, 41.799, 0.671382)
Match with input JSON(nodules) ID: 0
Matched contour: {'x': 58, 'y': 59, 'd': 6, 'a': 132.0, 'p': 41.799, 'e': 0.671382, 'id': 0, 'tq': 100}
JSON_entry: 0
Matched with first_id: 0 second_id: 0 name: 20230517_1
entry_id:20230517_1, entry saved to results list
created dirs at nodule_detection_path: output/crop1013/nodules-last-detected-on/2023-05-17/1/detection and nodule_images_original_path: output/crop1013/nodules-last-detected-on/2023-05-17/1
Segmented nodule image saved as output/crop1013/nodules-last-detected-on/2023-05-17/1/detection/2023-05-10.jpg
Original nodule image saved as output/crop1013/nodules-last-detected-on/2023-05-17/1/2023-05-10.jpg


Done analyzing contours, found 40 nodules.


results_entry: {'date': '20230510', 'json': 'output/crop1013/20230510/20230510.json', 'log': 'output/crop1013/20230510/crop1013_20230510.log', 'image': 'data/crop1013/20230510.jpg', 'plot': 'output/crop1013/plots/20230508_20230510.png', 'match_stats': {'i_dict': {0: 12, 1: 10, 2: 2, 3: 2, 4: 1, 5: 1, 12: 4}, 'average_tracking_quality': 49.8462, 'distance_threshold': 20, 'lengths': {'matching': 32, 'unmatched_current': 9, 'unmatched_previous': 0}, 'averages': {'tq': -144.4688, 'i': 2.4062, 'dx': -6.1875, 'dy': -24.5625, 'dd': -0.0625, 'da': -10.5938, 'dp': -2.9484, 'de': 0.0194}}}
