Current memory usage: 4725.24609375 MB
@analyze_image: file_name: data/crop1006/20230501.jpg, output_dir: output/crop1006, external_logger: <Logger data_crop1006.log (DEBUG)>
Loaded image & JSON file: data/crop1006/20230501.jpg
Scaled JSON data: scalar_position: 0.5, scalar_size: 0.5

@find_prev_next_date: image_output_dir: output/crop1006/20230501
data_dir: data/crop1006
Previous date file: data/crop1006/20230426.jpg, Next date file: data/crop1006/20230503.json


Loaded prev_results from JSON file: 20230426, length: 16
Scaled JSON data: scalar_position: 0.5, scalar_size: 0.5
Loaded next_results from JSON file: 20230503, length: 22
Scaled JSON data: scalar_position: 0.5, scalar_size: 0.5
prev_results is not empty, generating matching
Current memory usage: 4725.24609375 MB
current_date:20230501, generating Matching: 20230426_20230501_matching.json
spatial_distances: (40, 16), attribute_distances: (40, 16)
combined_distances: (40, 16)
Current memory usage: 4725.24609375 MB

@find_matching: combined_distances: (40, 16), next_matching: [{'id': '20230505_1', 'p': {'id': 0, 'tq': 80.0, 'dx': 1, 'dy': 0, 'dd': -1, 'da': -10.0, 'dp': -4.24, 'de': 0.09}, 'c': {'id': 0}, 'n': {'id': 1, 'dx': 0, 'dy': 11, 'dd': -1, 'da': -16.0, 'dp': -9.04, 'de': 0.27}, 'i': 1}, {'id': '20230515_7', 'p': {'id': 4, 'tq': 70.0, 'dx': 0, 'dy': -1, 'dd': 0, 'da': -17.0, 'dp': -4.0, 'de': 0.12}, 'c': {'id': 1}, 'n': {'id': 2, 'dx': 0, 'dy': -2, 'dd': 1, 'da': 43.0, 'dp': 8.83, 'de': 0.08}, 'i': 5}, {'id': '20230508_4', 'p': {'id': 5, 'tq': 16.0, 'dx': 0, 'dy': -8, 'dd': -1, 'da': -37.0, 'dp': -6.24, 'de': -0.13}, 'c': {'id': 2}, 'n': {'id': 3, 'dx': 2, 'dy': 8, 'dd': 1, 'da': 25.0, 'dp': 3.66, 'de': 0.24}, 'i': 2}, {'id': '20230505_4', 'p': {'id': 7, 'tq': 67.0, 'dx': 0, 'dy': -8, 'dd': 0, 'da': -3.0, 'dp': -0.59, 'de': -0.05}, 'c': {'id': 3}, 'n': {'id': 4, 'dx': 2, 'dy': 9, 'dd': -1, 'da': -29.0, 'dp': -4.24, 'de': 0.0}, 'i': 1}, {'id': '20230503_4', 'p': {'id': 10, 'tq': -89.0, 'dx': 24, 'dy': 25, 'dd': 1, 'da': 44.0, 'dp': 10.83, 'de': -0.28}, 'c': {'id': 4}, 'n': {}, 'i': 0}, {'id': '20230503_5', 'p': {'id': 13, 'tq': -173.0, 'dx': 36, 'dy': 15, 'dd': 3, 'da': 89.0, 'dp': 18.24, 'de': 0.08}, 'c': {'id': 5}, 'n': {}, 'i': 0}, {'id': '20230503_6', 'p': {'id': 18, 'tq': -5.0, 'dx': -18, 'dy': -10, 'dd': -1, 'da': -21.0, 'dp': -5.66, 'de': 0.34}, 'c': {'id': 6}, 'n': {}, 'i': 0}, {'id': '20230503_7', 'p': {'id': 17, 'tq': 61.0, 'dx': 1, 'dy': 3, 'dd': 1, 'da': 18.0, 'dp': 5.07, 'de': -0.01}, 'c': {'id': 7}, 'n': {}, 'i': 0}, {'id': '20230505_7', 'p': {'id': 20, 'tq': 74.0, 'dx': 0, 'dy': 2, 'dd': -1, 'da': -12.0, 'dp': -3.07, 'de': 0.1}, 'c': {'id': 8}, 'n': {'id': 7, 'dx': 0, 'dy': -2, 'dd': 0, 'da': -3.0, 'dp': 0.0, 'de': -0.0}, 'i': 1}, {'id': '20230503_9', 'p': {'id': 21, 'tq': 89.0, 'dx': 0, 'dy': 1, 'dd': 0, 'da': 4.0, 'dp': 3.24, 'de': -0.18}, 'c': {'id': 9}, 'n': {}, 'i': 0}, {'id': '20230515_46', 'p': {'id': 24, 'tq': 19.0, 'dx': -1, 'dy': -8, 'dd': -1, 'da': -35.0, 'dp': -5.41, 'de': -0.11}, 'c': {'id': 10}, 'n': {'id': 8, 'dx': 1, 'dy': 8, 'dd': 1, 'da': 17.0, 'dp': 2.59, 'de': 0.08}, 'i': 5}, {'id': '20230503_11', 'p': {'id': 28, 'tq': 56.0, 'dx': 0, 'dy': 1, 'dd': -1, 'da': -26.0, 'dp': -8.24, 'de': 0.28}, 'c': {'id': 11}, 'n': {}, 'i': 0}, {'id': '20230503_12', 'p': {'id': 29, 'tq': 7.0, 'dx': 0, 'dy': 0, 'dd': -3, 'da': -56.0, 'dp': -27.11, 'de': 0.0}, 'c': {'id': 12}, 'n': {}, 'i': 0}, {'id': '20230503_13', 'p': {'id': 31, 'tq': -52.0, 'dx': 8, 'dy': 36, 'dd': 0, 'da': 15.0, 'dp': 2.24, 'de': -0.27}, 'c': {'id': 13}, 'n': {}, 'i': 0}, {'id': '20230505_9', 'p': {'id': 33, 'tq': -41.0, 'dx': 0, 'dy': -2, 'dd': 3, 'da': 87.0, 'dp': 21.07, 'de': -0.04}, 'c': {'id': 14}, 'n': {'id': 9, 'dx': 0, 'dy': -1, 'dd': -1, 'da': -49.0, 'dp': -9.66, 'de': -0.29}, 'i': 1}, {'id': '20230503_15', 'p': {'id': 32, 'tq': 38.0, 'dx': -2, 'dy': 3, 'dd': 1, 'da': 32.0, 'dp': 7.41, 'de': 0.01}, 'c': {'id': 15}, 'n': {}, 'i': 0}, {'id': '20230503_16', 'p': {'id': 36, 'tq': -141.0, 'dx': -45, 'dy': 20, 'dd': -2, 'da': -44.0, 'dp': -12.24, 'de': -0.6}, 'c': {'id': 16}, 'n': {}, 'i': 0}, {'id': '20230503_17', 'p': {'id': 34, 'tq': -230.0, 'dx': -30, 'dy': 82, 'dd': 1, 'da': 16.0, 'dp': 2.59, 'de': -0.07}, 'c': {'id': 17}, 'n': {}, 'i': 0}, {'id': '20230503_18', 'p': {'id': 37, 'tq': -352.0, 'dx': -99, 'dy': 61, 'dd': -1, 'da': -28.0, 'dp': -11.07, 'de': -0.41}, 'c': {'id': 18}, 'n': {}, 'i': 0}, {'id': '20230503_19', 'p': {'id': 35, 'tq': -355.0, 'dx': -48, 'dy': 77, 'dd': -2, 'da': -88.0, 'dp': -26.49, 'de': -0.29}, 'c': {'id': 19}, 'n': {}, 'i': 0}, {'id': '20230503_20', 'p': {'id': 38, 'tq': -79.0, 'dx': -22, 'dy': 42, 'dd': 0, 'da': -8.0, 'dp': -2.83, 'de': 0.1}, 'c': {'id': 20}, 'n': {}, 'i': 0}, {'id': '20230503_21', 'p': {'id': 39, 'tq': 23.0, 'dx': -12, 'dy': 9, 'dd': 1, 'da': 16.0, 'dp': 4.24, 'de': -0.24}, 'c': {'id': 21}, 'n': {}, 'i': 0}], current_date_string: 20230501, distance_threshold: 20
matched entry: {'id': '20230505_1', 'p': {'id': 0, 'tq': 80.0, 'dx': 1, 'dy': 0, 'dd': -1, 'da': -10.0, 'dp': -4.24, 'de': 0.09}, 'c': {'id': 0}, 'n': {'id': 1, 'dx': 0, 'dy': 11, 'dd': -1, 'da': -16.0, 'dp': -9.04, 'de': 0.27}, 'i': 1}, len(matching): 0
matched entry: {'id': '20230515_7', 'p': {'id': 4, 'tq': 70.0, 'dx': 0, 'dy': -1, 'dd': 0, 'da': -17.0, 'dp': -4.0, 'de': 0.12}, 'c': {'id': 1}, 'n': {'id': 2, 'dx': 0, 'dy': -2, 'dd': 1, 'da': 43.0, 'dp': 8.83, 'de': 0.08}, 'i': 5}, len(matching): 2
matched entry: {'id': '20230505_4', 'p': {'id': 7, 'tq': 67.0, 'dx': 0, 'dy': -8, 'dd': 0, 'da': -3.0, 'dp': -0.59, 'de': -0.05}, 'c': {'id': 3}, 'n': {'id': 4, 'dx': 2, 'dy': 9, 'dd': -1, 'da': -29.0, 'dp': -4.24, 'de': 0.0}, 'i': 1}, len(matching): 4
tq < 0
tq < 0
tq < 0
matched entry: {'id': '20230515_46', 'p': {'id': 24, 'tq': 19.0, 'dx': -1, 'dy': -8, 'dd': -1, 'da': -35.0, 'dp': -5.41, 'de': -0.11}, 'c': {'id': 10}, 'n': {'id': 8, 'dx': 1, 'dy': 8, 'dd': 1, 'da': 17.0, 'dp': 2.59, 'de': 0.08}, 'i': 5}, len(matching): 11
matched entry: {'id': '20230503_12', 'p': {'id': 29, 'tq': 7.0, 'dx': 0, 'dy': 0, 'dd': -3, 'da': -56.0, 'dp': -27.11, 'de': 0.0}, 'c': {'id': 12}, 'n': {}, 'i': 0}, len(matching): 12
tq < 0
tq < 0
matched entry: {'id': '20230503_21', 'p': {'id': 39, 'tq': 23.0, 'dx': -12, 'dy': 9, 'dd': 1, 'da': 16.0, 'dp': 4.24, 'de': -0.24}, 'c': {'id': 21}, 'n': {}, 'i': 0}, len(matching): 15
i_dict: {0: 10, 1: 2, 2: 2, 6: 2}
tq_average: -277.875, dx_average: 8.625, dy_average: 9.375, dd_average: -2.25, da_average: -182.8125, dp_average: -23.1813, de_average: 0.0106
average_tracking_quality: 60.6667
@find_matching:
Returning:
Matching(lenght=16): [{'id': '20230505_1', 'p': {'id': 0, 'tq': 92.0, 'dx': 0, 'dy': -1, 'dd': 1, 'da': 3.0, 'dp': 0.83, 'de': 0.1}, 'c': {'id': 0}, 'n': {'id': 0, 'dx': 1, 'dy': 0, 'dd': -1, 'da': -10.0, 'dp': -4.24, 'de': 0.09}, 'i': 2}, {'id': '20230501_1', 'p': {'id': 1, 'tq': 49.0, 'dx': 1, 'dy': -1, 'dd': -1, 'da': -29.0, 'dp': -9.66, 'de': -0.12}, 'c': {'id': 2}, 'n': {}, 'i': 0}, {'id': '20230515_7', 'p': {'id': 2, 'tq': -3906.0, 'dx': -10, 'dy': -47, 'dd': -24, 'da': -2542.0, 'dp': -289.92, 'de': -0.63}, 'c': {'id': 4}, 'n': {'id': 1, 'dx': 0, 'dy': -1, 'dd': 0, 'da': -17.0, 'dp': -4.0, 'de': 0.12}, 'i': 6}, {'id': '20230501_3', 'p': {'id': 3, 'tq': 78.0, 'dx': 0, 'dy': -1, 'dd': 0, 'da': 12.0, 'dp': 2.24, 'de': 0.02}, 'c': {'id': 6}, 'n': {}, 'i': 0}, {'id': '20230505_4', 'p': {'id': 4, 'tq': 70.0, 'dx': 0, 'dy': 0, 'dd': 0, 'da': 20.0, 'dp': 3.17, 'de': 0.08}, 'c': {'id': 7}, 'n': {'id': 3, 'dx': 0, 'dy': -8, 'dd': 0, 'da': -3.0, 'dp': -0.59, 'de': -0.05}, 'i': 2}, {'id': '20230501_5', 'p': {'id': 6, 'tq': 61.0, 'dx': -1, 'dy': 0, 'dd': -1, 'da': -23.0, 'dp': -5.41, 'de': 0.36}, 'c': {'id': 10}, 'n': {}, 'i': 0}, {'id': '20230501_6', 'p': {'id': 5, 'tq': -312.0, 'dx': -16, 'dy': 79, 'dd': -3, 'da': -85.0, 'dp': -16.94, 'de': 0.5}, 'c': {'id': 11}, 'n': {}, 'i': 0}, {'id': '20230501_7', 'p': {'id': 7, 'tq': -48.0, 'dx': 32, 'dy': 18, 'dd': 0, 'da': -11.0, 'dp': -6.66, 'de': 0.32}, 'c': {'id': 12}, 'n': {}, 'i': 0}, {'id': '20230501_8', 'p': {'id': 8, 'tq': 12.0, 'dx': 0, 'dy': -2, 'dd': -2, 'da': -53.0, 'dp': -11.66, 'de': -0.05}, 'c': {'id': 13}, 'n': {}, 'i': 0}, {'id': '20230501_9', 'p': {'id': 9, 'tq': 74.0, 'dx': -1, 'dy': 1, 'dd': 1, 'da': 14.0, 'dp': 2.83, 'de': -0.09}, 'c': {'id': 16}, 'n': {}, 'i': 0}, {'id': '20230501_10', 'p': {'id': 10, 'tq': -21.0, 'dx': 18, 'dy': 11, 'dd': 1, 'da': 30.0, 'dp': 9.66, 'de': -0.28}, 'c': {'id': 18}, 'n': {}, 'i': 0}, {'id': '20230515_46', 'p': {'id': 11, 'tq': 79.0, 'dx': -1, 'dy': 1, 'dd': 0, 'da': 11.0, 'dp': 0.59, 'de': -0.05}, 'c': {'id': 24}, 'n': {'id': 10, 'dx': -1, 'dy': -8, 'dd': -1, 'da': -35.0, 'dp': -5.41, 'de': -0.11}, 'i': 6}, {'id': '20230503_12', 'p': {'id': 12, 'tq': 31.0, 'dx': 0, 'dy': 1, 'dd': 2, 'da': 41.0, 'dp': 14.66, 'de': -0.16}, 'c': {'id': 29}, 'n': {'id': 12, 'dx': 0, 'dy': 0, 'dd': -3, 'da': -56.0, 'dp': -27.11, 'de': 0.0}, 'i': 1}, {'id': '20230501_13', 'p': {'id': 13, 'tq': -121.0, 'dx': -1, 'dy': 4, 'dd': -4, 'da': -134.0, 'dp': -30.49, 'de': -0.08}, 'c': {'id': 33}, 'n': {}, 'i': 0}, {'id': '20230501_14', 'p': {'id': 14, 'tq': -256.0, 'dx': 59, 'dy': 43, 'dd': -2, 'da': -66.0, 'dp': -12.24, 'de': -0.02}, 'c': {'id': 38}, 'n': {}, 'i': 0}, {'id': '20230503_21', 'p': {'id': 15, 'tq': -328.0, 'dx': 58, 'dy': 44, 'dd': -4, 'da': -113.0, 'dp': -21.9, 'de': 0.27}, 'c': {'id': 39}, 'n': {'id': 21, 'dx': -12, 'dy': 9, 'dd': 1, 'da': 16.0, 'dp': 4.24, 'de': -0.24}, 'i': 1}]
Unmatched current(length=24): {1, 3, 5, 8, 9, 14, 15, 17, 19, 20, 21, 22, 23, 25, 26, 27, 28, 30, 31, 32, 34, 35, 36, 37}
Unmatched previous(length=0): set()
Distance threshold: 20



@plot_data: normalized_points: (40, 2), normalized_prev_points: (16, 2), current_points: (40, 2), prev_points: (16, 2), current_data: 40, prev_data: 16, matching: 16, unmatched_current: 24, unmatched_prev: 0, combined_distances: (40, 16), distance_threshold: 20, current_date_string: 20230501, previous_date_string: 20230426, filename: output/crop1006/plots/20230426_20230501.png
Plots created
Plotted the normalized points
Drawing lines between the matched points
Plotting the unmatched points
Plotted the original points with diameter as size
Drawing lines between the matched points and add the indices to the plots with color coding
Setting the titles and labels
Done plotting

@process_image: output_dir: output/crop1006/20230501, image_name: 20230501, date_string: 20230501
len(json_data) = 40 json_data entries
len(matching) = 16 matching entries, setting max_id_i to 16
crop_dir: output/crop1006
nodules_dir: output/crop1006/nodules-last-detected-on
Split image into left and right images: (705, 300, 3), (705, 300, 3)
Converted right image to HSV: (705, 300, 3)
Created mask to detect nodules: (705, 300)

Found 39 contours in mask, processing each contour...

@process_contour: max_id: 20230501_16
Moments: {'m00': 1.0, 'm10': 137.5, 'm01': 682.5, 'm20': 18906.333333333332, 'm11': 93843.75, 'm02': 465806.3333333333, 'm30': 2599643.75, 'm21': 12903572.5, 'm12': 64048370.833333336, 'm03': 317912936.25, 'mu20': 0.08333333333212067, 'mu11': 0.0, 'mu02': 0.08333333331393078, 'mu30': 4.656612873077393e-10, 'mu21': 8.276401786133647e-10, 'mu12': 5.1513779908418655e-09, 'mu03': 5.960464477539063e-08, 'nu20': 0.08333333333212067, 'nu11': 0.0, 'nu02': 0.08333333331393078, 'nu30': 4.656612873077393e-10, 'nu21': 8.276401786133647e-10, 'nu12': 5.1513779908418655e-09, 'nu03': 5.960464477539063e-08}
Centroid: 137, 682
Processing contour#1: area: 1.0 centroid: 137, 682 rectangle: (137, 682, 2, 2)
@find_dayJSON_match_for_contour: x: 137, y: 682, w: 2, h: 2, area: 1.0
Matched with JSON#39: (138, 682, 3, 45.0, 23.3137, 0.629482)
Match with input JSON(nodules) ID: 39
Matched contour: {'x': 138, 'y': 682, 'd': 3, 'a': 45.0, 'p': 23.3137, 'e': 0.629482, 'id': 39, 'tq': 100}
JSON_entry: 39
Matched with first_id: 39 second_id: 15 name: 20230503_21
entry_id:20230503_21, entry saved to results list
WARNING: right_nodule_img.shape != (50, 50, 3) != (48, 50, 3)
@process_contour: max_id: 20230501_17
Moments: {'m00': 20.0, 'm10': 3531.5, 'm01': 12432.0, 'm20': 623609.8333333333, 'm11': 2195183.1666666665, 'm02': 7727761.333333333, 'm30': 110126340.75, 'm21': 387636850.0833333, 'm12': 1364532899.9166667, 'm03': 4803613906.0, 'mu20': 35.22083333320916, 'mu11': 2.7666666666045785, 'mu02': 30.133333332836628, 'mu30': -3.8081249594688416, 'mu21': 0.6349999889716855, 'mu12': 2.963333653099653, 'mu03': -0.5599994659423828, 'nu20': 0.0880520833330229, 'nu11': 0.006916666666511448, 'nu02': 0.07533333333209158, 'nu30': -0.0021288065690464905, 'nu21': 0.00035497578526307646, 'nu12': 0.0016565538720859012, 'nu03': -0.0003130492183026866}
Centroid: 176, 621
Processing contour#2: area: 20.0 centroid: 176, 621 rectangle: (174, 619, 6, 6)
@find_dayJSON_match_for_contour: x: 174, y: 619, w: 6, h: 6, area: 20.0
Matched with JSON#38: (176, 621, 4, 68.0, 28.7279, 0.360328)
Match with input JSON(nodules) ID: 38
Matched contour: {'x': 176, 'y': 621, 'd': 4, 'a': 68.0, 'p': 28.7279, 'e': 0.360328, 'id': 38, 'tq': 100}
JSON_entry: 38
Matched with first_id: 38 second_id: 14 name: 20230501_14
entry_id:20230501_14, entry saved to results list
created dirs at nodule_detection_path: output/crop1006/nodules-last-detected-on/2023-05-01/14/detection and nodule_images_original_path: output/crop1006/nodules-last-detected-on/2023-05-01/14
Segmented nodule image saved as output/crop1006/nodules-last-detected-on/2023-05-01/14/detection/2023-05-01.jpg
Original nodule image saved as output/crop1006/nodules-last-detected-on/2023-05-01/14/2023-05-01.jpg


@process_contour: max_id: 20230501_18
Moments: {'m00': 42.5, 'm10': 9525.333333333332, 'm01': 24571.833333333332, 'm20': 2135139.9166666665, 'm11': 5507158.541666666, 'm02': 14206550.75, 'm30': 478660277.70000005, 'm21': 1234447158.0666666, 'm12': 3184032054.0666666, 'm03': 8213763394.950001, 'mu20': 269.91405228804797, 'mu11': -15.64918300602585, 'mu02': 80.31797385774553, 'mu30': 8.00130969285965, 'mu21': 3.9887489872344304, 'mu12': -1.2847074036471895, 'mu03': -2.468263626098633, 'nu20': 0.14943338534978431, 'nu11': -0.008663907546588705, 'nu02': 0.044466698329547694, 'nu30': 0.0006794988954295871, 'nu21': 0.0003387383609698785, 'nu12': -0.00010910179648558072, 'nu03': -0.0002096134847848424}
Centroid: 224, 578
Processing contour#3: area: 42.5 centroid: 224, 578 rectangle: (219, 575, 11, 7)
@find_dayJSON_match_for_contour: x: 219, y: 575, w: 11, h: 7, area: 42.5
Matched with JSON#37: (224, 578, 6, 122.0, 43.799, 0.882513)
Match with input JSON(nodules) ID: 37
Matched contour: {'x': 224, 'y': 578, 'd': 6, 'a': 122.0, 'p': 43.799, 'e': 0.882513, 'id': 37, 'tq': 100}
JSON_entry: 37
WARNING: match is empty
entry_id:20230501_18, entry saved to results list
created dirs at nodule_detection_path: output/crop1006/nodules-last-detected-on/2023-05-01/18/detection and nodule_images_original_path: output/crop1006/nodules-last-detected-on/2023-05-01/18
Segmented nodule image saved as output/crop1006/nodules-last-detected-on/2023-05-01/18/detection/2023-05-01.jpg
Original nodule image saved as output/crop1006/nodules-last-detected-on/2023-05-01/18/2023-05-01.jpg


@process_contour: max_id: 20230501_19
Moments: {'m00': 112.5, 'm10': 22127.333333333332, 'm01': 64986.5, 'm20': 4356764.583333333, 'm11': 12781995.958333332, 'm02': 37540233.08333333, 'm30': 858734182.7, 'm21': 2516707765.5333333, 'm12': 7383656032.066667, 'm03': 21685726320.350002, 'mu20': 4596.757160494104, 'mu11': -30.24314814992249, 'mu02': 275.9077777713537, 'mu30': 5203.622995257378, 'mu21': 714.916877369862, 'mu12': -146.18444377271953, 'mu03': -60.375701904296875, 'nu20': 0.36320056576743537, 'nu11': -0.0023895820760432584, 'nu02': 0.02180012071279832, 'nu30': 0.03876363700869526, 'nu21': 0.00532566989403592, 'nu12': -0.001088979874193104, 'nu03': -0.00044976006042259353}
Centroid: 196, 577
Processing contour#4: area: 112.5 centroid: 196, 577 rectangle: (185, 574, 25, 8)
@find_dayJSON_match_for_contour: x: 185, y: 574, w: 25, h: 8, area: 112.5
Matched with JSON#35: (193, 577, 9, 264.0, 73.6985, 0.923526)
Match with input JSON(nodules) ID: 35
Matched contour: {'x': 193, 'y': 577, 'd': 9, 'a': 264.0, 'p': 73.6985, 'e': 0.923526, 'id': 35, 'tq': 100}
JSON_entry: 35
WARNING: match is empty
entry_id:20230501_19, entry saved to results list
created dirs at nodule_detection_path: output/crop1006/nodules-last-detected-on/2023-05-01/19/detection and nodule_images_original_path: output/crop1006/nodules-last-detected-on/2023-05-01/19
Segmented nodule image saved as output/crop1006/nodules-last-detected-on/2023-05-01/19/detection/2023-05-01.jpg
Original nodule image saved as output/crop1006/nodules-last-detected-on/2023-05-01/19/2023-05-01.jpg


@process_contour: max_id: 20230501_20
Moments: {'m00': 11.0, 'm10': 2860.0, 'm01': 5891.666666666666, 'm20': 743613.1666666666, 'm11': 1531833.3333333333, 'm02': 3155619.833333333, 'm30': 193346270.0, 'm21': 398283720.6333333, 'm12': 820461156.6666666, 'm03': 1690177097.9, 'mu20': 13.166666666627862, 'mu11': 2.3283064365386963e-10, 'mu02': 7.45959596009925, 'mu30': 2.9802322387695312e-08, 'mu21': 1.820201953567448, 'mu12': -4.6566128730773926e-08, 'mu03': -0.6116313934326172, 'nu20': 0.10881542699692448, 'nu11': 1.924220195486526e-12, 'nu02': 0.06164955338925, 'nu30': 7.426229995581818e-11, 'nu21': 0.004535632548952011, 'nu12': -1.1603484368096592e-10, 'nu03': -0.001524081023304459}
Centroid: 260, 535
Processing contour#5: area: 11.0 centroid: 260, 535 rectangle: (258, 534, 5, 4)
@find_dayJSON_match_for_contour: x: 258, y: 534, w: 5, h: 4, area: 11.0
Matched with JSON#34: (260, 535, 3, 50.0, 24.7279, 0.316133)
Match with input JSON(nodules) ID: 34
Matched contour: {'x': 260, 'y': 535, 'd': 3, 'a': 50.0, 'p': 24.7279, 'e': 0.316133, 'id': 34, 'tq': 100}
JSON_entry: 34
WARNING: match is empty
entry_id:20230501_20, entry saved to results list
created dirs at nodule_detection_path: output/crop1006/nodules-last-detected-on/2023-05-01/20/detection and nodule_images_original_path: output/crop1006/nodules-last-detected-on/2023-05-01/20
Segmented nodule image saved as output/crop1006/nodules-last-detected-on/2023-05-01/20/detection/2023-05-01.jpg
Original nodule image saved as output/crop1006/nodules-last-detected-on/2023-05-01/20/2023-05-01.jpg


@process_contour: max_id: 20230501_21
Moments: {'m00': 4.5, 'm10': 129.66666666666666, 'm01': 2365.833333333333, 'm20': 3737.583333333333, 'm11': 68171.79166666666, 'm02': 1243818.0833333333, 'm30': 107770.8, 'm21': 1965042.9, 'm12': 35841167.93333333, 'm03': 653929113.95, 'mu20': 1.262345679012924, 'mu11': 0.7422839506180026, 'mu02': 3.114197531249374, 'mu30': 0.27988111568265595, 'mu21': 0.2922039329200743, 'mu12': -0.29906264661499904, 'mu03': -1.0494287014007568, 'nu20': 0.06233805822286044, 'nu11': 0.03665599756138284, 'nu02': 0.1537875324073765, 'nu30': 0.00651541843046132, 'nu21': 0.0068022841961206115, 'nu12': -0.006961949808100803, 'nu03': -0.02442989797966313}
Centroid: 28, 525
Processing contour#6: area: 4.5 centroid: 28, 525 rectangle: (28, 524, 3, 4)
@find_dayJSON_match_for_contour: x: 28, y: 524, w: 3, h: 4, area: 4.5
Matched with JSON#33: (28, 525, 2, 18.0, 13.8995, 0.633199)
Match with input JSON(nodules) ID: 33
Matched contour: {'x': 28, 'y': 525, 'd': 2, 'a': 18.0, 'p': 13.8995, 'e': 0.633199, 'id': 33, 'tq': 100}
JSON_entry: 33
Matched with first_id: 33 second_id: 13 name: 20230501_13
entry_id:20230501_13, entry saved to results list
created dirs at nodule_detection_path: output/crop1006/nodules-last-detected-on/2023-05-01/13/detection and nodule_images_original_path: output/crop1006/nodules-last-detected-on/2023-05-01/13
Segmented nodule image saved as output/crop1006/nodules-last-detected-on/2023-05-01/13/detection/2023-05-01.jpg
Original nodule image saved as output/crop1006/nodules-last-detected-on/2023-05-01/13/2023-05-01.jpg


@process_contour: max_id: 20230501_22
Moments: {'m00': 9.0, 'm10': 2353.5, 'm01': 4711.5, 'm20': 615447.0, 'm11': 1232057.25, 'm02': 2466477.0, 'm30': 160942920.75, 'm21': 322186504.5, 'm12': 644983735.5, 'm03': 1291207776.75, 'mu20': 6.75, 'mu11': 0.0, 'mu02': 6.75, 'mu30': 0.0, 'mu21': 0.0, 'mu12': 0.0, 'mu03': 0.0, 'nu20': 0.08333333333333333, 'nu11': 0.0, 'nu02': 0.08333333333333333, 'nu30': 0.0, 'nu21': 0.0, 'nu12': 0.0, 'nu03': 0.0}
Centroid: 261, 523
Processing contour#7: area: 9.0 centroid: 261, 523 rectangle: (260, 522, 4, 4)
@find_dayJSON_match_for_contour: x: 260, y: 522, w: 4, h: 4, area: 9.0
Matched with JSON#32: (261, 523, 3, 43.0, 21.3137, 0.444728)
Match with input JSON(nodules) ID: 32
Matched contour: {'x': 261, 'y': 523, 'd': 3, 'a': 43.0, 'p': 21.3137, 'e': 0.444728, 'id': 32, 'tq': 100}
JSON_entry: 32
WARNING: match is empty
entry_id:20230501_22, entry saved to results list
created dirs at nodule_detection_path: output/crop1006/nodules-last-detected-on/2023-05-01/22/detection and nodule_images_original_path: output/crop1006/nodules-last-detected-on/2023-05-01/22
Segmented nodule image saved as output/crop1006/nodules-last-detected-on/2023-05-01/22/detection/2023-05-01.jpg
Original nodule image saved as output/crop1006/nodules-last-detected-on/2023-05-01/22/2023-05-01.jpg


@process_contour: max_id: 20230501_23
Moments: {'m00': 21.5, 'm10': 3281.833333333333, 'm01': 10195.0, 'm20': 500991.9166666666, 'm11': 1556205.625, 'm02': 4834363.083333333, 'm30': 76485831.95, 'm21': 237565216.96666667, 'm12': 737939416.5666666, 'm03': 2292421987.4, 'mu20': 41.68281653750455, 'mu11': 6.051356589188799, 'mu02': 36.339147286489606, 'mu30': -8.234218701720238, 'mu21': -6.731203068236937, 'mu12': 7.28851322652099, 'mu03': 6.479232311248779, 'nu20': 0.09017375129800875, 'nu11': 0.01309109051203634, 'nu02': 0.0786136231184199, 'nu30': -0.003841724771314697, 'nu21': -0.003140483694293055, 'nu12': 0.0034005001351896116, 'nu03': 0.003022925206495531}
Centroid: 152, 474
Processing contour#8: area: 21.5 centroid: 152, 474 rectangle: (150, 472, 6, 6)
@find_dayJSON_match_for_contour: x: 150, y: 472, w: 6, h: 6, area: 21.5
Matched with JSON#31: (152, 473, 5, 98.0, 34.4853, 0.683459)
Match with input JSON(nodules) ID: 31
Matched contour: {'x': 152, 'y': 473, 'd': 5, 'a': 98.0, 'p': 34.4853, 'e': 0.683459, 'id': 31, 'tq': 100}
JSON_entry: 31
WARNING: match is empty
entry_id:20230501_23, entry saved to results list
created dirs at nodule_detection_path: output/crop1006/nodules-last-detected-on/2023-05-01/23/detection and nodule_images_original_path: output/crop1006/nodules-last-detected-on/2023-05-01/23
Segmented nodule image saved as output/crop1006/nodules-last-detected-on/2023-05-01/23/detection/2023-05-01.jpg
Original nodule image saved as output/crop1006/nodules-last-detected-on/2023-05-01/23/2023-05-01.jpg


@process_contour: max_id: 20230501_24
Moments: {'m00': 1.0, 'm10': 84.5, 'm01': 452.5, 'm20': 7140.333333333333, 'm11': 38236.25, 'm02': 204756.3333333333, 'm30': 603372.25, 'm21': 3231000.8333333335, 'm12': 17301910.166666668, 'm03': 92652316.25, 'mu20': 0.08333333333303017, 'mu11': 0.0, 'mu02': 0.08333333331393078, 'mu30': 1.1641532182693481e-10, 'mu21': 2.9240254661999643e-10, 'mu12': 2.8812792152166367e-09, 'mu03': 2.9802322387695312e-08, 'nu20': 0.08333333333303017, 'nu11': 0.0, 'nu02': 0.08333333331393078, 'nu30': 1.1641532182693481e-10, 'nu21': 2.9240254661999643e-10, 'nu12': 2.8812792152166367e-09, 'nu03': 2.9802322387695312e-08}
Centroid: 84, 452
Processing contour#9: area: 1.0 centroid: 84, 452 rectangle: (84, 452, 2, 2)
@find_dayJSON_match_for_contour: x: 84, y: 452, w: 2, h: 2, area: 1.0
Closest match: {'x': 271, 'y': 436, 'd': 4, 'a': 60.0, 'p': 28.3137, 'e': 0.520162}
No input JSON(nodules) match, ID:20230501_24 area: 1.0 position: {'x': 84, 'y': 452}
Matched contour: None
JSON_entry: ERROR
WARNING: match is empty
entry_id:20230501_24, entry saved to results list
created dirs at nodule_detection_path: output/crop1006/nodules-last-detected-on/2023-05-01/24/detection and nodule_images_original_path: output/crop1006/nodules-last-detected-on/2023-05-01/24
Segmented nodule image saved as output/crop1006/nodules-last-detected-on/2023-05-01/24/detection/2023-05-01.jpg
Original nodule image saved as output/crop1006/nodules-last-detected-on/2023-05-01/24/2023-05-01.jpg


@process_contour: max_id: 20230501_25
Moments: {'m00': 14.0, 'm10': 3792.5, 'm01': 6107.666666666666, 'm20': 1027370.5, 'm11': 1654522.25, 'm02': 2664571.6666666665, 'm30': 278312389.25, 'm21': 448202057.21666664, 'm12': 721812540.75, 'm03': 1162476736.9, 'mu20': 9.339285714435391, 'mu11': -1.0238095235545188, 'mu02': 29.373015873599797, 'mu30': -0.7308673858642578, 'mu21': 0.6758502170177962, 'mu12': 2.2029476524839993, 'mu03': -2.430310010910034, 'nu20': 0.04764941691038464, 'nu11': -0.005223517977318973, 'nu02': 0.14986232588571324, 'nu30': -0.0009965945164253501, 'nu21': 0.0009215743283008048, 'nu12': 0.003003890436076191, 'nu03': -0.003313916692591905}
Centroid: 270, 436
Processing contour#10: area: 14.0 centroid: 270, 436 rectangle: (269, 433, 5, 7)
@find_dayJSON_match_for_contour: x: 269, y: 433, w: 5, h: 7, area: 14.0
Matched with JSON#29: (271, 436, 4, 60.0, 28.3137, 0.520162)
Match with input JSON(nodules) ID: 29
Matched contour: {'x': 271, 'y': 436, 'd': 4, 'a': 60.0, 'p': 28.3137, 'e': 0.520162, 'id': 29, 'tq': 100}
JSON_entry: 29
Matched with first_id: 29 second_id: 12 name: 20230503_12
entry_id:20230503_12, entry saved to results list
created dirs at nodule_detection_path: output/crop1006/nodules-last-detected-on/2023-05-03/12/detection and nodule_images_original_path: output/crop1006/nodules-last-detected-on/2023-05-03/12
Segmented nodule image saved as output/crop1006/nodules-last-detected-on/2023-05-03/12/detection/2023-05-01.jpg
Original nodule image saved as output/crop1006/nodules-last-detected-on/2023-05-03/12/2023-05-01.jpg


@process_contour: max_id: 20230501_26
Moments: {'m00': 9.0, 'm10': 2137.5, 'm01': 3883.5, 'm20': 507663.0, 'm11': 922331.25, 'm02': 1675737.0, 'm30': 120573168.75, 'm21': 219056584.5, 'm12': 397987537.5, 'm03': 723086340.75, 'mu20': 6.75, 'mu11': 0.0, 'mu02': 6.75, 'mu30': 0.0, 'mu21': 0.0, 'mu12': 0.0, 'mu03': 0.0, 'nu20': 0.08333333333333333, 'nu11': 0.0, 'nu02': 0.08333333333333333, 'nu30': 0.0, 'nu21': 0.0, 'nu12': 0.0, 'nu03': 0.0}
Centroid: 237, 431
Processing contour#11: area: 9.0 centroid: 237, 431 rectangle: (236, 430, 4, 4)
@find_dayJSON_match_for_contour: x: 236, y: 430, w: 4, h: 4, area: 9.0
Matched with JSON#28: (237, 431, 3, 43.0, 21.0711, 0.397815)
Match with input JSON(nodules) ID: 28
Matched contour: {'x': 237, 'y': 431, 'd': 3, 'a': 43.0, 'p': 21.0711, 'e': 0.397815, 'id': 28, 'tq': 100}
JSON_entry: 28
WARNING: match is empty
entry_id:20230501_26, entry saved to results list
created dirs at nodule_detection_path: output/crop1006/nodules-last-detected-on/2023-05-01/26/detection and nodule_images_original_path: output/crop1006/nodules-last-detected-on/2023-05-01/26
Segmented nodule image saved as output/crop1006/nodules-last-detected-on/2023-05-01/26/detection/2023-05-01.jpg
Original nodule image saved as output/crop1006/nodules-last-detected-on/2023-05-01/26/2023-05-01.jpg


@process_contour: max_id: 20230501_27
Moments: {'m00': 6.0, 'm10': 1497.0, 'm01': 2568.0, 'm20': 373506.0, 'm11': 640716.0, 'm02': 1099106.0, 'm30': 93191992.5, 'm21': 159860568.0, 'm12': 274226947.0, 'm03': 470419080.0, 'mu20': 4.5, 'mu11': 0.0, 'mu02': 2.0, 'mu30': 0.0, 'mu21': 0.0, 'mu12': 0.0, 'mu03': 0.0, 'nu20': 0.125, 'nu11': 0.0, 'nu02': 0.05555555555555555, 'nu30': 0.0, 'nu21': 0.0, 'nu12': 0.0, 'nu03': 0.0}
Centroid: 249, 428
Processing contour#12: area: 6.0 centroid: 249, 428 rectangle: (248, 427, 4, 3)
@find_dayJSON_match_for_contour: x: 248, y: 427, w: 4, h: 3, area: 6.0
Matched with JSON#27: (249, 427, 2, 21.0, 15.3137, 0.547751)
Match with input JSON(nodules) ID: 27
Matched contour: {'x': 249, 'y': 427, 'd': 2, 'a': 21.0, 'p': 15.3137, 'e': 0.547751, 'id': 27, 'tq': 100}
JSON_entry: 27
WARNING: match is empty
entry_id:20230501_27, entry saved to results list
created dirs at nodule_detection_path: output/crop1006/nodules-last-detected-on/2023-05-01/27/detection and nodule_images_original_path: output/crop1006/nodules-last-detected-on/2023-05-01/27
Segmented nodule image saved as output/crop1006/nodules-last-detected-on/2023-05-01/27/detection/2023-05-01.jpg
Original nodule image saved as output/crop1006/nodules-last-detected-on/2023-05-01/27/2023-05-01.jpg


@process_contour: max_id: 20230501_28
Moments: {'m00': 18.0, 'm10': 2169.0, 'm01': 7571.166666666666, 'm20': 261389.3333333333, 'm11': 912325.5833333333, 'm02': 3184614.833333333, 'm30': 31503399.5, 'm21': 109945678.21666667, 'm12': 383746087.4166667, 'm03': 1339537346.65, 'mu20': 24.83333333331393, 'mu11': 0.0, 'mu02': 27.90586419776082, 'mu30': 7.450580596923828e-09, 'mu21': 0.019135822552925674, 'mu12': 5.029141902923584e-08, 'mu03': 0.4164896011352539, 'nu20': 0.07664609053491954, 'nu11': 0.0, 'nu02': 0.0861292104869161, 'nu30': 5.420119407265178e-12, 'nu21': 1.3920853797074294e-05, 'nu12': 3.6585805999039956e-11, 'nu03': 0.00030298623586051275}
Centroid: 120, 420
Processing contour#13: area: 18.0 centroid: 120, 420 rectangle: (118, 418, 6, 6)
@find_dayJSON_match_for_contour: x: 118, y: 418, w: 6, h: 6, area: 18.0
Matched with JSON#26: (120, 420, 5, 79.0, 30.7279, 0.413795)
Match with input JSON(nodules) ID: 26
Matched contour: {'x': 120, 'y': 420, 'd': 5, 'a': 79.0, 'p': 30.7279, 'e': 0.413795, 'id': 26, 'tq': 100}
JSON_entry: 26
WARNING: match is empty
entry_id:20230501_28, entry saved to results list
created dirs at nodule_detection_path: output/crop1006/nodules-last-detected-on/2023-05-01/28/detection and nodule_images_original_path: output/crop1006/nodules-last-detected-on/2023-05-01/28
Segmented nodule image saved as output/crop1006/nodules-last-detected-on/2023-05-01/28/detection/2023-05-01.jpg
Original nodule image saved as output/crop1006/nodules-last-detected-on/2023-05-01/28/2023-05-01.jpg


@process_contour: max_id: 20230501_29
Moments: {'m00': 6.0, 'm10': 588.0, 'm01': 2505.0, 'm20': 57626.0, 'm11': 245490.0, 'm02': 1045842.0, 'm30': 5647740.0, 'm21': 24058855.0, 'm12': 102492516.0, 'm03': 436642792.5, 'mu20': 2.0, 'mu11': 0.0, 'mu02': 4.5, 'mu30': 0.0, 'mu21': 0.0, 'mu12': 0.0, 'mu03': 0.0, 'nu20': 0.05555555555555555, 'nu11': 0.0, 'nu02': 0.125, 'nu30': 0.0, 'nu21': 0.0, 'nu12': 0.0, 'nu03': 0.0}
Centroid: 98, 417
Processing contour#14: area: 6.0 centroid: 98, 417 rectangle: (97, 416, 3, 4)
@find_dayJSON_match_for_contour: x: 97, y: 416, w: 3, h: 4, area: 6.0
Matched with JSON#25: (98, 417, 3, 34.0, 18.4853, 0.508256)
Match with input JSON(nodules) ID: 25
Matched contour: {'x': 98, 'y': 417, 'd': 3, 'a': 34.0, 'p': 18.4853, 'e': 0.508256, 'id': 25, 'tq': 100}
JSON_entry: 25
WARNING: match is empty
entry_id:20230501_29, entry saved to results list
created dirs at nodule_detection_path: output/crop1006/nodules-last-detected-on/2023-05-01/29/detection and nodule_images_original_path: output/crop1006/nodules-last-detected-on/2023-05-01/29
Segmented nodule image saved as output/crop1006/nodules-last-detected-on/2023-05-01/29/detection/2023-05-01.jpg
Original nodule image saved as output/crop1006/nodules-last-detected-on/2023-05-01/29/2023-05-01.jpg


@process_contour: max_id: 20230501_30
Moments: {'m00': 41.0, 'm10': 10311.5, 'm01': 16625.5, 'm20': 2593476.333333333, 'm11': 4181313.25, 'm02': 6741774.333333333, 'm30': 652326741.75, 'm21': 1051654653.1666666, 'm12': 1695556244.8333333, 'm03': 2733898233.75, 'mu20': 134.0833333330229, 'mu11': 0.0, 'mu02': 134.0833333330229, 'mu30': 2.384185791015625e-07, 'mu21': 8.614733815193176e-08, 'mu12': -1.3969838619232178e-09, 'mu03': 4.76837158203125e-07, 'nu20': 0.07976402934742588, 'nu11': 0.0, 'nu02': 0.07976402934742588, 'nu30': 2.215034289258014e-11, 'nu21': 8.003541865483059e-12, 'nu12': -1.2978716538621175e-13, 'nu03': 4.430068578516028e-11}
Centroid: 251, 405
Processing contour#15: area: 41.0 centroid: 251, 405 rectangle: (248, 402, 8, 8)
@find_dayJSON_match_for_contour: x: 248, y: 402, w: 8, h: 8, area: 41.0
Matched with JSON#24: (251, 405, 6, 139.0, 40.9706, 0.41065)
Match with input JSON(nodules) ID: 24
Matched contour: {'x': 251, 'y': 405, 'd': 6, 'a': 139.0, 'p': 40.9706, 'e': 0.41065, 'id': 24, 'tq': 100}
JSON_entry: 24
Matched with first_id: 24 second_id: 11 name: 20230515_46
entry_id:20230515_46, entry saved to results list
created dirs at nodule_detection_path: output/crop1006/nodules-last-detected-on/2023-05-15/46/detection and nodule_images_original_path: output/crop1006/nodules-last-detected-on/2023-05-15/46
Segmented nodule image saved as output/crop1006/nodules-last-detected-on/2023-05-15/46/detection/2023-05-01.jpg
Original nodule image saved as output/crop1006/nodules-last-detected-on/2023-05-15/46/2023-05-01.jpg


@process_contour: max_id: 20230501_31
Moments: {'m00': 14.0, 'm10': 1485.0, 'm01': 5635.666666666666, 'm20': 157531.3333333333, 'm11': 597782.4166666666, 'm02': 2268642.6666666665, 'm30': 16712812.5, 'm21': 63413695.46666667, 'm12': 240637527.16666666, 'm03': 913251570.9000001, 'mu20': 15.261904761893675, 'mu11': -0.7976190475746989, 'mu02': 18.468253968749195, 'mu30': 1.224489800632, 'mu21': 1.5171201848161218, 'mu12': 0.7545351377755196, 'mu03': -1.7398338317871094, 'nu20': 0.07786686103006976, 'nu11': -0.004069484936605606, 'nu02': 0.09422578555484283, 'nu30': 0.0016696870654388022, 'nu21': 0.0020687113506345075, 'nu12': 0.001028867336675753, 'nu03': -0.002372398727574872}
Centroid: 106, 402
Processing contour#16: area: 14.0 centroid: 106, 402 rectangle: (104, 400, 6, 6)
@find_dayJSON_match_for_contour: x: 104, y: 400, w: 6, h: 6, area: 14.0
Matched with JSON#23: (106, 402, 4, 57.0, 25.8995, 0.271167)
Match with input JSON(nodules) ID: 23
Matched contour: {'x': 106, 'y': 402, 'd': 4, 'a': 57.0, 'p': 25.8995, 'e': 0.271167, 'id': 23, 'tq': 100}
JSON_entry: 23
WARNING: match is empty
entry_id:20230501_31, entry saved to results list
created dirs at nodule_detection_path: output/crop1006/nodules-last-detected-on/2023-05-01/31/detection and nodule_images_original_path: output/crop1006/nodules-last-detected-on/2023-05-01/31
Segmented nodule image saved as output/crop1006/nodules-last-detected-on/2023-05-01/31/detection/2023-05-01.jpg
Original nodule image saved as output/crop1006/nodules-last-detected-on/2023-05-01/31/2023-05-01.jpg


@process_contour: max_id: 20230501_32
Moments: {'m00': 5.0, 'm10': 905.0, 'm01': 1958.6666666666665, 'm20': 163806.5, 'm11': 354518.6666666666, 'm02': 767277.8333333333, 'm30': 29649519.5, 'm21': 64168466.46666667, 'm12': 138877287.83333334, 'm03': 300570505.40000004, 'mu20': 1.5, 'mu11': -5.820766091346741e-11, 'mu02': 2.81111111107748, 'mu30': 0.0, 'mu21': 0.2000000268220674, 'mu12': 4.71482053399086e-08, 'mu03': -0.25629621744155884, 'nu20': 0.06000000000000001, 'nu11': -2.3283064365386967e-12, 'nu02': 0.11244444444309923, 'nu30': 0.0, 'nu21': 0.003577709243807392, 'nu12': 8.434127372572337e-10, 'nu03': -0.004584766116603143}
Centroid: 181, 391
Processing contour#17: area: 5.0 centroid: 181, 391 rectangle: (180, 390, 3, 4)
@find_dayJSON_match_for_contour: x: 180, y: 390, w: 3, h: 4, area: 5.0
Matched with JSON#22: (181, 392, 2, 20.0, 15.8284, 0.437467)
Match with input JSON(nodules) ID: 22
Matched contour: {'x': 181, 'y': 392, 'd': 2, 'a': 20.0, 'p': 15.8284, 'e': 0.437467, 'id': 22, 'tq': 100}
JSON_entry: 22
WARNING: match is empty
entry_id:20230501_32, entry saved to results list
created dirs at nodule_detection_path: output/crop1006/nodules-last-detected-on/2023-05-01/32/detection and nodule_images_original_path: output/crop1006/nodules-last-detected-on/2023-05-01/32
Segmented nodule image saved as output/crop1006/nodules-last-detected-on/2023-05-01/32/detection/2023-05-01.jpg
Original nodule image saved as output/crop1006/nodules-last-detected-on/2023-05-01/32/2023-05-01.jpg


@process_contour: max_id: 20230501_33
Moments: {'m00': 6.5, 'm10': 1769.5, 'm01': 2461.333333333333, 'm20': 481714.0833333333, 'm11': 670050.7916666666, 'm02': 932033.5833333333, 'm30': 131138340.85000001, 'm21': 182409134.06666666, 'm12': 253728316.03333333, 'm03': 352936635.70000005, 'mu20': 1.7371794871869497, 'mu11': 0.125, 'mu02': 8.6944444446126, 'mu30': -0.43254436552524567, 'mu21': -0.21324785705644445, 'mu12': 2.0269230655844694, 'mu03': 0.885185182094574, 'nu20': 0.04111667425294556, 'nu11': 0.002958579881656805, 'nu02': 0.2057856673281089, 'nu30': -0.004015570615034754, 'nu21': -0.0019797086652028313, 'nu12': 0.018817151140585377, 'nu03': 0.008217708723975268}
Centroid: 272, 378
Processing contour#18: area: 6.5 centroid: 272, 378 rectangle: (271, 376, 3, 6)
@find_dayJSON_match_for_contour: x: 271, y: 376, w: 3, h: 6, area: 6.5
Matched with JSON#21: (272, 378, 3, 34.0, 19.6569, 0.743438)
Match with input JSON(nodules) ID: 21
Matched contour: {'x': 272, 'y': 378, 'd': 3, 'a': 34.0, 'p': 19.6569, 'e': 0.743438, 'id': 21, 'tq': 100}
JSON_entry: 21
WARNING: match is empty
entry_id:20230501_33, entry saved to results list
created dirs at nodule_detection_path: output/crop1006/nodules-last-detected-on/2023-05-01/33/detection and nodule_images_original_path: output/crop1006/nodules-last-detected-on/2023-05-01/33
Segmented nodule image saved as output/crop1006/nodules-last-detected-on/2023-05-01/33/detection/2023-05-01.jpg
Original nodule image saved as output/crop1006/nodules-last-detected-on/2023-05-01/33/2023-05-01.jpg


@process_contour: max_id: 20230501_34
Moments: {'m00': 13.5, 'm10': 2337.833333333333, 'm01': 4969.833333333333, 'm20': 404863.5833333333, 'm11': 860639.7916666666, 'm02': 1829589.25, 'm30': 70116343.95, 'm21': 149044658.48333332, 'm12': 316834902.81666666, 'm03': 673548839.95, 'mu20': 14.346707819029689, 'mu11': -0.35853909444995224, 'mu02': 15.667695473646745, 'mu30': -1.3087385147809982, 'mu21': 2.5208529696383266, 'mu12': 1.2463521278427834, 'mu03': -2.466946244239807, 'nu20': 0.0787199331634002, 'nu11': -0.0019672926993138666, 'nu02': 0.08596815074703289, 'nu30': -0.0019544225379919803, 'nu21': 0.0037645502162436183, 'nu12': 0.0018612569748799792, 'nu03': -0.0036840478715213488}
Centroid: 173, 368
Processing contour#19: area: 13.5 centroid: 173, 368 rectangle: (171, 366, 5, 5)
@find_dayJSON_match_for_contour: x: 171, y: 366, w: 5, h: 5, area: 13.5
Matched with JSON#20: (173, 368, 4, 58.0, 25.5563, 0.434122)
Match with input JSON(nodules) ID: 20
Matched contour: {'x': 173, 'y': 368, 'd': 4, 'a': 58.0, 'p': 25.5563, 'e': 0.434122, 'id': 20, 'tq': 100}
JSON_entry: 20
WARNING: match is empty
entry_id:20230501_34, entry saved to results list
created dirs at nodule_detection_path: output/crop1006/nodules-last-detected-on/2023-05-01/34/detection and nodule_images_original_path: output/crop1006/nodules-last-detected-on/2023-05-01/34
Segmented nodule image saved as output/crop1006/nodules-last-detected-on/2023-05-01/34/detection/2023-05-01.jpg
Original nodule image saved as output/crop1006/nodules-last-detected-on/2023-05-01/34/2023-05-01.jpg


@process_contour: max_id: 20230501_35
Moments: {'m00': 6.0, 'm10': 1500.3333333333333, 'm01': 2150.1666666666665, 'm20': 375169.3333333333, 'm11': 537660.4166666666, 'm02': 770540.8333333333, 'm30': 93814499.30000001, 'm21': 134445747.38333333, 'm12': 192677513.35, 'm03': 276135249.15000004, 'mu20': 2.6481481481459923, 'mu11': -0.7037037037080154, 'mu02': 4.717592592583969, 'mu30': -1.1423868089914322, 'mu21': 0.16522635995363544, 'mu12': 1.5526749228722565, 'mu03': -1.2432612180709839, 'nu20': 0.07355967078183312, 'nu11': -0.019547325103000425, 'nu02': 0.13104423868288803, 'nu30': -0.012954929494978328, 'nu21': 0.0018737049719621819, 'nu12': 0.017607691191908584, 'nu03': -0.014098868524374976}
Centroid: 250, 358
Processing contour#20: area: 6.0 centroid: 250, 358 rectangle: (248, 356, 4, 5)
@find_dayJSON_match_for_contour: x: 248, y: 356, w: 4, h: 5, area: 6.0
Matched with JSON#19: (250, 358, 3, 42.0, 22.7279, 0.362428)
Match with input JSON(nodules) ID: 19
Matched contour: {'x': 250, 'y': 358, 'd': 3, 'a': 42.0, 'p': 22.7279, 'e': 0.362428, 'id': 19, 'tq': 100}
JSON_entry: 19
WARNING: match is empty
entry_id:20230501_35, entry saved to results list
created dirs at nodule_detection_path: output/crop1006/nodules-last-detected-on/2023-05-01/35/detection and nodule_images_original_path: output/crop1006/nodules-last-detected-on/2023-05-01/35
Segmented nodule image saved as output/crop1006/nodules-last-detected-on/2023-05-01/35/detection/2023-05-01.jpg
Original nodule image saved as output/crop1006/nodules-last-detected-on/2023-05-01/35/2023-05-01.jpg


@process_contour: max_id: 20230501_36
Moments: {'m00': 17.0, 'm10': 4564.5, 'm01': 5856.5, 'm20': 1225591.6666666665, 'm11': 1572470.25, 'm02': 2017587.6666666665, 'm30': 329083937.25, 'm21': 422216329.1666667, 'm12': 541722288.5, 'm03': 695075085.25, 'mu20': 23.416666666511446, 'mu11': 0.0, 'mu02': 23.416666666511446, 'mu30': 1.1920928955078125e-07, 'mu21': 7.334165275096893e-08, 'mu12': 4.1676685214042664e-08, 'mu03': 1.1920928955078125e-07, 'nu20': 0.08102652825782508, 'nu11': 0.0, 'nu02': 0.08102652825782508, 'nu30': 1.0004325104268487e-10, 'nu21': 6.155004702821432e-11, 'nu12': 3.497605847000115e-11, 'nu03': 1.0004325104268487e-10}
Centroid: 268, 344
Processing contour#21: area: 17.0 centroid: 268, 344 rectangle: (266, 342, 6, 6)
@find_dayJSON_match_for_contour: x: 266, y: 342, w: 6, h: 6, area: 17.0
Matched with JSON#18: (268, 344, 3, 49.0, 23.3137, 0.362128)
Match with input JSON(nodules) ID: 18
Matched contour: {'x': 268, 'y': 344, 'd': 3, 'a': 49.0, 'p': 23.3137, 'e': 0.362128, 'id': 18, 'tq': 100}
JSON_entry: 18
Matched with first_id: 18 second_id: 10 name: 20230501_10
entry_id:20230501_10, entry saved to results list
created dirs at nodule_detection_path: output/crop1006/nodules-last-detected-on/2023-05-01/10/detection and nodule_images_original_path: output/crop1006/nodules-last-detected-on/2023-05-01/10
Segmented nodule image saved as output/crop1006/nodules-last-detected-on/2023-05-01/10/detection/2023-05-01.jpg
Original nodule image saved as output/crop1006/nodules-last-detected-on/2023-05-01/10/2023-05-01.jpg


@process_contour: max_id: 20230501_37
Moments: {'m00': 11.0, 'm10': 839.5, 'm01': 3726.333333333333, 'm20': 64083.666666666664, 'm11': 284385.1666666666, 'm02': 1262331.5, 'm30': 4892973.75, 'm21': 21708548.45, 'm12': 96337612.41666667, 'm03': 427629681.1, 'mu20': 14.553030303017295, 'mu11': -1.8181818182347342, 'mu02': 7.853535353671759, 'mu30': 3.5041322326287627, 'mu21': -1.5949953990175345, 'mu12': -0.6694214530501768, 'mu03': 1.4683806896209717, 'nu20': 0.12027297771088674, 'nu11': -0.015026296018468879, 'nu02': 0.0649052508567914, 'nu30': 0.008731699347422966, 'nu21': -0.003974456259116722, 'nu12': -0.001668083986763298, 'nu03': 0.0036589540171871318}
Centroid: 76, 338
Processing contour#22: area: 11.0 centroid: 76, 338 rectangle: (74, 337, 6, 5)
@find_dayJSON_match_for_contour: x: 74, y: 337, w: 6, h: 5, area: 11.0
Matched with JSON#17: (76, 338, 3, 46.0, 22.4853, 0.535167)
Match with input JSON(nodules) ID: 17
Matched contour: {'x': 76, 'y': 338, 'd': 3, 'a': 46.0, 'p': 22.4853, 'e': 0.535167, 'id': 17, 'tq': 100}
JSON_entry: 17
WARNING: match is empty
entry_id:20230501_37, entry saved to results list
created dirs at nodule_detection_path: output/crop1006/nodules-last-detected-on/2023-05-01/37/detection and nodule_images_original_path: output/crop1006/nodules-last-detected-on/2023-05-01/37
Segmented nodule image saved as output/crop1006/nodules-last-detected-on/2023-05-01/37/detection/2023-05-01.jpg
Original nodule image saved as output/crop1006/nodules-last-detected-on/2023-05-01/37/2023-05-01.jpg


@process_contour: max_id: 20230501_38
Moments: {'m00': 30.0, 'm10': 5749.0, 'm01': 9992.0, 'm20': 1101778.0, 'm11': 1914792.6666666665, 'm02': 3328071.6666666665, 'm30': 211167262.5, 'm21': 366962607.6666667, 'm12': 637764410.8333334, 'm03': 1108516058.0, 'mu20': 77.96666666679084, 'mu11': -7.600000000093132, 'mu02': 69.53333333320916, 'mu30': -10.25777781009674, 'mu21': -5.373333310584712, 'mu12': 6.391111290144181, 'mu03': 3.084444522857666, 'nu20': 0.0866296296297676, 'nu11': -0.008444444444547925, 'nu02': 0.07725925925912129, 'nu30': -0.002080894924617011, 'nu21': -0.0010900355048893183, 'nu12': 0.0012965021559770047, 'nu03': 0.0006257110527934824}
Centroid: 191, 333
Processing contour#23: area: 30.0 centroid: 191, 333 rectangle: (188, 330, 8, 7)
@find_dayJSON_match_for_contour: x: 188, y: 330, w: 8, h: 7, area: 30.0
Matched with JSON#16: (191, 333, 6, 117.0, 37.5563, 0.274689)
Match with input JSON(nodules) ID: 16
Matched contour: {'x': 191, 'y': 333, 'd': 6, 'a': 117.0, 'p': 37.5563, 'e': 0.274689, 'id': 16, 'tq': 100}
JSON_entry: 16
Matched with first_id: 16 second_id: 9 name: 20230501_9
entry_id:20230501_9, entry saved to results list
created dirs at nodule_detection_path: output/crop1006/nodules-last-detected-on/2023-05-01/9/detection and nodule_images_original_path: output/crop1006/nodules-last-detected-on/2023-05-01/9
Segmented nodule image saved as output/crop1006/nodules-last-detected-on/2023-05-01/9/detection/2023-05-01.jpg
Original nodule image saved as output/crop1006/nodules-last-detected-on/2023-05-01/9/2023-05-01.jpg


@process_contour: max_id: 20230501_39
Moments: {'m00': 31.0, 'm10': 7787.833333333333, 'm01': 10304.666666666666, 'm20': 1956560.6666666665, 'm11': 2588743.4166666665, 'm02': 3425421.5, 'm30': 491577180.85, 'm21': 650377918.3833333, 'm12': 860536266.9499999, 'm03': 1138680557.4, 'mu20': 97.8270609320607, 'mu11': 0.6245519714429975, 'mu02': 61.65770609350875, 'mu30': 16.32588356733322, 'mu21': 8.353512928657437, 'mu12': -10.792465457789149, 'mu03': -6.295186281204224, 'nu20': 0.10179714977321612, 'nu11': 0.0006498979931768964, 'nu02': 0.06415994390583636, 'nu30': 0.0030512125379446873, 'nu21': 0.0015612229058648158, 'nu12': -0.0020170489262848652, 'nu03': -0.0011765336455260087}
Centroid: 251, 332
Processing contour#24: area: 31.0 centroid: 251, 332 rectangle: (248, 329, 8, 7)
@find_dayJSON_match_for_contour: x: 248, y: 329, w: 8, h: 7, area: 31.0
Matched with JSON#15: (251, 332, 5, 111.0, 36.9706, 0.474572)
Match with input JSON(nodules) ID: 15
Matched contour: {'x': 251, 'y': 332, 'd': 5, 'a': 111.0, 'p': 36.9706, 'e': 0.474572, 'id': 15, 'tq': 100}
JSON_entry: 15
WARNING: match is empty
entry_id:20230501_39, entry saved to results list
created dirs at nodule_detection_path: output/crop1006/nodules-last-detected-on/2023-05-01/39/detection and nodule_images_original_path: output/crop1006/nodules-last-detected-on/2023-05-01/39
Segmented nodule image saved as output/crop1006/nodules-last-detected-on/2023-05-01/39/detection/2023-05-01.jpg
Original nodule image saved as output/crop1006/nodules-last-detected-on/2023-05-01/39/2023-05-01.jpg


@process_contour: max_id: 20230501_40
Moments: {'m00': 10.0, 'm10': 2513.333333333333, 'm01': 3088.5, 'm20': 631691.3333333333, 'm11': 776242.0833333333, 'm02': 953893.8333333333, 'm30': 158768552.6, 'm21': 195097407.75, 'm12': 239744747.95, 'm03': 294616664.25, 'mu20': 6.888888888992369, 'mu11': -0.9166666667442769, 'mu02': 10.60833333316259, 'mu30': 1.3407407104969025, 'mu21': 0.22777782860202933, 'mu12': -2.6027777050621808, 'mu03': 1.0575001239776611, 'nu20': 0.0688888888899237, 'nu11': -0.00916666666744277, 'nu02': 0.10608333333162592, 'nu30': 0.004239794396882636, 'nu21': 0.0007202967388698595, 'nu12': -0.00823070579110246, 'nu03': 0.00334410901767985}
Centroid: 251, 308
Processing contour#25: area: 10.0 centroid: 251, 308 rectangle: (250, 307, 4, 5)
@find_dayJSON_match_for_contour: x: 250, y: 307, w: 4, h: 5, area: 10.0
Matched with JSON#14: (251, 308, 3, 50.0, 23.8995, 0.376884)
Match with input JSON(nodules) ID: 14
Matched contour: {'x': 251, 'y': 308, 'd': 3, 'a': 50.0, 'p': 23.8995, 'e': 0.376884, 'id': 14, 'tq': 100}
JSON_entry: 14
WARNING: match is empty
entry_id:20230501_40, entry saved to results list
created dirs at nodule_detection_path: output/crop1006/nodules-last-detected-on/2023-05-01/40/detection and nodule_images_original_path: output/crop1006/nodules-last-detected-on/2023-05-01/40
Segmented nodule image saved as output/crop1006/nodules-last-detected-on/2023-05-01/40/detection/2023-05-01.jpg
Original nodule image saved as output/crop1006/nodules-last-detected-on/2023-05-01/40/2023-05-01.jpg


@process_contour: max_id: 20230501_41
Moments: {'m00': 10.0, 'm10': 705.0, 'm01': 3083.0, 'm20': 49714.666666666664, 'm11': 217351.5, 'm02': 950496.6666666666, 'm30': 3506599.5, 'm21': 15327034.0, 'm12': 67010015.0, 'm03': 293042907.5, 'mu20': 12.166666666664241, 'mu11': 0.0, 'mu02': 7.7666666666045785, 'mu30': 4.656612873077393e-10, 'mu21': 2.266666667414029, 'mu12': 1.3969838619232178e-09, 'mu03': -3.759999930858612, 'nu20': 0.12166666666664244, 'nu11': 0.0, 'nu02': 0.0776666666660458, 'nu30': 1.4725502860585134e-12, 'nu21': 0.0071678293654116945, 'nu12': 4.41765085817554e-12, 'nu03': -0.011890163783588842}
Centroid: 70, 308
Processing contour#26: area: 10.0 centroid: 70, 308 rectangle: (68, 306, 6, 5)
@find_dayJSON_match_for_contour: x: 68, y: 306, w: 6, h: 5, area: 10.0
Matched with JSON#13: (70, 308, 3, 42.0, 21.8995, 0.313587)
Match with input JSON(nodules) ID: 13
Matched contour: {'x': 70, 'y': 308, 'd': 3, 'a': 42.0, 'p': 21.8995, 'e': 0.313587, 'id': 13, 'tq': 100}
JSON_entry: 13
Matched with first_id: 13 second_id: 8 name: 20230501_8
entry_id:20230501_8, entry saved to results list
created dirs at nodule_detection_path: output/crop1006/nodules-last-detected-on/2023-05-01/8/detection and nodule_images_original_path: output/crop1006/nodules-last-detected-on/2023-05-01/8
Segmented nodule image saved as output/crop1006/nodules-last-detected-on/2023-05-01/8/detection/2023-05-01.jpg
Original nodule image saved as output/crop1006/nodules-last-detected-on/2023-05-01/8/2023-05-01.jpg


@process_contour: max_id: 20230501_42
Moments: {'m00': 1.0, 'm10': 217.5, 'm01': 275.5, 'm20': 47306.33333333333, 'm11': 59921.25, 'm02': 75900.33333333333, 'm30': 10289163.75, 'm21': 13032894.833333334, 'm12': 16508322.5, 'm03': 20910587.75, 'mu20': 0.0833333333284827, 'mu11': 0.0, 'mu02': 0.0833333333284827, 'mu30': 3.725290298461914e-09, 'mu21': 1.9572325982153416e-09, 'mu12': 1.0550138540565968e-09, 'mu03': 3.725290298461914e-09, 'nu20': 0.0833333333284827, 'nu11': 0.0, 'nu02': 0.0833333333284827, 'nu30': 3.725290298461914e-09, 'nu21': 1.9572325982153416e-09, 'nu12': 1.0550138540565968e-09, 'nu03': 3.725290298461914e-09}
Centroid: 217, 275
Processing contour#27: area: 1.0 centroid: 217, 275 rectangle: (217, 275, 2, 2)
@find_dayJSON_match_for_contour: x: 217, y: 275, w: 2, h: 2, area: 1.0
Matched with JSON#12: (217, 275, 2, 14.0, 10.2426, 0.684706)
Match with input JSON(nodules) ID: 12
Matched contour: {'x': 217, 'y': 275, 'd': 2, 'a': 14.0, 'p': 10.2426, 'e': 0.684706, 'id': 12, 'tq': 100}
JSON_entry: 12
Matched with first_id: 12 second_id: 7 name: 20230501_7
entry_id:20230501_7, entry saved to results list
created dirs at nodule_detection_path: output/crop1006/nodules-last-detected-on/2023-05-01/7/detection and nodule_images_original_path: output/crop1006/nodules-last-detected-on/2023-05-01/7
Segmented nodule image saved as output/crop1006/nodules-last-detected-on/2023-05-01/7/detection/2023-05-01.jpg
Original nodule image saved as output/crop1006/nodules-last-detected-on/2023-05-01/7/2023-05-01.jpg


@process_contour: max_id: 20230501_43
Moments: {'m00': 7.0, 'm10': 1717.0, 'm01': 1752.5, 'm20': 421162.8333333333, 'm11': 429863.4166666666, 'm02': 438753.6666666666, 'm30': 103308785.5, 'm21': 105441223.75, 'm12': 107620108.75, 'm03': 109846503.25, 'mu20': 7.261904761893675, 'mu11': 0.20238095236709341, 'mu02': 2.7738095237873495, 'mu30': -3.3877550810575485, 'mu21': 0.8367347064861406, 'mu12': 0.891156494683969, 'mu03': -0.0408162921667099, 'nu20': 0.14820213799783008, 'nu11': 0.0041302235176957835, 'nu02': 0.05660835762831325, 'nu30': -0.026131654365229552, 'nu21': 0.00645420392623601, 'nu12': 0.006873989691468908, 'nu03': -0.00031483894610165623}
Centroid: 245, 250
Processing contour#28: area: 7.0 centroid: 245, 250 rectangle: (243, 249, 5, 4)
@find_dayJSON_match_for_contour: x: 243, y: 249, w: 5, h: 4, area: 7.0
Matched with JSON#11: (245, 250, 3, 33.0, 21.4497, 0.899276)
Match with input JSON(nodules) ID: 11
Matched contour: {'x': 245, 'y': 250, 'd': 3, 'a': 33.0, 'p': 21.4497, 'e': 0.899276, 'id': 11, 'tq': 100}
JSON_entry: 11
Matched with first_id: 11 second_id: 5 name: 20230501_6
entry_id:20230501_6, entry saved to results list
created dirs at nodule_detection_path: output/crop1006/nodules-last-detected-on/2023-05-01/6/detection and nodule_images_original_path: output/crop1006/nodules-last-detected-on/2023-05-01/6
Segmented nodule image saved as output/crop1006/nodules-last-detected-on/2023-05-01/6/detection/2023-05-01.jpg
Original nodule image saved as output/crop1006/nodules-last-detected-on/2023-05-01/6/2023-05-01.jpg


@process_contour: max_id: 20230501_44
Moments: {'m00': 4.0, 'm10': 492.0, 'm01': 962.0, 'm20': 60521.33333333333, 'm11': 118326.0, 'm02': 231361.3333333333, 'm30': 7445436.0, 'm21': 14555380.666666666, 'm12': 28457444.0, 'm03': 55642561.0, 'mu20': 5.333333333328483, 'mu11': 0.0, 'mu02': 0.3333333333139308, 'mu30': 1.862645149230957e-09, 'mu21': 5.456968210637569e-10, 'mu12': 2.3865140974521637e-09, 'mu03': 1.4901161193847656e-08, 'nu20': 0.33333333333303017, 'nu11': 0.0, 'nu02': 0.020833333332120674, 'nu30': 5.820766091346741e-11, 'nu21': 1.7053025658242404e-11, 'nu12': 7.457856554538012e-11, 'nu03': 4.656612873077393e-10}
Centroid: 123, 240
Processing contour#29: area: 4.0 centroid: 123, 240 rectangle: (121, 240, 5, 2)
@find_dayJSON_match_for_contour: x: 121, y: 240, w: 5, h: 2, area: 4.0
Matched with JSON#10: (122, 240, 3, 31.0, 18.4853, 0.72498)
Match with input JSON(nodules) ID: 10
Matched contour: {'x': 122, 'y': 240, 'd': 3, 'a': 31.0, 'p': 18.4853, 'e': 0.72498, 'id': 10, 'tq': 100}
JSON_entry: 10
Matched with first_id: 10 second_id: 6 name: 20230501_5
entry_id:20230501_5, entry saved to results list
created dirs at nodule_detection_path: output/crop1006/nodules-last-detected-on/2023-05-01/5/detection and nodule_images_original_path: output/crop1006/nodules-last-detected-on/2023-05-01/5
Segmented nodule image saved as output/crop1006/nodules-last-detected-on/2023-05-01/5/detection/2023-05-01.jpg
Original nodule image saved as output/crop1006/nodules-last-detected-on/2023-05-01/5/2023-05-01.jpg


@process_contour: max_id: 20230501_45
Moments: {'m00': 50.5, 'm10': 6180.5, 'm01': 10053.5, 'm20': 756687.4166666666, 'm11': 1230435.0416666665, 'm02': 2001601.4166666665, 'm30': 92676522.15, 'm21': 150647020.38333333, 'm12': 244978618.38333333, 'm03': 398540417.65000004, 'mu20': 279.88696369633544, 'mu11': 25.997112211072817, 'mu02': 158.59983498346992, 'mu30': -37.48300164937973, 'mu21': -74.54265429120278, 'mu12': -1.015549068692053, 'mu03': 45.18781501054764, 'nu20': 0.10974883391680637, 'nu11': 0.010193946558601242, 'nu02': 0.06218991666835406, 'nu30': -0.00206826373333007, 'nu21': -0.004113167613917791, 'nu12': -5.603668905282721e-05, 'nu03': 0.002493405406775645}
Centroid: 122, 199
Processing contour#30: area: 50.5 centroid: 122, 199 rectangle: (118, 196, 10, 8)
@find_dayJSON_match_for_contour: x: 118, y: 196, w: 10, h: 8, area: 50.5
Matched with JSON#9: (122, 198, 8, 204.0, 53.4558, 0.661958)
Match with input JSON(nodules) ID: 9
Matched contour: {'x': 122, 'y': 198, 'd': 8, 'a': 204.0, 'p': 53.4558, 'e': 0.661958, 'id': 9, 'tq': 100}
JSON_entry: 9
WARNING: match is empty
entry_id:20230501_45, entry saved to results list
created dirs at nodule_detection_path: output/crop1006/nodules-last-detected-on/2023-05-01/45/detection and nodule_images_original_path: output/crop1006/nodules-last-detected-on/2023-05-01/45
Segmented nodule image saved as output/crop1006/nodules-last-detected-on/2023-05-01/45/detection/2023-05-01.jpg
Original nodule image saved as output/crop1006/nodules-last-detected-on/2023-05-01/45/2023-05-01.jpg


@process_contour: max_id: 20230501_46
Moments: {'m00': 0.0, 'm10': 0.0, 'm01': 0.0, 'm20': 0.0, 'm11': 0.0, 'm02': 0.0, 'm30': 0.0, 'm21': 0.0, 'm12': 0.0, 'm03': 0.0, 'mu20': 0.0, 'mu11': 0.0, 'mu02': 0.0, 'mu30': 0.0, 'mu21': 0.0, 'mu12': 0.0, 'mu03': 0.0, 'nu20': 0.0, 'nu11': 0.0, 'nu02': 0.0, 'nu30': 0.0, 'nu21': 0.0, 'nu12': 0.0, 'nu03': 0.0}
Skipping contour#31 because area is 0.


@process_contour: max_id: 20230501_47
Moments: {'m00': 27.0, 'm10': 4910.0, 'm01': 2959.333333333333, 'm20': 892959.5, 'm11': 538160.6666666666, 'm02': 324410.1666666666, 'm30': 162410685.0, 'm21': 97872917.03333333, 'm12': 58994673.666666664, 'm03': 35568497.6, 'mu20': 66.90740740741603, 'mu11': 0.4197530864039436, 'mu02': 52.61934156384086, 'mu30': 11.824417024850845, 'mu21': -6.508962035482909, 'mu12': -7.9152568221416, 'mu03': 6.628450945019722, 'nu20': 0.09177970837779977, 'nu11': 0.0005757929854649431, 'nu02': 0.07218016675423986, 'nu30': 0.003121550229679025, 'nu21': -0.0017183132068272116, 'nu12': -0.002089563629157967, 'nu03': 0.0017498573102045565}
Centroid: 181, 109
Processing contour#32: area: 27.0 centroid: 181, 109 rectangle: (179, 107, 7, 7)
@find_dayJSON_match_for_contour: x: 179, y: 107, w: 7, h: 7, area: 27.0
Matched with JSON#7: (181, 109, 5, 108.0, 35.5563, 0.47592)
Match with input JSON(nodules) ID: 7
Matched contour: {'x': 181, 'y': 109, 'd': 5, 'a': 108.0, 'p': 35.5563, 'e': 0.47592, 'id': 7, 'tq': 100}
JSON_entry: 7
Matched with first_id: 7 second_id: 4 name: 20230505_4
entry_id:20230505_4, entry saved to results list
created dirs at nodule_detection_path: output/crop1006/nodules-last-detected-on/2023-05-05/4/detection and nodule_images_original_path: output/crop1006/nodules-last-detected-on/2023-05-05/4
Segmented nodule image saved as output/crop1006/nodules-last-detected-on/2023-05-05/4/detection/2023-05-01.jpg
Original nodule image saved as output/crop1006/nodules-last-detected-on/2023-05-05/4/2023-05-01.jpg


@process_contour: max_id: 20230501_48
Moments: {'m00': 55.0, 'm10': 5607.833333333333, 'm01': 5371.333333333333, 'm20': 572043.3333333333, 'm11': 547603.9166666666, 'm02': 524808.8333333333, 'm30': 58380033.85, 'm21': 55853692.28333333, 'm12': 53497996.95, 'm03': 51300315.6, 'mu20': 265.24797979800496, 'mu11': -60.48535353539046, 'mu02': 241.16464646463282, 'mu30': 59.20085094124079, 'mu21': -72.09632076453272, 'mu12': -15.690058143820352, 'mu03': 62.29963882267475, 'nu20': 0.08768528257785287, 'nu11': -0.019995158193517507, 'nu02': 0.07972385007095299, 'nu30': 0.0026388896239531528, 'nu21': -0.0032137077384167766, 'nu12': -0.0006993874408333192, 'nu03': 0.002777018705835172}
Centroid: 101, 97
Processing contour#33: area: 55.0 centroid: 101, 97 rectangle: (98, 94, 10, 9)
@find_dayJSON_match_for_contour: x: 98, y: 94, w: 10, h: 9, area: 55.0
Matched with JSON#6: (101, 97, 8, 218.0, 53.6985, 0.721517)
Match with input JSON(nodules) ID: 6
Matched contour: {'x': 101, 'y': 97, 'd': 8, 'a': 218.0, 'p': 53.6985, 'e': 0.721517, 'id': 6, 'tq': 100}
JSON_entry: 6
Matched with first_id: 6 second_id: 3 name: 20230501_3
entry_id:20230501_3, entry saved to results list
created dirs at nodule_detection_path: output/crop1006/nodules-last-detected-on/2023-05-01/3/detection and nodule_images_original_path: output/crop1006/nodules-last-detected-on/2023-05-01/3
Segmented nodule image saved as output/crop1006/nodules-last-detected-on/2023-05-01/3/detection/2023-05-01.jpg
Original nodule image saved as output/crop1006/nodules-last-detected-on/2023-05-01/3/2023-05-01.jpg


@process_contour: max_id: 20230501_49
Moments: {'m00': 40.0, 'm10': 7185.0, 'm01': 3822.333333333333, 'm20': 1290736.0, 'm11': 686575.4166666666, 'm02': 365384.0, 'm30': 231895278.5, 'm21': 123336555.86666666, 'm12': 65629968.833333336, 'm03': 34939979.1, 'mu20': 130.375, 'mu11': -11.208333333372138, 'mu02': 128.1972222222248, 'mu30': -12.71875, 'mu21': 1.5270833412796492, 'mu12': 9.932638894053525, 'mu03': -7.592453703284264, 'nu20': 0.08148437500000001, 'nu11': -0.007005208333357588, 'nu02': 0.08012326388889052, 'nu30': -0.0012568818434458306, 'nu21': 0.0001509081729794975, 'nu12': 0.000981555065037032, 'nu03': -0.0007502952103674535}
Centroid: 179, 95
Processing contour#34: area: 40.0 centroid: 179, 95 rectangle: (176, 92, 8, 8)
@find_dayJSON_match_for_contour: x: 176, y: 92, w: 8, h: 8, area: 40.0
Matched with JSON#5: (179, 95, 6, 141.0, 41.5563, 0.282556)
Match with input JSON(nodules) ID: 5
Matched contour: {'x': 179, 'y': 95, 'd': 6, 'a': 141.0, 'p': 41.5563, 'e': 0.282556, 'id': 5, 'tq': 100}
JSON_entry: 5
WARNING: match is empty
entry_id:20230501_49, entry saved to results list
created dirs at nodule_detection_path: output/crop1006/nodules-last-detected-on/2023-05-01/49/detection and nodule_images_original_path: output/crop1006/nodules-last-detected-on/2023-05-01/49
Segmented nodule image saved as output/crop1006/nodules-last-detected-on/2023-05-01/49/detection/2023-05-01.jpg
Original nodule image saved as output/crop1006/nodules-last-detected-on/2023-05-01/49/2023-05-01.jpg


@process_contour: max_id: 20230501_50
Moments: {'m00': 20.0, 'm10': 737.0, 'm01': 1433.1666666666665, 'm20': 27199.0, 'm11': 52808.416666666664, 'm02': 102725.5, 'm30': 1005266.5, 'm21': 1948752.2166666666, 'm12': 3784899.0833333335, 'm03': 7365032.65, 'mu20': 40.54999999999927, 'mu11': -3.775000000001455, 'mu02': 27.165277777792653, 'mu30': -5.184999999939464, 'mu21': -4.574166666716792, 'mu12': 5.428750000074729, 'mu03': 1.2921064803376794, 'nu20': 0.1013749999999982, 'nu11': -0.00943750000000364, 'nu02': 0.06791319444448164, 'nu30': -0.002898503115800262, 'nu21': -0.002557036901798093, 'nu12': 0.0030347635082547705, 'nu03': 0.0007223094810507617}
Centroid: 36, 71
Processing contour#35: area: 20.0 centroid: 36, 71 rectangle: (34, 69, 7, 6)
@find_dayJSON_match_for_contour: x: 34, y: 69, w: 7, h: 6, area: 20.0
Matched with JSON#4: (37, 71, 4, 72.0, 29.3137, 0.356688)
Match with input JSON(nodules) ID: 4
Matched contour: {'x': 37, 'y': 71, 'd': 4, 'a': 72.0, 'p': 29.3137, 'e': 0.356688, 'id': 4, 'tq': 100}
JSON_entry: 4
Matched with first_id: 4 second_id: 2 name: 20230515_7
entry_id:20230515_7, entry saved to results list
created dirs at nodule_detection_path: output/crop1006/nodules-last-detected-on/2023-05-15/7/detection and nodule_images_original_path: output/crop1006/nodules-last-detected-on/2023-05-15/7
Segmented nodule image saved as output/crop1006/nodules-last-detected-on/2023-05-15/7/detection/2023-05-01.jpg
Original nodule image saved as output/crop1006/nodules-last-detected-on/2023-05-15/7/2023-05-01.jpg


@process_contour: max_id: 20230501_51
Moments: {'m00': 21.0, 'm10': 5050.0, 'm01': 1320.5, 'm20': 1214438.1666666665, 'm11': 317547.5833333333, 'm02': 83072.33333333333, 'm30': 292059532.0, 'm21': 76364441.75, 'm12': 19976761.916666668, 'm03': 5228448.25, 'mu20': 33.40476190461777, 'mu11': -1.2261904762126505, 'mu02': 38.03571428571013, 'mu30': 2.011337995529175, 'mu21': 2.9614512933294463, 'mu12': -2.129251697069776, 'mu03': -2.630385486409068, 'nu20': 0.07574775942090196, 'nu11': -0.00278047727032347, 'nu02': 0.08624878522836762, 'nu30': 0.000995260621169765, 'nu21': 0.0014654005743015934, 'nu12': -0.0010536072859772625, 'nu03': -0.0013015808874185064}
Centroid: 240, 62
Processing contour#36: area: 21.0 centroid: 240, 62 rectangle: (238, 60, 6, 7)
@find_dayJSON_match_for_contour: x: 238, y: 60, w: 6, h: 7, area: 21.0
Matched with JSON#3: (240, 62, 4, 57.0, 26.9706, 0.377452)
Match with input JSON(nodules) ID: 3
Matched contour: {'x': 240, 'y': 62, 'd': 4, 'a': 57.0, 'p': 26.9706, 'e': 0.377452, 'id': 3, 'tq': 100}
JSON_entry: 3
WARNING: match is empty
entry_id:20230501_51, entry saved to results list
created dirs at nodule_detection_path: output/crop1006/nodules-last-detected-on/2023-05-01/51/detection and nodule_images_original_path: output/crop1006/nodules-last-detected-on/2023-05-01/51
Segmented nodule image saved as output/crop1006/nodules-last-detected-on/2023-05-01/51/detection/2023-05-01.jpg
Original nodule image saved as output/crop1006/nodules-last-detected-on/2023-05-01/51/2023-05-01.jpg


@process_contour: max_id: 20230501_52
Moments: {'m00': 8.5, 'm10': 681.0, 'm01': 491.16666666666663, 'm20': 54564.25, 'm11': 39349.45833333333, 'm02': 28391.75, 'm30': 4372222.4, 'm21': 3152690.933333333, 'm12': 2274487.1333333333, 'm03': 1641758.55, 'mu20': 4.1323529411820346, 'mu11': -1.6593137254967587, 'mu02': 10.021241830068902, 'mu30': 0.9276816612109542, 'mu21': -0.9262399062976101, 'mu12': -1.307939253626273, 'mu03': 2.619620658457279, 'nu20': 0.057195196417744426, 'nu11': -0.0229662799376714, 'nu02': 0.13870230906669762, 'nu30': 0.00440404407917871, 'nu21': -0.004397199541386024, 'nu12': -0.006209265922470723, 'nu03': 0.012436297205135248}
Centroid: 80, 57
Processing contour#37: area: 8.5 centroid: 80, 57 rectangle: (79, 56, 4, 5)
@find_dayJSON_match_for_contour: x: 79, y: 56, w: 4, h: 5, area: 8.5
Matched with JSON#2: (80, 58, 3, 34.0, 19.0711, 0.542309)
Match with input JSON(nodules) ID: 2
Matched contour: {'x': 80, 'y': 58, 'd': 3, 'a': 34.0, 'p': 19.0711, 'e': 0.542309, 'id': 2, 'tq': 100}
JSON_entry: 2
Matched with first_id: 2 second_id: 1 name: 20230501_1
entry_id:20230501_1, entry saved to results list
created dirs at nodule_detection_path: output/crop1006/nodules-last-detected-on/2023-05-01/1/detection and nodule_images_original_path: output/crop1006/nodules-last-detected-on/2023-05-01/1
Segmented nodule image saved as output/crop1006/nodules-last-detected-on/2023-05-01/1/detection/2023-05-01.jpg
Original nodule image saved as output/crop1006/nodules-last-detected-on/2023-05-01/1/2023-05-01.jpg


@process_contour: max_id: 20230501_53
Moments: {'m00': 8.0, 'm10': 780.0, 'm01': 437.16666666666663, 'm20': 76055.33333333333, 'm11': 42623.75, 'm02': 23894.5, 'm30': 7416435.0, 'm21': 4156107.8833333333, 'm12': 2329713.75, 'm03': 1306298.6500000001, 'mu20': 5.333333333328483, 'mu11': 7.275957614183426e-12, 'mu02': 5.163194444448891, 'mu30': 1.862645149230957e-09, 'mu21': 0.8138888881916273, 'mu12': -7.439666660502553e-10, 'mu03': -0.5087094909977168, 'nu20': 0.08333333333325754, 'nu11': 1.1368683772161603e-13, 'nu02': 0.08067491319451392, 'nu30': 1.0289757937229989e-11, 'nu21': 0.004496143374786559, 'nu12': -4.10987401985065e-12, 'nu03': -0.002810249458894082}
Centroid: 97, 54
Processing contour#38: area: 8.0 centroid: 97, 54 rectangle: (96, 53, 4, 4)
@find_dayJSON_match_for_contour: x: 96, y: 53, w: 4, h: 4, area: 8.0
Matched with JSON#1: (97, 55, 2, 23.0, 15.6569, 0.346931)
Match with input JSON(nodules) ID: 1
Matched contour: {'x': 97, 'y': 55, 'd': 2, 'a': 23.0, 'p': 15.6569, 'e': 0.346931, 'id': 1, 'tq': 100}
JSON_entry: 1
WARNING: match is empty
entry_id:20230501_53, entry saved to results list
created dirs at nodule_detection_path: output/crop1006/nodules-last-detected-on/2023-05-01/53/detection and nodule_images_original_path: output/crop1006/nodules-last-detected-on/2023-05-01/53
Segmented nodule image saved as output/crop1006/nodules-last-detected-on/2023-05-01/53/detection/2023-05-01.jpg
Original nodule image saved as output/crop1006/nodules-last-detected-on/2023-05-01/53/2023-05-01.jpg


@process_contour: max_id: 20230501_54
Moments: {'m00': 4.5, 'm10': 344.8333333333333, 'm01': 202.16666666666666, 'm20': 26426.75, 'm11': 15491.625, 'm02': 9083.75, 'm30': 2025424.4500000002, 'm21': 1187195.1833333333, 'm12': 696054.65, 'm03': 408206.05000000005, 'mu20': 2.2993827160535147, 'mu11': -0.3317901234549936, 'mu02': 1.2253086419768806, 'mu30': -0.016506630228832364, 'mu21': -0.17972107906555834, 'mu12': 0.06380887044375072, 'mu03': 0.07411979872267693, 'nu20': 0.11354976375572912, 'nu11': -0.016384697454567585, 'nu02': 0.06050906873959904, 'nu30': -0.0003842617339702458, 'nu21': -0.004183769340886254, 'nu12': 0.0014854217280865843, 'nu03': 0.0017254522566909254}
Centroid: 76, 44
Processing contour#39: area: 4.5 centroid: 76, 44 rectangle: (75, 44, 4, 3)
@find_dayJSON_match_for_contour: x: 75, y: 44, w: 4, h: 3, area: 4.5
Matched with JSON#0: (76, 45, 3, 31.0, 18.4853, 0.458793)
Match with input JSON(nodules) ID: 0
Matched contour: {'x': 76, 'y': 45, 'd': 3, 'a': 31.0, 'p': 18.4853, 'e': 0.458793, 'id': 0, 'tq': 100}
JSON_entry: 0
Matched with first_id: 0 second_id: 0 name: 20230505_1
entry_id:20230505_1, entry saved to results list
created dirs at nodule_detection_path: output/crop1006/nodules-last-detected-on/2023-05-05/1/detection and nodule_images_original_path: output/crop1006/nodules-last-detected-on/2023-05-05/1
Segmented nodule image saved as output/crop1006/nodules-last-detected-on/2023-05-05/1/detection/2023-05-01.jpg
Original nodule image saved as output/crop1006/nodules-last-detected-on/2023-05-05/1/2023-05-01.jpg


Done analyzing contours, found 38 nodules.


results_entry: {'date': '20230501', 'json': 'output/crop1006/20230501/20230501.json', 'log': 'output/crop1006/20230501/crop1006_20230501.log', 'image': 'data/crop1006/20230501.jpg', 'plot': 'output/crop1006/plots/20230426_20230501.png', 'match_stats': {'i_dict': {0: 10, 1: 2, 2: 2, 6: 2}, 'average_tracking_quality': 60.6667, 'distance_threshold': 20, 'lengths': {'matching': 16, 'unmatched_current': 24, 'unmatched_previous': 0}, 'averages': {'tq': -277.875, 'i': 1.125, 'dx': 8.625, 'dy': 9.375, 'dd': -2.25, 'da': -182.8125, 'dp': -23.1813, 'de': 0.0106}}}
