Current memory usage: 4880.35546875 MB
@analyze_image: file_name: data/crop1009/20230503.jpg, output_dir: output/crop1009, external_logger: <Logger data_crop1009.log (DEBUG)>
Loaded image & JSON file: data/crop1009/20230503.jpg
Scaled JSON data: scalar_position: 0.5, scalar_size: 0.5

@find_prev_next_date: image_output_dir: output/crop1009/20230503
data_dir: data/crop1009
Previous date file: data/crop1009/20230501.json, Next date file: data/crop1009/20230505.json


Loaded prev_results from JSON file: 20230501, length: 15
Scaled JSON data: scalar_position: 0.5, scalar_size: 0.5
Loaded next_results from JSON file: 20230505, length: 11
Scaled JSON data: scalar_position: 0.5, scalar_size: 0.5
prev_results is not empty, generating matching
Current memory usage: 4880.37109375 MB
current_date:20230503, generating Matching: 20230501_20230503_matching.json
spatial_distances: (7, 15), attribute_distances: (7, 15)
combined_distances: (7, 15)
Current memory usage: 4880.37109375 MB

@find_matching: combined_distances: (7, 15), next_matching: [{'id': '20230505_0', 'p': {'id': 0, 'tq': 53.0, 'dx': 0, 'dy': -2, 'dd': -2, 'da': -25.0, 'dp': -8.24, 'de': -0.1}, 'c': {'id': 0}, 'n': {}, 'i': 0}, {'id': '20230508_1', 'p': {'id': 1, 'tq': 18.0, 'dx': 17, 'dy': 12, 'dd': 0, 'da': -6.0, 'dp': -2.24, 'de': -0.02}, 'c': {'id': 1}, 'n': {'id': 1, 'dx': -3, 'dy': -8, 'dd': 0, 'da': 15.0, 'dp': 3.66, 'de': -0.17}, 'i': 1}, {'id': '20230505_2', 'p': {'id': 2, 'tq': -182.0, 'dx': 48, 'dy': 44, 'dd': -1, 'da': -35.0, 'dp': -8.24, 'de': -0.08}, 'c': {'id': 6}, 'n': {}, 'i': 0}, {'id': '20230505_3', 'p': {'id': 5, 'tq': -623.0, 'dx': 49, 'dy': -139, 'dd': 5, 'da': 134.0, 'dp': 33.59, 'de': -0.18}, 'c': {'id': 7}, 'n': {}, 'i': 0}, {'id': '20230505_4', 'p': {'id': 4, 'tq': -697.0, 'dx': -26, 'dy': -31, 'dd': -7, 'da': -433.0, 'dp': -60.28, 'de': -0.64}, 'c': {'id': 8}, 'n': {}, 'i': 0}, {'id': '20230505_5', 'p': {'id': 6, 'tq': 38.0, 'dx': -8, 'dy': 3, 'dd': -1, 'da': -21.0, 'dp': -4.83, 'de': 0.26}, 'c': {'id': 9}, 'n': {}, 'i': 0}, {'id': '20230505_6', 'p': {'id': 3, 'tq': -138.0, 'dx': -3, 'dy': 49, 'dd': -2, 'da': -38.0, 'dp': -21.69, 'de': -0.08}, 'c': {'id': 10}, 'n': {}, 'i': 0}], current_date_string: 20230503, distance_threshold: 20
matched entry: {'id': '20230505_0', 'p': {'id': 0, 'tq': 53.0, 'dx': 0, 'dy': -2, 'dd': -2, 'da': -25.0, 'dp': -8.24, 'de': -0.1}, 'c': {'id': 0}, 'n': {}, 'i': 0}, len(matching): 0
matched entry: {'id': '20230508_1', 'p': {'id': 1, 'tq': 18.0, 'dx': 17, 'dy': 12, 'dd': 0, 'da': -6.0, 'dp': -2.24, 'de': -0.02}, 'c': {'id': 1}, 'n': {'id': 1, 'dx': -3, 'dy': -8, 'dd': 0, 'da': 15.0, 'dp': 3.66, 'de': -0.17}, 'i': 1}, len(matching): 1
tq < 0
tq < 0
tq < 0
tq < 0
matched entry: {'id': '20230505_5', 'p': {'id': 6, 'tq': 38.0, 'dx': -8, 'dy': 3, 'dd': -1, 'da': -21.0, 'dp': -4.83, 'de': 0.26}, 'c': {'id': 9}, 'n': {}, 'i': 0}, len(matching): 6
i_dict: {0: 4, 1: 2, 2: 1}
tq_average: -160.1429, dx_average: -14.1429, dy_average: 10.1429, dd_average: -0.1429, da_average: 4.1429, dp_average: -1.8357, de_average: -0.1114
average_tracking_quality: 38.5
@find_matching:
Returning:
Matching(lenght=7): [{'id': '20230505_0', 'p': {'id': 0, 'tq': -0.0, 'dx': 1, 'dy': 1, 'dd': -2, 'da': -62.0, 'dp': -14.24, 'de': -0.15}, 'c': {'id': 0}, 'n': {'id': 0, 'dx': 0, 'dy': -2, 'dd': -2, 'da': -25.0, 'dp': -8.24, 'de': -0.1}, 'i': 1}, {'id': '20230508_1', 'p': {'id': 1, 'tq': 25.0, 'dx': -1, 'dy': -4, 'dd': -1, 'da': -39.0, 'dp': -9.41, 'de': 0.23}, 'c': {'id': 1}, 'n': {'id': 1, 'dx': 17, 'dy': 12, 'dd': 0, 'da': -6.0, 'dp': -2.24, 'de': -0.02}, 'i': 2}, {'id': '20230503_2', 'p': {'id': 8, 'tq': -288.0, 'dx': -23, 'dy': 3, 'dd': -4, 'da': -202.0, 'dp': -29.8, 'de': -0.52}, 'c': {'id': 2}, 'n': {}, 'i': 0}, {'id': '20230503_3', 'p': {'id': 13, 'tq': 52.0, 'dx': 1, 'dy': 2, 'dd': 1, 'da': 24.0, 'dp': 11.66, 'de': 0.37}, 'c': {'id': 3}, 'n': {}, 'i': 0}, {'id': '20230503_4', 'p': {'id': 14, 'tq': -515.0, 'dx': -49, 'dy': -53, 'dd': 3, 'da': 241.0, 'dp': 14.49, 'de': -0.05}, 'c': {'id': 4}, 'n': {}, 'i': 0}, {'id': '20230503_5', 'p': {'id': 11, 'tq': -147.0, 'dx': -41, 'dy': 55, 'dd': -1, 'da': -4.0, 'dp': -1.62, 'de': -0.13}, 'c': {'id': 5}, 'n': {}, 'i': 0}, {'id': '20230505_5', 'p': {'id': 12, 'tq': -248.0, 'dx': 13, 'dy': 67, 'dd': 3, 'da': 71.0, 'dp': 16.07, 'de': -0.53}, 'c': {'id': 6}, 'n': {'id': 9, 'dx': -8, 'dy': 3, 'dd': -1, 'da': -21.0, 'dp': -4.83, 'de': 0.26}, 'i': 1}]
Unmatched current(length=0): set()
Unmatched previous(length=8): {2, 3, 4, 5, 6, 7, 9, 10}
Distance threshold: 20



@plot_data: normalized_points: (7, 2), normalized_prev_points: (15, 2), current_points: (7, 2), prev_points: (15, 2), current_data: 7, prev_data: 15, matching: 7, unmatched_current: 0, unmatched_prev: 8, combined_distances: (7, 15), distance_threshold: 20, current_date_string: 20230503, previous_date_string: 20230501, filename: output/crop1009/plots/20230501_20230503.png
Plots created
Plotted the normalized points
Drawing lines between the matched points
Plotting the unmatched points
Plotted the original points with diameter as size
Drawing lines between the matched points and add the indices to the plots with color coding
Setting the titles and labels
Done plotting

@process_image: output_dir: output/crop1009/20230503, image_name: 20230503, date_string: 20230503
len(json_data) = 7 json_data entries
len(matching) = 7 matching entries, setting max_id_i to 7
crop_dir: output/crop1009
nodules_dir: output/crop1009/nodules-last-detected-on
Split image into left and right images: (705, 300, 3), (705, 300, 3)
Converted right image to HSV: (705, 300, 3)
Created mask to detect nodules: (705, 300)

Found 7 contours in mask, processing each contour...

@process_contour: max_id: 20230503_7
Moments: {'m00': 20.0, 'm10': 3414.1666666666665, 'm01': 12934.166666666666, 'm20': 582859.5, 'm11': 2207973.1666666665, 'm02': 8364666.166666666, 'm30': 99510170.15, 'm21': 376941167.96666664, 'm12': 1427922273.9666667, 'm03': 5409541736.150001, 'mu20': 32.798611111124046, 'mu11': 3.1319444440305233, 'mu02': 32.79861111007631, 'mu30': -1.6549768596887589, 'mu21': 2.8561343974761257, 'mu12': 2.856134635473609, 'mu03': -1.6549749374389648, 'nu20': 0.08199652777781014, 'nu11': 0.00782986111007631, 'nu02': 0.08199652777519079, 'nu30': -0.0009251601898632991, 'nu21': 0.0015966276664080054, 'nu12': 0.001596627799452643, 'nu03': -0.0009251591152929969}
Centroid: 170, 646
Processing contour#1: area: 20.0 centroid: 170, 646 rectangle: (168, 644, 6, 6)
@find_dayJSON_match_for_contour: x: 168, y: 644, w: 6, h: 6, area: 20.0
Matched with JSON#6: (170, 646, 5, 95.0, 33.5563, 0.183473)
Match with input JSON(nodules) ID: 6
Matched contour: {'x': 170, 'y': 646, 'd': 5, 'a': 95.0, 'p': 33.5563, 'e': 0.183473, 'id': 6, 'tq': 100}
JSON_entry: 6
Matched with first_id: 6 second_id: 12 name: 20230505_5
entry_id:20230505_5, entry saved to results list
created dirs at nodule_detection_path: output/crop1009/nodules-last-detected-on/2023-05-05/5/detection and nodule_images_original_path: output/crop1009/nodules-last-detected-on/2023-05-05/5
Segmented nodule image saved as output/crop1009/nodules-last-detected-on/2023-05-05/5/detection/2023-05-03.jpg
Original nodule image saved as output/crop1009/nodules-last-detected-on/2023-05-05/5/2023-05-03.jpg


@process_contour: max_id: 20230503_8
Moments: {'m00': 0.0, 'm10': 0.0, 'm01': 0.0, 'm20': 0.0, 'm11': 0.0, 'm02': 0.0, 'm30': 0.0, 'm21': 0.0, 'm12': 0.0, 'm03': 0.0, 'mu20': 0.0, 'mu11': 0.0, 'mu02': 0.0, 'mu30': 0.0, 'mu21': 0.0, 'mu12': 0.0, 'mu03': 0.0, 'nu20': 0.0, 'nu11': 0.0, 'nu02': 0.0, 'nu30': 0.0, 'nu21': 0.0, 'nu12': 0.0, 'nu03': 0.0}
Skipping contour#2 because area is 0.


@process_contour: max_id: 20230503_9
Moments: {'m00': 140.0, 'm10': 30424.0, 'm01': 88018.83333333333, 'm20': 6612550.666666666, 'm11': 19127315.333333332, 'm02': 55340766.5, 'm30': 1437427890.0, 'm21': 4157161544.0166664, 'm12': 12025792830.416666, 'm03': 34796590879.55, 'mu20': 980.838095237501, 'mu11': -434.56190476194024, 'mu02': 2802.0617063567042, 'mu30': -135.13632607460022, 'mu21': 452.48256262321956, 'mu12': 110.90049742418341, 'mu03': -1774.0718460083008, 'nu20': 0.050042759961096986, 'nu11': -0.022171525753160216, 'nu02': 0.1429623319569747, 'nu30': -0.000582709392603717, 'nu21': 0.0019511100152626347, 'nu12': 0.00047820422066100756, 'nu03': -0.007649818208408106}
Centroid: 217, 628
Processing contour#3: area: 140.0 centroid: 217, 628 rectangle: (212, 618, 12, 20)
@find_dayJSON_match_for_contour: x: 212, y: 618, w: 12, h: 20, area: 140.0
Matched with JSON#4: (217, 628, 13, 568.0, 101.4975, 0.86201)
Match with input JSON(nodules) ID: 4
Matched contour: {'x': 217, 'y': 628, 'd': 13, 'a': 568.0, 'p': 101.4975, 'e': 0.86201, 'id': 4, 'tq': 100}
JSON_entry: 4
Matched with first_id: 4 second_id: 14 name: 20230503_4
entry_id:20230503_4, entry saved to results list
created dirs at nodule_detection_path: output/crop1009/nodules-last-detected-on/2023-05-03/4/detection and nodule_images_original_path: output/crop1009/nodules-last-detected-on/2023-05-03/4
Segmented nodule image saved as output/crop1009/nodules-last-detected-on/2023-05-03/4/detection/2023-05-03.jpg
Original nodule image saved as output/crop1009/nodules-last-detected-on/2023-05-03/4/2023-05-03.jpg


@process_contour: max_id: 20230503_10
Moments: {'m00': 0.0, 'm10': 0.0, 'm01': 0.0, 'm20': 0.0, 'm11': 0.0, 'm02': 0.0, 'm30': 0.0, 'm21': 0.0, 'm12': 0.0, 'm03': 0.0, 'mu20': 0.0, 'mu11': 0.0, 'mu02': 0.0, 'mu30': 0.0, 'mu21': 0.0, 'mu12': 0.0, 'mu03': 0.0, 'nu20': 0.0, 'nu11': 0.0, 'nu02': 0.0, 'nu30': 0.0, 'nu21': 0.0, 'nu12': 0.0, 'nu03': 0.0}
Skipping contour#4 because area is 0.


@process_contour: max_id: 20230503_11
Moments: {'m00': 24.5, 'm10': 2931.6666666666665, 'm01': 9715.833333333332, 'm20': 350855.25, 'm11': 1162598.7916666665, 'm02': 3853001.083333333, 'm30': 41995838.800000004, 'm21': 139137622.4, 'm12': 461052357.43333334, 'm03': 1527999836.95, 'mu20': 52.41553287988063, 'mu11': 3.496882086386904, 'mu02': 45.27267573773861, 'mu30': 3.24934209138155, 'mu21': 4.583253108445206, 'mu12': -1.4599711669943645, 'mu03': -3.1464684009552, 'nu20': 0.08732283695107142, 'nu11': 0.005825709431714957, 'nu02': 0.07542303329902307, 'nu30': 0.001093654704449704, 'nu21': 0.0015426188387581018, 'nu12': -0.0004913931159724173, 'nu03': -0.0010590297581267872}
Centroid: 119, 396
Processing contour#5: area: 24.5 centroid: 119, 396 rectangle: (117, 394, 7, 6)
@find_dayJSON_match_for_contour: x: 117, y: 394, w: 7, h: 6, area: 24.5
Matched with JSON#2: (119, 396, 6, 116.0, 38.3848, 0.285256)
Match with input JSON(nodules) ID: 2
Matched contour: {'x': 119, 'y': 396, 'd': 6, 'a': 116.0, 'p': 38.3848, 'e': 0.285256, 'id': 2, 'tq': 100}
JSON_entry: 2
Matched with first_id: 2 second_id: 8 name: 20230503_2
entry_id:20230503_2, entry saved to results list
created dirs at nodule_detection_path: output/crop1009/nodules-last-detected-on/2023-05-03/2/detection and nodule_images_original_path: output/crop1009/nodules-last-detected-on/2023-05-03/2
Segmented nodule image saved as output/crop1009/nodules-last-detected-on/2023-05-03/2/detection/2023-05-03.jpg
Original nodule image saved as output/crop1009/nodules-last-detected-on/2023-05-03/2/2023-05-03.jpg


@process_contour: max_id: 20230503_12
Moments: {'m00': 5.5, 'm10': 991.6666666666666, 'm01': 460.3333333333333, 'm20': 178803.0833333333, 'm11': 83000.20833333333, 'm02': 38531.08333333333, 'm30': 32239667.8, 'm21': 14965533.65, 'm12': 6947390.35, 'm03': 3225366.2, 'mu20': 2.5782828282681294, 'mu11': 0.7133838383742841, 'mu02': 2.5782828282754053, 'mu30': 0.303060919046402, 'mu21': 0.15198959720277117, 'mu12': -0.15198959152974112, 'mu03': -0.3030609106644988, 'nu20': 0.08523249019068196, 'nu11': 0.02358293680576146, 'nu02': 0.0852324901909225, 'nu30': 0.004271920994385624, 'nu21': 0.0021424324629574546, 'nu12': -0.0021424323829909043, 'nu03': -0.004271920876235028}
Centroid: 180, 83
Processing contour#6: area: 5.5 centroid: 180, 83 rectangle: (179, 82, 4, 4)
@find_dayJSON_match_for_contour: x: 179, y: 82, w: 4, h: 4, area: 5.5
Matched with JSON#1: (180, 83, 3, 35.0, 19.8995, 0.645037)
Match with input JSON(nodules) ID: 1
Matched contour: {'x': 180, 'y': 83, 'd': 3, 'a': 35.0, 'p': 19.8995, 'e': 0.645037, 'id': 1, 'tq': 100}
JSON_entry: 1
Matched with first_id: 1 second_id: 1 name: 20230508_1
entry_id:20230508_1, entry saved to results list
created dirs at nodule_detection_path: output/crop1009/nodules-last-detected-on/2023-05-08/1/detection and nodule_images_original_path: output/crop1009/nodules-last-detected-on/2023-05-08/1
Segmented nodule image saved as output/crop1009/nodules-last-detected-on/2023-05-08/1/detection/2023-05-03.jpg
Original nodule image saved as output/crop1009/nodules-last-detected-on/2023-05-08/1/2023-05-03.jpg


@process_contour: max_id: 20230503_13
Moments: {'m00': 9.0, 'm10': 1341.0, 'm01': 299.16666666666663, 'm20': 199814.8333333333, 'm11': 44576.5, 'm02': 9953.666666666666, 'm30': 29774148.5, 'm21': 6642192.05, 'm12': 1483142.4166666667, 'm03': 331475.65, 'mu20': 5.833333333313931, 'mu11': 0.6666666666787933, 'mu02': 9.145061728397195, 'mu30': 7.450580596923828e-09, 'mu21': 0.31234567698754745, 'mu12': 1.7623456787059695, 'mu03': 0.41966163692995906, 'nu20': 0.07201646090511025, 'nu11': 0.00823045267504683, 'nu02': 0.11290199664687894, 'nu30': 3.0660825501744145e-11, 'nu21': 0.0012853731563273556, 'nu12': 0.007252451352699462, 'nu03': 0.0017270026211109425}
Centroid: 149, 33
Processing contour#7: area: 9.0 centroid: 149, 33 rectangle: (147, 31, 5, 5)
@find_dayJSON_match_for_contour: x: 147, y: 31, w: 5, h: 5, area: 9.0
Matched with JSON#0: (148, 33, 4, 52.0, 24.7279, 0.505102)
Match with input JSON(nodules) ID: 0
Matched contour: {'x': 148, 'y': 33, 'd': 4, 'a': 52.0, 'p': 24.7279, 'e': 0.505102, 'id': 0, 'tq': 100}
JSON_entry: 0
Matched with first_id: 0 second_id: 0 name: 20230505_0
entry_id:20230505_0, entry saved to results list
created dirs at nodule_detection_path: output/crop1009/nodules-last-detected-on/2023-05-05/0/detection and nodule_images_original_path: output/crop1009/nodules-last-detected-on/2023-05-05/0
Segmented nodule image saved as output/crop1009/nodules-last-detected-on/2023-05-05/0/detection/2023-05-03.jpg
Original nodule image saved as output/crop1009/nodules-last-detected-on/2023-05-05/0/2023-05-03.jpg


Done analyzing contours, found 5 nodules.


results_entry: {'date': '20230503', 'json': 'output/crop1009/20230503/20230503.json', 'log': 'output/crop1009/20230503/crop1009_20230503.log', 'image': 'data/crop1009/20230503.jpg', 'plot': 'output/crop1009/plots/20230501_20230503.png', 'match_stats': {'i_dict': {0: 4, 1: 2, 2: 1}, 'average_tracking_quality': 38.5, 'distance_threshold': 20, 'lengths': {'matching': 7, 'unmatched_current': 0, 'unmatched_previous': 8}, 'averages': {'tq': -160.1429, 'i': 0.5714, 'dx': -14.1429, 'dy': 10.1429, 'dd': -0.1429, 'da': 4.1429, 'dp': -1.8357, 'de': -0.1114}}}
