
@process_crop_folder: crop_folder: data/crop989
Generating crop plots gif
@generate_gif_from_list: list:['data/crop989/20230424.jpg', 'data/crop989/20230426.jpg'], output_filename:output/crop989/crop989.gif
output_filename: output/crop989/crop989.gif
Found 2 files: ['data/crop989/20230424.jpg', 'data/crop989/20230426.jpg']
------------------------------------


Processing image: data/crop989/20230426.jpg
Calling analyze_image() with file: data/crop989/20230426.jpg, output_dir: output/crop989

@analyze_image: file_name: data/crop989/20230426.jpg, output_dir: output/crop989, external_logger: <Logger data_crop989.log (DEBUG)>
current_date: 20230426, crop_number: crop989
image_output_dir: output/crop989/20230426
Starting log at: output/crop989/20230426/crop989_20230426.log
Creating logger: crop989_20230426.log, output/crop989/20230426, <Logger data_crop989.log (DEBUG)>
analyze_image() returned: {'date': '20230426', 'json': 'output/crop989/20230426/20230426.json', 'log': 'output/crop989/20230426/crop989_20230426.log', 'image': 'data/crop989/20230426.jpg', 'plot': 'output/crop989/plots/20230424_20230426.png', 'match_stats': {'i_dict': {0: 16}, 'average_tracking_quality': 50.3333, 'distance_threshold': 20, 'lengths': {'matching': 16, 'unmatched_current': 0, 'unmatched_previous': 10}, 'averages': {'tq': -215.125, 'i': 0.0, 'dx': -21.5, 'dy': 19.875, 'dd': 0.9375, 'da': 48.6875, 'dp': 8.2537, 'de': 0.0144}}}
DONE processing image: data/crop989/20230426.jpg, took 1.348181962966919s


Processing image: data/crop989/20230424.jpg
Calling analyze_image() with file: data/crop989/20230424.jpg, output_dir: output/crop989

@analyze_image: file_name: data/crop989/20230424.jpg, output_dir: output/crop989, external_logger: <Logger data_crop989.log (DEBUG)>
current_date: 20230424, crop_number: crop989
image_output_dir: output/crop989/20230424
Starting log at: output/crop989/20230424/crop989_20230424.log
Creating logger: crop989_20230424.log, output/crop989/20230424, <Logger data_crop989.log (DEBUG)>
analyze_image() returned: {'date': '20230424', 'json': 'output/crop989/20230424/20230424.json', 'log': 'output/crop989/20230424/crop989_20230424.log', 'image': 'data/crop989/20230424.jpg', 'plot': None, 'match_stats': {}}
DONE processing image: data/crop989/20230424.jpg, took 0.05717015266418457s


Generating crop plots gif
@generate_gif: path:output/crop989/plots, output_name:plots.gif
len_jpg_files: 0
Saving results to: output/data/crop989/results.json
@plot_crop: crop_json_file:output/crop989/crop989.json, plot_file_name_prefix:output/crop989/plots/dif_plot, logger:<Logger data_crop989.log (DEBUG)>
filtered_dates: 1
filtered_data: 1
filtered_dates: 1
filtered_data: 1
filtered_dates: 1
filtered_data: 1
filtered_dates: 1
filtered_data: 1
filtered_dates: 1
filtered_data: 1
filtered_dates: 1
filtered_data: 1
filtered_dates: 1
filtered_data: 1
filtered_dates: 1
filtered_data: 1
filtered_dates: 1
filtered_data: 1
filtered_dates: 1
filtered_data: 1
filtered_dates: 1
filtered_data: 1
filtered_dates: 1
filtered_data: 1
Calling post_process() with crop_folder: data/crop989
@post_process: crop_folder:data/crop989, logger:<Logger data_crop989.log (DEBUG)>
dates_dir:output/crop989/nodules-last-detected-on
subdirs: ['output/crop989/nodules-last-detected-on/2023-04-26', 'output/crop989/nodules-last-detected-on/2023-04-24']
@post_process: subdir: output/crop989/nodules-last-detected-on/2023-04-26
@generate_gif: path:output/crop989/nodules-last-detected-on/2023-04-26/9, output_name:o.gif
len_jpg_files: 1
@generate_gif: path:output/crop989/nodules-last-detected-on/2023-04-26/9/detection, output_name:d.gif
len_jpg_files: 1
nodules_dir: output/crop989/nodules-last-detected-on/2023-04-26/9 has 1 entries
nodules_dir: output/crop989/nodules-last-detected-on/2023-04-26/9 has less than 2 entries, skipping
@generate_gif: path:output/crop989/nodules-last-detected-on/2023-04-26/0, output_name:o.gif
len_jpg_files: 1
@generate_gif: path:output/crop989/nodules-last-detected-on/2023-04-26/0/detection, output_name:d.gif
len_jpg_files: 1
nodules_dir: output/crop989/nodules-last-detected-on/2023-04-26/0 has 1 entries
nodules_dir: output/crop989/nodules-last-detected-on/2023-04-26/0 has less than 2 entries, skipping
@generate_gif: path:output/crop989/nodules-last-detected-on/2023-04-26/11, output_name:o.gif
len_jpg_files: 1
@generate_gif: path:output/crop989/nodules-last-detected-on/2023-04-26/11/detection, output_name:d.gif
len_jpg_files: 1
nodules_dir: output/crop989/nodules-last-detected-on/2023-04-26/11 has 1 entries
nodules_dir: output/crop989/nodules-last-detected-on/2023-04-26/11 has less than 2 entries, skipping
@generate_gif: path:output/crop989/nodules-last-detected-on/2023-04-26/7, output_name:o.gif
len_jpg_files: 1
@generate_gif: path:output/crop989/nodules-last-detected-on/2023-04-26/7/detection, output_name:d.gif
len_jpg_files: 1
nodules_dir: output/crop989/nodules-last-detected-on/2023-04-26/7 has 1 entries
nodules_dir: output/crop989/nodules-last-detected-on/2023-04-26/7 has less than 2 entries, skipping
@generate_gif: path:output/crop989/nodules-last-detected-on/2023-04-26/6, output_name:o.gif
len_jpg_files: 1
@generate_gif: path:output/crop989/nodules-last-detected-on/2023-04-26/6/detection, output_name:d.gif
len_jpg_files: 1
nodules_dir: output/crop989/nodules-last-detected-on/2023-04-26/6 has 1 entries
nodules_dir: output/crop989/nodules-last-detected-on/2023-04-26/6 has less than 2 entries, skipping
@generate_gif: path:output/crop989/nodules-last-detected-on/2023-04-26/1, output_name:o.gif
len_jpg_files: 1
@generate_gif: path:output/crop989/nodules-last-detected-on/2023-04-26/1/detection, output_name:d.gif
len_jpg_files: 1
nodules_dir: output/crop989/nodules-last-detected-on/2023-04-26/1 has 1 entries
nodules_dir: output/crop989/nodules-last-detected-on/2023-04-26/1 has less than 2 entries, skipping
@generate_gif: path:output/crop989/nodules-last-detected-on/2023-04-26/10, output_name:o.gif
len_jpg_files: 1
@generate_gif: path:output/crop989/nodules-last-detected-on/2023-04-26/10/detection, output_name:d.gif
len_jpg_files: 1
nodules_dir: output/crop989/nodules-last-detected-on/2023-04-26/10 has 1 entries
nodules_dir: output/crop989/nodules-last-detected-on/2023-04-26/10 has less than 2 entries, skipping
@generate_gif: path:output/crop989/nodules-last-detected-on/2023-04-26/4, output_name:o.gif
len_jpg_files: 1
@generate_gif: path:output/crop989/nodules-last-detected-on/2023-04-26/4/detection, output_name:d.gif
len_jpg_files: 1
nodules_dir: output/crop989/nodules-last-detected-on/2023-04-26/4 has 1 entries
nodules_dir: output/crop989/nodules-last-detected-on/2023-04-26/4 has less than 2 entries, skipping
@generate_gif: path:output/crop989/nodules-last-detected-on/2023-04-26/3, output_name:o.gif
len_jpg_files: 1
@generate_gif: path:output/crop989/nodules-last-detected-on/2023-04-26/3/detection, output_name:d.gif
len_jpg_files: 1
nodules_dir: output/crop989/nodules-last-detected-on/2023-04-26/3 has 1 entries
nodules_dir: output/crop989/nodules-last-detected-on/2023-04-26/3 has less than 2 entries, skipping
@generate_gif: path:output/crop989/nodules-last-detected-on/2023-04-26/12, output_name:o.gif
len_jpg_files: 1
@generate_gif: path:output/crop989/nodules-last-detected-on/2023-04-26/12/detection, output_name:d.gif
len_jpg_files: 1
nodules_dir: output/crop989/nodules-last-detected-on/2023-04-26/12 has 1 entries
nodules_dir: output/crop989/nodules-last-detected-on/2023-04-26/12 has less than 2 entries, skipping
@generate_gif: path:output/crop989/nodules-last-detected-on/2023-04-26/2, output_name:o.gif
len_jpg_files: 1
@generate_gif: path:output/crop989/nodules-last-detected-on/2023-04-26/2/detection, output_name:d.gif
len_jpg_files: 1
nodules_dir: output/crop989/nodules-last-detected-on/2023-04-26/2 has 1 entries
nodules_dir: output/crop989/nodules-last-detected-on/2023-04-26/2 has less than 2 entries, skipping
@generate_gif: path:output/crop989/nodules-last-detected-on/2023-04-26/13, output_name:o.gif
len_jpg_files: 1
@generate_gif: path:output/crop989/nodules-last-detected-on/2023-04-26/13/detection, output_name:d.gif
len_jpg_files: 1
nodules_dir: output/crop989/nodules-last-detected-on/2023-04-26/13 has 1 entries
nodules_dir: output/crop989/nodules-last-detected-on/2023-04-26/13 has less than 2 entries, skipping
@generate_gif: path:output/crop989/nodules-last-detected-on/2023-04-26/5, output_name:o.gif
len_jpg_files: 1
@generate_gif: path:output/crop989/nodules-last-detected-on/2023-04-26/5/detection, output_name:d.gif
len_jpg_files: 1
nodules_dir: output/crop989/nodules-last-detected-on/2023-04-26/5 has 1 entries
nodules_dir: output/crop989/nodules-last-detected-on/2023-04-26/5 has less than 2 entries, skipping
@generate_gif: path:output/crop989/nodules-last-detected-on/2023-04-26/14, output_name:o.gif
len_jpg_files: 1
@generate_gif: path:output/crop989/nodules-last-detected-on/2023-04-26/14/detection, output_name:d.gif
len_jpg_files: 1
nodules_dir: output/crop989/nodules-last-detected-on/2023-04-26/14 has 1 entries
nodules_dir: output/crop989/nodules-last-detected-on/2023-04-26/14 has less than 2 entries, skipping
@post_process: output/crop989/nodules-last-detected-on/2023-04-26, 14 nodules, took 0.24s
@post_process: subdir: output/crop989/nodules-last-detected-on/2023-04-24
@generate_gif: path:output/crop989/nodules-last-detected-on/2023-04-24/20, output_name:o.gif
len_jpg_files: 1
@generate_gif: path:output/crop989/nodules-last-detected-on/2023-04-24/20/detection, output_name:d.gif
len_jpg_files: 1
nodules_dir: output/crop989/nodules-last-detected-on/2023-04-24/20 has 1 entries
nodules_dir: output/crop989/nodules-last-detected-on/2023-04-24/20 has less than 2 entries, skipping
@generate_gif: path:output/crop989/nodules-last-detected-on/2023-04-24/18, output_name:o.gif
len_jpg_files: 1
@generate_gif: path:output/crop989/nodules-last-detected-on/2023-04-24/18/detection, output_name:d.gif
len_jpg_files: 1
nodules_dir: output/crop989/nodules-last-detected-on/2023-04-24/18 has 1 entries
nodules_dir: output/crop989/nodules-last-detected-on/2023-04-24/18 has less than 2 entries, skipping
@generate_gif: path:output/crop989/nodules-last-detected-on/2023-04-24/9, output_name:o.gif
len_jpg_files: 1
@generate_gif: path:output/crop989/nodules-last-detected-on/2023-04-24/9/detection, output_name:d.gif
len_jpg_files: 1
nodules_dir: output/crop989/nodules-last-detected-on/2023-04-24/9 has 1 entries
nodules_dir: output/crop989/nodules-last-detected-on/2023-04-24/9 has less than 2 entries, skipping
@generate_gif: path:output/crop989/nodules-last-detected-on/2023-04-24/0, output_name:o.gif
len_jpg_files: 1
@generate_gif: path:output/crop989/nodules-last-detected-on/2023-04-24/0/detection, output_name:d.gif
len_jpg_files: 1
nodules_dir: output/crop989/nodules-last-detected-on/2023-04-24/0 has 1 entries
nodules_dir: output/crop989/nodules-last-detected-on/2023-04-24/0 has less than 2 entries, skipping
@generate_gif: path:output/crop989/nodules-last-detected-on/2023-04-24/11, output_name:o.gif
len_jpg_files: 1
@generate_gif: path:output/crop989/nodules-last-detected-on/2023-04-24/11/detection, output_name:d.gif
len_jpg_files: 1
nodules_dir: output/crop989/nodules-last-detected-on/2023-04-24/11 has 1 entries
nodules_dir: output/crop989/nodules-last-detected-on/2023-04-24/11 has less than 2 entries, skipping
@generate_gif: path:output/crop989/nodules-last-detected-on/2023-04-24/7, output_name:o.gif
len_jpg_files: 1
@generate_gif: path:output/crop989/nodules-last-detected-on/2023-04-24/7/detection, output_name:d.gif
len_jpg_files: 1
nodules_dir: output/crop989/nodules-last-detected-on/2023-04-24/7 has 1 entries
nodules_dir: output/crop989/nodules-last-detected-on/2023-04-24/7 has less than 2 entries, skipping
@generate_gif: path:output/crop989/nodules-last-detected-on/2023-04-24/16, output_name:o.gif
len_jpg_files: 1
@generate_gif: path:output/crop989/nodules-last-detected-on/2023-04-24/16/detection, output_name:d.gif
len_jpg_files: 1
nodules_dir: output/crop989/nodules-last-detected-on/2023-04-24/16 has 1 entries
nodules_dir: output/crop989/nodules-last-detected-on/2023-04-24/16 has less than 2 entries, skipping
@generate_gif: path:output/crop989/nodules-last-detected-on/2023-04-24/6, output_name:o.gif
len_jpg_files: 1
@generate_gif: path:output/crop989/nodules-last-detected-on/2023-04-24/6/detection, output_name:d.gif
len_jpg_files: 1
nodules_dir: output/crop989/nodules-last-detected-on/2023-04-24/6 has 1 entries
nodules_dir: output/crop989/nodules-last-detected-on/2023-04-24/6 has less than 2 entries, skipping
@generate_gif: path:output/crop989/nodules-last-detected-on/2023-04-24/17, output_name:o.gif
len_jpg_files: 1
@generate_gif: path:output/crop989/nodules-last-detected-on/2023-04-24/17/detection, output_name:d.gif
len_jpg_files: 1
nodules_dir: output/crop989/nodules-last-detected-on/2023-04-24/17 has 1 entries
nodules_dir: output/crop989/nodules-last-detected-on/2023-04-24/17 has less than 2 entries, skipping
@generate_gif: path:output/crop989/nodules-last-detected-on/2023-04-24/1, output_name:o.gif
len_jpg_files: 1
@generate_gif: path:output/crop989/nodules-last-detected-on/2023-04-24/1/detection, output_name:d.gif
len_jpg_files: 1
nodules_dir: output/crop989/nodules-last-detected-on/2023-04-24/1 has 1 entries
nodules_dir: output/crop989/nodules-last-detected-on/2023-04-24/1 has less than 2 entries, skipping
@generate_gif: path:output/crop989/nodules-last-detected-on/2023-04-24/10, output_name:o.gif
len_jpg_files: 1
@generate_gif: path:output/crop989/nodules-last-detected-on/2023-04-24/10/detection, output_name:d.gif
len_jpg_files: 1
nodules_dir: output/crop989/nodules-last-detected-on/2023-04-24/10 has 1 entries
nodules_dir: output/crop989/nodules-last-detected-on/2023-04-24/10 has less than 2 entries, skipping
@generate_gif: path:output/crop989/nodules-last-detected-on/2023-04-24/19, output_name:o.gif
len_jpg_files: 1
@generate_gif: path:output/crop989/nodules-last-detected-on/2023-04-24/19/detection, output_name:d.gif
len_jpg_files: 1
nodules_dir: output/crop989/nodules-last-detected-on/2023-04-24/19 has 1 entries
nodules_dir: output/crop989/nodules-last-detected-on/2023-04-24/19 has less than 2 entries, skipping
@generate_gif: path:output/crop989/nodules-last-detected-on/2023-04-24/8, output_name:o.gif
len_jpg_files: 1
@generate_gif: path:output/crop989/nodules-last-detected-on/2023-04-24/8/detection, output_name:d.gif
len_jpg_files: 1
nodules_dir: output/crop989/nodules-last-detected-on/2023-04-24/8 has 1 entries
nodules_dir: output/crop989/nodules-last-detected-on/2023-04-24/8 has less than 2 entries, skipping
@generate_gif: path:output/crop989/nodules-last-detected-on/2023-04-24/21, output_name:o.gif
len_jpg_files: 1
@generate_gif: path:output/crop989/nodules-last-detected-on/2023-04-24/21/detection, output_name:d.gif
len_jpg_files: 1
nodules_dir: output/crop989/nodules-last-detected-on/2023-04-24/21 has 1 entries
nodules_dir: output/crop989/nodules-last-detected-on/2023-04-24/21 has less than 2 entries, skipping
@generate_gif: path:output/crop989/nodules-last-detected-on/2023-04-24/24, output_name:o.gif
len_jpg_files: 1
@generate_gif: path:output/crop989/nodules-last-detected-on/2023-04-24/24/detection, output_name:d.gif
len_jpg_files: 1
nodules_dir: output/crop989/nodules-last-detected-on/2023-04-24/24 has 1 entries
nodules_dir: output/crop989/nodules-last-detected-on/2023-04-24/24 has less than 2 entries, skipping
@generate_gif: path:output/crop989/nodules-last-detected-on/2023-04-24/23, output_name:o.gif
len_jpg_files: 1
@generate_gif: path:output/crop989/nodules-last-detected-on/2023-04-24/23/detection, output_name:d.gif
len_jpg_files: 1
nodules_dir: output/crop989/nodules-last-detected-on/2023-04-24/23 has 1 entries
nodules_dir: output/crop989/nodules-last-detected-on/2023-04-24/23 has less than 2 entries, skipping
@generate_gif: path:output/crop989/nodules-last-detected-on/2023-04-24/4, output_name:o.gif
len_jpg_files: 1
@generate_gif: path:output/crop989/nodules-last-detected-on/2023-04-24/4/detection, output_name:d.gif
len_jpg_files: 1
nodules_dir: output/crop989/nodules-last-detected-on/2023-04-24/4 has 1 entries
nodules_dir: output/crop989/nodules-last-detected-on/2023-04-24/4 has less than 2 entries, skipping
@generate_gif: path:output/crop989/nodules-last-detected-on/2023-04-24/15, output_name:o.gif
len_jpg_files: 1
@generate_gif: path:output/crop989/nodules-last-detected-on/2023-04-24/15/detection, output_name:d.gif
len_jpg_files: 1
nodules_dir: output/crop989/nodules-last-detected-on/2023-04-24/15 has 1 entries
nodules_dir: output/crop989/nodules-last-detected-on/2023-04-24/15 has less than 2 entries, skipping
@generate_gif: path:output/crop989/nodules-last-detected-on/2023-04-24/3, output_name:o.gif
len_jpg_files: 1
@generate_gif: path:output/crop989/nodules-last-detected-on/2023-04-24/3/detection, output_name:d.gif
len_jpg_files: 1
nodules_dir: output/crop989/nodules-last-detected-on/2023-04-24/3 has 1 entries
nodules_dir: output/crop989/nodules-last-detected-on/2023-04-24/3 has less than 2 entries, skipping
@generate_gif: path:output/crop989/nodules-last-detected-on/2023-04-24/12, output_name:o.gif
len_jpg_files: 1
@generate_gif: path:output/crop989/nodules-last-detected-on/2023-04-24/12/detection, output_name:d.gif
len_jpg_files: 1
nodules_dir: output/crop989/nodules-last-detected-on/2023-04-24/12 has 1 entries
nodules_dir: output/crop989/nodules-last-detected-on/2023-04-24/12 has less than 2 entries, skipping
@generate_gif: path:output/crop989/nodules-last-detected-on/2023-04-24/2, output_name:o.gif
len_jpg_files: 1
@generate_gif: path:output/crop989/nodules-last-detected-on/2023-04-24/2/detection, output_name:d.gif
len_jpg_files: 1
nodules_dir: output/crop989/nodules-last-detected-on/2023-04-24/2 has 1 entries
nodules_dir: output/crop989/nodules-last-detected-on/2023-04-24/2 has less than 2 entries, skipping
@generate_gif: path:output/crop989/nodules-last-detected-on/2023-04-24/13, output_name:o.gif
len_jpg_files: 1
@generate_gif: path:output/crop989/nodules-last-detected-on/2023-04-24/13/detection, output_name:d.gif
len_jpg_files: 1
nodules_dir: output/crop989/nodules-last-detected-on/2023-04-24/13 has 1 entries
nodules_dir: output/crop989/nodules-last-detected-on/2023-04-24/13 has less than 2 entries, skipping
@generate_gif: path:output/crop989/nodules-last-detected-on/2023-04-24/5, output_name:o.gif
len_jpg_files: 1
@generate_gif: path:output/crop989/nodules-last-detected-on/2023-04-24/5/detection, output_name:d.gif
len_jpg_files: 1
nodules_dir: output/crop989/nodules-last-detected-on/2023-04-24/5 has 1 entries
nodules_dir: output/crop989/nodules-last-detected-on/2023-04-24/5 has less than 2 entries, skipping
@generate_gif: path:output/crop989/nodules-last-detected-on/2023-04-24/14, output_name:o.gif
len_jpg_files: 1
@generate_gif: path:output/crop989/nodules-last-detected-on/2023-04-24/14/detection, output_name:d.gif
len_jpg_files: 1
nodules_dir: output/crop989/nodules-last-detected-on/2023-04-24/14 has 1 entries
nodules_dir: output/crop989/nodules-last-detected-on/2023-04-24/14 has less than 2 entries, skipping
@generate_gif: path:output/crop989/nodules-last-detected-on/2023-04-24/22, output_name:o.gif
len_jpg_files: 1
@generate_gif: path:output/crop989/nodules-last-detected-on/2023-04-24/22/detection, output_name:d.gif
len_jpg_files: 1
nodules_dir: output/crop989/nodules-last-detected-on/2023-04-24/22 has 1 entries
nodules_dir: output/crop989/nodules-last-detected-on/2023-04-24/22 has less than 2 entries, skipping
@generate_gif: path:output/crop989/nodules-last-detected-on/2023-04-24/25, output_name:o.gif
len_jpg_files: 1
@generate_gif: path:output/crop989/nodules-last-detected-on/2023-04-24/25/detection, output_name:d.gif
len_jpg_files: 1
nodules_dir: output/crop989/nodules-last-detected-on/2023-04-24/25 has 1 entries
nodules_dir: output/crop989/nodules-last-detected-on/2023-04-24/25 has less than 2 entries, skipping
@post_process: output/crop989/nodules-last-detected-on/2023-04-24, 26 nodules, took 0.45s
------------------------------------
DONE Processing crop folder: data/crop989
Results: {'crop989': [{'date': '20230426', 'json': 'output/crop989/20230426/20230426.json', 'log': 'output/crop989/20230426/crop989_20230426.log', 'image': 'data/crop989/20230426.jpg', 'plot': 'output/crop989/plots/20230424_20230426.png', 'match_stats': {'i_dict': {0: 16}, 'average_tracking_quality': 50.3333, 'distance_threshold': 20, 'lengths': {'matching': 16, 'unmatched_current': 0, 'unmatched_previous': 10}, 'averages': {'tq': -215.125, 'i': 0.0, 'dx': -21.5, 'dy': 19.875, 'dd': 0.9375, 'da': 48.6875, 'dp': 8.2537, 'de': 0.0144}}}, {'date': '20230424', 'json': 'output/crop989/20230424/20230424.json', 'log': 'output/crop989/20230424/crop989_20230424.log', 'image': 'data/crop989/20230424.jpg', 'plot': None, 'match_stats': {}}], 'gif_path': 'output/crop989/crop989.gif', 'plots_gif_path': 'output/crop989/plots/plots.gif', 'dif_plot_path': 'output/crop989/plots/dif_plot'}
Result: {'data/crop989': 'output/crop989/crop989.json', 'gif_path': 'output/crop989/crop989.gif', 'plots_gif_path': 'output/crop989/plots/plots.gif', 'dif_plot_dx_dy_da_dp_path': 'output/crop989/plots/dif_plot_dx_dy_da_dp.png', 'dif_plot_i_tq_dd_de_path': 'output/crop989/plots/dif_plot_i_tq_dd_de.png', 'dif_plot_i_dict_path': 'output/crop989/plots/dif_plot_i_dict.png', 'dif_plot_matching_tq_path': 'output/crop989/plots/dif_plot_matching_tq.png'}
