Current memory usage: 1982.76953125 MB
@analyze_image: file_name: data/crop988/20230505.jpg, output_dir: output/crop988, external_logger: <Logger data_crop988.log (DEBUG)>
Loaded image & JSON file: data/crop988/20230505.jpg
Scaled JSON data: scalar_position: 0.5, scalar_size: 0.5

@find_prev_next_date: image_output_dir: output/crop988/20230505
data_dir: data/crop988
Previous date file: data/crop988/20230503.json, Next date file: data/crop988/20230508.jpg


Loaded prev_results from JSON file: 20230503, length: 17
Scaled JSON data: scalar_position: 0.5, scalar_size: 0.5
Loaded next_results from JSON file: 20230508, length: 79
Scaled JSON data: scalar_position: 0.5, scalar_size: 0.5
prev_results is not empty, generating matching
Current memory usage: 1982.79296875 MB
current_date:20230505, generating Matching: 20230503_20230505_matching.json
spatial_distances: (23, 17), attribute_distances: (23, 17)
combined_distances: (23, 17)
Current memory usage: 1982.796875 MB

@find_matching: combined_distances: (23, 17), next_matching: [{'id': '20230510_2', 'p': {'id': 0, 'tq': 81.0, 'dx': -3, 'dy': 2, 'dd': 0, 'da': 4.0, 'dp': 2.0, 'de': 0.11}, 'c': {'id': 3}, 'n': {'id': 2, 'dx': 3, 'dy': 0, 'dd': 2, 'da': 30.0, 'dp': 10.24, 'de': -0.16}, 'i': 1}, {'id': '20230512_3', 'p': {'id': 1, 'tq': 38.0, 'dx': -4, 'dy': 0, 'dd': 1, 'da': 32.0, 'dp': 4.24, 'de': 0.01}, 'c': {'id': 4}, 'n': {'id': 3, 'dx': 2, 'dy': 0, 'dd': 0, 'da': 19.0, 'dp': 4.0, 'de': -0.1}, 'i': 2}, {'id': '20230512_4', 'p': {'id': 2, 'tq': 22.0, 'dx': -4, 'dy': 0, 'dd': 1, 'da': 42.0, 'dp': 8.0, 'de': -0.07}, 'c': {'id': 6}, 'n': {'id': 4, 'dx': 4, 'dy': 0, 'dd': 0, 'da': 22.0, 'dp': 2.24, 'de': 0.11}, 'i': 2}, {'id': '20230510_7', 'p': {'id': 3, 'tq': 45.0, 'dx': -7, 'dy': -7, 'dd': 1, 'da': 13.0, 'dp': 3.41, 'de': -0.26}, 'c': {'id': 8}, 'n': {'id': 7, 'dx': 10, 'dy': 5, 'dd': -1, 'da': -35.0, 'dp': -7.66, 'de': -0.13}, 'i': 1}, {'id': '20230602_8', 'p': {'id': 4, 'tq': 9.0, 'dx': -4, 'dy': 0, 'dd': 1, 'da': 51.0, 'dp': 7.07, 'de': 0.02}, 'c': {'id': 10}, 'n': {'id': 8, 'dx': 2, 'dy': 1, 'dd': 0, 'da': 14.0, 'dp': 2.0, 'de': 0.08}, 'i': 11}, {'id': '20230517_8', 'p': {'id': 5, 'tq': 17.0, 'dx': -3, 'dy': 1, 'dd': 2, 'da': 47.0, 'dp': 7.41, 'de': 0.16}, 'c': {'id': 12}, 'n': {'id': 10, 'dx': 3, 'dy': 0, 'dd': 0, 'da': 17.0, 'dp': 2.83, 'de': -0.02}, 'i': 4}, {'id': '20230531_15', 'p': {'id': 6, 'tq': -58.0, 'dx': -2, 'dy': 1, 'dd': 2, 'da': 98.0, 'dp': 19.31, 'de': -0.0}, 'c': {'id': 15}, 'n': {'id': 13, 'dx': 2, 'dy': -1, 'dd': 1, 'da': 16.0, 'dp': 1.76, 'de': -0.02}, 'i': 10}, {'id': '20230508_7', 'p': {'id': 7, 'tq': 6.0, 'dx': 4, 'dy': -5, 'dd': 2, 'da': 46.0, 'dp': 12.24, 'de': -0.16}, 'c': {'id': 17}, 'n': {}, 'i': 0}, {'id': '20230524_24', 'p': {'id': 8, 'tq': -74.0, 'dx': -3, 'dy': 0, 'dd': 4, 'da': 106.0, 'dp': 23.66, 'de': -0.21}, 'c': {'id': 21}, 'n': {'id': 18, 'dx': 2, 'dy': 0, 'dd': 1, 'da': 26.0, 'dp': 4.0, 'de': 0.03}, 'i': 7}, {'id': '20230508_9', 'p': {'id': 9, 'tq': -50.0, 'dx': 17, 'dy': 7, 'dd': 3, 'da': 55.0, 'dp': 15.07, 'de': -0.19}, 'c': {'id': 27}, 'n': {}, 'i': 0}, {'id': '20230512_21', 'p': {'id': 10, 'tq': 15.0, 'dx': 10, 'dy': 17, 'dd': 0, 'da': 10.0, 'dp': 2.59, 'de': 0.09}, 'c': {'id': 29}, 'n': {'id': 22, 'dx': -8, 'dy': -17, 'dd': 0, 'da': 1.0, 'dp': -1.41, 'de': 0.03}, 'i': 2}, {'id': '20230508_11', 'p': {'id': 11, 'tq': 66.0, 'dx': -5, 'dy': -2, 'dd': -1, 'da': -10.0, 'dp': -2.21, 'de': 0.04}, 'c': {'id': 33}, 'n': {}, 'i': 0}, {'id': '20230508_12', 'p': {'id': 12, 'tq': -74.0, 'dx': 10, 'dy': 21, 'dd': -3, 'da': -58.0, 'dp': -21.11, 'de': 0.56}, 'c': {'id': 37}, 'n': {}, 'i': 0}, {'id': '20230508_13', 'p': {'id': 13, 'tq': 24.0, 'dx': -10, 'dy': -9, 'dd': 0, 'da': 19.0, 'dp': 2.66, 'de': -0.14}, 'c': {'id': 42}, 'n': {}, 'i': 0}, {'id': '20230508_14', 'p': {'id': 20, 'tq': -532.0, 'dx': -13, 'dy': -161, 'dd': -1, 'da': -43.0, 'dp': 11.31, 'de': 0.55}, 'c': {'id': 56}, 'n': {}, 'i': 0}, {'id': '20230508_15', 'p': {'id': 16, 'tq': 21.0, 'dx': -15, 'dy': -7, 'dd': 1, 'da': 12.0, 'dp': 6.79, 'de': 0.0}, 'c': {'id': 57}, 'n': {}, 'i': 0}, {'id': '20230508_16', 'p': {'id': 14, 'tq': 50.0, 'dx': 11, 'dy': 6, 'dd': 0, 'da': -4.0, 'dp': -0.59, 'de': -0.43}, 'c': {'id': 61}, 'n': {}, 'i': 0}, {'id': '20230508_17', 'p': {'id': 17, 'tq': -22.0, 'dx': 9, 'dy': -24, 'dd': 0, 'da': -21.0, 'dp': -4.24, 'de': 0.03}, 'c': {'id': 64}, 'n': {}, 'i': 0}, {'id': '20230512_58', 'p': {'id': 15, 'tq': 16.0, 'dx': 9, 'dy': 13, 'dd': -1, 'da': -18.0, 'dp': -6.24, 'de': 0.09}, 'c': {'id': 65}, 'n': {'id': 59, 'dx': -6, 'dy': 21, 'dd': 1, 'da': 6.0, 'dp': 1.59, 'de': -0.44}, 'i': 2}, {'id': '20230508_19', 'p': {'id': 18, 'tq': -35.0, 'dx': 21, 'dy': -22, 'dd': -1, 'da': -19.0, 'dp': -3.0, 'de': 0.18}, 'c': {'id': 67}, 'n': {}, 'i': 0}, {'id': '20230508_20', 'p': {'id': 19, 'tq': -107.0, 'dx': -41, 'dy': -10, 'dd': -1, 'da': -39.0, 'dp': -5.41, 'de': -0.07}, 'c': {'id': 70}, 'n': {}, 'i': 0}, {'id': '20230508_21', 'p': {'id': 21, 'tq': -296.0, 'dx': 92, 'dy': 3, 'dd': -2, 'da': -48.0, 'dp': -11.9, 'de': 0.05}, 'c': {'id': 74}, 'n': {}, 'i': 0}, {'id': '20230508_22', 'p': {'id': 22, 'tq': -369.0, 'dx': 95, 'dy': 56, 'dd': 2, 'da': 41.0, 'dp': 36.83, 'de': 0.69}, 'c': {'id': 77}, 'n': {}, 'i': 0}], current_date_string: 20230505, distance_threshold: 20
matched entry: {'id': '20230512_3', 'p': {'id': 1, 'tq': 38.0, 'dx': -4, 'dy': 0, 'dd': 1, 'da': 32.0, 'dp': 4.24, 'de': 0.01}, 'c': {'id': 4}, 'n': {'id': 3, 'dx': 2, 'dy': 0, 'dd': 0, 'da': 19.0, 'dp': 4.0, 'de': -0.1}, 'i': 2}, len(matching): 0
matched entry: {'id': '20230512_4', 'p': {'id': 2, 'tq': 22.0, 'dx': -4, 'dy': 0, 'dd': 1, 'da': 42.0, 'dp': 8.0, 'de': -0.07}, 'c': {'id': 6}, 'n': {'id': 4, 'dx': 4, 'dy': 0, 'dd': 0, 'da': 22.0, 'dp': 2.24, 'de': 0.11}, 'i': 2}, len(matching): 1
matched entry: {'id': '20230510_7', 'p': {'id': 3, 'tq': 45.0, 'dx': -7, 'dy': -7, 'dd': 1, 'da': 13.0, 'dp': 3.41, 'de': -0.26}, 'c': {'id': 8}, 'n': {'id': 7, 'dx': 10, 'dy': 5, 'dd': -1, 'da': -35.0, 'dp': -7.66, 'de': -0.13}, 'i': 1}, len(matching): 2
matched entry: {'id': '20230602_8', 'p': {'id': 4, 'tq': 9.0, 'dx': -4, 'dy': 0, 'dd': 1, 'da': 51.0, 'dp': 7.07, 'de': 0.02}, 'c': {'id': 10}, 'n': {'id': 8, 'dx': 2, 'dy': 1, 'dd': 0, 'da': 14.0, 'dp': 2.0, 'de': 0.08}, 'i': 11}, len(matching): 3
matched entry: {'id': '20230517_8', 'p': {'id': 5, 'tq': 17.0, 'dx': -3, 'dy': 1, 'dd': 2, 'da': 47.0, 'dp': 7.41, 'de': 0.16}, 'c': {'id': 12}, 'n': {'id': 10, 'dx': 3, 'dy': 0, 'dd': 0, 'da': 17.0, 'dp': 2.83, 'de': -0.02}, 'i': 4}, len(matching): 4
tq < 0
matched entry: {'id': '20230508_11', 'p': {'id': 11, 'tq': 66.0, 'dx': -5, 'dy': -2, 'dd': -1, 'da': -10.0, 'dp': -2.21, 'de': 0.04}, 'c': {'id': 33}, 'n': {}, 'i': 0}, len(matching): 6
matched entry: {'id': '20230508_13', 'p': {'id': 13, 'tq': 24.0, 'dx': -10, 'dy': -9, 'dd': 0, 'da': 19.0, 'dp': 2.66, 'de': -0.14}, 'c': {'id': 42}, 'n': {}, 'i': 0}, len(matching): 7
matched entry: {'id': '20230508_16', 'p': {'id': 14, 'tq': 50.0, 'dx': 11, 'dy': 6, 'dd': 0, 'da': -4.0, 'dp': -0.59, 'de': -0.43}, 'c': {'id': 61}, 'n': {}, 'i': 0}, len(matching): 8
matched entry: {'id': '20230512_58', 'p': {'id': 15, 'tq': 16.0, 'dx': 9, 'dy': 13, 'dd': -1, 'da': -18.0, 'dp': -6.24, 'de': 0.09}, 'c': {'id': 65}, 'n': {'id': 59, 'dx': -6, 'dy': 21, 'dd': 1, 'da': 6.0, 'dp': 1.59, 'de': -0.44}, 'i': 2}, len(matching): 9
matched entry: {'id': '20230508_15', 'p': {'id': 16, 'tq': 21.0, 'dx': -15, 'dy': -7, 'dd': 1, 'da': 12.0, 'dp': 6.79, 'de': 0.0}, 'c': {'id': 57}, 'n': {}, 'i': 0}, len(matching): 10
tq < 0
tq < 0
tq < 0
tq < 0
tq < 0
tq < 0
i_dict: {0: 7, 1: 4, 2: 1, 3: 3, 5: 1, 12: 1}
tq_average: -315.6471, dx_average: -18.0, dy_average: -32.7647, dd_average: -1.0, da_average: -96.5882, dp_average: -10.7171, de_average: -0.0682
average_tracking_quality: 35.5
@find_matching:
Returning:
Matching(lenght=17): [{'id': '20230512_3', 'p': {'id': 1, 'tq': 22.0, 'dx': 0, 'dy': -1, 'dd': 2, 'da': 49.0, 'dp': 8.24, 'de': -0.13}, 'c': {'id': 1}, 'n': {'id': 4, 'dx': -4, 'dy': 0, 'dd': 1, 'da': 32.0, 'dp': 4.24, 'de': 0.01}, 'i': 3}, {'id': '20230512_4', 'p': {'id': 2, 'tq': 2.0, 'dx': -1, 'dy': 0, 'dd': 2, 'da': 62.0, 'dp': 12.49, 'de': -0.34}, 'c': {'id': 2}, 'n': {'id': 6, 'dx': -4, 'dy': 0, 'dd': 1, 'da': 42.0, 'dp': 8.0, 'de': -0.07}, 'i': 3}, {'id': '20230510_7', 'p': {'id': 3, 'tq': 57.0, 'dx': -1, 'dy': 6, 'dd': -1, 'da': -14.0, 'dp': -2.34, 'de': 0.12}, 'c': {'id': 3}, 'n': {'id': 8, 'dx': -7, 'dy': -7, 'dd': 1, 'da': 13.0, 'dp': 3.41, 'de': -0.26}, 'i': 2}, {'id': '20230602_8', 'p': {'id': 0, 'tq': -305.0, 'dx': -70, 'dy': 54, 'dd': 2, 'da': 63.0, 'dp': 10.59, 'de': -0.22}, 'c': {'id': 4}, 'n': {'id': 10, 'dx': -4, 'dy': 0, 'dd': 1, 'da': 51.0, 'dp': 7.07, 'de': 0.02}, 'i': 12}, {'id': '20230517_8', 'p': {'id': 5, 'tq': -2220.0, 'dx': 79, 'dy': -10, 'dd': -16, 'da': -1353.0, 'dp': -145.25, 'de': -0.62}, 'c': {'id': 5}, 'n': {'id': 12, 'dx': -3, 'dy': 1, 'dd': 2, 'da': 47.0, 'dp': 7.41, 'de': 0.16}, 'i': 5}, {'id': '20230505_5', 'p': {'id': 4, 'tq': -55.0, 'dx': -14, 'dy': 40, 'dd': 1, 'da': 4.0, 'dp': 0.59, 'de': -0.08}, 'c': {'id': 6}, 'n': {}, 'i': 0}, {'id': '20230508_11', 'p': {'id': 6, 'tq': 4.0, 'dx': 0, 'dy': 3, 'dd': -2, 'da': -55.0, 'dp': -14.49, 'de': 0.35}, 'c': {'id': 11}, 'n': {'id': 33, 'dx': -5, 'dy': -2, 'dd': -1, 'da': -10.0, 'dp': -2.21, 'de': 0.04}, 'i': 1}, {'id': '20230508_13', 'p': {'id': 10, 'tq': -723.0, 'dx': -30, 'dy': -164, 'dd': -4, 'da': -157.0, 'dp': -28.21, 'de': -0.1}, 'c': {'id': 13}, 'n': {'id': 42, 'dx': -10, 'dy': -9, 'dd': 0, 'da': 19.0, 'dp': 2.66, 'de': -0.14}, 'i': 1}, {'id': '20230508_16', 'p': {'id': 8, 'tq': 49.0, 'dx': 1, 'dy': -2, 'dd': 1, 'da': 28.0, 'dp': 7.83, 'de': -0.06}, 'c': {'id': 14}, 'n': {'id': 61, 'dx': 11, 'dy': 6, 'dd': 0, 'da': -4.0, 'dp': -0.59, 'de': -0.43}, 'i': 1}, {'id': '20230512_58', 'p': {'id': 7, 'tq': -13.0, 'dx': 5, 'dy': 7, 'dd': -2, 'da': -54.0, 'dp': -10.83, 'de': 0.49}, 'c': {'id': 15}, 'n': {'id': 65, 'dx': 9, 'dy': 13, 'dd': -1, 'da': -18.0, 'dp': -6.24, 'de': 0.09}, 'i': 3}, {'id': '20230508_15', 'p': {'id': 9, 'tq': 79.0, 'dx': 1, 'dy': -2, 'dd': -1, 'da': -7.0, 'dp': -5.59, 'de': 0.37}, 'c': {'id': 16}, 'n': {'id': 57, 'dx': -15, 'dy': -7, 'dd': 1, 'da': 12.0, 'dp': 6.79, 'de': 0.0}, 'i': 1}, {'id': '20230505_11', 'p': {'id': 11, 'tq': -299.0, 'dx': -83, 'dy': -75, 'dd': 0, 'da': 5.0, 'dp': 1.41, 'de': -0.05}, 'c': {'id': 17}, 'n': {}, 'i': 0}, {'id': '20230505_12', 'p': {'id': 14, 'tq': -639.0, 'dx': -83, 'dy': -183, 'dd': 0, 'da': -23.0, 'dp': -4.83, 'de': -0.0}, 'c': {'id': 18}, 'n': {}, 'i': 0}, {'id': '20230505_13', 'p': {'id': 12, 'tq': -550.0, 'dx': -101, 'dy': -114, 'dd': 2, 'da': 77.0, 'dp': 13.07, 'de': 0.2}, 'c': {'id': 19}, 'n': {}, 'i': 0}, {'id': '20230505_14', 'p': {'id': 13, 'tq': -616.0, 'dx': -32, 'dy': -58, 'dd': -4, 'da': -319.0, 'dp': -47.56, 'de': -0.54}, 'c': {'id': 20}, 'n': {}, 'i': 0}, {'id': '20230505_15', 'p': {'id': 15, 'tq': -117.0, 'dx': 15, 'dy': -53, 'dd': 0, 'da': -16.0, 'dp': -2.0, 'de': 0.03}, 'c': {'id': 21}, 'n': {}, 'i': 0}, {'id': '20230505_16', 'p': {'id': 16, 'tq': -42.0, 'dx': 8, 'dy': -5, 'dd': 3, 'da': 68.0, 'dp': 24.69, 'de': -0.58}, 'c': {'id': 22}, 'n': {}, 'i': 0}]
Unmatched current(length=6): {0, 7, 8, 9, 10, 12}
Unmatched previous(length=0): set()
Distance threshold: 20



@plot_data: normalized_points: (23, 2), normalized_prev_points: (17, 2), current_points: (23, 2), prev_points: (17, 2), current_data: 23, prev_data: 17, matching: 17, unmatched_current: 6, unmatched_prev: 0, combined_distances: (23, 17), distance_threshold: 20, current_date_string: 20230505, previous_date_string: 20230503, filename: output/crop988/plots/20230503_20230505.png
Plots created
Plotted the normalized points
Drawing lines between the matched points
Plotting the unmatched points
Plotted the original points with diameter as size
Drawing lines between the matched points and add the indices to the plots with color coding
Setting the titles and labels
Done plotting

@process_image: output_dir: output/crop988/20230505, image_name: 20230505, date_string: 20230505
len(json_data) = 23 json_data entries
len(matching) = 17 matching entries, setting max_id_i to 17
crop_dir: output/crop988
nodules_dir: output/crop988/nodules-last-detected-on
Split image into left and right images: (705, 300, 3), (705, 300, 3)
Converted right image to HSV: (705, 300, 3)
Created mask to detect nodules: (705, 300)

Found 22 contours in mask, processing each contour...

@process_contour: max_id: 20230505_17
Moments: {'m00': 25.0, 'm10': 3702.5, 'm01': 16169.0, 'm20': 548394.0, 'm11': 2394631.9166666665, 'm02': 10457509.833333332, 'm30': 81233072.25, 'm21': 354680197.9166667, 'm12': 1548761107.75, 'm03': 6763560364.5, 'mu20': 53.75, 'mu11': 3.0166666666045785, 'mu02': 47.39333333261311, 'mu30': 0.10000000894069672, 'mu21': 0.9400000810637721, 'mu12': -0.6853330524636476, 'mu03': 0.46880149841308594, 'nu20': 0.08600000000000001, 'nu11': 0.004826666666567326, 'nu02': 0.07582933333218098, 'nu30': 3.2000002861022954e-05, 'nu21': 0.0003008000259404071, 'nu12': -0.00021930657678836726, 'nu03': 0.0001500164794921875}
Centroid: 148, 646
Processing contour#1: area: 25.0 centroid: 148, 646 rectangle: (145, 644, 7, 7)
@find_dayJSON_match_for_contour: x: 145, y: 644, w: 7, h: 7, area: 25.0
Matched with JSON#22: (148, 647, 4, 74.0, 29.8995, 0.304351)
Match with input JSON(nodules) ID: 22
Matched contour: {'x': 148, 'y': 647, 'd': 4, 'a': 74.0, 'p': 29.8995, 'e': 0.304351, 'id': 22, 'tq': 100}
JSON_entry: 22
Matched with first_id: 22 second_id: 16 name: 20230505_16
entry_id:20230505_16, entry saved to results list
created dirs at nodule_detection_path: output/crop988/nodules-last-detected-on/2023-05-05/16/detection and nodule_images_original_path: output/crop988/nodules-last-detected-on/2023-05-05/16
Segmented nodule image saved as output/crop988/nodules-last-detected-on/2023-05-05/16/detection/2023-05-05.jpg
Original nodule image saved as output/crop988/nodules-last-detected-on/2023-05-05/16/2023-05-05.jpg


@process_contour: max_id: 20230505_18
Moments: {'m00': 27.5, 'm10': 4870.833333333333, 'm01': 16343.333333333332, 'm20': 862795.5833333333, 'm11': 2894757.125, 'm02': 9712947.75, 'm30': 152843368.45000002, 'm21': 512764195.23333335, 'm12': 1720376352.2333333, 'm03': 5772499921.700001, 'mu20': 67.67929292935878, 'mu11': 6.1148989903740585, 'mu02': 55.2247474770993, 'mu30': -5.959626525640488, 'mu21': -0.6303795606509084, 'mu12': 5.277333435969922, 'mu03': 0.2304544448852539, 'nu20': 0.08949327990659012, 'nu11': 0.008085816846775614, 'nu02': 0.0730244594738503, 'nu30': -0.0015027519836228475, 'nu21': -0.0001589536074329161, 'nu12': 0.001330708099748025, 'nu03': 5.81103316954578e-05}
Centroid: 177, 594
Processing contour#2: area: 27.5 centroid: 177, 594 rectangle: (174, 591, 7, 7)
@find_dayJSON_match_for_contour: x: 174, y: 591, w: 7, h: 7, area: 27.5
Matched with JSON#21: (177, 594, 5, 93.0, 34.3848, 0.297339)
Match with input JSON(nodules) ID: 21
Matched contour: {'x': 177, 'y': 594, 'd': 5, 'a': 93.0, 'p': 34.3848, 'e': 0.297339, 'id': 21, 'tq': 100}
JSON_entry: 21
Matched with first_id: 21 second_id: 15 name: 20230505_15
entry_id:20230505_15, entry saved to results list
created dirs at nodule_detection_path: output/crop988/nodules-last-detected-on/2023-05-05/15/detection and nodule_images_original_path: output/crop988/nodules-last-detected-on/2023-05-05/15
Segmented nodule image saved as output/crop988/nodules-last-detected-on/2023-05-05/15/detection/2023-05-05.jpg
Original nodule image saved as output/crop988/nodules-last-detected-on/2023-05-05/15/2023-05-05.jpg


@process_contour: max_id: 20230505_19
Moments: {'m00': 70.0, 'm10': 11825.166666666666, 'm01': 39348.166666666664, 'm20': 1998046.8333333333, 'm11': 6647145.916666666, 'm02': 22118652.166666664, 'm30': 337670429.65000004, 'm21': 1123142929.0666666, 'm12': 3736550548.2999997, 'm03': 12433703724.95, 'mu20': 410.16626984160393, 'mu11': 22.64722222276032, 'mu02': 391.8805555589497, 'mu30': -104.36394369602203, 'mu21': -148.36419323674636, 'mu12': 111.6398545569391, 'mu03': 132.68064880371094, 'nu20': 0.0837074020084906, 'nu11': 0.004621882086277616, 'nu02': 0.07997562358345911, 'nu30': -0.002545689209968354, 'nu21': -0.0036189618032117466, 'nu12': 0.0027231662879262097, 'nu03': 0.003236402190923357}
Centroid: 168, 562
Processing contour#3: area: 70.0 centroid: 168, 562 rectangle: (164, 558, 11, 10)
@find_dayJSON_match_for_contour: x: 164, y: 558, w: 11, h: 10, area: 70.0
Matched with JSON#20: (169, 561, 9, 286.0, 60.8701, 0.37522)
Match with input JSON(nodules) ID: 20
Matched contour: {'x': 169, 'y': 561, 'd': 9, 'a': 286.0, 'p': 60.8701, 'e': 0.37522, 'id': 20, 'tq': 100}
JSON_entry: 20
Matched with first_id: 20 second_id: 13 name: 20230505_14
entry_id:20230505_14, entry saved to results list
created dirs at nodule_detection_path: output/crop988/nodules-last-detected-on/2023-05-05/14/detection and nodule_images_original_path: output/crop988/nodules-last-detected-on/2023-05-05/14
Segmented nodule image saved as output/crop988/nodules-last-detected-on/2023-05-05/14/detection/2023-05-05.jpg
Original nodule image saved as output/crop988/nodules-last-detected-on/2023-05-05/14/2023-05-05.jpg


@process_contour: max_id: 20230505_20
Moments: {'m00': 35.0, 'm10': 5893.0, 'm01': 17122.333333333332, 'm20': 992311.8333333333, 'm11': 2882933.833333333, 'm02': 8376513.833333333, 'm30': 167110306.5, 'm21': 485455820.3666667, 'm12': 1410387216.1666667, 'm03': 4097973390.1000004, 'mu20': 99.0047619047109, 'mu11': 22.10952380951494, 'mu02': 105.29682539775968, 'mu30': 6.386938810348511, 'mu21': -24.31310649664374, 'mu12': -16.77922886961096, 'mu03': 22.0914888381958, 'nu20': 0.08082021379976399, 'nu11': 0.018048590864910154, 'nu02': 0.08595659216143646, 'nu30': 0.0008812977159602829, 'nu21': -0.003354828636947917, 'nu12': -0.0023152712930963686, 'nu03': 0.0030482801281450957}
Centroid: 168, 489
Processing contour#4: area: 35.0 centroid: 168, 489 rectangle: (165, 486, 8, 8)
@find_dayJSON_match_for_contour: x: 165, y: 486, w: 8, h: 8, area: 35.0
Matched with JSON#19: (168, 489, 6, 146.0, 42.3848, 0.396183)
Match with input JSON(nodules) ID: 19
Matched contour: {'x': 168, 'y': 489, 'd': 6, 'a': 146.0, 'p': 42.3848, 'e': 0.396183, 'id': 19, 'tq': 100}
JSON_entry: 19
Matched with first_id: 19 second_id: 12 name: 20230505_13
entry_id:20230505_13, entry saved to results list
created dirs at nodule_detection_path: output/crop988/nodules-last-detected-on/2023-05-05/13/detection and nodule_images_original_path: output/crop988/nodules-last-detected-on/2023-05-05/13
Segmented nodule image saved as output/crop988/nodules-last-detected-on/2023-05-05/13/detection/2023-05-05.jpg
Original nodule image saved as output/crop988/nodules-last-detected-on/2023-05-05/13/2023-05-05.jpg


@process_contour: max_id: 20230505_21
Moments: {'m00': 16.0, 'm10': 682.5, 'm01': 7205.0, 'm20': 29133.833333333332, 'm11': 307339.6666666666, 'm02': 3244524.0, 'm30': 1244522.25, 'm21': 13119446.75, 'm12': 138400477.08333334, 'm03': 1461069924.5, 'mu20': 20.94270833333212, 'mu11': 1.3854166666278616, 'mu02': 22.4375, 'mu30': -4.502929687267169, 'mu21': -0.7662760373950732, 'mu12': 2.467447966337204, 'mu03': 2.9765625, 'nu20': 0.0818074544270786, 'nu11': 0.005411783854015084, 'nu02': 0.087646484375, 'nu30': -0.004397392272721845, 'nu21': -0.0007483164427686262, 'nu12': 0.0024096171546261758, 'nu03': 0.00290679931640625}
Centroid: 42, 450
Processing contour#5: area: 16.0 centroid: 42, 450 rectangle: (40, 448, 6, 6)
@find_dayJSON_match_for_contour: x: 40, y: 448, w: 6, h: 6, area: 16.0
Matched with JSON#18: (42, 450, 4, 52.0, 24.4853, 0.450651)
Match with input JSON(nodules) ID: 18
Matched contour: {'x': 42, 'y': 450, 'd': 4, 'a': 52.0, 'p': 24.4853, 'e': 0.450651, 'id': 18, 'tq': 100}
JSON_entry: 18
Matched with first_id: 18 second_id: 14 name: 20230505_12
entry_id:20230505_12, entry saved to results list
created dirs at nodule_detection_path: output/crop988/nodules-last-detected-on/2023-05-05/12/detection and nodule_images_original_path: output/crop988/nodules-last-detected-on/2023-05-05/12
Segmented nodule image saved as output/crop988/nodules-last-detected-on/2023-05-05/12/detection/2023-05-05.jpg
Original nodule image saved as output/crop988/nodules-last-detected-on/2023-05-05/12/2023-05-05.jpg


@process_contour: max_id: 20230505_22
Moments: {'m00': 21.5, 'm10': 3320.6666666666665, 'm01': 9348.5, 'm20': 512915.75, 'm11': 1443873.7916666665, 'm02': 4064894.583333333, 'm30': 79232017.3, 'm21': 223023425.86666667, 'm12': 627822775.1, 'm03': 1767504479.3500001, 'mu20': 40.070413436798844, 'mu11': 1.5901162789668888, 'mu02': 36.339147286489606, 'mu30': 0.7974059730768204, 'mu21': 9.617027233929548, 'mu12': -0.5647886213519087, 'mu03': -6.479231357574463, 'nu20': 0.08668558883028413, 'nu11': 0.0034399486835411325, 'nu02': 0.0786136231184199, 'nu30': 0.0003720346022535852, 'nu21': 0.0044868824947868705, 'nu12': -0.0002635055632844695, 'nu03': -0.0030229247615529836}
Centroid: 154, 434
Processing contour#6: area: 21.5 centroid: 154, 434 rectangle: (152, 432, 6, 6)
@find_dayJSON_match_for_contour: x: 152, y: 432, w: 6, h: 6, area: 21.5
Matched with JSON#17: (154, 435, 5, 101.0, 34.9706, 0.253732)
Match with input JSON(nodules) ID: 17
Matched contour: {'x': 154, 'y': 435, 'd': 5, 'a': 101.0, 'p': 34.9706, 'e': 0.253732, 'id': 17, 'tq': 100}
JSON_entry: 17
Matched with first_id: 17 second_id: 11 name: 20230505_11
entry_id:20230505_11, entry saved to results list
created dirs at nodule_detection_path: output/crop988/nodules-last-detected-on/2023-05-05/11/detection and nodule_images_original_path: output/crop988/nodules-last-detected-on/2023-05-05/11
Segmented nodule image saved as output/crop988/nodules-last-detected-on/2023-05-05/11/detection/2023-05-05.jpg
Original nodule image saved as output/crop988/nodules-last-detected-on/2023-05-05/11/2023-05-05.jpg


@process_contour: max_id: 20230505_23
Moments: {'m00': 10.0, 'm10': 1222.6666666666665, 'm01': 4016.6666666666665, 'm20': 149502.66666666666, 'm11': 491102.0, 'm02': 1613368.0, 'm30': 18281950.400000002, 'm21': 60049642.13333333, 'm12': 197259164.8, 'm03': 648041679.4000001, 'mu20': 11.28888888892834, 'mu11': -2.4444444443797693, 'mu02': 6.8888888887595385, 'mu30': -2.82074074447155, 'mu21': 2.1037036869183794, 'mu12': 1.0370370239330668, 'mu03': -1.3407405614852905, 'nu20': 0.11288888888928343, 'nu11': -0.024444444443797696, 'nu02': 0.0688888888875954, 'nu30': -0.008919965441369106, 'nu21': 0.0066524951727558465, 'nu12': 0.003279399013551039, 'nu03': -0.004239793925666545}
Centroid: 122, 401
Processing contour#7: area: 10.0 centroid: 122, 401 rectangle: (120, 400, 5, 4)
@find_dayJSON_match_for_contour: x: 120, y: 400, w: 5, h: 4, area: 10.0
Matched with JSON#15: (122, 401, 3, 42.0, 23.3137, 0.760521)
Match with input JSON(nodules) ID: 15
Matched contour: {'x': 122, 'y': 401, 'd': 3, 'a': 42.0, 'p': 23.3137, 'e': 0.760521, 'id': 15, 'tq': 100}
JSON_entry: 15
Matched with first_id: 15 second_id: 7 name: 20230512_58
entry_id:20230512_58, entry saved to results list
created dirs at nodule_detection_path: output/crop988/nodules-last-detected-on/2023-05-12/58/detection and nodule_images_original_path: output/crop988/nodules-last-detected-on/2023-05-12/58
Segmented nodule image saved as output/crop988/nodules-last-detected-on/2023-05-12/58/detection/2023-05-05.jpg
Original nodule image saved as output/crop988/nodules-last-detected-on/2023-05-12/58/2023-05-05.jpg


@process_contour: max_id: 20230505_24
Moments: {'m00': 13.5, 'm10': 2366.0, 'm01': 5347.833333333333, 'm20': 414678.4166666666, 'm11': 937254.875, 'm02': 2118483.9166666665, 'm30': 72681490.10000001, 'm21': 164268115.9, 'm12': 371281997.5333333, 'm03': 839219736.95, 'mu20': 15.009259259270038, 'mu11': -2.433641975163482, 'mu02': 15.667695473413914, 'mu30': -3.059122070670128, 'mu21': 1.5836991198120813, 'mu12': 3.6511125558367894, 'mu03': -2.466946005821228, 'nu20': 0.08235533201245562, 'nu11': -0.013353316736150792, 'nu02': 0.08596815074575535, 'nu30': -0.0045683817308508545, 'nu21': 0.002365038713387862, 'nu12': 0.005452438808272573, 'nu03': -0.003684047515475707}
Centroid: 175, 396
Processing contour#8: area: 13.5 centroid: 175, 396 rectangle: (173, 394, 5, 5)
@find_dayJSON_match_for_contour: x: 173, y: 394, w: 5, h: 5, area: 13.5
Matched with JSON#14: (175, 396, 4, 61.0, 27.3137, 0.549799)
Match with input JSON(nodules) ID: 14
Matched contour: {'x': 175, 'y': 396, 'd': 4, 'a': 61.0, 'p': 27.3137, 'e': 0.549799, 'id': 14, 'tq': 100}
JSON_entry: 14
Matched with first_id: 14 second_id: 8 name: 20230508_16
entry_id:20230508_16, entry saved to results list
created dirs at nodule_detection_path: output/crop988/nodules-last-detected-on/2023-05-08/16/detection and nodule_images_original_path: output/crop988/nodules-last-detected-on/2023-05-08/16
Segmented nodule image saved as output/crop988/nodules-last-detected-on/2023-05-08/16/detection/2023-05-05.jpg
Original nodule image saved as output/crop988/nodules-last-detected-on/2023-05-08/16/2023-05-05.jpg


@process_contour: max_id: 20230505_25
Moments: {'m00': 11.5, 'm10': 2093.833333333333, 'm01': 3283.833333333333, 'm20': 381243.9166666666, 'm11': 597894.625, 'm02': 937709.25, 'm30': 69419306.95, 'm21': 108864113.31666666, 'm12': 170730462.65, 'm03': 267768273.95000002, 'mu20': 14.522946860000957, 'mu11': -1.0006038645515218, 'mu02': 8.262077294872142, 'mu30': -0.7115382105112076, 'mu21': 1.0136140449676532, 'mu12': 0.6506650583378359, 'mu03': -0.37127360701560974, 'nu20': 0.10981434298677471, 'nu11': -0.007566002756533245, 'nu02': 0.062473174252341335, 'nu30': -0.0015865494992321728, 'nu21': 0.0022601018915101496, 'nu12': 0.0014508178299126016, 'nu03': -0.0008278458508440989}
Centroid: 182, 285
Processing contour#9: area: 11.5 centroid: 182, 285 rectangle: (180, 284, 5, 4)
@find_dayJSON_match_for_contour: x: 180, y: 284, w: 5, h: 4, area: 11.5
Matched with JSON#13: (182, 285, 4, 52.0, 25.4853, 0.590525)
Match with input JSON(nodules) ID: 13
Matched contour: {'x': 182, 'y': 285, 'd': 4, 'a': 52.0, 'p': 25.4853, 'e': 0.590525, 'id': 13, 'tq': 100}
JSON_entry: 13
Matched with first_id: 13 second_id: 10 name: 20230508_13
entry_id:20230508_13, entry saved to results list
created dirs at nodule_detection_path: output/crop988/nodules-last-detected-on/2023-05-08/13/detection and nodule_images_original_path: output/crop988/nodules-last-detected-on/2023-05-08/13
Segmented nodule image saved as output/crop988/nodules-last-detected-on/2023-05-08/13/detection/2023-05-05.jpg
Original nodule image saved as output/crop988/nodules-last-detected-on/2023-05-08/13/2023-05-05.jpg


@process_contour: max_id: 20230505_26
Moments: {'m00': 12.0, 'm10': 2172.0, 'm01': 2802.0, 'm20': 393148.0, 'm11': 507162.0, 'm02': 654276.0, 'm30': 71165580.0, 'm21': 91800058.0, 'm12': 118423956.0, 'm03': 152777649.0, 'mu20': 16.0, 'mu11': 0.0, 'mu02': 9.0, 'mu30': 0.0, 'mu21': 0.0, 'mu12': 0.0, 'mu03': 0.0, 'nu20': 0.1111111111111111, 'nu11': 0.0, 'nu02': 0.0625, 'nu30': 0.0, 'nu21': 0.0, 'nu12': 0.0, 'nu03': 0.0}
Centroid: 181, 233
Processing contour#10: area: 12.0 centroid: 181, 233 rectangle: (179, 232, 5, 4)
@find_dayJSON_match_for_contour: x: 179, y: 232, w: 5, h: 4, area: 12.0
Matched with JSON#12: (180, 233, 4, 66.0, 27.3137, 0.247095)
Match with input JSON(nodules) ID: 12
Matched contour: {'x': 180, 'y': 233, 'd': 4, 'a': 66.0, 'p': 27.3137, 'e': 0.247095, 'id': 12, 'tq': 100}
JSON_entry: 12
WARNING: match is empty
entry_id:20230505_26, entry saved to results list
created dirs at nodule_detection_path: output/crop988/nodules-last-detected-on/2023-05-05/26/detection and nodule_images_original_path: output/crop988/nodules-last-detected-on/2023-05-05/26
Segmented nodule image saved as output/crop988/nodules-last-detected-on/2023-05-05/26/detection/2023-05-05.jpg
Original nodule image saved as output/crop988/nodules-last-detected-on/2023-05-05/26/2023-05-05.jpg


@process_contour: max_id: 20230505_27
Moments: {'m00': 5.0, 'm10': 637.5, 'm01': 1144.3333333333333, 'm20': 81284.33333333333, 'm11': 145902.5, 'm02': 261901.16666666666, 'm30': 10364538.75, 'm21': 18603273.95, 'm12': 33392398.75, 'm03': 59941093.1, 'mu20': 3.0833333333284827, 'mu11': 0.0, 'mu02': 1.4111111111124046, 'mu30': 1.862645149230957e-09, 'mu21': -0.47222222185712326, 'mu12': -2.648448571562767e-09, 'mu03': 0.17629629373550415, 'nu20': 0.12333333333313933, 'nu11': 0.0, 'nu02': 0.05644444444449619, 'nu30': 3.332000937312528e-11, 'nu21': -0.008447367908468117, 'nu12': -4.737688832741251e-11, 'nu03': 0.0031536839757908613}
Centroid: 127, 228
Processing contour#11: area: 5.0 centroid: 127, 228 rectangle: (126, 228, 4, 3)
@find_dayJSON_match_for_contour: x: 126, y: 228, w: 4, h: 3, area: 5.0
Matched with JSON#11: (127, 228, 3, 34.0, 19.0711, 0.770986)
Match with input JSON(nodules) ID: 11
Matched contour: {'x': 127, 'y': 228, 'd': 3, 'a': 34.0, 'p': 19.0711, 'e': 0.770986, 'id': 11, 'tq': 100}
JSON_entry: 11
Matched with first_id: 11 second_id: 6 name: 20230508_11
entry_id:20230508_11, entry saved to results list
created dirs at nodule_detection_path: output/crop988/nodules-last-detected-on/2023-05-08/11/detection and nodule_images_original_path: output/crop988/nodules-last-detected-on/2023-05-08/11
Segmented nodule image saved as output/crop988/nodules-last-detected-on/2023-05-08/11/detection/2023-05-05.jpg
Original nodule image saved as output/crop988/nodules-last-detected-on/2023-05-08/11/2023-05-05.jpg


@process_contour: max_id: 20230505_28
Moments: {'m00': 12.5, 'm10': 2648.6666666666665, 'm01': 2373.6666666666665, 'm20': 561248.25, 'm11': 502968.2083333333, 'm02': 450756.9166666666, 'm30': 118930458.30000001, 'm21': 106579024.68333334, 'm12': 95513930.35, 'm03': 85600837.80000001, 'mu20': 13.441111111198552, 'mu11': 4.066111111140344, 'mu02': 13.441111111140344, 'mu30': -0.38367408514022827, 'mu21': 0.4996592508973663, 'mu12': 0.4996592550819514, 'mu03': -0.3836740553379059, 'nu20': 0.08602311111167074, 'nu11': 0.026023111111298205, 'nu02': 0.0860231111112982, 'nu30': -0.0006945242812625925, 'nu21': 0.0009044798581558227, 'nu12': 0.0009044798657307309, 'nu03': -0.0006945242273146264}
Centroid: 211, 189
Processing contour#12: area: 12.5 centroid: 211, 189 rectangle: (210, 188, 5, 5)
@find_dayJSON_match_for_contour: x: 210, y: 188, w: 5, h: 5, area: 12.5
Matched with JSON#10: (211, 189, 4, 63.0, 27.5563, 0.381734)
Match with input JSON(nodules) ID: 10
Matched contour: {'x': 211, 'y': 189, 'd': 4, 'a': 63.0, 'p': 27.5563, 'e': 0.381734, 'id': 10, 'tq': 100}
JSON_entry: 10
WARNING: match is empty
entry_id:20230505_28, entry saved to results list
created dirs at nodule_detection_path: output/crop988/nodules-last-detected-on/2023-05-05/28/detection and nodule_images_original_path: output/crop988/nodules-last-detected-on/2023-05-05/28
Segmented nodule image saved as output/crop988/nodules-last-detected-on/2023-05-05/28/detection/2023-05-05.jpg
Original nodule image saved as output/crop988/nodules-last-detected-on/2023-05-05/28/2023-05-05.jpg


@process_contour: max_id: 20230505_29
Moments: {'m00': 3.0, 'm10': 352.5, 'm01': 565.5, 'm20': 41421.0, 'm11': 66446.25, 'm02': 106597.0, 'm30': 4867496.25, 'm21': 7807858.5, 'm12': 12525147.5, 'm03': 20093628.75, 'mu20': 2.25, 'mu11': 0.0, 'mu02': 0.25, 'mu30': 0.0, 'mu21': 0.0, 'mu12': 0.0, 'mu03': 0.0, 'nu20': 0.25, 'nu11': 0.0, 'nu02': 0.027777777777777776, 'nu30': 0.0, 'nu21': 0.0, 'nu12': 0.0, 'nu03': 0.0}
Centroid: 117, 188
Processing contour#13: area: 3.0 centroid: 117, 188 rectangle: (116, 188, 4, 2)
@find_dayJSON_match_for_contour: x: 116, y: 188, w: 4, h: 2, area: 3.0
Matched with JSON#9: (118, 188, 2, 26.0, 15.6569, 0.544059)
Match with input JSON(nodules) ID: 9
Matched contour: {'x': 118, 'y': 188, 'd': 2, 'a': 26.0, 'p': 15.6569, 'e': 0.544059, 'id': 9, 'tq': 100}
JSON_entry: 9
WARNING: match is empty
entry_id:20230505_29, entry saved to results list
created dirs at nodule_detection_path: output/crop988/nodules-last-detected-on/2023-05-05/29/detection and nodule_images_original_path: output/crop988/nodules-last-detected-on/2023-05-05/29
Segmented nodule image saved as output/crop988/nodules-last-detected-on/2023-05-05/29/detection/2023-05-05.jpg
Original nodule image saved as output/crop988/nodules-last-detected-on/2023-05-05/29/2023-05-05.jpg


@process_contour: max_id: 20230505_30
Moments: {'m00': 4.5, 'm10': 538.8333333333333, 'm01': 783.8333333333333, 'm20': 64523.416666666664, 'm11': 93856.04166666666, 'm02': 136533.41666666666, 'm30': 7726826.45, 'm21': 11238845.816666666, 'm12': 16348354.15, 'm03': 23782537.950000003, 'mu20': 3.1141975308855763, 'mu11': -0.7422839506034506, 'mu02': 1.2623456790461205, 'mu30': -1.0494284443557262, 'mu21': 0.29906264059980003, 'mu12': 0.2922039295534091, 'mu03': -0.2798811197280884, 'nu20': 0.15378753238941117, 'nu11': -0.036655997560664226, 'nu02': 0.062338058224499775, 'nu30': -0.024429891995851306, 'nu21': 0.006961949668071568, 'nu12': 0.0068022841177472195, 'nu03': -0.006515418524635894}
Centroid: 119, 174
Processing contour#14: area: 4.5 centroid: 119, 174 rectangle: (118, 173, 4, 3)
@find_dayJSON_match_for_contour: x: 118, y: 173, w: 4, h: 3, area: 4.5
Matched with JSON#8: (120, 174, 2, 25.0, 16.4853, 0.485957)
Match with input JSON(nodules) ID: 8
Matched contour: {'x': 120, 'y': 174, 'd': 2, 'a': 25.0, 'p': 16.4853, 'e': 0.485957, 'id': 8, 'tq': 100}
JSON_entry: 8
WARNING: match is empty
entry_id:20230505_30, entry saved to results list
created dirs at nodule_detection_path: output/crop988/nodules-last-detected-on/2023-05-05/30/detection and nodule_images_original_path: output/crop988/nodules-last-detected-on/2023-05-05/30
Segmented nodule image saved as output/crop988/nodules-last-detected-on/2023-05-05/30/detection/2023-05-05.jpg
Original nodule image saved as output/crop988/nodules-last-detected-on/2023-05-05/30/2023-05-05.jpg


@process_contour: max_id: 20230505_31
Moments: {'m00': 0.0, 'm10': 0.0, 'm01': 0.0, 'm20': 0.0, 'm11': 0.0, 'm02': 0.0, 'm30': 0.0, 'm21': 0.0, 'm12': 0.0, 'm03': 0.0, 'mu20': 0.0, 'mu11': 0.0, 'mu02': 0.0, 'mu30': 0.0, 'mu21': 0.0, 'mu12': 0.0, 'mu03': 0.0, 'nu20': 0.0, 'nu11': 0.0, 'nu02': 0.0, 'nu30': 0.0, 'nu21': 0.0, 'nu12': 0.0, 'nu03': 0.0}
Skipping contour#15 because area is 0.


@process_contour: max_id: 20230505_32
Moments: {'m00': 10.5, 'm10': 1276.8333333333333, 'm01': 1331.1666666666665, 'm20': 155274.75, 'm11': 161875.9583333333, 'm02': 168774.0833333333, 'm30': 18883789.45, 'm21': 19685841.183333334, 'm12': 20523939.483333334, 'm03': 21399779.55, 'mu20': 7.763227513234597, 'mu11': 1.8657407407590654, 'mu02': 11.73148148151813, 'mu30': -1.151935838162899, 'mu21': -0.3266607858174666, 'mu12': 2.09032921918174, 'mu03': 1.7362139895558357, 'nu20': 0.07041476202480358, 'nu11': 0.016922818510286305, 'nu02': 0.10640799529721659, 'nu30': -0.003224445510565541, 'nu21': -0.0009143737605965441, 'nu12': 0.005851152853394763, 'nu03': 0.0048599298837100026}
Centroid: 121, 126
Processing contour#16: area: 10.5 centroid: 121, 126 rectangle: (120, 125, 4, 5)
@find_dayJSON_match_for_contour: x: 120, y: 125, w: 4, h: 5, area: 10.5
Matched with JSON#6: (121, 126, 4, 53.0, 23.8995, 0.280222)
Match with input JSON(nodules) ID: 6
Matched contour: {'x': 121, 'y': 126, 'd': 4, 'a': 53.0, 'p': 23.8995, 'e': 0.280222, 'id': 6, 'tq': 100}
JSON_entry: 6
Matched with first_id: 6 second_id: 4 name: 20230505_5
entry_id:20230505_5, entry saved to results list
created dirs at nodule_detection_path: output/crop988/nodules-last-detected-on/2023-05-05/5/detection and nodule_images_original_path: output/crop988/nodules-last-detected-on/2023-05-05/5
Segmented nodule image saved as output/crop988/nodules-last-detected-on/2023-05-05/5/detection/2023-05-05.jpg
Original nodule image saved as output/crop988/nodules-last-detected-on/2023-05-05/5/2023-05-05.jpg


@process_contour: max_id: 20230505_33
Moments: {'m00': 30.5, 'm10': 3767.833333333333, 'm01': 2889.1666666666665, 'm20': 465546.0833333333, 'm11': 356912.125, 'm02': 273748.4166666666, 'm30': 57532433.95, 'm21': 44099030.68333333, 'm12': 33817167.983333334, 'm03': 25944003.55, 'mu20': 84.83652094722493, 'mu11': -2.5790072859381326, 'mu02': 66.97313296899665, 'mu30': -3.778823897242546, 'mu21': -11.651901130055194, 'mu12': 3.822673613578445, 'mu03': 10.318105459213257, 'nu20': 0.0911975500642031, 'nu11': -0.002772380850242551, 'nu02': 0.07199476803977066, 'nu30': -0.0007355412861062109, 'nu21': -0.002268021632084304, 'nu12': 0.0007440765546517061, 'nu03': 0.0020084006998016784}
Centroid: 123, 94
Processing contour#17: area: 30.5 centroid: 123, 94 rectangle: (120, 92, 8, 7)
@find_dayJSON_match_for_contour: x: 120, y: 92, w: 8, h: 7, area: 30.5
Matched with JSON#5: (123, 94, 5, 107.0, 36.3848, 0.311122)
Match with input JSON(nodules) ID: 5
Matched contour: {'x': 123, 'y': 94, 'd': 5, 'a': 107.0, 'p': 36.3848, 'e': 0.311122, 'id': 5, 'tq': 100}
JSON_entry: 5
Matched with first_id: 5 second_id: 5 name: 20230517_8
entry_id:20230517_8, entry saved to results list
created dirs at nodule_detection_path: output/crop988/nodules-last-detected-on/2023-05-17/8/detection and nodule_images_original_path: output/crop988/nodules-last-detected-on/2023-05-17/8
Segmented nodule image saved as output/crop988/nodules-last-detected-on/2023-05-17/8/detection/2023-05-05.jpg
Original nodule image saved as output/crop988/nodules-last-detected-on/2023-05-17/8/2023-05-05.jpg


@process_contour: max_id: 20230505_34
Moments: {'m00': 28.5, 'm10': 3821.1666666666665, 'm01': 2449.1666666666665, 'm20': 512389.4166666666, 'm11': 328374.875, 'm02': 210540.75, 'm30': 68715924.55, 'm21': 44032614.516666666, 'm12': 28228515.683333334, 'm03': 18104995.55, 'mu20': 62.58528265112545, 'mu11': 0.3477095517446287, 'mu02': 69.9653996101988, 'mu30': 6.7636412382125854, 'mu21': -7.8329850834879835, 'mu12': -10.599904823235192, 'mu03': 9.55968103557825, 'nu20': 0.07705174841628248, 'nu11': 0.0004280819350503277, 'nu02': 0.08613776498639433, 'nu30': 0.0015597981947279157, 'nu21': -0.0018064050948663332, 'nu12': -0.002444498728607804, 'nu03': 0.002204607355166312}
Centroid: 134, 85
Processing contour#18: area: 28.5 centroid: 134, 85 rectangle: (131, 83, 7, 7)
@find_dayJSON_match_for_contour: x: 131, y: 83, w: 7, h: 7, area: 28.5
Matched with JSON#4: (134, 85, 6, 129.0, 40.1421, 0.284541)
Match with input JSON(nodules) ID: 4
Matched contour: {'x': 134, 'y': 85, 'd': 6, 'a': 129.0, 'p': 40.1421, 'e': 0.284541, 'id': 4, 'tq': 100}
JSON_entry: 4
Matched with first_id: 4 second_id: 0 name: 20230602_8
entry_id:20230602_8, entry saved to results list
created dirs at nodule_detection_path: output/crop988/nodules-last-detected-on/2023-06-02/8/detection and nodule_images_original_path: output/crop988/nodules-last-detected-on/2023-06-02/8
Segmented nodule image saved as output/crop988/nodules-last-detected-on/2023-06-02/8/detection/2023-05-05.jpg
Original nodule image saved as output/crop988/nodules-last-detected-on/2023-06-02/8/2023-05-05.jpg


@process_contour: max_id: 20230505_35
Moments: {'m00': 24.0, 'm10': 4428.0, 'm01': 2030.1666666666665, 'm20': 817013.3333333333, 'm11': 374565.75, 'm02': 171779.5, 'm30': 150756426.0, 'm21': 69111390.71666667, 'm12': 31693317.75, 'm03': 14538848.15, 'mu20': 47.33333333325572, 'mu11': 0.0, 'mu02': 47.13773148151813, 'mu30': 2.9802322387695312e-08, 'mu21': 5.9018518604038945, 'mu12': -4.2782630771398544e-09, 'mu03': -2.2591274473816156, 'nu20': 0.08217592592579118, 'nu11': 0.0, 'nu02': 0.08183633937763564, 'nu30': 1.0561412471032573e-11, 'nu21': 0.0020915112261986626, 'nu12': -1.5161402668376838e-12, 'nu03': -0.0008005945471645271}
Centroid: 184, 84
Processing contour#19: area: 24.0 centroid: 184, 84 rectangle: (182, 82, 6, 6)
@find_dayJSON_match_for_contour: x: 182, y: 82, w: 6, h: 6, area: 24.0
Matched with JSON#3: (184, 85, 5, 104.0, 34.9706, 0.473095)
Match with input JSON(nodules) ID: 3
Matched contour: {'x': 184, 'y': 85, 'd': 5, 'a': 104.0, 'p': 34.9706, 'e': 0.473095, 'id': 3, 'tq': 100}
JSON_entry: 3
Matched with first_id: 3 second_id: 3 name: 20230510_7
entry_id:20230510_7, entry saved to results list
created dirs at nodule_detection_path: output/crop988/nodules-last-detected-on/2023-05-10/7/detection and nodule_images_original_path: output/crop988/nodules-last-detected-on/2023-05-10/7
Segmented nodule image saved as output/crop988/nodules-last-detected-on/2023-05-10/7/detection/2023-05-05.jpg
Original nodule image saved as output/crop988/nodules-last-detected-on/2023-05-10/7/2023-05-05.jpg


@process_contour: max_id: 20230505_36
Moments: {'m00': 25.0, 'm10': 3165.333333333333, 'm01': 1609.8333333333333, 'm20': 400828.5, 'm11': 203825.25, 'm02': 103710.0, 'm30': 50764188.6, 'm21': 25810392.95, 'm12': 13130920.783333333, 'm03': 6684349.850000001, 'mu20': 55.095555555599276, 'mu11': -1.1144444444216788, 'mu02': 47.465555555565516, 'mu30': 4.456118509173393, 'mu21': -8.052948152504541, 'mu12': -4.491081483187372, 'mu03': 4.319318518042564, 'nu20': 0.08815288888895885, 'nu11': -0.001783111111074686, 'nu02': 0.07594488888890483, 'nu30': 0.001425957922935486, 'nu21': -0.0025769434088014536, 'nu12': -0.0014371460746199591, 'nu03': 0.0013821819257736206}
Centroid: 126, 64
Processing contour#20: area: 25.0 centroid: 126, 64 rectangle: (124, 62, 7, 6)
@find_dayJSON_match_for_contour: x: 124, y: 62, w: 7, h: 6, area: 25.0
Matched with JSON#2: (126, 64, 6, 116.0, 36.9706, 0.258065)
Match with input JSON(nodules) ID: 2
Matched contour: {'x': 126, 'y': 64, 'd': 6, 'a': 116.0, 'p': 36.9706, 'e': 0.258065, 'id': 2, 'tq': 100}
JSON_entry: 2
Matched with first_id: 2 second_id: 2 name: 20230512_4
entry_id:20230512_4, entry saved to results list
created dirs at nodule_detection_path: output/crop988/nodules-last-detected-on/2023-05-12/4/detection and nodule_images_original_path: output/crop988/nodules-last-detected-on/2023-05-12/4
Segmented nodule image saved as output/crop988/nodules-last-detected-on/2023-05-12/4/detection/2023-05-05.jpg
Original nodule image saved as output/crop988/nodules-last-detected-on/2023-05-12/4/2023-05-05.jpg


@process_contour: max_id: 20230505_37
Moments: {'m00': 32.0, 'm10': 4391.0, 'm01': 2032.0, 'm20': 602599.3333333333, 'm11': 278828.5, 'm02': 129131.33333333333, 'm30': 82707610.5, 'm21': 38265057.666666664, 'm12': 17719261.333333332, 'm03': 8212455.0, 'mu20': 71.80208333325572, 'mu11': 0.0, 'mu02': 99.33333333332848, 'mu30': -21.955078095197678, 'mu21': 2.444721758365631e-09, 'mu12': 21.18749999942338, 'mu03': 9.313225746154785e-10, 'nu20': 0.07011922200513254, 'nu11': 0.0, 'nu02': 0.0970052083333286, 'nu30': -0.0037901817877428, 'nu21': 4.2204085289419876e-13, 'nu12': 0.003657672101069884, 'nu03': 1.6077746776921858e-13}
Centroid: 137, 63
Processing contour#21: area: 32.0 centroid: 137, 63 rectangle: (134, 60, 7, 8)
@find_dayJSON_match_for_contour: x: 134, y: 60, w: 7, h: 8, area: 32.0
Matched with JSON#1: (137, 63, 6, 124.0, 38.9706, 0.294297)
Match with input JSON(nodules) ID: 1
Matched contour: {'x': 137, 'y': 63, 'd': 6, 'a': 124.0, 'p': 38.9706, 'e': 0.294297, 'id': 1, 'tq': 100}
JSON_entry: 1
Matched with first_id: 1 second_id: 1 name: 20230512_3
entry_id:20230512_3, entry saved to results list
created dirs at nodule_detection_path: output/crop988/nodules-last-detected-on/2023-05-12/3/detection and nodule_images_original_path: output/crop988/nodules-last-detected-on/2023-05-12/3
Segmented nodule image saved as output/crop988/nodules-last-detected-on/2023-05-12/3/detection/2023-05-05.jpg
Original nodule image saved as output/crop988/nodules-last-detected-on/2023-05-12/3/2023-05-05.jpg


@process_contour: max_id: 20230505_38
Moments: {'m00': 3.0, 'm10': 221.33333333333331, 'm01': 142.5, 'm20': 16330.5, 'm11': 10513.333333333332, 'm02': 6769.666666666666, 'm30': 1204978.6, 'm21': 775698.75, 'm12': 499450.61666666664, 'm03': 321646.25, 'mu20': 1.018518518521887, 'mu11': 0.0, 'mu02': 0.9166666666660603, 'mu30': 0.31193415611051023, 'mu21': -9.094947017729282e-12, 'mu12': -0.34629629620110336, 'mu03': 5.820766091346741e-11, 'nu20': 0.11316872428020966, 'nu11': 0.0, 'nu02': 0.10185185185178447, 'nu30': 0.020010585444426868, 'nu21': -5.834411232168206e-13, 'nu12': -0.022214917759008596, 'nu03': 3.734023188587651e-12}
Centroid: 73, 47
Processing contour#22: area: 3.0 centroid: 73, 47 rectangle: (73, 46, 3, 4)
@find_dayJSON_match_for_contour: x: 73, y: 46, w: 3, h: 4, area: 3.0
Matched with JSON#0: (73, 47, 2, 17.0, 13.0711, 0.540657)
Match with input JSON(nodules) ID: 0
Matched contour: {'x': 73, 'y': 47, 'd': 2, 'a': 17.0, 'p': 13.0711, 'e': 0.540657, 'id': 0, 'tq': 100}
JSON_entry: 0
WARNING: match is empty
entry_id:20230505_38, entry saved to results list
created dirs at nodule_detection_path: output/crop988/nodules-last-detected-on/2023-05-05/38/detection and nodule_images_original_path: output/crop988/nodules-last-detected-on/2023-05-05/38
Segmented nodule image saved as output/crop988/nodules-last-detected-on/2023-05-05/38/detection/2023-05-05.jpg
Original nodule image saved as output/crop988/nodules-last-detected-on/2023-05-05/38/2023-05-05.jpg


Done analyzing contours, found 21 nodules.


results_entry: {'date': '20230505', 'json': 'output/crop988/20230505/20230505.json', 'log': 'output/crop988/20230505/crop988_20230505.log', 'image': 'data/crop988/20230505.jpg', 'plot': 'output/crop988/plots/20230503_20230505.png', 'match_stats': {'i_dict': {0: 7, 1: 4, 2: 1, 3: 3, 5: 1, 12: 1}, 'average_tracking_quality': 35.5, 'distance_threshold': 20, 'lengths': {'matching': 17, 'unmatched_current': 6, 'unmatched_previous': 0}, 'averages': {'tq': -315.6471, 'i': 1.8824, 'dx': -18.0, 'dy': -32.7647, 'dd': -1.0, 'da': -96.5882, 'dp': -10.7171, 'de': -0.0682}}}
