Current memory usage: 3571.1015625 MB
@analyze_image: file_name: data/crop1012/20230508.jpg, output_dir: output/crop1012, external_logger: <Logger data_crop1012.log (DEBUG)>
Loaded image & JSON file: data/crop1012/20230508.jpg
Scaled JSON data: scalar_position: 0.5, scalar_size: 0.5

@find_prev_next_date: image_output_dir: output/crop1012/20230508
data_dir: data/crop1012
Previous date file: data/crop1012/20230505.json, Next date file: data/crop1012/20230510.json


Loaded prev_results from JSON file: 20230505, length: 12
Scaled JSON data: scalar_position: 0.5, scalar_size: 0.5
Loaded next_results from JSON file: 20230510, length: 16
Scaled JSON data: scalar_position: 0.5, scalar_size: 0.5
prev_results is not empty, generating matching
Current memory usage: 3571.1015625 MB
current_date:20230508, generating Matching: 20230505_20230508_matching.json
spatial_distances: (15, 12), attribute_distances: (15, 12)
combined_distances: (15, 12)
Current memory usage: 3571.1015625 MB

@find_matching: combined_distances: (15, 12), next_matching: [{'id': '20230524_0', 'p': {'id': 0, 'tq': 1.0, 'dx': 2, 'dy': -1, 'dd': 1, 'da': 59.0, 'dp': 14.24, 'de': 0.24}, 'c': {'id': 0}, 'n': {'id': 0, 'dx': 1, 'dy': -1, 'dd': 0, 'da': -16.0, 'dp': -3.17, 'de': 0.03}, 'i': 6}, {'id': '20230515_1', 'p': {'id': 1, 'tq': 48.0, 'dx': 2, 'dy': 0, 'dd': 1, 'da': 29.0, 'dp': 7.66, 'de': 0.09}, 'c': {'id': 1}, 'n': {'id': 1, 'dx': 0, 'dy': -3, 'dd': 0, 'da': -4.0, 'dp': -0.59, 'de': -0.11}, 'i': 2}, {'id': '20230510_2', 'p': {'id': 2, 'tq': 83.0, 'dx': 3, 'dy': 3, 'dd': 0, 'da': -1.0, 'dp': -0.83, 'de': 0.16}, 'c': {'id': 2}, 'n': {}, 'i': 0}, {'id': '20230519_8', 'p': {'id': 4, 'tq': 41.0, 'dx': 2, 'dy': 2, 'dd': 1, 'da': 32.0, 'dp': 8.24, 'de': 0.1}, 'c': {'id': 3}, 'n': {'id': 4, 'dx': 0, 'dy': -4, 'dd': 0, 'da': -10.0, 'dp': -2.59, 'de': -0.23}, 'i': 4}, {'id': '20230510_4', 'p': {'id': 3, 'tq': -542.0, 'dx': -126, 'dy': 88, 'dd': -2, 'da': -68.0, 'dp': -12.83, 'de': -0.05}, 'c': {'id': 4}, 'n': {}, 'i': 0}, {'id': '20230524_14', 'p': {'id': 6, 'tq': 39.0, 'dx': 1, 'dy': 0, 'dd': 1, 'da': 37.0, 'dp': 9.31, 'de': -0.18}, 'c': {'id': 5}, 'n': {'id': 6, 'dx': 1, 'dy': -2, 'dd': 1, 'da': 55.0, 'dp': 7.76, 'de': -0.08}, 'i': 6}, {'id': '20230510_6', 'p': {'id': 5, 'tq': -179.0, 'dx': 31, 'dy': 70, 'dd': 0, 'da': 7.0, 'dp': 1.41, 'de': -0.08}, 'c': {'id': 6}, 'n': {}, 'i': 0}, {'id': '20230510_7', 'p': {'id': 7, 'tq': -151.0, 'dx': 45, 'dy': 32, 'dd': 2, 'da': 34.0, 'dp': 17.28, 'de': -0.21}, 'c': {'id': 7}, 'n': {}, 'i': 0}, {'id': '20230512_8', 'p': {'id': 8, 'tq': -148.0, 'dx': 49, 'dy': 14, 'dd': 3, 'da': 43.0, 'dp': 16.49, 'de': -0.09}, 'c': {'id': 8}, 'n': {'id': 16, 'dx': -1, 'dy': 15, 'dd': -2, 'da': -26.0, 'dp': -6.0, 'de': 0.22}, 'i': 1}, {'id': '20230510_9', 'p': {'id': 9, 'tq': 28.0, 'dx': -8, 'dy': 14, 'dd': 1, 'da': 10.0, 'dp': 3.17, 'de': 0.11}, 'c': {'id': 9}, 'n': {}, 'i': 0}, {'id': '20230510_10', 'p': {'id': 11, 'tq': 89.0, 'dx': 1, 'dy': 1, 'dd': 0, 'da': -4.0, 'dp': -0.83, 'de': -0.15}, 'c': {'id': 10}, 'n': {}, 'i': 0}, {'id': '20230510_11', 'p': {'id': 12, 'tq': 98.0, 'dx': 0, 'dy': 0, 'dd': 0, 'da': -1.0, 'dp': -0.59, 'de': 0.09}, 'c': {'id': 11}, 'n': {}, 'i': 0}, {'id': '20230510_12', 'p': {'id': 10, 'tq': -872.0, 'dx': -10, 'dy': 215, 'dd': 4, 'da': 142.0, 'dp': 33.9, 'de': 0.29}, 'c': {'id': 12}, 'n': {}, 'i': 0}, {'id': '20230522_88', 'p': {'id': 13, 'tq': 19.0, 'dx': -1, 'dy': 0, 'dd': 1, 'da': 51.0, 'dp': 7.07, 'de': 0.08}, 'c': {'id': 14}, 'n': {'id': 25, 'dx': 6, 'dy': -1, 'dd': 0, 'da': 0.0, 'dp': -0.24, 'de': 0.04}, 'i': 5}, {'id': '20230512_15', 'p': {'id': 14, 'tq': -344.0, 'dx': 40, 'dy': -8, 'dd': -4, 'da': -182.0, 'dp': -84.55, 'de': -0.19}, 'c': {'id': 15}, 'n': {'id': 26, 'dx': 5, 'dy': 0, 'dd': 1, 'da': 26.0, 'dp': 4.59, 'de': -0.03}, 'i': 1}], current_date_string: 20230508, distance_threshold: 20
matched entry: {'id': '20230524_0', 'p': {'id': 0, 'tq': 1.0, 'dx': 2, 'dy': -1, 'dd': 1, 'da': 59.0, 'dp': 14.24, 'de': 0.24}, 'c': {'id': 0}, 'n': {'id': 0, 'dx': 1, 'dy': -1, 'dd': 0, 'da': -16.0, 'dp': -3.17, 'de': 0.03}, 'i': 6}, len(matching): 0
matched entry: {'id': '20230515_1', 'p': {'id': 1, 'tq': 48.0, 'dx': 2, 'dy': 0, 'dd': 1, 'da': 29.0, 'dp': 7.66, 'de': 0.09}, 'c': {'id': 1}, 'n': {'id': 1, 'dx': 0, 'dy': -3, 'dd': 0, 'da': -4.0, 'dp': -0.59, 'de': -0.11}, 'i': 2}, len(matching): 1
matched entry: {'id': '20230510_2', 'p': {'id': 2, 'tq': 83.0, 'dx': 3, 'dy': 3, 'dd': 0, 'da': -1.0, 'dp': -0.83, 'de': 0.16}, 'c': {'id': 2}, 'n': {}, 'i': 0}, len(matching): 2
matched entry: {'id': '20230519_8', 'p': {'id': 4, 'tq': 41.0, 'dx': 2, 'dy': 2, 'dd': 1, 'da': 32.0, 'dp': 8.24, 'de': 0.1}, 'c': {'id': 3}, 'n': {'id': 4, 'dx': 0, 'dy': -4, 'dd': 0, 'da': -10.0, 'dp': -2.59, 'de': -0.23}, 'i': 4}, len(matching): 3
tq < 0
tq < 0
matched entry: {'id': '20230510_9', 'p': {'id': 9, 'tq': 28.0, 'dx': -8, 'dy': 14, 'dd': 1, 'da': 10.0, 'dp': 3.17, 'de': 0.11}, 'c': {'id': 9}, 'n': {}, 'i': 0}, len(matching): 6
tq < 0
matched entry: {'id': '20230510_10', 'p': {'id': 11, 'tq': 89.0, 'dx': 1, 'dy': 1, 'dd': 0, 'da': -4.0, 'dp': -0.83, 'de': -0.15}, 'c': {'id': 10}, 'n': {}, 'i': 0}, len(matching): 8
matched entry: {'id': '20230510_11', 'p': {'id': 12, 'tq': 98.0, 'dx': 0, 'dy': 0, 'dd': 0, 'da': -1.0, 'dp': -0.59, 'de': 0.09}, 'c': {'id': 11}, 'n': {}, 'i': 0}, len(matching): 9
matched entry: {'id': '20230522_88', 'p': {'id': 13, 'tq': 19.0, 'dx': -1, 'dy': 0, 'dd': 1, 'da': 51.0, 'dp': 7.07, 'de': 0.08}, 'c': {'id': 14}, 'n': {'id': 25, 'dx': 6, 'dy': -1, 'dd': 0, 'da': 0.0, 'dp': -0.24, 'de': 0.04}, 'i': 5}, len(matching): 10
tq < 0
i_dict: {0: 4, 1: 4, 3: 1, 5: 1, 6: 1, 7: 1}
tq_average: -258.5, dx_average: -20.1667, dy_average: -55.0, dd_average: 0.1667, da_average: 7.5833, dp_average: 5.535, de_average: 0.0675
average_tracking_quality: 41.6667
@find_matching:
Returning:
Matching(lenght=12): [{'id': '20230524_0', 'p': {'id': 0, 'tq': 49.0, 'dx': -3, 'dy': -1, 'dd': 0, 'da': -26.0, 'dp': -7.07, 'de': -0.1}, 'c': {'id': 0}, 'n': {'id': 0, 'dx': 2, 'dy': -1, 'dd': 1, 'da': 59.0, 'dp': 14.24, 'de': 0.24}, 'i': 7}, {'id': '20230515_1', 'p': {'id': 1, 'tq': 53.0, 'dx': -3, 'dy': -1, 'dd': -1, 'da': -23.0, 'dp': -5.66, 'de': -0.09}, 'c': {'id': 1}, 'n': {'id': 1, 'dx': 2, 'dy': 0, 'dd': 1, 'da': 29.0, 'dp': 7.66, 'de': 0.09}, 'i': 3}, {'id': '20230510_2', 'p': {'id': 2, 'tq': 23.0, 'dx': -7, 'dy': -6, 'dd': -2, 'da': -29.0, 'dp': -6.24, 'de': 0.1}, 'c': {'id': 2}, 'n': {'id': 2, 'dx': 3, 'dy': 3, 'dd': 0, 'da': -1.0, 'dp': -0.83, 'de': 0.16}, 'i': 1}, {'id': '20230519_8', 'p': {'id': 3, 'tq': -5.0, 'dx': -10, 'dy': -1, 'dd': -1, 'da': -45.0, 'dp': -11.07, 'de': 0.32}, 'c': {'id': 4}, 'n': {'id': 3, 'dx': 2, 'dy': 2, 'dd': 1, 'da': 32.0, 'dp': 8.24, 'de': 0.1}, 'i': 5}, {'id': '20230508_4', 'p': {'id': 4, 'tq': -17.0, 'dx': -13, 'dy': -5, 'dd': 2, 'da': 43.0, 'dp': 14.83, 'de': -0.11}, 'c': {'id': 5}, 'n': {}, 'i': 0}, {'id': '20230508_5', 'p': {'id': 8, 'tq': -740.0, 'dx': -27, 'dy': -237, 'dd': 0, 'da': -3.0, 'dp': -2.0, 'de': -0.1}, 'c': {'id': 8}, 'n': {}, 'i': 0}, {'id': '20230510_9', 'p': {'id': 5, 'tq': -261.0, 'dx': -43, 'dy': -62, 'dd': -3, 'da': -62.0, 'dp': -17.07, 'de': 0.32}, 'c': {'id': 9}, 'n': {'id': 9, 'dx': -8, 'dy': 14, 'dd': 1, 'da': 10.0, 'dp': 3.17, 'de': 0.11}, 'i': 1}, {'id': '20230508_7', 'p': {'id': 7, 'tq': -666.0, 'dx': 14, 'dy': -213, 'dd': 0, 'da': -12.0, 'dp': -3.41, 'de': 0.04}, 'c': {'id': 10}, 'n': {}, 'i': 0}, {'id': '20230510_10', 'p': {'id': 6, 'tq': -342.0, 'dx': 65, 'dy': -89, 'dd': -1, 'da': -37.0, 'dp': -5.17, 'de': 0.14}, 'c': {'id': 11}, 'n': {'id': 10, 'dx': 1, 'dy': 1, 'dd': 0, 'da': -4.0, 'dp': -0.83, 'de': -0.15}, 'i': 1}, {'id': '20230510_11', 'p': {'id': 9, 'tq': -295.0, 'dx': -19, 'dy': -92, 'dd': 2, 'da': 43.0, 'dp': 9.41, 'de': -0.29}, 'c': {'id': 12}, 'n': {'id': 11, 'dx': 0, 'dy': 0, 'dd': 0, 'da': -1.0, 'dp': -0.59, 'de': 0.09}, 'i': 1}, {'id': '20230522_88', 'p': {'id': 10, 'tq': -159.0, 'dx': -38, 'dy': 10, 'dd': 2, 'da': 79.0, 'dp': 16.73, 'de': 0.07}, 'c': {'id': 13}, 'n': {'id': 14, 'dx': -1, 'dy': 0, 'dd': 1, 'da': 51.0, 'dp': 7.07, 'de': 0.08}, 'i': 6}, {'id': '20230508_11', 'p': {'id': 11, 'tq': -742.0, 'dx': -158, 'dy': 37, 'dd': 4, 'da': 163.0, 'dp': 83.14, 'de': 0.51}, 'c': {'id': 14}, 'n': {}, 'i': 0}]
Unmatched current(length=3): {3, 6, 7}
Unmatched previous(length=0): set()
Distance threshold: 20



@plot_data: normalized_points: (15, 2), normalized_prev_points: (12, 2), current_points: (15, 2), prev_points: (12, 2), current_data: 15, prev_data: 12, matching: 12, unmatched_current: 3, unmatched_prev: 0, combined_distances: (15, 12), distance_threshold: 20, current_date_string: 20230508, previous_date_string: 20230505, filename: output/crop1012/plots/20230505_20230508.png
Plots created
Plotted the normalized points
Drawing lines between the matched points
Plotting the unmatched points
Plotted the original points with diameter as size
Drawing lines between the matched points and add the indices to the plots with color coding
Setting the titles and labels
Done plotting

@process_image: output_dir: output/crop1012/20230508, image_name: 20230508, date_string: 20230508
len(json_data) = 15 json_data entries
len(matching) = 12 matching entries, setting max_id_i to 12
crop_dir: output/crop1012
nodules_dir: output/crop1012/nodules-last-detected-on
Split image into left and right images: (705, 300, 3), (705, 300, 3)
Converted right image to HSV: (705, 300, 3)
Created mask to detect nodules: (705, 300)

Found 15 contours in mask, processing each contour...

@process_contour: max_id: 20230508_12
Moments: {'m00': 19.5, 'm10': 121.66666666666666, 'm01': 13712.166666666666, 'm20': 1013.0833333333333, 'm11': 85565.20833333333, 'm02': 9642237.25, 'm30': 9782.800000000001, 'm21': 712547.6666666666, 'm12': 60175960.766666666, 'm03': 6780313910.25, 'mu20': 253.96652421652425, 'mu11': 10.664173789176857, 'mu02': 5.727207977324724, 'mu30': 292.6977889789887, 'mu21': 26.51472593579092, 'mu12': -4.529404388788414, 'mu03': -1.3603744506835938, 'nu20': 0.6678935548100571, 'nu11': 0.028045164468578188, 'nu02': 0.015061690933135368, 'nu30': 0.17431425872757925, 'nu21': 0.015790672054561018, 'nu12': -0.0026974572348606764, 'nu03': -0.0008101621293076151}
Centroid: 6, 703
Processing contour#1: area: 19.5 centroid: 6, 703 rectangle: (0, 702, 27, 3)
@find_dayJSON_match_for_contour: x: 0, y: 702, w: 27, h: 3, area: 19.5
Matched with JSON#14: (9, 703, 8, 240.0, 113.2782, 0.993339)
Match with input JSON(nodules) ID: 14
Matched contour: {'x': 9, 'y': 703, 'd': 8, 'a': 240.0, 'p': 113.2782, 'e': 0.993339, 'id': 14, 'tq': 100}
JSON_entry: 14
Matched with first_id: 14 second_id: 11 name: 20230508_11
entry_id:20230508_11, entry saved to results list
WARNING: right_nodule_img.shape != (50, 50, 3) != (27, 31, 3)
@process_contour: max_id: 20230508_13
Moments: {'m00': 34.5, 'm10': 4743.333333333333, 'm01': 22956.666666666664, 'm20': 652241.5833333333, 'm11': 3156267.458333333, 'm02': 15275715.583333332, 'm30': 89700246.7, 'm21': 434009311.68333334, 'm12': 2100230448.8166666, 'm03': 10164764044.300001, 'mu20': 90.53663446055725, 'mu11': 3.046095008496195, 'mu02': 105.59943639673293, 'mu30': 10.9178736358881, 'mu21': -7.505368036079744, 'mu12': -8.3810123924668, 'mu03': 10.575017929077148, 'nu20': 0.07606522533968264, 'nu11': 0.0025592060562874986, 'nu02': 0.08872038344611043, 'nu30': 0.0015616738054271806, 'nu21': -0.0010735548929150759, 'nu12': -0.0011988055506754662, 'nu03': 0.0015126323167431682}
Centroid: 137, 665
Processing contour#2: area: 34.5 centroid: 137, 665 rectangle: (134, 662, 8, 8)
@find_dayJSON_match_for_contour: x: 134, y: 662, w: 8, h: 8, area: 34.5
Matched with JSON#13: (137, 665, 6, 142.0, 43.2132, 0.513837)
Match with input JSON(nodules) ID: 13
Matched contour: {'x': 137, 'y': 665, 'd': 6, 'a': 142.0, 'p': 43.2132, 'e': 0.513837, 'id': 13, 'tq': 100}
JSON_entry: 13
Matched with first_id: 13 second_id: 10 name: 20230522_88
entry_id:20230522_88, entry saved to results list
created dirs at nodule_detection_path: output/crop1012/nodules-last-detected-on/2023-05-22/88/detection and nodule_images_original_path: output/crop1012/nodules-last-detected-on/2023-05-22/88
Segmented nodule image saved as output/crop1012/nodules-last-detected-on/2023-05-22/88/detection/2023-05-08.jpg
Original nodule image saved as output/crop1012/nodules-last-detected-on/2023-05-22/88/2023-05-08.jpg


@process_contour: max_id: 20230508_14
Moments: {'m00': 22.0, 'm10': 3611.6666666666665, 'm01': 12206.166666666666, 'm20': 592960.6666666666, 'm11': 2003853.0, 'm02': 6772333.5, 'm30': 97359287.9, 'm21': 328992263.3833333, 'm12': 1111799520.2166667, 'm03': 3757507032.15, 'mu20': 45.388888888875954, 'mu11': 7.305555555969477, 'mu02': 37.83207070827484, 'mu30': 9.10370372235775, 'mu21': 13.629966271801095, 'mu12': -2.6541247963905334, 'mu03': -12.957764148712158, 'nu20': 0.0937786960513966, 'nu11': 0.015094123049523712, 'nu02': 0.0781654353476753, 'nu30': 0.004010157345239483, 'nu21': 0.006003963993906617, 'nu12': -0.0011691349336521704, 'nu03': -0.005707860741472064}
Centroid: 164, 554
Processing contour#3: area: 22.0 centroid: 164, 554 rectangle: (161, 552, 7, 6)
@find_dayJSON_match_for_contour: x: 161, y: 552, w: 7, h: 6, area: 22.0
Matched with JSON#12: (164, 555, 5, 85.0, 31.3137, 0.212394)
Match with input JSON(nodules) ID: 12
Matched contour: {'x': 164, 'y': 555, 'd': 5, 'a': 85.0, 'p': 31.3137, 'e': 0.212394, 'id': 12, 'tq': 100}
JSON_entry: 12
Matched with first_id: 12 second_id: 9 name: 20230510_11
entry_id:20230510_11, entry saved to results list
created dirs at nodule_detection_path: output/crop1012/nodules-last-detected-on/2023-05-10/11/detection and nodule_images_original_path: output/crop1012/nodules-last-detected-on/2023-05-10/11
Segmented nodule image saved as output/crop1012/nodules-last-detected-on/2023-05-10/11/detection/2023-05-08.jpg
Original nodule image saved as output/crop1012/nodules-last-detected-on/2023-05-10/11/2023-05-08.jpg


@process_contour: max_id: 20230508_15
Moments: {'m00': 32.5, 'm10': 8707.5, 'm01': 13088.166666666666, 'm20': 2333048.083333333, 'm11': 3506634.0416666665, 'm02': 5270844.416666666, 'm30': 625135197.85, 'm21': 939554890.35, 'm12': 1412190675.45, 'm03': 2122694544.0500002, 'mu20': 107.8910256405361, 'mu11': 12.15705128153786, 'mu02': 71.90299145225435, 'mu30': -36.23727786540985, 'mu21': 2.0096320301599917, 'mu12': 29.753024755544175, 'mu03': 10.016932725906372, 'nu20': 0.10214534971885075, 'nu11': 0.011509634349384958, 'nu02': 0.0680738380613059, 'nu30': -0.006017930442549551, 'nu21': 0.0003337399077695785, 'nu12': 0.004941089507311826, 'nu03': 0.001663513595477435}
Centroid: 267, 402
Processing contour#4: area: 32.5 centroid: 267, 402 rectangle: (264, 400, 8, 7)
@find_dayJSON_match_for_contour: x: 264, y: 400, w: 8, h: 7, area: 32.5
Matched with JSON#11: (268, 402, 6, 122.0, 39.2132, 0.597177)
Match with input JSON(nodules) ID: 11
Matched contour: {'x': 268, 'y': 402, 'd': 6, 'a': 122.0, 'p': 39.2132, 'e': 0.597177, 'id': 11, 'tq': 100}
JSON_entry: 11
Matched with first_id: 11 second_id: 6 name: 20230510_10
entry_id:20230510_10, entry saved to results list
created dirs at nodule_detection_path: output/crop1012/nodules-last-detected-on/2023-05-10/10/detection and nodule_images_original_path: output/crop1012/nodules-last-detected-on/2023-05-10/10
Segmented nodule image saved as output/crop1012/nodules-last-detected-on/2023-05-10/10/detection/2023-05-08.jpg
Original nodule image saved as output/crop1012/nodules-last-detected-on/2023-05-10/10/2023-05-08.jpg


@process_contour: max_id: 20230508_16
Moments: {'m00': 5.5, 'm10': 1248.1666666666665, 'm01': 2098.833333333333, 'm20': 283259.9166666666, 'm11': 476308.375, 'm02': 800931.25, 'm30': 64283619.050000004, 'm21': 108093887.31666666, 'm12': 181763165.35, 'm03': 305643065.45, 'mu20': 1.7297979798167944, 'mu11': 0.41035353543702513, 'mu02': 3.729797980049625, 'mu30': 0.11573310196399689, 'mu21': 0.13913376025413982, 'mu12': -0.29891346186866485, 'mu03': -0.3058159351348877, 'nu20': 0.057183404291464277, 'nu11': 0.013565406130149591, 'nu02': 0.1232991067785, 'nu30': 0.0016313639831260194, 'nu21': 0.001961217676392223, 'nu12': -0.004213458789998995, 'nu03': -0.0043107554673533196}
Centroid: 226, 381
Processing contour#5: area: 5.5 centroid: 226, 381 rectangle: (226, 380, 3, 4)
@find_dayJSON_match_for_contour: x: 226, y: 380, w: 3, h: 4, area: 5.5
Matched with JSON#10: (226, 381, 3, 31.0, 19.3137, 0.565352)
Match with input JSON(nodules) ID: 10
Matched contour: {'x': 226, 'y': 381, 'd': 3, 'a': 31.0, 'p': 19.3137, 'e': 0.565352, 'id': 10, 'tq': 100}
JSON_entry: 10
Matched with first_id: 10 second_id: 7 name: 20230508_7
entry_id:20230508_7, entry saved to results list
created dirs at nodule_detection_path: output/crop1012/nodules-last-detected-on/2023-05-08/7/detection and nodule_images_original_path: output/crop1012/nodules-last-detected-on/2023-05-08/7
Segmented nodule image saved as output/crop1012/nodules-last-detected-on/2023-05-08/7/detection/2023-05-08.jpg
Original nodule image saved as output/crop1012/nodules-last-detected-on/2023-05-08/7/2023-05-08.jpg


@process_contour: max_id: 20230508_17
Moments: {'m00': 4.0, 'm10': 581.5, 'm01': 1505.1666666666665, 'm20': 84538.16666666666, 'm11': 218813.91666666666, 'm02': 566382.5, 'm30': 12290493.75, 'm21': 31811098.8, 'm12': 82338091.0, 'm03': 213125636.65, 'mu20': 2.6041666666569654, 'mu11': 0.3125, 'mu02': 0.8263888889923692, 'mu30': 0.6093750037252903, 'mu21': 0.3086805624348017, 'mu12': -0.11979167012032121, 'mu03': -0.17233800888061523, 'nu20': 0.16276041666606034, 'nu11': 0.01953125, 'nu02': 0.05164930556202307, 'nu30': 0.019042968866415322, 'nu21': 0.009646267576087553, 'nu12': -0.003743489691260038, 'nu03': -0.005385562777519226}
Centroid: 145, 376
Processing contour#6: area: 4.0 centroid: 145, 376 rectangle: (144, 375, 4, 3)
@find_dayJSON_match_for_contour: x: 144, y: 375, w: 4, h: 3, area: 4.0
Matched with JSON#9: (145, 376, 2, 20.0, 14.4853, 0.558589)
Match with input JSON(nodules) ID: 9
Matched contour: {'x': 145, 'y': 376, 'd': 2, 'a': 20.0, 'p': 14.4853, 'e': 0.558589, 'id': 9, 'tq': 100}
JSON_entry: 9
Matched with first_id: 9 second_id: 5 name: 20230510_9
entry_id:20230510_9, entry saved to results list
created dirs at nodule_detection_path: output/crop1012/nodules-last-detected-on/2023-05-10/9/detection and nodule_images_original_path: output/crop1012/nodules-last-detected-on/2023-05-10/9
Segmented nodule image saved as output/crop1012/nodules-last-detected-on/2023-05-10/9/detection/2023-05-08.jpg
Original nodule image saved as output/crop1012/nodules-last-detected-on/2023-05-10/9/2023-05-08.jpg


@process_contour: max_id: 20230508_18
Moments: {'m00': 1.0, 'm10': 224.5, 'm01': 356.5, 'm20': 50400.33333333333, 'm11': 80034.25, 'm02': 127092.33333333333, 'm30': 11314912.25, 'm21': 17967718.833333332, 'm12': 28532228.833333332, 'm03': 45308476.25, 'mu20': 0.0833333333284827, 'mu11': 0.0, 'mu02': 0.0833333333284827, 'mu30': 3.725290298461914e-09, 'mu21': 4.874891601502895e-10, 'mu12': -1.5279510989785194e-10, 'mu03': 7.450580596923828e-09, 'nu20': 0.0833333333284827, 'nu11': 0.0, 'nu02': 0.0833333333284827, 'nu30': 3.725290298461914e-09, 'nu21': 4.874891601502895e-10, 'nu12': -1.5279510989785194e-10, 'nu03': 7.450580596923828e-09}
Centroid: 224, 356
Processing contour#7: area: 1.0 centroid: 224, 356 rectangle: (224, 356, 2, 2)
@find_dayJSON_match_for_contour: x: 224, y: 356, w: 2, h: 2, area: 1.0
Closest match: {'x': 38, 'y': 338, 'd': 1, 'a': 6.0, 'p': 4.6213, 'e': 0.630885}
No input JSON(nodules) match, ID:20230508_18 area: 1.0 position: {'x': 224, 'y': 356}
Matched contour: None
JSON_entry: ERROR
WARNING: match is empty
entry_id:20230508_18, entry saved to results list
created dirs at nodule_detection_path: output/crop1012/nodules-last-detected-on/2023-05-08/18/detection and nodule_images_original_path: output/crop1012/nodules-last-detected-on/2023-05-08/18
Segmented nodule image saved as output/crop1012/nodules-last-detected-on/2023-05-08/18/detection/2023-05-08.jpg
Original nodule image saved as output/crop1012/nodules-last-detected-on/2023-05-08/18/2023-05-08.jpg


@process_contour: max_id: 20230508_19
Moments: {'m00': 4.5, 'm10': 174.66666666666666, 'm01': 1517.6666666666665, 'm20': 6780.916666666666, 'm11': 58907.20833333333, 'm02': 511850.25, 'm30': 263298.3, 'm21': 2286869.0166666666, 'm12': 19866871.683333334, 'm03': 172628337.8, 'mu20': 1.2623456790133787, 'mu11': -0.7422839506034506, 'mu02': 3.1141975310165435, 'mu30': 0.2798811156535521, 'mu21': -0.29220393288807145, 'mu12': -0.299062647822268, 'mu03': 1.049428403377533, 'nu20': 0.062338058222882894, 'nu11': -0.036655997560664226, 'nu02': 0.1537875323958787, 'nu30': 0.006515418429783804, 'nu21': -0.006802284195375609, 'nu12': -0.006961949836205101, 'nu03': 0.02442989104191029}
Centroid: 38, 337
Processing contour#8: area: 4.5 centroid: 38, 337 rectangle: (38, 336, 3, 4)
@find_dayJSON_match_for_contour: x: 38, y: 336, w: 3, h: 4, area: 4.5
Matched with JSON#7: (38, 338, 1, 6.0, 4.6213, 0.630885)
Match with input JSON(nodules) ID: 7
Matched contour: {'x': 38, 'y': 338, 'd': 1, 'a': 6.0, 'p': 4.6213, 'e': 0.630885, 'id': 7, 'tq': 100}
JSON_entry: 7
WARNING: match is empty
entry_id:20230508_19, entry saved to results list
created dirs at nodule_detection_path: output/crop1012/nodules-last-detected-on/2023-05-08/19/detection and nodule_images_original_path: output/crop1012/nodules-last-detected-on/2023-05-08/19
Segmented nodule image saved as output/crop1012/nodules-last-detected-on/2023-05-08/19/detection/2023-05-08.jpg
Original nodule image saved as output/crop1012/nodules-last-detected-on/2023-05-08/19/2023-05-08.jpg


@process_contour: max_id: 20230508_20
Moments: {'m00': 12.0, 'm10': 1552.1666666666665, 'm01': 3541.6666666666665, 'm20': 200779.16666666666, 'm11': 458105.0, 'm02': 1045296.6666666666, 'm30': 25972999.150000002, 'm21': 59257806.88333333, 'm12': 135206372.21666667, 'm03': 308515429.90000004, 'mu20': 10.719907407445135, 'mu11': 0.2546296297223307, 'mu02': 13.101851851912215, 'mu30': -1.5189171843230724, 'mu21': 0.8500257047317064, 'mu12': 1.6829732388305274, 'mu03': -0.5912551283836365, 'nu20': 0.0744438014405912, 'nu11': 0.0017682613175161854, 'nu02': 0.09098508230494594, 'nu30': -0.003044955712658591, 'nu21': 0.0017040366994616387, 'nu12': 0.0033738369877699347, 'nu03': -0.0011852823178195807}
Centroid: 129, 295
Processing contour#9: area: 12.0 centroid: 129, 295 rectangle: (127, 293, 5, 5)
@find_dayJSON_match_for_contour: x: 127, y: 293, w: 5, h: 5, area: 12.0
Matched with JSON#6: (129, 295, 4, 55.0, 25.3137, 0.500585)
Match with input JSON(nodules) ID: 6
Matched contour: {'x': 129, 'y': 295, 'd': 4, 'a': 55.0, 'p': 25.3137, 'e': 0.500585, 'id': 6, 'tq': 100}
JSON_entry: 6
WARNING: match is empty
entry_id:20230508_20, entry saved to results list
created dirs at nodule_detection_path: output/crop1012/nodules-last-detected-on/2023-05-08/20/detection and nodule_images_original_path: output/crop1012/nodules-last-detected-on/2023-05-08/20
Segmented nodule image saved as output/crop1012/nodules-last-detected-on/2023-05-08/20/detection/2023-05-08.jpg
Original nodule image saved as output/crop1012/nodules-last-detected-on/2023-05-08/20/2023-05-08.jpg


@process_contour: max_id: 20230508_21
Moments: {'m00': 17.0, 'm10': 2526.5, 'm01': 3916.833333333333, 'm20': 375506.3333333333, 'm11': 582111.6666666666, 'm02': 902470.3333333333, 'm30': 55813956.25, 'm21': 86517721.2, 'm12': 134123528.33333333, 'm03': 207942115.35000002, 'mu20': 23.848039215663448, 'mu11': 1.1127450980711728, 'mu02': 24.253267973894253, 'mu30': 0.05536332726478577, 'mu21': -5.034044597673528, 'mu12': -1.9043637053728162, 'mu03': 4.9993336498737335, 'nu20': 0.0825191668362057, 'nu11': 0.0038503290590698024, 'nu02': 0.08392134247022233, 'nu30': 4.646221170330751e-05, 'nu21': -0.00422468911057967, 'nu12': -0.0015981869950834014, 'nu03': 0.004195558863450857}
Centroid: 148, 230
Processing contour#10: area: 17.0 centroid: 148, 230 rectangle: (146, 228, 6, 6)
@find_dayJSON_match_for_contour: x: 146, y: 228, w: 6, h: 6, area: 17.0
Matched with JSON#5: (148, 230, 4, 56.0, 25.8995, 0.620318)
Match with input JSON(nodules) ID: 5
Matched contour: {'x': 148, 'y': 230, 'd': 4, 'a': 56.0, 'p': 25.8995, 'e': 0.620318, 'id': 5, 'tq': 100}
JSON_entry: 5
Matched with first_id: 5 second_id: 4 name: 20230508_4
entry_id:20230508_4, entry saved to results list
created dirs at nodule_detection_path: output/crop1012/nodules-last-detected-on/2023-05-08/4/detection and nodule_images_original_path: output/crop1012/nodules-last-detected-on/2023-05-08/4
Segmented nodule image saved as output/crop1012/nodules-last-detected-on/2023-05-08/4/detection/2023-05-08.jpg
Original nodule image saved as output/crop1012/nodules-last-detected-on/2023-05-08/4/2023-05-08.jpg


@process_contour: max_id: 20230508_22
Moments: {'m00': 12.0, 'm10': 2823.0, 'm01': 2340.0, 'm20': 664121.0, 'm11': 550485.0, 'm02': 456313.3333333333, 'm30': 156239287.5, 'm21': 129503595.0, 'm12': 107347711.5, 'm03': 88986300.0, 'mu20': 10.25, 'mu11': 0.0, 'mu02': 13.33333333331393, 'mu30': -0.375, 'mu21': 0.0, 'mu12': -0.16666666210221592, 'mu03': 1.4901161193847656e-08, 'nu20': 0.07118055555555555, 'nu11': 0.0, 'nu02': 0.09259259259245785, 'nu30': -0.0007517581630073251, 'nu21': 0.0, 'nu12': -0.0003341147299640651, 'nu03': 2.987218550870121e-11}
Centroid: 235, 195
Processing contour#11: area: 12.0 centroid: 235, 195 rectangle: (233, 193, 5, 5)
@find_dayJSON_match_for_contour: x: 233, y: 193, w: 5, h: 5, area: 12.0
Matched with JSON#4: (235, 195, 3, 33.0, 19.0711, 0.491435)
Match with input JSON(nodules) ID: 4
Matched contour: {'x': 235, 'y': 195, 'd': 3, 'a': 33.0, 'p': 19.0711, 'e': 0.491435, 'id': 4, 'tq': 100}
JSON_entry: 4
Matched with first_id: 4 second_id: 3 name: 20230519_8
entry_id:20230519_8, entry saved to results list
created dirs at nodule_detection_path: output/crop1012/nodules-last-detected-on/2023-05-19/8/detection and nodule_images_original_path: output/crop1012/nodules-last-detected-on/2023-05-19/8
Segmented nodule image saved as output/crop1012/nodules-last-detected-on/2023-05-19/8/detection/2023-05-08.jpg
Original nodule image saved as output/crop1012/nodules-last-detected-on/2023-05-19/8/2023-05-08.jpg


@process_contour: max_id: 20230508_23
Moments: {'m00': 36.0, 'm10': 5499.833333333333, 'm01': 6712.5, 'm20': 840345.1666666666, 'm11': 1025497.9166666666, 'm02': 1251696.8333333333, 'm30': 128418341.85000001, 'm21': 156691843.16666666, 'm12': 191228693.03333333, 'm03': 233424841.25, 'mu20': 118.31404321000446, 'mu11': 8.159722222364508, 'mu02': 95.27083333348855, 'mu30': 14.789550468325615, 'mu21': -9.207626066880039, 'mu12': -15.618479969489272, 'mu03': 7.786458313465118, 'nu20': 0.09129170000771948, 'nu11': 0.006296081961701009, 'nu02': 0.0735114454733708, 'nu30': 0.001901948362696195, 'nu21': -0.001184108290493832, 'nu12': -0.0020085493787923444, 'nu03': 0.0010013449477192795}
Centroid: 152, 186
Processing contour#12: area: 36.0 centroid: 152, 186 rectangle: (149, 183, 9, 8)
@find_dayJSON_match_for_contour: x: 149, y: 183, w: 9, h: 8, area: 36.0
Matched with JSON#3: (152, 186, 6, 135.0, 40.9706, 0.397478)
Match with input JSON(nodules) ID: 3
Matched contour: {'x': 152, 'y': 186, 'd': 6, 'a': 135.0, 'p': 40.9706, 'e': 0.397478, 'id': 3, 'tq': 100}
JSON_entry: 3
WARNING: match is empty
entry_id:20230508_23, entry saved to results list
created dirs at nodule_detection_path: output/crop1012/nodules-last-detected-on/2023-05-08/23/detection and nodule_images_original_path: output/crop1012/nodules-last-detected-on/2023-05-08/23
Segmented nodule image saved as output/crop1012/nodules-last-detected-on/2023-05-08/23/detection/2023-05-08.jpg
Original nodule image saved as output/crop1012/nodules-last-detected-on/2023-05-08/23/2023-05-08.jpg


@process_contour: max_id: 20230508_24
Moments: {'m00': 12.5, 'm10': 2642.1666666666665, 'm01': 1091.3333333333333, 'm20': 558499.75, 'm11': 230682.4583333333, 'm02': 95291.91666666666, 'm30': 118058792.05000001, 'm21': 48762313.733333334, 'm12': 20142814.766666666, 'm03': 8321581.7, 'mu20': 16.174444444477558, 'mu11': 3.6938888888980728, 'mu02': 11.24111111111415, 'mu30': 0.5341925919055939, 'mu21': 0.6474518522620656, 'mu12': -0.3011407387698455, 'mu03': -0.7523259241133928, 'nu20': 0.10351644444465638, 'nu11': 0.023640888888947668, 'nu02': 0.07194311111113057, 'nu30': 0.0009669918827419225, 'nu21': 0.001172013043779321, 'nu12': -0.0005451229656977521, 'nu03': -0.001361855392263721}
Centroid: 211, 87
Processing contour#13: area: 12.5 centroid: 211, 87 rectangle: (209, 85, 6, 5)
@find_dayJSON_match_for_contour: x: 209, y: 85, w: 6, h: 5, area: 12.5
Matched with JSON#2: (211, 87, 3, 50.0, 23.8995, 0.391705)
Match with input JSON(nodules) ID: 2
Matched contour: {'x': 211, 'y': 87, 'd': 3, 'a': 50.0, 'p': 23.8995, 'e': 0.391705, 'id': 2, 'tq': 100}
JSON_entry: 2
Matched with first_id: 2 second_id: 2 name: 20230510_2
entry_id:20230510_2, entry saved to results list
created dirs at nodule_detection_path: output/crop1012/nodules-last-detected-on/2023-05-10/2/detection and nodule_images_original_path: output/crop1012/nodules-last-detected-on/2023-05-10/2
Segmented nodule image saved as output/crop1012/nodules-last-detected-on/2023-05-10/2/detection/2023-05-08.jpg
Original nodule image saved as output/crop1012/nodules-last-detected-on/2023-05-10/2/2023-05-08.jpg


@process_contour: max_id: 20230508_25
Moments: {'m00': 14.0, 'm10': 1086.3333333333333, 'm01': 1208.5, 'm20': 84307.0, 'm11': 93769.75, 'm02': 104341.83333333333, 'm30': 6543796.100000001, 'm21': 7276865.75, 'm12': 8095717.783333333, 'm03': 9010804.25, 'mu20': 12.706349206360755, 'mu11': -4.095238095222157, 'mu02': 22.386904761908227, 'mu30': 2.457520785741508, 'mu21': 0.6133786831810539, 'mu12': -4.603854877013191, 'mu03': 3.197704082354903, 'nu20': 0.0648283122773508, 'nu11': -0.020894071914398762, 'nu02': 0.11421890184647053, 'nu30': 0.0033510207001166956, 'nu21': 0.0008363895338243671, 'nu12': -0.006277714142934271, 'nu03': 0.004360318185298984}
Centroid: 77, 86
Processing contour#14: area: 14.0 centroid: 77, 86 rectangle: (76, 84, 5, 6)
@find_dayJSON_match_for_contour: x: 76, y: 84, w: 5, h: 6, area: 14.0
Matched with JSON#1: (77, 86, 3, 41.0, 21.0711, 0.524436)
Match with input JSON(nodules) ID: 1
Matched contour: {'x': 77, 'y': 86, 'd': 3, 'a': 41.0, 'p': 21.0711, 'e': 0.524436, 'id': 1, 'tq': 100}
JSON_entry: 1
Matched with first_id: 1 second_id: 1 name: 20230515_1
entry_id:20230515_1, entry saved to results list
created dirs at nodule_detection_path: output/crop1012/nodules-last-detected-on/2023-05-15/1/detection and nodule_images_original_path: output/crop1012/nodules-last-detected-on/2023-05-15/1
Segmented nodule image saved as output/crop1012/nodules-last-detected-on/2023-05-15/1/detection/2023-05-08.jpg
Original nodule image saved as output/crop1012/nodules-last-detected-on/2023-05-15/1/2023-05-08.jpg


@process_contour: max_id: 20230508_26
Moments: {'m00': 16.5, 'm10': 1062.6666666666665, 'm01': 1181.1666666666665, 'm20': 68465.25, 'm11': 76074.20833333333, 'm02': 84574.75, 'm30': 4412689.3, 'm21': 4901436.6, 'm12': 5447283.6, 'm03': 6057210.550000001, 'mu20': 25.223063973069657, 'mu11': 2.30260942762834, 'mu02': 19.920033670059638, 'mu30': 1.6382648022845387, 'mu21': -3.6992466776043784, 'mu12': -1.6847073453491248, 'mu03': 2.471138997003436, 'nu20': 0.09264669962560022, 'nu11': 0.008457702213510892, 'nu02': 0.07316816775044863, 'nu30': 0.0014814064803097568, 'nu21': -0.003345056301536573, 'nu12': -0.0015234023067243888, 'nu03': 0.0022345357837158923}
Centroid: 64, 71
Processing contour#15: area: 16.5 centroid: 64, 71 rectangle: (62, 69, 6, 6)
@find_dayJSON_match_for_contour: x: 62, y: 69, w: 6, h: 6, area: 16.5
Matched with JSON#0: (64, 71, 4, 51.0, 23.8995, 0.397777)
Match with input JSON(nodules) ID: 0
Matched contour: {'x': 64, 'y': 71, 'd': 4, 'a': 51.0, 'p': 23.8995, 'e': 0.397777, 'id': 0, 'tq': 100}
JSON_entry: 0
Matched with first_id: 0 second_id: 0 name: 20230524_0
entry_id:20230524_0, entry saved to results list
created dirs at nodule_detection_path: output/crop1012/nodules-last-detected-on/2023-05-24/0/detection and nodule_images_original_path: output/crop1012/nodules-last-detected-on/2023-05-24/0
Segmented nodule image saved as output/crop1012/nodules-last-detected-on/2023-05-24/0/detection/2023-05-08.jpg
Original nodule image saved as output/crop1012/nodules-last-detected-on/2023-05-24/0/2023-05-08.jpg


Done analyzing contours, found 15 nodules.


results_entry: {'date': '20230508', 'json': 'output/crop1012/20230508/20230508.json', 'log': 'output/crop1012/20230508/crop1012_20230508.log', 'image': 'data/crop1012/20230508.jpg', 'plot': 'output/crop1012/plots/20230505_20230508.png', 'match_stats': {'i_dict': {0: 4, 1: 4, 3: 1, 5: 1, 6: 1, 7: 1}, 'average_tracking_quality': 41.6667, 'distance_threshold': 20, 'lengths': {'matching': 12, 'unmatched_current': 3, 'unmatched_previous': 0}, 'averages': {'tq': -258.5, 'i': 2.0833, 'dx': -20.1667, 'dy': -55.0, 'dd': 0.1667, 'da': 7.5833, 'dp': 5.535, 'de': 0.0675}}}
