@post_process: subdir: output/crop1000/nodules-last-detected-on/2023-06-07
@generate_gif: path:output/crop1000/nodules-last-detected-on/2023-06-07/135, output_name:o.gif
len_jpg_files: 9
@generate_gif: path:output/crop1000/nodules-last-detected-on/2023-06-07/135/detection, output_name:d.gif
len_jpg_files: 9
nodules_dir: output/crop1000/nodules-last-detected-on/2023-06-07/135 has 9 entries
nodules_dir: output/crop1000/nodules-last-detected-on/2023-06-07/135 has 9 entries


Plotting date: 2023-06-07

@check_overlap_helper: existing_positions:[], x:97, y:527, offset_increment:{'x': 0.2749999999999986, 'y': 0.2444444444444495}, xlim:(96.9, 99.1), ylim:(522.8, 527.2), i:0
returning: (97, 527), modified:False


Plotting date: 2023-06-05

@check_overlap_helper: existing_positions:[(97, 527)], x:98, y:527, offset_increment:{'x': 0.2749999999999986, 'y': 0.2444444444444495}, xlim:(96.9, 99.1), ylim:(522.8, 527.2), i:0
returning: (98, 527), modified:False


Plotting date: 2023-06-02

@check_overlap_helper: existing_positions:[(97, 527), (98, 527)], x:97, y:527, offset_increment:{'x': 0.2749999999999986, 'y': 0.2444444444444495}, xlim:(96.9, 99.1), ylim:(522.8, 527.2), i:0
returning: (97.275, 527), modified:True, original:(97, 527)


Plotting date: 2023-05-31

@check_overlap_helper: existing_positions:[(97, 527), (98, 527), (97.275, 527)], x:98, y:527, offset_increment:{'x': 0.2749999999999986, 'y': 0.2444444444444495}, xlim:(96.9, 99.1), ylim:(522.8, 527.2), i:0
returning: (98.275, 527), modified:True, original:(98, 527)


Plotting date: 2023-05-29

@check_overlap_helper: existing_positions:[(97, 527), (98, 527), (97.275, 527), (98.275, 527)], x:97, y:526, offset_increment:{'x': 0.2749999999999986, 'y': 0.2444444444444495}, xlim:(96.9, 99.1), ylim:(522.8, 527.2), i:0
returning: (97, 526), modified:False


Plotting date: 2023-05-26

@check_overlap_helper: existing_positions:[(97, 527), (98, 527), (97.275, 527), (98.275, 527), (97, 526)], x:97, y:527, offset_increment:{'x': 0.2749999999999986, 'y': 0.2444444444444495}, xlim:(96.9, 99.1), ylim:(522.8, 527.2), i:0
returning: (97, 526.7555555555556), modified:True, original:(97, 527)


Plotting date: 2023-05-24

@check_overlap_helper: existing_positions:[(97, 527), (98, 527), (97.275, 527), (98.275, 527), (97, 526), (97, 526.7555555555556)], x:97, y:525, offset_increment:{'x': 0.2749999999999986, 'y': 0.2444444444444495}, xlim:(96.9, 99.1), ylim:(522.8, 527.2), i:0
returning: (97, 525), modified:False


Plotting date: 2023-05-22

@check_overlap_helper: existing_positions:[(97, 527), (98, 527), (97.275, 527), (98.275, 527), (97, 526), (97, 526.7555555555556), (97, 525)], x:97, y:523, offset_increment:{'x': 0.2749999999999986, 'y': 0.2444444444444495}, xlim:(96.9, 99.1), ylim:(522.8, 527.2), i:0
returning: (97, 523), modified:False


Plotting date: 2023-05-19

@check_overlap_helper: existing_positions:[(97, 527), (98, 527), (97.275, 527), (98.275, 527), (97, 526), (97, 526.7555555555556), (97, 525), (97, 523)], x:99, y:524, offset_increment:{'x': 0.2749999999999986, 'y': 0.2444444444444495}, xlim:(96.9, 99.1), ylim:(522.8, 527.2), i:0
returning: (99, 524), modified:False
@generate_gif: path:output/crop1000/nodules-last-detected-on/2023-06-07/95, output_name:o.gif
len_jpg_files: 6
@generate_gif: path:output/crop1000/nodules-last-detected-on/2023-06-07/95/detection, output_name:d.gif
len_jpg_files: 6
nodules_dir: output/crop1000/nodules-last-detected-on/2023-06-07/95 has 6 entries
nodules_dir: output/crop1000/nodules-last-detected-on/2023-06-07/95 has 6 entries


Plotting date: 2023-06-05

@check_overlap_helper: existing_positions:[], x:94, y:406, offset_increment:{'x': 0.5500000000000007, 'y': 0.2444444444444432}, xlim:(92.8, 97.2), ylim:(402.8, 407.2), i:0
returning: (94, 406), modified:False


Plotting date: 2023-06-02

@check_overlap_helper: existing_positions:[(94, 406)], x:94, y:407, offset_increment:{'x': 0.5500000000000007, 'y': 0.2444444444444432}, xlim:(92.8, 97.2), ylim:(402.8, 407.2), i:0
returning: (94, 407), modified:False


Plotting date: 2023-05-31

@check_overlap_helper: existing_positions:[(94, 406), (94, 407)], x:94, y:406, offset_increment:{'x': 0.5500000000000007, 'y': 0.2444444444444432}, xlim:(92.8, 97.2), ylim:(402.8, 407.2), i:0
returning: (94.55, 406), modified:True, original:(94, 406)


Plotting date: 2023-05-29

@check_overlap_helper: existing_positions:[(94, 406), (94, 407), (94.55, 406)], x:93, y:405, offset_increment:{'x': 0.5500000000000007, 'y': 0.2444444444444432}, xlim:(92.8, 97.2), ylim:(402.8, 407.2), i:0
returning: (93, 405), modified:False


Plotting date: 2023-05-22

@check_overlap_helper: existing_positions:[(94, 406), (94, 407), (94.55, 406), (93, 405)], x:95, y:403, offset_increment:{'x': 0.5500000000000007, 'y': 0.2444444444444432}, xlim:(92.8, 97.2), ylim:(402.8, 407.2), i:0
returning: (95, 403), modified:False


Plotting date: 2023-05-19

@check_overlap_helper: existing_positions:[(94, 406), (94, 407), (94.55, 406), (93, 405), (95, 403)], x:97, y:403, offset_increment:{'x': 0.5500000000000007, 'y': 0.2444444444444432}, xlim:(92.8, 97.2), ylim:(402.8, 407.2), i:0
returning: (97, 403), modified:False
@generate_gif: path:output/crop1000/nodules-last-detected-on/2023-06-07/132, output_name:o.gif
len_jpg_files: 5
@generate_gif: path:output/crop1000/nodules-last-detected-on/2023-06-07/132/detection, output_name:d.gif
len_jpg_files: 5
nodules_dir: output/crop1000/nodules-last-detected-on/2023-06-07/132 has 5 entries
nodules_dir: output/crop1000/nodules-last-detected-on/2023-06-07/132 has 5 entries


Plotting date: 2023-05-31

@check_overlap_helper: existing_positions:[], x:152, y:513, offset_increment:{'x': 0.2749999999999986, 'y': 0.1833333333333308}, xlim:(149.9, 152.1), ylim:(509.85, 513.15), i:0
returning: (152, 513), modified:False


Plotting date: 2023-05-29

@check_overlap_helper: existing_positions:[(152, 513)], x:151, y:512, offset_increment:{'x': 0.2749999999999986, 'y': 0.1833333333333308}, xlim:(149.9, 152.1), ylim:(509.85, 513.15), i:0
returning: (151, 512), modified:False


Plotting date: 2023-05-24

@check_overlap_helper: existing_positions:[(152, 513), (151, 512)], x:151, y:511, offset_increment:{'x': 0.2749999999999986, 'y': 0.1833333333333308}, xlim:(149.9, 152.1), ylim:(509.85, 513.15), i:0
returning: (151, 511), modified:False


Plotting date: 2023-05-22

@check_overlap_helper: existing_positions:[(152, 513), (151, 512), (151, 511)], x:150, y:510, offset_increment:{'x': 0.2749999999999986, 'y': 0.1833333333333308}, xlim:(149.9, 152.1), ylim:(509.85, 513.15), i:0
returning: (150, 510), modified:False


Plotting date: 2023-05-19

@check_overlap_helper: existing_positions:[(152, 513), (151, 512), (151, 511), (150, 510)], x:151, y:510, offset_increment:{'x': 0.2749999999999986, 'y': 0.1833333333333308}, xlim:(149.9, 152.1), ylim:(509.85, 513.15), i:0
returning: (151, 510), modified:False
@generate_gif: path:output/crop1000/nodules-last-detected-on/2023-06-07/59, output_name:o.gif
len_jpg_files: 11
@generate_gif: path:output/crop1000/nodules-last-detected-on/2023-06-07/59/detection, output_name:d.gif
len_jpg_files: 11
nodules_dir: output/crop1000/nodules-last-detected-on/2023-06-07/59 has 11 entries
nodules_dir: output/crop1000/nodules-last-detected-on/2023-06-07/59 has 11 entries


Plotting date: 2023-06-07

@check_overlap_helper: existing_positions:[], x:63, y:334, offset_increment:{'x': 0.41250000000000053, 'y': 0.1833333333333308}, xlim:(62.85, 66.15), ylim:(330.85, 334.15), i:0
returning: (63, 334), modified:False


Plotting date: 2023-06-05

@check_overlap_helper: existing_positions:[(63, 334)], x:64, y:333, offset_increment:{'x': 0.41250000000000053, 'y': 0.1833333333333308}, xlim:(62.85, 66.15), ylim:(330.85, 334.15), i:0
returning: (64, 333), modified:False


Plotting date: 2023-06-02

@check_overlap_helper: existing_positions:[(63, 334), (64, 333)], x:63, y:334, offset_increment:{'x': 0.41250000000000053, 'y': 0.1833333333333308}, xlim:(62.85, 66.15), ylim:(330.85, 334.15), i:0
returning: (63.4125, 334), modified:True, original:(63, 334)


Plotting date: 2023-05-31

@check_overlap_helper: existing_positions:[(63, 334), (64, 333), (63.4125, 334)], x:63, y:334, offset_increment:{'x': 0.41250000000000053, 'y': 0.1833333333333308}, xlim:(62.85, 66.15), ylim:(330.85, 334.15), i:0
returning: (63, 333.81666666666666), modified:True, original:(63, 334)


Plotting date: 2023-05-29

@check_overlap_helper: existing_positions:[(63, 334), (64, 333), (63.4125, 334), (63, 333.81666666666666)], x:63, y:334, offset_increment:{'x': 0.41250000000000053, 'y': 0.1833333333333308}, xlim:(62.85, 66.15), ylim:(330.85, 334.15), i:0
Calling recursion on the top-righ position (x + offset_x, y + offset_y)

@check_overlap_helper: existing_positions:[(63, 334), (64, 333), (63.4125, 334), (63, 333.81666666666666)], x:63.4125, y:334.0, offset_increment:{'x': 0.41250000000000053, 'y': 0.1833333333333308}, xlim:(62.85, 66.15), ylim:(330.85, 334.15), i:1
returning: (63.825, 334.0), modified:True, original:(63, 334)


Plotting date: 2023-05-26

@check_overlap_helper: existing_positions:[(63, 334), (64, 333), (63.4125, 334), (63, 333.81666666666666), (63.825, 334.0)], x:63, y:333, offset_increment:{'x': 0.41250000000000053, 'y': 0.1833333333333308}, xlim:(62.85, 66.15), ylim:(330.85, 334.15), i:0
returning: (63, 333), modified:False


Plotting date: 2023-05-24

@check_overlap_helper: existing_positions:[(63, 334), (64, 333), (63.4125, 334), (63, 333.81666666666666), (63.825, 334.0), (63, 333)], x:63, y:332, offset_increment:{'x': 0.41250000000000053, 'y': 0.1833333333333308}, xlim:(62.85, 66.15), ylim:(330.85, 334.15), i:0
returning: (63, 332), modified:False


Plotting date: 2023-05-22

@check_overlap_helper: existing_positions:[(63, 334), (64, 333), (63.4125, 334), (63, 333.81666666666666), (63.825, 334.0), (63, 333), (63, 332)], x:64, y:331, offset_increment:{'x': 0.41250000000000053, 'y': 0.1833333333333308}, xlim:(62.85, 66.15), ylim:(330.85, 334.15), i:0
returning: (64, 331), modified:False


Plotting date: 2023-05-19

@check_overlap_helper: existing_positions:[(63, 334), (64, 333), (63.4125, 334), (63, 333.81666666666666), (63.825, 334.0), (63, 333), (63, 332), (64, 331)], x:66, y:332, offset_increment:{'x': 0.41250000000000053, 'y': 0.1833333333333308}, xlim:(62.85, 66.15), ylim:(330.85, 334.15), i:0
returning: (66, 332), modified:False


Plotting date: 2023-05-17

@check_overlap_helper: existing_positions:[(63, 334), (64, 333), (63.4125, 334), (63, 333.81666666666666), (63.825, 334.0), (63, 333), (63, 332), (64, 331), (66, 332)], x:66, y:334, offset_increment:{'x': 0.41250000000000053, 'y': 0.1833333333333308}, xlim:(62.85, 66.15), ylim:(330.85, 334.15), i:0
returning: (66, 334), modified:False


Plotting date: 2023-05-15

@check_overlap_helper: existing_positions:[(63, 334), (64, 333), (63.4125, 334), (63, 333.81666666666666), (63.825, 334.0), (63, 333), (63, 332), (64, 331), (66, 332), (66, 334)], x:64, y:334, offset_increment:{'x': 0.41250000000000053, 'y': 0.1833333333333308}, xlim:(62.85, 66.15), ylim:(330.85, 334.15), i:0
returning: (64.4125, 334), modified:True, original:(64, 334)
@generate_gif: path:output/crop1000/nodules-last-detected-on/2023-06-07/92, output_name:o.gif
len_jpg_files: 8
@generate_gif: path:output/crop1000/nodules-last-detected-on/2023-06-07/92/detection, output_name:d.gif
len_jpg_files: 8
nodules_dir: output/crop1000/nodules-last-detected-on/2023-06-07/92 has 8 entries
nodules_dir: output/crop1000/nodules-last-detected-on/2023-06-07/92 has 8 entries


Plotting date: 2023-06-07

@check_overlap_helper: existing_positions:[], x:127, y:400, offset_increment:{'x': 0.2749999999999986, 'y': 0.1833333333333308}, xlim:(126.9, 129.1), ylim:(397.85, 401.15), i:0
returning: (127, 400), modified:False


Plotting date: 2023-05-31

@check_overlap_helper: existing_positions:[(127, 400)], x:127, y:401, offset_increment:{'x': 0.2749999999999986, 'y': 0.1833333333333308}, xlim:(126.9, 129.1), ylim:(397.85, 401.15), i:0
returning: (127, 401), modified:False


Plotting date: 2023-05-29

@check_overlap_helper: existing_positions:[(127, 400), (127, 401)], x:127, y:400, offset_increment:{'x': 0.2749999999999986, 'y': 0.1833333333333308}, xlim:(126.9, 129.1), ylim:(397.85, 401.15), i:0
returning: (127.275, 400), modified:True, original:(127, 400)


Plotting date: 2023-05-26

@check_overlap_helper: existing_positions:[(127, 400), (127, 401), (127.275, 400)], x:127, y:401, offset_increment:{'x': 0.2749999999999986, 'y': 0.1833333333333308}, xlim:(126.9, 129.1), ylim:(397.85, 401.15), i:0
returning: (127.275, 401), modified:True, original:(127, 401)


Plotting date: 2023-05-24

@check_overlap_helper: existing_positions:[(127, 400), (127, 401), (127.275, 400), (127.275, 401)], x:127, y:398, offset_increment:{'x': 0.2749999999999986, 'y': 0.1833333333333308}, xlim:(126.9, 129.1), ylim:(397.85, 401.15), i:0
returning: (127, 398), modified:False


Plotting date: 2023-05-22

@check_overlap_helper: existing_positions:[(127, 400), (127, 401), (127.275, 400), (127.275, 401), (127, 398)], x:128, y:398, offset_increment:{'x': 0.2749999999999986, 'y': 0.1833333333333308}, xlim:(126.9, 129.1), ylim:(397.85, 401.15), i:0
returning: (128, 398), modified:False


Plotting date: 2023-05-19

@check_overlap_helper: existing_positions:[(127, 400), (127, 401), (127.275, 400), (127.275, 401), (127, 398), (128, 398)], x:129, y:398, offset_increment:{'x': 0.2749999999999986, 'y': 0.1833333333333308}, xlim:(126.9, 129.1), ylim:(397.85, 401.15), i:0
returning: (129, 398), modified:False


Plotting date: 2023-05-17

@check_overlap_helper: existing_positions:[(127, 400), (127, 401), (127.275, 400), (127.275, 401), (127, 398), (128, 398), (129, 398)], x:129, y:400, offset_increment:{'x': 0.2749999999999986, 'y': 0.1833333333333308}, xlim:(126.9, 129.1), ylim:(397.85, 401.15), i:0
returning: (129, 400), modified:False
@generate_gif: path:output/crop1000/nodules-last-detected-on/2023-06-07/66, output_name:o.gif
len_jpg_files: 6
@generate_gif: path:output/crop1000/nodules-last-detected-on/2023-06-07/66/detection, output_name:d.gif
len_jpg_files: 6
nodules_dir: output/crop1000/nodules-last-detected-on/2023-06-07/66 has 6 entries
nodules_dir: output/crop1000/nodules-last-detected-on/2023-06-07/66 has 6 entries


Plotting date: 2023-06-07

@check_overlap_helper: existing_positions:[], x:166, y:352, offset_increment:{'x': 2.282500000000006, 'y': 0.06111111111111237}, xlim:(156.86999999999998, 175.13000000000002), ylim:(351.95, 353.05), i:0
returning: (166, 352), modified:False


Plotting date: 2023-06-05

@check_overlap_helper: existing_positions:[(166, 352)], x:166, y:352, offset_increment:{'x': 2.282500000000006, 'y': 0.06111111111111237}, xlim:(156.86999999999998, 175.13000000000002), ylim:(351.95, 353.05), i:0
returning: (168.2825, 352), modified:True, original:(166, 352)


Plotting date: 2023-06-02

@check_overlap_helper: existing_positions:[(166, 352), (168.2825, 352)], x:166, y:353, offset_increment:{'x': 2.282500000000006, 'y': 0.06111111111111237}, xlim:(156.86999999999998, 175.13000000000002), ylim:(351.95, 353.05), i:0
returning: (166, 353), modified:False


Plotting date: 2023-05-31

@check_overlap_helper: existing_positions:[(166, 352), (168.2825, 352), (166, 353)], x:166, y:353, offset_increment:{'x': 2.282500000000006, 'y': 0.06111111111111237}, xlim:(156.86999999999998, 175.13000000000002), ylim:(351.95, 353.05), i:0
returning: (168.2825, 353), modified:True, original:(166, 353)


Plotting date: 2023-05-29

@check_overlap_helper: existing_positions:[(166, 352), (168.2825, 352), (166, 353), (168.2825, 353)], x:166, y:353, offset_increment:{'x': 2.282500000000006, 'y': 0.06111111111111237}, xlim:(156.86999999999998, 175.13000000000002), ylim:(351.95, 353.05), i:0
returning: (163.7175, 353), modified:True, original:(166, 353)


Plotting date: 2023-05-26

@check_overlap_helper: existing_positions:[(166, 352), (168.2825, 352), (166, 353), (168.2825, 353), (163.7175, 353)], x:166, y:353, offset_increment:{'x': 2.282500000000006, 'y': 0.06111111111111237}, xlim:(156.86999999999998, 175.13000000000002), ylim:(351.95, 353.05), i:0
returning: (166, 352.93888888888887), modified:True, original:(166, 353)
@generate_gif: path:output/crop1000/nodules-last-detected-on/2023-06-07/50, output_name:o.gif
len_jpg_files: 9
@generate_gif: path:output/crop1000/nodules-last-detected-on/2023-06-07/50/detection, output_name:d.gif
len_jpg_files: 9
nodules_dir: output/crop1000/nodules-last-detected-on/2023-06-07/50 has 9 entries
nodules_dir: output/crop1000/nodules-last-detected-on/2023-06-07/50 has 9 entries


Plotting date: 2023-06-07

@check_overlap_helper: existing_positions:[], x:233, y:294, offset_increment:{'x': 1.375, 'y': 0.794444444444442}, xlim:(223.5, 234.5), ylim:(281.35, 295.65), i:0
returning: (233, 294), modified:False


Plotting date: 2023-06-05

@check_overlap_helper: existing_positions:[(233, 294)], x:234, y:293, offset_increment:{'x': 1.375, 'y': 0.794444444444442}, xlim:(223.5, 234.5), ylim:(281.35, 295.65), i:0
returning: (234, 293), modified:False


Plotting date: 2023-06-02

@check_overlap_helper: existing_positions:[(233, 294), (234, 293)], x:234, y:294, offset_increment:{'x': 1.375, 'y': 0.794444444444442}, xlim:(223.5, 234.5), ylim:(281.35, 295.65), i:0
returning: (234, 294), modified:False


Plotting date: 2023-05-31

@check_overlap_helper: existing_positions:[(233, 294), (234, 293), (234, 294)], x:233, y:295, offset_increment:{'x': 1.375, 'y': 0.794444444444442}, xlim:(223.5, 234.5), ylim:(281.35, 295.65), i:0
returning: (233, 295), modified:False


Plotting date: 2023-05-29

@check_overlap_helper: existing_positions:[(233, 294), (234, 293), (234, 294), (233, 295)], x:233, y:295, offset_increment:{'x': 1.375, 'y': 0.794444444444442}, xlim:(223.5, 234.5), ylim:(281.35, 295.65), i:0
returning: (234.375, 295), modified:True, original:(233, 295)


Plotting date: 2023-05-26

@check_overlap_helper: existing_positions:[(233, 294), (234, 293), (234, 294), (233, 295), (234.375, 295)], x:234, y:295, offset_increment:{'x': 1.375, 'y': 0.794444444444442}, xlim:(223.5, 234.5), ylim:(281.35, 295.65), i:0
Calling recursion on the top-righ position (x + offset_x, y + offset_y)

@check_overlap_helper: existing_positions:[(233, 294), (234, 293), (234, 294), (233, 295), (234.375, 295)], x:235.375, y:295.0, offset_increment:{'x': 1.375, 'y': 0.794444444444442}, xlim:(223.5, 234.5), ylim:(281.35, 295.65), i:1
Calling recursion on the top-righ position (x + offset_x, y + offset_y)

@check_overlap_helper: existing_positions:[(233, 294), (234, 293), (234, 294), (233, 295), (234.375, 295)], x:236.75, y:295.0, offset_increment:{'x': 1.375, 'y': 0.794444444444442}, xlim:(223.5, 234.5), ylim:(281.35, 295.65), i:2
Calling recursion on the top-righ position (x + offset_x, y + offset_y)

@check_overlap_helper: existing_positions:[(233, 294), (234, 293), (234, 294), (233, 295), (234.375, 295)], x:238.125, y:295.0, offset_increment:{'x': 1.375, 'y': 0.794444444444442}, xlim:(223.5, 234.5), ylim:(281.35, 295.65), i:3
Calling recursion on the top-righ position (x + offset_x, y + offset_y)

@check_overlap_helper: existing_positions:[(233, 294), (234, 293), (234, 294), (233, 295), (234.375, 295)], x:239.5, y:295.0, offset_increment:{'x': 1.375, 'y': 0.794444444444442}, xlim:(223.5, 234.5), ylim:(281.35, 295.65), i:4
Calling recursion on the top-righ position (x + offset_x, y + offset_y)

@check_overlap_helper: existing_positions:[(233, 294), (234, 293), (234, 294), (233, 295), (234.375, 295)], x:240.875, y:295.0, offset_increment:{'x': 1.375, 'y': 0.794444444444442}, xlim:(223.5, 234.5), ylim:(281.35, 295.65), i:5
ERROR: i >= 5, exiting!
returning: (240.875, 295.0), modified:True, original:(234, 295)


Plotting date: 2023-05-24

@check_overlap_helper: existing_positions:[(233, 294), (234, 293), (234, 294), (233, 295), (234.375, 295), (240.875, 295.0)], x:233, y:291, offset_increment:{'x': 1.375, 'y': 0.794444444444442}, xlim:(223.5, 234.5), ylim:(281.35, 295.65), i:0
returning: (233, 291), modified:False


Plotting date: 2023-05-22

@check_overlap_helper: existing_positions:[(233, 294), (234, 293), (234, 294), (233, 295), (234.375, 295), (240.875, 295.0), (233, 291)], x:232, y:290, offset_increment:{'x': 1.375, 'y': 0.794444444444442}, xlim:(223.5, 234.5), ylim:(281.35, 295.65), i:0
returning: (232, 290), modified:False


Plotting date: 2023-05-19

@check_overlap_helper: existing_positions:[(233, 294), (234, 293), (234, 294), (233, 295), (234.375, 295), (240.875, 295.0), (233, 291), (232, 290)], x:224, y:282, offset_increment:{'x': 1.375, 'y': 0.794444444444442}, xlim:(223.5, 234.5), ylim:(281.35, 295.65), i:0
returning: (224, 282), modified:False
@generate_gif: path:output/crop1000/nodules-last-detected-on/2023-06-07/68, output_name:o.gif
len_jpg_files: 3
@generate_gif: path:output/crop1000/nodules-last-detected-on/2023-06-07/68/detection, output_name:d.gif
len_jpg_files: 3
nodules_dir: output/crop1000/nodules-last-detected-on/2023-06-07/68 has 3 entries
nodules_dir: output/crop1000/nodules-last-detected-on/2023-06-07/68 has 3 entries


Plotting date: 2023-06-07

@check_overlap_helper: existing_positions:[], x:31, y:351, offset_increment:{'x': 1.5124999999999997, 'y': 0.2444444444444432}, xlim:(30.45, 42.55), ylim:(349.8, 354.2), i:0
returning: (31, 351), modified:False


Plotting date: 2023-06-05

@check_overlap_helper: existing_positions:[(31, 351)], x:32, y:350, offset_increment:{'x': 1.5124999999999997, 'y': 0.2444444444444432}, xlim:(30.45, 42.55), ylim:(349.8, 354.2), i:0
returning: (32, 350), modified:False


Plotting date: 2023-06-02

@check_overlap_helper: existing_positions:[(31, 351), (32, 350)], x:42, y:354, offset_increment:{'x': 1.5124999999999997, 'y': 0.2444444444444432}, xlim:(30.45, 42.55), ylim:(349.8, 354.2), i:0
returning: (42, 354), modified:False
@generate_gif: path:output/crop1000/nodules-last-detected-on/2023-06-07/103, output_name:o.gif
len_jpg_files: 9
@generate_gif: path:output/crop1000/nodules-last-detected-on/2023-06-07/103/detection, output_name:d.gif
len_jpg_files: 9
nodules_dir: output/crop1000/nodules-last-detected-on/2023-06-07/103 has 9 entries
nodules_dir: output/crop1000/nodules-last-detected-on/2023-06-07/103 has 9 entries


Plotting date: 2023-06-07

@check_overlap_helper: existing_positions:[], x:124, y:450, offset_increment:{'x': 0.2749999999999986, 'y': 0.1833333333333308}, xlim:(122.9, 125.1), ylim:(447.85, 451.15), i:0
returning: (124, 450), modified:False


Plotting date: 2023-06-05

@check_overlap_helper: existing_positions:[(124, 450)], x:124, y:450, offset_increment:{'x': 0.2749999999999986, 'y': 0.1833333333333308}, xlim:(122.9, 125.1), ylim:(447.85, 451.15), i:0
returning: (124.275, 450), modified:True, original:(124, 450)


Plotting date: 2023-06-02

@check_overlap_helper: existing_positions:[(124, 450), (124.275, 450)], x:124, y:451, offset_increment:{'x': 0.2749999999999986, 'y': 0.1833333333333308}, xlim:(122.9, 125.1), ylim:(447.85, 451.15), i:0
returning: (124, 451), modified:False


Plotting date: 2023-05-31

@check_overlap_helper: existing_positions:[(124, 450), (124.275, 450), (124, 451)], x:124, y:451, offset_increment:{'x': 0.2749999999999986, 'y': 0.1833333333333308}, xlim:(122.9, 125.1), ylim:(447.85, 451.15), i:0
returning: (124.275, 451), modified:True, original:(124, 451)


Plotting date: 2023-05-29

@check_overlap_helper: existing_positions:[(124, 450), (124.275, 450), (124, 451), (124.275, 451)], x:124, y:450, offset_increment:{'x': 0.2749999999999986, 'y': 0.1833333333333308}, xlim:(122.9, 125.1), ylim:(447.85, 451.15), i:0
returning: (124, 450.18333333333334), modified:True, original:(124, 450)


Plotting date: 2023-05-26

@check_overlap_helper: existing_positions:[(124, 450), (124.275, 450), (124, 451), (124.275, 451), (124, 450.18333333333334)], x:123, y:451, offset_increment:{'x': 0.2749999999999986, 'y': 0.1833333333333308}, xlim:(122.9, 125.1), ylim:(447.85, 451.15), i:0
returning: (123, 451), modified:False


Plotting date: 2023-05-24

@check_overlap_helper: existing_positions:[(124, 450), (124.275, 450), (124, 451), (124.275, 451), (124, 450.18333333333334), (123, 451)], x:124, y:449, offset_increment:{'x': 0.2749999999999986, 'y': 0.1833333333333308}, xlim:(122.9, 125.1), ylim:(447.85, 451.15), i:0
returning: (124, 449), modified:False


Plotting date: 2023-05-22

@check_overlap_helper: existing_positions:[(124, 450), (124.275, 450), (124, 451), (124.275, 451), (124, 450.18333333333334), (123, 451), (124, 449)], x:124, y:448, offset_increment:{'x': 0.2749999999999986, 'y': 0.1833333333333308}, xlim:(122.9, 125.1), ylim:(447.85, 451.15), i:0
returning: (124, 448), modified:False


Plotting date: 2023-05-19

@check_overlap_helper: existing_positions:[(124, 450), (124.275, 450), (124, 451), (124.275, 451), (124, 450.18333333333334), (123, 451), (124, 449), (124, 448)], x:125, y:449, offset_increment:{'x': 0.2749999999999986, 'y': 0.1833333333333308}, xlim:(122.9, 125.1), ylim:(447.85, 451.15), i:0
returning: (125, 449), modified:False
@generate_gif: path:output/crop1000/nodules-last-detected-on/2023-06-07/32, output_name:o.gif
len_jpg_files: 5
@generate_gif: path:output/crop1000/nodules-last-detected-on/2023-06-07/32/detection, output_name:d.gif
len_jpg_files: 5
nodules_dir: output/crop1000/nodules-last-detected-on/2023-06-07/32 has 5 entries
nodules_dir: output/crop1000/nodules-last-detected-on/2023-06-07/32 has 5 entries


Plotting date: 2023-06-05

@check_overlap_helper: existing_positions:[], x:227, y:220, offset_increment:{'x': 0.13750000000000284, 'y': 0.1222222222222216}, xlim:(226.95, 228.05), ylim:(219.9, 222.1), i:0
returning: (227, 220), modified:False


Plotting date: 2023-06-02

@check_overlap_helper: existing_positions:[(227, 220)], x:227, y:221, offset_increment:{'x': 0.13750000000000284, 'y': 0.1222222222222216}, xlim:(226.95, 228.05), ylim:(219.9, 222.1), i:0
returning: (227, 221), modified:False


Plotting date: 2023-05-31

@check_overlap_helper: existing_positions:[(227, 220), (227, 221)], x:228, y:222, offset_increment:{'x': 0.13750000000000284, 'y': 0.1222222222222216}, xlim:(226.95, 228.05), ylim:(219.9, 222.1), i:0
returning: (228, 222), modified:False


Plotting date: 2023-05-29

@check_overlap_helper: existing_positions:[(227, 220), (227, 221), (228, 222)], x:227, y:221, offset_increment:{'x': 0.13750000000000284, 'y': 0.1222222222222216}, xlim:(226.95, 228.05), ylim:(219.9, 222.1), i:0
returning: (227.1375, 221), modified:True, original:(227, 221)


Plotting date: 2023-05-26

@check_overlap_helper: existing_positions:[(227, 220), (227, 221), (228, 222), (227.1375, 221)], x:228, y:221, offset_increment:{'x': 0.13750000000000284, 'y': 0.1222222222222216}, xlim:(226.95, 228.05), ylim:(219.9, 222.1), i:0
returning: (228, 221), modified:False
@generate_gif: path:output/crop1000/nodules-last-detected-on/2023-06-07/35, output_name:o.gif
len_jpg_files: 9
@generate_gif: path:output/crop1000/nodules-last-detected-on/2023-06-07/35/detection, output_name:d.gif
len_jpg_files: 9
nodules_dir: output/crop1000/nodules-last-detected-on/2023-06-07/35 has 9 entries
nodules_dir: output/crop1000/nodules-last-detected-on/2023-06-07/35 has 9 entries


Plotting date: 2023-06-07

@check_overlap_helper: existing_positions:[], x:78, y:232, offset_increment:{'x': 1.1000000000000014, 'y': 0.7944444444444451}, xlim:(70.6, 79.4), ylim:(219.35, 233.65), i:0
returning: (78, 232), modified:False


Plotting date: 2023-06-05

@check_overlap_helper: existing_positions:[(78, 232)], x:78, y:231, offset_increment:{'x': 1.1000000000000014, 'y': 0.7944444444444451}, xlim:(70.6, 79.4), ylim:(219.35, 233.65), i:0
returning: (78, 231), modified:False


Plotting date: 2023-06-02

@check_overlap_helper: existing_positions:[(78, 232), (78, 231)], x:78, y:232, offset_increment:{'x': 1.1000000000000014, 'y': 0.7944444444444451}, xlim:(70.6, 79.4), ylim:(219.35, 233.65), i:0
returning: (79.1, 232), modified:True, original:(78, 232)


Plotting date: 2023-05-31

@check_overlap_helper: existing_positions:[(78, 232), (78, 231), (79.1, 232)], x:78, y:233, offset_increment:{'x': 1.1000000000000014, 'y': 0.7944444444444451}, xlim:(70.6, 79.4), ylim:(219.35, 233.65), i:0
returning: (78, 233), modified:False


Plotting date: 2023-05-29

@check_overlap_helper: existing_positions:[(78, 232), (78, 231), (79.1, 232), (78, 233)], x:78, y:232, offset_increment:{'x': 1.1000000000000014, 'y': 0.7944444444444451}, xlim:(70.6, 79.4), ylim:(219.35, 233.65), i:0
returning: (76.9, 232), modified:True, original:(78, 232)


Plotting date: 2023-05-26

@check_overlap_helper: existing_positions:[(78, 232), (78, 231), (79.1, 232), (78, 233), (76.9, 232)], x:79, y:232, offset_increment:{'x': 1.1000000000000014, 'y': 0.7944444444444451}, xlim:(70.6, 79.4), ylim:(219.35, 233.65), i:0
returning: (79, 232.79444444444445), modified:True, original:(79, 232)


Plotting date: 2023-05-24

@check_overlap_helper: existing_positions:[(78, 232), (78, 231), (79.1, 232), (78, 233), (76.9, 232), (79, 232.79444444444445)], x:71, y:220, offset_increment:{'x': 1.1000000000000014, 'y': 0.7944444444444451}, xlim:(70.6, 79.4), ylim:(219.35, 233.65), i:0
returning: (71, 220), modified:False


Plotting date: 2023-05-22

@check_overlap_helper: existing_positions:[(78, 232), (78, 231), (79.1, 232), (78, 233), (76.9, 232), (79, 232.79444444444445), (71, 220)], x:71, y:220, offset_increment:{'x': 1.1000000000000014, 'y': 0.7944444444444451}, xlim:(70.6, 79.4), ylim:(219.35, 233.65), i:0
returning: (72.1, 220), modified:True, original:(71, 220)


Plotting date: 2023-05-19

@check_overlap_helper: existing_positions:[(78, 232), (78, 231), (79.1, 232), (78, 233), (76.9, 232), (79, 232.79444444444445), (71, 220), (72.1, 220)], x:72, y:220, offset_increment:{'x': 1.1000000000000014, 'y': 0.7944444444444451}, xlim:(70.6, 79.4), ylim:(219.35, 233.65), i:0
returning: (73.1, 220), modified:True, original:(72, 220)
@generate_gif: path:output/crop1000/nodules-last-detected-on/2023-06-07/102, output_name:o.gif
len_jpg_files: 11
@generate_gif: path:output/crop1000/nodules-last-detected-on/2023-06-07/102/detection, output_name:d.gif
len_jpg_files: 11
nodules_dir: output/crop1000/nodules-last-detected-on/2023-06-07/102 has 11 entries
nodules_dir: output/crop1000/nodules-last-detected-on/2023-06-07/102 has 11 entries


Plotting date: 2023-06-07

@check_overlap_helper: existing_positions:[], x:69, y:448, offset_increment:{'x': 0.4125000000000014, 'y': 0.2444444444444432}, xlim:(68.85, 72.15), ylim:(444.8, 449.2), i:0
returning: (69, 448), modified:False


Plotting date: 2023-06-05

@check_overlap_helper: existing_positions:[(69, 448)], x:69, y:448, offset_increment:{'x': 0.4125000000000014, 'y': 0.2444444444444432}, xlim:(68.85, 72.15), ylim:(444.8, 449.2), i:0
returning: (69.4125, 448), modified:True, original:(69, 448)


Plotting date: 2023-06-02

@check_overlap_helper: existing_positions:[(69, 448), (69.4125, 448)], x:69, y:449, offset_increment:{'x': 0.4125000000000014, 'y': 0.2444444444444432}, xlim:(68.85, 72.15), ylim:(444.8, 449.2), i:0
returning: (69, 449), modified:False


Plotting date: 2023-05-31

@check_overlap_helper: existing_positions:[(69, 448), (69.4125, 448), (69, 449)], x:69, y:449, offset_increment:{'x': 0.4125000000000014, 'y': 0.2444444444444432}, xlim:(68.85, 72.15), ylim:(444.8, 449.2), i:0
returning: (69.4125, 449), modified:True, original:(69, 449)


Plotting date: 2023-05-29

@check_overlap_helper: existing_positions:[(69, 448), (69.4125, 448), (69, 449), (69.4125, 449)], x:69, y:447, offset_increment:{'x': 0.4125000000000014, 'y': 0.2444444444444432}, xlim:(68.85, 72.15), ylim:(444.8, 449.2), i:0
returning: (69, 447), modified:False


Plotting date: 2023-05-26

@check_overlap_helper: existing_positions:[(69, 448), (69.4125, 448), (69, 449), (69.4125, 449), (69, 447)], x:69, y:448, offset_increment:{'x': 0.4125000000000014, 'y': 0.2444444444444432}, xlim:(68.85, 72.15), ylim:(444.8, 449.2), i:0
returning: (69, 448.24444444444447), modified:True, original:(69, 448)


Plotting date: 2023-05-24

@check_overlap_helper: existing_positions:[(69, 448), (69.4125, 448), (69, 449), (69.4125, 449), (69, 447), (69, 448.24444444444447)], x:70, y:446, offset_increment:{'x': 0.4125000000000014, 'y': 0.2444444444444432}, xlim:(68.85, 72.15), ylim:(444.8, 449.2), i:0
returning: (70, 446), modified:False


Plotting date: 2023-05-22

@check_overlap_helper: existing_positions:[(69, 448), (69.4125, 448), (69, 449), (69.4125, 449), (69, 447), (69, 448.24444444444447), (70, 446)], x:70, y:445, offset_increment:{'x': 0.4125000000000014, 'y': 0.2444444444444432}, xlim:(68.85, 72.15), ylim:(444.8, 449.2), i:0
returning: (70, 445), modified:False


Plotting date: 2023-05-19

@check_overlap_helper: existing_positions:[(69, 448), (69.4125, 448), (69, 449), (69.4125, 449), (69, 447), (69, 448.24444444444447), (70, 446), (70, 445)], x:72, y:445, offset_increment:{'x': 0.4125000000000014, 'y': 0.2444444444444432}, xlim:(68.85, 72.15), ylim:(444.8, 449.2), i:0
returning: (72, 445), modified:False


Plotting date: 2023-05-17

@check_overlap_helper: existing_positions:[(69, 448), (69.4125, 448), (69, 449), (69.4125, 449), (69, 447), (69, 448.24444444444447), (70, 446), (70, 445), (72, 445)], x:72, y:446, offset_increment:{'x': 0.4125000000000014, 'y': 0.2444444444444432}, xlim:(68.85, 72.15), ylim:(444.8, 449.2), i:0
returning: (72, 446), modified:False


Plotting date: 2023-05-15

@check_overlap_helper: existing_positions:[(69, 448), (69.4125, 448), (69, 449), (69.4125, 449), (69, 447), (69, 448.24444444444447), (70, 446), (70, 445), (72, 445), (72, 446)], x:72, y:446, offset_increment:{'x': 0.4125000000000014, 'y': 0.2444444444444432}, xlim:(68.85, 72.15), ylim:(444.8, 449.2), i:0
returning: (72, 446.24444444444447), modified:True, original:(72, 446)
@generate_gif: path:output/crop1000/nodules-last-detected-on/2023-06-07/69, output_name:o.gif
len_jpg_files: 4
@generate_gif: path:output/crop1000/nodules-last-detected-on/2023-06-07/69/detection, output_name:d.gif
len_jpg_files: 4
nodules_dir: output/crop1000/nodules-last-detected-on/2023-06-07/69 has 4 entries
nodules_dir: output/crop1000/nodules-last-detected-on/2023-06-07/69 has 4 entries


Plotting date: 2023-06-07

@check_overlap_helper: existing_positions:[], x:226, y:353, offset_increment:{'x': 0.2749999999999986, 'y': 0.06111111111111237}, xlim:(225.9, 228.1), ylim:(352.95, 354.05), i:0
returning: (226, 353), modified:False


Plotting date: 2023-06-05

@check_overlap_helper: existing_positions:[(226, 353)], x:228, y:353, offset_increment:{'x': 0.2749999999999986, 'y': 0.06111111111111237}, xlim:(225.9, 228.1), ylim:(352.95, 354.05), i:0
returning: (228, 353), modified:False


Plotting date: 2023-06-02

@check_overlap_helper: existing_positions:[(226, 353), (228, 353)], x:227, y:353, offset_increment:{'x': 0.2749999999999986, 'y': 0.06111111111111237}, xlim:(225.9, 228.1), ylim:(352.95, 354.05), i:0
returning: (227, 353), modified:False


Plotting date: 2023-05-31

@check_overlap_helper: existing_positions:[(226, 353), (228, 353), (227, 353)], x:227, y:354, offset_increment:{'x': 0.2749999999999986, 'y': 0.06111111111111237}, xlim:(225.9, 228.1), ylim:(352.95, 354.05), i:0
returning: (227, 354), modified:False
@generate_gif: path:output/crop1000/nodules-last-detected-on/2023-06-07/56, output_name:o.gif
len_jpg_files: 1
@generate_gif: path:output/crop1000/nodules-last-detected-on/2023-06-07/56/detection, output_name:d.gif
len_jpg_files: 1
nodules_dir: output/crop1000/nodules-last-detected-on/2023-06-07/56 has 1 entries
nodules_dir: output/crop1000/nodules-last-detected-on/2023-06-07/56 has less than 2 entries, skipping
@generate_gif: path:output/crop1000/nodules-last-detected-on/2023-06-07/105, output_name:o.gif
len_jpg_files: 4
@generate_gif: path:output/crop1000/nodules-last-detected-on/2023-06-07/105/detection, output_name:d.gif
len_jpg_files: 4
nodules_dir: output/crop1000/nodules-last-detected-on/2023-06-07/105 has 4 entries
nodules_dir: output/crop1000/nodules-last-detected-on/2023-06-07/105 has 4 entries


Plotting date: 2023-06-07

@check_overlap_helper: existing_positions:[], x:184, y:455, offset_increment:{'x': 0.13750000000000284, 'y': 0.06111111111111237}, xlim:(183.95, 185.05), ylim:(454.95, 456.05), i:0
returning: (184, 455), modified:False


Plotting date: 2023-06-05

@check_overlap_helper: existing_positions:[(184, 455)], x:185, y:455, offset_increment:{'x': 0.13750000000000284, 'y': 0.06111111111111237}, xlim:(183.95, 185.05), ylim:(454.95, 456.05), i:0
returning: (185, 455), modified:False


Plotting date: 2023-06-02

@check_overlap_helper: existing_positions:[(184, 455), (185, 455)], x:185, y:456, offset_increment:{'x': 0.13750000000000284, 'y': 0.06111111111111237}, xlim:(183.95, 185.05), ylim:(454.95, 456.05), i:0
returning: (185, 456), modified:False


Plotting date: 2023-05-31

@check_overlap_helper: existing_positions:[(184, 455), (185, 455), (185, 456)], x:185, y:455, offset_increment:{'x': 0.13750000000000284, 'y': 0.06111111111111237}, xlim:(183.95, 185.05), ylim:(454.95, 456.05), i:0
returning: (185, 455.06111111111113), modified:True, original:(185, 455)
@generate_gif: path:output/crop1000/nodules-last-detected-on/2023-06-07/51, output_name:o.gif
len_jpg_files: 8
@generate_gif: path:output/crop1000/nodules-last-detected-on/2023-06-07/51/detection, output_name:d.gif
len_jpg_files: 8
nodules_dir: output/crop1000/nodules-last-detected-on/2023-06-07/51 has 8 entries
nodules_dir: output/crop1000/nodules-last-detected-on/2023-06-07/51 has 8 entries


Plotting date: 2023-06-07

@check_overlap_helper: existing_positions:[], x:125, y:301, offset_increment:{'x': 0.1374999999999993, 'y': 0.1833333333333308}, xlim:(124.95, 126.05), ylim:(298.85, 302.15), i:0
returning: (125, 301), modified:False


Plotting date: 2023-06-05

@check_overlap_helper: existing_positions:[(125, 301)], x:125, y:301, offset_increment:{'x': 0.1374999999999993, 'y': 0.1833333333333308}, xlim:(124.95, 126.05), ylim:(298.85, 302.15), i:0
returning: (125.1375, 301), modified:True, original:(125, 301)


Plotting date: 2023-06-02

@check_overlap_helper: existing_positions:[(125, 301), (125.1375, 301)], x:125, y:302, offset_increment:{'x': 0.1374999999999993, 'y': 0.1833333333333308}, xlim:(124.95, 126.05), ylim:(298.85, 302.15), i:0
returning: (125, 302), modified:False


Plotting date: 2023-05-31

@check_overlap_helper: existing_positions:[(125, 301), (125.1375, 301), (125, 302)], x:125, y:302, offset_increment:{'x': 0.1374999999999993, 'y': 0.1833333333333308}, xlim:(124.95, 126.05), ylim:(298.85, 302.15), i:0
returning: (125.1375, 302), modified:True, original:(125, 302)


Plotting date: 2023-05-29

@check_overlap_helper: existing_positions:[(125, 301), (125.1375, 301), (125, 302), (125.1375, 302)], x:125, y:302, offset_increment:{'x': 0.1374999999999993, 'y': 0.1833333333333308}, xlim:(124.95, 126.05), ylim:(298.85, 302.15), i:0
returning: (125, 301.81666666666666), modified:True, original:(125, 302)


Plotting date: 2023-05-26

@check_overlap_helper: existing_positions:[(125, 301), (125.1375, 301), (125, 302), (125.1375, 302), (125, 301.81666666666666)], x:126, y:302, offset_increment:{'x': 0.1374999999999993, 'y': 0.1833333333333308}, xlim:(124.95, 126.05), ylim:(298.85, 302.15), i:0
returning: (126, 302), modified:False


Plotting date: 2023-05-24

@check_overlap_helper: existing_positions:[(125, 301), (125.1375, 301), (125, 302), (125.1375, 302), (125, 301.81666666666666), (126, 302)], x:125, y:300, offset_increment:{'x': 0.1374999999999993, 'y': 0.1833333333333308}, xlim:(124.95, 126.05), ylim:(298.85, 302.15), i:0
returning: (125, 300), modified:False


Plotting date: 2023-05-22

@check_overlap_helper: existing_positions:[(125, 301), (125.1375, 301), (125, 302), (125.1375, 302), (125, 301.81666666666666), (126, 302), (125, 300)], x:125, y:299, offset_increment:{'x': 0.1374999999999993, 'y': 0.1833333333333308}, xlim:(124.95, 126.05), ylim:(298.85, 302.15), i:0
returning: (125, 299), modified:False
@generate_gif: path:output/crop1000/nodules-last-detected-on/2023-06-07/58, output_name:o.gif
len_jpg_files: 4
@generate_gif: path:output/crop1000/nodules-last-detected-on/2023-06-07/58/detection, output_name:d.gif
len_jpg_files: 4
nodules_dir: output/crop1000/nodules-last-detected-on/2023-06-07/58 has 4 entries
nodules_dir: output/crop1000/nodules-last-detected-on/2023-06-07/58 has 4 entries


Plotting date: 2023-06-07

@check_overlap_helper: existing_positions:[], x:214, y:332, offset_increment:{'x': 1.5125000000000028, 'y': 0.3666666666666679}, xlim:(203.45, 215.55), ylim:(330.7, 337.3), i:0
returning: (214, 332), modified:False


Plotting date: 2023-06-05

@check_overlap_helper: existing_positions:[(214, 332)], x:215, y:331, offset_increment:{'x': 1.5125000000000028, 'y': 0.3666666666666679}, xlim:(203.45, 215.55), ylim:(330.7, 337.3), i:0
returning: (215, 331), modified:False


Plotting date: 2023-06-02

@check_overlap_helper: existing_positions:[(214, 332), (215, 331)], x:215, y:332, offset_increment:{'x': 1.5125000000000028, 'y': 0.3666666666666679}, xlim:(203.45, 215.55), ylim:(330.7, 337.3), i:0
returning: (215, 332), modified:False


Plotting date: 2023-05-31

@check_overlap_helper: existing_positions:[(214, 332), (215, 331), (215, 332)], x:204, y:337, offset_increment:{'x': 1.5125000000000028, 'y': 0.3666666666666679}, xlim:(203.45, 215.55), ylim:(330.7, 337.3), i:0
returning: (204, 337), modified:False
@generate_gif: path:output/crop1000/nodules-last-detected-on/2023-06-07/67, output_name:o.gif
len_jpg_files: 6
@generate_gif: path:output/crop1000/nodules-last-detected-on/2023-06-07/67/detection, output_name:d.gif
len_jpg_files: 6
nodules_dir: output/crop1000/nodules-last-detected-on/2023-06-07/67 has 6 entries
nodules_dir: output/crop1000/nodules-last-detected-on/2023-06-07/67 has 6 entries


Plotting date: 2023-06-07

@check_overlap_helper: existing_positions:[], x:178, y:352, offset_increment:{'x': 0.13750000000000284, 'y': 0.12222222222222474}, xlim:(177.95, 179.05), ylim:(350.9, 353.1), i:0
returning: (178, 352), modified:False


Plotting date: 2023-06-05

@check_overlap_helper: existing_positions:[(178, 352)], x:179, y:351, offset_increment:{'x': 0.13750000000000284, 'y': 0.12222222222222474}, xlim:(177.95, 179.05), ylim:(350.9, 353.1), i:0
returning: (179, 351), modified:False


Plotting date: 2023-06-02

@check_overlap_helper: existing_positions:[(178, 352), (179, 351)], x:179, y:352, offset_increment:{'x': 0.13750000000000284, 'y': 0.12222222222222474}, xlim:(177.95, 179.05), ylim:(350.9, 353.1), i:0
returning: (179, 352), modified:False


Plotting date: 2023-05-31

@check_overlap_helper: existing_positions:[(178, 352), (179, 351), (179, 352)], x:178, y:353, offset_increment:{'x': 0.13750000000000284, 'y': 0.12222222222222474}, xlim:(177.95, 179.05), ylim:(350.9, 353.1), i:0
returning: (178, 353), modified:False


Plotting date: 2023-05-29

@check_overlap_helper: existing_positions:[(178, 352), (179, 351), (179, 352), (178, 353)], x:178, y:352, offset_increment:{'x': 0.13750000000000284, 'y': 0.12222222222222474}, xlim:(177.95, 179.05), ylim:(350.9, 353.1), i:0
returning: (178.1375, 352), modified:True, original:(178, 352)


Plotting date: 2023-05-26

@check_overlap_helper: existing_positions:[(178, 352), (179, 351), (179, 352), (178, 353), (178.1375, 352)], x:179, y:352, offset_increment:{'x': 0.13750000000000284, 'y': 0.12222222222222474}, xlim:(177.95, 179.05), ylim:(350.9, 353.1), i:0
returning: (179, 352.1222222222222), modified:True, original:(179, 352)
@generate_gif: path:output/crop1000/nodules-last-detected-on/2023-06-07/93, output_name:o.gif
len_jpg_files: 1
@generate_gif: path:output/crop1000/nodules-last-detected-on/2023-06-07/93/detection, output_name:d.gif
len_jpg_files: 1
nodules_dir: output/crop1000/nodules-last-detected-on/2023-06-07/93 has 1 entries
nodules_dir: output/crop1000/nodules-last-detected-on/2023-06-07/93 has less than 2 entries, skipping
@generate_gif: path:output/crop1000/nodules-last-detected-on/2023-06-07/134, output_name:o.gif
len_jpg_files: 1
@generate_gif: path:output/crop1000/nodules-last-detected-on/2023-06-07/134/detection, output_name:d.gif
len_jpg_files: 1
nodules_dir: output/crop1000/nodules-last-detected-on/2023-06-07/134 has 1 entries
nodules_dir: output/crop1000/nodules-last-detected-on/2023-06-07/134 has less than 2 entries, skipping
@generate_gif: path:output/crop1000/nodules-last-detected-on/2023-06-07/94, output_name:o.gif
len_jpg_files: 10
@generate_gif: path:output/crop1000/nodules-last-detected-on/2023-06-07/94/detection, output_name:d.gif
len_jpg_files: 10
nodules_dir: output/crop1000/nodules-last-detected-on/2023-06-07/94 has 10 entries
nodules_dir: output/crop1000/nodules-last-detected-on/2023-06-07/94 has 10 entries


Plotting date: 2023-06-07

@check_overlap_helper: existing_positions:[], x:114, y:404, offset_increment:{'x': 0.4125000000000014, 'y': 0.2444444444444432}, xlim:(113.85, 117.15), ylim:(400.8, 405.2), i:0
returning: (114, 404), modified:False


Plotting date: 2023-06-05

@check_overlap_helper: existing_positions:[(114, 404)], x:114, y:404, offset_increment:{'x': 0.4125000000000014, 'y': 0.2444444444444432}, xlim:(113.85, 117.15), ylim:(400.8, 405.2), i:0
returning: (114.4125, 404), modified:True, original:(114, 404)


Plotting date: 2023-06-02

@check_overlap_helper: existing_positions:[(114, 404), (114.4125, 404)], x:114, y:405, offset_increment:{'x': 0.4125000000000014, 'y': 0.2444444444444432}, xlim:(113.85, 117.15), ylim:(400.8, 405.2), i:0
returning: (114, 405), modified:False


Plotting date: 2023-05-31

@check_overlap_helper: existing_positions:[(114, 404), (114.4125, 404), (114, 405)], x:115, y:405, offset_increment:{'x': 0.4125000000000014, 'y': 0.2444444444444432}, xlim:(113.85, 117.15), ylim:(400.8, 405.2), i:0
returning: (115, 405), modified:False


Plotting date: 2023-05-29

@check_overlap_helper: existing_positions:[(114, 404), (114.4125, 404), (114, 405), (115, 405)], x:114, y:403, offset_increment:{'x': 0.4125000000000014, 'y': 0.2444444444444432}, xlim:(113.85, 117.15), ylim:(400.8, 405.2), i:0
returning: (114, 403), modified:False


Plotting date: 2023-05-26

@check_overlap_helper: existing_positions:[(114, 404), (114.4125, 404), (114, 405), (115, 405), (114, 403)], x:114, y:404, offset_increment:{'x': 0.4125000000000014, 'y': 0.2444444444444432}, xlim:(113.85, 117.15), ylim:(400.8, 405.2), i:0
returning: (114, 404.24444444444447), modified:True, original:(114, 404)


Plotting date: 2023-05-24

@check_overlap_helper: existing_positions:[(114, 404), (114.4125, 404), (114, 405), (115, 405), (114, 403), (114, 404.24444444444447)], x:115, y:402, offset_increment:{'x': 0.4125000000000014, 'y': 0.2444444444444432}, xlim:(113.85, 117.15), ylim:(400.8, 405.2), i:0
returning: (115, 402), modified:False


Plotting date: 2023-05-22

@check_overlap_helper: existing_positions:[(114, 404), (114.4125, 404), (114, 405), (115, 405), (114, 403), (114, 404.24444444444447), (115, 402)], x:116, y:401, offset_increment:{'x': 0.4125000000000014, 'y': 0.2444444444444432}, xlim:(113.85, 117.15), ylim:(400.8, 405.2), i:0
returning: (116, 401), modified:False


Plotting date: 2023-05-19

@check_overlap_helper: existing_positions:[(114, 404), (114.4125, 404), (114, 405), (115, 405), (114, 403), (114, 404.24444444444447), (115, 402), (116, 401)], x:117, y:401, offset_increment:{'x': 0.4125000000000014, 'y': 0.2444444444444432}, xlim:(113.85, 117.15), ylim:(400.8, 405.2), i:0
returning: (117, 401), modified:False


Plotting date: 2023-05-17

@check_overlap_helper: existing_positions:[(114, 404), (114.4125, 404), (114, 405), (115, 405), (114, 403), (114, 404.24444444444447), (115, 402), (116, 401), (117, 401)], x:117, y:403, offset_increment:{'x': 0.4125000000000014, 'y': 0.2444444444444432}, xlim:(113.85, 117.15), ylim:(400.8, 405.2), i:0
returning: (117, 403), modified:False
@generate_gif: path:output/crop1000/nodules-last-detected-on/2023-06-07/34, output_name:o.gif
len_jpg_files: 3
@generate_gif: path:output/crop1000/nodules-last-detected-on/2023-06-07/34/detection, output_name:d.gif
len_jpg_files: 3
nodules_dir: output/crop1000/nodules-last-detected-on/2023-06-07/34 has 3 entries
nodules_dir: output/crop1000/nodules-last-detected-on/2023-06-07/34 has 3 entries


Plotting date: 2023-06-07

@check_overlap_helper: existing_positions:[], x:209, y:227, offset_increment:{'x': 0.13750000000000284, 'y': 1.3872222222222206}, xlim:(208.95, 210.05), ylim:(214.51500000000001, 239.48499999999999), i:0
returning: (209, 227), modified:False


Plotting date: 2023-06-05

@check_overlap_helper: existing_positions:[(209, 227)], x:210, y:227, offset_increment:{'x': 0.13750000000000284, 'y': 1.3872222222222206}, xlim:(208.95, 210.05), ylim:(214.51500000000001, 239.48499999999999), i:0
returning: (210, 227), modified:False


Plotting date: 2023-06-02

@check_overlap_helper: existing_positions:[(209, 227), (210, 227)], x:210, y:227, offset_increment:{'x': 0.13750000000000284, 'y': 1.3872222222222206}, xlim:(208.95, 210.05), ylim:(214.51500000000001, 239.48499999999999), i:0
returning: (210, 228.38722222222222), modified:True, original:(210, 227)
@generate_gif: path:output/crop1000/nodules-last-detected-on/2023-06-07/33, output_name:o.gif
len_jpg_files: 9
@generate_gif: path:output/crop1000/nodules-last-detected-on/2023-06-07/33/detection, output_name:d.gif
len_jpg_files: 9
nodules_dir: output/crop1000/nodules-last-detected-on/2023-06-07/33 has 9 entries
nodules_dir: output/crop1000/nodules-last-detected-on/2023-06-07/33 has 9 entries


Plotting date: 2023-06-07

@check_overlap_helper: existing_positions:[], x:173, y:228, offset_increment:{'x': 0.5499999999999972, 'y': 0.3666666666666679}, xlim:(170.8, 175.2), ylim:(222.7, 229.3), i:0
returning: (173, 228), modified:False


Plotting date: 2023-06-05

@check_overlap_helper: existing_positions:[(173, 228)], x:175, y:228, offset_increment:{'x': 0.5499999999999972, 'y': 0.3666666666666679}, xlim:(170.8, 175.2), ylim:(222.7, 229.3), i:0
returning: (175, 228), modified:False


Plotting date: 2023-06-02

@check_overlap_helper: existing_positions:[(173, 228), (175, 228)], x:174, y:229, offset_increment:{'x': 0.5499999999999972, 'y': 0.3666666666666679}, xlim:(170.8, 175.2), ylim:(222.7, 229.3), i:0
returning: (174, 229), modified:False


Plotting date: 2023-05-31

@check_overlap_helper: existing_positions:[(173, 228), (175, 228), (174, 229)], x:173, y:229, offset_increment:{'x': 0.5499999999999972, 'y': 0.3666666666666679}, xlim:(170.8, 175.2), ylim:(222.7, 229.3), i:0
returning: (173, 229), modified:False


Plotting date: 2023-05-29

@check_overlap_helper: existing_positions:[(173, 228), (175, 228), (174, 229), (173, 229)], x:173, y:229, offset_increment:{'x': 0.5499999999999972, 'y': 0.3666666666666679}, xlim:(170.8, 175.2), ylim:(222.7, 229.3), i:0
returning: (173.55, 229), modified:True, original:(173, 229)


Plotting date: 2023-05-26

@check_overlap_helper: existing_positions:[(173, 228), (175, 228), (174, 229), (173, 229), (173.55, 229)], x:174, y:228, offset_increment:{'x': 0.5499999999999972, 'y': 0.3666666666666679}, xlim:(170.8, 175.2), ylim:(222.7, 229.3), i:0
returning: (174, 228), modified:False


Plotting date: 2023-05-24

@check_overlap_helper: existing_positions:[(173, 228), (175, 228), (174, 229), (173, 229), (173.55, 229), (174, 228)], x:173, y:225, offset_increment:{'x': 0.5499999999999972, 'y': 0.3666666666666679}, xlim:(170.8, 175.2), ylim:(222.7, 229.3), i:0
returning: (173, 225), modified:False


Plotting date: 2023-05-22

@check_overlap_helper: existing_positions:[(173, 228), (175, 228), (174, 229), (173, 229), (173.55, 229), (174, 228), (173, 225)], x:172, y:225, offset_increment:{'x': 0.5499999999999972, 'y': 0.3666666666666679}, xlim:(170.8, 175.2), ylim:(222.7, 229.3), i:0
returning: (172, 225), modified:False


Plotting date: 2023-05-19

@check_overlap_helper: existing_positions:[(173, 228), (175, 228), (174, 229), (173, 229), (173.55, 229), (174, 228), (173, 225), (172, 225)], x:171, y:223, offset_increment:{'x': 0.5499999999999972, 'y': 0.3666666666666679}, xlim:(170.8, 175.2), ylim:(222.7, 229.3), i:0
returning: (171, 223), modified:False
@generate_gif: path:output/crop1000/nodules-last-detected-on/2023-06-07/169, output_name:o.gif
len_jpg_files: 1
@generate_gif: path:output/crop1000/nodules-last-detected-on/2023-06-07/169/detection, output_name:d.gif
len_jpg_files: 1
nodules_dir: output/crop1000/nodules-last-detected-on/2023-06-07/169 has 1 entries
nodules_dir: output/crop1000/nodules-last-detected-on/2023-06-07/169 has less than 2 entries, skipping
@generate_gif: path:output/crop1000/nodules-last-detected-on/2023-06-07/180, output_name:o.gif
len_jpg_files: 1
@generate_gif: path:output/crop1000/nodules-last-detected-on/2023-06-07/180/detection, output_name:d.gif
len_jpg_files: 1
nodules_dir: output/crop1000/nodules-last-detected-on/2023-06-07/180 has 1 entries
nodules_dir: output/crop1000/nodules-last-detected-on/2023-06-07/180 has less than 2 entries, skipping
@generate_gif: path:output/crop1000/nodules-last-detected-on/2023-06-07/20, output_name:o.gif
len_jpg_files: 1
@generate_gif: path:output/crop1000/nodules-last-detected-on/2023-06-07/20/detection, output_name:d.gif
len_jpg_files: 1
nodules_dir: output/crop1000/nodules-last-detected-on/2023-06-07/20 has 1 entries
nodules_dir: output/crop1000/nodules-last-detected-on/2023-06-07/20 has less than 2 entries, skipping
@generate_gif: path:output/crop1000/nodules-last-detected-on/2023-06-07/18, output_name:o.gif
len_jpg_files: 11
@generate_gif: path:output/crop1000/nodules-last-detected-on/2023-06-07/18/detection, output_name:d.gif
len_jpg_files: 11
nodules_dir: output/crop1000/nodules-last-detected-on/2023-06-07/18 has 11 entries
nodules_dir: output/crop1000/nodules-last-detected-on/2023-06-07/18 has 11 entries


Plotting date: 2023-06-07

@check_overlap_helper: existing_positions:[], x:78, y:192, offset_increment:{'x': 0.1374999999999993, 'y': 0.18333333333333396}, xlim:(77.95, 79.05), ylim:(190.85, 194.15), i:0
returning: (78, 192), modified:False


Plotting date: 2023-06-05

@check_overlap_helper: existing_positions:[(78, 192)], x:79, y:192, offset_increment:{'x': 0.1374999999999993, 'y': 0.18333333333333396}, xlim:(77.95, 79.05), ylim:(190.85, 194.15), i:0
returning: (79, 192), modified:False


Plotting date: 2023-06-02

@check_overlap_helper: existing_positions:[(78, 192), (79, 192)], x:79, y:193, offset_increment:{'x': 0.1374999999999993, 'y': 0.18333333333333396}, xlim:(77.95, 79.05), ylim:(190.85, 194.15), i:0
returning: (79, 193), modified:False


Plotting date: 2023-05-31

@check_overlap_helper: existing_positions:[(78, 192), (79, 192), (79, 193)], x:79, y:194, offset_increment:{'x': 0.1374999999999993, 'y': 0.18333333333333396}, xlim:(77.95, 79.05), ylim:(190.85, 194.15), i:0
returning: (79, 194), modified:False


Plotting date: 2023-05-29

@check_overlap_helper: existing_positions:[(78, 192), (79, 192), (79, 193), (79, 194)], x:78, y:193, offset_increment:{'x': 0.1374999999999993, 'y': 0.18333333333333396}, xlim:(77.95, 79.05), ylim:(190.85, 194.15), i:0
returning: (78, 193), modified:False


Plotting date: 2023-05-26

@check_overlap_helper: existing_positions:[(78, 192), (79, 192), (79, 193), (79, 194), (78, 193)], x:79, y:192, offset_increment:{'x': 0.1374999999999993, 'y': 0.18333333333333396}, xlim:(77.95, 79.05), ylim:(190.85, 194.15), i:0
returning: (79, 192.18333333333334), modified:True, original:(79, 192)


Plotting date: 2023-05-24

@check_overlap_helper: existing_positions:[(78, 192), (79, 192), (79, 193), (79, 194), (78, 193), (79, 192.18333333333334)], x:78, y:191, offset_increment:{'x': 0.1374999999999993, 'y': 0.18333333333333396}, xlim:(77.95, 79.05), ylim:(190.85, 194.15), i:0
returning: (78, 191), modified:False


Plotting date: 2023-05-22

@check_overlap_helper: existing_positions:[(78, 192), (79, 192), (79, 193), (79, 194), (78, 193), (79, 192.18333333333334), (78, 191)], x:78, y:191, offset_increment:{'x': 0.1374999999999993, 'y': 0.18333333333333396}, xlim:(77.95, 79.05), ylim:(190.85, 194.15), i:0
returning: (78.1375, 191), modified:True, original:(78, 191)


Plotting date: 2023-05-19

@check_overlap_helper: existing_positions:[(78, 192), (79, 192), (79, 193), (79, 194), (78, 193), (79, 192.18333333333334), (78, 191), (78.1375, 191)], x:79, y:191, offset_increment:{'x': 0.1374999999999993, 'y': 0.18333333333333396}, xlim:(77.95, 79.05), ylim:(190.85, 194.15), i:0
returning: (79, 191), modified:False


Plotting date: 2023-05-17

@check_overlap_helper: existing_positions:[(78, 192), (79, 192), (79, 193), (79, 194), (78, 193), (79, 192.18333333333334), (78, 191), (78.1375, 191), (79, 191)], x:79, y:194, offset_increment:{'x': 0.1374999999999993, 'y': 0.18333333333333396}, xlim:(77.95, 79.05), ylim:(190.85, 194.15), i:0
returning: (78.8625, 194), modified:True, original:(79, 194)


Plotting date: 2023-05-15

@check_overlap_helper: existing_positions:[(78, 192), (79, 192), (79, 193), (79, 194), (78, 193), (79, 192.18333333333334), (78, 191), (78.1375, 191), (79, 191), (78.8625, 194)], x:78, y:194, offset_increment:{'x': 0.1374999999999993, 'y': 0.18333333333333396}, xlim:(77.95, 79.05), ylim:(190.85, 194.15), i:0
returning: (78, 194), modified:False
@generate_gif: path:output/crop1000/nodules-last-detected-on/2023-06-07/27, output_name:o.gif
len_jpg_files: 12
@generate_gif: path:output/crop1000/nodules-last-detected-on/2023-06-07/27/detection, output_name:d.gif
len_jpg_files: 12
nodules_dir: output/crop1000/nodules-last-detected-on/2023-06-07/27 has 12 entries
nodules_dir: output/crop1000/nodules-last-detected-on/2023-06-07/27 has 12 entries


Plotting date: 2023-06-07

@check_overlap_helper: existing_positions:[], x:84, y:218, offset_increment:{'x': 0.4125000000000014, 'y': 0.42777777777777715}, xlim:(82.85, 86.15), ylim:(212.65, 220.35), i:0
returning: (84, 218), modified:False


Plotting date: 2023-06-05

@check_overlap_helper: existing_positions:[(84, 218)], x:85, y:218, offset_increment:{'x': 0.4125000000000014, 'y': 0.42777777777777715}, xlim:(82.85, 86.15), ylim:(212.65, 220.35), i:0
returning: (85, 218), modified:False


Plotting date: 2023-06-02

@check_overlap_helper: existing_positions:[(84, 218), (85, 218)], x:85, y:219, offset_increment:{'x': 0.4125000000000014, 'y': 0.42777777777777715}, xlim:(82.85, 86.15), ylim:(212.65, 220.35), i:0
returning: (85, 219), modified:False


Plotting date: 2023-05-31

@check_overlap_helper: existing_positions:[(84, 218), (85, 218), (85, 219)], x:85, y:220, offset_increment:{'x': 0.4125000000000014, 'y': 0.42777777777777715}, xlim:(82.85, 86.15), ylim:(212.65, 220.35), i:0
returning: (85, 220), modified:False


Plotting date: 2023-05-29

@check_overlap_helper: existing_positions:[(84, 218), (85, 218), (85, 219), (85, 220)], x:85, y:219, offset_increment:{'x': 0.4125000000000014, 'y': 0.42777777777777715}, xlim:(82.85, 86.15), ylim:(212.65, 220.35), i:0
returning: (85.4125, 219), modified:True, original:(85, 219)


Plotting date: 2023-05-26

@check_overlap_helper: existing_positions:[(84, 218), (85, 218), (85, 219), (85, 220), (85.4125, 219)], x:86, y:218, offset_increment:{'x': 0.4125000000000014, 'y': 0.42777777777777715}, xlim:(82.85, 86.15), ylim:(212.65, 220.35), i:0
returning: (86, 218), modified:False


Plotting date: 2023-05-24

@check_overlap_helper: existing_positions:[(84, 218), (85, 218), (85, 219), (85, 220), (85.4125, 219), (86, 218)], x:84, y:213, offset_increment:{'x': 0.4125000000000014, 'y': 0.42777777777777715}, xlim:(82.85, 86.15), ylim:(212.65, 220.35), i:0
returning: (84, 213), modified:False


Plotting date: 2023-05-22

@check_overlap_helper: existing_positions:[(84, 218), (85, 218), (85, 219), (85, 220), (85.4125, 219), (86, 218), (84, 213)], x:84, y:213, offset_increment:{'x': 0.4125000000000014, 'y': 0.42777777777777715}, xlim:(82.85, 86.15), ylim:(212.65, 220.35), i:0
returning: (84.4125, 213), modified:True, original:(84, 213)


Plotting date: 2023-05-19

@check_overlap_helper: existing_positions:[(84, 218), (85, 218), (85, 219), (85, 220), (85.4125, 219), (86, 218), (84, 213), (84.4125, 213)], x:84, y:213, offset_increment:{'x': 0.4125000000000014, 'y': 0.42777777777777715}, xlim:(82.85, 86.15), ylim:(212.65, 220.35), i:0
returning: (84, 213.42777777777778), modified:True, original:(84, 213)


Plotting date: 2023-05-17

@check_overlap_helper: existing_positions:[(84, 218), (85, 218), (85, 219), (85, 220), (85.4125, 219), (86, 218), (84, 213), (84.4125, 213), (84, 213.42777777777778)], x:84, y:216, offset_increment:{'x': 0.4125000000000014, 'y': 0.42777777777777715}, xlim:(82.85, 86.15), ylim:(212.65, 220.35), i:0
returning: (84, 216), modified:False


Plotting date: 2023-05-15

@check_overlap_helper: existing_positions:[(84, 218), (85, 218), (85, 219), (85, 220), (85.4125, 219), (86, 218), (84, 213), (84.4125, 213), (84, 213.42777777777778), (84, 216)], x:83, y:215, offset_increment:{'x': 0.4125000000000014, 'y': 0.42777777777777715}, xlim:(82.85, 86.15), ylim:(212.65, 220.35), i:0
returning: (83, 215), modified:False


Plotting date: 2023-05-12

@check_overlap_helper: existing_positions:[(84, 218), (85, 218), (85, 219), (85, 220), (85.4125, 219), (86, 218), (84, 213), (84.4125, 213), (84, 213.42777777777778), (84, 216), (83, 215)], x:84, y:213, offset_increment:{'x': 0.4125000000000014, 'y': 0.42777777777777715}, xlim:(82.85, 86.15), ylim:(212.65, 220.35), i:0
returning: (83.5875, 213), modified:True, original:(84, 213)
@generate_gif: path:output/crop1000/nodules-last-detected-on/2023-06-07/9, output_name:o.gif
len_jpg_files: 11
@generate_gif: path:output/crop1000/nodules-last-detected-on/2023-06-07/9/detection, output_name:d.gif
len_jpg_files: 11
nodules_dir: output/crop1000/nodules-last-detected-on/2023-06-07/9 has 11 entries
nodules_dir: output/crop1000/nodules-last-detected-on/2023-06-07/9 has 11 entries


Plotting date: 2023-06-07

@check_overlap_helper: existing_positions:[], x:117, y:131, offset_increment:{'x': 0.4125000000000014, 'y': 0.3055555555555556}, xlim:(114.85, 118.15), ylim:(127.75, 133.25), i:0
returning: (117, 131), modified:False


Plotting date: 2023-06-05

@check_overlap_helper: existing_positions:[(117, 131)], x:118, y:130, offset_increment:{'x': 0.4125000000000014, 'y': 0.3055555555555556}, xlim:(114.85, 118.15), ylim:(127.75, 133.25), i:0
returning: (118, 130), modified:False


Plotting date: 2023-06-02

@check_overlap_helper: existing_positions:[(117, 131), (118, 130)], x:117, y:131, offset_increment:{'x': 0.4125000000000014, 'y': 0.3055555555555556}, xlim:(114.85, 118.15), ylim:(127.75, 133.25), i:0
returning: (117.4125, 131), modified:True, original:(117, 131)


Plotting date: 2023-05-31

@check_overlap_helper: existing_positions:[(117, 131), (118, 130), (117.4125, 131)], x:118, y:133, offset_increment:{'x': 0.4125000000000014, 'y': 0.3055555555555556}, xlim:(114.85, 118.15), ylim:(127.75, 133.25), i:0
returning: (118, 133), modified:False


Plotting date: 2023-05-29

@check_overlap_helper: existing_positions:[(117, 131), (118, 130), (117.4125, 131), (118, 133)], x:117, y:130, offset_increment:{'x': 0.4125000000000014, 'y': 0.3055555555555556}, xlim:(114.85, 118.15), ylim:(127.75, 133.25), i:0
returning: (117, 130), modified:False


Plotting date: 2023-05-26

@check_overlap_helper: existing_positions:[(117, 131), (118, 130), (117.4125, 131), (118, 133), (117, 130)], x:118, y:130, offset_increment:{'x': 0.4125000000000014, 'y': 0.3055555555555556}, xlim:(114.85, 118.15), ylim:(127.75, 133.25), i:0
returning: (118, 130.30555555555554), modified:True, original:(118, 130)


Plotting date: 2023-05-24

@check_overlap_helper: existing_positions:[(117, 131), (118, 130), (117.4125, 131), (118, 133), (117, 130), (118, 130.30555555555554)], x:116, y:128, offset_increment:{'x': 0.4125000000000014, 'y': 0.3055555555555556}, xlim:(114.85, 118.15), ylim:(127.75, 133.25), i:0
returning: (116, 128), modified:False


Plotting date: 2023-05-22

@check_overlap_helper: existing_positions:[(117, 131), (118, 130), (117.4125, 131), (118, 133), (117, 130), (118, 130.30555555555554), (116, 128)], x:115, y:128, offset_increment:{'x': 0.4125000000000014, 'y': 0.3055555555555556}, xlim:(114.85, 118.15), ylim:(127.75, 133.25), i:0
returning: (115, 128), modified:False


Plotting date: 2023-05-19

@check_overlap_helper: existing_positions:[(117, 131), (118, 130), (117.4125, 131), (118, 133), (117, 130), (118, 130.30555555555554), (116, 128), (115, 128)], x:115, y:128, offset_increment:{'x': 0.4125000000000014, 'y': 0.3055555555555556}, xlim:(114.85, 118.15), ylim:(127.75, 133.25), i:0
returning: (115.4125, 128), modified:True, original:(115, 128)


Plotting date: 2023-05-17

@check_overlap_helper: existing_positions:[(117, 131), (118, 130), (117.4125, 131), (118, 133), (117, 130), (118, 130.30555555555554), (116, 128), (115, 128), (115.4125, 128)], x:115, y:131, offset_increment:{'x': 0.4125000000000014, 'y': 0.3055555555555556}, xlim:(114.85, 118.15), ylim:(127.75, 133.25), i:0
returning: (115, 131), modified:False


Plotting date: 2023-05-15

@check_overlap_helper: existing_positions:[(117, 131), (118, 130), (117.4125, 131), (118, 133), (117, 130), (118, 130.30555555555554), (116, 128), (115, 128), (115.4125, 128), (115, 131)], x:116, y:131, offset_increment:{'x': 0.4125000000000014, 'y': 0.3055555555555556}, xlim:(114.85, 118.15), ylim:(127.75, 133.25), i:0
returning: (116, 131), modified:False
@generate_gif: path:output/crop1000/nodules-last-detected-on/2023-06-07/0, output_name:o.gif
len_jpg_files: 1
@generate_gif: path:output/crop1000/nodules-last-detected-on/2023-06-07/0/detection, output_name:d.gif
len_jpg_files: 1
nodules_dir: output/crop1000/nodules-last-detected-on/2023-06-07/0 has 1 entries
nodules_dir: output/crop1000/nodules-last-detected-on/2023-06-07/0 has less than 2 entries, skipping
@generate_gif: path:output/crop1000/nodules-last-detected-on/2023-06-07/11, output_name:o.gif
len_jpg_files: 10
@generate_gif: path:output/crop1000/nodules-last-detected-on/2023-06-07/11/detection, output_name:d.gif
len_jpg_files: 10
nodules_dir: output/crop1000/nodules-last-detected-on/2023-06-07/11 has 10 entries
nodules_dir: output/crop1000/nodules-last-detected-on/2023-06-07/11 has 10 entries


Plotting date: 2023-06-07

@check_overlap_helper: existing_positions:[], x:157, y:140, offset_increment:{'x': 0.5499999999999972, 'y': 0.3666666666666679}, xlim:(154.8, 159.2), ylim:(135.7, 142.3), i:0
returning: (157, 140), modified:False


Plotting date: 2023-06-05

@check_overlap_helper: existing_positions:[(157, 140)], x:158, y:140, offset_increment:{'x': 0.5499999999999972, 'y': 0.3666666666666679}, xlim:(154.8, 159.2), ylim:(135.7, 142.3), i:0
returning: (158, 140), modified:False


Plotting date: 2023-06-02

@check_overlap_helper: existing_positions:[(157, 140), (158, 140)], x:157, y:141, offset_increment:{'x': 0.5499999999999972, 'y': 0.3666666666666679}, xlim:(154.8, 159.2), ylim:(135.7, 142.3), i:0
returning: (157, 141), modified:False


Plotting date: 2023-05-31

@check_overlap_helper: existing_positions:[(157, 140), (158, 140), (157, 141)], x:158, y:142, offset_increment:{'x': 0.5499999999999972, 'y': 0.3666666666666679}, xlim:(154.8, 159.2), ylim:(135.7, 142.3), i:0
returning: (158, 142), modified:False


Plotting date: 2023-05-29

@check_overlap_helper: existing_positions:[(157, 140), (158, 140), (157, 141), (158, 142)], x:157, y:140, offset_increment:{'x': 0.5499999999999972, 'y': 0.3666666666666679}, xlim:(154.8, 159.2), ylim:(135.7, 142.3), i:0
returning: (157.55, 140), modified:True, original:(157, 140)


Plotting date: 2023-05-26

@check_overlap_helper: existing_positions:[(157, 140), (158, 140), (157, 141), (158, 142), (157.55, 140)], x:159, y:140, offset_increment:{'x': 0.5499999999999972, 'y': 0.3666666666666679}, xlim:(154.8, 159.2), ylim:(135.7, 142.3), i:0
returning: (159, 140), modified:False


Plotting date: 2023-05-24

@check_overlap_helper: existing_positions:[(157, 140), (158, 140), (157, 141), (158, 142), (157.55, 140), (159, 140)], x:157, y:138, offset_increment:{'x': 0.5499999999999972, 'y': 0.3666666666666679}, xlim:(154.8, 159.2), ylim:(135.7, 142.3), i:0
returning: (157, 138), modified:False


Plotting date: 2023-05-22

@check_overlap_helper: existing_positions:[(157, 140), (158, 140), (157, 141), (158, 142), (157.55, 140), (159, 140), (157, 138)], x:155, y:137, offset_increment:{'x': 0.5499999999999972, 'y': 0.3666666666666679}, xlim:(154.8, 159.2), ylim:(135.7, 142.3), i:0
returning: (155, 137), modified:False


Plotting date: 2023-05-19

@check_overlap_helper: existing_positions:[(157, 140), (158, 140), (157, 141), (158, 142), (157.55, 140), (159, 140), (157, 138), (155, 137)], x:155, y:136, offset_increment:{'x': 0.5499999999999972, 'y': 0.3666666666666679}, xlim:(154.8, 159.2), ylim:(135.7, 142.3), i:0
returning: (155, 136), modified:False


Plotting date: 2023-05-17

@check_overlap_helper: existing_positions:[(157, 140), (158, 140), (157, 141), (158, 142), (157.55, 140), (159, 140), (157, 138), (155, 137), (155, 136)], x:155, y:140, offset_increment:{'x': 0.5499999999999972, 'y': 0.3666666666666679}, xlim:(154.8, 159.2), ylim:(135.7, 142.3), i:0
returning: (155, 140), modified:False
@generate_gif: path:output/crop1000/nodules-last-detected-on/2023-06-07/7, output_name:o.gif
len_jpg_files: 2
@generate_gif: path:output/crop1000/nodules-last-detected-on/2023-06-07/7/detection, output_name:d.gif
len_jpg_files: 2
nodules_dir: output/crop1000/nodules-last-detected-on/2023-06-07/7 has 2 entries
nodules_dir: output/crop1000/nodules-last-detected-on/2023-06-07/7 has 2 entries


Plotting date: 2023-06-05

@check_overlap_helper: existing_positions:[], x:144, y:121, offset_increment:{'x': 1.9799999999999969, 'y': 0.0611111111111108}, xlim:(136.08, 151.92), ylim:(120.95, 122.05), i:0
returning: (144, 121), modified:False


Plotting date: 2023-06-02

@check_overlap_helper: existing_positions:[(144, 121)], x:144, y:122, offset_increment:{'x': 1.9799999999999969, 'y': 0.0611111111111108}, xlim:(136.08, 151.92), ylim:(120.95, 122.05), i:0
returning: (144, 122), modified:False
@generate_gif: path:output/crop1000/nodules-last-detected-on/2023-06-07/29, output_name:o.gif
len_jpg_files: 1
@generate_gif: path:output/crop1000/nodules-last-detected-on/2023-06-07/29/detection, output_name:d.gif
len_jpg_files: 1
nodules_dir: output/crop1000/nodules-last-detected-on/2023-06-07/29 has 1 entries
nodules_dir: output/crop1000/nodules-last-detected-on/2023-06-07/29 has less than 2 entries, skipping
@generate_gif: path:output/crop1000/nodules-last-detected-on/2023-06-07/16, output_name:o.gif
len_jpg_files: 10
@generate_gif: path:output/crop1000/nodules-last-detected-on/2023-06-07/16/detection, output_name:d.gif
len_jpg_files: 10
nodules_dir: output/crop1000/nodules-last-detected-on/2023-06-07/16 has 10 entries
nodules_dir: output/crop1000/nodules-last-detected-on/2023-06-07/16 has 10 entries


Plotting date: 2023-06-07

@check_overlap_helper: existing_positions:[], x:79, y:174, offset_increment:{'x': 0.4125000000000014, 'y': 0.5499999999999987}, xlim:(76.85, 80.15), ylim:(165.55, 175.45), i:0
returning: (79, 174), modified:False


Plotting date: 2023-06-05

@check_overlap_helper: existing_positions:[(79, 174)], x:80, y:173, offset_increment:{'x': 0.4125000000000014, 'y': 0.5499999999999987}, xlim:(76.85, 80.15), ylim:(165.55, 175.45), i:0
returning: (80, 173), modified:False


Plotting date: 2023-06-02

@check_overlap_helper: existing_positions:[(79, 174), (80, 173)], x:79, y:174, offset_increment:{'x': 0.4125000000000014, 'y': 0.5499999999999987}, xlim:(76.85, 80.15), ylim:(165.55, 175.45), i:0
returning: (79.4125, 174), modified:True, original:(79, 174)


Plotting date: 2023-05-31

@check_overlap_helper: existing_positions:[(79, 174), (80, 173), (79.4125, 174)], x:80, y:175, offset_increment:{'x': 0.4125000000000014, 'y': 0.5499999999999987}, xlim:(76.85, 80.15), ylim:(165.55, 175.45), i:0
returning: (80, 175), modified:False


Plotting date: 2023-05-29

@check_overlap_helper: existing_positions:[(79, 174), (80, 173), (79.4125, 174), (80, 175)], x:78, y:170, offset_increment:{'x': 0.4125000000000014, 'y': 0.5499999999999987}, xlim:(76.85, 80.15), ylim:(165.55, 175.45), i:0
returning: (78, 170), modified:False


Plotting date: 2023-05-26

@check_overlap_helper: existing_positions:[(79, 174), (80, 173), (79.4125, 174), (80, 175), (78, 170)], x:79, y:170, offset_increment:{'x': 0.4125000000000014, 'y': 0.5499999999999987}, xlim:(76.85, 80.15), ylim:(165.55, 175.45), i:0
returning: (79, 170), modified:False


Plotting date: 2023-05-24

@check_overlap_helper: existing_positions:[(79, 174), (80, 173), (79.4125, 174), (80, 175), (78, 170), (79, 170)], x:77, y:166, offset_increment:{'x': 0.4125000000000014, 'y': 0.5499999999999987}, xlim:(76.85, 80.15), ylim:(165.55, 175.45), i:0
returning: (77, 166), modified:False


Plotting date: 2023-05-22

@check_overlap_helper: existing_positions:[(79, 174), (80, 173), (79.4125, 174), (80, 175), (78, 170), (79, 170), (77, 166)], x:77, y:167, offset_increment:{'x': 0.4125000000000014, 'y': 0.5499999999999987}, xlim:(76.85, 80.15), ylim:(165.55, 175.45), i:0
returning: (77, 167), modified:False


Plotting date: 2023-05-19

@check_overlap_helper: existing_positions:[(79, 174), (80, 173), (79.4125, 174), (80, 175), (78, 170), (79, 170), (77, 166), (77, 167)], x:78, y:167, offset_increment:{'x': 0.4125000000000014, 'y': 0.5499999999999987}, xlim:(76.85, 80.15), ylim:(165.55, 175.45), i:0
returning: (78, 167), modified:False


Plotting date: 2023-05-17

@check_overlap_helper: existing_positions:[(79, 174), (80, 173), (79.4125, 174), (80, 175), (78, 170), (79, 170), (77, 166), (77, 167), (78, 167)], x:78, y:170, offset_increment:{'x': 0.4125000000000014, 'y': 0.5499999999999987}, xlim:(76.85, 80.15), ylim:(165.55, 175.45), i:0
returning: (78.4125, 170), modified:True, original:(78, 170)
@generate_gif: path:output/crop1000/nodules-last-detected-on/2023-06-07/129, output_name:o.gif
len_jpg_files: 2
@generate_gif: path:output/crop1000/nodules-last-detected-on/2023-06-07/129/detection, output_name:d.gif
len_jpg_files: 2
nodules_dir: output/crop1000/nodules-last-detected-on/2023-06-07/129 has 2 entries
nodules_dir: output/crop1000/nodules-last-detected-on/2023-06-07/129 has 2 entries


Plotting date: 2023-05-24

@check_overlap_helper: existing_positions:[], x:93, y:506, offset_increment:{'x': 1.2787500000000023, 'y': 0.06111111111111237}, xlim:(87.88499999999999, 98.11500000000001), ylim:(504.95, 506.05), i:0
returning: (93, 506), modified:False


Plotting date: 2023-05-22

@check_overlap_helper: existing_positions:[(93, 506)], x:93, y:505, offset_increment:{'x': 1.2787500000000023, 'y': 0.06111111111111237}, xlim:(87.88499999999999, 98.11500000000001), ylim:(504.95, 506.05), i:0
returning: (93, 505), modified:False
@generate_gif: path:output/crop1000/nodules-last-detected-on/2023-06-07/42, output_name:o.gif
len_jpg_files: 13
@generate_gif: path:output/crop1000/nodules-last-detected-on/2023-06-07/42/detection, output_name:d.gif
len_jpg_files: 13
nodules_dir: output/crop1000/nodules-last-detected-on/2023-06-07/42 has 13 entries
nodules_dir: output/crop1000/nodules-last-detected-on/2023-06-07/42 has 13 entries


Plotting date: 2023-06-07

@check_overlap_helper: existing_positions:[], x:106, y:252, offset_increment:{'x': 0.2749999999999986, 'y': 0.2444444444444432}, xlim:(104.9, 107.1), ylim:(248.8, 253.2), i:0
returning: (106, 252), modified:False


Plotting date: 2023-06-05

@check_overlap_helper: existing_positions:[(106, 252)], x:106, y:251, offset_increment:{'x': 0.2749999999999986, 'y': 0.2444444444444432}, xlim:(104.9, 107.1), ylim:(248.8, 253.2), i:0
returning: (106, 251), modified:False


Plotting date: 2023-06-02

@check_overlap_helper: existing_positions:[(106, 252), (106, 251)], x:106, y:252, offset_increment:{'x': 0.2749999999999986, 'y': 0.2444444444444432}, xlim:(104.9, 107.1), ylim:(248.8, 253.2), i:0
returning: (106.275, 252), modified:True, original:(106, 252)


Plotting date: 2023-05-31

@check_overlap_helper: existing_positions:[(106, 252), (106, 251), (106.275, 252)], x:106, y:253, offset_increment:{'x': 0.2749999999999986, 'y': 0.2444444444444432}, xlim:(104.9, 107.1), ylim:(248.8, 253.2), i:0
returning: (106, 253), modified:False


Plotting date: 2023-05-29

@check_overlap_helper: existing_positions:[(106, 252), (106, 251), (106.275, 252), (106, 253)], x:105, y:252, offset_increment:{'x': 0.2749999999999986, 'y': 0.2444444444444432}, xlim:(104.9, 107.1), ylim:(248.8, 253.2), i:0
returning: (105, 252), modified:False


Plotting date: 2023-05-26

@check_overlap_helper: existing_positions:[(106, 252), (106, 251), (106.275, 252), (106, 253), (105, 252)], x:106, y:251, offset_increment:{'x': 0.2749999999999986, 'y': 0.2444444444444432}, xlim:(104.9, 107.1), ylim:(248.8, 253.2), i:0
returning: (106.275, 251), modified:True, original:(106, 251)


Plotting date: 2023-05-24

@check_overlap_helper: existing_positions:[(106, 252), (106, 251), (106.275, 252), (106, 253), (105, 252), (106.275, 251)], x:106, y:250, offset_increment:{'x': 0.2749999999999986, 'y': 0.2444444444444432}, xlim:(104.9, 107.1), ylim:(248.8, 253.2), i:0
returning: (106, 250), modified:False


Plotting date: 2023-05-22

@check_overlap_helper: existing_positions:[(106, 252), (106, 251), (106.275, 252), (106, 253), (105, 252), (106.275, 251), (106, 250)], x:105, y:250, offset_increment:{'x': 0.2749999999999986, 'y': 0.2444444444444432}, xlim:(104.9, 107.1), ylim:(248.8, 253.2), i:0
returning: (105, 250), modified:False


Plotting date: 2023-05-19

@check_overlap_helper: existing_positions:[(106, 252), (106, 251), (106.275, 252), (106, 253), (105, 252), (106.275, 251), (106, 250), (105, 250)], x:106, y:249, offset_increment:{'x': 0.2749999999999986, 'y': 0.2444444444444432}, xlim:(104.9, 107.1), ylim:(248.8, 253.2), i:0
returning: (106, 249), modified:False


Plotting date: 2023-05-17

@check_overlap_helper: existing_positions:[(106, 252), (106, 251), (106.275, 252), (106, 253), (105, 252), (106.275, 251), (106, 250), (105, 250), (106, 249)], x:106, y:252, offset_increment:{'x': 0.2749999999999986, 'y': 0.2444444444444432}, xlim:(104.9, 107.1), ylim:(248.8, 253.2), i:0
returning: (106, 252.24444444444444), modified:True, original:(106, 252)


Plotting date: 2023-05-15

@check_overlap_helper: existing_positions:[(106, 252), (106, 251), (106.275, 252), (106, 253), (105, 252), (106.275, 251), (106, 250), (105, 250), (106, 249), (106, 252.24444444444444)], x:105, y:252, offset_increment:{'x': 0.2749999999999986, 'y': 0.2444444444444432}, xlim:(104.9, 107.1), ylim:(248.8, 253.2), i:0
returning: (105.275, 252), modified:True, original:(105, 252)


Plotting date: 2023-05-12

@check_overlap_helper: existing_positions:[(106, 252), (106, 251), (106.275, 252), (106, 253), (105, 252), (106.275, 251), (106, 250), (105, 250), (106, 249), (106, 252.24444444444444), (105.275, 252)], x:107, y:250, offset_increment:{'x': 0.2749999999999986, 'y': 0.2444444444444432}, xlim:(104.9, 107.1), ylim:(248.8, 253.2), i:0
returning: (107, 250), modified:False


Plotting date: 2023-05-10

@check_overlap_helper: existing_positions:[(106, 252), (106, 251), (106.275, 252), (106, 253), (105, 252), (106.275, 251), (106, 250), (105, 250), (106, 249), (106, 252.24444444444444), (105.275, 252), (107, 250)], x:106, y:252, offset_increment:{'x': 0.2749999999999986, 'y': 0.2444444444444432}, xlim:(104.9, 107.1), ylim:(248.8, 253.2), i:0
returning: (105.725, 252), modified:True, original:(106, 252)
@generate_gif: path:output/crop1000/nodules-last-detected-on/2023-06-07/89, output_name:o.gif
len_jpg_files: 4
@generate_gif: path:output/crop1000/nodules-last-detected-on/2023-06-07/89/detection, output_name:d.gif
len_jpg_files: 4
nodules_dir: output/crop1000/nodules-last-detected-on/2023-06-07/89 has 4 entries
nodules_dir: output/crop1000/nodules-last-detected-on/2023-06-07/89 has 4 entries


Plotting date: 2023-06-07

@check_overlap_helper: existing_positions:[], x:248, y:391, offset_increment:{'x': 0.9624999999999986, 'y': 1.0999999999999974}, xlim:(240.65, 248.35), ylim:(380.1, 399.9), i:0
returning: (248, 391), modified:False


Plotting date: 2023-06-05

@check_overlap_helper: existing_positions:[(248, 391)], x:241, y:399, offset_increment:{'x': 0.9624999999999986, 'y': 1.0999999999999974}, xlim:(240.65, 248.35), ylim:(380.1, 399.9), i:0
returning: (241, 399), modified:False


Plotting date: 2023-06-02

@check_overlap_helper: existing_positions:[(248, 391), (241, 399)], x:246, y:381, offset_increment:{'x': 0.9624999999999986, 'y': 1.0999999999999974}, xlim:(240.65, 248.35), ylim:(380.1, 399.9), i:0
returning: (246, 381), modified:False


Plotting date: 2023-05-29

@check_overlap_helper: existing_positions:[(248, 391), (241, 399), (246, 381)], x:245, y:381, offset_increment:{'x': 0.9624999999999986, 'y': 1.0999999999999974}, xlim:(240.65, 248.35), ylim:(380.1, 399.9), i:0
returning: (245, 381), modified:False
@generate_gif: path:output/crop1000/nodules-last-detected-on/2023-06-07/116, output_name:o.gif
len_jpg_files: 12
@generate_gif: path:output/crop1000/nodules-last-detected-on/2023-06-07/116/detection, output_name:d.gif
len_jpg_files: 12
nodules_dir: output/crop1000/nodules-last-detected-on/2023-06-07/116 has 12 entries
nodules_dir: output/crop1000/nodules-last-detected-on/2023-06-07/116 has 12 entries


Plotting date: 2023-06-07

@check_overlap_helper: existing_positions:[], x:98, y:480, offset_increment:{'x': 0.2749999999999986, 'y': 0.1833333333333308}, xlim:(97.9, 100.1), ylim:(476.85, 480.15), i:0
returning: (98, 480), modified:False


Plotting date: 2023-06-05

@check_overlap_helper: existing_positions:[(98, 480)], x:99, y:479, offset_increment:{'x': 0.2749999999999986, 'y': 0.1833333333333308}, xlim:(97.9, 100.1), ylim:(476.85, 480.15), i:0
returning: (99, 479), modified:False


Plotting date: 2023-06-02

@check_overlap_helper: existing_positions:[(98, 480), (99, 479)], x:98, y:480, offset_increment:{'x': 0.2749999999999986, 'y': 0.1833333333333308}, xlim:(97.9, 100.1), ylim:(476.85, 480.15), i:0
returning: (98.275, 480), modified:True, original:(98, 480)


Plotting date: 2023-05-31

@check_overlap_helper: existing_positions:[(98, 480), (99, 479), (98.275, 480)], x:99, y:480, offset_increment:{'x': 0.2749999999999986, 'y': 0.1833333333333308}, xlim:(97.9, 100.1), ylim:(476.85, 480.15), i:0
returning: (99, 480), modified:False


Plotting date: 2023-05-29

@check_overlap_helper: existing_positions:[(98, 480), (99, 479), (98.275, 480), (99, 480)], x:99, y:479, offset_increment:{'x': 0.2749999999999986, 'y': 0.1833333333333308}, xlim:(97.9, 100.1), ylim:(476.85, 480.15), i:0
returning: (99.275, 479), modified:True, original:(99, 479)


Plotting date: 2023-05-26

@check_overlap_helper: existing_positions:[(98, 480), (99, 479), (98.275, 480), (99, 480), (99.275, 479)], x:98, y:479, offset_increment:{'x': 0.2749999999999986, 'y': 0.1833333333333308}, xlim:(97.9, 100.1), ylim:(476.85, 480.15), i:0
returning: (98, 479), modified:False


Plotting date: 2023-05-24

@check_overlap_helper: existing_positions:[(98, 480), (99, 479), (98.275, 480), (99, 480), (99.275, 479), (98, 479)], x:99, y:478, offset_increment:{'x': 0.2749999999999986, 'y': 0.1833333333333308}, xlim:(97.9, 100.1), ylim:(476.85, 480.15), i:0
returning: (99, 478), modified:False


Plotting date: 2023-05-22

@check_overlap_helper: existing_positions:[(98, 480), (99, 479), (98.275, 480), (99, 480), (99.275, 479), (98, 479), (99, 478)], x:99, y:477, offset_increment:{'x': 0.2749999999999986, 'y': 0.1833333333333308}, xlim:(97.9, 100.1), ylim:(476.85, 480.15), i:0
returning: (99, 477), modified:False


Plotting date: 2023-05-19

@check_overlap_helper: existing_positions:[(98, 480), (99, 479), (98.275, 480), (99, 480), (99.275, 479), (98, 479), (99, 478), (99, 477)], x:100, y:477, offset_increment:{'x': 0.2749999999999986, 'y': 0.1833333333333308}, xlim:(97.9, 100.1), ylim:(476.85, 480.15), i:0
returning: (100, 477), modified:False


Plotting date: 2023-05-17

@check_overlap_helper: existing_positions:[(98, 480), (99, 479), (98.275, 480), (99, 480), (99.275, 479), (98, 479), (99, 478), (99, 477), (100, 477)], x:100, y:478, offset_increment:{'x': 0.2749999999999986, 'y': 0.1833333333333308}, xlim:(97.9, 100.1), ylim:(476.85, 480.15), i:0
returning: (100, 478), modified:False


Plotting date: 2023-05-15

@check_overlap_helper: existing_positions:[(98, 480), (99, 479), (98.275, 480), (99, 480), (99.275, 479), (98, 479), (99, 478), (99, 477), (100, 477), (100, 478)], x:99, y:478, offset_increment:{'x': 0.2749999999999986, 'y': 0.1833333333333308}, xlim:(97.9, 100.1), ylim:(476.85, 480.15), i:0
returning: (99.275, 478), modified:True, original:(99, 478)


Plotting date: 2023-05-12

@check_overlap_helper: existing_positions:[(98, 480), (99, 479), (98.275, 480), (99, 480), (99.275, 479), (98, 479), (99, 478), (99, 477), (100, 477), (100, 478), (99.275, 478)], x:100, y:477, offset_increment:{'x': 0.2749999999999986, 'y': 0.1833333333333308}, xlim:(97.9, 100.1), ylim:(476.85, 480.15), i:0
returning: (100, 477.18333333333334), modified:True, original:(100, 477)
@generate_gif: path:output/crop1000/nodules-last-detected-on/2023-06-07/45, output_name:o.gif
len_jpg_files: 8
@generate_gif: path:output/crop1000/nodules-last-detected-on/2023-06-07/45/detection, output_name:d.gif
len_jpg_files: 8
nodules_dir: output/crop1000/nodules-last-detected-on/2023-06-07/45 has 8 entries
nodules_dir: output/crop1000/nodules-last-detected-on/2023-06-07/45 has 8 entries


Plotting date: 2023-06-07

@check_overlap_helper: existing_positions:[], x:122, y:268, offset_increment:{'x': 0.1374999999999993, 'y': 0.1833333333333308}, xlim:(121.95, 123.05), ylim:(265.85, 269.15), i:0
returning: (122, 268), modified:False


Plotting date: 2023-06-05

@check_overlap_helper: existing_positions:[(122, 268)], x:123, y:267, offset_increment:{'x': 0.1374999999999993, 'y': 0.1833333333333308}, xlim:(121.95, 123.05), ylim:(265.85, 269.15), i:0
returning: (123, 267), modified:False


Plotting date: 2023-06-02

@check_overlap_helper: existing_positions:[(122, 268), (123, 267)], x:122, y:268, offset_increment:{'x': 0.1374999999999993, 'y': 0.1833333333333308}, xlim:(121.95, 123.05), ylim:(265.85, 269.15), i:0
returning: (122.1375, 268), modified:True, original:(122, 268)


Plotting date: 2023-05-31

@check_overlap_helper: existing_positions:[(122, 268), (123, 267), (122.1375, 268)], x:122, y:269, offset_increment:{'x': 0.1374999999999993, 'y': 0.1833333333333308}, xlim:(121.95, 123.05), ylim:(265.85, 269.15), i:0
returning: (122, 269), modified:False


Plotting date: 2023-05-29

@check_overlap_helper: existing_positions:[(122, 268), (123, 267), (122.1375, 268), (122, 269)], x:122, y:269, offset_increment:{'x': 0.1374999999999993, 'y': 0.1833333333333308}, xlim:(121.95, 123.05), ylim:(265.85, 269.15), i:0
returning: (122.1375, 269), modified:True, original:(122, 269)


Plotting date: 2023-05-26

@check_overlap_helper: existing_positions:[(122, 268), (123, 267), (122.1375, 268), (122, 269), (122.1375, 269)], x:123, y:268, offset_increment:{'x': 0.1374999999999993, 'y': 0.1833333333333308}, xlim:(121.95, 123.05), ylim:(265.85, 269.15), i:0
returning: (123, 268), modified:False


Plotting date: 2023-05-24

@check_overlap_helper: existing_positions:[(122, 268), (123, 267), (122.1375, 268), (122, 269), (122.1375, 269), (123, 268)], x:122, y:266, offset_increment:{'x': 0.1374999999999993, 'y': 0.1833333333333308}, xlim:(121.95, 123.05), ylim:(265.85, 269.15), i:0
returning: (122, 266), modified:False


Plotting date: 2023-05-22

@check_overlap_helper: existing_positions:[(122, 268), (123, 267), (122.1375, 268), (122, 269), (122.1375, 269), (123, 268), (122, 266)], x:122, y:266, offset_increment:{'x': 0.1374999999999993, 'y': 0.1833333333333308}, xlim:(121.95, 123.05), ylim:(265.85, 269.15), i:0
returning: (122.1375, 266), modified:True, original:(122, 266)
@generate_gif: path:output/crop1000/nodules-last-detected-on/2023-06-07/111, output_name:o.gif
len_jpg_files: 8
@generate_gif: path:output/crop1000/nodules-last-detected-on/2023-06-07/111/detection, output_name:d.gif
len_jpg_files: 8
nodules_dir: output/crop1000/nodules-last-detected-on/2023-06-07/111 has 8 entries
nodules_dir: output/crop1000/nodules-last-detected-on/2023-06-07/111 has 8 entries


Plotting date: 2023-06-05

@check_overlap_helper: existing_positions:[], x:143, y:469, offset_increment:{'x': 0.13750000000000284, 'y': 0.1833333333333308}, xlim:(141.95, 143.05), ylim:(466.85, 470.15), i:0
returning: (143, 469), modified:False


Plotting date: 2023-06-02

@check_overlap_helper: existing_positions:[(143, 469)], x:142, y:470, offset_increment:{'x': 0.13750000000000284, 'y': 0.1833333333333308}, xlim:(141.95, 143.05), ylim:(466.85, 470.15), i:0
returning: (142, 470), modified:False


Plotting date: 2023-05-31

@check_overlap_helper: existing_positions:[(143, 469), (142, 470)], x:142, y:470, offset_increment:{'x': 0.13750000000000284, 'y': 0.1833333333333308}, xlim:(141.95, 143.05), ylim:(466.85, 470.15), i:0
returning: (142.1375, 470), modified:True, original:(142, 470)


Plotting date: 2023-05-29

@check_overlap_helper: existing_positions:[(143, 469), (142, 470), (142.1375, 470)], x:142, y:469, offset_increment:{'x': 0.13750000000000284, 'y': 0.1833333333333308}, xlim:(141.95, 143.05), ylim:(466.85, 470.15), i:0
returning: (142, 469), modified:False


Plotting date: 2023-05-26

@check_overlap_helper: existing_positions:[(143, 469), (142, 470), (142.1375, 470), (142, 469)], x:142, y:470, offset_increment:{'x': 0.13750000000000284, 'y': 0.1833333333333308}, xlim:(141.95, 143.05), ylim:(466.85, 470.15), i:0
returning: (142, 469.81666666666666), modified:True, original:(142, 470)


Plotting date: 2023-05-24

@check_overlap_helper: existing_positions:[(143, 469), (142, 470), (142.1375, 470), (142, 469), (142, 469.81666666666666)], x:142, y:468, offset_increment:{'x': 0.13750000000000284, 'y': 0.1833333333333308}, xlim:(141.95, 143.05), ylim:(466.85, 470.15), i:0
returning: (142, 468), modified:False


Plotting date: 2023-05-22

@check_overlap_helper: existing_positions:[(143, 469), (142, 470), (142.1375, 470), (142, 469), (142, 469.81666666666666), (142, 468)], x:142, y:467, offset_increment:{'x': 0.13750000000000284, 'y': 0.1833333333333308}, xlim:(141.95, 143.05), ylim:(466.85, 470.15), i:0
returning: (142, 467), modified:False


Plotting date: 2023-05-19

@check_overlap_helper: existing_positions:[(143, 469), (142, 470), (142.1375, 470), (142, 469), (142, 469.81666666666666), (142, 468), (142, 467)], x:143, y:467, offset_increment:{'x': 0.13750000000000284, 'y': 0.1833333333333308}, xlim:(141.95, 143.05), ylim:(466.85, 470.15), i:0
returning: (143, 467), modified:False
@generate_gif: path:output/crop1000/nodules-last-detected-on/2023-06-07/73, output_name:o.gif
len_jpg_files: 7
@generate_gif: path:output/crop1000/nodules-last-detected-on/2023-06-07/73/detection, output_name:d.gif
len_jpg_files: 7
nodules_dir: output/crop1000/nodules-last-detected-on/2023-06-07/73 has 7 entries
nodules_dir: output/crop1000/nodules-last-detected-on/2023-06-07/73 has 7 entries


Plotting date: 2023-06-07

@check_overlap_helper: existing_positions:[], x:221, y:363, offset_increment:{'x': 0.13750000000000284, 'y': 0.2444444444444432}, xlim:(220.95, 222.05), ylim:(358.8, 363.2), i:0
returning: (221, 363), modified:False


Plotting date: 2023-06-05

@check_overlap_helper: existing_positions:[(221, 363)], x:222, y:362, offset_increment:{'x': 0.13750000000000284, 'y': 0.2444444444444432}, xlim:(220.95, 222.05), ylim:(358.8, 363.2), i:0
returning: (222, 362), modified:False


Plotting date: 2023-06-02

@check_overlap_helper: existing_positions:[(221, 363), (222, 362)], x:222, y:363, offset_increment:{'x': 0.13750000000000284, 'y': 0.2444444444444432}, xlim:(220.95, 222.05), ylim:(358.8, 363.2), i:0
returning: (222, 363), modified:False


Plotting date: 2023-05-31

@check_overlap_helper: existing_positions:[(221, 363), (222, 362), (222, 363)], x:222, y:363, offset_increment:{'x': 0.13750000000000284, 'y': 0.2444444444444432}, xlim:(220.95, 222.05), ylim:(358.8, 363.2), i:0
returning: (221.8625, 363), modified:True, original:(222, 363)


Plotting date: 2023-05-29

@check_overlap_helper: existing_positions:[(221, 363), (222, 362), (222, 363), (221.8625, 363)], x:221, y:362, offset_increment:{'x': 0.13750000000000284, 'y': 0.2444444444444432}, xlim:(220.95, 222.05), ylim:(358.8, 363.2), i:0
returning: (221, 362), modified:False


Plotting date: 2023-05-26

@check_overlap_helper: existing_positions:[(221, 363), (222, 362), (222, 363), (221.8625, 363), (221, 362)], x:222, y:363, offset_increment:{'x': 0.13750000000000284, 'y': 0.2444444444444432}, xlim:(220.95, 222.05), ylim:(358.8, 363.2), i:0
returning: (222, 362.75555555555553), modified:True, original:(222, 363)


Plotting date: 2023-05-24

@check_overlap_helper: existing_positions:[(221, 363), (222, 362), (222, 363), (221.8625, 363), (221, 362), (222, 362.75555555555553)], x:222, y:359, offset_increment:{'x': 0.13750000000000284, 'y': 0.2444444444444432}, xlim:(220.95, 222.05), ylim:(358.8, 363.2), i:0
returning: (222, 359), modified:False
@generate_gif: path:output/crop1000/nodules-last-detected-on/2023-06-07/118, output_name:o.gif
len_jpg_files: 5
@generate_gif: path:output/crop1000/nodules-last-detected-on/2023-06-07/118/detection, output_name:d.gif
len_jpg_files: 5
nodules_dir: output/crop1000/nodules-last-detected-on/2023-06-07/118 has 5 entries
nodules_dir: output/crop1000/nodules-last-detected-on/2023-06-07/118 has 5 entries


Plotting date: 2023-06-07

@check_overlap_helper: existing_positions:[], x:198, y:486, offset_increment:{'x': 0.2749999999999986, 'y': 0.06111111111111237}, xlim:(197.9, 200.1), ylim:(484.95, 486.05), i:0
returning: (198, 486), modified:False


Plotting date: 2023-06-05

@check_overlap_helper: existing_positions:[(198, 486)], x:200, y:485, offset_increment:{'x': 0.2749999999999986, 'y': 0.06111111111111237}, xlim:(197.9, 200.1), ylim:(484.95, 486.05), i:0
returning: (200, 485), modified:False


Plotting date: 2023-06-02

@check_overlap_helper: existing_positions:[(198, 486), (200, 485)], x:199, y:486, offset_increment:{'x': 0.2749999999999986, 'y': 0.06111111111111237}, xlim:(197.9, 200.1), ylim:(484.95, 486.05), i:0
returning: (199, 486), modified:False


Plotting date: 2023-05-31

@check_overlap_helper: existing_positions:[(198, 486), (200, 485), (199, 486)], x:199, y:486, offset_increment:{'x': 0.2749999999999986, 'y': 0.06111111111111237}, xlim:(197.9, 200.1), ylim:(484.95, 486.05), i:0
returning: (199.275, 486), modified:True, original:(199, 486)


Plotting date: 2023-05-29

@check_overlap_helper: existing_positions:[(198, 486), (200, 485), (199, 486), (199.275, 486)], x:198, y:485, offset_increment:{'x': 0.2749999999999986, 'y': 0.06111111111111237}, xlim:(197.9, 200.1), ylim:(484.95, 486.05), i:0
returning: (198, 485), modified:False
@generate_gif: path:output/crop1000/nodules-last-detected-on/2023-06-07/87, output_name:o.gif
len_jpg_files: 10
@generate_gif: path:output/crop1000/nodules-last-detected-on/2023-06-07/87/detection, output_name:d.gif
len_jpg_files: 10
nodules_dir: output/crop1000/nodules-last-detected-on/2023-06-07/87 has 10 entries
nodules_dir: output/crop1000/nodules-last-detected-on/2023-06-07/87 has 10 entries


Plotting date: 2023-06-07

@check_overlap_helper: existing_positions:[], x:84, y:391, offset_increment:{'x': 0.5500000000000007, 'y': 0.1833333333333308}, xlim:(83.8, 88.2), ylim:(387.85, 391.15), i:0
returning: (84, 391), modified:False


Plotting date: 2023-06-05

@check_overlap_helper: existing_positions:[(84, 391)], x:84, y:391, offset_increment:{'x': 0.5500000000000007, 'y': 0.1833333333333308}, xlim:(83.8, 88.2), ylim:(387.85, 391.15), i:0
returning: (84.55, 391), modified:True, original:(84, 391)


Plotting date: 2023-06-02

@check_overlap_helper: existing_positions:[(84, 391), (84.55, 391)], x:84, y:391, offset_increment:{'x': 0.5500000000000007, 'y': 0.1833333333333308}, xlim:(83.8, 88.2), ylim:(387.85, 391.15), i:0
returning: (84, 390.81666666666666), modified:True, original:(84, 391)


Plotting date: 2023-05-31

@check_overlap_helper: existing_positions:[(84, 391), (84.55, 391), (84, 390.81666666666666)], x:84, y:391, offset_increment:{'x': 0.5500000000000007, 'y': 0.1833333333333308}, xlim:(83.8, 88.2), ylim:(387.85, 391.15), i:0
Calling recursion on the top-righ position (x + offset_x, y + offset_y)

@check_overlap_helper: existing_positions:[(84, 391), (84.55, 391), (84, 390.81666666666666)], x:84.55, y:391.0, offset_increment:{'x': 0.5500000000000007, 'y': 0.1833333333333308}, xlim:(83.8, 88.2), ylim:(387.85, 391.15), i:1
returning: (85.1, 391.0), modified:True, original:(84, 391)


Plotting date: 2023-05-29

@check_overlap_helper: existing_positions:[(84, 391), (84.55, 391), (84, 390.81666666666666), (85.1, 391.0)], x:84, y:390, offset_increment:{'x': 0.5500000000000007, 'y': 0.1833333333333308}, xlim:(83.8, 88.2), ylim:(387.85, 391.15), i:0
returning: (84, 390), modified:False


Plotting date: 2023-05-26

@check_overlap_helper: existing_positions:[(84, 391), (84.55, 391), (84, 390.81666666666666), (85.1, 391.0), (84, 390)], x:84, y:391, offset_increment:{'x': 0.5500000000000007, 'y': 0.1833333333333308}, xlim:(83.8, 88.2), ylim:(387.85, 391.15), i:0
Calling recursion on the top-righ position (x + offset_x, y + offset_y)

@check_overlap_helper: existing_positions:[(84, 391), (84.55, 391), (84, 390.81666666666666), (85.1, 391.0), (84, 390)], x:84.55, y:391.0, offset_increment:{'x': 0.5500000000000007, 'y': 0.1833333333333308}, xlim:(83.8, 88.2), ylim:(387.85, 391.15), i:1
returning: (84.55, 390.81666666666666), modified:True, original:(84, 391)


Plotting date: 2023-05-24

@check_overlap_helper: existing_positions:[(84, 391), (84.55, 391), (84, 390.81666666666666), (85.1, 391.0), (84, 390), (84.55, 390.81666666666666)], x:85, y:388, offset_increment:{'x': 0.5500000000000007, 'y': 0.1833333333333308}, xlim:(83.8, 88.2), ylim:(387.85, 391.15), i:0
returning: (85, 388), modified:False


Plotting date: 2023-05-22

@check_overlap_helper: existing_positions:[(84, 391), (84.55, 391), (84, 390.81666666666666), (85.1, 391.0), (84, 390), (84.55, 390.81666666666666), (85, 388)], x:86, y:388, offset_increment:{'x': 0.5500000000000007, 'y': 0.1833333333333308}, xlim:(83.8, 88.2), ylim:(387.85, 391.15), i:0
returning: (86, 388), modified:False


Plotting date: 2023-05-19

@check_overlap_helper: existing_positions:[(84, 391), (84.55, 391), (84, 390.81666666666666), (85.1, 391.0), (84, 390), (84.55, 390.81666666666666), (85, 388), (86, 388)], x:88, y:388, offset_increment:{'x': 0.5500000000000007, 'y': 0.1833333333333308}, xlim:(83.8, 88.2), ylim:(387.85, 391.15), i:0
returning: (88, 388), modified:False


Plotting date: 2023-05-17

@check_overlap_helper: existing_positions:[(84, 391), (84.55, 391), (84, 390.81666666666666), (85.1, 391.0), (84, 390), (84.55, 390.81666666666666), (85, 388), (86, 388), (88, 388)], x:87, y:390, offset_increment:{'x': 0.5500000000000007, 'y': 0.1833333333333308}, xlim:(83.8, 88.2), ylim:(387.85, 391.15), i:0
returning: (87, 390), modified:False
