Current memory usage: 4043.66015625 MB
@analyze_image: file_name: data/crop1011/20230503.jpg, output_dir: output/crop1011, external_logger: <Logger data_crop1011.log (DEBUG)>
Loaded image & JSON file: data/crop1011/20230503.jpg
Scaled JSON data: scalar_position: 0.5, scalar_size: 0.5

@find_prev_next_date: image_output_dir: output/crop1011/20230503
data_dir: data/crop1011
Previous date file: data/crop1011/20230501.json, Next date file: data/crop1011/20230505.json


Loaded prev_results from JSON file: 20230501, length: 18
Scaled JSON data: scalar_position: 0.5, scalar_size: 0.5
Loaded next_results from JSON file: 20230505, length: 24
Scaled JSON data: scalar_position: 0.5, scalar_size: 0.5
prev_results is not empty, generating matching
Current memory usage: 4043.671875 MB
current_date:20230503, generating Matching: 20230501_20230503_matching.json
spatial_distances: (16, 18), attribute_distances: (16, 18)
combined_distances: (16, 18)
Current memory usage: 4043.671875 MB

@find_matching: combined_distances: (16, 18), next_matching: [{'id': '20230505_0', 'p': {'id': 0, 'tq': 22.0, 'dx': 0, 'dy': 0, 'dd': -3, 'da': -48.0, 'dp': -18.9, 'de': 0.22}, 'c': {'id': 0}, 'n': {}, 'i': 0}, {'id': '20230524_1', 'p': {'id': 2, 'tq': -0.0, 'dx': 0, 'dy': -1, 'dd': 1, 'da': 64.0, 'dp': 7.41, 'de': -0.01}, 'c': {'id': 1}, 'n': {'id': 0, 'dx': -3, 'dy': 1, 'dd': 0, 'da': -10.0, 'dp': 0.83, 'de': 0.1}, 'i': 8}, {'id': '20230505_2', 'p': {'id': 3, 'tq': -189.0, 'dx': 2, 'dy': 2, 'dd': -1, 'da': -183.0, 'dp': -34.31, 'de': -0.01}, 'c': {'id': 3}, 'n': {}, 'i': 0}, {'id': '20230515_5', 'p': {'id': 4, 'tq': 90.0, 'dx': 0, 'dy': 0, 'dd': -1, 'da': -6.0, 'dp': -3.21, 'de': 0.29}, 'c': {'id': 5}, 'n': {'id': 2, 'dx': -4, 'dy': 1, 'dd': 0, 'da': -5.0, 'dp': -5.21, 'de': 0.13}, 'i': 4}, {'id': '20230508_4', 'p': {'id': 5, 'tq': 72.0, 'dx': 1, 'dy': 1, 'dd': 1, 'da': 15.0, 'dp': 2.83, 'de': -0.02}, 'c': {'id': 6}, 'n': {'id': 4, 'dx': -5, 'dy': 1, 'dd': 0, 'da': 3.0, 'dp': 1.41, 'de': -0.09}, 'i': 1}, {'id': '20230505_5', 'p': {'id': 8, 'tq': -111.0, 'dx': -3, 'dy': -42, 'dd': 3, 'da': 40.0, 'dp': 14.24, 'de': 0.09}, 'c': {'id': 7}, 'n': {}, 'i': 0}, {'id': '20230505_6', 'p': {'id': 7, 'tq': -23.0, 'dx': -30, 'dy': -14, 'dd': 0, 'da': 4.0, 'dp': 2.0, 'de': -0.17}, 'c': {'id': 8}, 'n': {}, 'i': 0}, {'id': '20230505_7', 'p': {'id': 6, 'tq': 16.0, 'dx': 6, 'dy': 6, 'dd': 1, 'da': 36.0, 'dp': 5.41, 'de': -0.02}, 'c': {'id': 9}, 'n': {}, 'i': 0}, {'id': '20230505_8', 'p': {'id': 1, 'tq': -205.0, 'dx': -20, 'dy': 73, 'dd': -1, 'da': -26.0, 'dp': -6.66, 'de': -0.04}, 'c': {'id': 10}, 'n': {}, 'i': 0}, {'id': '20230510_9', 'p': {'id': 9, 'tq': 18.0, 'dx': -1, 'dy': -1, 'dd': 2, 'da': 50.0, 'dp': 10.24, 'de': -0.04}, 'c': {'id': 11}, 'n': {'id': 8, 'dx': -2, 'dy': 0, 'dd': -1, 'da': -31.0, 'dp': -6.83, 'de': 0.04}, 'i': 2}, {'id': '20230505_10', 'p': {'id': 10, 'tq': -179.0, 'dx': 64, 'dy': -21, 'dd': -2, 'da': -24.0, 'dp': -15.28, 'de': 0.07}, 'c': {'id': 13}, 'n': {}, 'i': 0}, {'id': '20230508_14', 'p': {'id': 11, 'tq': -291.0, 'dx': -36, 'dy': -104, 'dd': 0, 'da': 4.0, 'dp': -0.24, 'de': -0.06}, 'c': {'id': 14}, 'n': {'id': 18, 'dx': 12, 'dy': 17, 'dd': 0, 'da': -12.0, 'dp': -4.0, 'de': -0.06}, 'i': 1}, {'id': '20230505_12', 'p': {'id': 12, 'tq': -290.0, 'dx': -97, 'dy': 39, 'dd': -1, 'da': -16.0, 'dp': -1.76, 'de': -0.28}, 'c': {'id': 15}, 'n': {}, 'i': 0}, {'id': '20230505_13', 'p': {'id': 13, 'tq': 16.0, 'dx': 18, 'dy': 3, 'dd': -1, 'da': -13.0, 'dp': -1.66, 'de': -0.06}, 'c': {'id': 17}, 'n': {}, 'i': 0}, {'id': '20230508_20', 'p': {'id': 15, 'tq': -112.0, 'dx': 7, 'dy': -20, 'dd': 4, 'da': 90.0, 'dp': 19.49, 'de': -0.05}, 'c': {'id': 22}, 'n': {'id': 39, 'dx': -3, 'dy': -6, 'dd': 0, 'da': 6.0, 'dp': 2.24, 'de': -0.08}, 'i': 1}, {'id': '20230505_15', 'p': {'id': 14, 'tq': 49.0, 'dx': 5, 'dy': 9, 'dd': -1, 'da': -10.0, 'dp': -1.41, 'de': 0.16}, 'c': {'id': 23}, 'n': {}, 'i': 0}], current_date_string: 20230503, distance_threshold: 20
matched entry: {'id': '20230505_0', 'p': {'id': 0, 'tq': 22.0, 'dx': 0, 'dy': 0, 'dd': -3, 'da': -48.0, 'dp': -18.9, 'de': 0.22}, 'c': {'id': 0}, 'n': {}, 'i': 0}, len(matching): 0
tq < 0
tq < 0
tq < 0
matched entry: {'id': '20230515_5', 'p': {'id': 4, 'tq': 90.0, 'dx': 0, 'dy': 0, 'dd': -1, 'da': -6.0, 'dp': -3.21, 'de': 0.29}, 'c': {'id': 5}, 'n': {'id': 2, 'dx': -4, 'dy': 1, 'dd': 0, 'da': -5.0, 'dp': -5.21, 'de': 0.13}, 'i': 4}, len(matching): 4
matched entry: {'id': '20230508_4', 'p': {'id': 5, 'tq': 72.0, 'dx': 1, 'dy': 1, 'dd': 1, 'da': 15.0, 'dp': 2.83, 'de': -0.02}, 'c': {'id': 6}, 'n': {'id': 4, 'dx': -5, 'dy': 1, 'dd': 0, 'da': 3.0, 'dp': 1.41, 'de': -0.09}, 'i': 1}, len(matching): 5
matched entry: {'id': '20230505_7', 'p': {'id': 6, 'tq': 16.0, 'dx': 6, 'dy': 6, 'dd': 1, 'da': 36.0, 'dp': 5.41, 'de': -0.02}, 'c': {'id': 9}, 'n': {}, 'i': 0}, len(matching): 6
tq < 0
tq < 0
matched entry: {'id': '20230510_9', 'p': {'id': 9, 'tq': 18.0, 'dx': -1, 'dy': -1, 'dd': 2, 'da': 50.0, 'dp': 10.24, 'de': -0.04}, 'c': {'id': 11}, 'n': {'id': 8, 'dx': -2, 'dy': 0, 'dd': -1, 'da': -31.0, 'dp': -6.83, 'de': 0.04}, 'i': 2}, len(matching): 9
tq < 0
tq < 0
tq < 0
matched entry: {'id': '20230505_13', 'p': {'id': 13, 'tq': 16.0, 'dx': 18, 'dy': 3, 'dd': -1, 'da': -13.0, 'dp': -1.66, 'de': -0.06}, 'c': {'id': 17}, 'n': {}, 'i': 0}, len(matching): 13
matched entry: {'id': '20230505_15', 'p': {'id': 14, 'tq': 49.0, 'dx': 5, 'dy': 9, 'dd': -1, 'da': -10.0, 'dp': -1.41, 'de': 0.16}, 'c': {'id': 23}, 'n': {}, 'i': 0}, len(matching): 14
tq < 0
i_dict: {0: 9, 1: 4, 2: 1, 3: 1, 5: 1}
tq_average: -284.0, dx_average: 14.3125, dy_average: 61.1875, dd_average: -1.125, da_average: -52.5, dp_average: -8.51, de_average: 0.0231
average_tracking_quality: 21.6667
@find_matching:
Returning:
Matching(lenght=16): [{'id': '20230505_0', 'p': {'id': 0, 'tq': 3.0, 'dx': 5, 'dy': 0, 'dd': 3, 'da': 50.0, 'dp': 17.9, 'de': -0.31}, 'c': {'id': 0}, 'n': {'id': 0, 'dx': 0, 'dy': 0, 'dd': -3, 'da': -48.0, 'dp': -18.9, 'de': 0.22}, 'i': 1}, {'id': '20230503_1', 'p': {'id': 8, 'tq': -116.0, 'dx': 25, 'dy': -54, 'dd': 0, 'da': 4.0, 'dp': 2.83, 'de': 0.21}, 'c': {'id': 1}, 'n': {}, 'i': 0}, {'id': '20230503_2', 'p': {'id': 1, 'tq': -2.0, 'dx': 3, 'dy': -1, 'dd': -1, 'da': -60.0, 'dp': -8.83, 'de': -0.05}, 'c': {'id': 2}, 'n': {}, 'i': 0}, {'id': '20230503_3', 'p': {'id': 2, 'tq': -122.0, 'dx': 3, 'dy': 1, 'dd': -1, 'da': -140.0, 'dp': -11.31, 'de': -0.01}, 'c': {'id': 3}, 'n': {}, 'i': 0}, {'id': '20230515_5', 'p': {'id': 5, 'tq': -10.0, 'dx': 2, 'dy': -20, 'dd': -1, 'da': -25.0, 'dp': -9.24, 'de': 0.12}, 'c': {'id': 4}, 'n': {'id': 5, 'dx': 0, 'dy': 0, 'dd': -1, 'da': -6.0, 'dp': -3.21, 'de': 0.29}, 'i': 5}, {'id': '20230508_4', 'p': {'id': 3, 'tq': 41.0, 'dx': 3, 'dy': -2, 'dd': -1, 'da': -30.0, 'dp': -7.9, 'de': 0.09}, 'c': {'id': 5}, 'n': {'id': 6, 'dx': 1, 'dy': 1, 'dd': 1, 'da': 15.0, 'dp': 2.83, 'de': -0.02}, 'i': 2}, {'id': '20230505_7', 'p': {'id': 9, 'tq': -172.0, 'dx': 61, 'dy': -4, 'dd': -1, 'da': -38.0, 'dp': -5.66, 'de': -0.01}, 'c': {'id': 6}, 'n': {'id': 9, 'dx': 6, 'dy': 6, 'dd': 1, 'da': 36.0, 'dp': 5.41, 'de': -0.02}, 'i': 1}, {'id': '20230503_7', 'p': {'id': 10, 'tq': -9.0, 'dx': 29, 'dy': 10, 'dd': 0, 'da': -1.0, 'dp': 0.41, 'de': -0.0}, 'c': {'id': 7}, 'n': {}, 'i': 0}, {'id': '20230503_8', 'p': {'id': 11, 'tq': -71.0, 'dx': -1, 'dy': 0, 'dd': -5, 'da': -108.0, 'dp': -28.73, 'de': 0.22}, 'c': {'id': 8}, 'n': {}, 'i': 0}, {'id': '20230510_9', 'p': {'id': 7, 'tq': -127.0, 'dx': 31, 'dy': 56, 'dd': 0, 'da': 2.0, 'dp': -0.83, 'de': -0.12}, 'c': {'id': 9}, 'n': {'id': 11, 'dx': -1, 'dy': -1, 'dd': 2, 'da': 50.0, 'dp': 10.24, 'de': -0.04}, 'i': 3}, {'id': '20230503_10', 'p': {'id': 12, 'tq': -483.0, 'dx': -63, 'dy': 66, 'dd': -5, 'da': -173.0, 'dp': -31.76, 'de': 0.22}, 'c': {'id': 10}, 'n': {}, 'i': 0}, {'id': '20230503_11', 'p': {'id': 14, 'tq': -39.0, 'dx': 26, 'dy': 19, 'dd': -1, 'da': -17.0, 'dp': -3.41, 'de': 0.1}, 'c': {'id': 11}, 'n': {}, 'i': 0}, {'id': '20230503_12', 'p': {'id': 16, 'tq': 21.0, 'dx': -2, 'dy': 0, 'dd': 2, 'da': 47.0, 'dp': 8.0, 'de': 0.2}, 'c': {'id': 12}, 'n': {}, 'i': 0}, {'id': '20230505_13', 'p': {'id': 17, 'tq': -858.0, 'dx': 2, 'dy': 154, 'dd': -4, 'da': -276.0, 'dp': -41.56, 'de': -0.53}, 'c': {'id': 13}, 'n': {'id': 17, 'dx': 18, 'dy': 3, 'dd': -1, 'da': -13.0, 'dp': -1.66, 'de': -0.06}, 'i': 1}, {'id': '20230505_15', 'p': {'id': 13, 'tq': -1482.0, 'dx': 13, 'dy': 431, 'dd': -1, 'da': -48.0, 'dp': -8.83, 'de': -0.05}, 'c': {'id': 14}, 'n': {'id': 23, 'dx': 5, 'dy': 9, 'dd': -1, 'da': -10.0, 'dp': -1.41, 'de': 0.16}, 'i': 1}, {'id': '20230503_15', 'p': {'id': 15, 'tq': -1118.0, 'dx': 92, 'dy': 323, 'dd': -2, 'da': -27.0, 'dp': -7.24, 'de': 0.29}, 'c': {'id': 15}, 'n': {}, 'i': 0}]
Unmatched current(length=0): set()
Unmatched previous(length=2): {4, 6}
Distance threshold: 20



@plot_data: normalized_points: (16, 2), normalized_prev_points: (18, 2), current_points: (16, 2), prev_points: (18, 2), current_data: 16, prev_data: 18, matching: 16, unmatched_current: 0, unmatched_prev: 2, combined_distances: (16, 18), distance_threshold: 20, current_date_string: 20230503, previous_date_string: 20230501, filename: output/crop1011/plots/20230501_20230503.png
Plots created
Plotted the normalized points
Drawing lines between the matched points
Plotting the unmatched points
Plotted the original points with diameter as size
Drawing lines between the matched points and add the indices to the plots with color coding
Setting the titles and labels
Done plotting

@process_image: output_dir: output/crop1011/20230503, image_name: 20230503, date_string: 20230503
len(json_data) = 16 json_data entries
len(matching) = 16 matching entries, setting max_id_i to 16
crop_dir: output/crop1011
nodules_dir: output/crop1011/nodules-last-detected-on
Split image into left and right images: (705, 300, 3), (705, 300, 3)
Converted right image to HSV: (705, 300, 3)
Created mask to detect nodules: (705, 300)

Found 16 contours in mask, processing each contour...

@process_contour: max_id: 20230503_16
Moments: {'m00': 1.0, 'm10': 122.5, 'm01': 686.5, 'm20': 15006.333333333332, 'm11': 84096.25, 'm02': 471282.3333333333, 'm30': 1838296.25, 'm21': 10301847.833333334, 'm12': 57732085.833333336, 'm03': 323535436.25, 'mu20': 0.08333333333212067, 'mu11': 0.0, 'mu02': 0.08333333331393078, 'mu30': 4.656612873077393e-10, 'mu21': 1.4533725334331393e-09, 'mu12': 4.8603396862745285e-09, 'mu03': 5.960464477539063e-08, 'nu20': 0.08333333333212067, 'nu11': 0.0, 'nu02': 0.08333333331393078, 'nu30': 4.656612873077393e-10, 'nu21': 1.4533725334331393e-09, 'nu12': 4.8603396862745285e-09, 'nu03': 5.960464477539063e-08}
Centroid: 122, 686
Processing contour#1: area: 1.0 centroid: 122, 686 rectangle: (122, 686, 2, 2)
@find_dayJSON_match_for_contour: x: 122, y: 686, w: 2, h: 2, area: 1.0
Matched with JSON#15: (122, 686, 2, 25.0, 17.2426, 0.67842)
Match with input JSON(nodules) ID: 15
Matched contour: {'x': 122, 'y': 686, 'd': 2, 'a': 25.0, 'p': 17.2426, 'e': 0.67842, 'id': 15, 'tq': 100}
JSON_entry: 15
Matched with first_id: 15 second_id: 15 name: 20230503_15
entry_id:20230503_15, entry saved to results list
WARNING: right_nodule_img.shape != (50, 50, 3) != (44, 50, 3)
@process_contour: max_id: 20230503_17
Moments: {'m00': 24.5, 'm10': 3695.333333333333, 'm01': 16188.166666666666, 'm20': 557415.25, 'm11': 2441656.7916666665, 'm02': 10696243.083333332, 'm30': 84089491.7, 'm21': 368306397.76666665, 'm12': 1613309282.4, 'm03': 7067517222.05, 'mu20': 48.3747165533714, 'mu11': -3.285430838819593, 'mu02': 49.61281179077923, 'mu30': -5.248509123921394, 'mu21': 2.337381785728212, 'mu12': 7.417396703596751, 'mu03': -3.30153751373291, 'nu20': 0.08059094802727429, 'nu11': -0.005473437465755256, 'nu02': 0.08265358065935731, 'nu30': -0.0017665288951719082, 'nu21': 0.0007867095904850788, 'nu12': 0.0024965271650450433, 'nu03': -0.0011112224974366939}
Centroid: 150, 660
Processing contour#2: area: 24.5 centroid: 150, 660 rectangle: (148, 658, 7, 7)
@find_dayJSON_match_for_contour: x: 148, y: 658, w: 7, h: 7, area: 24.5
Matched with JSON#14: (151, 660, 5, 83.0, 30.7279, 0.355751)
Match with input JSON(nodules) ID: 14
Matched contour: {'x': 151, 'y': 660, 'd': 5, 'a': 83.0, 'p': 30.7279, 'e': 0.355751, 'id': 14, 'tq': 100}
JSON_entry: 14
Matched with first_id: 14 second_id: 13 name: 20230505_15
entry_id:20230505_15, entry saved to results list
created dirs at nodule_detection_path: output/crop1011/nodules-last-detected-on/2023-05-05/15/detection and nodule_images_original_path: output/crop1011/nodules-last-detected-on/2023-05-05/15
Segmented nodule image saved as output/crop1011/nodules-last-detected-on/2023-05-05/15/detection/2023-05-03.jpg
Original nodule image saved as output/crop1011/nodules-last-detected-on/2023-05-05/15/2023-05-03.jpg


@process_contour: max_id: 20230503_18
Moments: {'m00': 36.0, 'm10': 5734.333333333333, 'm01': 21409.333333333332, 'm20': 913530.3333333333, 'm11': 3410222.0, 'm02': 12732300.333333332, 'm30': 145553495.1, 'm21': 543277523.3666667, 'm12': 2028081733.3666666, 'm03': 7572053832.6, 'mu20': 125.36728395079263, 'mu11': -7.271604937501252, 'mu02': 90.50617284141481, 'mu30': 16.29347276687622, 'mu21': -32.76753555517644, 'mu12': -12.494902185697356, 'mu03': 18.986374855041504, 'nu20': 0.09673401539413011, 'nu11': -0.0056108062789361505, 'nu02': 0.06983500990849907, 'nu30': 0.0020953540080859336, 'nu21': -0.004213932041560755, 'nu12': -0.0016068547049507915, 'nu03': 0.0024416634330043084}
Centroid: 159, 594
Processing contour#3: area: 36.0 centroid: 159, 594 rectangle: (156, 592, 8, 7)
@find_dayJSON_match_for_contour: x: 156, y: 592, w: 8, h: 7, area: 36.0
Matched with JSON#13: (159, 594, 7, 157.0, 43.799, 0.265837)
Match with input JSON(nodules) ID: 13
Matched contour: {'x': 159, 'y': 594, 'd': 7, 'a': 157.0, 'p': 43.799, 'e': 0.265837, 'id': 13, 'tq': 100}
JSON_entry: 13
Matched with first_id: 13 second_id: 17 name: 20230505_13
entry_id:20230505_13, entry saved to results list
created dirs at nodule_detection_path: output/crop1011/nodules-last-detected-on/2023-05-05/13/detection and nodule_images_original_path: output/crop1011/nodules-last-detected-on/2023-05-05/13
Segmented nodule image saved as output/crop1011/nodules-last-detected-on/2023-05-05/13/detection/2023-05-03.jpg
Original nodule image saved as output/crop1011/nodules-last-detected-on/2023-05-05/13/2023-05-03.jpg


@process_contour: max_id: 20230503_19
Moments: {'m00': 30.5, 'm10': 7822.166666666666, 'm01': 12182.666666666666, 'm20': 2006175.4166666665, 'm11': 3124418.875, 'm02': 4866227.916666666, 'm30': 514547363.05, 'm21': 801328801.6, 'm12': 1248012690.9333334, 'm03': 1943793361.3000002, 'mu20': 67.50318761402741, 'mu11': -2.4073315118439496, 'mu02': 84.7326958104968, 'mu30': 1.9318293929100037, 'mu21': -8.728343952327123, 'mu12': -2.4016845230726176, 'mu03': 11.360477924346924, 'nu20': 0.07256456609946511, 'nu11': -0.0025878328533662453, 'nu02': 0.09108594013490655, 'nu30': 0.00037602712241649634, 'nu21': -0.0016989564771612814, 'nu12': -0.00046748357980145076, 'nu03': 0.002211296628390887}
Centroid: 256, 399
Processing contour#4: area: 30.5 centroid: 256, 399 rectangle: (253, 396, 8, 8)
@find_dayJSON_match_for_contour: x: 253, y: 396, w: 8, h: 8, area: 30.5
Matched with JSON#12: (256, 399, 6, 121.0, 38.1421, 0.538353)
Match with input JSON(nodules) ID: 12
Matched contour: {'x': 256, 'y': 399, 'd': 6, 'a': 121.0, 'p': 38.1421, 'e': 0.538353, 'id': 12, 'tq': 100}
JSON_entry: 12
Matched with first_id: 12 second_id: 16 name: 20230503_12
entry_id:20230503_12, entry saved to results list
created dirs at nodule_detection_path: output/crop1011/nodules-last-detected-on/2023-05-03/12/detection and nodule_images_original_path: output/crop1011/nodules-last-detected-on/2023-05-03/12
Segmented nodule image saved as output/crop1011/nodules-last-detected-on/2023-05-03/12/detection/2023-05-03.jpg
Original nodule image saved as output/crop1011/nodules-last-detected-on/2023-05-03/12/2023-05-03.jpg


@process_contour: max_id: 20230503_20
Moments: {'m00': 9.0, 'm10': 2065.5, 'm01': 3100.5, 'm20': 474039.0, 'm11': 711564.75, 'm02': 1068129.0, 'm30': 108795048.75, 'm21': 163306435.5, 'm12': 245135605.5, 'm03': 367975091.25, 'mu20': 6.75, 'mu11': 0.0, 'mu02': 6.75, 'mu30': 0.0, 'mu21': 0.0, 'mu12': 0.0, 'mu03': 0.0, 'nu20': 0.08333333333333333, 'nu11': 0.0, 'nu02': 0.08333333333333333, 'nu30': 0.0, 'nu21': 0.0, 'nu12': 0.0, 'nu03': 0.0}
Centroid: 229, 344
Processing contour#5: area: 9.0 centroid: 229, 344 rectangle: (228, 343, 4, 4)
@find_dayJSON_match_for_contour: x: 228, y: 343, w: 4, h: 4, area: 9.0
Matched with JSON#11: (229, 344, 3, 39.0, 21.8995, 0.44951)
Match with input JSON(nodules) ID: 11
Matched contour: {'x': 229, 'y': 344, 'd': 3, 'a': 39.0, 'p': 21.8995, 'e': 0.44951, 'id': 11, 'tq': 100}
JSON_entry: 11
Matched with first_id: 11 second_id: 14 name: 20230503_11
entry_id:20230503_11, entry saved to results list
created dirs at nodule_detection_path: output/crop1011/nodules-last-detected-on/2023-05-03/11/detection and nodule_images_original_path: output/crop1011/nodules-last-detected-on/2023-05-03/11
Segmented nodule image saved as output/crop1011/nodules-last-detected-on/2023-05-03/11/detection/2023-05-03.jpg
Original nodule image saved as output/crop1011/nodules-last-detected-on/2023-05-03/11/2023-05-03.jpg


@process_contour: max_id: 20230503_21
Moments: {'m00': 11.0, 'm10': 836.0, 'm01': 2789.6666666666665, 'm20': 63549.166666666664, 'm11': 212014.66666666666, 'm02': 707483.8333333333, 'm30': 4831738.0, 'm21': 16116455.633333333, 'm12': 53768771.333333336, 'm03': 179425970.9, 'mu20': 13.166666666664241, 'mu11': 0.0, 'mu02': 7.459595959633589, 'mu30': 9.313225746154785e-10, 'mu21': 1.8202020209414513, 'mu12': 7.450580596923828e-09, 'mu03': -0.611631453037262, 'nu20': 0.10881542699722514, 'nu11': 0.0, 'nu02': 0.06164955338540156, 'nu30': 2.3206968736193182e-12, 'nu21': 0.004535632716836526, 'nu12': 1.8565574988954546e-11, 'nu03': -0.001524081171829059}
Centroid: 76, 253
Processing contour#6: area: 11.0 centroid: 76, 253 rectangle: (74, 252, 5, 4)
@find_dayJSON_match_for_contour: x: 74, y: 252, w: 5, h: 4, area: 11.0
Matched with JSON#10: (76, 253, 3, 30.0, 20.2782, 0.854407)
Match with input JSON(nodules) ID: 10
Matched contour: {'x': 76, 'y': 253, 'd': 3, 'a': 30.0, 'p': 20.2782, 'e': 0.854407, 'id': 10, 'tq': 100}
JSON_entry: 10
Matched with first_id: 10 second_id: 12 name: 20230503_10
entry_id:20230503_10, entry saved to results list
created dirs at nodule_detection_path: output/crop1011/nodules-last-detected-on/2023-05-03/10/detection and nodule_images_original_path: output/crop1011/nodules-last-detected-on/2023-05-03/10
Segmented nodule image saved as output/crop1011/nodules-last-detected-on/2023-05-03/10/detection/2023-05-03.jpg
Original nodule image saved as output/crop1011/nodules-last-detected-on/2023-05-03/10/2023-05-03.jpg


@process_contour: max_id: 20230503_22
Moments: {'m00': 13.5, 'm10': 2645.5, 'm01': 1923.8333333333333, 'm20': 518436.25, 'm11': 377000.2916666666, 'm02': 274172.5833333333, 'm30': 101600668.65, 'm21': 73880449.15, 'm12': 53727730.38333333, 'm03': 39075405.95, 'mu20': 16.231481481459923, 'mu11': 0.21141975309001282, 'mu02': 14.457818930095527, 'mu30': 3.4541838318109512, 'mu21': 0.4403520984546958, 'mu12': -1.6671162940865543, 'mu03': -0.2552405670285225, 'nu20': 0.08906162678441658, 'nu11': 0.0011600535148971896, 'nu02': 0.07932959632425529, 'nu30': 0.005158352608266068, 'nu21': 0.0006576058212942085, 'nu12': -0.0024896108900422003, 'nu03': -0.0003811669872754324}
Centroid: 195, 142
Processing contour#7: area: 13.5 centroid: 195, 142 rectangle: (194, 140, 6, 6)
@find_dayJSON_match_for_contour: x: 194, y: 140, w: 6, h: 6, area: 13.5
Matched with JSON#9: (196, 142, 4, 64.0, 27.3137, 0.337377)
Match with input JSON(nodules) ID: 9
Matched contour: {'x': 196, 'y': 142, 'd': 4, 'a': 64.0, 'p': 27.3137, 'e': 0.337377, 'id': 9, 'tq': 100}
JSON_entry: 9
Matched with first_id: 9 second_id: 7 name: 20230510_9
entry_id:20230510_9, entry saved to results list
created dirs at nodule_detection_path: output/crop1011/nodules-last-detected-on/2023-05-10/9/detection and nodule_images_original_path: output/crop1011/nodules-last-detected-on/2023-05-10/9
Segmented nodule image saved as output/crop1011/nodules-last-detected-on/2023-05-10/9/detection/2023-05-03.jpg
Original nodule image saved as output/crop1011/nodules-last-detected-on/2023-05-10/9/2023-05-03.jpg


@process_contour: max_id: 20230503_23
Moments: {'m00': 3.0, 'm10': 118.5, 'm01': 379.5, 'm20': 4683.0, 'm11': 14990.25, 'm02': 48007.0, 'm30': 185156.25, 'm21': 592399.5, 'm12': 1896276.5, 'm03': 6072948.75, 'mu20': 2.25, 'mu11': 0.0, 'mu02': 0.25, 'mu30': 0.0, 'mu21': 0.0, 'mu12': 0.0, 'mu03': 0.0, 'nu20': 0.25, 'nu11': 0.0, 'nu02': 0.027777777777777776, 'nu30': 0.0, 'nu21': 0.0, 'nu12': 0.0, 'nu03': 0.0}
Centroid: 39, 126
Processing contour#8: area: 3.0 centroid: 39, 126 rectangle: (38, 126, 4, 2)
@find_dayJSON_match_for_contour: x: 38, y: 126, w: 4, h: 2, area: 3.0
Matched with JSON#8: (39, 126, 1, 12.0, 10.2426, 0.518033)
Match with input JSON(nodules) ID: 8
Matched contour: {'x': 39, 'y': 126, 'd': 1, 'a': 12.0, 'p': 10.2426, 'e': 0.518033, 'id': 8, 'tq': 100}
JSON_entry: 8
Matched with first_id: 8 second_id: 11 name: 20230503_8
entry_id:20230503_8, entry saved to results list
created dirs at nodule_detection_path: output/crop1011/nodules-last-detected-on/2023-05-03/8/detection and nodule_images_original_path: output/crop1011/nodules-last-detected-on/2023-05-03/8
Segmented nodule image saved as output/crop1011/nodules-last-detected-on/2023-05-03/8/detection/2023-05-03.jpg
Original nodule image saved as output/crop1011/nodules-last-detected-on/2023-05-03/8/2023-05-03.jpg


@process_contour: max_id: 20230503_24
Moments: {'m00': 1.0, 'm10': 198.5, 'm01': 100.5, 'm20': 39402.33333333333, 'm11': 19949.25, 'm02': 10100.333333333332, 'm30': 7821396.25, 'm21': 3959934.5, 'm12': 2004916.1666666667, 'm03': 1015100.25, 'mu20': 0.0833333333284827, 'mu11': 0.0, 'mu02': 0.08333333333212067, 'mu30': 2.7939677238464355e-09, 'mu21': 4.874891601502895e-10, 'mu12': 3.183231456205249e-10, 'mu03': 3.4924596548080444e-10, 'nu20': 0.0833333333284827, 'nu11': 0.0, 'nu02': 0.08333333333212067, 'nu30': 2.7939677238464355e-09, 'nu21': 4.874891601502895e-10, 'nu12': 3.183231456205249e-10, 'nu03': 3.4924596548080444e-10}
Centroid: 198, 100
Processing contour#9: area: 1.0 centroid: 198, 100 rectangle: (198, 100, 2, 2)
@find_dayJSON_match_for_contour: x: 198, y: 100, w: 2, h: 2, area: 1.0
Matched with JSON#7: (198, 101, 1, 5.0, 5.4142, 0.924176)
Match with input JSON(nodules) ID: 7
Matched contour: {'x': 198, 'y': 101, 'd': 1, 'a': 5.0, 'p': 5.4142, 'e': 0.924176, 'id': 7, 'tq': 100}
JSON_entry: 7
Matched with first_id: 7 second_id: 10 name: 20230503_7
entry_id:20230503_7, entry saved to results list
created dirs at nodule_detection_path: output/crop1011/nodules-last-detected-on/2023-05-03/7/detection and nodule_images_original_path: output/crop1011/nodules-last-detected-on/2023-05-03/7
Segmented nodule image saved as output/crop1011/nodules-last-detected-on/2023-05-03/7/detection/2023-05-03.jpg
Original nodule image saved as output/crop1011/nodules-last-detected-on/2023-05-03/7/2023-05-03.jpg


@process_contour: max_id: 20230503_25
Moments: {'m00': 27.5, 'm10': 5430.166666666666, 'm01': 2379.833333333333, 'm20': 1072323.25, 'm11': 469921.0416666666, 'm02': 205995.91666666666, 'm30': 211772900.05, 'm21': 92797301.31666666, 'm12': 40675679.016666666, 'm03': 17834823.95, 'mu20': 79.2489898991771, 'mu11': -2.2906565655139275, 'mu02': 46.58232323240372, 'mu30': 4.104970872402191, 'mu21': 1.7834128700469591, 'mu12': -3.070281620901369, 'mu03': -0.24436486884951591, 'nu20': 0.10479205275924244, 'nu11': -0.0030289673593572593, 'nu02': 0.06159646047259996, 'nu30': 0.0010350905538587321, 'nu21': 0.0004496971775917716, 'nu12': -0.0007741880764238738, 'nu03': -6.161792015178023e-05}
Centroid: 197, 86
Processing contour#10: area: 27.5 centroid: 197, 86 rectangle: (194, 84, 8, 6)
@find_dayJSON_match_for_contour: x: 194, y: 84, w: 8, h: 6, area: 27.5
Matched with JSON#6: (197, 86, 5, 104.0, 36.1421, 0.370983)
Match with input JSON(nodules) ID: 6
Matched contour: {'x': 197, 'y': 86, 'd': 5, 'a': 104.0, 'p': 36.1421, 'e': 0.370983, 'id': 6, 'tq': 100}
JSON_entry: 6
Matched with first_id: 6 second_id: 9 name: 20230505_7
entry_id:20230505_7, entry saved to results list
created dirs at nodule_detection_path: output/crop1011/nodules-last-detected-on/2023-05-05/7/detection and nodule_images_original_path: output/crop1011/nodules-last-detected-on/2023-05-05/7
Segmented nodule image saved as output/crop1011/nodules-last-detected-on/2023-05-05/7/detection/2023-05-03.jpg
Original nodule image saved as output/crop1011/nodules-last-detected-on/2023-05-05/7/2023-05-03.jpg


@process_contour: max_id: 20230503_26
Moments: {'m00': 21.0, 'm10': 1354.5, 'm01': 1725.1666666666665, 'm20': 87403.0, 'm11': 111273.25, 'm02': 141759.0, 'm30': 5642363.25, 'm21': 7180214.233333333, 'm12': 9143455.5, 'm03': 11651404.450000001, 'mu20': 37.75, 'mu11': 1.4551915228366852e-11, 'mu02': 35.1891534391616, 'mu30': 0.0, 'mu21': -11.584126984996146, 'mu12': -1.2951204553246498e-09, 'mu03': 8.459091290831566, 'nu20': 0.08560090702947844, 'nu11': 3.2997540200378343e-14, 'nu02': 0.07979399872825758, 'nu30': 0.0, 'nu21': -0.005732117348960739, 'nu12': -6.408581708898477e-13, 'nu03': 0.004185771099317282}
Centroid: 64, 82
Processing contour#11: area: 21.0 centroid: 64, 82 rectangle: (62, 80, 6, 6)
@find_dayJSON_match_for_contour: x: 62, y: 80, w: 6, h: 6, area: 21.0
Matched with JSON#5: (64, 81, 4, 75.0, 29.3137, 0.475399)
Match with input JSON(nodules) ID: 5
Matched contour: {'x': 64, 'y': 81, 'd': 4, 'a': 75.0, 'p': 29.3137, 'e': 0.475399, 'id': 5, 'tq': 100}
JSON_entry: 5
Matched with first_id: 5 second_id: 3 name: 20230508_4
entry_id:20230508_4, entry saved to results list
created dirs at nodule_detection_path: output/crop1011/nodules-last-detected-on/2023-05-08/4/detection and nodule_images_original_path: output/crop1011/nodules-last-detected-on/2023-05-08/4
Segmented nodule image saved as output/crop1011/nodules-last-detected-on/2023-05-08/4/detection/2023-05-03.jpg
Original nodule image saved as output/crop1011/nodules-last-detected-on/2023-05-08/4/2023-05-03.jpg


@process_contour: max_id: 20230503_27
Moments: {'m00': 0.0, 'm10': 0.0, 'm01': 0.0, 'm20': 0.0, 'm11': 0.0, 'm02': 0.0, 'm30': 0.0, 'm21': 0.0, 'm12': 0.0, 'm03': 0.0, 'mu20': 0.0, 'mu11': 0.0, 'mu02': 0.0, 'mu30': 0.0, 'mu21': 0.0, 'mu12': 0.0, 'mu03': 0.0, 'nu20': 0.0, 'nu11': 0.0, 'nu02': 0.0, 'nu30': 0.0, 'nu21': 0.0, 'nu12': 0.0, 'nu03': 0.0}
Skipping contour#12 because area is 0.


@process_contour: max_id: 20230503_28
Moments: {'m00': 354.0, 'm10': 53394.0, 'm01': 23242.666666666664, 'm20': 8066501.666666666, 'm11': 3523276.0, 'm02': 1559736.6666666665, 'm30': 1220634921.6000001, 'm21': 534925547.7, 'm12': 237511427.2, 'm03': 106684059.60000001, 'mu20': 13057.497175140306, 'mu11': 17572.76836158242, 'mu02': 33687.079723791685, 'mu30': 21435.728986501694, 'mu21': 208.17389518173877, 'mu12': -52006.627337867394, 'mu03': -147563.45394952595, 'nu20': 0.10419656847601509, 'nu11': 0.14022765138994558, 'nu02': 0.26881706824181817, 'nu30': 0.009091386108688116, 'nu21': 8.82913410613905e-05, 'nu12': -0.022057207834496422, 'nu03': -0.06258505769650059}
Centroid: 150, 65
Processing contour#13: area: 354.0 centroid: 150, 65 rectangle: (140, 42, 26, 40)
@find_dayJSON_match_for_contour: x: 140, y: 42, w: 26, h: 40, area: 354.0
Matched with JSON#3: (150, 65, 20, 1330.0, 205.3797, 0.968967)
Match with input JSON(nodules) ID: 3
Matched contour: {'x': 150, 'y': 65, 'd': 20, 'a': 1330.0, 'p': 205.3797, 'e': 0.968967, 'id': 3, 'tq': 100}
JSON_entry: 3
Matched with first_id: 3 second_id: 2 name: 20230503_3
entry_id:20230503_3, entry saved to results list
created dirs at nodule_detection_path: output/crop1011/nodules-last-detected-on/2023-05-03/3/detection and nodule_images_original_path: output/crop1011/nodules-last-detected-on/2023-05-03/3
Segmented nodule image saved as output/crop1011/nodules-last-detected-on/2023-05-03/3/detection/2023-05-03.jpg
Original nodule image saved as output/crop1011/nodules-last-detected-on/2023-05-03/3/2023-05-03.jpg


@process_contour: max_id: 20230503_29
Moments: {'m00': 60.0, 'm10': 6284.333333333333, 'm01': 2539.5, 'm20': 658604.0, 'm11': 266026.5833333333, 'm02': 107709.5, 'm30': 69063238.10000001, 'm21': 27884338.25, 'm12': 11284902.45, 'm03': 4577795.75, 'mu20': 389.90925925935153, 'mu11': 42.17499999998836, 'mu02': 225.16249999999127, 'mu30': 109.5970576107502, 'mu21': 89.2247222228616, 'mu12': -41.01652777651179, 'mu03': -68.84312499966472, 'nu20': 0.10830812757204208, 'nu11': 0.011715277777774544, 'nu02': 0.06254513888888646, 'nu30': 0.003930255360368244, 'nu21': 0.0031996839188807944, 'nu12': -0.0014708919351637416, 'nu03': -0.002468780339116453}
Centroid: 104, 42
Processing contour#14: area: 60.0 centroid: 104, 42 rectangle: (100, 38, 11, 9)
@find_dayJSON_match_for_contour: x: 100, y: 38, w: 11, h: 9, area: 60.0
Matched with JSON#2: (104, 42, 8, 203.0, 52.0416, 0.717547)
Match with input JSON(nodules) ID: 2
Matched contour: {'x': 104, 'y': 42, 'd': 8, 'a': 203.0, 'p': 52.0416, 'e': 0.717547, 'id': 2, 'tq': 100}
JSON_entry: 2
Matched with first_id: 2 second_id: 1 name: 20230503_2
entry_id:20230503_2, entry saved to results list
created dirs at nodule_detection_path: output/crop1011/nodules-last-detected-on/2023-05-03/2/detection and nodule_images_original_path: output/crop1011/nodules-last-detected-on/2023-05-03/2
Segmented nodule image saved as output/crop1011/nodules-last-detected-on/2023-05-03/2/detection/2023-05-03.jpg
Original nodule image saved as output/crop1011/nodules-last-detected-on/2023-05-03/2/2023-05-03.jpg


@process_contour: max_id: 20230503_30
Moments: {'m00': 20.0, 'm10': 4488.0, 'm01': 666.1666666666666, 'm20': 1007142.3333333333, 'm11': 149488.41666666666, 'm02': 22221.166666666664, 'm30': 226018512.0, 'm21': 33546504.216666665, 'm12': 4986467.25, 'm03': 742299.15, 'mu20': 35.133333333185874, 'mu11': 0.6166666666686069, 'mu02': 32.265277777780284, 'mu30': 4.560000091791153, 'mu21': -5.096111106149692, 'mu12': -3.6302777778519157, 'mu03': -0.28164351847954094, 'nu20': 0.0878333333329647, 'nu11': 0.0015416666666715176, 'nu02': 0.08066319444445072, 'nu30': 0.002549117545662575, 'nu21': -0.00284881271356059, 'nu12': -0.0020293869721209412, 'nu03': -0.00015744351318561795}
Centroid: 224, 33
Processing contour#15: area: 20.0 centroid: 224, 33 rectangle: (222, 30, 6, 7)
@find_dayJSON_match_for_contour: x: 222, y: 30, w: 6, h: 7, area: 20.0
Matched with JSON#1: (224, 33, 4, 76.0, 31.5563, 0.652813)
Match with input JSON(nodules) ID: 1
Matched contour: {'x': 224, 'y': 33, 'd': 4, 'a': 76.0, 'p': 31.5563, 'e': 0.652813, 'id': 1, 'tq': 100}
JSON_entry: 1
Matched with first_id: 1 second_id: 8 name: 20230503_1
entry_id:20230503_1, entry saved to results list
created dirs at nodule_detection_path: output/crop1011/nodules-last-detected-on/2023-05-03/1/detection and nodule_images_original_path: output/crop1011/nodules-last-detected-on/2023-05-03/1
Segmented nodule image saved as output/crop1011/nodules-last-detected-on/2023-05-03/1/detection/2023-05-03.jpg
Original nodule image saved as output/crop1011/nodules-last-detected-on/2023-05-03/1/2023-05-03.jpg


@process_contour: max_id: 20230503_31
Moments: {'m00': 15.5, 'm10': 3265.333333333333, 'm01': 507.8333333333333, 'm20': 687917.75, 'm11': 106981.79166666666, 'm02': 16657.916666666664, 'm30': 144930123.70000002, 'm21': 22537808.733333334, 'm12': 3509155.5666666664, 'm03': 547050.9500000001, 'mu20': 20.861111111356877, 'mu11': -1.7638888888759539, 'mu02': 19.54928315412326, 'mu30': -5.114814877510071, 'mu21': -0.600298688012117, 'mu12': 3.371027478920041, 'mu03': -0.7211276831803843, 'nu20': 0.0868308474978434, 'nu11': -0.0073418892356959566, 'nu02': 0.08137058544900419, 'nu30': -0.00540755162560868, 'nu21': -0.0006346556471640923, 'nu12': 0.003563961855933213, 'nu03': -0.0007624000611634709}
Centroid: 210, 32
Processing contour#16: area: 15.5 centroid: 210, 32 rectangle: (208, 30, 6, 6)
@find_dayJSON_match_for_contour: x: 208, y: 30, w: 6, h: 6, area: 15.5
Matched with JSON#0: (210, 32, 4, 58.0, 26.1421, 0.578528)
Match with input JSON(nodules) ID: 0
Matched contour: {'x': 210, 'y': 32, 'd': 4, 'a': 58.0, 'p': 26.1421, 'e': 0.578528, 'id': 0, 'tq': 100}
JSON_entry: 0
Matched with first_id: 0 second_id: 0 name: 20230505_0
entry_id:20230505_0, entry saved to results list
created dirs at nodule_detection_path: output/crop1011/nodules-last-detected-on/2023-05-05/0/detection and nodule_images_original_path: output/crop1011/nodules-last-detected-on/2023-05-05/0
Segmented nodule image saved as output/crop1011/nodules-last-detected-on/2023-05-05/0/detection/2023-05-03.jpg
Original nodule image saved as output/crop1011/nodules-last-detected-on/2023-05-05/0/2023-05-03.jpg


Done analyzing contours, found 15 nodules.


results_entry: {'date': '20230503', 'json': 'output/crop1011/20230503/20230503.json', 'log': 'output/crop1011/20230503/crop1011_20230503.log', 'image': 'data/crop1011/20230503.jpg', 'plot': 'output/crop1011/plots/20230501_20230503.png', 'match_stats': {'i_dict': {0: 9, 1: 4, 2: 1, 3: 1, 5: 1}, 'average_tracking_quality': 21.6667, 'distance_threshold': 20, 'lengths': {'matching': 16, 'unmatched_current': 0, 'unmatched_previous': 2}, 'averages': {'tq': -284.0, 'i': 0.875, 'dx': 14.3125, 'dy': 61.1875, 'dd': -1.125, 'da': -52.5, 'dp': -8.51, 'de': 0.0231}}}
