
@process_crop_folder: Processing crop folder: data/crop1001
Found 19 files: ['data/crop1001/20230424.jpg', 'data/crop1001/20230426.jpg', 'data/crop1001/20230501.jpg', 'data/crop1001/20230503.jpg', 'data/crop1001/20230505.jpg', 'data/crop1001/20230508.jpg', 'data/crop1001/20230510.jpg', 'data/crop1001/20230512.jpg', 'data/crop1001/20230515.jpg', 'data/crop1001/20230517.jpg', 'data/crop1001/20230519.jpg', 'data/crop1001/20230522.jpg', 'data/crop1001/20230524.jpg', 'data/crop1001/20230526.jpg', 'data/crop1001/20230529.jpg', 'data/crop1001/20230531.jpg', 'data/crop1001/20230602.jpg', 'data/crop1001/20230605.jpg', 'data/crop1001/20230607.jpg']
------------------------------------


Processing image: data/crop1001/20230607.jpg
Calling analyze_image() with file: data/crop1001/20230607.jpg, output_dir: output/crop1001

@analyze_image: file_name: data/crop1001/20230607.jpg, output_dir: output/crop1001, external_logger: <Logger data_crop1001.log (DEBUG)>
current_date: 20230607, crop_number: crop1001
image_output_dir: output/crop1001/20230607
Starting log at: output/crop1001/20230607/crop1001_20230607.log
Creating logger: crop1001_20230607.log, output/crop1001/20230607, <Logger data_crop1001.log (DEBUG)>
analyze_image() returned: {'crop': 'crop1001', 'date': '20230607', 'json': 'output/crop1001/20230607/20230607.json', 'image': 'data/crop1001/20230607.jpg', 'match_stats': {'i_dict': {0: 237}, 'tq_average': 35.675105485232066, 'average_tracking_quality': 66.38775510204081, 'distance_threshold': 22.92665728245068}}
DONE processing image: data/crop1001/20230607.jpg


Processing image: data/crop1001/20230605.jpg
Calling analyze_image() with file: data/crop1001/20230605.jpg, output_dir: output/crop1001

@analyze_image: file_name: data/crop1001/20230605.jpg, output_dir: output/crop1001, external_logger: <Logger data_crop1001.log (DEBUG)>
current_date: 20230605, crop_number: crop1001
image_output_dir: output/crop1001/20230605
Starting log at: output/crop1001/20230605/crop1001_20230605.log
Creating logger: crop1001_20230605.log, output/crop1001/20230605, <Logger data_crop1001.log (DEBUG)>
analyze_image() returned: {'crop': 'crop1001', 'date': '20230605', 'json': 'output/crop1001/20230605/20230605.json', 'image': 'data/crop1001/20230605.jpg', 'match_stats': {'i_dict': {0: 76, 1: 167}, 'tq_average': 11.415637860082304, 'average_tracking_quality': 68.55135135135136, 'distance_threshold': 16.61217523719042}}
DONE processing image: data/crop1001/20230605.jpg


Processing image: data/crop1001/20230602.jpg
Calling analyze_image() with file: data/crop1001/20230602.jpg, output_dir: output/crop1001

@analyze_image: file_name: data/crop1001/20230602.jpg, output_dir: output/crop1001, external_logger: <Logger data_crop1001.log (DEBUG)>
current_date: 20230602, crop_number: crop1001
image_output_dir: output/crop1001/20230602
Starting log at: output/crop1001/20230602/crop1001_20230602.log
Creating logger: crop1001_20230602.log, output/crop1001/20230602, <Logger data_crop1001.log (DEBUG)>
analyze_image() returned: {'crop': 'crop1001', 'date': '20230602', 'json': 'output/crop1001/20230602/20230602.json', 'image': 'data/crop1001/20230602.jpg', 'match_stats': {'i_dict': {0: 84, 1: 7, 2: 150}, 'tq_average': 6.174273858921162, 'average_tracking_quality': 71.44324324324324, 'distance_threshold': 12.081481430477705}}
DONE processing image: data/crop1001/20230602.jpg


Processing image: data/crop1001/20230531.jpg
Calling analyze_image() with file: data/crop1001/20230531.jpg, output_dir: output/crop1001

@analyze_image: file_name: data/crop1001/20230531.jpg, output_dir: output/crop1001, external_logger: <Logger data_crop1001.log (DEBUG)>
current_date: 20230531, crop_number: crop1001
image_output_dir: output/crop1001/20230531
Starting log at: output/crop1001/20230531/crop1001_20230531.log
Creating logger: crop1001_20230531.log, output/crop1001/20230531, <Logger data_crop1001.log (DEBUG)>
analyze_image() returned: {'crop': 'crop1001', 'date': '20230531', 'json': 'output/crop1001/20230531/20230531.json', 'image': 'data/crop1001/20230531.jpg', 'match_stats': {'i_dict': {0: 72, 1: 17, 2: 5, 3: 130}, 'tq_average': 33.370535714285715, 'average_tracking_quality': 67.73480662983425, 'distance_threshold': 19.85452874527666}}
DONE processing image: data/crop1001/20230531.jpg


Processing image: data/crop1001/20230529.jpg
Calling analyze_image() with file: data/crop1001/20230529.jpg, output_dir: output/crop1001

@analyze_image: file_name: data/crop1001/20230529.jpg, output_dir: output/crop1001, external_logger: <Logger data_crop1001.log (DEBUG)>
current_date: 20230529, crop_number: crop1001
image_output_dir: output/crop1001/20230529
Starting log at: output/crop1001/20230529/crop1001_20230529.log
Creating logger: crop1001_20230529.log, output/crop1001/20230529, <Logger data_crop1001.log (DEBUG)>
analyze_image() returned: {'crop': 'crop1001', 'date': '20230529', 'json': 'output/crop1001/20230529/20230529.json', 'image': 'data/crop1001/20230529.jpg', 'match_stats': {'i_dict': {0: 66, 1: 18, 2: 12, 3: 5, 4: 116}, 'tq_average': 38.76036866359447, 'average_tracking_quality': 68.42105263157895, 'distance_threshold': 18.677798425314847}}
DONE processing image: data/crop1001/20230529.jpg


Processing image: data/crop1001/20230526.jpg
Calling analyze_image() with file: data/crop1001/20230526.jpg, output_dir: output/crop1001

@analyze_image: file_name: data/crop1001/20230526.jpg, output_dir: output/crop1001, external_logger: <Logger data_crop1001.log (DEBUG)>
current_date: 20230526, crop_number: crop1001
image_output_dir: output/crop1001/20230526
Starting log at: output/crop1001/20230526/crop1001_20230526.log
Creating logger: crop1001_20230526.log, output/crop1001/20230526, <Logger data_crop1001.log (DEBUG)>
analyze_image() returned: {'crop': 'crop1001', 'date': '20230526', 'json': 'output/crop1001/20230526/20230526.json', 'image': 'data/crop1001/20230526.jpg', 'match_stats': {'i_dict': {0: 56, 1: 15, 2: 18, 3: 12, 4: 5, 5: 111}, 'tq_average': 49.133640552995395, 'average_tracking_quality': 67.16753926701571, 'distance_threshold': 26.21797473970789}}
DONE processing image: data/crop1001/20230526.jpg


Processing image: data/crop1001/20230524.jpg
Calling analyze_image() with file: data/crop1001/20230524.jpg, output_dir: output/crop1001

@analyze_image: file_name: data/crop1001/20230524.jpg, output_dir: output/crop1001, external_logger: <Logger data_crop1001.log (DEBUG)>
current_date: 20230524, crop_number: crop1001
image_output_dir: output/crop1001/20230524
Starting log at: output/crop1001/20230524/crop1001_20230524.log
Creating logger: crop1001_20230524.log, output/crop1001/20230524, <Logger data_crop1001.log (DEBUG)>
analyze_image() returned: {'crop': 'crop1001', 'date': '20230524', 'json': 'output/crop1001/20230524/20230524.json', 'image': 'data/crop1001/20230524.jpg', 'match_stats': {'i_dict': {0: 50, 1: 24, 2: 13, 3: 13, 4: 10, 5: 4, 6: 99}, 'tq_average': 44.201877934272304, 'average_tracking_quality': 65.1340782122905, 'distance_threshold': 22.027812966226623}}
DONE processing image: data/crop1001/20230524.jpg


Processing image: data/crop1001/20230522.jpg
Calling analyze_image() with file: data/crop1001/20230522.jpg, output_dir: output/crop1001

@analyze_image: file_name: data/crop1001/20230522.jpg, output_dir: output/crop1001, external_logger: <Logger data_crop1001.log (DEBUG)>
current_date: 20230522, crop_number: crop1001
image_output_dir: output/crop1001/20230522
Starting log at: output/crop1001/20230522/crop1001_20230522.log
Creating logger: crop1001_20230522.log, output/crop1001/20230522, <Logger data_crop1001.log (DEBUG)>
analyze_image() returned: {'crop': 'crop1001', 'date': '20230522', 'json': 'output/crop1001/20230522/20230522.json', 'image': 'data/crop1001/20230522.jpg', 'match_stats': {'i_dict': {0: 62, 1: 10, 2: 22, 3: 9, 4: 6, 5: 8, 6: 3, 7: 91}, 'tq_average': 31.644549763033176, 'average_tracking_quality': 67.18452380952381, 'distance_threshold': 22.1579009928963}}
DONE processing image: data/crop1001/20230522.jpg


Processing image: data/crop1001/20230519.jpg
Calling analyze_image() with file: data/crop1001/20230519.jpg, output_dir: output/crop1001

@analyze_image: file_name: data/crop1001/20230519.jpg, output_dir: output/crop1001, external_logger: <Logger data_crop1001.log (DEBUG)>
current_date: 20230519, crop_number: crop1001
image_output_dir: output/crop1001/20230519
Starting log at: output/crop1001/20230519/crop1001_20230519.log
Creating logger: crop1001_20230519.log, output/crop1001/20230519, <Logger data_crop1001.log (DEBUG)>
analyze_image() returned: {'crop': 'crop1001', 'date': '20230519', 'json': 'output/crop1001/20230519/20230519.json', 'image': 'data/crop1001/20230519.jpg', 'match_stats': {'i_dict': {0: 54, 1: 14, 2: 6, 3: 20, 4: 6, 5: 5, 6: 6, 7: 3, 8: 77}, 'tq_average': 40.769633507853406, 'average_tracking_quality': 63.22699386503067, 'distance_threshold': 36.014607727667176}}
DONE processing image: data/crop1001/20230519.jpg


Processing image: data/crop1001/20230517.jpg
Calling analyze_image() with file: data/crop1001/20230517.jpg, output_dir: output/crop1001

@analyze_image: file_name: data/crop1001/20230517.jpg, output_dir: output/crop1001, external_logger: <Logger data_crop1001.log (DEBUG)>
current_date: 20230517, crop_number: crop1001
image_output_dir: output/crop1001/20230517
Starting log at: output/crop1001/20230517/crop1001_20230517.log
Creating logger: crop1001_20230517.log, output/crop1001/20230517, <Logger data_crop1001.log (DEBUG)>
analyze_image() returned: {'crop': 'crop1001', 'date': '20230517', 'json': 'output/crop1001/20230517/20230517.json', 'image': 'data/crop1001/20230517.jpg', 'match_stats': {'i_dict': {0: 55, 1: 16, 2: 10, 3: 5, 4: 17, 5: 4, 6: 5, 7: 6, 8: 2, 9: 71}, 'tq_average': 23.544502617801047, 'average_tracking_quality': 68.0, 'distance_threshold': 21.020997326764444}}
DONE processing image: data/crop1001/20230517.jpg


Processing image: data/crop1001/20230515.jpg
Calling analyze_image() with file: data/crop1001/20230515.jpg, output_dir: output/crop1001

@analyze_image: file_name: data/crop1001/20230515.jpg, output_dir: output/crop1001, external_logger: <Logger data_crop1001.log (DEBUG)>
current_date: 20230515, crop_number: crop1001
image_output_dir: output/crop1001/20230515
Starting log at: output/crop1001/20230515/crop1001_20230515.log
Creating logger: crop1001_20230515.log, output/crop1001/20230515, <Logger data_crop1001.log (DEBUG)>
analyze_image() returned: {'crop': 'crop1001', 'date': '20230515', 'json': 'output/crop1001/20230515/20230515.json', 'image': 'data/crop1001/20230515.jpg', 'match_stats': {'i_dict': {0: 28, 1: 9, 2: 12, 3: 9, 4: 4, 5: 15, 6: 3, 7: 2, 8: 5, 9: 2, 10: 55}, 'tq_average': 58.59722222222222, 'average_tracking_quality': 64.06666666666666, 'distance_threshold': 40.93080567221194}}
DONE processing image: data/crop1001/20230515.jpg


Processing image: data/crop1001/20230512.jpg
Calling analyze_image() with file: data/crop1001/20230512.jpg, output_dir: output/crop1001

@analyze_image: file_name: data/crop1001/20230512.jpg, output_dir: output/crop1001, external_logger: <Logger data_crop1001.log (DEBUG)>
current_date: 20230512, crop_number: crop1001
image_output_dir: output/crop1001/20230512
Starting log at: output/crop1001/20230512/crop1001_20230512.log
Creating logger: crop1001_20230512.log, output/crop1001/20230512, <Logger data_crop1001.log (DEBUG)>
analyze_image() returned: {'crop': 'crop1001', 'date': '20230512', 'json': 'output/crop1001/20230512/20230512.json', 'image': 'data/crop1001/20230512.jpg', 'match_stats': {'i_dict': {0: 20, 1: 17, 2: 8, 3: 10, 4: 6, 5: 4, 6: 12, 7: 3, 8: 1, 9: 5, 10: 2, 11: 43}, 'tq_average': 47.01526717557252, 'average_tracking_quality': 65.52586206896552, 'distance_threshold': 34.89903014585274}}
DONE processing image: data/crop1001/20230512.jpg


Processing image: data/crop1001/20230510.jpg
Calling analyze_image() with file: data/crop1001/20230510.jpg, output_dir: output/crop1001

@analyze_image: file_name: data/crop1001/20230510.jpg, output_dir: output/crop1001, external_logger: <Logger data_crop1001.log (DEBUG)>
current_date: 20230510, crop_number: crop1001
image_output_dir: output/crop1001/20230510
Starting log at: output/crop1001/20230510/crop1001_20230510.log
Creating logger: crop1001_20230510.log, output/crop1001/20230510, <Logger data_crop1001.log (DEBUG)>
analyze_image() returned: {'crop': 'crop1001', 'date': '20230510', 'json': 'output/crop1001/20230510/20230510.json', 'image': 'data/crop1001/20230510.jpg', 'match_stats': {'i_dict': {0: 34, 1: 4, 2: 15, 3: 6, 4: 8, 5: 4, 6: 4, 7: 9, 8: 3, 9: 1, 10: 3, 11: 2, 12: 36}, 'tq_average': 23.868217054263567, 'average_tracking_quality': 68.95049504950495, 'distance_threshold': 20.245813299510992}}
DONE processing image: data/crop1001/20230510.jpg


Processing image: data/crop1001/20230508.jpg
Calling analyze_image() with file: data/crop1001/20230508.jpg, output_dir: output/crop1001

@analyze_image: file_name: data/crop1001/20230508.jpg, output_dir: output/crop1001, external_logger: <Logger data_crop1001.log (DEBUG)>
current_date: 20230508, crop_number: crop1001
image_output_dir: output/crop1001/20230508
Starting log at: output/crop1001/20230508/crop1001_20230508.log
Creating logger: crop1001_20230508.log, output/crop1001/20230508, <Logger data_crop1001.log (DEBUG)>
analyze_image() returned: {'crop': 'crop1001', 'date': '20230508', 'json': 'output/crop1001/20230508/20230508.json', 'image': 'data/crop1001/20230508.jpg', 'match_stats': {'i_dict': {0: 10, 1: 3, 2: 2, 3: 4, 4: 3, 5: 4, 6: 1, 7: 1, 8: 3, 9: 2, 10: 1, 12: 2, 13: 18}, 'tq_average': 55.98148148148148, 'average_tracking_quality': 70.6938775510204, 'distance_threshold': 50.91804245837824}}
DONE processing image: data/crop1001/20230508.jpg


Processing image: data/crop1001/20230505.jpg
Calling analyze_image() with file: data/crop1001/20230505.jpg, output_dir: output/crop1001

@analyze_image: file_name: data/crop1001/20230505.jpg, output_dir: output/crop1001, external_logger: <Logger data_crop1001.log (DEBUG)>
current_date: 20230505, crop_number: crop1001
image_output_dir: output/crop1001/20230505
Starting log at: output/crop1001/20230505/crop1001_20230505.log
Creating logger: crop1001_20230505.log, output/crop1001/20230505, <Logger data_crop1001.log (DEBUG)>
analyze_image() returned: {'crop': 'crop1001', 'date': '20230505', 'json': 'output/crop1001/20230505/20230505.json', 'image': 'data/crop1001/20230505.jpg', 'match_stats': {'i_dict': {0: 15, 1: 3, 2: 3, 4: 3, 5: 1, 6: 2, 9: 2, 10: 2, 11: 1, 13: 1, 14: 8}, 'tq_average': -0.4146341463414634, 'average_tracking_quality': 68.35483870967742, 'distance_threshold': 58.952312012163965}}
DONE processing image: data/crop1001/20230505.jpg


Processing image: data/crop1001/20230503.jpg
Calling analyze_image() with file: data/crop1001/20230503.jpg, output_dir: output/crop1001

@analyze_image: file_name: data/crop1001/20230503.jpg, output_dir: output/crop1001, external_logger: <Logger data_crop1001.log (DEBUG)>
current_date: 20230503, crop_number: crop1001
image_output_dir: output/crop1001/20230503
Starting log at: output/crop1001/20230503/crop1001_20230503.log
Creating logger: crop1001_20230503.log, output/crop1001/20230503, <Logger data_crop1001.log (DEBUG)>
analyze_image() returned: {'crop': 'crop1001', 'date': '20230503', 'json': 'output/crop1001/20230503/20230503.json', 'image': 'data/crop1001/20230503.jpg', 'match_stats': {'i_dict': {0: 10, 1: 3, 2: 1, 5: 1, 6: 1, 7: 2, 10: 1, 11: 1, 12: 1, 14: 1, 15: 7}, 'tq_average': 52.96551724137931, 'average_tracking_quality': 58.629629629629626, 'distance_threshold': 65.51212284076412}}
DONE processing image: data/crop1001/20230503.jpg


Processing image: data/crop1001/20230501.jpg
Calling analyze_image() with file: data/crop1001/20230501.jpg, output_dir: output/crop1001

@analyze_image: file_name: data/crop1001/20230501.jpg, output_dir: output/crop1001, external_logger: <Logger data_crop1001.log (DEBUG)>
current_date: 20230501, crop_number: crop1001
image_output_dir: output/crop1001/20230501
Starting log at: output/crop1001/20230501/crop1001_20230501.log
Creating logger: crop1001_20230501.log, output/crop1001/20230501, <Logger data_crop1001.log (DEBUG)>
analyze_image() returned: {'crop': 'crop1001', 'date': '20230501', 'json': 'output/crop1001/20230501/20230501.json', 'image': 'data/crop1001/20230501.jpg', 'match_stats': {'i_dict': {0: 1, 1: 4, 2: 2, 3: 1, 6: 1, 7: 1, 8: 1, 16: 1}, 'tq_average': 70.08333333333333, 'average_tracking_quality': 70.08333333333333, 'distance_threshold': 151.22492870890397}}
DONE processing image: data/crop1001/20230501.jpg


Processing image: data/crop1001/20230426.jpg
Calling analyze_image() with file: data/crop1001/20230426.jpg, output_dir: output/crop1001

@analyze_image: file_name: data/crop1001/20230426.jpg, output_dir: output/crop1001, external_logger: <Logger data_crop1001.log (DEBUG)>
current_date: 20230426, crop_number: crop1001
image_output_dir: output/crop1001/20230426
Starting log at: output/crop1001/20230426/crop1001_20230426.log
Creating logger: crop1001_20230426.log, output/crop1001/20230426, <Logger data_crop1001.log (DEBUG)>
analyze_image() returned: {'crop': 'crop1001', 'date': '20230426', 'json': 'output/crop1001/20230426/20230426.json', 'image': 'data/crop1001/20230426.jpg', 'match_stats': {'i_dict': {0: 1, 1: 1, 2: 4, 3: 2, 4: 1, 7: 1, 8: 1, 9: 1}, 'tq_average': 55.916666666666664, 'average_tracking_quality': 63.09090909090909, 'distance_threshold': 64.62590974379692}}
DONE processing image: data/crop1001/20230426.jpg


Processing image: data/crop1001/20230424.jpg
Calling analyze_image() with file: data/crop1001/20230424.jpg, output_dir: output/crop1001

@analyze_image: file_name: data/crop1001/20230424.jpg, output_dir: output/crop1001, external_logger: <Logger data_crop1001.log (DEBUG)>
current_date: 20230424, crop_number: crop1001
image_output_dir: output/crop1001/20230424
Starting log at: output/crop1001/20230424/crop1001_20230424.log
Creating logger: crop1001_20230424.log, output/crop1001/20230424, <Logger data_crop1001.log (DEBUG)>
analyze_image() returned: {'crop': 'crop1001', 'date': '20230424', 'json': 'output/crop1001/20230424/20230424.json', 'image': 'data/crop1001/20230424.jpg', 'match_stats': {}}
DONE processing image: data/crop1001/20230424.jpg


@generate_gifs: dates_dir:output/crop1001/nodules-last-detected-on
------------------------------------
DONE Processing crop folder: data/crop1001
Results: [{'crop': 'crop1001', 'date': '20230607', 'json': 'output/crop1001/20230607/20230607.json', 'image': 'data/crop1001/20230607.jpg', 'match_stats': {'i_dict': {0: 237}, 'tq_average': 35.675105485232066, 'average_tracking_quality': 66.38775510204081, 'distance_threshold': 22.92665728245068}}, {'crop': 'crop1001', 'date': '20230605', 'json': 'output/crop1001/20230605/20230605.json', 'image': 'data/crop1001/20230605.jpg', 'match_stats': {'i_dict': {0: 76, 1: 167}, 'tq_average': 11.415637860082304, 'average_tracking_quality': 68.55135135135136, 'distance_threshold': 16.61217523719042}}, {'crop': 'crop1001', 'date': '20230602', 'json': 'output/crop1001/20230602/20230602.json', 'image': 'data/crop1001/20230602.jpg', 'match_stats': {'i_dict': {0: 84, 1: 7, 2: 150}, 'tq_average': 6.174273858921162, 'average_tracking_quality': 71.44324324324324, 'distance_threshold': 12.081481430477705}}, {'crop': 'crop1001', 'date': '20230531', 'json': 'output/crop1001/20230531/20230531.json', 'image': 'data/crop1001/20230531.jpg', 'match_stats': {'i_dict': {0: 72, 1: 17, 2: 5, 3: 130}, 'tq_average': 33.370535714285715, 'average_tracking_quality': 67.73480662983425, 'distance_threshold': 19.85452874527666}}, {'crop': 'crop1001', 'date': '20230529', 'json': 'output/crop1001/20230529/20230529.json', 'image': 'data/crop1001/20230529.jpg', 'match_stats': {'i_dict': {0: 66, 1: 18, 2: 12, 3: 5, 4: 116}, 'tq_average': 38.76036866359447, 'average_tracking_quality': 68.42105263157895, 'distance_threshold': 18.677798425314847}}, {'crop': 'crop1001', 'date': '20230526', 'json': 'output/crop1001/20230526/20230526.json', 'image': 'data/crop1001/20230526.jpg', 'match_stats': {'i_dict': {0: 56, 1: 15, 2: 18, 3: 12, 4: 5, 5: 111}, 'tq_average': 49.133640552995395, 'average_tracking_quality': 67.16753926701571, 'distance_threshold': 26.21797473970789}}, {'crop': 'crop1001', 'date': '20230524', 'json': 'output/crop1001/20230524/20230524.json', 'image': 'data/crop1001/20230524.jpg', 'match_stats': {'i_dict': {0: 50, 1: 24, 2: 13, 3: 13, 4: 10, 5: 4, 6: 99}, 'tq_average': 44.201877934272304, 'average_tracking_quality': 65.1340782122905, 'distance_threshold': 22.027812966226623}}, {'crop': 'crop1001', 'date': '20230522', 'json': 'output/crop1001/20230522/20230522.json', 'image': 'data/crop1001/20230522.jpg', 'match_stats': {'i_dict': {0: 62, 1: 10, 2: 22, 3: 9, 4: 6, 5: 8, 6: 3, 7: 91}, 'tq_average': 31.644549763033176, 'average_tracking_quality': 67.18452380952381, 'distance_threshold': 22.1579009928963}}, {'crop': 'crop1001', 'date': '20230519', 'json': 'output/crop1001/20230519/20230519.json', 'image': 'data/crop1001/20230519.jpg', 'match_stats': {'i_dict': {0: 54, 1: 14, 2: 6, 3: 20, 4: 6, 5: 5, 6: 6, 7: 3, 8: 77}, 'tq_average': 40.769633507853406, 'average_tracking_quality': 63.22699386503067, 'distance_threshold': 36.014607727667176}}, {'crop': 'crop1001', 'date': '20230517', 'json': 'output/crop1001/20230517/20230517.json', 'image': 'data/crop1001/20230517.jpg', 'match_stats': {'i_dict': {0: 55, 1: 16, 2: 10, 3: 5, 4: 17, 5: 4, 6: 5, 7: 6, 8: 2, 9: 71}, 'tq_average': 23.544502617801047, 'average_tracking_quality': 68.0, 'distance_threshold': 21.020997326764444}}, {'crop': 'crop1001', 'date': '20230515', 'json': 'output/crop1001/20230515/20230515.json', 'image': 'data/crop1001/20230515.jpg', 'match_stats': {'i_dict': {0: 28, 1: 9, 2: 12, 3: 9, 4: 4, 5: 15, 6: 3, 7: 2, 8: 5, 9: 2, 10: 55}, 'tq_average': 58.59722222222222, 'average_tracking_quality': 64.06666666666666, 'distance_threshold': 40.93080567221194}}, {'crop': 'crop1001', 'date': '20230512', 'json': 'output/crop1001/20230512/20230512.json', 'image': 'data/crop1001/20230512.jpg', 'match_stats': {'i_dict': {0: 20, 1: 17, 2: 8, 3: 10, 4: 6, 5: 4, 6: 12, 7: 3, 8: 1, 9: 5, 10: 2, 11: 43}, 'tq_average': 47.01526717557252, 'average_tracking_quality': 65.52586206896552, 'distance_threshold': 34.89903014585274}}, {'crop': 'crop1001', 'date': '20230510', 'json': 'output/crop1001/20230510/20230510.json', 'image': 'data/crop1001/20230510.jpg', 'match_stats': {'i_dict': {0: 34, 1: 4, 2: 15, 3: 6, 4: 8, 5: 4, 6: 4, 7: 9, 8: 3, 9: 1, 10: 3, 11: 2, 12: 36}, 'tq_average': 23.868217054263567, 'average_tracking_quality': 68.95049504950495, 'distance_threshold': 20.245813299510992}}, {'crop': 'crop1001', 'date': '20230508', 'json': 'output/crop1001/20230508/20230508.json', 'image': 'data/crop1001/20230508.jpg', 'match_stats': {'i_dict': {0: 10, 1: 3, 2: 2, 3: 4, 4: 3, 5: 4, 6: 1, 7: 1, 8: 3, 9: 2, 10: 1, 12: 2, 13: 18}, 'tq_average': 55.98148148148148, 'average_tracking_quality': 70.6938775510204, 'distance_threshold': 50.91804245837824}}, {'crop': 'crop1001', 'date': '20230505', 'json': 'output/crop1001/20230505/20230505.json', 'image': 'data/crop1001/20230505.jpg', 'match_stats': {'i_dict': {0: 15, 1: 3, 2: 3, 4: 3, 5: 1, 6: 2, 9: 2, 10: 2, 11: 1, 13: 1, 14: 8}, 'tq_average': -0.4146341463414634, 'average_tracking_quality': 68.35483870967742, 'distance_threshold': 58.952312012163965}}, {'crop': 'crop1001', 'date': '20230503', 'json': 'output/crop1001/20230503/20230503.json', 'image': 'data/crop1001/20230503.jpg', 'match_stats': {'i_dict': {0: 10, 1: 3, 2: 1, 5: 1, 6: 1, 7: 2, 10: 1, 11: 1, 12: 1, 14: 1, 15: 7}, 'tq_average': 52.96551724137931, 'average_tracking_quality': 58.629629629629626, 'distance_threshold': 65.51212284076412}}, {'crop': 'crop1001', 'date': '20230501', 'json': 'output/crop1001/20230501/20230501.json', 'image': 'data/crop1001/20230501.jpg', 'match_stats': {'i_dict': {0: 1, 1: 4, 2: 2, 3: 1, 6: 1, 7: 1, 8: 1, 16: 1}, 'tq_average': 70.08333333333333, 'average_tracking_quality': 70.08333333333333, 'distance_threshold': 151.22492870890397}}, {'crop': 'crop1001', 'date': '20230426', 'json': 'output/crop1001/20230426/20230426.json', 'image': 'data/crop1001/20230426.jpg', 'match_stats': {'i_dict': {0: 1, 1: 1, 2: 4, 3: 2, 4: 1, 7: 1, 8: 1, 9: 1}, 'tq_average': 55.916666666666664, 'average_tracking_quality': 63.09090909090909, 'distance_threshold': 64.62590974379692}}, {'crop': 'crop1001', 'date': '20230424', 'json': 'output/crop1001/20230424/20230424.json', 'image': 'data/crop1001/20230424.jpg', 'match_stats': {}}]
