Current memory usage: 1992.20703125 MB
@analyze_image: file_name: data/crop1018/20230512.jpg, output_dir: output/crop1018, external_logger: <Logger data_crop1018.log (DEBUG)>
Loaded image & JSON file: data/crop1018/20230512.jpg
Scaled JSON data: scalar_position: 0.5, scalar_size: 0.5

@find_prev_next_date: image_output_dir: output/crop1018/20230512
data_dir: data/crop1018
Previous date file: data/crop1018/20230510.json, Next date file: data/crop1018/20230515.json


Loaded prev_results from JSON file: 20230510, length: 27
Scaled JSON data: scalar_position: 0.5, scalar_size: 0.5
Loaded next_results from JSON file: 20230515, length: 67
Scaled JSON data: scalar_position: 0.5, scalar_size: 0.5
prev_results is not empty, generating matching
Current memory usage: 1992.2109375 MB
current_date:20230512, generating Matching: 20230510_20230512_matching.json
spatial_distances: (47, 27), attribute_distances: (47, 27)
combined_distances: (47, 27)
Current memory usage: 1992.21875 MB

@find_matching: combined_distances: (47, 27), next_matching: [{'id': '20230515_0', 'p': {'id': 0, 'tq': 48.0, 'dx': -1, 'dy': 0, 'dd': -2, 'da': -32.0, 'dp': -6.07, 'de': 0.11}, 'c': {'id': 0}, 'n': {}, 'i': 0}, {'id': '20230515_1', 'p': {'id': 1, 'tq': 82.0, 'dx': -1, 'dy': 1, 'dd': 1, 'da': 8.0, 'dp': 2.59, 'de': -0.11}, 'c': {'id': 1}, 'n': {}, 'i': 0}, {'id': '20230515_2', 'p': {'id': 3, 'tq': 64.0, 'dx': 3, 'dy': -6, 'dd': 1, 'da': 8.0, 'dp': 2.59, 'de': -0.07}, 'c': {'id': 2}, 'n': {}, 'i': 0}, {'id': '20230515_3', 'p': {'id': 2, 'tq': -316.0, 'dx': 108, 'dy': 2, 'dd': 1, 'da': 25.0, 'dp': 1.0, 'de': -0.51}, 'c': {'id': 3}, 'n': {}, 'i': 0}, {'id': '20230515_4', 'p': {'id': 4, 'tq': 83.0, 'dx': 0, 'dy': 0, 'dd': 0, 'da': 11.0, 'dp': 2.59, 'de': -0.08}, 'c': {'id': 4}, 'n': {}, 'i': 0}, {'id': '20230515_5', 'p': {'id': 6, 'tq': -6.0, 'dx': 0, 'dy': 1, 'dd': 1, 'da': 68.0, 'dp': 2.59, 'de': -0.03}, 'c': {'id': 5}, 'n': {}, 'i': 0}, {'id': '20230605_5', 'p': {'id': 7, 'tq': 80.0, 'dx': 0, 'dy': 0, 'dd': 0, 'da': 13.0, 'dp': 0.83, 'de': -0.02}, 'c': {'id': 6}, 'n': {'id': 2, 'dx': 0, 'dy': 4, 'dd': -1, 'da': -34.0, 'dp': -4.24, 'de': -0.04}, 'i': 9}, {'id': '20230515_7', 'p': {'id': 9, 'tq': 8.0, 'dx': 10, 'dy': -17, 'dd': 0, 'da': -15.0, 'dp': -3.76, 'de': -0.01}, 'c': {'id': 7}, 'n': {}, 'i': 0}, {'id': '20230515_8', 'p': {'id': 5, 'tq': -96.0, 'dx': 37, 'dy': 28, 'dd': 0, 'da': 22.0, 'dp': 2.0, 'de': -0.14}, 'c': {'id': 9}, 'n': {}, 'i': 0}, {'id': '20230515_9', 'p': {'id': 8, 'tq': 14.0, 'dx': 23, 'dy': 6, 'dd': 0, 'da': 2.0, 'dp': 0.59, 'de': -0.1}, 'c': {'id': 11}, 'n': {}, 'i': 0}, {'id': '20230531_14', 'p': {'id': 10, 'tq': 20.0, 'dx': 1, 'dy': 0, 'dd': 1, 'da': 50.0, 'dp': 8.83, 'de': 0.02}, 'c': {'id': 12}, 'n': {'id': 5, 'dx': -1, 'dy': 3, 'dd': 0, 'da': -25.0, 'dp': -4.83, 'de': -0.13}, 'i': 7}, {'id': '20230522_10', 'p': {'id': 11, 'tq': 18.0, 'dx': 18, 'dy': -2, 'dd': 0, 'da': -12.0, 'dp': -1.76, 'de': -0.01}, 'c': {'id': 14}, 'n': {'id': 7, 'dx': -14, 'dy': 9, 'dd': 0, 'da': -14.0, 'dp': -3.41, 'de': -0.02}, 'i': 3}, {'id': '20230529_19', 'p': {'id': 12, 'tq': 99.0, 'dx': 0, 'dy': 0, 'dd': 0, 'da': 0.0, 'dp': -0.83, 'de': 0.06}, 'c': {'id': 16}, 'n': {'id': 8, 'dx': -1, 'dy': 3, 'dd': -1, 'da': -44.0, 'dp': -6.83, 'de': 0.06}, 'i': 6}, {'id': '20230607_17', 'p': {'id': 13, 'tq': 25.0, 'dx': 1, 'dy': 1, 'dd': 1, 'da': 46.0, 'dp': 7.41, 'de': -0.04}, 'c': {'id': 18}, 'n': {'id': 10, 'dx': -1, 'dy': 2, 'dd': 0, 'da': -21.0, 'dp': -2.59, 'de': 0.05}, 'i': 10}, {'id': '20230515_14', 'p': {'id': 14, 'tq': 37.0, 'dx': 1, 'dy': 1, 'dd': 1, 'da': 38.0, 'dp': 5.66, 'de': 0.04}, 'c': {'id': 19}, 'n': {}, 'i': 0}, {'id': '20230517_13', 'p': {'id': 15, 'tq': -15.0, 'dx': -1, 'dy': 0, 'dd': 2, 'da': 73.0, 'dp': 13.07, 'de': -0.09}, 'c': {'id': 21}, 'n': {'id': 13, 'dx': 0, 'dy': 3, 'dd': 0, 'da': -1.0, 'dp': 0.24, 'de': -0.14}, 'i': 1}, {'id': '20230529_23', 'p': {'id': 16, 'tq': 27.0, 'dx': 0, 'dy': 0, 'dd': 1, 'da': 48.0, 'dp': 8.0, 'de': -0.03}, 'c': {'id': 22}, 'n': {'id': 14, 'dx': -1, 'dy': 2, 'dd': 0, 'da': -20.0, 'dp': -2.59, 'de': -0.01}, 'i': 6}, {'id': '20230607_23', 'p': {'id': 17, 'tq': 41.0, 'dx': 1, 'dy': 1, 'dd': 1, 'da': 36.0, 'dp': 4.83, 'de': -0.12}, 'c': {'id': 23}, 'n': {'id': 15, 'dx': -1, 'dy': 2, 'dd': 0, 'da': -10.0, 'dp': -2.24, 'de': 0.13}, 'i': 10}, {'id': '20230529_25', 'p': {'id': 18, 'tq': -1.0, 'dx': 0, 'dy': 1, 'dd': 1, 'da': 64.0, 'dp': 9.66, 'de': 0.16}, 'c': {'id': 24}, 'n': {'id': 16, 'dx': -1, 'dy': 2, 'dd': 1, 'da': 5.0, 'dp': 1.17, 'de': 0.07}, 'i': 6}, {'id': '20230607_27', 'p': {'id': 19, 'tq': 71.0, 'dx': 1, 'dy': 1, 'dd': 0, 'da': 16.0, 'dp': 0.34, 'de': -0.12}, 'c': {'id': 28}, 'n': {'id': 20, 'dx': -2, 'dy': 1, 'dd': 1, 'da': 15.0, 'dp': 2.24, 'de': -0.06}, 'i': 10}, {'id': '20230607_28', 'p': {'id': 20, 'tq': -2.0, 'dx': 1, 'dy': 1, 'dd': 1, 'da': 64.0, 'dp': 9.66, 'de': 0.08}, 'c': {'id': 29}, 'n': {'id': 21, 'dx': -2, 'dy': 1, 'dd': 0, 'da': 11.0, 'dp': 2.24, 'de': 0.1}, 'i': 10}, {'id': '20230607_30', 'p': {'id': 25, 'tq': -11.0, 'dx': -6, 'dy': -19, 'dd': 0, 'da': 27.0, 'dp': 4.83, 'de': 0.07}, 'c': {'id': 30}, 'n': {'id': 22, 'dx': -1, 'dy': 2, 'dd': 1, 'da': 14.0, 'dp': 2.0, 'de': -0.1}, 'i': 10}, {'id': '20230607_33', 'p': {'id': 22, 'tq': 19.0, 'dx': 0, 'dy': 0, 'dd': 1, 'da': 53.0, 'dp': 8.83, 'de': -0.23}, 'c': {'id': 32}, 'n': {'id': 24, 'dx': -1, 'dy': 1, 'dd': 0, 'da': 2.0, 'dp': 0.59, 'de': 0.23}, 'i': 10}, {'id': '20230517_25', 'p': {'id': 23, 'tq': 74.0, 'dx': -7, 'dy': 0, 'dd': 0, 'da': 1.0, 'dp': -0.34, 'de': 0.12}, 'c': {'id': 33}, 'n': {'id': 25, 'dx': -1, 'dy': 1, 'dd': 1, 'da': 30.0, 'dp': 7.41, 'de': -0.27}, 'i': 1}, {'id': '20230517_26', 'p': {'id': 21, 'tq': -18.0, 'dx': 14, 'dy': 10, 'dd': -1, 'da': -37.0, 'dp': -9.66, 'de': -0.29}, 'c': {'id': 34}, 'n': {'id': 26, 'dx': -1, 'dy': 1, 'dd': 0, 'da': -1.0, 'dp': -0.59, 'de': -0.21}, 'i': 1}, {'id': '20230607_36', 'p': {'id': 28, 'tq': -10.0, 'dx': -26, 'dy': -3, 'dd': 0, 'da': -12.0, 'dp': -0.83, 'de': -0.02}, 'c': {'id': 35}, 'n': {'id': 28, 'dx': -1, 'dy': 1, 'dd': 0, 'da': -12.0, 'dp': -2.59, 'de': 0.13}, 'i': 10}, {'id': '20230522_33', 'p': {'id': 24, 'tq': 72.0, 'dx': 0, 'dy': 1, 'dd': 0, 'da': 16.0, 'dp': 2.24, 'de': 0.0}, 'c': {'id': 37}, 'n': {'id': 31, 'dx': -1, 'dy': 2, 'dd': 0, 'da': -11.0, 'dp': -1.66, 'de': -0.0}, 'i': 3}, {'id': '20230519_30', 'p': {'id': 27, 'tq': 50.0, 'dx': 0, 'dy': 0, 'dd': 1, 'da': 33.0, 'dp': 4.24, 'de': 0.15}, 'c': {'id': 39}, 'n': {'id': 30, 'dx': -1, 'dy': 2, 'dd': 0, 'da': -9.0, 'dp': -1.41, 'de': -0.01}, 'i': 2}, {'id': '20230515_28', 'p': {'id': 29, 'tq': 86.0, 'dx': -1, 'dy': 2, 'dd': 0, 'da': -4.0, 'dp': -1.17, 'de': -0.05}, 'c': {'id': 41}, 'n': {}, 'i': 0}, {'id': '20230526_44', 'p': {'id': 30, 'tq': 28.0, 'dx': 1, 'dy': 1, 'dd': 1, 'da': 44.0, 'dp': 7.66, 'de': 0.03}, 'c': {'id': 42}, 'n': {'id': 35, 'dx': -1, 'dy': 2, 'dd': -1, 'da': -36.0, 'dp': -6.0, 'de': -0.05}, 'i': 5}, {'id': '20230607_44', 'p': {'id': 31, 'tq': -34.0, 'dx': 0, 'dy': 1, 'dd': 2, 'da': 86.0, 'dp': 14.49, 'de': -0.08}, 'c': {'id': 44}, 'n': {'id': 37, 'dx': -1, 'dy': 1, 'dd': 0, 'da': 21.0, 'dp': 2.83, 'de': -0.09}, 'i': 10}, {'id': '20230607_46', 'p': {'id': 26, 'tq': 28.0, 'dx': 9, 'dy': 18, 'dd': 0, 'da': 1.0, 'dp': 0.0, 'de': 0.08}, 'c': {'id': 45}, 'n': {'id': 39, 'dx': 0, 'dy': 1, 'dd': 0, 'da': -15.0, 'dp': -2.83, 'de': 0.34}, 'i': 10}, {'id': '20230517_38', 'p': {'id': 32, 'tq': -5.0, 'dx': -24, 'dy': 0, 'dd': -1, 'da': -13.0, 'dp': -4.59, 'de': 0.31}, 'c': {'id': 46}, 'n': {'id': 38, 'dx': -1, 'dy': 1, 'dd': 2, 'da': 54.0, 'dp': 16.49, 'de': -0.36}, 'i': 1}, {'id': '20230607_47', 'p': {'id': 33, 'tq': -18.0, 'dx': 0, 'dy': 1, 'dd': 2, 'da': 75.0, 'dp': 12.83, 'de': 0.07}, 'c': {'id': 47}, 'n': {'id': 41, 'dx': 0, 'dy': 1, 'dd': 0, 'da': 2.0, 'dp': 0.83, 'de': -0.02}, 'i': 10}, {'id': '20230515_34', 'p': {'id': 34, 'tq': 12.0, 'dx': 1, 'dy': 2, 'dd': 1, 'da': 53.0, 'dp': 7.41, 'de': -0.07}, 'c': {'id': 48}, 'n': {}, 'i': 0}, {'id': '20230515_35', 'p': {'id': 35, 'tq': 66.0, 'dx': 0, 'dy': 0, 'dd': -1, 'da': -22.0, 'dp': -6.0, 'de': 0.08}, 'c': {'id': 50}, 'n': {}, 'i': 0}, {'id': '20230522_46', 'p': {'id': 36, 'tq': -9.0, 'dx': 26, 'dy': 0, 'dd': 1, 'da': 11.0, 'dp': 5.24, 'de': -0.05}, 'c': {'id': 52}, 'n': {'id': 44, 'dx': -13, 'dy': 5, 'dd': 1, 'da': 26.0, 'dp': 9.07, 'de': 0.07}, 'i': 3}, {'id': '20230515_37', 'p': {'id': 37, 'tq': 73.0, 'dx': 0, 'dy': 3, 'dd': 1, 'da': 10.0, 'dp': 4.0, 'de': 0.27}, 'c': {'id': 53}, 'n': {}, 'i': 0}, {'id': '20230607_55', 'p': {'id': 38, 'tq': -64.0, 'dx': -1, 'dy': 2, 'dd': 3, 'da': 102.0, 'dp': 19.9, 'de': 0.01}, 'c': {'id': 54}, 'n': {'id': 45, 'dx': 0, 'dy': -1, 'dd': -1, 'da': -12.0, 'dp': -2.24, 'de': -0.18}, 'i': 10}, {'id': '20230515_39', 'p': {'id': 39, 'tq': -40.0, 'dx': -1, 'dy': 2, 'dd': 3, 'da': 87.0, 'dp': 14.49, 'de': -0.12}, 'c': {'id': 55}, 'n': {}, 'i': 0}, {'id': '20230607_58', 'p': {'id': 40, 'tq': -86.0, 'dx': 0, 'dy': 2, 'dd': 3, 'da': 117.0, 'dp': 21.9, 'de': 0.29}, 'c': {'id': 56}, 'n': {'id': 47, 'dx': 0, 'dy': -2, 'dd': 0, 'da': -15.0, 'dp': -2.0, 'de': -0.04}, 'i': 10}, {'id': '20230607_59', 'p': {'id': 41, 'tq': -102.0, 'dx': -1, 'dy': 2, 'dd': 4, 'da': 127.0, 'dp': 25.9, 'de': -0.04}, 'c': {'id': 57}, 'n': {'id': 48, 'dx': 0, 'dy': -1, 'dd': -1, 'da': -15.0, 'dp': -2.83, 'de': 0.02}, 'i': 10}, {'id': '20230515_42', 'p': {'id': 42, 'tq': -136.0, 'dx': 1, 'dy': 2, 'dd': 5, 'da': 147.0, 'dp': 38.01, 'de': -0.63}, 'c': {'id': 59}, 'n': {}, 'i': 0}, {'id': '20230607_73', 'p': {'id': 43, 'tq': 29.0, 'dx': -11, 'dy': 3, 'dd': 1, 'da': 20.0, 'dp': 4.49, 'de': 0.13}, 'c': {'id': 61}, 'n': {'id': 52, 'dx': 0, 'dy': -3, 'dd': 0, 'da': 23.0, 'dp': 3.76, 'de': -0.02}, 'i': 10}, {'id': '20230519_55', 'p': {'id': 44, 'tq': -190.0, 'dx': -19, 'dy': -51, 'dd': 3, 'da': 65.0, 'dp': 12.86, 'de': -0.73}, 'c': {'id': 64}, 'n': {'id': 55, 'dx': -1, 'dy': -2, 'dd': 0, 'da': 20.0, 'dp': 3.41, 'de': 0.21}, 'i': 2}, {'id': '20230517_59', 'p': {'id': 45, 'tq': -30.0, 'dx': 5, 'dy': -3, 'dd': -1, 'da': -72.0, 'dp': -10.49, 'de': 0.13}, 'c': {'id': 65}, 'n': {'id': 59, 'dx': -5, 'dy': -8, 'dd': 0, 'da': 1.0, 'dp': -0.24, 'de': -0.02}, 'i': 1}, {'id': '20230515_46', 'p': {'id': 46, 'tq': 67.0, 'dx': 2, 'dy': -8, 'dd': 0, 'da': -3.0, 'dp': -0.59, 'de': -0.02}, 'c': {'id': 66}, 'n': {}, 'i': 0}], current_date_string: 20230512, distance_threshold: 20
matched entry: {'id': '20230515_0', 'p': {'id': 0, 'tq': 48.0, 'dx': -1, 'dy': 0, 'dd': -2, 'da': -32.0, 'dp': -6.07, 'de': 0.11}, 'c': {'id': 0}, 'n': {}, 'i': 0}, len(matching): 0
matched entry: {'id': '20230515_1', 'p': {'id': 1, 'tq': 82.0, 'dx': -1, 'dy': 1, 'dd': 1, 'da': 8.0, 'dp': 2.59, 'de': -0.11}, 'c': {'id': 1}, 'n': {}, 'i': 0}, len(matching): 1
tq < 0
matched entry: {'id': '20230515_2', 'p': {'id': 3, 'tq': 64.0, 'dx': 3, 'dy': -6, 'dd': 1, 'da': 8.0, 'dp': 2.59, 'de': -0.07}, 'c': {'id': 2}, 'n': {}, 'i': 0}, len(matching): 3
matched entry: {'id': '20230515_4', 'p': {'id': 4, 'tq': 83.0, 'dx': 0, 'dy': 0, 'dd': 0, 'da': 11.0, 'dp': 2.59, 'de': -0.08}, 'c': {'id': 4}, 'n': {}, 'i': 0}, len(matching): 4
tq < 0
tq < 0
matched entry: {'id': '20230605_5', 'p': {'id': 7, 'tq': 80.0, 'dx': 0, 'dy': 0, 'dd': 0, 'da': 13.0, 'dp': 0.83, 'de': -0.02}, 'c': {'id': 6}, 'n': {'id': 2, 'dx': 0, 'dy': 4, 'dd': -1, 'da': -34.0, 'dp': -4.24, 'de': -0.04}, 'i': 9}, len(matching): 7
matched entry: {'id': '20230522_10', 'p': {'id': 11, 'tq': 18.0, 'dx': 18, 'dy': -2, 'dd': 0, 'da': -12.0, 'dp': -1.76, 'de': -0.01}, 'c': {'id': 14}, 'n': {'id': 7, 'dx': -14, 'dy': 9, 'dd': 0, 'da': -14.0, 'dp': -3.41, 'de': -0.02}, 'i': 3}, len(matching): 8
matched entry: {'id': '20230529_19', 'p': {'id': 12, 'tq': 99.0, 'dx': 0, 'dy': 0, 'dd': 0, 'da': 0.0, 'dp': -0.83, 'de': 0.06}, 'c': {'id': 16}, 'n': {'id': 8, 'dx': -1, 'dy': 3, 'dd': -1, 'da': -44.0, 'dp': -6.83, 'de': 0.06}, 'i': 6}, len(matching): 9
matched entry: {'id': '20230515_14', 'p': {'id': 14, 'tq': 37.0, 'dx': 1, 'dy': 1, 'dd': 1, 'da': 38.0, 'dp': 5.66, 'de': 0.04}, 'c': {'id': 19}, 'n': {}, 'i': 0}, len(matching): 10
matched entry: {'id': '20230607_23', 'p': {'id': 17, 'tq': 41.0, 'dx': 1, 'dy': 1, 'dd': 1, 'da': 36.0, 'dp': 4.83, 'de': -0.12}, 'c': {'id': 23}, 'n': {'id': 15, 'dx': -1, 'dy': 2, 'dd': 0, 'da': -10.0, 'dp': -2.24, 'de': 0.13}, 'i': 10}, len(matching): 11
matched entry: {'id': '20230607_27', 'p': {'id': 19, 'tq': 71.0, 'dx': 1, 'dy': 1, 'dd': 0, 'da': 16.0, 'dp': 0.34, 'de': -0.12}, 'c': {'id': 28}, 'n': {'id': 20, 'dx': -2, 'dy': 1, 'dd': 1, 'da': 15.0, 'dp': 2.24, 'de': -0.06}, 'i': 10}, len(matching): 12
tq < 0
matched entry: {'id': '20230517_25', 'p': {'id': 23, 'tq': 74.0, 'dx': -7, 'dy': 0, 'dd': 0, 'da': 1.0, 'dp': -0.34, 'de': 0.12}, 'c': {'id': 33}, 'n': {'id': 25, 'dx': -1, 'dy': 1, 'dd': 1, 'da': 30.0, 'dp': 7.41, 'de': -0.27}, 'i': 1}, len(matching): 14
matched entry: {'id': '20230519_30', 'p': {'id': 27, 'tq': 50.0, 'dx': 0, 'dy': 0, 'dd': 1, 'da': 33.0, 'dp': 4.24, 'de': 0.15}, 'c': {'id': 39}, 'n': {'id': 30, 'dx': -1, 'dy': 2, 'dd': 0, 'da': -9.0, 'dp': -1.41, 'de': -0.01}, 'i': 2}, len(matching): 15
tq < 0
matched entry: {'id': '20230515_28', 'p': {'id': 29, 'tq': 86.0, 'dx': -1, 'dy': 2, 'dd': 0, 'da': -4.0, 'dp': -1.17, 'de': -0.05}, 'c': {'id': 41}, 'n': {}, 'i': 0}, len(matching): 17
matched entry: {'id': '20230526_44', 'p': {'id': 30, 'tq': 28.0, 'dx': 1, 'dy': 1, 'dd': 1, 'da': 44.0, 'dp': 7.66, 'de': 0.03}, 'c': {'id': 42}, 'n': {'id': 35, 'dx': -1, 'dy': 2, 'dd': -1, 'da': -36.0, 'dp': -6.0, 'de': -0.05}, 'i': 5}, len(matching): 18
tq < 0
tq < 0
tq < 0
tq < 0
matched entry: {'id': '20230607_73', 'p': {'id': 43, 'tq': 29.0, 'dx': -11, 'dy': 3, 'dd': 1, 'da': 20.0, 'dp': 4.49, 'de': 0.13}, 'c': {'id': 61}, 'n': {'id': 52, 'dx': 0, 'dy': -3, 'dd': 0, 'da': 23.0, 'dp': 3.76, 'de': -0.02}, 'i': 10}, len(matching): 23
tq < 0
tq < 0
matched entry: {'id': '20230515_46', 'p': {'id': 46, 'tq': 67.0, 'dx': 2, 'dy': -8, 'dd': 0, 'da': -3.0, 'dp': -0.59, 'de': -0.02}, 'c': {'id': 66}, 'n': {}, 'i': 0}, len(matching): 26
i_dict: {0: 11, 1: 7, 2: 1, 3: 1, 4: 1, 6: 1, 7: 1, 10: 1, 11: 3}
tq_average: -5.8889, dx_average: 0.8889, dy_average: -9.7037, dd_average: 0.3704, da_average: 14.2963, dp_average: 2.8089, de_average: -0.0204
average_tracking_quality: 43.75
@find_matching:
Returning:
Matching(lenght=27): [{'id': '20230515_0', 'p': {'id': 0, 'tq': 41.0, 'dx': 0, 'dy': -1, 'dd': 2, 'da': 36.0, 'dp': 9.66, 'de': -0.05}, 'c': {'id': 0}, 'n': {'id': 0, 'dx': -1, 'dy': 0, 'dd': -2, 'da': -32.0, 'dp': -6.07, 'de': 0.11}, 'i': 1}, {'id': '20230515_1', 'p': {'id': 1, 'tq': 76.0, 'dx': 0, 'dy': -1, 'dd': 0, 'da': 13.0, 'dp': 4.0, 'de': 0.08}, 'c': {'id': 1}, 'n': {'id': 1, 'dx': -1, 'dy': 1, 'dd': 1, 'da': 8.0, 'dp': 2.59, 'de': -0.11}, 'i': 1}, {'id': '20230512_2', 'p': {'id': 2, 'tq': 48.0, 'dx': 0, 'dy': -1, 'dd': 1, 'da': 32.0, 'dp': 6.41, 'de': -0.03}, 'c': {'id': 2}, 'n': {}, 'i': 0}, {'id': '20230515_2', 'p': {'id': 4, 'tq': -36.0, 'dx': 33, 'dy': -15, 'dd': -1, 'da': -6.0, 'dp': -0.59, 'de': 0.25}, 'c': {'id': 3}, 'n': {'id': 2, 'dx': 3, 'dy': -6, 'dd': 1, 'da': 8.0, 'dp': 2.59, 'de': -0.07}, 'i': 1}, {'id': '20230515_4', 'p': {'id': 3, 'tq': 37.0, 'dx': -1, 'dy': -2, 'dd': 1, 'da': 35.0, 'dp': 10.83, 'de': -0.03}, 'c': {'id': 4}, 'n': {'id': 4, 'dx': 0, 'dy': 0, 'dd': 0, 'da': 11.0, 'dp': 2.59, 'de': -0.08}, 'i': 1}, {'id': '20230512_5', 'p': {'id': 5, 'tq': 54.0, 'dx': 0, 'dy': -1, 'dd': 1, 'da': 28.0, 'dp': 5.66, 'de': -0.01}, 'c': {'id': 5}, 'n': {}, 'i': 0}, {'id': '20230512_6', 'p': {'id': 6, 'tq': 46.0, 'dx': -1, 'dy': -2, 'dd': 0, 'da': 31.0, 'dp': 1.41, 'de': 0.0}, 'c': {'id': 6}, 'n': {}, 'i': 0}, {'id': '20230605_5', 'p': {'id': 7, 'tq': 50.0, 'dx': 0, 'dy': -1, 'dd': 1, 'da': 31.0, 'dp': 4.0, 'de': -0.04}, 'c': {'id': 7}, 'n': {'id': 6, 'dx': 0, 'dy': 0, 'dd': 0, 'da': 13.0, 'dp': 0.83, 'de': -0.02}, 'i': 10}, {'id': '20230522_10', 'p': {'id': 8, 'tq': 93.0, 'dx': 0, 'dy': -1, 'dd': 0, 'da': 2.0, 'dp': 0.59, 'de': 0.0}, 'c': {'id': 11}, 'n': {'id': 14, 'dx': 18, 'dy': -2, 'dd': 0, 'da': -12.0, 'dp': -1.76, 'de': -0.01}, 'i': 4}, {'id': '20230529_19', 'p': {'id': 9, 'tq': 75.0, 'dx': 0, 'dy': -1, 'dd': 0, 'da': 14.0, 'dp': 2.83, 'de': -0.0}, 'c': {'id': 12}, 'n': {'id': 16, 'dx': 0, 'dy': 0, 'dd': 0, 'da': 0.0, 'dp': -0.83, 'de': 0.06}, 'i': 7}, {'id': '20230515_14', 'p': {'id': 10, 'tq': -134.0, 'dx': -7, 'dy': -15, 'dd': 5, 'da': 112.0, 'dp': 34.73, 'de': -0.67}, 'c': {'id': 14}, 'n': {'id': 19, 'dx': 1, 'dy': 1, 'dd': 1, 'da': 38.0, 'dp': 5.66, 'de': 0.04}, 'i': 1}, {'id': '20230607_23', 'p': {'id': 11, 'tq': 17.0, 'dx': -1, 'dy': -2, 'dd': 1, 'da': 49.0, 'dp': 9.07, 'de': 0.03}, 'c': {'id': 17}, 'n': {'id': 23, 'dx': 1, 'dy': 1, 'dd': 1, 'da': 36.0, 'dp': 4.83, 'de': -0.12}, 'i': 11}, {'id': '20230607_27', 'p': {'id': 12, 'tq': 73.0, 'dx': -1, 'dy': -1, 'dd': 0, 'da': 14.0, 'dp': 3.41, 'de': 0.02}, 'c': {'id': 19}, 'n': {'id': 28, 'dx': 1, 'dy': 1, 'dd': 0, 'da': 16.0, 'dp': 0.34, 'de': -0.12}, 'i': 11}, {'id': '20230512_13', 'p': {'id': 14, 'tq': 12.0, 'dx': -11, 'dy': -15, 'dd': 1, 'da': 15.0, 'dp': -0.24, 'de': -0.02}, 'c': {'id': 21}, 'n': {}, 'i': 0}, {'id': '20230517_25', 'p': {'id': 13, 'tq': 25.0, 'dx': 15, 'dy': 8, 'dd': 0, 'da': -10.0, 'dp': -3.07, 'de': -0.2}, 'c': {'id': 23}, 'n': {'id': 33, 'dx': -7, 'dy': 0, 'dd': 0, 'da': 1.0, 'dp': -0.34, 'de': 0.12}, 'i': 2}, {'id': '20230519_30', 'p': {'id': 16, 'tq': -12.0, 'dx': -1, 'dy': -1, 'dd': 2, 'da': 70.0, 'dp': 13.66, 'de': -0.1}, 'c': {'id': 27}, 'n': {'id': 39, 'dx': 0, 'dy': 0, 'dd': 1, 'da': 33.0, 'dp': 4.24, 'de': 0.15}, 'i': 3}, {'id': '20230512_16', 'p': {'id': 17, 'tq': 39.0, 'dx': 0, 'dy': 0, 'dd': 1, 'da': 40.0, 'dp': 6.24, 'de': 0.03}, 'c': {'id': 28}, 'n': {}, 'i': 0}, {'id': '20230515_28', 'p': {'id': 18, 'tq': 36.0, 'dx': 0, 'dy': 0, 'dd': 1, 'da': 42.0, 'dp': 6.0, 'de': -0.07}, 'c': {'id': 29}, 'n': {'id': 41, 'dx': -1, 'dy': 2, 'dd': 0, 'da': -4.0, 'dp': -1.17, 'de': -0.05}, 'i': 1}, {'id': '20230526_44', 'p': {'id': 19, 'tq': 27.0, 'dx': 0, 'dy': -1, 'dd': 1, 'da': 46.0, 'dp': 6.83, 'de': 0.04}, 'c': {'id': 30}, 'n': {'id': 42, 'dx': 1, 'dy': 1, 'dd': 1, 'da': 44.0, 'dp': 7.66, 'de': 0.03}, 'i': 6}, {'id': '20230512_19', 'p': {'id': 20, 'tq': 26.0, 'dx': -18, 'dy': -4, 'dd': 0, 'da': -6.0, 'dp': -2.24, 'de': 0.11}, 'c': {'id': 32}, 'n': {}, 'i': 0}, {'id': '20230512_20', 'p': {'id': 15, 'tq': 4.0, 'dx': -8, 'dy': 20, 'dd': 0, 'da': 13.0, 'dp': 3.66, 'de': 0.03}, 'c': {'id': 33}, 'n': {}, 'i': 0}, {'id': '20230512_21', 'p': {'id': 22, 'tq': -319.0, 'dx': 38, 'dy': -91, 'dd': -1, 'da': -48.0, 'dp': -10.24, 'de': -0.22}, 'c': {'id': 40}, 'n': {}, 'i': 0}, {'id': '20230512_22', 'p': {'id': 21, 'tq': -181.0, 'dx': -6, 'dy': -38, 'dd': -4, 'da': -93.0, 'dp': -30.11, 'de': 0.46}, 'c': {'id': 42}, 'n': {}, 'i': 0}, {'id': '20230607_73', 'p': {'id': 23, 'tq': -296.0, 'dx': -5, 'dy': -95, 'dd': -1, 'da': -41.0, 'dp': -8.49, 'de': -0.16}, 'c': {'id': 43}, 'n': {'id': 61, 'dx': -11, 'dy': 3, 'dd': 1, 'da': 20.0, 'dp': 4.49, 'de': 0.13}, 'i': 11}, {'id': '20230512_24', 'p': {'id': 24, 'tq': -56.0, 'dx': -2, 'dy': -3, 'dd': -4, 'da': -93.0, 'dp': -20.86, 'de': 0.12}, 'c': {'id': 44}, 'n': {}, 'i': 0}, {'id': '20230512_25', 'p': {'id': 25, 'tq': 84.0, 'dx': 0, 'dy': 1, 'dd': 0, 'da': 8.0, 'dp': 0.83, 'de': -0.05}, 'c': {'id': 45}, 'n': {}, 'i': 0}, {'id': '20230515_46', 'p': {'id': 26, 'tq': 12.0, 'dx': 0, 'dy': 1, 'dd': 3, 'da': 52.0, 'dp': 21.86, 'de': -0.07}, 'c': {'id': 46}, 'n': {'id': 66, 'dx': 2, 'dy': -8, 'dd': 0, 'da': -3.0, 'dp': -0.59, 'de': -0.02}, 'i': 1}]
Unmatched current(length=20): {8, 9, 10, 13, 15, 16, 18, 20, 22, 24, 25, 26, 31, 34, 35, 36, 37, 38, 39, 41}
Unmatched previous(length=0): set()
Distance threshold: 20



@plot_data: normalized_points: (47, 2), normalized_prev_points: (27, 2), current_points: (47, 2), prev_points: (27, 2), current_data: 47, prev_data: 27, matching: 27, unmatched_current: 20, unmatched_prev: 0, combined_distances: (47, 27), distance_threshold: 20, current_date_string: 20230512, previous_date_string: 20230510, filename: output/crop1018/plots/20230510_20230512.png
Plots created
Plotted the normalized points
Drawing lines between the matched points
Plotting the unmatched points
Plotted the original points with diameter as size
Drawing lines between the matched points and add the indices to the plots with color coding
Setting the titles and labels
Done plotting

@process_image: output_dir: output/crop1018/20230512, image_name: 20230512, date_string: 20230512
len(json_data) = 47 json_data entries
len(matching) = 27 matching entries, setting max_id_i to 27
crop_dir: output/crop1018
nodules_dir: output/crop1018/nodules-last-detected-on
Split image into left and right images: (705, 300, 3), (705, 300, 3)
Converted right image to HSV: (705, 300, 3)
Created mask to detect nodules: (705, 300)

Found 39 contours in mask, processing each contour...

@process_contour: max_id: 20230512_27
Moments: {'m00': 7.5, 'm10': 460.3333333333333, 'm01': 5231.333333333333, 'm20': 28259.75, 'm11': 321087.4583333333, 'm02': 3648917.083333333, 'm30': 1735196.2000000002, 'm21': 19711470.65, 'm12': 223962203.98333332, 'm03': 2545165729.7000003, 'mu20': 5.512962962966412, 'mu11': -0.15648148144828156, 'mu02': 3.957407407462597, 'mu30': -1.2023868313990533, 'mu21': 0.23674896794091183, 'mu12': 0.4081069823768644, 'mu03': -0.11942338943481445, 'nu20': 0.09800823045273623, 'nu11': -0.0027818930035250055, 'nu02': 0.07035390946600172, 'nu30': -0.007805326108496859, 'nu21': 0.001536862224679168, 'nu12': 0.0026492373347931485, 'nu03': -0.0007752401100701868}
Centroid: 61, 697
Processing contour#1: area: 7.5 centroid: 61, 697 rectangle: (59, 696, 5, 4)
@find_dayJSON_match_for_contour: x: 59, y: 696, w: 5, h: 4, area: 7.5
Matched with JSON#46: (61, 697, 4, 56.0, 26.4853, 0.720766)
Match with input JSON(nodules) ID: 46
Matched contour: {'x': 61, 'y': 697, 'd': 4, 'a': 56.0, 'p': 26.4853, 'e': 0.720766, 'id': 46, 'tq': 100}
JSON_entry: 46
Matched with first_id: 46 second_id: 26 name: 20230515_46
entry_id:20230515_46, entry saved to results list
WARNING: right_nodule_img.shape != (50, 50, 3) != (33, 50, 3)
@process_contour: max_id: 20230512_28
Moments: {'m00': 51.5, 'm10': 7432.833333333333, 'm01': 34011.666666666664, 'm20': 1072943.5833333333, 'm11': 4908785.541666666, 'm02': 22462259.083333332, 'm30': 154908281.45000002, 'm21': 708590815.2666667, 'm12': 3241892097.4, 'm03': 14834871330.800001, 'mu20': 186.0811758362688, 'mu11': -11.540318231098354, 'mu02': 249.96790723130107, 'mu30': -10.816388964653015, 'mu21': -18.790579243082902, 'mu12': -0.5738956226923619, 'mu03': 26.471553802490234, 'nu20': 0.07015974204402631, 'nu11': -0.004351142701893997, 'nu02': 0.09424749070838007, 'nu30': -0.0005682824233834129, 'nu21': -0.0009872385270105497, 'nu12': -3.0151910799299777e-05, 'nu03': 0.001390789365541842}
Centroid: 144, 660
Processing contour#2: area: 51.5 centroid: 144, 660 rectangle: (140, 656, 9, 10)
@find_dayJSON_match_for_contour: x: 140, y: 656, w: 9, h: 10, area: 51.5
Matched with JSON#45: (144, 660, 7, 187.0, 48.8701, 0.499058)
Match with input JSON(nodules) ID: 45
Matched contour: {'x': 144, 'y': 660, 'd': 7, 'a': 187.0, 'p': 48.8701, 'e': 0.499058, 'id': 45, 'tq': 100}
JSON_entry: 45
Matched with first_id: 45 second_id: 25 name: 20230512_25
entry_id:20230512_25, entry saved to results list
created dirs at nodule_detection_path: output/crop1018/nodules-last-detected-on/2023-05-12/25/detection and nodule_images_original_path: output/crop1018/nodules-last-detected-on/2023-05-12/25
Segmented nodule image saved as output/crop1018/nodules-last-detected-on/2023-05-12/25/detection/2023-05-12.jpg
Original nodule image saved as output/crop1018/nodules-last-detected-on/2023-05-12/25/2023-05-12.jpg


@process_contour: max_id: 20230512_29
Moments: {'m00': 0.0, 'm10': 0.0, 'm01': 0.0, 'm20': 0.0, 'm11': 0.0, 'm02': 0.0, 'm30': 0.0, 'm21': 0.0, 'm12': 0.0, 'm03': 0.0, 'mu20': 0.0, 'mu11': 0.0, 'mu02': 0.0, 'mu30': 0.0, 'mu21': 0.0, 'mu12': 0.0, 'mu03': 0.0, 'nu20': 0.0, 'nu11': 0.0, 'nu02': 0.0, 'nu30': 0.0, 'nu21': 0.0, 'nu12': 0.0, 'nu03': 0.0}
Skipping contour#3 because area is 0.


@process_contour: max_id: 20230512_30
Moments: {'m00': 18.5, 'm10': 4957.166666666666, 'm01': 9519.333333333332, 'm20': 1328319.75, 'm11': 2550750.7916666665, 'm02': 4898288.916666666, 'm30': 355941852.55, 'm21': 683497363.4, 'm12': 1312518990.2666667, 'm03': 2520491965.7000003, 'mu20': 22.379129129461944, 'mu11': -1.742867867462337, 'mu02': 34.47822822909802, 'mu30': 0.5758973956108093, 'mu21': 1.5552969943782955, 'mu12': -2.1399495966543327, 'mu03': -0.7982010841369629, 'nu20': 0.06538825165657253, 'nu11': -0.005092382373885573, 'nu02': 0.10073989256127985, 'nu30': 0.00039121526602467054, 'nu21': 0.0010565352995870623, 'nu12': -0.0014536981016324598, 'nu03': -0.0005422293135057915}
Centroid: 267, 514
Processing contour#4: area: 18.5 centroid: 267, 514 rectangle: (266, 512, 5, 6)
@find_dayJSON_match_for_contour: x: 266, y: 512, w: 5, h: 6, area: 18.5
Matched with JSON#43: (267, 514, 4, 67.0, 27.8995, 0.330354)
Match with input JSON(nodules) ID: 43
Matched contour: {'x': 267, 'y': 514, 'd': 4, 'a': 67.0, 'p': 27.8995, 'e': 0.330354, 'id': 43, 'tq': 100}
JSON_entry: 43
Matched with first_id: 43 second_id: 23 name: 20230607_73
entry_id:20230607_73, entry saved to results list
created dirs at nodule_detection_path: output/crop1018/nodules-last-detected-on/2023-06-07/73/detection and nodule_images_original_path: output/crop1018/nodules-last-detected-on/2023-06-07/73
Segmented nodule image saved as output/crop1018/nodules-last-detected-on/2023-06-07/73/detection/2023-05-12.jpg
Original nodule image saved as output/crop1018/nodules-last-detected-on/2023-06-07/73/2023-05-12.jpg


@process_contour: max_id: 20230512_31
Moments: {'m00': 15.5, 'm10': 3326.6666666666665, 'm01': 7073.833333333333, 'm20': 714001.75, 'm11': 1518214.375, 'm02': 3228350.583333333, 'm30': 153250414.3, 'm21': 325854539.23333335, 'm12': 692882599.6, 'm03': 1473361448.95, 'mu20': 20.387992831645533, 'mu11': 2.403673835331574, 'mu02': 20.387992831878364, 'mu30': -3.1050950288772583, 'mu21': -0.8732204496354825, 'mu12': 0.8732203798754199, 'mu03': 3.105095148086548, 'nu20': 0.0848615726603352, 'nu11': 0.010004885891078352, 'nu02': 0.08486157266130431, 'nu30': -0.003282809265474064, 'nu21': -0.0009231975692226408, 'nu12': 0.000923197495469993, 'nu03': 0.0032828093915060717}
Centroid: 214, 456
Processing contour#5: area: 15.5 centroid: 214, 456 rectangle: (212, 454, 6, 6)
@find_dayJSON_match_for_contour: x: 212, y: 454, w: 6, h: 6, area: 15.5
Matched with JSON#41: (214, 456, 3, 39.0, 19.8995, 0.4153)
Match with input JSON(nodules) ID: 41
Matched contour: {'x': 214, 'y': 456, 'd': 3, 'a': 39.0, 'p': 19.8995, 'e': 0.4153, 'id': 41, 'tq': 100}
JSON_entry: 41
WARNING: match is empty
entry_id:20230512_31, entry saved to results list
created dirs at nodule_detection_path: output/crop1018/nodules-last-detected-on/2023-05-12/31/detection and nodule_images_original_path: output/crop1018/nodules-last-detected-on/2023-05-12/31
Segmented nodule image saved as output/crop1018/nodules-last-detected-on/2023-05-12/31/detection/2023-05-12.jpg
Original nodule image saved as output/crop1018/nodules-last-detected-on/2023-05-12/31/2023-05-12.jpg


@process_contour: max_id: 20230512_32
Moments: {'m00': 8.0, 'm10': 1613.1666666666665, 'm01': 3644.0, 'm20': 325293.5, 'm11': 734797.4166666666, 'm02': 1659847.3333333333, 'm30': 65596160.650000006, 'm21': 148171189.25, 'm12': 334701299.55, 'm03': 756065319.0, 'mu20': 5.163194444496185, 'mu11': 0.0, 'mu02': 5.333333333255723, 'mu30': -0.5087094977498055, 'mu21': 9.546056389808655e-09, 'mu12': 0.8138889561960241, 'mu03': 1.1920928955078125e-07, 'nu20': 0.08067491319525288, 'nu11': 0.0, 'nu02': 0.08333333333212067, 'nu30': -0.002810249496194455, 'nu21': 5.2735009428303696e-11, 'nu12': 0.004496143750461325, 'nu03': 6.585445079827193e-10}
Centroid: 201, 455
Processing contour#6: area: 8.0 centroid: 201, 455 rectangle: (200, 454, 4, 4)
@find_dayJSON_match_for_contour: x: 200, y: 454, w: 4, h: 4, area: 8.0
Matched with JSON#40: (201, 455, 4, 56.0, 24.4853, 0.101419)
Match with input JSON(nodules) ID: 40
Matched contour: {'x': 201, 'y': 455, 'd': 4, 'a': 56.0, 'p': 24.4853, 'e': 0.101419, 'id': 40, 'tq': 100}
JSON_entry: 40
Matched with first_id: 40 second_id: 22 name: 20230512_21
entry_id:20230512_21, entry saved to results list
created dirs at nodule_detection_path: output/crop1018/nodules-last-detected-on/2023-05-12/21/detection and nodule_images_original_path: output/crop1018/nodules-last-detected-on/2023-05-12/21
Segmented nodule image saved as output/crop1018/nodules-last-detected-on/2023-05-12/21/detection/2023-05-12.jpg
Original nodule image saved as output/crop1018/nodules-last-detected-on/2023-05-12/21/2023-05-12.jpg


@process_contour: max_id: 20230512_33
Moments: {'m00': 17.0, 'm10': 2535.6666666666665, 'm01': 7390.166666666666, 'm20': 378231.5, 'm11': 1102292.4166666665, 'm02': 3212650.333333333, 'm30': 56421612.900000006, 'm21': 164422674.38333333, 'm12': 479187407.71666664, 'm03': 1396614668.15, 'mu20': 19.415032679738943, 'mu11': -1.6584967321250588, 'mu02': 28.95915032690391, 'mu30': -2.802101746201515, 'mu21': 3.0425349621527857, 'mu12': 4.848763402067561, 'mu03': -4.2588489055633545, 'nu20': 0.06718004387452922, 'nu11': -0.005738743017733768, 'nu02': 0.10020467241143222, 'nu30': -0.0023515899599667284, 'nu21': 0.002553367192874123, 'nu12': 0.00406919675561852, 'nu03': -0.0035741265787062656}
Centroid: 149, 434
Processing contour#7: area: 17.0 centroid: 149, 434 rectangle: (147, 432, 5, 6)
@find_dayJSON_match_for_contour: x: 147, y: 432, w: 5, h: 6, area: 17.0
Matched with JSON#39: (149, 434, 4, 78.0, 30.7279, 0.416242)
Match with input JSON(nodules) ID: 39
Matched contour: {'x': 149, 'y': 434, 'd': 4, 'a': 78.0, 'p': 30.7279, 'e': 0.416242, 'id': 39, 'tq': 100}
JSON_entry: 39
WARNING: match is empty
entry_id:20230512_33, entry saved to results list
created dirs at nodule_detection_path: output/crop1018/nodules-last-detected-on/2023-05-12/33/detection and nodule_images_original_path: output/crop1018/nodules-last-detected-on/2023-05-12/33
Segmented nodule image saved as output/crop1018/nodules-last-detected-on/2023-05-12/33/detection/2023-05-12.jpg
Original nodule image saved as output/crop1018/nodules-last-detected-on/2023-05-12/33/2023-05-12.jpg


@process_contour: max_id: 20230512_34
Moments: {'m00': 13.5, 'm10': 2219.6666666666665, 'm01': 5761.666666666666, 'm20': 364972.4166666666, 'm11': 947332.2916666666, 'm02': 2459039.083333333, 'm30': 60013727.800000004, 'm21': 155766782.51666665, 'm12': 404315010.51666665, 'm03': 1049507804.8000001, 'mu20': 15.371399176947307, 'mu11': 0.48096707835793495, 'mu02': 16.655349794309586, 'mu30': -1.5550017654895782, 'mu21': 1.588200430894176, 'mu12': 1.0611466615819154, 'mu03': -5.838494896888733, 'nu20': 0.08434238231521156, 'nu11': 0.0026390511844056786, 'nu02': 0.09138737884394835, 'nu30': -0.0023221831273137965, 'nu21': 0.002371760807778758, 'nu12': 0.0015846778619926925, 'nu03': -0.008718996106216053}
Centroid: 164, 426
Processing contour#8: area: 13.5 centroid: 164, 426 rectangle: (162, 424, 6, 6)
@find_dayJSON_match_for_contour: x: 162, y: 424, w: 6, h: 6, area: 13.5
Matched with JSON#38: (164, 426, 4, 55.0, 24.4853, 0.270361)
Match with input JSON(nodules) ID: 38
Matched contour: {'x': 164, 'y': 426, 'd': 4, 'a': 55.0, 'p': 24.4853, 'e': 0.270361, 'id': 38, 'tq': 100}
JSON_entry: 38
WARNING: match is empty
entry_id:20230512_34, entry saved to results list
created dirs at nodule_detection_path: output/crop1018/nodules-last-detected-on/2023-05-12/34/detection and nodule_images_original_path: output/crop1018/nodules-last-detected-on/2023-05-12/34
Segmented nodule image saved as output/crop1018/nodules-last-detected-on/2023-05-12/34/detection/2023-05-12.jpg
Original nodule image saved as output/crop1018/nodules-last-detected-on/2023-05-12/34/2023-05-12.jpg


@process_contour: max_id: 20230512_35
Moments: {'m00': 5.5, 'm10': 1366.1666666666665, 'm01': 2253.833333333333, 'm20': 339349.9166666666, 'm11': 559838.0416666666, 'm02': 923596.9166666666, 'm30': 84293653.05000001, 'm21': 139061235.48333332, 'm12': 229415467.68333334, 'm03': 378481553.95000005, 'mu20': 2.3964646465028636, 'mu11': -0.49873737362213433, 'mu02': 3.3358585860114545, 'mu30': -0.11842668056488037, 'mu21': 0.732338494845294, 'mu12': -0.10653509193264199, 'mu03': -1.3746863007545471, 'nu20': 0.07922197178521863, 'nu11': -0.016487185904863946, 'nu02': 0.11027631689294065, 'nu30': -0.0016693324384826145, 'nu21': 0.010322981270466526, 'nu12': -0.001501709614350419, 'nu03': -0.01937746142711495}
Centroid: 248, 409
Processing contour#9: area: 5.5 centroid: 248, 409 rectangle: (247, 408, 4, 4)
@find_dayJSON_match_for_contour: x: 247, y: 408, w: 4, h: 4, area: 5.5
Matched with JSON#37: (248, 409, 2, 23.0, 16.4853, 0.502753)
Match with input JSON(nodules) ID: 37
Matched contour: {'x': 248, 'y': 409, 'd': 2, 'a': 23.0, 'p': 16.4853, 'e': 0.502753, 'id': 37, 'tq': 100}
JSON_entry: 37
WARNING: match is empty
entry_id:20230512_35, entry saved to results list
created dirs at nodule_detection_path: output/crop1018/nodules-last-detected-on/2023-05-12/35/detection and nodule_images_original_path: output/crop1018/nodules-last-detected-on/2023-05-12/35
Segmented nodule image saved as output/crop1018/nodules-last-detected-on/2023-05-12/35/detection/2023-05-12.jpg
Original nodule image saved as output/crop1018/nodules-last-detected-on/2023-05-12/35/2023-05-12.jpg


@process_contour: max_id: 20230512_36
Moments: {'m00': 2.0, 'm10': 493.0, 'm01': 774.0, 'm20': 121524.66666666666, 'm11': 190791.0, 'm02': 299538.6666666666, 'm30': 29955912.5, 'm21': 47030046.0, 'm12': 73836281.33333333, 'm03': 115921980.0, 'mu20': 0.1666666666569654, 'mu11': 0.0, 'mu02': 0.6666666666278616, 'mu30': 7.450580596923828e-09, 'mu21': 3.754394128918648e-09, 'mu12': 4.598405212163925e-09, 'mu03': 4.470348358154297e-08, 'nu20': 0.04166666666424135, 'nu11': 0.0, 'nu02': 0.1666666666569654, 'nu30': 1.3170890159654386e-09, 'nu21': 6.636893869513343e-10, 'nu12': 8.128908770411691e-10, 'nu03': 7.902534095792632e-09}
Centroid: 246, 387
Processing contour#10: area: 2.0 centroid: 246, 387 rectangle: (246, 386, 2, 3)
@find_dayJSON_match_for_contour: x: 246, y: 386, w: 2, h: 3, area: 2.0
Matched with JSON#36: (246, 386, 1, 12.0, 9.8284, 0.52552)
Match with input JSON(nodules) ID: 36
Matched contour: {'x': 246, 'y': 386, 'd': 1, 'a': 12.0, 'p': 9.8284, 'e': 0.52552, 'id': 36, 'tq': 100}
JSON_entry: 36
WARNING: match is empty
entry_id:20230512_36, entry saved to results list
created dirs at nodule_detection_path: output/crop1018/nodules-last-detected-on/2023-05-12/36/detection and nodule_images_original_path: output/crop1018/nodules-last-detected-on/2023-05-12/36
Segmented nodule image saved as output/crop1018/nodules-last-detected-on/2023-05-12/36/detection/2023-05-12.jpg
Original nodule image saved as output/crop1018/nodules-last-detected-on/2023-05-12/36/2023-05-12.jpg


@process_contour: max_id: 20230512_37
Moments: {'m00': 15.0, 'm10': 435.3333333333333, 'm01': 5803.166666666666, 'm20': 12649.5, 'm11': 168418.91666666666, 'm02': 2245141.0, 'm30': 367996.60000000003, 'm21': 4893706.883333333, 'm12': 65157525.449999996, 'm03': 868614321.6500001, 'mu20': 15.15925925926058, 'mu11': -1.8759259259095415, 'mu02': 24.775925926398486, 'mu30': 0.08921810693573207, 'mu21': 5.320411521895039, 'mu12': -4.0641152387485135, 'mu03': -9.738107204437256, 'nu20': 0.06737448559671369, 'nu11': -0.008337448559597962, 'nu02': 0.11011522633954883, 'nu30': 0.00010238229402733117, 'nu21': 0.0061054415464502345, 'nu12': -0.0046637779664417105, 'nu03': -0.01117497097077569}
Centroid: 29, 386
Processing contour#11: area: 15.0 centroid: 29, 386 rectangle: (27, 384, 5, 6)
@find_dayJSON_match_for_contour: x: 27, y: 384, w: 5, h: 6, area: 15.0
Matched with JSON#35: (28, 386, 4, 67.0, 28.7279, 0.564322)
Match with input JSON(nodules) ID: 35
Matched contour: {'x': 28, 'y': 386, 'd': 4, 'a': 67.0, 'p': 28.7279, 'e': 0.564322, 'id': 35, 'tq': 100}
JSON_entry: 35
WARNING: match is empty
entry_id:20230512_37, entry saved to results list
created dirs at nodule_detection_path: output/crop1018/nodules-last-detected-on/2023-05-12/37/detection and nodule_images_original_path: output/crop1018/nodules-last-detected-on/2023-05-12/37
Segmented nodule image saved as output/crop1018/nodules-last-detected-on/2023-05-12/37/detection/2023-05-12.jpg
Original nodule image saved as output/crop1018/nodules-last-detected-on/2023-05-12/37/2023-05-12.jpg


@process_contour: max_id: 20230512_38
Moments: {'m00': 36.5, 'm10': 9704.5, 'm01': 13165.333333333332, 'm20': 2580310.75, 'm11': 3500368.125, 'm02': 4748764.916666666, 'm30': 686103112.35, 'm21': 930709465.7333333, 'm12': 1262595101.0333333, 'm03': 1712928743.7, 'mu20': 110.1952054798603, 'mu11': 12.581621004734188, 'mu02': 107.33371385093778, 'mu30': -23.324470043182373, 'mu21': 4.801404315592663, 'mu12': 21.13578631771088, 'mu03': -1.9930696487426758, 'nu20': 0.0827136089171404, 'nu11': 0.00944388891329269, 'nu02': 0.08056574505606139, 'nu30': -0.0028978748367449437, 'nu21': 0.0005965352576686522, 'nu12': 0.0026259487658891172, 'nu03': -0.0002476226200328904}
Centroid: 265, 360
Processing contour#12: area: 36.5 centroid: 265, 360 rectangle: (262, 357, 8, 8)
@find_dayJSON_match_for_contour: x: 262, y: 357, w: 8, h: 8, area: 36.5
Matched with JSON#34: (265, 360, 6, 119.0, 38.3848, 0.3564)
Match with input JSON(nodules) ID: 34
Matched contour: {'x': 265, 'y': 360, 'd': 6, 'a': 119.0, 'p': 38.3848, 'e': 0.3564, 'id': 34, 'tq': 100}
JSON_entry: 34
WARNING: match is empty
entry_id:20230512_38, entry saved to results list
created dirs at nodule_detection_path: output/crop1018/nodules-last-detected-on/2023-05-12/38/detection and nodule_images_original_path: output/crop1018/nodules-last-detected-on/2023-05-12/38
Segmented nodule image saved as output/crop1018/nodules-last-detected-on/2023-05-12/38/detection/2023-05-12.jpg
Original nodule image saved as output/crop1018/nodules-last-detected-on/2023-05-12/38/2023-05-12.jpg


@process_contour: max_id: 20230512_39
Moments: {'m00': 22.0, 'm10': 5070.5, 'm01': 7924.166666666666, 'm20': 1168673.1666666665, 'm11': 1826341.5833333333, 'm02': 2854241.1666666665, 'm30': 269370194.25, 'm21': 420944262.6333333, 'm12': 657838626.1666666, 'm03': 1028096481.1500001, 'mu20': 38.15530303027481, 'mu11': 1.2613636362366378, 'mu02': 40.37752525275573, 'mu30': 2.226756274700165, 'mu21': 1.5871327891454712, 'mu12': -2.292183268635199, 'mu03': -1.9412343502044678, 'nu20': 0.07883327072370828, 'nu11': 0.0026061232153649543, 'nu02': 0.08342463895197465, 'nu30': 0.000980880233296334, 'nu21': 0.0006991277842919267, 'nu12': -0.0010097006506020023, 'nu03': -0.000855108582805187}
Centroid: 230, 360
Processing contour#13: area: 22.0 centroid: 230, 360 rectangle: (228, 357, 6, 7)
@find_dayJSON_match_for_contour: x: 228, y: 357, w: 6, h: 7, area: 22.0
Matched with JSON#33: (230, 360, 4, 75.0, 30.1421, 0.516862)
Match with input JSON(nodules) ID: 33
Matched contour: {'x': 230, 'y': 360, 'd': 4, 'a': 75.0, 'p': 30.1421, 'e': 0.516862, 'id': 33, 'tq': 100}
JSON_entry: 33
Matched with first_id: 33 second_id: 15 name: 20230512_20
entry_id:20230512_20, entry saved to results list
created dirs at nodule_detection_path: output/crop1018/nodules-last-detected-on/2023-05-12/20/detection and nodule_images_original_path: output/crop1018/nodules-last-detected-on/2023-05-12/20
Segmented nodule image saved as output/crop1018/nodules-last-detected-on/2023-05-12/20/detection/2023-05-12.jpg
Original nodule image saved as output/crop1018/nodules-last-detected-on/2023-05-12/20/2023-05-12.jpg


@process_contour: max_id: 20230512_40
Moments: {'m00': 8.5, 'm10': 2103.1666666666665, 'm01': 3038.1666666666665, 'm20': 520395.4166666666, 'm11': 751737.0416666666, 'm02': 1085942.0833333333, 'm30': 128765122.55000001, 'm21': 186005297.85, 'm12': 268695634.51666665, 'm03': 388154060.05, 'mu20': 6.001633986947127, 'mu11': -0.7066993464250118, 'mu02': 6.001633986830711, 'mu30': 0.35087789595127106, 'mu21': -0.47820705625781557, 'mu12': -0.4782070742517135, 'mu03': 0.3508780002593994, 'nu20': 0.08306759843525435, 'nu11': -0.009781305832872135, 'nu02': 0.08306759843364307, 'nu30': 0.0016657456806483993, 'nu21': -0.002270223766183516, 'nu12': -0.0022702238516071295, 'nu03': 0.0016657461758372279}
Centroid: 247, 357
Processing contour#14: area: 8.5 centroid: 247, 357 rectangle: (246, 356, 4, 4)
@find_dayJSON_match_for_contour: x: 246, y: 356, w: 4, h: 4, area: 8.5
Matched with JSON#32: (247, 357, 3, 31.0, 18.2426, 0.379291)
Match with input JSON(nodules) ID: 32
Matched contour: {'x': 247, 'y': 357, 'd': 3, 'a': 31.0, 'p': 18.2426, 'e': 0.379291, 'id': 32, 'tq': 100}
JSON_entry: 32
Matched with first_id: 32 second_id: 20 name: 20230512_19
entry_id:20230512_19, entry saved to results list
created dirs at nodule_detection_path: output/crop1018/nodules-last-detected-on/2023-05-12/19/detection and nodule_images_original_path: output/crop1018/nodules-last-detected-on/2023-05-12/19
Segmented nodule image saved as output/crop1018/nodules-last-detected-on/2023-05-12/19/detection/2023-05-12.jpg
Original nodule image saved as output/crop1018/nodules-last-detected-on/2023-05-12/19/2023-05-12.jpg


@process_contour: max_id: 20230512_41
Moments: {'m00': 23.0, 'm10': 2621.0, 'm01': 8204.0, 'm20': 298730.1666666666, 'm11': 934908.0833333333, 'm02': 2926370.833333333, 'm30': 34053684.5, 'm21': 106557761.0, 'm12': 333485300.3333333, 'm03': 1043852067.0, 'mu20': 50.12318840576336, 'mu11': 8.778985507087782, 'mu02': 39.702898550312966, 'mu30': 10.039697550237179, 'mu21': 8.53150603847098, 'mu12': -4.004095655643141, 'mu03': -9.601133823394775, 'nu20': 0.09475082874435417, 'nu11': 0.016595435741186732, 'nu02': 0.07505273828036477, 'nu30': 0.0039573188128505755, 'nu21': 0.0033628392866468268, 'nu12': -0.0015782829101416034, 'nu03': -0.0037844514054229178}
Centroid: 113, 356
Processing contour#15: area: 23.0 centroid: 113, 356 rectangle: (111, 354, 7, 6)
@find_dayJSON_match_for_contour: x: 111, y: 354, w: 7, h: 6, area: 23.0
Matched with JSON#31: (113, 356, 5, 89.0, 32.1421, 0.274361)
Match with input JSON(nodules) ID: 31
Matched contour: {'x': 113, 'y': 356, 'd': 5, 'a': 89.0, 'p': 32.1421, 'e': 0.274361, 'id': 31, 'tq': 100}
JSON_entry: 31
WARNING: match is empty
entry_id:20230512_41, entry saved to results list
created dirs at nodule_detection_path: output/crop1018/nodules-last-detected-on/2023-05-12/41/detection and nodule_images_original_path: output/crop1018/nodules-last-detected-on/2023-05-12/41
Segmented nodule image saved as output/crop1018/nodules-last-detected-on/2023-05-12/41/detection/2023-05-12.jpg
Original nodule image saved as output/crop1018/nodules-last-detected-on/2023-05-12/41/2023-05-12.jpg


@process_contour: max_id: 20230512_42
Moments: {'m00': 48.0, 'm10': 7200.5, 'm01': 16503.5, 'm20': 1080349.8333333333, 'm11': 2475707.5, 'm02': 5674456.5, 'm30': 162123708.25, 'm21': 371452248.0, 'm12': 851234846.0, 'm03': 1951128489.75, 'mu20': 199.828125, 'mu11': 10.588541666977108, 'mu02': 174.9947916669771, 'mu30': 27.005316853523254, 'mu21': 40.499891459956416, 'mu12': -19.088433219534636, 'mu03': -29.01746964454651, 'nu20': 0.08673095703125, 'nu11': 0.004595721209625481, 'nu02': 0.07595260054990326, 'nu30': 0.00169178894910295, 'nu21': 0.0025371770004944077, 'nu12': -0.00119582379098378, 'nu03': -0.0018178433062587586}
Centroid: 150, 343
Processing contour#16: area: 48.0 centroid: 150, 343 rectangle: (146, 340, 9, 9)
@find_dayJSON_match_for_contour: x: 146, y: 340, w: 9, h: 9, area: 48.0
Matched with JSON#28: (150, 344, 7, 190.0, 48.6274, 0.356314)
Match with input JSON(nodules) ID: 28
Matched contour: {'x': 150, 'y': 344, 'd': 7, 'a': 190.0, 'p': 48.6274, 'e': 0.356314, 'id': 28, 'tq': 100}
JSON_entry: 28
Matched with first_id: 28 second_id: 17 name: 20230512_16
entry_id:20230512_16, entry saved to results list
created dirs at nodule_detection_path: output/crop1018/nodules-last-detected-on/2023-05-12/16/detection and nodule_images_original_path: output/crop1018/nodules-last-detected-on/2023-05-12/16
Segmented nodule image saved as output/crop1018/nodules-last-detected-on/2023-05-12/16/detection/2023-05-12.jpg
Original nodule image saved as output/crop1018/nodules-last-detected-on/2023-05-12/16/2023-05-12.jpg


@process_contour: max_id: 20230512_43
Moments: {'m00': 34.5, 'm10': 5711.333333333333, 'm01': 11765.333333333332, 'm20': 945598.25, 'm11': 1947705.2083333333, 'm02': 4012344.9166666665, 'm30': 156576483.70000002, 'm21': 322472705.65, 'm12': 664228989.9833333, 'm03': 1368362500.7, 'mu20': 110.46900161029771, 'mu11': 2.586755233583972, 'mu02': 82.06320450920612, 'mu30': 0.9246649146080017, 'mu21': 5.40914639399125, 'mu12': 0.5495930856286577, 'mu03': -3.4970953464508057, 'nu20': 0.09281159555580569, 'nu11': 0.002173287320801489, 'nu02': 0.06894619156413033, 'nu30': 0.00013226247382038095, 'nu21': 0.0007737149663877651, 'nu12': 7.861284661226583e-05, 'nu03': -0.0005002184839071248}
Centroid: 165, 341
Processing contour#17: area: 34.5 centroid: 165, 341 rectangle: (162, 338, 8, 7)
@find_dayJSON_match_for_contour: x: 162, y: 338, w: 8, h: 7, area: 34.5
Matched with JSON#27: (165, 341, 6, 139.0, 41.799, 0.231698)
Match with input JSON(nodules) ID: 27
Matched contour: {'x': 165, 'y': 341, 'd': 6, 'a': 139.0, 'p': 41.799, 'e': 0.231698, 'id': 27, 'tq': 100}
JSON_entry: 27
Matched with first_id: 27 second_id: 16 name: 20230519_30
entry_id:20230519_30, entry saved to results list
created dirs at nodule_detection_path: output/crop1018/nodules-last-detected-on/2023-05-19/30/detection and nodule_images_original_path: output/crop1018/nodules-last-detected-on/2023-05-19/30
Segmented nodule image saved as output/crop1018/nodules-last-detected-on/2023-05-19/30/detection/2023-05-12.jpg
Original nodule image saved as output/crop1018/nodules-last-detected-on/2023-05-19/30/2023-05-12.jpg


@process_contour: max_id: 20230512_44
Moments: {'m00': 25.0, 'm10': 3112.5, 'm01': 8512.5, 'm20': 387558.3333333333, 'm11': 1059806.25, 'm02': 2898558.333333333, 'm30': 48263981.25, 'm21': 131963612.5, 'm12': 360870512.5, 'm03': 986994581.25, 'mu20': 52.08333333331393, 'mu11': 0.0, 'mu02': 52.08333333302289, 'mu30': 7.450580596923828e-09, 'mu21': 6.606569513678551e-09, 'mu12': 3.864988684654236e-08, 'mu03': 3.5762786865234375e-07, 'nu20': 0.0833333333333023, 'nu11': 0.0, 'nu02': 0.08333333333283663, 'nu30': 2.384185791015625e-12, 'nu21': 2.1141022443771365e-12, 'nu12': 1.2367963790893556e-11, 'nu03': 1.1444091796875002e-10}
Centroid: 124, 340
Processing contour#18: area: 25.0 centroid: 124, 340 rectangle: (122, 338, 6, 6)
@find_dayJSON_match_for_contour: x: 122, y: 338, w: 6, h: 6, area: 25.0
Matched with JSON#25: (124, 340, 6, 119.0, 37.5563, 0.299851)
Match with input JSON(nodules) ID: 25
Matched contour: {'x': 124, 'y': 340, 'd': 6, 'a': 119.0, 'p': 37.5563, 'e': 0.299851, 'id': 25, 'tq': 100}
JSON_entry: 25
WARNING: match is empty
entry_id:20230512_44, entry saved to results list
created dirs at nodule_detection_path: output/crop1018/nodules-last-detected-on/2023-05-12/44/detection and nodule_images_original_path: output/crop1018/nodules-last-detected-on/2023-05-12/44
Segmented nodule image saved as output/crop1018/nodules-last-detected-on/2023-05-12/44/detection/2023-05-12.jpg
Original nodule image saved as output/crop1018/nodules-last-detected-on/2023-05-12/44/2023-05-12.jpg


@process_contour: max_id: 20230512_45
Moments: {'m00': 34.0, 'm10': 8086.833333333333, 'm01': 11580.0, 'm20': 1923544.5, 'm11': 2754277.833333333, 'm02': 3944095.333333333, 'm30': 457562195.55, 'm21': 655135449.25, 'm12': 938093679.6833333, 'm03': 1343369400.0, 'mu20': 107.04820261453278, 'mu11': -2.460784313734621, 'mu02': 83.56862745108083, 'mu30': -14.529304504394531, 'mu21': -6.929258103838947, 'mu12': 14.398635197758267, 'mu03': 5.605536460876465, 'nu20': 0.09260225139665466, 'nu11': -0.002128706153749672, 'nu02': 0.07229120021719795, 'nu30': -0.002155497548104103, 'nu21': -0.0010279913156536705, 'nu12': 0.002136112079929646, 'nu03': 0.0008316103564057614}
Centroid: 237, 340
Processing contour#19: area: 34.0 centroid: 237, 340 rectangle: (234, 337, 8, 8)
@find_dayJSON_match_for_contour: x: 234, y: 337, w: 8, h: 8, area: 34.0
Matched with JSON#26: (237, 340, 6, 137.0, 40.9706, 0.091624)
Match with input JSON(nodules) ID: 26
Matched contour: {'x': 237, 'y': 340, 'd': 6, 'a': 137.0, 'p': 40.9706, 'e': 0.091624, 'id': 26, 'tq': 100}
JSON_entry: 26
WARNING: match is empty
entry_id:20230512_45, entry saved to results list
created dirs at nodule_detection_path: output/crop1018/nodules-last-detected-on/2023-05-12/45/detection and nodule_images_original_path: output/crop1018/nodules-last-detected-on/2023-05-12/45
Segmented nodule image saved as output/crop1018/nodules-last-detected-on/2023-05-12/45/detection/2023-05-12.jpg
Original nodule image saved as output/crop1018/nodules-last-detected-on/2023-05-12/45/2023-05-12.jpg


@process_contour: max_id: 20230512_46
Moments: {'m00': 161.0, 'm10': 32074.5, 'm01': 55459.5, 'm20': 6403798.0, 'm11': 11055798.416666666, 'm02': 19108831.0, 'm30': 1281311814.25, 'm21': 2208754299.6666665, 'm12': 3811780996.0, 'm03': 6585666841.75, 'mu20': 13900.172360248864, 'mu11': 7129.269151138142, 'mu02': 4755.594720497727, 'mu30': 5596.1895179748535, 'mu21': 4171.295384611003, 'mu12': -1434.5246897763573, 'mu03': -8305.177346229553, 'nu20': 0.5362513930885715, 'nu11': 0.27503835311670616, 'nu02': 0.18346494041501973, 'nu30': 0.017014834282636306, 'nu21': 0.012682540411670315, 'nu12': -0.004361574923882815, 'nu03': -0.025251327850872834}
Centroid: 199, 344
Processing contour#20: area: 161.0 centroid: 199, 344 rectangle: (184, 332, 32, 23)
@find_dayJSON_match_for_contour: x: 184, y: 332, w: 32, h: 23, area: 161.0
Matched with JSON#23: (192, 333, 4, 55.0, 25.0711, 0.407324)
Match with input JSON(nodules) ID: 23
Matched contour: {'x': 192, 'y': 333, 'd': 4, 'a': 55.0, 'p': 25.0711, 'e': 0.407324, 'id': 23, 'tq': 100}
JSON_entry: 23
Matched with first_id: 23 second_id: 13 name: 20230517_25
entry_id:20230517_25, entry saved to results list
created dirs at nodule_detection_path: output/crop1018/nodules-last-detected-on/2023-05-17/25/detection and nodule_images_original_path: output/crop1018/nodules-last-detected-on/2023-05-17/25
Segmented nodule image saved as output/crop1018/nodules-last-detected-on/2023-05-17/25/detection/2023-05-12.jpg
Original nodule image saved as output/crop1018/nodules-last-detected-on/2023-05-17/25/2023-05-12.jpg


@process_contour: max_id: 20230512_47
Moments: {'m00': 31.5, 'm10': 8077.166666666666, 'm01': 10375.166666666666, 'm20': 2071189.25, 'm11': 2660372.2916666665, 'm02': 3417383.25, 'm30': 531120144.55, 'm21': 682184731.35, 'm12': 876273864.0166667, 'm03': 1125657760.55, 'mu20': 58.41313933045603, 'mu11': -7.0848765429109335, 'mu02': 110.76234567956999, 'mu30': 5.00136125087738, 'mu21': -5.650032673485839, 'mu12': -10.922225549256837, 'mu03': 10.130361080169678, 'nu20': 0.05886937700222326, 'nu11': -0.007140213195173528, 'nu02': 0.11162745848281176, 'nu30': 0.0008980734150749407, 'nu21': -0.0010145526155448733, 'nu12': -0.0019612581269787474, 'nu03': 0.0018190663531082133}
Centroid: 256, 329
Processing contour#21: area: 31.5 centroid: 256, 329 rectangle: (254, 326, 6, 8)
@find_dayJSON_match_for_contour: x: 254, y: 326, w: 6, h: 8, area: 31.5
Matched with JSON#22: (256, 329, 6, 117.0, 37.799, 0.368056)
Match with input JSON(nodules) ID: 22
Matched contour: {'x': 256, 'y': 329, 'd': 6, 'a': 117.0, 'p': 37.799, 'e': 0.368056, 'id': 22, 'tq': 100}
JSON_entry: 22
WARNING: match is empty
entry_id:20230512_47, entry saved to results list
created dirs at nodule_detection_path: output/crop1018/nodules-last-detected-on/2023-05-12/47/detection and nodule_images_original_path: output/crop1018/nodules-last-detected-on/2023-05-12/47
Segmented nodule image saved as output/crop1018/nodules-last-detected-on/2023-05-12/47/detection/2023-05-12.jpg
Original nodule image saved as output/crop1018/nodules-last-detected-on/2023-05-12/47/2023-05-12.jpg


@process_contour: max_id: 20230512_48
Moments: {'m00': 34.5, 'm10': 6140.166666666666, 'm01': 11200.5, 'm20': 1092974.75, 'm11': 1993400.7083333333, 'm02': 3636325.083333333, 'm30': 194584815.05, 'm21': 354830301.2833333, 'm12': 647166509.5166667, 'm03': 1180578766.3500001, 'mu20': 173.39653784246184, 'mu11': -17.748188405763358, 'mu02': 58.40942028909922, 'mu30': -10.884547352790833, 'mu21': -9.838559924297442, 'mu12': 2.598442272395914, 'mu03': -2.4992432594299316, 'nu20': 0.14568077113418346, 'nu11': -0.014911311410009124, 'nu02': 0.04907323695786534, 'nu30': -0.0015569068713994615, 'nu21': -0.0014072906345422385, 'nu12': 0.00037167669887445916, 'nu03': -0.00035748744323369224}
Centroid: 177, 324
Processing contour#22: area: 34.5 centroid: 177, 324 rectangle: (174, 322, 9, 6)
@find_dayJSON_match_for_contour: x: 174, y: 322, w: 9, h: 6, area: 34.5
Matched with JSON#21: (177, 324, 7, 167.0, 49.799, 0.832668)
Match with input JSON(nodules) ID: 21
Matched contour: {'x': 177, 'y': 324, 'd': 7, 'a': 167.0, 'p': 49.799, 'e': 0.832668, 'id': 21, 'tq': 100}
JSON_entry: 21
Matched with first_id: 21 second_id: 14 name: 20230512_13
entry_id:20230512_13, entry saved to results list
created dirs at nodule_detection_path: output/crop1018/nodules-last-detected-on/2023-05-12/13/detection and nodule_images_original_path: output/crop1018/nodules-last-detected-on/2023-05-12/13
Segmented nodule image saved as output/crop1018/nodules-last-detected-on/2023-05-12/13/detection/2023-05-12.jpg
Original nodule image saved as output/crop1018/nodules-last-detected-on/2023-05-12/13/2023-05-12.jpg


@process_contour: max_id: 20230512_49
Moments: {'m00': 29.0, 'm10': 5102.5, 'm01': 8689.833333333332, 'm20': 897846.6666666666, 'm11': 1528960.6666666665, 'm02': 2603970.6666666665, 'm30': 157999409.25, 'm21': 269039036.7, 'm12': 458163840.5, 'm03': 780318544.85, 'mu20': 70.58908045978751, 'mu11': -0.5258620688691735, 'mu02': 67.10249042185023, 'mu30': -3.792508900165558, 'mu21': -15.913786506582255, 'mu12': 6.453131186639439, 'mu03': 16.672818899154663, 'nu20': 0.08393469733625149, 'nu11': -0.0006252818892617996, 'nu02': 0.07978893034702762, 'nu30': -0.0008373974111245211, 'nu21': -0.0035138120891999953, 'nu12': 0.0014248708418595605, 'nu03': 0.0036814087322749895}
Centroid: 175, 299
Processing contour#23: area: 29.0 centroid: 175, 299 rectangle: (173, 297, 7, 7)
@find_dayJSON_match_for_contour: x: 173, y: 297, w: 7, h: 7, area: 29.0
Matched with JSON#20: (175, 299, 6, 117.0, 37.5563, 0.202768)
Match with input JSON(nodules) ID: 20
Matched contour: {'x': 175, 'y': 299, 'd': 6, 'a': 117.0, 'p': 37.5563, 'e': 0.202768, 'id': 20, 'tq': 100}
JSON_entry: 20
WARNING: match is empty
entry_id:20230512_49, entry saved to results list
created dirs at nodule_detection_path: output/crop1018/nodules-last-detected-on/2023-05-12/49/detection and nodule_images_original_path: output/crop1018/nodules-last-detected-on/2023-05-12/49
Segmented nodule image saved as output/crop1018/nodules-last-detected-on/2023-05-12/49/detection/2023-05-12.jpg
Original nodule image saved as output/crop1018/nodules-last-detected-on/2023-05-12/49/2023-05-12.jpg


@process_contour: max_id: 20230512_50
Moments: {'m00': 43.0, 'm10': 6239.333333333333, 'm01': 12797.833333333332, 'm20': 905482.1666666666, 'm11': 1856997.4166666665, 'm02': 3809096.333333333, 'm30': 131429735.60000001, 'm21': 269499599.2833333, 'm12': 552715823.2833333, 'm03': 1133770021.8500001, 'mu20': 150.06330749369226, 'mu11': 21.879198966547847, 'mu02': 153.58850129228085, 'mu30': 22.688015535473824, 'mu21': -2.5430943666797248, 'mu12': -31.02197181203519, 'mu03': -6.631255865097046, 'nu20': 0.08115917117019592, 'nu11': 0.011832990246916086, 'nu02': 0.08306571189414864, 'nu30': 0.0018712222459944196, 'nu21': -0.00020974486486725725, 'nu12': -0.0025585756356050443, 'nu03': -0.000546921059457544}
Centroid: 145, 297
Processing contour#24: area: 43.0 centroid: 145, 297 rectangle: (141, 294, 9, 9)
@find_dayJSON_match_for_contour: x: 141, y: 294, w: 9, h: 9, area: 43.0
Matched with JSON#19: (144, 297, 7, 183.0, 49.4558, 0.339284)
Match with input JSON(nodules) ID: 19
Matched contour: {'x': 144, 'y': 297, 'd': 7, 'a': 183.0, 'p': 49.4558, 'e': 0.339284, 'id': 19, 'tq': 100}
JSON_entry: 19
Matched with first_id: 19 second_id: 12 name: 20230607_27
entry_id:20230607_27, entry saved to results list
created dirs at nodule_detection_path: output/crop1018/nodules-last-detected-on/2023-06-07/27/detection and nodule_images_original_path: output/crop1018/nodules-last-detected-on/2023-06-07/27
Segmented nodule image saved as output/crop1018/nodules-last-detected-on/2023-06-07/27/detection/2023-05-12.jpg
Original nodule image saved as output/crop1018/nodules-last-detected-on/2023-06-07/27/2023-05-12.jpg


@process_contour: max_id: 20230512_51
Moments: {'m00': 32.5, 'm10': 5761.666666666666, 'm01': 8403.0, 'm20': 1021548.5833333333, 'm11': 1489706.2916666665, 'm02': 2172696.9166666665, 'm30': 181140697.8, 'm21': 264127150.88333333, 'm12': 385182859.85, 'm03': 561794804.4, 'mu20': 108.49786324799061, 'mu11': 5.21474358974956, 'mu02': 68.94743589730933, 'mu30': 0.014880567789077759, 'mu21': -13.33139380216744, 'mu12': -2.9348783101631852, 'mu03': 6.819763422012329, 'nu20': 0.10271987053064201, 'nu11': 0.0049370353512421875, 'nu02': 0.0652756789560325, 'nu30': 2.4712182364501813e-06, 'nu21': -0.0022139466684461028, 'nu12': -0.00048739570321777693, 'nu03': 0.0011325591856194389}
Centroid: 177, 258
Processing contour#25: area: 32.5 centroid: 177, 258 rectangle: (174, 256, 8, 7)
@find_dayJSON_match_for_contour: x: 174, y: 256, w: 8, h: 7, area: 32.5
Matched with JSON#17: (176, 258, 6, 150.0, 43.799, 0.375782)
Match with input JSON(nodules) ID: 17
Matched contour: {'x': 176, 'y': 258, 'd': 6, 'a': 150.0, 'p': 43.799, 'e': 0.375782, 'id': 17, 'tq': 100}
JSON_entry: 17
Matched with first_id: 17 second_id: 11 name: 20230607_23
entry_id:20230607_23, entry saved to results list
created dirs at nodule_detection_path: output/crop1018/nodules-last-detected-on/2023-06-07/23/detection and nodule_images_original_path: output/crop1018/nodules-last-detected-on/2023-06-07/23
Segmented nodule image saved as output/crop1018/nodules-last-detected-on/2023-06-07/23/detection/2023-05-12.jpg
Original nodule image saved as output/crop1018/nodules-last-detected-on/2023-06-07/23/2023-05-12.jpg


@process_contour: max_id: 20230512_52
Moments: {'m00': 56.0, 'm10': 6301.166666666666, 'm01': 14363.5, 'm20': 709163.1666666666, 'm11': 1616350.8333333333, 'm02': 3684936.1666666665, 'm30': 79829527.45, 'm21': 181929518.5, 'm12': 414712923.56666666, 'm03': 945576905.75, 'mu20': 150.64236111124046, 'mu11': 157.84375000023283, 'mu02': 826.6622023815289, 'mu30': -3.8406539410352707, 'mu21': -23.35658483804582, 'mu12': -135.7119172088278, 'mu03': -382.73222267627716, 'nu20': 0.04803646719108433, 'nu11': 0.05033282844395179, 'nu02': 0.26360401861655897, 'nu30': -0.00016365719739109272, 'nu21': -0.0009952662421315412, 'nu12': -0.005782929772887027, 'nu03': -0.01630891089801728}
Centroid: 112, 256
Processing contour#26: area: 56.0 centroid: 112, 256 rectangle: (109, 250, 8, 14)
@find_dayJSON_match_for_contour: x: 109, y: 250, w: 8, h: 14, area: 56.0
Matched with JSON#16: (111, 252, 5, 87.0, 32.1421, 0.398906)
Match with input JSON(nodules) ID: 16
Matched contour: {'x': 111, 'y': 252, 'd': 5, 'a': 87.0, 'p': 32.1421, 'e': 0.398906, 'id': 16, 'tq': 100}
JSON_entry: 16
WARNING: match is empty
entry_id:20230512_52, entry saved to results list
created dirs at nodule_detection_path: output/crop1018/nodules-last-detected-on/2023-05-12/52/detection and nodule_images_original_path: output/crop1018/nodules-last-detected-on/2023-05-12/52
Segmented nodule image saved as output/crop1018/nodules-last-detected-on/2023-05-12/52/detection/2023-05-12.jpg
Original nodule image saved as output/crop1018/nodules-last-detected-on/2023-05-12/52/2023-05-12.jpg


@process_contour: max_id: 20230512_53
Moments: {'m00': 21.5, 'm10': 780.8333333333333, 'm01': 5165.666666666666, 'm20': 28400.916666666664, 'm11': 187605.04166666666, 'm02': 1241154.4166666665, 'm30': 1034559.4500000001, 'm21': 6823644.433333334, 'm12': 45075672.733333334, 'm03': 298220011.8, 'mu20': 42.744832041345944, 'mu11': -0.7593669250200037, 'mu02': 32.923126615118235, 'mu30': -4.996973338886164, 'mu21': -5.92246960522607, 'mu12': 3.1949892795371397, 'mu03': 5.374114155769348, 'nu20': 0.09247124292340927, 'nu11': -0.001642762412157931, 'nu02': 0.07122363789100754, 'nu30': -0.002331368275849605, 'nu21': -0.002763164182778151, 'nu12': 0.001490641663029726, 'nu03': 0.002507325615699141}
Centroid: 36, 240
Processing contour#27: area: 21.5 centroid: 36, 240 rectangle: (33, 238, 7, 6)
@find_dayJSON_match_for_contour: x: 33, y: 238, w: 7, h: 6, area: 21.5
Matched with JSON#15: (36, 240, 4, 74.0, 29.3137, 0.433944)
Match with input JSON(nodules) ID: 15
Matched contour: {'x': 36, 'y': 240, 'd': 4, 'a': 74.0, 'p': 29.3137, 'e': 0.433944, 'id': 15, 'tq': 100}
JSON_entry: 15
WARNING: match is empty
entry_id:20230512_53, entry saved to results list
created dirs at nodule_detection_path: output/crop1018/nodules-last-detected-on/2023-05-12/53/detection and nodule_images_original_path: output/crop1018/nodules-last-detected-on/2023-05-12/53
Segmented nodule image saved as output/crop1018/nodules-last-detected-on/2023-05-12/53/detection/2023-05-12.jpg
Original nodule image saved as output/crop1018/nodules-last-detected-on/2023-05-12/53/2023-05-12.jpg


@process_contour: max_id: 20230512_54
Moments: {'m00': 22.0, 'm10': 3862.5, 'm01': 4677.0, 'm20': 678172.1666666666, 'm11': 821129.3333333333, 'm02': 994326.0, 'm30': 119079518.25, 'm21': 144172166.75, 'm12': 174570713.58333334, 'm03': 211400958.5, 'mu20': 40.06439393933397, 'mu11': -3.05303030309733, 'mu02': 38.31818181811832, 'mu30': -4.076962783932686, 'mu21': 1.3481405295533477, 'mu12': 3.721763148845639, 'mu03': -1.9669421315193176, 'nu20': 0.08277767342837597, 'nu11': -0.006307913849374649, 'nu02': 0.07916979714487256, 'nu30': -0.0017958912935735795, 'nu21': 0.0005938523277867888, 'nu12': 0.0016394267963632287, 'nu03': -0.0008664327922932849}
Centroid: 175, 212
Processing contour#28: area: 22.0 centroid: 175, 212 rectangle: (173, 210, 6, 6)
@find_dayJSON_match_for_contour: x: 173, y: 210, w: 6, h: 6, area: 22.0
Matched with JSON#14: (175, 212, 6, 116.0, 37.5563, 0.256884)
Match with input JSON(nodules) ID: 14
Matched contour: {'x': 175, 'y': 212, 'd': 6, 'a': 116.0, 'p': 37.5563, 'e': 0.256884, 'id': 14, 'tq': 100}
JSON_entry: 14
Matched with first_id: 14 second_id: 10 name: 20230515_14
entry_id:20230515_14, entry saved to results list
created dirs at nodule_detection_path: output/crop1018/nodules-last-detected-on/2023-05-15/14/detection and nodule_images_original_path: output/crop1018/nodules-last-detected-on/2023-05-15/14
Segmented nodule image saved as output/crop1018/nodules-last-detected-on/2023-05-15/14/detection/2023-05-12.jpg
Original nodule image saved as output/crop1018/nodules-last-detected-on/2023-05-15/14/2023-05-12.jpg


@process_contour: max_id: 20230512_55
Moments: {'m00': 23.0, 'm10': 2177.1666666666665, 'm01': 4839.5, 'm20': 206133.66666666666, 'm11': 458107.5, 'm02': 1018337.0, 'm30': 19520879.650000002, 'm21': 43373823.0, 'm12': 96396561.3, 'm03': 214289517.75, 'mu20': 44.332125603890745, 'mu11': 3.2355072463979013, 'mu02': 43.076086956541985, 'mu30': -6.645508646965027, 'mu21': -1.7091472430274735, 'mu12': 9.63443603717269, 'mu03': 2.752362936735153, 'nu20': 0.08380364008296927, 'nu11': 0.00611627078714159, 'nu02': 0.0814292759102873, 'nu30': -0.0026194410994955317, 'nu21': -0.0006736896709208665, 'nu12': 0.0037975780435943835, 'nu03': 0.001084891011390813}
Centroid: 94, 210
Processing contour#29: area: 23.0 centroid: 94, 210 rectangle: (92, 208, 6, 6)
@find_dayJSON_match_for_contour: x: 92, y: 208, w: 6, h: 6, area: 23.0
Matched with JSON#13: (94, 210, 5, 106.0, 35.5563, 0.364201)
Match with input JSON(nodules) ID: 13
Matched contour: {'x': 94, 'y': 210, 'd': 5, 'a': 106.0, 'p': 35.5563, 'e': 0.364201, 'id': 13, 'tq': 100}
JSON_entry: 13
WARNING: match is empty
entry_id:20230512_55, entry saved to results list
created dirs at nodule_detection_path: output/crop1018/nodules-last-detected-on/2023-05-12/55/detection and nodule_images_original_path: output/crop1018/nodules-last-detected-on/2023-05-12/55
Segmented nodule image saved as output/crop1018/nodules-last-detected-on/2023-05-12/55/detection/2023-05-12.jpg
Original nodule image saved as output/crop1018/nodules-last-detected-on/2023-05-12/55/2023-05-12.jpg


@process_contour: max_id: 20230512_56
Moments: {'m00': 39.5, 'm10': 6283.666666666666, 'm01': 7892.5, 'm20': 999739.75, 'm11': 1255533.7916666665, 'm02': 1577123.25, 'm30': 159081085.8, 'm21': 199756085.36666667, 'm12': 250886449.6, 'm03': 315173875.35, 'mu20': 132.99613220838364, 'mu11': -6.440400843974203, 'mu02': 121.82594936713576, 'mu30': 3.5432361364364624, 'mu21': 8.449937701254385, 'mu12': -9.476523488036037, 'mu03': -4.985082507133484, 'nu20': 0.0852402706030339, 'nu11': -0.004127800572968564, 'nu02': 0.07808104429875709, 'nu30': 0.00036133277588805624, 'nu21': 0.0008617092759575773, 'nu12': -0.0009663986270878982, 'nu03': -0.0005083696459884063}
Centroid: 159, 199
Processing contour#30: area: 39.5 centroid: 159, 199 rectangle: (155, 196, 9, 8)
@find_dayJSON_match_for_contour: x: 155, y: 196, w: 9, h: 8, area: 39.5
Matched with JSON#12: (159, 200, 7, 180.0, 48.6274, 0.276534)
Match with input JSON(nodules) ID: 12
Matched contour: {'x': 159, 'y': 200, 'd': 7, 'a': 180.0, 'p': 48.6274, 'e': 0.276534, 'id': 12, 'tq': 100}
JSON_entry: 12
Matched with first_id: 12 second_id: 9 name: 20230529_19
entry_id:20230529_19, entry saved to results list
created dirs at nodule_detection_path: output/crop1018/nodules-last-detected-on/2023-05-29/19/detection and nodule_images_original_path: output/crop1018/nodules-last-detected-on/2023-05-29/19
Segmented nodule image saved as output/crop1018/nodules-last-detected-on/2023-05-29/19/detection/2023-05-12.jpg
Original nodule image saved as output/crop1018/nodules-last-detected-on/2023-05-29/19/2023-05-12.jpg


@process_contour: max_id: 20230512_57
Moments: {'m00': 25.5, 'm10': 5414.833333333333, 'm01': 4652.166666666666, 'm20': 1149877.5833333333, 'm11': 987869.7083333333, 'm02': 848781.5833333333, 'm30': 244196657.45000002, 'm21': 209780762.85, 'm12': 180235296.15, 'm03': 154868194.05, 'mu20': 57.190087146125734, 'mu11': -1.1598583876620978, 'mu02': 50.02668845327571, 'mu30': -2.04280549287796, 'mu21': -5.897091618347986, 'mu12': 1.309069876671856, 'mu03': 3.6873011887073517, 'nu20': 0.08795092217781736, 'nu11': -0.0017837114766045335, 'nu02': 0.07693454587201186, 'nu30': -0.0006221234416154914, 'nu21': -0.0017959218074942245, 'nu12': 0.0003986689187147762, 'nu03': 0.0011229441636950571}
Centroid: 212, 182
Processing contour#31: area: 25.5 centroid: 212, 182 rectangle: (209, 180, 7, 6)
@find_dayJSON_match_for_contour: x: 209, y: 180, w: 7, h: 6, area: 25.5
Matched with JSON#11: (212, 181, 5, 113.0, 37.3137, 0.388156)
Match with input JSON(nodules) ID: 11
Matched contour: {'x': 212, 'y': 181, 'd': 5, 'a': 113.0, 'p': 37.3137, 'e': 0.388156, 'id': 11, 'tq': 100}
JSON_entry: 11
Matched with first_id: 11 second_id: 8 name: 20230522_10
entry_id:20230522_10, entry saved to results list
created dirs at nodule_detection_path: output/crop1018/nodules-last-detected-on/2023-05-22/10/detection and nodule_images_original_path: output/crop1018/nodules-last-detected-on/2023-05-22/10
Segmented nodule image saved as output/crop1018/nodules-last-detected-on/2023-05-22/10/detection/2023-05-12.jpg
Original nodule image saved as output/crop1018/nodules-last-detected-on/2023-05-22/10/2023-05-12.jpg


@process_contour: max_id: 20230512_58
Moments: {'m00': 27.0, 'm10': 6605.166666666666, 'm01': 4234.333333333333, 'm20': 1615910.3333333333, 'm11': 1035872.75, 'm02': 664129.1666666666, 'm30': 395334020.65000004, 'm21': 253420195.11666667, 'm12': 162470791.88333333, 'm03': 104175673.10000001, 'mu20': 50.08539094682783, 'mu11': 3.2170781895983964, 'mu02': 70.69341563794296, 'mu30': -5.822781145572662, 'mu21': -8.097642735300724, 'mu12': 11.202199803217809, 'mu03': 8.395254790782928, 'nu20': 0.06870423998193118, 'nu11': 0.004413001631822217, 'nu02': 0.09697313530582025, 'nu30': -0.0015371670150108156, 'nu21': -0.002137712031562547, 'nu12': 0.0029572899277109164, 'nu03': 0.002216279201359862}
Centroid: 244, 156
Processing contour#32: area: 27.0 centroid: 244, 156 rectangle: (242, 154, 6, 7)
@find_dayJSON_match_for_contour: x: 242, y: 154, w: 6, h: 7, area: 27.0
Matched with JSON#10: (244, 156, 5, 97.0, 34.1421, 0.377344)
Match with input JSON(nodules) ID: 10
Matched contour: {'x': 244, 'y': 156, 'd': 5, 'a': 97.0, 'p': 34.1421, 'e': 0.377344, 'id': 10, 'tq': 100}
JSON_entry: 10
WARNING: match is empty
entry_id:20230512_58, entry saved to results list
created dirs at nodule_detection_path: output/crop1018/nodules-last-detected-on/2023-05-12/58/detection and nodule_images_original_path: output/crop1018/nodules-last-detected-on/2023-05-12/58
Segmented nodule image saved as output/crop1018/nodules-last-detected-on/2023-05-12/58/detection/2023-05-12.jpg
Original nodule image saved as output/crop1018/nodules-last-detected-on/2023-05-12/58/2023-05-12.jpg


@process_contour: max_id: 20230512_59
Moments: {'m00': 17.0, 'm10': 3766.5, 'm01': 2443.1666666666665, 'm20': 834527.3333333333, 'm11': 541304.0, 'm02': 351143.0, 'm30': 184908426.25, 'm21': 119934166.13333333, 'm12': 77798504.16666667, 'm03': 50470973.650000006, 'mu20': 26.024509803857654, 'mu11': -1.1323529412038624, 'mu02': 21.625816993473563, 'mu30': 0.15397927165031433, 'mu21': -0.5259323355735432, 'mu12': -0.33016146497084264, 'mu03': 0.4862488806247711, 'nu20': 0.09005020693376352, 'nu11': -0.003918176267141393, 'nu02': 0.07482981658641372, 'nu30': 0.0001292230411499941, 'nu21': -0.00044137483645379833, 'nu12': -0.0002770792985107774, 'nu03': 0.0004080715438946232}
Centroid: 221, 143
Processing contour#33: area: 17.0 centroid: 221, 143 rectangle: (219, 141, 6, 6)
@find_dayJSON_match_for_contour: x: 219, y: 141, w: 6, h: 6, area: 17.0
Matched with JSON#9: (221, 143, 4, 74.0, 29.3137, 0.35674)
Match with input JSON(nodules) ID: 9
Matched contour: {'x': 221, 'y': 143, 'd': 4, 'a': 74.0, 'p': 29.3137, 'e': 0.35674, 'id': 9, 'tq': 100}
JSON_entry: 9
WARNING: match is empty
entry_id:20230512_59, entry saved to results list
created dirs at nodule_detection_path: output/crop1018/nodules-last-detected-on/2023-05-12/59/detection and nodule_images_original_path: output/crop1018/nodules-last-detected-on/2023-05-12/59
Segmented nodule image saved as output/crop1018/nodules-last-detected-on/2023-05-12/59/detection/2023-05-12.jpg
Original nodule image saved as output/crop1018/nodules-last-detected-on/2023-05-12/59/2023-05-12.jpg


@process_contour: max_id: 20230512_60
Moments: {'m00': 7.0, 'm10': 1468.8333333333333, 'm01': 987.3333333333333, 'm20': 308216.6666666666, 'm11': 207175.5833333333, 'm02': 139263.8333333333, 'm30': 64676847.35, 'm21': 43473284.45, 'm12': 29222232.95, 'm03': 19643627.6, 'mu20': 6.472222222248092, 'mu11': 0.13888888890505768, 'mu02': 2.817460317455698, 'mu30': 0.6185185238718987, 'mu21': -0.8211640190731941, 'mu12': -0.5910052864248883, 'mu03': 0.6967498175799847, 'nu20': 0.13208616780098145, 'nu11': 0.002834467120511381, 'nu02': 0.05749919015215709, 'nu30': 0.004770980161667087, 'nu21': -0.0063340984841456895, 'nu12': -0.004558755135290821, 'nu03': 0.005374421992263145}
Centroid: 209, 141
Processing contour#34: area: 7.0 centroid: 209, 141 rectangle: (208, 140, 5, 4)
@find_dayJSON_match_for_contour: x: 208, y: 140, w: 5, h: 4, area: 7.0
Matched with JSON#8: (209, 141, 3, 31.0, 17.8995, 0.570424)
Match with input JSON(nodules) ID: 8
Matched contour: {'x': 209, 'y': 141, 'd': 3, 'a': 31.0, 'p': 17.8995, 'e': 0.570424, 'id': 8, 'tq': 100}
JSON_entry: 8
WARNING: match is empty
entry_id:20230512_60, entry saved to results list
created dirs at nodule_detection_path: output/crop1018/nodules-last-detected-on/2023-05-12/60/detection and nodule_images_original_path: output/crop1018/nodules-last-detected-on/2023-05-12/60
Segmented nodule image saved as output/crop1018/nodules-last-detected-on/2023-05-12/60/detection/2023-05-12.jpg
Original nodule image saved as output/crop1018/nodules-last-detected-on/2023-05-12/60/2023-05-12.jpg


@process_contour: max_id: 20230512_61
Moments: {'m00': 116.5, 'm10': 17128.0, 'm01': 13645.166666666666, 'm20': 2519801.583333333, 'm11': 2006586.875, 'm02': 1599090.4166666665, 'm30': 370940010.1, 'm21': 295268049.6, 'm12': 235207655.86666667, 'm03': 187503105.55, 'mu20': 1618.0296852644533, 'mu11': 454.5602646640036, 'mu02': 888.0702193609904, 'mu30': -665.8161522746086, 'mu21': 375.88377505599055, 'mu12': 567.8168003263854, 'mu03': 178.6590482890606, 'nu20': 0.11921602426012293, 'nu11': 0.0334918870978654, 'nu02': 0.0654327925996788, 'nu30': -0.004545058874651536, 'nu21': 0.002565894326563491, 'nu12': 0.0038760861818733275, 'nu03': 0.0012195797446320966}
Centroid: 147, 117
Processing contour#35: area: 116.5 centroid: 147, 117 rectangle: (139, 112, 16, 12)
@find_dayJSON_match_for_contour: x: 139, y: 112, w: 16, h: 12, area: 116.5
Matched with JSON#6: (146, 116, 12, 486.0, 88.4264, 0.798007)
Match with input JSON(nodules) ID: 6
Matched contour: {'x': 146, 'y': 116, 'd': 12, 'a': 486.0, 'p': 88.4264, 'e': 0.798007, 'id': 6, 'tq': 100}
JSON_entry: 6
Matched with first_id: 6 second_id: 6 name: 20230512_6
entry_id:20230512_6, entry saved to results list
created dirs at nodule_detection_path: output/crop1018/nodules-last-detected-on/2023-05-12/6/detection and nodule_images_original_path: output/crop1018/nodules-last-detected-on/2023-05-12/6
Segmented nodule image saved as output/crop1018/nodules-last-detected-on/2023-05-12/6/detection/2023-05-12.jpg
Original nodule image saved as output/crop1018/nodules-last-detected-on/2023-05-12/6/2023-05-12.jpg


@process_contour: max_id: 20230512_62
Moments: {'m00': 94.5, 'm10': 16088.5, 'm01': 11055.666666666666, 'm20': 2739896.083333333, 'm11': 1881730.2916666665, 'm02': 1294947.25, 'm30': 466752633.15000004, 'm21': 320379116.76666665, 'm12': 220352328.46666667, 'm03': 151852801.8, 'mu20': 850.2394179892726, 'mu11': -482.33443562616594, 'mu02': 1531.7426513817627, 'mu30': -555.1088461875916, 'mu21': -330.04289673944004, 'mu12': 2129.798510841094, 'mu03': -3007.927642852068, 'nu20': 0.09520891553867726, 'nu11': -0.05401130266522952, 'nu02': 0.17152293064379637, 'nu30': -0.006394382729885276, 'nu21': -0.003801814028953155, 'nu12': 0.024533471064979925, 'nu03': -0.03464877330688038}
Centroid: 170, 116
Processing contour#36: area: 94.5 centroid: 170, 116 rectangle: (164, 109, 13, 15)
@find_dayJSON_match_for_contour: x: 164, y: 109, w: 13, h: 15, area: 94.5
Matched with JSON#5: (173, 111, 6, 117.0, 38.3848, 0.450558)
Match with input JSON(nodules) ID: 5
Matched contour: {'x': 173, 'y': 111, 'd': 6, 'a': 117.0, 'p': 38.3848, 'e': 0.450558, 'id': 5, 'tq': 100}
JSON_entry: 5
Matched with first_id: 5 second_id: 5 name: 20230512_5
entry_id:20230512_5, entry saved to results list
created dirs at nodule_detection_path: output/crop1018/nodules-last-detected-on/2023-05-12/5/detection and nodule_images_original_path: output/crop1018/nodules-last-detected-on/2023-05-12/5
Segmented nodule image saved as output/crop1018/nodules-last-detected-on/2023-05-12/5/detection/2023-05-12.jpg
Original nodule image saved as output/crop1018/nodules-last-detected-on/2023-05-12/5/2023-05-12.jpg


@process_contour: max_id: 20230512_63
Moments: {'m00': 13.0, 'm10': 933.3333333333333, 'm01': 827.8333333333333, 'm20': 67025.16666666666, 'm11': 59430.08333333333, 'm02': 52729.666666666664, 'm30': 4814453.600000001, 'm21': 4267537.616666666, 'm12': 3785192.783333333, 'm03': 3359541.85, 'mu20': 16.61965811965638, 'mu11': -4.104700854695693, 'mu02': 13.664529914538434, 'mu30': 3.9396888026967645, 'mu21': -1.231843086444087, 'mu12': -4.104295420146968, 'mu03': 3.417006354779005, 'nu20': 0.09834117230565906, 'nu11': -0.024288170737844342, 'nu02': 0.08085520659490199, 'nu30': 0.006465521159533236, 'nu21': -0.0020216082892580683, 'nu12': -0.00673566116840779, 'nu03': 0.005607734010351389}
Centroid: 71, 63
Processing contour#37: area: 13.0 centroid: 71, 63 rectangle: (70, 62, 5, 5)
@find_dayJSON_match_for_contour: x: 70, y: 62, w: 5, h: 5, area: 13.0
Matched with JSON#4: (71, 63, 4, 65.0, 30.1421, 0.796075)
Match with input JSON(nodules) ID: 4
Matched contour: {'x': 71, 'y': 63, 'd': 4, 'a': 65.0, 'p': 30.1421, 'e': 0.796075, 'id': 4, 'tq': 100}
JSON_entry: 4
Matched with first_id: 4 second_id: 3 name: 20230515_4
entry_id:20230515_4, entry saved to results list
created dirs at nodule_detection_path: output/crop1018/nodules-last-detected-on/2023-05-15/4/detection and nodule_images_original_path: output/crop1018/nodules-last-detected-on/2023-05-15/4
Segmented nodule image saved as output/crop1018/nodules-last-detected-on/2023-05-15/4/detection/2023-05-12.jpg
Original nodule image saved as output/crop1018/nodules-last-detected-on/2023-05-15/4/2023-05-12.jpg


@process_contour: max_id: 20230512_64
Moments: {'m00': 7.0, 'm10': 329.0, 'm01': 346.5, 'm20': 15468.166666666666, 'm11': 16283.416666666666, 'm02': 17155.666666666664, 'm30': 727489.5, 'm21': 765478.4166666666, 'm12': 806110.0833333334, 'm03': 849593.25, 'mu20': 5.16666666666606, 'mu11': -2.0833333333339397, 'mu02': 3.9166666666642413, 'mu30': 1.1641532182693481e-10, 'mu21': 3.001332515850663e-11, 'mu12': 2.6921043172478676e-10, 'mu03': 3.4924596548080444e-10, 'nu20': 0.10544217687073591, 'nu11': -0.04251700680273346, 'nu02': 0.07993197278906615, 'nu30': 8.97976648255449e-13, 'nu21': 2.3150960462835796e-13, 'nu12': 2.076570999090726e-12, 'nu03': 2.693929944766347e-12}
Centroid: 47, 49
Processing contour#38: area: 7.0 centroid: 47, 49 rectangle: (44, 48, 6, 4)
@find_dayJSON_match_for_contour: x: 44, y: 48, w: 6, h: 4, area: 7.0
Matched with JSON#1: (46, 49, 3, 44.0, 21.8995, 0.591315)
Match with input JSON(nodules) ID: 1
Matched contour: {'x': 46, 'y': 49, 'd': 3, 'a': 44.0, 'p': 21.8995, 'e': 0.591315, 'id': 1, 'tq': 100}
JSON_entry: 1
Matched with first_id: 1 second_id: 1 name: 20230515_1
entry_id:20230515_1, entry saved to results list
created dirs at nodule_detection_path: output/crop1018/nodules-last-detected-on/2023-05-15/1/detection and nodule_images_original_path: output/crop1018/nodules-last-detected-on/2023-05-15/1
Segmented nodule image saved as output/crop1018/nodules-last-detected-on/2023-05-15/1/detection/2023-05-12.jpg
Original nodule image saved as output/crop1018/nodules-last-detected-on/2023-05-15/1/2023-05-12.jpg


@process_contour: max_id: 20230512_65
Moments: {'m00': 57.0, 'm10': 4075.5, 'm01': 2883.5, 'm20': 291754.0, 'm11': 206325.3333333333, 'm02': 146314.66666666666, 'm30': 20911224.75, 'm21': 14781024.266666666, 'm12': 10476811.666666666, 'm03': 7447768.550000001, 'mu20': 355.75, 'mu11': 155.08333333334303, 'mu02': 444.97807017544983, 'mu30': -58.5, 'mu21': -322.10614035310937, 'mu12': -377.62426900528953, 'mu03': 1022.4120344733819, 'nu20': 0.10949522930132348, 'nu11': 0.04773263568277717, 'nu02': 0.13695847035255457, 'nu30': -0.0023848920556572813, 'nu21': -0.01313142521720615, 'nu12': -0.015394754173916293, 'nu03': 0.04168106561750371}
Centroid: 71, 50
Processing contour#39: area: 57.0 centroid: 71, 50 rectangle: (66, 46, 12, 15)
@find_dayJSON_match_for_contour: x: 66, y: 46, w: 12, h: 15, area: 57.0
Matched with JSON#0: (69, 48, 5, 82.0, 34.1421, 0.814705)
Match with input JSON(nodules) ID: 0
Matched contour: {'x': 69, 'y': 48, 'd': 5, 'a': 82.0, 'p': 34.1421, 'e': 0.814705, 'id': 0, 'tq': 100}
JSON_entry: 0
Matched with first_id: 0 second_id: 0 name: 20230515_0
entry_id:20230515_0, entry saved to results list
created dirs at nodule_detection_path: output/crop1018/nodules-last-detected-on/2023-05-15/0/detection and nodule_images_original_path: output/crop1018/nodules-last-detected-on/2023-05-15/0
Segmented nodule image saved as output/crop1018/nodules-last-detected-on/2023-05-15/0/detection/2023-05-12.jpg
Original nodule image saved as output/crop1018/nodules-last-detected-on/2023-05-15/0/2023-05-12.jpg


Done analyzing contours, found 38 nodules.


results_entry: {'date': '20230512', 'json': 'output/crop1018/20230512/20230512.json', 'log': 'output/crop1018/20230512/crop1018_20230512.log', 'image': 'data/crop1018/20230512.jpg', 'plot': 'output/crop1018/plots/20230510_20230512.png', 'match_stats': {'i_dict': {0: 11, 1: 7, 2: 1, 3: 1, 4: 1, 6: 1, 7: 1, 10: 1, 11: 3}, 'average_tracking_quality': 43.75, 'distance_threshold': 20, 'lengths': {'matching': 27, 'unmatched_current': 20, 'unmatched_previous': 0}, 'averages': {'tq': -5.8889, 'i': 2.6667, 'dx': 0.8889, 'dy': -9.7037, 'dd': 0.3704, 'da': 14.2963, 'dp': 2.8089, 'de': -0.0204}}}
