@analyze_image: file_name: data/crop1000/20230508.jpg, output_dir: output/crop1000, external_logger: <Logger data_crop1000.log (DEBUG)>
Loaded image & JSON file: data/crop1000/20230508.jpg
Scaled JSON data: scalar_position: 0.5, scalar_size: 0.5

@find_prev_next_date: image_output_dir: output/crop1000/20230508
data_dir: data/crop1000
Previous date file: data/crop1000/20230505.jpg, Next date file: data/crop1000/20230510.jpg


Loaded prev_results from JSON file: 20230505, length: 26
Scaled JSON data: scalar_position: 0.5, scalar_size: 0.5
Loaded next_results from JSON file: 20230510, length: 35
Scaled JSON data: scalar_position: 0.5, scalar_size: 0.5
prev_results is not empty, generating matching
current_date:20230508, generating Matching: 20230505_20230508_matching.json
spatial_distances: (26, 26), attribute_distances: (26, 26)
combined_distances: (26, 26)
Matching length: 26
Matching: [{'c': 0, 'p': 0, 'id': '20230522_2'}, {'c': 1, 'p': 3, 'id': '20230508_1'}, {'c': 2, 'p': 2, 'id': '20230602_8'}, {'c': 3, 'p': 1, 'id': '20230508_3'}, {'c': 4, 'p': 5, 'id': '20230519_25'}, {'c': 5, 'p': 7, 'id': '20230607_27'}, {'c': 6, 'p': 8, 'id': '20230510_6'}, {'c': 7, 'p': 4, 'id': '20230508_7'}, {'c': 8, 'p': 10, 'id': '20230515_24'}, {'c': 9, 'p': 9, 'id': '20230517_36'}, {'c': 10, 'p': 6, 'id': '20230508_10'}, {'c': 11, 'p': 11, 'id': '20230508_11'}, {'c': 12, 'p': 18, 'id': '20230508_12'}, {'c': 13, 'p': 15, 'id': '20230508_13'}, {'c': 14, 'p': 12, 'id': '20230508_14'}, {'c': 15, 'p': 13, 'id': '20230519_47'}, {'c': 16, 'p': 14, 'id': '20230512_22'}, {'c': 17, 'p': 20, 'id': '20230508_17'}, {'c': 18, 'p': 16, 'id': '20230517_58'}, {'c': 19, 'p': 17, 'id': '20230515_37'}, {'c': 20, 'p': 24, 'id': '20230508_20'}, {'c': 21, 'p': 19, 'id': '20230512_31'}, {'c': 22, 'p': 22, 'id': '20230519_101'}, {'c': 23, 'p': 21, 'id': '20230510_23'}, {'c': 24, 'p': 25, 'id': '20230510_22'}, {'c': 25, 'p': 23, 'id': '20230510_25'}]
Unmatched current: 0: set()
Unmatched previous 0: set()
Distance threshold: 29.04644865290726


@plot_data: normalized_points: (26, 2), normalized_prev_points: (26, 2), current_points: (26, 2), prev_points: (26, 2), current_data: 26, prev_data: 26, matching: 26, unmatched_current: 0, unmatched_prev: 0, combined_distances: (26, 26), distance_threshold: 29.04644865290726, current_date_string: 20230508, previous_date_string: 20230505, filename: output/crop1000/20230505_20230508_plot.png
Plots created
Plotted the normalized points
Drawing lines between the matched points
Plotting the unmatched points
Plotted the original points with diameter as size
Drawing lines between the matched points and add the indices to the plots with color coding
Setting the titles and labels
Done plotting

@process_image: output_dir: output/crop1000/20230508, image_name: 20230508, date_string: 20230508
26 json_data entries
26 matching entries
crop_dir: output/crop1000
nodules_dir: output/crop1000/nodules
Split image into left and right images: (705, 300, 3), (705, 300, 3)
Converted right image to HSV: (705, 300, 3)
Created mask to detect nodules: (705, 300)

Found 27 contours in mask, processing each contour...

max_id: 20230508_0, i: 0
Moments: {'m00': 0.0, 'm10': 0.0, 'm01': 0.0, 'm20': 0.0, 'm11': 0.0, 'm02': 0.0, 'm30': 0.0, 'm21': 0.0, 'm12': 0.0, 'm03': 0.0, 'mu20': 0.0, 'mu11': 0.0, 'mu02': 0.0, 'mu30': 0.0, 'mu21': 0.0, 'mu12': 0.0, 'mu03': 0.0, 'nu20': 0.0, 'nu11': 0.0, 'nu02': 0.0, 'nu30': 0.0, 'nu21': 0.0, 'nu12': 0.0, 'nu03': 0.0}
Skipping contour#1 because area is 0.


max_id: 20230508_0, i: 1
Moments: {'m00': 80.0, 'm10': 12551.833333333332, 'm01': 56244.83333333333, 'm20': 1980892.1666666665, 'm11': 8824702.416666666, 'm02': 39543542.5, 'm30': 314409101.85, 'm21': 1392689992.6, 'm12': 6204306805.2, 'm03': 27801536784.550003, 'mu20': 11535.666319444384, 'mu11': 5.243402777628941, 'mu02': 26.54131944614959, 'mu30': -8596.267084741403, 'mu21': 1475.1736531287634, 'mu12': -3.527674968840841, 'mu03': -2.278255267776318, 'nu20': 1.8024478624131854, 'nu11': 0.0008192816840045222, 'nu02': 0.0041470811634608746, 'nu30': -0.15017060589238845, 'nu21': 0.025770223179786018, 'nu12': -6.162594556916074e-05, 'nu03': -3.979948163160027e-05}
Centroid: 156, 703
Processing contour#2: area: 80.0 centroid: 156, 703 rectangle: (132, 702, 49, 3)
@find_dayJSON_match_for_contour: x: 132, y: 702, w: 49, h: 3, area: 80.0
Matched with JSON#26: (155, 703, 13, 600.0, 203.4203, 0.997473)
Match with input JSON(nodules) ID: 26
Matched contour: {'x': 155, 'y': 703, 'd': 13, 'a': 600.0, 'p': 203.4203, 'e': 0.997473, 'id': 26, 'tq': 100}
Matched with first_id: 25 second_id: 23 name: 20230510_25
entry_id:20230510_25, entry saved to results list
Segmented nodule image saved as output/crop1000/nodules/Last-Detected-2023-05-10/25/2023-05-08_d.jpg
Original nodule image saved as output/crop1000/nodules/Last-Detected-2023-05-10/25/2023-05-08_o.jpg


max_id: 20230508_1, i: 2
Moments: {'m00': 34.5, 'm10': 7164.666666666666, 'm01': 24235.833333333332, 'm20': 1488299.5833333333, 'm11': 5033097.125, 'm02': 17025408.75, 'm30': 309244630.3, 'm21': 1045514698.9, 'm12': 3535699609.6, 'm03': 11960184111.95, 'mu20': 402.52697262498475, 'mu11': 5.321457327652517, 'mu02': 28.536634462530785, 'mu30': 40.21627186785475, 'mu21': 6.010957319316811, 'mu12': 0.9795434684255006, 'mu03': -7.328503612069717, 'nu20': 0.3381869125183657, 'nu11': 0.004470873621216146, 'nu02': 0.02397532826089543, 'nu30': 0.005752466132372307, 'nu21': 0.0008597969626852402, 'nu12': 0.00014011220746217742, 'nu03': -0.0010482565108949256}
Centroid: 207, 702
Processing contour#3: area: 34.5 centroid: 207, 702 rectangle: (201, 700, 16, 5)
@find_dayJSON_match_for_contour: x: 201, y: 700, w: 16, h: 5, area: 34.5
Matched with JSON#25: (207, 702, 9, 282.0, 82.3848, 0.958472)
Match with input JSON(nodules) ID: 25
Matched contour: {'x': 207, 'y': 702, 'd': 9, 'a': 282.0, 'p': 82.3848, 'e': 0.958472, 'id': 25, 'tq': 100}
Matched with first_id: 24 second_id: 25 name: 20230510_22
entry_id:20230510_22, entry saved to results list
Segmented nodule image saved as output/crop1000/nodules/Last-Detected-2023-05-10/22/2023-05-08_d.jpg
Original nodule image saved as output/crop1000/nodules/Last-Detected-2023-05-10/22/2023-05-08_o.jpg


max_id: 20230508_2, i: 3
Moments: {'m00': 9.0, 'm10': 1138.5, 'm01': 5971.5, 'm20': 144027.0, 'm11': 755394.75, 'm02': 3962097.0, 'm30': 18221123.25, 'm21': 95561914.5, 'm12': 501205270.5, 'm03': 2628860316.75, 'mu20': 6.75, 'mu11': 0.0, 'mu02': 6.75, 'mu30': 0.0, 'mu21': 0.0, 'mu12': 0.0, 'mu03': 0.0, 'nu20': 0.08333333333333333, 'nu11': 0.0, 'nu02': 0.08333333333333333, 'nu30': 0.0, 'nu21': 0.0, 'nu12': 0.0, 'nu03': 0.0}
Centroid: 126, 663
Processing contour#4: area: 9.0 centroid: 126, 663 rectangle: (125, 662, 4, 4)
@find_dayJSON_match_for_contour: x: 125, y: 662, w: 4, h: 4, area: 9.0
Matched with JSON#24: (126, 663, 3, 43.0, 21.8995, 0.376576)
Match with input JSON(nodules) ID: 24
Matched contour: {'x': 126, 'y': 663, 'd': 3, 'a': 43.0, 'p': 21.8995, 'e': 0.376576, 'id': 24, 'tq': 100}
Matched with first_id: 23 second_id: 21 name: 20230510_23
entry_id:20230510_23, entry saved to results list
Segmented nodule image saved as output/crop1000/nodules/Last-Detected-2023-05-10/23/2023-05-08_d.jpg
Original nodule image saved as output/crop1000/nodules/Last-Detected-2023-05-10/23/2023-05-08_o.jpg


max_id: 20230508_3, i: 4
Moments: {'m00': 42.0, 'm10': 5609.166666666666, 'm01': 27703.0, 'm20': 749251.8333333333, 'm11': 3699791.25, 'm02': 18272914.666666664, 'm30': 100100813.65, 'm21': 494206067.9166667, 'm12': 2440392120.2166667, 'm03': 12052922436.5, 'mu20': 138.72156084663, 'mu11': 11.626984127505525, 'mu02': 147.78571428383066, 'mu30': -10.9495790162824, 'mu21': 20.911501546752312, 'mu12': 23.650151305909613, 'mu03': -21.260766133024493, 'nu20': 0.07864034061600339, 'nu11': 0.006591260843257099, 'nu02': 0.0837787495940083, 'nu30': -0.0009577985957409303, 'nu21': 0.0018292033681413537, 'nu12': 0.0020687627968323107, 'nu03': -0.0018597547829287242}
Centroid: 133, 659
Processing contour#5: area: 42.0 centroid: 133, 659 rectangle: (130, 656, 8, 8)
@find_dayJSON_match_for_contour: x: 130, y: 656, w: 8, h: 8, area: 42.0
Matched with JSON#23: (133, 659, 6, 152.0, 43.5563, 0.590359)
Match with input JSON(nodules) ID: 23
Matched contour: {'x': 133, 'y': 659, 'd': 6, 'a': 152.0, 'p': 43.5563, 'e': 0.590359, 'id': 23, 'tq': 100}
Matched with first_id: 22 second_id: 22 name: 20230519_101
entry_id:20230519_101, entry saved to results list
Segmented nodule image saved as output/crop1000/nodules/Last-Detected-2023-05-19/101/2023-05-08_d.jpg
Original nodule image saved as output/crop1000/nodules/Last-Detected-2023-05-19/101/2023-05-08_o.jpg


max_id: 20230508_4, i: 5
Moments: {'m00': 19.5, 'm10': 3023.333333333333, 'm01': 10657.833333333332, 'm20': 468771.0833333333, 'm11': 1652417.7916666665, 'm02': 5825137.25, 'm30': 72687368.7, 'm21': 256208871.73333332, 'm12': 903143204.5666666, 'm03': 3183804008.9500003, 'mu20': 25.214387464490713, 'mu11': -1.8379629625705833, 'mu02': 39.23148148349055, 'mu30': -0.7841356924890103, 'mu21': 1.7793129899498932, 'mu12': 2.425086693288572, 'mu03': -1.2794252406537714, 'nu20': 0.06631002620510378, 'nu11': -0.004833564661592592, 'nu02': 0.10317286386190806, 'nu30': -0.0004669868961253782, 'nu21': 0.00105965824330068, 'nu12': 0.0014442445594321153, 'nu03': -0.000761953355369987}
Centroid: 155, 546
Processing contour#6: area: 19.5 centroid: 155, 546 rectangle: (153, 544, 5, 6)
@find_dayJSON_match_for_contour: x: 153, y: 544, w: 5, h: 6, area: 19.5
Matched with JSON#22: (155, 546, 5, 103.0, 36.1421, 0.300647)
Match with input JSON(nodules) ID: 22
Matched contour: {'x': 155, 'y': 546, 'd': 5, 'a': 103.0, 'p': 36.1421, 'e': 0.300647, 'id': 22, 'tq': 100}
Matched with first_id: 21 second_id: 19 name: 20230512_31
entry_id:20230512_31, entry saved to results list
Segmented nodule image saved as output/crop1000/nodules/Last-Detected-2023-05-12/31/2023-05-08_d.jpg
Original nodule image saved as output/crop1000/nodules/Last-Detected-2023-05-12/31/2023-05-08_o.jpg


max_id: 20230508_5, i: 6
Moments: {'m00': 6.0, 'm10': 1563.0, 'm01': 3102.833333333333, 'm20': 407164.6666666666, 'm11': 808288.0833333333, 'm02': 1604599.5, 'm30': 106068045.5, 'm21': 210560682.11666667, 'm12': 417998169.75, 'm03': 829804649.35, 'mu20': 3.1666666666278616, 'mu11': 6.059508450562134e-11, 'mu02': 3.717592593023733, 'mu30': 3.032619133591652e-08, 'mu21': -1.1981481302416825, 'mu12': -6.09083956604195e-08, 'mu03': 1.7849276765610909, 'nu20': 0.08796296296188504, 'nu11': 1.683196791822815e-12, 'nu02': 0.10326646091732591, 'nu30': 3.4390599358799814e-10, 'nu21': -0.0135872757192678, 'nu12': -6.907152334239677e-10, 'nu03': 0.020241490904380564}
Centroid: 260, 517
Processing contour#7: area: 6.0 centroid: 260, 517 rectangle: (259, 516, 4, 4)
@find_dayJSON_match_for_contour: x: 259, y: 516, w: 4, h: 4, area: 6.0
Matched with JSON#21: (260, 516, 3, 35.0, 19.8995, 0.435046)
Match with input JSON(nodules) ID: 21
Matched contour: {'x': 260, 'y': 516, 'd': 3, 'a': 35.0, 'p': 19.8995, 'e': 0.435046, 'id': 21, 'tq': 100}
Matched with first_id: 20 second_id: 24 name: 20230508_20
entry_id:20230508_20, entry saved to results list
Segmented nodule image saved as output/crop1000/nodules/Last-Detected-2023-05-08/20/2023-05-08_d.jpg
Original nodule image saved as output/crop1000/nodules/Last-Detected-2023-05-08/20/2023-05-08_o.jpg


max_id: 20230508_6, i: 7
Moments: {'m00': 17.0, 'm10': 3408.5, 'm01': 7611.333333333333, 'm20': 683436.3333333333, 'm11': 1526072.3333333333, 'm02': 3407805.833333333, 'm30': 137041850.25, 'm21': 305991861.6166667, 'm12': 683265069.5833334, 'm03': 1525777555.6000001, 'mu20': 32.08333333325572, 'mu11': 4.015987542516086e-11, 'mu02': 17.88562091512096, 'mu30': 4.668254405260086e-08, 'mu21': -5.742810399259026, 'mu12': 1.0951317008789374e-07, 'mu03': 2.6809948304949747, 'nu20': 0.11101499423271877, 'nu11': 1.3896150666145627e-13, 'nu02': 0.061887961644017164, 'nu30': 3.917709342589515e-11, 'nu21': -0.004819502109513636, 'nu12': 9.190603860545866e-11, 'nu03': 0.00224995417623971}
Centroid: 200, 447
Processing contour#8: area: 17.0 centroid: 200, 447 rectangle: (198, 446, 6, 5)
@find_dayJSON_match_for_contour: x: 198, y: 446, w: 6, h: 5, area: 17.0
Matched with JSON#20: (200, 447, 5, 85.0, 32.1421, 0.340794)
Match with input JSON(nodules) ID: 20
Matched contour: {'x': 200, 'y': 447, 'd': 5, 'a': 85.0, 'p': 32.1421, 'e': 0.340794, 'id': 20, 'tq': 100}
Matched with first_id: 19 second_id: 17 name: 20230515_37
entry_id:20230515_37, entry saved to results list
Segmented nodule image saved as output/crop1000/nodules/Last-Detected-2023-05-15/37/2023-05-08_d.jpg
Original nodule image saved as output/crop1000/nodules/Last-Detected-2023-05-15/37/2023-05-08_o.jpg


max_id: 20230508_7, i: 8
Moments: {'m00': 44.5, 'm10': 1783.3333333333333, 'm01': 19550.666666666664, 'm20': 71642.25, 'm11': 783500.4583333333, 'm02': 8589551.25, 'm30': 2885088.7, 'm21': 31476083.183333334, 'm12': 344233669.31666666, 'm03': 3773868178.3, 'mu20': 175.33364544320665, 'mu11': 9.322253433300098, 'mu02': 145.24750312365427, 'mu30': -20.719522413809205, 'mu21': -29.139601014913527, 'mu12': 15.945005726666837, 'mu03': 28.276732161798346, 'nu20': 0.08854116674319235, 'nu11': 0.004707614408938314, 'nu02': 0.07334806369077351, 'nu30': -0.0015684826289620018, 'nu21': -0.002205888586327348, 'nu12': 0.0012070483093909634, 'nu03': 0.0021405687985371854}
Centroid: 40, 439
Processing contour#9: area: 44.5 centroid: 40, 439 rectangle: (36, 436, 9, 8)
@find_dayJSON_match_for_contour: x: 36, y: 436, w: 9, h: 8, area: 44.5
Matched with JSON#19: (40, 439, 6, 142.0, 42.6274, 0.550894)
Match with input JSON(nodules) ID: 19
Matched contour: {'x': 40, 'y': 439, 'd': 6, 'a': 142.0, 'p': 42.6274, 'e': 0.550894, 'id': 19, 'tq': 100}
Matched with first_id: 18 second_id: 16 name: 20230517_58
entry_id:20230517_58, entry saved to results list
Segmented nodule image saved as output/crop1000/nodules/Last-Detected-2023-05-17/58/2023-05-08_d.jpg
Original nodule image saved as output/crop1000/nodules/Last-Detected-2023-05-17/58/2023-05-08_o.jpg


max_id: 20230508_8, i: 9
Moments: {'m00': 2.0, 'm10': 74.0, 'm01': 837.0, 'm20': 2738.6666666666665, 'm11': 30969.0, 'm02': 350284.6666666666, 'm30': 101380.0, 'm21': 1146132.0, 'm12': 12960532.666666666, 'm03': 146594272.5, 'mu20': 0.6666666666665151, 'mu11': 0.0, 'mu02': 0.16666666662786156, 'mu30': 1.6825651982799172e-11, 'mu21': 6.343725544866174e-11, 'mu12': 8.149072527885437e-10, 'mu03': 4.871981218457222e-08, 'nu20': 0.16666666666662877, 'nu11': 0.0, 'nu02': 0.04166666665696539, 'nu30': 2.9743831537305437e-12, 'nu21': 1.1214228376902995e-11, 'nu12': 1.4405661112121984e-10, 'nu03': 8.6125273934615e-09}
Centroid: 37, 418
Processing contour#10: area: 2.0 centroid: 37, 418 rectangle: (36, 418, 3, 2)
@find_dayJSON_match_for_contour: x: 36, y: 418, w: 3, h: 2, area: 2.0
Matched with JSON#18: (36, 418, 2, 13.0, 10.2071, 0.774346)
Match with input JSON(nodules) ID: 18
Matched contour: {'x': 36, 'y': 418, 'd': 2, 'a': 13.0, 'p': 10.2071, 'e': 0.774346, 'id': 18, 'tq': 100}
Matched with first_id: 17 second_id: 20 name: 20230508_17
entry_id:20230508_17, entry saved to results list
Segmented nodule image saved as output/crop1000/nodules/Last-Detected-2023-05-08/17/2023-05-08_d.jpg
Original nodule image saved as output/crop1000/nodules/Last-Detected-2023-05-08/17/2023-05-08_o.jpg


max_id: 20230508_9, i: 10
Moments: {'m00': 33.0, 'm10': 1030.5, 'm01': 13592.0, 'm20': 32242.666666666664, 'm11': 424444.5833333333, 'm02': 5598382.833333333, 'm30': 1010788.25, 'm21': 13280304.75, 'm12': 174825089.75, 'm03': 2305959185.0, 'mu20': 62.962121212119456, 'mu11': 3.49242424240839, 'mu02': 126.34848484822123, 'mu30': 5.4338842976861566, 'mu21': 16.167584941695143, 'mu12': -14.729109259783938, 'mu03': -30.99632649091419, 'nu20': 0.05781645657678555, 'nu11': 0.003207001140870882, 'nu02': 0.11602248379083677, 'nu30': 0.0008686114244955736, 'nu21': 0.0025844033876170143, 'nu12': -0.0023544617210822334, 'nu03': -0.004954791422200041}
Centroid: 31, 411
Processing contour#11: area: 33.0 centroid: 31, 411 rectangle: (28, 408, 7, 9)
@find_dayJSON_match_for_contour: x: 28, y: 408, w: 7, h: 9, area: 33.0
Matched with JSON#17: (30, 411, 6, 137.0, 41.2132, 0.397797)
Match with input JSON(nodules) ID: 17
Matched contour: {'x': 30, 'y': 411, 'd': 6, 'a': 137.0, 'p': 41.2132, 'e': 0.397797, 'id': 17, 'tq': 100}
Matched with first_id: 16 second_id: 14 name: 20230512_22
entry_id:20230512_22, entry saved to results list
Segmented nodule image saved as output/crop1000/nodules/Last-Detected-2023-05-12/22/2023-05-08_d.jpg
Original nodule image saved as output/crop1000/nodules/Last-Detected-2023-05-12/22/2023-05-08_o.jpg


max_id: 20230508_10, i: 11
Moments: {'m00': 1.0, 'm10': 174.5, 'm01': 384.5, 'm20': 30450.333333333332, 'm11': 67095.25, 'm02': 147840.3333333333, 'm30': 5313612.25, 'm21': 11708153.166666666, 'm12': 25798138.166666668, 'm03': 56844672.25, 'mu20': 0.08333333333212067, 'mu11': 0.0, 'mu02': 0.08333333331393078, 'mu30': 6.348273018375039e-10, 'mu21': -1.546140993013978e-10, 'mu12': 4.627509042620659e-09, 'mu03': 2.2380845621228218e-08, 'nu20': 0.08333333333212067, 'nu11': 0.0, 'nu02': 0.08333333331393078, 'nu30': 6.348273018375039e-10, 'nu21': -1.546140993013978e-10, 'nu12': 4.627509042620659e-09, 'nu03': 2.2380845621228218e-08}
Centroid: 174, 384
Processing contour#12: area: 1.0 centroid: 174, 384 rectangle: (174, 384, 2, 2)
@find_dayJSON_match_for_contour: x: 174, y: 384, w: 2, h: 2, area: 1.0
Closest match: {'x': 200, 'y': 447, 'd': 5, 'a': 85.0, 'p': 32.1421, 'e': 0.340794, 'id': 20, 'tq': 100}
No input JSON(nodules) match, ID:20230508_10 area: 1.0 position: (174, 384)
Matched contour: None
entry_id:20230508_10, entry saved to results list
Segmented nodule image saved as output/crop1000/nodules/Last-Detected-2023-05-08/10/2023-05-08_d.jpg
Original nodule image saved as output/crop1000/nodules/Last-Detected-2023-05-08/10/2023-05-08_o.jpg


max_id: 20230508_11, i: 12
Moments: {'m00': 41.0, 'm10': 10310.0, 'm01': 15849.5, 'm20': 2592729.5, 'm11': 3985580.75, 'm02': 6127121.0, 'm30': 652047887.0, 'm21': 1002285374.25, 'm12': 1540755541.25, 'm03': 2368680737.75, 'mu20': 141.69512195116948, 'mu11': 11.359756097661034, 'mu02': 129.53048780503187, 'mu30': 11.428911375405963, 'mu21': -2.540749579537772, 'mu12': -10.040452151354097, 'mu03': -0.6995837237004646, 'nu20': 0.08429216058963086, 'nu11': 0.006757737119370038, 'nu02': 0.07705561439918612, 'nu30': 0.0010618061176612924, 'nu21': -0.00023604903025181917, 'nu12': -0.0009328109360734787, 'nu03': -6.499501599425386e-05}
Centroid: 251, 386
Processing contour#13: area: 41.0 centroid: 251, 386 rectangle: (248, 383, 8, 8)
@find_dayJSON_match_for_contour: x: 248, y: 383, w: 8, h: 8, area: 41.0
Matched with JSON#16: (251, 386, 6, 146.0, 41.799, 0.362835)
Match with input JSON(nodules) ID: 16
Matched contour: {'x': 251, 'y': 386, 'd': 6, 'a': 146.0, 'p': 41.799, 'e': 0.362835, 'id': 16, 'tq': 100}
Matched with first_id: 15 second_id: 13 name: 20230519_47
entry_id:20230519_47, entry saved to results list
Segmented nodule image saved as output/crop1000/nodules/Last-Detected-2023-05-19/47/2023-05-08_d.jpg
Original nodule image saved as output/crop1000/nodules/Last-Detected-2023-05-19/47/2023-05-08_o.jpg


max_id: 20230508_12, i: 13
Moments: {'m00': 18.0, 'm10': 1274.0, 'm01': 6124.0, 'm20': 90198.0, 'm11': 433445.0, 'm02': 2083548.0, 'm30': 6387847.0, 'm21': 30687629.333333332, 'm12': 147470184.66666666, 'm03': 708887783.0, 'mu20': 27.111111111119158, 'mu11': 1.8888888888808424, 'mu02': 27.111111111072432, 'mu30': -4.728395061959442, 'mu21': -2.049382712255813, 'mu12': 2.0493827105162525, 'mu03': 4.728395039766925, 'nu20': 0.08367626886147887, 'nu11': 0.005829903978027291, 'nu02': 0.08367626886133467, 'nu30': -0.0034397944572433195, 'nu21': -0.0014908769681919387, 'nu12': 0.0014908769669264499, 'nu03': 0.0034397944410987933}
Centroid: 70, 340
Processing contour#14: area: 18.0 centroid: 70, 340 rectangle: (68, 338, 6, 6)
@find_dayJSON_match_for_contour: x: 68, y: 338, w: 6, h: 6, area: 18.0
Matched with JSON#15: (71, 340, 4, 73.0, 28.7279, 0.490896)
Match with input JSON(nodules) ID: 15
Matched contour: {'x': 71, 'y': 340, 'd': 4, 'a': 73.0, 'p': 28.7279, 'e': 0.490896, 'id': 15, 'tq': 100}
Matched with first_id: 14 second_id: 12 name: 20230508_14
entry_id:20230508_14, entry saved to results list
Segmented nodule image saved as output/crop1000/nodules/Last-Detected-2023-05-08/14/2023-05-08_d.jpg
Original nodule image saved as output/crop1000/nodules/Last-Detected-2023-05-08/14/2023-05-08_o.jpg


max_id: 20230508_13, i: 14
Moments: {'m00': 7.5, 'm10': 1647.3333333333333, 'm01': 2472.833333333333, 'm20': 361833.0833333333, 'm11': 543142.7916666666, 'm02': 815325.25, 'm30': 79477027.7, 'm21': 119299811.89999999, 'm12': 179080797.4, 'm03': 268824842.45, 'mu20': 5.4685185185605025, 'mu11': -1.3120370369530512, 'mu02': 4.624074074320842, 'mu30': -1.1297942361984414, 'mu21': 0.3206995779829575, 'mu12': 1.0086008033546006, 'mu03': -0.8616462183875918, 'nu20': 0.09721810699663115, 'nu11': -0.023325102879165355, 'nu02': 0.08220576132125941, 'nu30': -0.007334089345246887, 'nu21': 0.002081829843480331, 'nu12': 0.00654735895129063, 'nu03': -0.005593399352887783}
Centroid: 219, 329
Processing contour#15: area: 7.5 centroid: 219, 329 rectangle: (218, 328, 4, 4)
@find_dayJSON_match_for_contour: x: 218, y: 328, w: 4, h: 4, area: 7.5
Matched with JSON#13: (219, 330, 3, 38.0, 21.8995, 0.616594)
Match with input JSON(nodules) ID: 13
Matched contour: {'x': 219, 'y': 330, 'd': 3, 'a': 38.0, 'p': 21.8995, 'e': 0.616594, 'id': 13, 'tq': 100}
Matched with first_id: 12 second_id: 18 name: 20230508_12
entry_id:20230508_12, entry saved to results list
Segmented nodule image saved as output/crop1000/nodules/Last-Detected-2023-05-08/12/2023-05-08_d.jpg
Original nodule image saved as output/crop1000/nodules/Last-Detected-2023-05-08/12/2023-05-08_o.jpg


max_id: 20230508_14, i: 15
Moments: {'m00': 10.0, 'm10': 1632.8333333333333, 'm01': 3189.0, 'm20': 266620.5, 'm11': 520709.4166666666, 'm02': 1016984.0, 'm30': 43536654.35, 'm21': 85024906.58333333, 'm12': 166055812.78333333, 'm03': 324323789.5, 'mu20': 6.030555555571025, 'mu11': -1.1333333334036582, 'mu02': 11.899999999891236, 'mu30': 0.9965740720564564, 'mu21': -0.7577777664156686, 'mu12': -1.8433332957202095, 'mu03': 2.0800000247136334, 'nu20': 0.060305555555710266, 'nu11': -0.011333333334036584, 'nu02': 0.11899999999891238, 'nu30': 0.0031514439247671655, 'nu21': -0.0023963037021085616, 'nu12': -0.005829131701300573, 'nu03': 0.006577537611301601}
Centroid: 163, 318
Processing contour#16: area: 10.0 centroid: 163, 318 rectangle: (162, 317, 4, 5)
@find_dayJSON_match_for_contour: x: 162, y: 317, w: 4, h: 5, area: 10.0
Matched with JSON#12: (163, 318, 3, 49.0, 23.8995, 0.542576)
Match with input JSON(nodules) ID: 12
Matched contour: {'x': 163, 'y': 318, 'd': 3, 'a': 49.0, 'p': 23.8995, 'e': 0.542576, 'id': 12, 'tq': 100}
Matched with first_id: 11 second_id: 11 name: 20230508_11
entry_id:20230508_11, entry saved to results list
Segmented nodule image saved as output/crop1000/nodules/Last-Detected-2023-05-08/11/2023-05-08_d.jpg
Original nodule image saved as output/crop1000/nodules/Last-Detected-2023-05-08/11/2023-05-08_o.jpg


max_id: 20230508_15, i: 16
Moments: {'m00': 3.0, 'm10': 718.5, 'm01': 889.5, 'm20': 172083.0, 'm11': 213035.25, 'm02': 263737.0, 'm30': 41214956.25, 'm21': 51022609.5, 'm12': 63165011.5, 'm03': 78198168.75, 'mu20': 2.25, 'mu11': 0.0, 'mu02': 0.25, 'mu30': 0.0, 'mu21': 0.0, 'mu12': 0.0, 'mu03': 0.0, 'nu20': 0.25, 'nu11': 0.0, 'nu02': 0.027777777777777776, 'nu30': 0.0, 'nu21': 0.0, 'nu12': 0.0, 'nu03': 0.0}
Centroid: 239, 296
Processing contour#17: area: 3.0 centroid: 239, 296 rectangle: (238, 296, 4, 2)
@find_dayJSON_match_for_contour: x: 238, y: 296, w: 4, h: 2, area: 3.0
Matched with JSON#11: (239, 296, 2, 16.0, 12.864, 0.695135)
Match with input JSON(nodules) ID: 11
Matched contour: {'x': 239, 'y': 296, 'd': 2, 'a': 16.0, 'p': 12.864, 'e': 0.695135, 'id': 11, 'tq': 100}
Matched with first_id: 10 second_id: 6 name: 20230508_10
entry_id:20230508_10, entry saved to results list
Segmented nodule image saved as output/crop1000/nodules/Last-Detected-2023-05-08/10/2023-05-08_d.jpg
Original nodule image saved as output/crop1000/nodules/Last-Detected-2023-05-08/10/2023-05-08_o.jpg


max_id: 20230508_16, i: 17
Moments: {'m00': 26.0, 'm10': 5356.5, 'm01': 7085.5, 'm20': 1103607.1666666665, 'm11': 1459756.8333333333, 'm02': 1930981.5, 'm30': 227391150.25, 'm21': 300757294.1666667, 'm12': 397823448.0, 'm03': 526254933.75, 'mu20': 65.15705128187264, 'mu11': 7.573717948616917, 'mu02': 46.49038461535363, 'mu30': 3.4907545326686473, 'mu21': -2.6278351857461395, 'mu12': -3.2271942036126933, 'mu03': 1.6926775112299726, 'nu20': 0.09638617053531456, 'nu11': 0.01120372477606053, 'nu02': 0.06877275830673615, 'nu30': 0.0010127119639986287, 'nu21': -0.0007623681662850073, 'nu12': -0.0009362497848415255, 'nu03': 0.0004910671176593822}
Centroid: 206, 272
Processing contour#18: area: 26.0 centroid: 206, 272 rectangle: (203, 270, 7, 6)
@find_dayJSON_match_for_contour: x: 203, y: 270, w: 7, h: 6, area: 26.0
Matched with JSON#10: (206, 272, 6, 116.0, 38.3848, 0.502058)
Match with input JSON(nodules) ID: 10
Matched contour: {'x': 206, 'y': 272, 'd': 6, 'a': 116.0, 'p': 38.3848, 'e': 0.502058, 'id': 10, 'tq': 100}
Matched with first_id: 9 second_id: 9 name: 20230517_36
entry_id:20230517_36, entry saved to results list
Segmented nodule image saved as output/crop1000/nodules/Last-Detected-2023-05-17/36/2023-05-08_d.jpg
Original nodule image saved as output/crop1000/nodules/Last-Detected-2023-05-17/36/2023-05-08_o.jpg


max_id: 20230508_17, i: 18
Moments: {'m00': 20.0, 'm10': 3478.0, 'm01': 5419.166666666666, 'm20': 604865.0, 'm11': 942391.0833333333, 'm02': 1468395.5, 'm30': 105200217.0, 'm21': 163892523.55, 'm12': 255352891.75, 'm03': 397888694.65000004, 'mu20': 40.79999999998023, 'mu11': -2.0000000000117097, 'mu02': 27.131944444711415, 'mu30': 3.2600000006102015, 'mu21': 6.858333358751413, 'mu12': -1.866666674208075, 'mu03': -5.9570602758121485, 'nu20': 0.10199999999995059, 'nu11': -0.005000000000029275, 'nu02': 0.06782986111177855, 'nu30': 0.0018223954020034417, 'nu21': 0.003833924900630653, 'nu12': -0.0010434983937156774, 'nu03': -0.003330097930694903}
Centroid: 173, 270
Processing contour#19: area: 20.0 centroid: 173, 270 rectangle: (171, 268, 7, 6)
@find_dayJSON_match_for_contour: x: 171, y: 268, w: 7, h: 6, area: 20.0
Matched with JSON#9: (173, 271, 5, 84.0, 30.7279, 0.383775)
Match with input JSON(nodules) ID: 9
Matched contour: {'x': 173, 'y': 271, 'd': 5, 'a': 84.0, 'p': 30.7279, 'e': 0.383775, 'id': 9, 'tq': 100}
Matched with first_id: 8 second_id: 10 name: 20230515_24
entry_id:20230515_24, entry saved to results list
Segmented nodule image saved as output/crop1000/nodules/Last-Detected-2023-05-15/24/2023-05-08_d.jpg
Original nodule image saved as output/crop1000/nodules/Last-Detected-2023-05-15/24/2023-05-08_o.jpg


max_id: 20230508_18, i: 19
Moments: {'m00': 6.0, 'm10': 899.1666666666666, 'm01': 1611.0, 'm20': 134753.8333333333, 'm11': 241426.25, 'm02': 432556.6666666666, 'm30': 20195471.650000002, 'm21': 36181404.25, 'm12': 64823423.88333333, 'm03': 116143165.5, 'mu20': 3.7175925926015854, 'mu11': 1.0174971976084635e-11, 'mu02': 3.1666666666278616, 'mu30': -1.7849279767685788, 'mu21': 8.046309396547713e-09, 'mu12': 1.1981481534668992, 'mu03': 3.1257513910532e-08, 'nu20': 0.10326646090559959, 'nu11': 2.826381104467954e-13, 'nu02': 0.08796296296188504, 'nu30': -0.020241494308802614, 'nu21': 9.124700154677559e-11, 'nu12': 0.013587275982647105, 'nu03': 3.544674060590307e-10}
Centroid: 149, 268
Processing contour#20: area: 6.0 centroid: 149, 268 rectangle: (148, 267, 4, 4)
@find_dayJSON_match_for_contour: x: 148, y: 267, w: 4, h: 4, area: 6.0
Matched with JSON#8: (149, 268, 3, 31.0, 20.1066, 0.516388)
Match with input JSON(nodules) ID: 8
Matched contour: {'x': 149, 'y': 268, 'd': 3, 'a': 31.0, 'p': 20.1066, 'e': 0.516388, 'id': 8, 'tq': 100}
Matched with first_id: 7 second_id: 4 name: 20230508_7
entry_id:20230508_7, entry saved to results list
Segmented nodule image saved as output/crop1000/nodules/Last-Detected-2023-05-08/7/2023-05-08_d.jpg
Original nodule image saved as output/crop1000/nodules/Last-Detected-2023-05-08/7/2023-05-08_o.jpg


max_id: 20230508_19, i: 20
Moments: {'m00': 18.5, 'm10': 3259.1666666666665, 'm01': 4147.166666666666, 'm20': 574200.0833333333, 'm11': 730611.0416666666, 'm02': 929704.0833333333, 'm30': 101167680.55000001, 'm21': 128719042.35, 'm12': 163786978.35, 'm03': 208425804.55, 'mu20': 28.87462462454034, 'mu11': -0.1670420419876162, 'mu02': 28.87462462475833, 'mu30': 5.629708129888507, 'mu21': -3.961433047623443, 'mu12': -3.961433068871847, 'mu03': 5.629708084567774, 'nu20': 0.0843670551484013, 'nu11': -0.0004880702468593608, 'nu02': 0.08436705514903824, 'nu30': 0.0038243405517394986, 'nu21': -0.002691057635225462, 'nu12': -0.0026910576496598036, 'nu03': 0.0038243405209524824}
Centroid: 176, 224
Processing contour#21: area: 18.5 centroid: 176, 224 rectangle: (174, 222, 6, 6)
@find_dayJSON_match_for_contour: x: 174, y: 222, w: 6, h: 6, area: 18.5
Matched with JSON#7: (176, 224, 4, 68.0, 28.7279, 0.483124)
Match with input JSON(nodules) ID: 7
Matched contour: {'x': 176, 'y': 224, 'd': 4, 'a': 68.0, 'p': 28.7279, 'e': 0.483124, 'id': 7, 'tq': 100}
Matched with first_id: 6 second_id: 8 name: 20230510_6
entry_id:20230510_6, entry saved to results list
Segmented nodule image saved as output/crop1000/nodules/Last-Detected-2023-05-10/6/2023-05-08_d.jpg
Original nodule image saved as output/crop1000/nodules/Last-Detected-2023-05-10/6/2023-05-08_o.jpg


max_id: 20230508_20, i: 21
Moments: {'m00': 22.5, 'm10': 2758.833333333333, 'm01': 4962.166666666666, 'm20': 338316.0833333333, 'm11': 608429.7916666666, 'm02': 1094400.75, 'm30': 41492918.45, 'm21': 74611165.35, 'm12': 134187389.81666666, 'm03': 241377963.05, 'mu20': 42.245061728435196, 'mu11': -5.355246913484817, 'mu02': 40.83765432124256, 'mu30': -5.197631460050736, 'mu21': -1.0076223282746255, 'mu12': 6.622464534464569, 'mu03': -1.7552904166349483, 'nu20': 0.08344703551295841, 'nu11': -0.010578265508118157, 'nu02': 0.08066697149875074, 'nu30': -0.00216445812041571, 'nu21': -0.0004196058045879437, 'nu12': 0.0027578036744157625, 'nu03': -0.0007309584423548767}
Centroid: 122, 220
Processing contour#22: area: 22.5 centroid: 122, 220 rectangle: (120, 218, 6, 6)
@find_dayJSON_match_for_contour: x: 120, y: 218, w: 6, h: 6, area: 22.5
Matched with JSON#6: (122, 220, 5, 95.0, 34.1421, 0.542843)
Match with input JSON(nodules) ID: 6
Matched contour: {'x': 122, 'y': 220, 'd': 5, 'a': 95.0, 'p': 34.1421, 'e': 0.542843, 'id': 6, 'tq': 100}
Matched with first_id: 5 second_id: 7 name: 20230607_27
entry_id:20230607_27, entry saved to results list
Segmented nodule image saved as output/crop1000/nodules/Last-Detected-2023-06-07/27/2023-05-08_d.jpg
Original nodule image saved as output/crop1000/nodules/Last-Detected-2023-06-07/27/2023-05-08_o.jpg


max_id: 20230508_21, i: 22
Moments: {'m00': 32.5, 'm10': 6724.166666666666, 'm01': 5832.666666666666, 'm20': 1391294.4166666665, 'm11': 1206766.5416666665, 'm02': 1046858.9166666666, 'm30': 287889015.05, 'm21': 249692110.6, 'm12': 216593403.6, 'm03': 187908470.3, 'mu20': 81.57478632484965, 'mu11': 2.7638888888297437, 'mu02': 89.67222222228118, 'mu30': 12.434998933358749, 'mu21': -4.394159485898846, 'mu12': -14.056552675925108, 'mu03': 3.7059259293630054, 'nu20': 0.07723056693476892, 'nu11': 0.0026166995397204676, 'nu02': 0.0848967784352958, 'nu30': 0.0020650822313991284, 'nu21': -0.0007297387579117891, 'nu12': -0.0023343739168249556, 'nu03': 0.0006154437027797735}
Centroid: 206, 179
Processing contour#23: area: 32.5 centroid: 206, 179 rectangle: (204, 176, 7, 8)
@find_dayJSON_match_for_contour: x: 204, y: 176, w: 7, h: 8, area: 32.5
Matched with JSON#5: (206, 179, 6, 129.0, 39.799, 0.233902)
Match with input JSON(nodules) ID: 5
Matched contour: {'x': 206, 'y': 179, 'd': 6, 'a': 129.0, 'p': 39.799, 'e': 0.233902, 'id': 5, 'tq': 100}
Matched with first_id: 4 second_id: 5 name: 20230519_25
entry_id:20230519_25, entry saved to results list
Segmented nodule image saved as output/crop1000/nodules/Last-Detected-2023-05-19/25/2023-05-08_d.jpg
Original nodule image saved as output/crop1000/nodules/Last-Detected-2023-05-19/25/2023-05-08_o.jpg


max_id: 20230508_22, i: 23
Moments: {'m00': 9.5, 'm10': 2291.333333333333, 'm01': 1171.0, 'm20': 552663.75, 'm11': 282438.4583333333, 'm02': 144347.0833333333, 'm30': 133303550.7, 'm21': 68123788.55, 'm12': 34815867.81666666, 'm03': 17794139.400000002, 'mu20': 10.229532163933492, 'mu11': 1.4758771930158467, 'mu02': 5.925438596479708, 'mu30': -2.040638208613811, 'mu21': -2.4713912174126933, 'mu12': 0.43608802363785, 'mu03': 1.2988919765743467, 'nu20': 0.11334661677488632, 'nu11': 0.016353209894912426, 'nu02': 0.06565582932387487, 'nu30': -0.007335960780389271, 'nu21': -0.008884489650055897, 'nu12': 0.0015677078987842122, 'nu03': 0.004669431630697742}
Centroid: 241, 123
Processing contour#24: area: 9.5 centroid: 241, 123 rectangle: (239, 122, 5, 4)
@find_dayJSON_match_for_contour: x: 239, y: 122, w: 5, h: 4, area: 9.5
Matched with JSON#4: (241, 123, 3, 29.0, 17.6569, 0.428624)
Match with input JSON(nodules) ID: 4
Matched contour: {'x': 241, 'y': 123, 'd': 3, 'a': 29.0, 'p': 17.6569, 'e': 0.428624, 'id': 4, 'tq': 100}
Matched with first_id: 3 second_id: 1 name: 20230508_3
entry_id:20230508_3, entry saved to results list
Segmented nodule image saved as output/crop1000/nodules/Last-Detected-2023-05-08/3/2023-05-08_d.jpg
Original nodule image saved as output/crop1000/nodules/Last-Detected-2023-05-08/3/2023-05-08_o.jpg


max_id: 20230508_23, i: 24
Moments: {'m00': 30.0, 'm10': 5362.833333333333, 'm01': 2173.5, 'm20': 958743.1666666666, 'm11': 388533.25, 'm02': 157541.5, 'm30': 171413583.35000002, 'm21': 69459496.33333333, 'm12': 28161692.53333333, 'm03': 11424237.75, 'mu20': 77.12129629641669, 'mu11': -4.024999999993278, 'mu02': 71.42499999999382, 'mu30': 17.0292489765051, 'mu21': -7.064722224142753, 'mu12': -17.83027778229169, 'mu03': 6.592500001238692, 'nu20': 0.08569032921824077, 'nu11': -0.004472222222214753, 'nu02': 0.07936111111110423, 'nu30': 0.0034545569636309655, 'nu21': -0.0014331510091374275, 'nu12': -0.0036170538325719804, 'nu03': 0.001337355911493062}
Centroid: 178, 72
Processing contour#25: area: 30.0 centroid: 178, 72 rectangle: (176, 69, 7, 8)
@find_dayJSON_match_for_contour: x: 176, y: 69, w: 7, h: 8, area: 30.0
Matched with JSON#3: (178, 72, 6, 143.0, 41.5563, 0.238723)
Match with input JSON(nodules) ID: 3
Matched contour: {'x': 178, 'y': 72, 'd': 6, 'a': 143.0, 'p': 41.5563, 'e': 0.238723, 'id': 3, 'tq': 100}
Matched with first_id: 2 second_id: 2 name: 20230602_8
entry_id:20230602_8, entry saved to results list
Segmented nodule image saved as output/crop1000/nodules/Last-Detected-2023-06-02/8/2023-05-08_d.jpg
Original nodule image saved as output/crop1000/nodules/Last-Detected-2023-06-02/8/2023-05-08_o.jpg


max_id: 20230508_24, i: 25
Moments: {'m00': 10.5, 'm10': 981.1666666666666, 'm01': 398.16666666666663, 'm20': 91691.41666666666, 'm11': 37207.375, 'm02': 15110.416666666666, 'm30': 8569332.55, 'm21': 3477166.683333333, 'm12': 1412052.85, 'm03': 573883.05, 'mu20': 6.842592592601925, 'mu11': 0.9120370370416833, 'mu02': 11.683862433864567, 'mu30': 0.25473251227968147, 'mu21': -0.5030276307386823, 'mu12': -0.8107877721386996, 'mu03': 0.33712102122509374, 'nu20': 0.06206433190568638, 'nu11': 0.00827244478042343, 'nu02': 0.10597607649763778, 'nu30': 0.0007130354646533254, 'nu21': -0.0014080516743124323, 'nu12': -0.002269519625384174, 'nu03': 0.0009436535676675456}
Centroid: 93, 37
Processing contour#26: area: 10.5 centroid: 93, 37 rectangle: (92, 36, 4, 5)
@find_dayJSON_match_for_contour: x: 92, y: 36, w: 4, h: 5, area: 10.5
Matched with JSON#2: (93, 37, 3, 46.0, 22.4853, 0.535167)
Match with input JSON(nodules) ID: 2
Matched contour: {'x': 93, 'y': 37, 'd': 3, 'a': 46.0, 'p': 22.4853, 'e': 0.535167, 'id': 2, 'tq': 100}
Matched with first_id: 1 second_id: 3 name: 20230508_1
entry_id:20230508_1, entry saved to results list
Segmented nodule image saved as output/crop1000/nodules/Last-Detected-2023-05-08/1/2023-05-08_d.jpg
Original nodule image saved as output/crop1000/nodules/Last-Detected-2023-05-08/1/2023-05-08_o.jpg


max_id: 20230508_25, i: 26
Moments: {'m00': 234.5, 'm10': 33531.666666666664, 'm01': 8033.833333333333, 'm20': 4800083.583333333, 'm11': 1149178.9583333333, 'm02': 279060.4166666666, 'm30': 687892386.0, 'm21': 164561298.83333334, 'm12': 39933615.666666664, 'm03': 9824800.75, 'mu20': 5317.402333570847, 'mu11': 403.600598199517, 'mu02': 3825.968787017274, 'mu30': -2733.034694607255, 'mu21': -2190.701933301045, 'mu12': 2503.5497962460367, 'mu03': 2202.5897551394396, 'nu20': 0.09669718420212396, 'nu11': 0.007339493786617027, 'nu02': 0.06957540267624304, 'nu30': -0.003245547930934984, 'nu21': -0.002601514038936197, 'nu12': 0.002973028800999787, 'nu03': 0.002615631128502259}
Centroid: 142, 34
Processing contour#27: area: 234.5 centroid: 142, 34 rectangle: (133, 27, 20, 17)
@find_dayJSON_match_for_contour: x: 133, y: 27, w: 20, h: 17, area: 234.5
Matched with JSON#1: (143, 33, 16, 880.0, 116.9117, 0.570361)
Match with input JSON(nodules) ID: 1
Matched contour: {'x': 143, 'y': 33, 'd': 16, 'a': 880.0, 'p': 116.9117, 'e': 0.570361, 'id': 1, 'tq': 100}
Matched with first_id: 0 second_id: 0 name: 20230522_2
entry_id:20230522_2, entry saved to results list
Segmented nodule image saved as output/crop1000/nodules/Last-Detected-2023-05-22/2/2023-05-08_d.jpg
Original nodule image saved as output/crop1000/nodules/Last-Detected-2023-05-22/2/2023-05-08_o.jpg


Done analyzing contours, found 26 nodules.


Modified image saved as: output/crop1000/20230508/20230508_rectangles.jpg
Generating HTML with:
modified_image_file: output/crop1000/20230508/20230508_rectangles.jpg
result_file_name: output/crop1000/20230508/20230508_result.html
Starting to generate HTML...
Image file read successfully.
Image file encoded successfully.
Image dimensions fetched.
HTML file saved as output/crop1000/20230508/20230508_result.html
HTML file generated successfully.
Finished analyzing image: 20230508
