@post_process: subdir: output\crop1000\nodules-last-detected-on\2023-05-26
@generate_gif: path:output\crop1000\nodules-last-detected-on\2023-05-26\0, output_name:o.gif
len_jpg_files: 1
@generate_gif: path:output\crop1000\nodules-last-detected-on\2023-05-26\0\detection, output_name:d.gif
len_jpg_files: 1
nodules_dir: output\crop1000\nodules-last-detected-on\2023-05-26\0 has 1 entries
nodules_dir: output\crop1000\nodules-last-detected-on\2023-05-26\0 has less than 2 entries, skipping
@generate_gif: path:output\crop1000\nodules-last-detected-on\2023-05-26\1, output_name:o.gif
len_jpg_files: 1
@generate_gif: path:output\crop1000\nodules-last-detected-on\2023-05-26\1\detection, output_name:d.gif
len_jpg_files: 1
nodules_dir: output\crop1000\nodules-last-detected-on\2023-05-26\1 has 1 entries
nodules_dir: output\crop1000\nodules-last-detected-on\2023-05-26\1 has less than 2 entries, skipping
@generate_gif: path:output\crop1000\nodules-last-detected-on\2023-05-26\100, output_name:o.gif
len_jpg_files: 3
@generate_gif: path:output\crop1000\nodules-last-detected-on\2023-05-26\100\detection, output_name:d.gif
len_jpg_files: 3
nodules_dir: output\crop1000\nodules-last-detected-on\2023-05-26\100 has 3 entries
nodules_dir: output\crop1000\nodules-last-detected-on\2023-05-26\100 has 3 entries


Plotting date: 2023-05-26

@check_overlap_helper: existing_positions:[], x:199, y:487, offset_increment:{'x': 1.375, 'y': 0.8555555555555543}, xlim:(197.5, 208.5), ylim:(483.3, 498.7), i:0
returning: (199, 487), modified:False


Plotting date: 2023-05-24

@check_overlap_helper: existing_positions:[(199, 487)], x:198, y:484, offset_increment:{'x': 1.375, 'y': 0.8555555555555543}, xlim:(197.5, 208.5), ylim:(483.3, 498.7), i:0
returning: (198, 484), modified:False


Plotting date: 2023-05-22

@check_overlap_helper: existing_positions:[(199, 487), (198, 484)], x:208, y:498, offset_increment:{'x': 1.375, 'y': 0.8555555555555543}, xlim:(197.5, 208.5), ylim:(483.3, 498.7), i:0
returning: (208, 498), modified:False
@generate_gif: path:output\crop1000\nodules-last-detected-on\2023-05-26\118, output_name:o.gif
len_jpg_files: 1
@generate_gif: path:output\crop1000\nodules-last-detected-on\2023-05-26\118\detection, output_name:d.gif
len_jpg_files: 1
nodules_dir: output\crop1000\nodules-last-detected-on\2023-05-26\118 has 1 entries
nodules_dir: output\crop1000\nodules-last-detected-on\2023-05-26\118 has less than 2 entries, skipping
@generate_gif: path:output\crop1000\nodules-last-detected-on\2023-05-26\119, output_name:o.gif
len_jpg_files: 1
@generate_gif: path:output\crop1000\nodules-last-detected-on\2023-05-26\119\detection, output_name:d.gif
len_jpg_files: 1
nodules_dir: output\crop1000\nodules-last-detected-on\2023-05-26\119 has 1 entries
nodules_dir: output\crop1000\nodules-last-detected-on\2023-05-26\119 has less than 2 entries, skipping
@generate_gif: path:output\crop1000\nodules-last-detected-on\2023-05-26\124, output_name:o.gif
len_jpg_files: 1
@generate_gif: path:output\crop1000\nodules-last-detected-on\2023-05-26\124\detection, output_name:d.gif
len_jpg_files: 1
nodules_dir: output\crop1000\nodules-last-detected-on\2023-05-26\124 has 1 entries
nodules_dir: output\crop1000\nodules-last-detected-on\2023-05-26\124 has less than 2 entries, skipping
@generate_gif: path:output\crop1000\nodules-last-detected-on\2023-05-26\127, output_name:o.gif
len_jpg_files: 1
@generate_gif: path:output\crop1000\nodules-last-detected-on\2023-05-26\127\detection, output_name:d.gif
len_jpg_files: 1
nodules_dir: output\crop1000\nodules-last-detected-on\2023-05-26\127 has 1 entries
nodules_dir: output\crop1000\nodules-last-detected-on\2023-05-26\127 has less than 2 entries, skipping
@generate_gif: path:output\crop1000\nodules-last-detected-on\2023-05-26\13, output_name:o.gif
len_jpg_files: 1
@generate_gif: path:output\crop1000\nodules-last-detected-on\2023-05-26\13\detection, output_name:d.gif
len_jpg_files: 1
nodules_dir: output\crop1000\nodules-last-detected-on\2023-05-26\13 has 1 entries
nodules_dir: output\crop1000\nodules-last-detected-on\2023-05-26\13 has less than 2 entries, skipping
@generate_gif: path:output\crop1000\nodules-last-detected-on\2023-05-26\141, output_name:o.gif
len_jpg_files: 1
@generate_gif: path:output\crop1000\nodules-last-detected-on\2023-05-26\141\detection, output_name:d.gif
len_jpg_files: 1
nodules_dir: output\crop1000\nodules-last-detected-on\2023-05-26\141 has 1 entries
nodules_dir: output\crop1000\nodules-last-detected-on\2023-05-26\141 has less than 2 entries, skipping
@generate_gif: path:output\crop1000\nodules-last-detected-on\2023-05-26\143, output_name:o.gif
len_jpg_files: 1
@generate_gif: path:output\crop1000\nodules-last-detected-on\2023-05-26\143\detection, output_name:d.gif
len_jpg_files: 1
nodules_dir: output\crop1000\nodules-last-detected-on\2023-05-26\143 has 1 entries
nodules_dir: output\crop1000\nodules-last-detected-on\2023-05-26\143 has less than 2 entries, skipping
@generate_gif: path:output\crop1000\nodules-last-detected-on\2023-05-26\157, output_name:o.gif
len_jpg_files: 1
@generate_gif: path:output\crop1000\nodules-last-detected-on\2023-05-26\157\detection, output_name:d.gif
len_jpg_files: 1
nodules_dir: output\crop1000\nodules-last-detected-on\2023-05-26\157 has 1 entries
nodules_dir: output\crop1000\nodules-last-detected-on\2023-05-26\157 has less than 2 entries, skipping
@generate_gif: path:output\crop1000\nodules-last-detected-on\2023-05-26\160, output_name:o.gif
len_jpg_files: 1
@generate_gif: path:output\crop1000\nodules-last-detected-on\2023-05-26\160\detection, output_name:d.gif
len_jpg_files: 1
nodules_dir: output\crop1000\nodules-last-detected-on\2023-05-26\160 has 1 entries
nodules_dir: output\crop1000\nodules-last-detected-on\2023-05-26\160 has less than 2 entries, skipping
@generate_gif: path:output\crop1000\nodules-last-detected-on\2023-05-26\163, output_name:o.gif
len_jpg_files: 1
@generate_gif: path:output\crop1000\nodules-last-detected-on\2023-05-26\163\detection, output_name:d.gif
len_jpg_files: 1
nodules_dir: output\crop1000\nodules-last-detected-on\2023-05-26\163 has 1 entries
nodules_dir: output\crop1000\nodules-last-detected-on\2023-05-26\163 has less than 2 entries, skipping
@generate_gif: path:output\crop1000\nodules-last-detected-on\2023-05-26\164, output_name:o.gif
len_jpg_files: 1
@generate_gif: path:output\crop1000\nodules-last-detected-on\2023-05-26\164\detection, output_name:d.gif
len_jpg_files: 1
nodules_dir: output\crop1000\nodules-last-detected-on\2023-05-26\164 has 1 entries
nodules_dir: output\crop1000\nodules-last-detected-on\2023-05-26\164 has less than 2 entries, skipping
@generate_gif: path:output\crop1000\nodules-last-detected-on\2023-05-26\166, output_name:o.gif
len_jpg_files: 1
@generate_gif: path:output\crop1000\nodules-last-detected-on\2023-05-26\166\detection, output_name:d.gif
len_jpg_files: 1
nodules_dir: output\crop1000\nodules-last-detected-on\2023-05-26\166 has 1 entries
nodules_dir: output\crop1000\nodules-last-detected-on\2023-05-26\166 has less than 2 entries, skipping
@generate_gif: path:output\crop1000\nodules-last-detected-on\2023-05-26\173, output_name:o.gif
len_jpg_files: 1
@generate_gif: path:output\crop1000\nodules-last-detected-on\2023-05-26\173\detection, output_name:d.gif
len_jpg_files: 1
nodules_dir: output\crop1000\nodules-last-detected-on\2023-05-26\173 has 1 entries
nodules_dir: output\crop1000\nodules-last-detected-on\2023-05-26\173 has less than 2 entries, skipping
@generate_gif: path:output\crop1000\nodules-last-detected-on\2023-05-26\181, output_name:o.gif
len_jpg_files: 1
@generate_gif: path:output\crop1000\nodules-last-detected-on\2023-05-26\181\detection, output_name:d.gif
len_jpg_files: 1
nodules_dir: output\crop1000\nodules-last-detected-on\2023-05-26\181 has 1 entries
nodules_dir: output\crop1000\nodules-last-detected-on\2023-05-26\181 has less than 2 entries, skipping
@generate_gif: path:output\crop1000\nodules-last-detected-on\2023-05-26\183, output_name:o.gif
len_jpg_files: 1
@generate_gif: path:output\crop1000\nodules-last-detected-on\2023-05-26\183\detection, output_name:d.gif
len_jpg_files: 1
nodules_dir: output\crop1000\nodules-last-detected-on\2023-05-26\183 has 1 entries
nodules_dir: output\crop1000\nodules-last-detected-on\2023-05-26\183 has less than 2 entries, skipping
@generate_gif: path:output\crop1000\nodules-last-detected-on\2023-05-26\185, output_name:o.gif
len_jpg_files: 1
@generate_gif: path:output\crop1000\nodules-last-detected-on\2023-05-26\185\detection, output_name:d.gif
len_jpg_files: 1
nodules_dir: output\crop1000\nodules-last-detected-on\2023-05-26\185 has 1 entries
nodules_dir: output\crop1000\nodules-last-detected-on\2023-05-26\185 has less than 2 entries, skipping
@generate_gif: path:output\crop1000\nodules-last-detected-on\2023-05-26\192, output_name:o.gif
len_jpg_files: 1
@generate_gif: path:output\crop1000\nodules-last-detected-on\2023-05-26\192\detection, output_name:d.gif
len_jpg_files: 1
nodules_dir: output\crop1000\nodules-last-detected-on\2023-05-26\192 has 1 entries
nodules_dir: output\crop1000\nodules-last-detected-on\2023-05-26\192 has less than 2 entries, skipping
@generate_gif: path:output\crop1000\nodules-last-detected-on\2023-05-26\207, output_name:o.gif
len_jpg_files: 1
@generate_gif: path:output\crop1000\nodules-last-detected-on\2023-05-26\207\detection, output_name:d.gif
len_jpg_files: 1
nodules_dir: output\crop1000\nodules-last-detected-on\2023-05-26\207 has 1 entries
nodules_dir: output\crop1000\nodules-last-detected-on\2023-05-26\207 has less than 2 entries, skipping
@generate_gif: path:output\crop1000\nodules-last-detected-on\2023-05-26\23, output_name:o.gif
len_jpg_files: 1
@generate_gif: path:output\crop1000\nodules-last-detected-on\2023-05-26\23\detection, output_name:d.gif
len_jpg_files: 1
nodules_dir: output\crop1000\nodules-last-detected-on\2023-05-26\23 has 1 entries
nodules_dir: output\crop1000\nodules-last-detected-on\2023-05-26\23 has less than 2 entries, skipping
@generate_gif: path:output\crop1000\nodules-last-detected-on\2023-05-26\37, output_name:o.gif
len_jpg_files: 1
@generate_gif: path:output\crop1000\nodules-last-detected-on\2023-05-26\37\detection, output_name:d.gif
len_jpg_files: 1
nodules_dir: output\crop1000\nodules-last-detected-on\2023-05-26\37 has 1 entries
nodules_dir: output\crop1000\nodules-last-detected-on\2023-05-26\37 has less than 2 entries, skipping
@generate_gif: path:output\crop1000\nodules-last-detected-on\2023-05-26\4, output_name:o.gif
len_jpg_files: 4
@generate_gif: path:output\crop1000\nodules-last-detected-on\2023-05-26\4\detection, output_name:d.gif
len_jpg_files: 4
nodules_dir: output\crop1000\nodules-last-detected-on\2023-05-26\4 has 4 entries
nodules_dir: output\crop1000\nodules-last-detected-on\2023-05-26\4 has 4 entries


Plotting date: 2023-05-26

@check_overlap_helper: existing_positions:[], x:240, y:72, offset_increment:{'x': 1.1000000000000014, 'y': 0.3055555555555556}, xlim:(231.6, 240.4), ylim:(66.75, 72.25), i:0
returning: (240, 72), modified:False


Plotting date: 2023-05-24

@check_overlap_helper: existing_positions:[(240, 72)], x:235, y:71, offset_increment:{'x': 1.1000000000000014, 'y': 0.3055555555555556}, xlim:(231.6, 240.4), ylim:(66.75, 72.25), i:0
returning: (235, 71), modified:False


Plotting date: 2023-05-22

@check_overlap_helper: existing_positions:[(240, 72), (235, 71)], x:236, y:67, offset_increment:{'x': 1.1000000000000014, 'y': 0.3055555555555556}, xlim:(231.6, 240.4), ylim:(66.75, 72.25), i:0
returning: (236, 67), modified:False


Plotting date: 2023-05-19

@check_overlap_helper: existing_positions:[(240, 72), (235, 71), (236, 67)], x:232, y:70, offset_increment:{'x': 1.1000000000000014, 'y': 0.3055555555555556}, xlim:(231.6, 240.4), ylim:(66.75, 72.25), i:0
returning: (232, 70), modified:False
@generate_gif: path:output\crop1000\nodules-last-detected-on\2023-05-26\41, output_name:o.gif
len_jpg_files: 1
@generate_gif: path:output\crop1000\nodules-last-detected-on\2023-05-26\41\detection, output_name:d.gif
len_jpg_files: 1
nodules_dir: output\crop1000\nodules-last-detected-on\2023-05-26\41 has 1 entries
nodules_dir: output\crop1000\nodules-last-detected-on\2023-05-26\41 has less than 2 entries, skipping
@generate_gif: path:output\crop1000\nodules-last-detected-on\2023-05-26\52, output_name:o.gif
len_jpg_files: 1
@generate_gif: path:output\crop1000\nodules-last-detected-on\2023-05-26\52\detection, output_name:d.gif
len_jpg_files: 1
nodules_dir: output\crop1000\nodules-last-detected-on\2023-05-26\52 has 1 entries
nodules_dir: output\crop1000\nodules-last-detected-on\2023-05-26\52 has less than 2 entries, skipping
@generate_gif: path:output\crop1000\nodules-last-detected-on\2023-05-26\53, output_name:o.gif
len_jpg_files: 4
@generate_gif: path:output\crop1000\nodules-last-detected-on\2023-05-26\53\detection, output_name:d.gif
len_jpg_files: 4
nodules_dir: output\crop1000\nodules-last-detected-on\2023-05-26\53 has 4 entries
nodules_dir: output\crop1000\nodules-last-detected-on\2023-05-26\53 has 4 entries


Plotting date: 2023-05-26

@check_overlap_helper: existing_positions:[], x:158, y:333, offset_increment:{'x': 0.13750000000000284, 'y': 0.1833333333333308}, xlim:(156.95, 158.05), ylim:(329.85, 333.15), i:0
returning: (158, 333), modified:False


Plotting date: 2023-05-24

@check_overlap_helper: existing_positions:[(158, 333)], x:157, y:331, offset_increment:{'x': 0.13750000000000284, 'y': 0.1833333333333308}, xlim:(156.95, 158.05), ylim:(329.85, 333.15), i:0
returning: (157, 331), modified:False


Plotting date: 2023-05-22

@check_overlap_helper: existing_positions:[(158, 333), (157, 331)], x:157, y:330, offset_increment:{'x': 0.13750000000000284, 'y': 0.1833333333333308}, xlim:(156.95, 158.05), ylim:(329.85, 333.15), i:0
returning: (157, 330), modified:False


Plotting date: 2023-05-19

@check_overlap_helper: existing_positions:[(158, 333), (157, 331), (157, 330)], x:157, y:330, offset_increment:{'x': 0.13750000000000284, 'y': 0.1833333333333308}, xlim:(156.95, 158.05), ylim:(329.85, 333.15), i:0
returning: (157.1375, 330), modified:True, original:(157, 330)
@generate_gif: path:output\crop1000\nodules-last-detected-on\2023-05-26\7, output_name:o.gif
len_jpg_files: 4
@generate_gif: path:output\crop1000\nodules-last-detected-on\2023-05-26\7\detection, output_name:d.gif
len_jpg_files: 4
nodules_dir: output\crop1000\nodules-last-detected-on\2023-05-26\7 has 4 entries
nodules_dir: output\crop1000\nodules-last-detected-on\2023-05-26\7 has 4 entries


Plotting date: 2023-05-26

@check_overlap_helper: existing_positions:[], x:215, y:91, offset_increment:{'x': 0.8250000000000028, 'y': 0.3055555555555556}, xlim:(208.7, 215.3), ylim:(85.75, 91.25), i:0
returning: (215, 91), modified:False


Plotting date: 2023-05-24

@check_overlap_helper: existing_positions:[(215, 91)], x:211, y:90, offset_increment:{'x': 0.8250000000000028, 'y': 0.3055555555555556}, xlim:(208.7, 215.3), ylim:(85.75, 91.25), i:0
returning: (211, 90), modified:False


Plotting date: 2023-05-22

@check_overlap_helper: existing_positions:[(215, 91), (211, 90)], x:211, y:86, offset_increment:{'x': 0.8250000000000028, 'y': 0.3055555555555556}, xlim:(208.7, 215.3), ylim:(85.75, 91.25), i:0
returning: (211, 86), modified:False


Plotting date: 2023-05-19

@check_overlap_helper: existing_positions:[(215, 91), (211, 90), (211, 86)], x:209, y:89, offset_increment:{'x': 0.8250000000000028, 'y': 0.3055555555555556}, xlim:(208.7, 215.3), ylim:(85.75, 91.25), i:0
returning: (209, 89), modified:False
@generate_gif: path:output\crop1000\nodules-last-detected-on\2023-05-26\73, output_name:o.gif
len_jpg_files: 2
@generate_gif: path:output\crop1000\nodules-last-detected-on\2023-05-26\73\detection, output_name:d.gif
len_jpg_files: 2
nodules_dir: output\crop1000\nodules-last-detected-on\2023-05-26\73 has 2 entries
nodules_dir: output\crop1000\nodules-last-detected-on\2023-05-26\73 has 2 entries


Plotting date: 2023-05-26

@check_overlap_helper: existing_positions:[], x:255, y:379, offset_increment:{'x': 0.13750000000000284, 'y': 0.1833333333333308}, xlim:(253.95, 255.05), ylim:(375.85, 379.15), i:0
returning: (255, 379), modified:False


Plotting date: 2023-05-24

@check_overlap_helper: existing_positions:[(255, 379)], x:254, y:376, offset_increment:{'x': 0.13750000000000284, 'y': 0.1833333333333308}, xlim:(253.95, 255.05), ylim:(375.85, 379.15), i:0
returning: (254, 376), modified:False
@generate_gif: path:output\crop1000\nodules-last-detected-on\2023-05-26\82, output_name:o.gif
len_jpg_files: 2
@generate_gif: path:output\crop1000\nodules-last-detected-on\2023-05-26\82\detection, output_name:d.gif
len_jpg_files: 2
nodules_dir: output\crop1000\nodules-last-detected-on\2023-05-26\82 has 2 entries
nodules_dir: output\crop1000\nodules-last-detected-on\2023-05-26\82 has 2 entries


Plotting date: 2023-05-26

@check_overlap_helper: existing_positions:[], x:39, y:418, offset_increment:{'x': 0.1374999999999993, 'y': 0.12222222222222474}, xlim:(38.95, 40.05), ylim:(415.9, 418.1), i:0
returning: (39, 418), modified:False


Plotting date: 2023-05-24

@check_overlap_helper: existing_positions:[(39, 418)], x:40, y:416, offset_increment:{'x': 0.1374999999999993, 'y': 0.12222222222222474}, xlim:(38.95, 40.05), ylim:(415.9, 418.1), i:0
returning: (40, 416), modified:False
@generate_gif: path:output\crop1000\nodules-last-detected-on\2023-05-26\84, output_name:o.gif
len_jpg_files: 11
@generate_gif: path:output\crop1000\nodules-last-detected-on\2023-05-26\84\detection, output_name:d.gif
len_jpg_files: 11
nodules_dir: output\crop1000\nodules-last-detected-on\2023-05-26\84 has 11 entries
nodules_dir: output\crop1000\nodules-last-detected-on\2023-05-26\84 has 11 entries


Plotting date: 2023-05-26

@check_overlap_helper: existing_positions:[], x:42, y:435, offset_increment:{'x': 2.0625, 'y': 1.7111111111111086}, xlim:(28.25, 44.75), ylim:(405.6, 436.4), i:0
returning: (42, 435), modified:False


Plotting date: 2023-05-24

@check_overlap_helper: existing_positions:[(42, 435)], x:43, y:433, offset_increment:{'x': 2.0625, 'y': 1.7111111111111086}, xlim:(28.25, 44.75), ylim:(405.6, 436.4), i:0
returning: (43, 433), modified:False


Plotting date: 2023-05-22

@check_overlap_helper: existing_positions:[(42, 435), (43, 433)], x:44, y:432, offset_increment:{'x': 2.0625, 'y': 1.7111111111111086}, xlim:(28.25, 44.75), ylim:(405.6, 436.4), i:0
returning: (44, 432), modified:False


Plotting date: 2023-05-15

@check_overlap_helper: existing_positions:[(42, 435), (43, 433), (44, 432)], x:38, y:418, offset_increment:{'x': 2.0625, 'y': 1.7111111111111086}, xlim:(28.25, 44.75), ylim:(405.6, 436.4), i:0
returning: (38, 418), modified:False


Plotting date: 2023-05-12

@check_overlap_helper: existing_positions:[(42, 435), (43, 433), (44, 432), (38, 418)], x:38, y:416, offset_increment:{'x': 2.0625, 'y': 1.7111111111111086}, xlim:(28.25, 44.75), ylim:(405.6, 436.4), i:0
returning: (38, 416), modified:False


Plotting date: 2023-05-10

@check_overlap_helper: existing_positions:[(42, 435), (43, 433), (44, 432), (38, 418), (38, 416)], x:31, y:411, offset_increment:{'x': 2.0625, 'y': 1.7111111111111086}, xlim:(28.25, 44.75), ylim:(405.6, 436.4), i:0
returning: (31, 411), modified:False


Plotting date: 2023-05-08

@check_overlap_helper: existing_positions:[(42, 435), (43, 433), (44, 432), (38, 418), (38, 416), (31, 411)], x:30, y:411, offset_increment:{'x': 2.0625, 'y': 1.7111111111111086}, xlim:(28.25, 44.75), ylim:(405.6, 436.4), i:0
returning: (32.0625, 411), modified:True, original:(30, 411)


Plotting date: 2023-05-05

@check_overlap_helper: existing_positions:[(42, 435), (43, 433), (44, 432), (38, 418), (38, 416), (31, 411), (32.0625, 411)], x:29, y:411, offset_increment:{'x': 2.0625, 'y': 1.7111111111111086}, xlim:(28.25, 44.75), ylim:(405.6, 436.4), i:0
returning: (29, 411), modified:False


Plotting date: 2023-05-03

@check_overlap_helper: existing_positions:[(42, 435), (43, 433), (44, 432), (38, 418), (38, 416), (31, 411), (32.0625, 411), (29, 411)], x:30, y:408, offset_increment:{'x': 2.0625, 'y': 1.7111111111111086}, xlim:(28.25, 44.75), ylim:(405.6, 436.4), i:0
returning: (30, 408), modified:False


Plotting date: 2023-05-01

@check_overlap_helper: existing_positions:[(42, 435), (43, 433), (44, 432), (38, 418), (38, 416), (31, 411), (32.0625, 411), (29, 411), (30, 408)], x:32, y:413, offset_increment:{'x': 2.0625, 'y': 1.7111111111111086}, xlim:(28.25, 44.75), ylim:(405.6, 436.4), i:0
returning: (32, 413), modified:False


Plotting date: 2023-04-26

@check_overlap_helper: existing_positions:[(42, 435), (43, 433), (44, 432), (38, 418), (38, 416), (31, 411), (32.0625, 411), (29, 411), (30, 408), (32, 413)], x:31, y:407, offset_increment:{'x': 2.0625, 'y': 1.7111111111111086}, xlim:(28.25, 44.75), ylim:(405.6, 436.4), i:0
returning: (31, 407), modified:False
@generate_gif: path:output\crop1000\nodules-last-detected-on\2023-05-26\93, output_name:o.gif
len_jpg_files: 1
@generate_gif: path:output\crop1000\nodules-last-detected-on\2023-05-26\93\detection, output_name:d.gif
len_jpg_files: 1
nodules_dir: output\crop1000\nodules-last-detected-on\2023-05-26\93 has 1 entries
nodules_dir: output\crop1000\nodules-last-detected-on\2023-05-26\93 has less than 2 entries, skipping
@generate_gif: path:output\crop1000\nodules-last-detected-on\2023-05-26\97, output_name:o.gif
len_jpg_files: 2
@generate_gif: path:output\crop1000\nodules-last-detected-on\2023-05-26\97\detection, output_name:d.gif
len_jpg_files: 2
nodules_dir: output\crop1000\nodules-last-detected-on\2023-05-26\97 has 2 entries
nodules_dir: output\crop1000\nodules-last-detected-on\2023-05-26\97 has 2 entries


Plotting date: 2023-05-26

@check_overlap_helper: existing_positions:[], x:180, y:480, offset_increment:{'x': 2.4750000000000014, 'y': 0.12222222222222474}, xlim:(170.1, 189.9), ylim:(477.9, 480.1), i:0
returning: (180, 480), modified:False


Plotting date: 2023-05-24

@check_overlap_helper: existing_positions:[(180, 480)], x:180, y:478, offset_increment:{'x': 2.4750000000000014, 'y': 0.12222222222222474}, xlim:(170.1, 189.9), ylim:(477.9, 480.1), i:0
returning: (180, 478), modified:False
@post_process: output\crop1000\nodules-last-detected-on\2023-05-26, 33 nodules, took 10.65s
