@post_process: subdir: output\crop1000\nodules-last-detected-on\2023-05-31
@generate_gif: path:output\crop1000\nodules-last-detected-on\2023-05-31\0, output_name:o.gif
len_jpg_files: 1
@generate_gif: path:output\crop1000\nodules-last-detected-on\2023-05-31\0\detection, output_name:d.gif
len_jpg_files: 1
nodules_dir: output\crop1000\nodules-last-detected-on\2023-05-31\0 has 1 entries
nodules_dir: output\crop1000\nodules-last-detected-on\2023-05-31\0 has less than 2 entries, skipping
@generate_gif: path:output\crop1000\nodules-last-detected-on\2023-05-31\10, output_name:o.gif
len_jpg_files: 1
@generate_gif: path:output\crop1000\nodules-last-detected-on\2023-05-31\10\detection, output_name:d.gif
len_jpg_files: 1
nodules_dir: output\crop1000\nodules-last-detected-on\2023-05-31\10 has 1 entries
nodules_dir: output\crop1000\nodules-last-detected-on\2023-05-31\10 has less than 2 entries, skipping
@generate_gif: path:output\crop1000\nodules-last-detected-on\2023-05-31\100, output_name:o.gif
len_jpg_files: 1
@generate_gif: path:output\crop1000\nodules-last-detected-on\2023-05-31\100\detection, output_name:d.gif
len_jpg_files: 1
nodules_dir: output\crop1000\nodules-last-detected-on\2023-05-31\100 has 1 entries
nodules_dir: output\crop1000\nodules-last-detected-on\2023-05-31\100 has less than 2 entries, skipping
@generate_gif: path:output\crop1000\nodules-last-detected-on\2023-05-31\12, output_name:o.gif
len_jpg_files: 1
@generate_gif: path:output\crop1000\nodules-last-detected-on\2023-05-31\12\detection, output_name:d.gif
len_jpg_files: 1
nodules_dir: output\crop1000\nodules-last-detected-on\2023-05-31\12 has 1 entries
nodules_dir: output\crop1000\nodules-last-detected-on\2023-05-31\12 has less than 2 entries, skipping
@generate_gif: path:output\crop1000\nodules-last-detected-on\2023-05-31\131, output_name:o.gif
len_jpg_files: 2
@generate_gif: path:output\crop1000\nodules-last-detected-on\2023-05-31\131\detection, output_name:d.gif
len_jpg_files: 2
nodules_dir: output\crop1000\nodules-last-detected-on\2023-05-31\131 has 2 entries
nodules_dir: output\crop1000\nodules-last-detected-on\2023-05-31\131 has 2 entries


Plotting date: 2023-05-31

@check_overlap_helper: existing_positions:[], x:261, y:513, offset_increment:{'x': 0.2750000000000057, 'y': 0.12222222222222474}, xlim:(258.9, 261.1), ylim:(510.9, 513.1), i:0
returning: (261, 513), modified:False


Plotting date: 2023-05-29

@check_overlap_helper: existing_positions:[(261, 513)], x:259, y:511, offset_increment:{'x': 0.2750000000000057, 'y': 0.12222222222222474}, xlim:(258.9, 261.1), ylim:(510.9, 513.1), i:0
returning: (259, 511), modified:False
@generate_gif: path:output\crop1000\nodules-last-detected-on\2023-05-31\140, output_name:o.gif
len_jpg_files: 1
@generate_gif: path:output\crop1000\nodules-last-detected-on\2023-05-31\140\detection, output_name:d.gif
len_jpg_files: 1
nodules_dir: output\crop1000\nodules-last-detected-on\2023-05-31\140 has 1 entries
nodules_dir: output\crop1000\nodules-last-detected-on\2023-05-31\140 has less than 2 entries, skipping
@generate_gif: path:output\crop1000\nodules-last-detected-on\2023-05-31\142, output_name:o.gif
len_jpg_files: 1
@generate_gif: path:output\crop1000\nodules-last-detected-on\2023-05-31\142\detection, output_name:d.gif
len_jpg_files: 1
nodules_dir: output\crop1000\nodules-last-detected-on\2023-05-31\142 has 1 entries
nodules_dir: output\crop1000\nodules-last-detected-on\2023-05-31\142 has less than 2 entries, skipping
@generate_gif: path:output\crop1000\nodules-last-detected-on\2023-05-31\16, output_name:o.gif
len_jpg_files: 1
@generate_gif: path:output\crop1000\nodules-last-detected-on\2023-05-31\16\detection, output_name:d.gif
len_jpg_files: 1
nodules_dir: output\crop1000\nodules-last-detected-on\2023-05-31\16 has 1 entries
nodules_dir: output\crop1000\nodules-last-detected-on\2023-05-31\16 has less than 2 entries, skipping
@generate_gif: path:output\crop1000\nodules-last-detected-on\2023-05-31\17, output_name:o.gif
len_jpg_files: 8
@generate_gif: path:output\crop1000\nodules-last-detected-on\2023-05-31\17\detection, output_name:d.gif
len_jpg_files: 8
nodules_dir: output\crop1000\nodules-last-detected-on\2023-05-31\17 has 8 entries
nodules_dir: output\crop1000\nodules-last-detected-on\2023-05-31\17 has 8 entries


Plotting date: 2023-05-31

@check_overlap_helper: existing_positions:[], x:125, y:143, offset_increment:{'x': 0.4125000000000014, 'y': 0.3055555555555556}, xlim:(121.85, 125.15), ylim:(137.75, 143.25), i:0
returning: (125, 143), modified:False


Plotting date: 2023-05-29

@check_overlap_helper: existing_positions:[(125, 143)], x:124, y:140, offset_increment:{'x': 0.4125000000000014, 'y': 0.3055555555555556}, xlim:(121.85, 125.15), ylim:(137.75, 143.25), i:0
returning: (124, 140), modified:False


Plotting date: 2023-05-26

@check_overlap_helper: existing_positions:[(125, 143), (124, 140)], x:125, y:140, offset_increment:{'x': 0.4125000000000014, 'y': 0.3055555555555556}, xlim:(121.85, 125.15), ylim:(137.75, 143.25), i:0
returning: (125, 140), modified:False


Plotting date: 2023-05-24

@check_overlap_helper: existing_positions:[(125, 143), (124, 140), (125, 140)], x:124, y:138, offset_increment:{'x': 0.4125000000000014, 'y': 0.3055555555555556}, xlim:(121.85, 125.15), ylim:(137.75, 143.25), i:0
returning: (124, 138), modified:False


Plotting date: 2023-05-22

@check_overlap_helper: existing_positions:[(125, 143), (124, 140), (125, 140), (124, 138)], x:122, y:138, offset_increment:{'x': 0.4125000000000014, 'y': 0.3055555555555556}, xlim:(121.85, 125.15), ylim:(137.75, 143.25), i:0
returning: (122, 138), modified:False


Plotting date: 2023-05-19

@check_overlap_helper: existing_positions:[(125, 143), (124, 140), (125, 140), (124, 138), (122, 138)], x:122, y:138, offset_increment:{'x': 0.4125000000000014, 'y': 0.3055555555555556}, xlim:(121.85, 125.15), ylim:(137.75, 143.25), i:0
returning: (122.4125, 138), modified:True, original:(122, 138)


Plotting date: 2023-05-17

@check_overlap_helper: existing_positions:[(125, 143), (124, 140), (125, 140), (124, 138), (122, 138), (122.4125, 138)], x:122, y:141, offset_increment:{'x': 0.4125000000000014, 'y': 0.3055555555555556}, xlim:(121.85, 125.15), ylim:(137.75, 143.25), i:0
returning: (122, 141), modified:False


Plotting date: 2023-05-15

@check_overlap_helper: existing_positions:[(125, 143), (124, 140), (125, 140), (124, 138), (122, 138), (122.4125, 138), (122, 141)], x:123, y:141, offset_increment:{'x': 0.4125000000000014, 'y': 0.3055555555555556}, xlim:(121.85, 125.15), ylim:(137.75, 143.25), i:0
returning: (123, 141), modified:False
@generate_gif: path:output\crop1000\nodules-last-detected-on\2023-05-31\189, output_name:o.gif
len_jpg_files: 1
@generate_gif: path:output\crop1000\nodules-last-detected-on\2023-05-31\189\detection, output_name:d.gif
len_jpg_files: 1
nodules_dir: output\crop1000\nodules-last-detected-on\2023-05-31\189 has 1 entries
nodules_dir: output\crop1000\nodules-last-detected-on\2023-05-31\189 has less than 2 entries, skipping
@generate_gif: path:output\crop1000\nodules-last-detected-on\2023-05-31\2, output_name:o.gif
len_jpg_files: 3
@generate_gif: path:output\crop1000\nodules-last-detected-on\2023-05-31\2\detection, output_name:d.gif
len_jpg_files: 3
nodules_dir: output\crop1000\nodules-last-detected-on\2023-05-31\2 has 3 entries
nodules_dir: output\crop1000\nodules-last-detected-on\2023-05-31\2 has 3 entries


Plotting date: 2023-05-31

@check_overlap_helper: existing_positions:[], x:152, y:60, offset_increment:{'x': 0.4125000000000014, 'y': 0.0611111111111108}, xlim:(149.85, 153.15), ylim:(58.95, 60.05), i:0
returning: (152, 60), modified:False


Plotting date: 2023-05-29

@check_overlap_helper: existing_positions:[(152, 60)], x:150, y:60, offset_increment:{'x': 0.4125000000000014, 'y': 0.0611111111111108}, xlim:(149.85, 153.15), ylim:(58.95, 60.05), i:0
returning: (150, 60), modified:False


Plotting date: 2023-05-26

@check_overlap_helper: existing_positions:[(152, 60), (150, 60)], x:153, y:59, offset_increment:{'x': 0.4125000000000014, 'y': 0.0611111111111108}, xlim:(149.85, 153.15), ylim:(58.95, 60.05), i:0
returning: (153, 59), modified:False
@generate_gif: path:output\crop1000\nodules-last-detected-on\2023-05-31\24, output_name:o.gif
len_jpg_files: 1
@generate_gif: path:output\crop1000\nodules-last-detected-on\2023-05-31\24\detection, output_name:d.gif
len_jpg_files: 1
nodules_dir: output\crop1000\nodules-last-detected-on\2023-05-31\24 has 1 entries
nodules_dir: output\crop1000\nodules-last-detected-on\2023-05-31\24 has less than 2 entries, skipping
@generate_gif: path:output\crop1000\nodules-last-detected-on\2023-05-31\247, output_name:o.gif
len_jpg_files: 1
@generate_gif: path:output\crop1000\nodules-last-detected-on\2023-05-31\247\detection, output_name:d.gif
len_jpg_files: 1
nodules_dir: output\crop1000\nodules-last-detected-on\2023-05-31\247 has 1 entries
nodules_dir: output\crop1000\nodules-last-detected-on\2023-05-31\247 has less than 2 entries, skipping
@generate_gif: path:output\crop1000\nodules-last-detected-on\2023-05-31\38, output_name:o.gif
len_jpg_files: 9
@generate_gif: path:output\crop1000\nodules-last-detected-on\2023-05-31\38\detection, output_name:d.gif
len_jpg_files: 9
nodules_dir: output\crop1000\nodules-last-detected-on\2023-05-31\38 has 9 entries
nodules_dir: output\crop1000\nodules-last-detected-on\2023-05-31\38 has 9 entries


Plotting date: 2023-05-31

@check_overlap_helper: existing_positions:[], x:117, y:236, offset_increment:{'x': 0.1374999999999993, 'y': 0.2444444444444432}, xlim:(115.95, 117.05), ylim:(232.8, 237.2), i:0
returning: (117, 236), modified:False


Plotting date: 2023-05-29

@check_overlap_helper: existing_positions:[(117, 236)], x:117, y:236, offset_increment:{'x': 0.1374999999999993, 'y': 0.2444444444444432}, xlim:(115.95, 117.05), ylim:(232.8, 237.2), i:0
returning: (117, 236.24444444444444), modified:True, original:(117, 236)


Plotting date: 2023-05-26

@check_overlap_helper: existing_positions:[(117, 236), (117, 236.24444444444444)], x:117, y:235, offset_increment:{'x': 0.1374999999999993, 'y': 0.2444444444444432}, xlim:(115.95, 117.05), ylim:(232.8, 237.2), i:0
returning: (117, 235), modified:False


Plotting date: 2023-05-24

@check_overlap_helper: existing_positions:[(117, 236), (117, 236.24444444444444), (117, 235)], x:117, y:234, offset_increment:{'x': 0.1374999999999993, 'y': 0.2444444444444432}, xlim:(115.95, 117.05), ylim:(232.8, 237.2), i:0
returning: (117, 234), modified:False


Plotting date: 2023-05-22

@check_overlap_helper: existing_positions:[(117, 236), (117, 236.24444444444444), (117, 235), (117, 234)], x:116, y:234, offset_increment:{'x': 0.1374999999999993, 'y': 0.2444444444444432}, xlim:(115.95, 117.05), ylim:(232.8, 237.2), i:0
returning: (116, 234), modified:False


Plotting date: 2023-05-19

@check_overlap_helper: existing_positions:[(117, 236), (117, 236.24444444444444), (117, 235), (117, 234), (116, 234)], x:116, y:233, offset_increment:{'x': 0.1374999999999993, 'y': 0.2444444444444432}, xlim:(115.95, 117.05), ylim:(232.8, 237.2), i:0
returning: (116, 233), modified:False


Plotting date: 2023-05-17

@check_overlap_helper: existing_positions:[(117, 236), (117, 236.24444444444444), (117, 235), (117, 234), (116, 234), (116, 233)], x:117, y:237, offset_increment:{'x': 0.1374999999999993, 'y': 0.2444444444444432}, xlim:(115.95, 117.05), ylim:(232.8, 237.2), i:0
returning: (117, 237), modified:False


Plotting date: 2023-05-15

@check_overlap_helper: existing_positions:[(117, 236), (117, 236.24444444444444), (117, 235), (117, 234), (116, 234), (116, 233), (117, 237)], x:116, y:236, offset_increment:{'x': 0.1374999999999993, 'y': 0.2444444444444432}, xlim:(115.95, 117.05), ylim:(232.8, 237.2), i:0
returning: (116, 236), modified:False


Plotting date: 2023-05-12

@check_overlap_helper: existing_positions:[(117, 236), (117, 236.24444444444444), (117, 235), (117, 234), (116, 234), (116, 233), (117, 237), (116, 236)], x:117, y:235, offset_increment:{'x': 0.1374999999999993, 'y': 0.2444444444444432}, xlim:(115.95, 117.05), ylim:(232.8, 237.2), i:0
returning: (117, 235.24444444444444), modified:True, original:(117, 235)
@generate_gif: path:output\crop1000\nodules-last-detected-on\2023-05-31\39, output_name:o.gif
len_jpg_files: 1
@generate_gif: path:output\crop1000\nodules-last-detected-on\2023-05-31\39\detection, output_name:d.gif
len_jpg_files: 1
nodules_dir: output\crop1000\nodules-last-detected-on\2023-05-31\39 has 1 entries
nodules_dir: output\crop1000\nodules-last-detected-on\2023-05-31\39 has less than 2 entries, skipping
@generate_gif: path:output\crop1000\nodules-last-detected-on\2023-05-31\42, output_name:o.gif
len_jpg_files: 1
@generate_gif: path:output\crop1000\nodules-last-detected-on\2023-05-31\42\detection, output_name:d.gif
len_jpg_files: 1
nodules_dir: output\crop1000\nodules-last-detected-on\2023-05-31\42 has 1 entries
nodules_dir: output\crop1000\nodules-last-detected-on\2023-05-31\42 has less than 2 entries, skipping
@generate_gif: path:output\crop1000\nodules-last-detected-on\2023-05-31\57, output_name:o.gif
len_jpg_files: 1
@generate_gif: path:output\crop1000\nodules-last-detected-on\2023-05-31\57\detection, output_name:d.gif
len_jpg_files: 1
nodules_dir: output\crop1000\nodules-last-detected-on\2023-05-31\57 has 1 entries
nodules_dir: output\crop1000\nodules-last-detected-on\2023-05-31\57 has less than 2 entries, skipping
@generate_gif: path:output\crop1000\nodules-last-detected-on\2023-05-31\60, output_name:o.gif
len_jpg_files: 1
@generate_gif: path:output\crop1000\nodules-last-detected-on\2023-05-31\60\detection, output_name:d.gif
len_jpg_files: 1
nodules_dir: output\crop1000\nodules-last-detected-on\2023-05-31\60 has 1 entries
nodules_dir: output\crop1000\nodules-last-detected-on\2023-05-31\60 has less than 2 entries, skipping
@generate_gif: path:output\crop1000\nodules-last-detected-on\2023-05-31\62, output_name:o.gif
len_jpg_files: 1
@generate_gif: path:output\crop1000\nodules-last-detected-on\2023-05-31\62\detection, output_name:d.gif
len_jpg_files: 1
nodules_dir: output\crop1000\nodules-last-detected-on\2023-05-31\62 has 1 entries
nodules_dir: output\crop1000\nodules-last-detected-on\2023-05-31\62 has less than 2 entries, skipping
@generate_gif: path:output\crop1000\nodules-last-detected-on\2023-05-31\65, output_name:o.gif
len_jpg_files: 2
@generate_gif: path:output\crop1000\nodules-last-detected-on\2023-05-31\65\detection, output_name:d.gif
len_jpg_files: 2
nodules_dir: output\crop1000\nodules-last-detected-on\2023-05-31\65 has 2 entries
nodules_dir: output\crop1000\nodules-last-detected-on\2023-05-31\65 has 2 entries


Plotting date: 2023-05-26

@check_overlap_helper: existing_positions:[], x:203, y:344, offset_increment:{'x': 0.13750000000000284, 'y': 0.1833333333333308}, xlim:(201.95, 203.05), ylim:(340.85, 344.15), i:0
returning: (203, 344), modified:False


Plotting date: 2023-05-24

@check_overlap_helper: existing_positions:[(203, 344)], x:202, y:341, offset_increment:{'x': 0.13750000000000284, 'y': 0.1833333333333308}, xlim:(201.95, 203.05), ylim:(340.85, 344.15), i:0
returning: (202, 341), modified:False
@generate_gif: path:output\crop1000\nodules-last-detected-on\2023-05-31\81, output_name:o.gif
len_jpg_files: 4
@generate_gif: path:output\crop1000\nodules-last-detected-on\2023-05-31\81\detection, output_name:d.gif
len_jpg_files: 4
nodules_dir: output\crop1000\nodules-last-detected-on\2023-05-31\81 has 4 entries
nodules_dir: output\crop1000\nodules-last-detected-on\2023-05-31\81 has 4 entries


Plotting date: 2023-05-31

@check_overlap_helper: existing_positions:[], x:45, y:375, offset_increment:{'x': 0.1374999999999993, 'y': 0.2444444444444432}, xlim:(43.95, 45.05), ylim:(370.8, 375.2), i:0
returning: (45, 375), modified:False


Plotting date: 2023-05-29

@check_overlap_helper: existing_positions:[(45, 375)], x:44, y:373, offset_increment:{'x': 0.1374999999999993, 'y': 0.2444444444444432}, xlim:(43.95, 45.05), ylim:(370.8, 375.2), i:0
returning: (44, 373), modified:False


Plotting date: 2023-05-26

@check_overlap_helper: existing_positions:[(45, 375), (44, 373)], x:44, y:373, offset_increment:{'x': 0.1374999999999993, 'y': 0.2444444444444432}, xlim:(43.95, 45.05), ylim:(370.8, 375.2), i:0
returning: (44.1375, 373), modified:True, original:(44, 373)


Plotting date: 2023-05-24

@check_overlap_helper: existing_positions:[(45, 375), (44, 373), (44.1375, 373)], x:45, y:371, offset_increment:{'x': 0.1374999999999993, 'y': 0.2444444444444432}, xlim:(43.95, 45.05), ylim:(370.8, 375.2), i:0
returning: (45, 371), modified:False
@generate_gif: path:output\crop1000\nodules-last-detected-on\2023-05-31\82, output_name:o.gif
len_jpg_files: 1
@generate_gif: path:output\crop1000\nodules-last-detected-on\2023-05-31\82\detection, output_name:d.gif
len_jpg_files: 1
nodules_dir: output\crop1000\nodules-last-detected-on\2023-05-31\82 has 1 entries
nodules_dir: output\crop1000\nodules-last-detected-on\2023-05-31\82 has less than 2 entries, skipping
@generate_gif: path:output\crop1000\nodules-last-detected-on\2023-05-31\89, output_name:o.gif
len_jpg_files: 5
@generate_gif: path:output\crop1000\nodules-last-detected-on\2023-05-31\89\detection, output_name:d.gif
len_jpg_files: 5
nodules_dir: output\crop1000\nodules-last-detected-on\2023-05-31\89 has 5 entries
nodules_dir: output\crop1000\nodules-last-detected-on\2023-05-31\89 has 5 entries


Plotting date: 2023-05-31

@check_overlap_helper: existing_positions:[], x:95, y:395, offset_increment:{'x': 0.8249999999999993, 'y': 0.2444444444444432}, xlim:(88.7, 95.3), ylim:(393.8, 398.2), i:0
returning: (95, 395), modified:False


Plotting date: 2023-05-29

@check_overlap_helper: existing_positions:[(95, 395)], x:95, y:394, offset_increment:{'x': 0.8249999999999993, 'y': 0.2444444444444432}, xlim:(88.7, 95.3), ylim:(393.8, 398.2), i:0
returning: (95, 394), modified:False


Plotting date: 2023-05-26

@check_overlap_helper: existing_positions:[(95, 395), (95, 394)], x:89, y:398, offset_increment:{'x': 0.8249999999999993, 'y': 0.2444444444444432}, xlim:(88.7, 95.3), ylim:(393.8, 398.2), i:0
returning: (89, 398), modified:False


Plotting date: 2023-05-24

@check_overlap_helper: existing_positions:[(95, 395), (95, 394), (89, 398)], x:89, y:395, offset_increment:{'x': 0.8249999999999993, 'y': 0.2444444444444432}, xlim:(88.7, 95.3), ylim:(393.8, 398.2), i:0
returning: (89, 395), modified:False


Plotting date: 2023-05-22

@check_overlap_helper: existing_positions:[(95, 395), (95, 394), (89, 398), (89, 395)], x:91, y:395, offset_increment:{'x': 0.8249999999999993, 'y': 0.2444444444444432}, xlim:(88.7, 95.3), ylim:(393.8, 398.2), i:0
returning: (91, 395), modified:False
@generate_gif: path:output\crop1000\nodules-last-detected-on\2023-05-31\91, output_name:o.gif
len_jpg_files: 1
@generate_gif: path:output\crop1000\nodules-last-detected-on\2023-05-31\91\detection, output_name:d.gif
len_jpg_files: 1
nodules_dir: output\crop1000\nodules-last-detected-on\2023-05-31\91 has 1 entries
nodules_dir: output\crop1000\nodules-last-detected-on\2023-05-31\91 has less than 2 entries, skipping
@generate_gif: path:output\crop1000\nodules-last-detected-on\2023-05-31\97, output_name:o.gif
len_jpg_files: 1
@generate_gif: path:output\crop1000\nodules-last-detected-on\2023-05-31\97\detection, output_name:d.gif
len_jpg_files: 1
nodules_dir: output\crop1000\nodules-last-detected-on\2023-05-31\97 has 1 entries
nodules_dir: output\crop1000\nodules-last-detected-on\2023-05-31\97 has less than 2 entries, skipping
@generate_gif: path:output\crop1000\nodules-last-detected-on\2023-05-31\99, output_name:o.gif
len_jpg_files: 4
@generate_gif: path:output\crop1000\nodules-last-detected-on\2023-05-31\99\detection, output_name:d.gif
len_jpg_files: 4
nodules_dir: output\crop1000\nodules-last-detected-on\2023-05-31\99 has 4 entries
nodules_dir: output\crop1000\nodules-last-detected-on\2023-05-31\99 has 4 entries


Plotting date: 2023-05-31

@check_overlap_helper: existing_positions:[], x:98, y:434, offset_increment:{'x': 0.1374999999999993, 'y': 0.1833333333333308}, xlim:(97.95, 99.05), ylim:(430.85, 434.15), i:0
returning: (98, 434), modified:False


Plotting date: 2023-05-29

@check_overlap_helper: existing_positions:[(98, 434)], x:98, y:433, offset_increment:{'x': 0.1374999999999993, 'y': 0.1833333333333308}, xlim:(97.95, 99.05), ylim:(430.85, 434.15), i:0
returning: (98, 433), modified:False


Plotting date: 2023-05-26

@check_overlap_helper: existing_positions:[(98, 434), (98, 433)], x:98, y:434, offset_increment:{'x': 0.1374999999999993, 'y': 0.1833333333333308}, xlim:(97.95, 99.05), ylim:(430.85, 434.15), i:0
returning: (98.1375, 434), modified:True, original:(98, 434)


Plotting date: 2023-05-24

@check_overlap_helper: existing_positions:[(98, 434), (98, 433), (98.1375, 434)], x:99, y:431, offset_increment:{'x': 0.1374999999999993, 'y': 0.1833333333333308}, xlim:(97.95, 99.05), ylim:(430.85, 434.15), i:0
returning: (99, 431), modified:False
@post_process: output\crop1000\nodules-last-detected-on\2023-05-31, 26 nodules, took 10.99s
