@post_process: subdir: output\crop1000\nodules-last-detected-on\2023-05-10
@generate_gif: path:output\crop1000\nodules-last-detected-on\2023-05-10\13, output_name:o.gif
len_jpg_files: 1
@generate_gif: path:output\crop1000\nodules-last-detected-on\2023-05-10\13\detection, output_name:d.gif
len_jpg_files: 1
nodules_dir: output\crop1000\nodules-last-detected-on\2023-05-10\13 has 1 entries
nodules_dir: output\crop1000\nodules-last-detected-on\2023-05-10\13 has less than 2 entries, skipping
@generate_gif: path:output\crop1000\nodules-last-detected-on\2023-05-10\16, output_name:o.gif
len_jpg_files: 2
@generate_gif: path:output\crop1000\nodules-last-detected-on\2023-05-10\16\detection, output_name:d.gif
len_jpg_files: 2
nodules_dir: output\crop1000\nodules-last-detected-on\2023-05-10\16 has 2 entries
nodules_dir: output\crop1000\nodules-last-detected-on\2023-05-10\16 has 2 entries


Plotting date: 2023-05-10

@check_overlap_helper: existing_positions:[], x:37, y:418, offset_increment:{'x': 0.1374999999999993, 'y': 2.554444444444439}, xlim:(35.95, 37.05), ylim:(395.01000000000005, 440.98999999999995), i:0
returning: (37, 418), modified:False


Plotting date: 2023-05-08

@check_overlap_helper: existing_positions:[(37, 418)], x:36, y:418, offset_increment:{'x': 0.1374999999999993, 'y': 2.554444444444439}, xlim:(35.95, 37.05), ylim:(395.01000000000005, 440.98999999999995), i:0
returning: (36, 418), modified:False
@generate_gif: path:output\crop1000\nodules-last-detected-on\2023-05-10\17, output_name:o.gif
len_jpg_files: 1
@generate_gif: path:output\crop1000\nodules-last-detected-on\2023-05-10\17\detection, output_name:d.gif
len_jpg_files: 1
nodules_dir: output\crop1000\nodules-last-detected-on\2023-05-10\17 has 1 entries
nodules_dir: output\crop1000\nodules-last-detected-on\2023-05-10\17 has less than 2 entries, skipping
@generate_gif: path:output\crop1000\nodules-last-detected-on\2023-05-10\18, output_name:o.gif
len_jpg_files: 2
@generate_gif: path:output\crop1000\nodules-last-detected-on\2023-05-10\18\detection, output_name:d.gif
len_jpg_files: 2
nodules_dir: output\crop1000\nodules-last-detected-on\2023-05-10\18 has 2 entries
nodules_dir: output\crop1000\nodules-last-detected-on\2023-05-10\18 has 2 entries


Plotting date: 2023-05-10

@check_overlap_helper: existing_positions:[], x:40, y:438, offset_increment:{'x': 0.5500000000000007, 'y': 0.06111111111111237}, xlim:(37.8, 42.2), ylim:(437.95, 439.05), i:0
returning: (40, 438), modified:False


Plotting date: 2023-05-08

@check_overlap_helper: existing_positions:[(40, 438)], x:40, y:439, offset_increment:{'x': 0.5500000000000007, 'y': 0.06111111111111237}, xlim:(37.8, 42.2), ylim:(437.95, 439.05), i:0
returning: (40, 439), modified:False
@generate_gif: path:output\crop1000\nodules-last-detected-on\2023-05-10\20, output_name:o.gif
len_jpg_files: 1
@generate_gif: path:output\crop1000\nodules-last-detected-on\2023-05-10\20\detection, output_name:d.gif
len_jpg_files: 1
nodules_dir: output\crop1000\nodules-last-detected-on\2023-05-10\20 has 1 entries
nodules_dir: output\crop1000\nodules-last-detected-on\2023-05-10\20 has less than 2 entries, skipping
@generate_gif: path:output\crop1000\nodules-last-detected-on\2023-05-10\21, output_name:o.gif
len_jpg_files: 3
@generate_gif: path:output\crop1000\nodules-last-detected-on\2023-05-10\21\detection, output_name:d.gif
len_jpg_files: 3
nodules_dir: output\crop1000\nodules-last-detected-on\2023-05-10\21 has 3 entries
nodules_dir: output\crop1000\nodules-last-detected-on\2023-05-10\21 has 3 entries


Plotting date: 2023-05-10

@check_overlap_helper: existing_positions:[], x:156, y:545, offset_increment:{'x': 0.13750000000000284, 'y': 0.06111111111110606}, xlim:(154.95, 156.05), ylim:(544.95, 546.05), i:0
returning: (156, 545), modified:False


Plotting date: 2023-05-08

@check_overlap_helper: existing_positions:[(156, 545)], x:155, y:546, offset_increment:{'x': 0.13750000000000284, 'y': 0.06111111111110606}, xlim:(154.95, 156.05), ylim:(544.95, 546.05), i:0
returning: (155, 546), modified:False


Plotting date: 2023-05-05

@check_overlap_helper: existing_positions:[(156, 545), (155, 546)], x:155, y:546, offset_increment:{'x': 0.13750000000000284, 'y': 0.06111111111110606}, xlim:(154.95, 156.05), ylim:(544.95, 546.05), i:0
returning: (155.1375, 546), modified:True, original:(155, 546)
@generate_gif: path:output\crop1000\nodules-last-detected-on\2023-05-10\22, output_name:o.gif
len_jpg_files: 1
@generate_gif: path:output\crop1000\nodules-last-detected-on\2023-05-10\22\detection, output_name:d.gif
len_jpg_files: 1
nodules_dir: output\crop1000\nodules-last-detected-on\2023-05-10\22 has 1 entries
nodules_dir: output\crop1000\nodules-last-detected-on\2023-05-10\22 has less than 2 entries, skipping
@generate_gif: path:output\crop1000\nodules-last-detected-on\2023-05-10\23, output_name:o.gif
len_jpg_files: 1
@generate_gif: path:output\crop1000\nodules-last-detected-on\2023-05-10\23\detection, output_name:d.gif
len_jpg_files: 1
nodules_dir: output\crop1000\nodules-last-detected-on\2023-05-10\23 has 1 entries
nodules_dir: output\crop1000\nodules-last-detected-on\2023-05-10\23 has less than 2 entries, skipping
@generate_gif: path:output\crop1000\nodules-last-detected-on\2023-05-10\28, output_name:o.gif
len_jpg_files: 1
@generate_gif: path:output\crop1000\nodules-last-detected-on\2023-05-10\28\detection, output_name:d.gif
len_jpg_files: 1
nodules_dir: output\crop1000\nodules-last-detected-on\2023-05-10\28 has 1 entries
nodules_dir: output\crop1000\nodules-last-detected-on\2023-05-10\28 has less than 2 entries, skipping
@generate_gif: path:output\crop1000\nodules-last-detected-on\2023-05-10\31, output_name:o.gif
len_jpg_files: 1
@generate_gif: path:output\crop1000\nodules-last-detected-on\2023-05-10\31\detection, output_name:d.gif
len_jpg_files: 1
nodules_dir: output\crop1000\nodules-last-detected-on\2023-05-10\31 has 1 entries
nodules_dir: output\crop1000\nodules-last-detected-on\2023-05-10\31 has less than 2 entries, skipping
@generate_gif: path:output\crop1000\nodules-last-detected-on\2023-05-10\33, output_name:o.gif
len_jpg_files: 1
@generate_gif: path:output\crop1000\nodules-last-detected-on\2023-05-10\33\detection, output_name:d.gif
len_jpg_files: 1
nodules_dir: output\crop1000\nodules-last-detected-on\2023-05-10\33 has 1 entries
nodules_dir: output\crop1000\nodules-last-detected-on\2023-05-10\33 has less than 2 entries, skipping
@generate_gif: path:output\crop1000\nodules-last-detected-on\2023-05-10\50, output_name:o.gif
len_jpg_files: 1
@generate_gif: path:output\crop1000\nodules-last-detected-on\2023-05-10\50\detection, output_name:d.gif
len_jpg_files: 1
nodules_dir: output\crop1000\nodules-last-detected-on\2023-05-10\50 has 1 entries
nodules_dir: output\crop1000\nodules-last-detected-on\2023-05-10\50 has less than 2 entries, skipping
@generate_gif: path:output\crop1000\nodules-last-detected-on\2023-05-10\51, output_name:o.gif
len_jpg_files: 1
@generate_gif: path:output\crop1000\nodules-last-detected-on\2023-05-10\51\detection, output_name:d.gif
len_jpg_files: 1
nodules_dir: output\crop1000\nodules-last-detected-on\2023-05-10\51 has 1 entries
nodules_dir: output\crop1000\nodules-last-detected-on\2023-05-10\51 has less than 2 entries, skipping
@generate_gif: path:output\crop1000\nodules-last-detected-on\2023-05-10\52, output_name:o.gif
len_jpg_files: 1
@generate_gif: path:output\crop1000\nodules-last-detected-on\2023-05-10\52\detection, output_name:d.gif
len_jpg_files: 1
nodules_dir: output\crop1000\nodules-last-detected-on\2023-05-10\52 has 1 entries
nodules_dir: output\crop1000\nodules-last-detected-on\2023-05-10\52 has less than 2 entries, skipping
@generate_gif: path:output\crop1000\nodules-last-detected-on\2023-05-10\54, output_name:o.gif
len_jpg_files: 1
@generate_gif: path:output\crop1000\nodules-last-detected-on\2023-05-10\54\detection, output_name:d.gif
len_jpg_files: 1
nodules_dir: output\crop1000\nodules-last-detected-on\2023-05-10\54 has 1 entries
nodules_dir: output\crop1000\nodules-last-detected-on\2023-05-10\54 has less than 2 entries, skipping
@generate_gif: path:output\crop1000\nodules-last-detected-on\2023-05-10\56, output_name:o.gif
len_jpg_files: 1
@generate_gif: path:output\crop1000\nodules-last-detected-on\2023-05-10\56\detection, output_name:d.gif
len_jpg_files: 1
nodules_dir: output\crop1000\nodules-last-detected-on\2023-05-10\56 has 1 entries
nodules_dir: output\crop1000\nodules-last-detected-on\2023-05-10\56 has less than 2 entries, skipping
@generate_gif: path:output\crop1000\nodules-last-detected-on\2023-05-10\57, output_name:o.gif
len_jpg_files: 1
@generate_gif: path:output\crop1000\nodules-last-detected-on\2023-05-10\57\detection, output_name:d.gif
len_jpg_files: 1
nodules_dir: output\crop1000\nodules-last-detected-on\2023-05-10\57 has 1 entries
nodules_dir: output\crop1000\nodules-last-detected-on\2023-05-10\57 has less than 2 entries, skipping
@generate_gif: path:output\crop1000\nodules-last-detected-on\2023-05-10\58, output_name:o.gif
len_jpg_files: 1
@generate_gif: path:output\crop1000\nodules-last-detected-on\2023-05-10\58\detection, output_name:d.gif
len_jpg_files: 1
nodules_dir: output\crop1000\nodules-last-detected-on\2023-05-10\58 has 1 entries
nodules_dir: output\crop1000\nodules-last-detected-on\2023-05-10\58 has less than 2 entries, skipping
@generate_gif: path:output\crop1000\nodules-last-detected-on\2023-05-10\6, output_name:o.gif
len_jpg_files: 1
@generate_gif: path:output\crop1000\nodules-last-detected-on\2023-05-10\6\detection, output_name:d.gif
len_jpg_files: 1
nodules_dir: output\crop1000\nodules-last-detected-on\2023-05-10\6 has 1 entries
nodules_dir: output\crop1000\nodules-last-detected-on\2023-05-10\6 has less than 2 entries, skipping
@generate_gif: path:output\crop1000\nodules-last-detected-on\2023-05-10\7, output_name:o.gif
len_jpg_files: 1
@generate_gif: path:output\crop1000\nodules-last-detected-on\2023-05-10\7\detection, output_name:d.gif
len_jpg_files: 1
nodules_dir: output\crop1000\nodules-last-detected-on\2023-05-10\7 has 1 entries
nodules_dir: output\crop1000\nodules-last-detected-on\2023-05-10\7 has less than 2 entries, skipping
@generate_gif: path:output\crop1000\nodules-last-detected-on\2023-05-10\8, output_name:o.gif
len_jpg_files: 1
@generate_gif: path:output\crop1000\nodules-last-detected-on\2023-05-10\8\detection, output_name:d.gif
len_jpg_files: 1
nodules_dir: output\crop1000\nodules-last-detected-on\2023-05-10\8 has 1 entries
nodules_dir: output\crop1000\nodules-last-detected-on\2023-05-10\8 has less than 2 entries, skipping
@post_process: output\crop1000\nodules-last-detected-on\2023-05-10, 21 nodules, took 2.3s
@post_process: subdir: output\crop1001\nodules-last-detected-on\2023-05-10
@generate_gif: path:output\crop1001\nodules-last-detected-on\2023-05-10\0, output_name:o.gif
len_jpg_files: 1
@generate_gif: path:output\crop1001\nodules-last-detected-on\2023-05-10\0\detection, output_name:d.gif
len_jpg_files: 1
nodules_dir: output\crop1001\nodules-last-detected-on\2023-05-10\0 has 1 entries
nodules_dir: output\crop1001\nodules-last-detected-on\2023-05-10\0 has less than 2 entries, skipping
@generate_gif: path:output\crop1001\nodules-last-detected-on\2023-05-10\100, output_name:o.gif
len_jpg_files: 1
@generate_gif: path:output\crop1001\nodules-last-detected-on\2023-05-10\100\detection, output_name:d.gif
len_jpg_files: 1
nodules_dir: output\crop1001\nodules-last-detected-on\2023-05-10\100 has 1 entries
nodules_dir: output\crop1001\nodules-last-detected-on\2023-05-10\100 has less than 2 entries, skipping
@generate_gif: path:output\crop1001\nodules-last-detected-on\2023-05-10\104, output_name:o.gif
len_jpg_files: 1
@generate_gif: path:output\crop1001\nodules-last-detected-on\2023-05-10\104\detection, output_name:d.gif
len_jpg_files: 1
nodules_dir: output\crop1001\nodules-last-detected-on\2023-05-10\104 has 1 entries
nodules_dir: output\crop1001\nodules-last-detected-on\2023-05-10\104 has less than 2 entries, skipping
@generate_gif: path:output\crop1001\nodules-last-detected-on\2023-05-10\108, output_name:o.gif
len_jpg_files: 1
@generate_gif: path:output\crop1001\nodules-last-detected-on\2023-05-10\108\detection, output_name:d.gif
len_jpg_files: 1
nodules_dir: output\crop1001\nodules-last-detected-on\2023-05-10\108 has 1 entries
nodules_dir: output\crop1001\nodules-last-detected-on\2023-05-10\108 has less than 2 entries, skipping
@generate_gif: path:output\crop1001\nodules-last-detected-on\2023-05-10\117, output_name:o.gif
len_jpg_files: 1
@generate_gif: path:output\crop1001\nodules-last-detected-on\2023-05-10\117\detection, output_name:d.gif
len_jpg_files: 1
nodules_dir: output\crop1001\nodules-last-detected-on\2023-05-10\117 has 1 entries
nodules_dir: output\crop1001\nodules-last-detected-on\2023-05-10\117 has less than 2 entries, skipping
@generate_gif: path:output\crop1001\nodules-last-detected-on\2023-05-10\120, output_name:o.gif
len_jpg_files: 1
@generate_gif: path:output\crop1001\nodules-last-detected-on\2023-05-10\120\detection, output_name:d.gif
len_jpg_files: 1
nodules_dir: output\crop1001\nodules-last-detected-on\2023-05-10\120 has 1 entries
nodules_dir: output\crop1001\nodules-last-detected-on\2023-05-10\120 has less than 2 entries, skipping
@generate_gif: path:output\crop1001\nodules-last-detected-on\2023-05-10\123, output_name:o.gif
len_jpg_files: 1
@generate_gif: path:output\crop1001\nodules-last-detected-on\2023-05-10\123\detection, output_name:d.gif
len_jpg_files: 1
nodules_dir: output\crop1001\nodules-last-detected-on\2023-05-10\123 has 1 entries
nodules_dir: output\crop1001\nodules-last-detected-on\2023-05-10\123 has less than 2 entries, skipping
@generate_gif: path:output\crop1001\nodules-last-detected-on\2023-05-10\125, output_name:o.gif
len_jpg_files: 1
@generate_gif: path:output\crop1001\nodules-last-detected-on\2023-05-10\125\detection, output_name:d.gif
len_jpg_files: 1
nodules_dir: output\crop1001\nodules-last-detected-on\2023-05-10\125 has 1 entries
nodules_dir: output\crop1001\nodules-last-detected-on\2023-05-10\125 has less than 2 entries, skipping
@generate_gif: path:output\crop1001\nodules-last-detected-on\2023-05-10\126, output_name:o.gif
len_jpg_files: 1
@generate_gif: path:output\crop1001\nodules-last-detected-on\2023-05-10\126\detection, output_name:d.gif
len_jpg_files: 1
nodules_dir: output\crop1001\nodules-last-detected-on\2023-05-10\126 has 1 entries
nodules_dir: output\crop1001\nodules-last-detected-on\2023-05-10\126 has less than 2 entries, skipping
@generate_gif: path:output\crop1001\nodules-last-detected-on\2023-05-10\127, output_name:o.gif
len_jpg_files: 3
@generate_gif: path:output\crop1001\nodules-last-detected-on\2023-05-10\127\detection, output_name:d.gif
len_jpg_files: 3
nodules_dir: output\crop1001\nodules-last-detected-on\2023-05-10\127 has 3 entries
nodules_dir: output\crop1001\nodules-last-detected-on\2023-05-10\127 has 3 entries


Plotting date: 2023-05-10

@check_overlap_helper: existing_positions:[], x:134, y:674, offset_increment:{'x': 3.4375, 'y': 0.1833333333333308}, xlim:(131.75, 159.25), ylim:(670.85, 674.15), i:0
returning: (134, 674), modified:False


Plotting date: 2023-05-08

@check_overlap_helper: existing_positions:[(134, 674)], x:133, y:671, offset_increment:{'x': 3.4375, 'y': 0.1833333333333308}, xlim:(131.75, 159.25), ylim:(670.85, 674.15), i:0
returning: (133, 671), modified:False


Plotting date: 2023-05-05

@check_overlap_helper: existing_positions:[(134, 674), (133, 671)], x:158, y:672, offset_increment:{'x': 3.4375, 'y': 0.1833333333333308}, xlim:(131.75, 159.25), ylim:(670.85, 674.15), i:0
returning: (158, 672), modified:False
@generate_gif: path:output\crop1001\nodules-last-detected-on\2023-05-10\18, output_name:o.gif
len_jpg_files: 1
@generate_gif: path:output\crop1001\nodules-last-detected-on\2023-05-10\18\detection, output_name:d.gif
len_jpg_files: 1
nodules_dir: output\crop1001\nodules-last-detected-on\2023-05-10\18 has 1 entries
nodules_dir: output\crop1001\nodules-last-detected-on\2023-05-10\18 has less than 2 entries, skipping
@generate_gif: path:output\crop1001\nodules-last-detected-on\2023-05-10\25, output_name:o.gif
len_jpg_files: 3
@generate_gif: path:output\crop1001\nodules-last-detected-on\2023-05-10\25\detection, output_name:d.gif
len_jpg_files: 3
nodules_dir: output\crop1001\nodules-last-detected-on\2023-05-10\25 has 3 entries
nodules_dir: output\crop1001\nodules-last-detected-on\2023-05-10\25 has 3 entries


Plotting date: 2023-05-10

@check_overlap_helper: existing_positions:[], x:180, y:87, offset_increment:{'x': 2.0625, 'y': 0.7333333333333327}, xlim:(167.25, 183.75), ylim:(86.4, 99.6), i:0
returning: (180, 87), modified:False


Plotting date: 2023-05-08

@check_overlap_helper: existing_positions:[(180, 87)], x:183, y:99, offset_increment:{'x': 2.0625, 'y': 0.7333333333333327}, xlim:(167.25, 183.75), ylim:(86.4, 99.6), i:0
returning: (183, 99), modified:False


Plotting date: 2023-05-05

@check_overlap_helper: existing_positions:[(180, 87), (183, 99)], x:168, y:96, offset_increment:{'x': 2.0625, 'y': 0.7333333333333327}, xlim:(167.25, 183.75), ylim:(86.4, 99.6), i:0
returning: (168, 96), modified:False
@generate_gif: path:output\crop1001\nodules-last-detected-on\2023-05-10\29, output_name:o.gif
len_jpg_files: 3
@generate_gif: path:output\crop1001\nodules-last-detected-on\2023-05-10\29\detection, output_name:d.gif
len_jpg_files: 3
nodules_dir: output\crop1001\nodules-last-detected-on\2023-05-10\29 has 3 entries
nodules_dir: output\crop1001\nodules-last-detected-on\2023-05-10\29 has 3 entries


Plotting date: 2023-05-10

@check_overlap_helper: existing_positions:[], x:133, y:103, offset_increment:{'x': 0.13750000000000284, 'y': 0.6294444444444451}, xlim:(132.95, 134.05), ylim:(97.335, 108.665), i:0
returning: (133, 103), modified:False


Plotting date: 2023-05-08

@check_overlap_helper: existing_positions:[(133, 103)], x:133, y:103, offset_increment:{'x': 0.13750000000000284, 'y': 0.6294444444444451}, xlim:(132.95, 134.05), ylim:(97.335, 108.665), i:0
returning: (133.1375, 103), modified:True, original:(133, 103)


Plotting date: 2023-05-05

@check_overlap_helper: existing_positions:[(133, 103), (133.1375, 103)], x:134, y:103, offset_increment:{'x': 0.13750000000000284, 'y': 0.6294444444444451}, xlim:(132.95, 134.05), ylim:(97.335, 108.665), i:0
returning: (134, 103), modified:False
@generate_gif: path:output\crop1001\nodules-last-detected-on\2023-05-10\4, output_name:o.gif
len_jpg_files: 1
@generate_gif: path:output\crop1001\nodules-last-detected-on\2023-05-10\4\detection, output_name:d.gif
len_jpg_files: 1
nodules_dir: output\crop1001\nodules-last-detected-on\2023-05-10\4 has 1 entries
nodules_dir: output\crop1001\nodules-last-detected-on\2023-05-10\4 has less than 2 entries, skipping
@generate_gif: path:output\crop1001\nodules-last-detected-on\2023-05-10\43, output_name:o.gif
len_jpg_files: 1
@generate_gif: path:output\crop1001\nodules-last-detected-on\2023-05-10\43\detection, output_name:d.gif
len_jpg_files: 1
nodules_dir: output\crop1001\nodules-last-detected-on\2023-05-10\43 has 1 entries
nodules_dir: output\crop1001\nodules-last-detected-on\2023-05-10\43 has less than 2 entries, skipping
@generate_gif: path:output\crop1001\nodules-last-detected-on\2023-05-10\45, output_name:o.gif
len_jpg_files: 3
@generate_gif: path:output\crop1001\nodules-last-detected-on\2023-05-10\45\detection, output_name:d.gif
len_jpg_files: 3
nodules_dir: output\crop1001\nodules-last-detected-on\2023-05-10\45 has 3 entries
nodules_dir: output\crop1001\nodules-last-detected-on\2023-05-10\45 has 3 entries


Plotting date: 2023-05-10

@check_overlap_helper: existing_positions:[], x:152, y:134, offset_increment:{'x': 0.6875, 'y': 1.2833333333333345}, xlim:(146.75, 152.25), ylim:(132.95, 156.05), i:0
returning: (152, 134), modified:False


Plotting date: 2023-05-08

@check_overlap_helper: existing_positions:[(152, 134)], x:152, y:135, offset_increment:{'x': 0.6875, 'y': 1.2833333333333345}, xlim:(146.75, 152.25), ylim:(132.95, 156.05), i:0
returning: (152, 135), modified:False


Plotting date: 2023-05-05

@check_overlap_helper: existing_positions:[(152, 134), (152, 135)], x:147, y:155, offset_increment:{'x': 0.6875, 'y': 1.2833333333333345}, xlim:(146.75, 152.25), ylim:(132.95, 156.05), i:0
returning: (147, 155), modified:False
@generate_gif: path:output\crop1001\nodules-last-detected-on\2023-05-10\55, output_name:o.gif
len_jpg_files: 1
@generate_gif: path:output\crop1001\nodules-last-detected-on\2023-05-10\55\detection, output_name:d.gif
len_jpg_files: 1
nodules_dir: output\crop1001\nodules-last-detected-on\2023-05-10\55 has 1 entries
nodules_dir: output\crop1001\nodules-last-detected-on\2023-05-10\55 has less than 2 entries, skipping
@generate_gif: path:output\crop1001\nodules-last-detected-on\2023-05-10\65, output_name:o.gif
len_jpg_files: 1
@generate_gif: path:output\crop1001\nodules-last-detected-on\2023-05-10\65\detection, output_name:d.gif
len_jpg_files: 1
nodules_dir: output\crop1001\nodules-last-detected-on\2023-05-10\65 has 1 entries
nodules_dir: output\crop1001\nodules-last-detected-on\2023-05-10\65 has less than 2 entries, skipping
@generate_gif: path:output\crop1001\nodules-last-detected-on\2023-05-10\68, output_name:o.gif
len_jpg_files: 1
@generate_gif: path:output\crop1001\nodules-last-detected-on\2023-05-10\68\detection, output_name:d.gif
len_jpg_files: 1
nodules_dir: output\crop1001\nodules-last-detected-on\2023-05-10\68 has 1 entries
nodules_dir: output\crop1001\nodules-last-detected-on\2023-05-10\68 has less than 2 entries, skipping
@generate_gif: path:output\crop1001\nodules-last-detected-on\2023-05-10\73, output_name:o.gif
len_jpg_files: 1
@generate_gif: path:output\crop1001\nodules-last-detected-on\2023-05-10\73\detection, output_name:d.gif
len_jpg_files: 1
nodules_dir: output\crop1001\nodules-last-detected-on\2023-05-10\73 has 1 entries
nodules_dir: output\crop1001\nodules-last-detected-on\2023-05-10\73 has less than 2 entries, skipping
@generate_gif: path:output\crop1001\nodules-last-detected-on\2023-05-10\79, output_name:o.gif
len_jpg_files: 1
@generate_gif: path:output\crop1001\nodules-last-detected-on\2023-05-10\79\detection, output_name:d.gif
len_jpg_files: 1
nodules_dir: output\crop1001\nodules-last-detected-on\2023-05-10\79 has 1 entries
nodules_dir: output\crop1001\nodules-last-detected-on\2023-05-10\79 has less than 2 entries, skipping
@generate_gif: path:output\crop1001\nodules-last-detected-on\2023-05-10\8, output_name:o.gif
len_jpg_files: 1
@generate_gif: path:output\crop1001\nodules-last-detected-on\2023-05-10\8\detection, output_name:d.gif
len_jpg_files: 1
nodules_dir: output\crop1001\nodules-last-detected-on\2023-05-10\8 has 1 entries
nodules_dir: output\crop1001\nodules-last-detected-on\2023-05-10\8 has less than 2 entries, skipping
@generate_gif: path:output\crop1001\nodules-last-detected-on\2023-05-10\88, output_name:o.gif
len_jpg_files: 1
@generate_gif: path:output\crop1001\nodules-last-detected-on\2023-05-10\88\detection, output_name:d.gif
len_jpg_files: 1
nodules_dir: output\crop1001\nodules-last-detected-on\2023-05-10\88 has 1 entries
nodules_dir: output\crop1001\nodules-last-detected-on\2023-05-10\88 has less than 2 entries, skipping
@generate_gif: path:output\crop1001\nodules-last-detected-on\2023-05-10\89, output_name:o.gif
len_jpg_files: 1
@generate_gif: path:output\crop1001\nodules-last-detected-on\2023-05-10\89\detection, output_name:d.gif
len_jpg_files: 1
nodules_dir: output\crop1001\nodules-last-detected-on\2023-05-10\89 has 1 entries
nodules_dir: output\crop1001\nodules-last-detected-on\2023-05-10\89 has less than 2 entries, skipping
@generate_gif: path:output\crop1001\nodules-last-detected-on\2023-05-10\90, output_name:o.gif
len_jpg_files: 1
@generate_gif: path:output\crop1001\nodules-last-detected-on\2023-05-10\90\detection, output_name:d.gif
len_jpg_files: 1
nodules_dir: output\crop1001\nodules-last-detected-on\2023-05-10\90 has 1 entries
nodules_dir: output\crop1001\nodules-last-detected-on\2023-05-10\90 has less than 2 entries, skipping
@generate_gif: path:output\crop1001\nodules-last-detected-on\2023-05-10\91, output_name:o.gif
len_jpg_files: 1
@generate_gif: path:output\crop1001\nodules-last-detected-on\2023-05-10\91\detection, output_name:d.gif
len_jpg_files: 1
nodules_dir: output\crop1001\nodules-last-detected-on\2023-05-10\91 has 1 entries
nodules_dir: output\crop1001\nodules-last-detected-on\2023-05-10\91 has less than 2 entries, skipping
@generate_gif: path:output\crop1001\nodules-last-detected-on\2023-05-10\92, output_name:o.gif
len_jpg_files: 1
@generate_gif: path:output\crop1001\nodules-last-detected-on\2023-05-10\92\detection, output_name:d.gif
len_jpg_files: 1
nodules_dir: output\crop1001\nodules-last-detected-on\2023-05-10\92 has 1 entries
nodules_dir: output\crop1001\nodules-last-detected-on\2023-05-10\92 has less than 2 entries, skipping
@generate_gif: path:output\crop1001\nodules-last-detected-on\2023-05-10\94, output_name:o.gif
len_jpg_files: 1
@generate_gif: path:output\crop1001\nodules-last-detected-on\2023-05-10\94\detection, output_name:d.gif
len_jpg_files: 1
nodules_dir: output\crop1001\nodules-last-detected-on\2023-05-10\94 has 1 entries
nodules_dir: output\crop1001\nodules-last-detected-on\2023-05-10\94 has less than 2 entries, skipping
@post_process: output\crop1001\nodules-last-detected-on\2023-05-10, 28 nodules, took 3.14s
