Current memory usage: 1835.265625 MB
@analyze_image: file_name: data/crop985/20230505.jpg, output_dir: output/crop985, external_logger: <Logger data_crop985.log (DEBUG)>
Loaded image & JSON file: data/crop985/20230505.jpg
Scaled JSON data: scalar_position: 0.5, scalar_size: 0.5

@find_prev_next_date: image_output_dir: output/crop985/20230505
data_dir: data/crop985
Previous date file: data/crop985/20230503.json, Next date file: data/crop985/20230508.jpg


Loaded prev_results from JSON file: 20230503, length: 19
Scaled JSON data: scalar_position: 0.5, scalar_size: 0.5
Loaded next_results from JSON file: 20230508, length: 53
Scaled JSON data: scalar_position: 0.5, scalar_size: 0.5
prev_results is not empty, generating matching
Current memory usage: 1835.2734375 MB
current_date:20230505, generating Matching: 20230503_20230505_matching.json
spatial_distances: (22, 19), attribute_distances: (22, 19)
combined_distances: (22, 19)
Current memory usage: 1835.27734375 MB

@find_matching: combined_distances: (22, 19), next_matching: [{'id': '20230512_1', 'p': {'id': 0, 'tq': 84.0, 'dx': -1, 'dy': 0, 'dd': 0, 'da': 8.0, 'dp': 1.41, 'de': 0.08}, 'c': {'id': 0}, 'n': {'id': 1, 'dx': 2, 'dy': 1, 'dd': 1, 'da': 25.0, 'dp': 5.66, 'de': -0.13}, 'i': 2}, {'id': '20230607_2', 'p': {'id': 4, 'tq': -76.0, 'dx': 28, 'dy': -30, 'dd': 1, 'da': 21.0, 'dp': 4.0, 'de': -0.09}, 'c': {'id': 1}, 'n': {'id': 4, 'dx': 0, 'dy': 0, 'dd': 0, 'da': 22.0, 'dp': 5.41, 'de': -0.22}, 'i': 13}, {'id': '20230526_6', 'p': {'id': 1, 'tq': 81.0, 'dx': -1, 'dy': 1, 'dd': 1, 'da': 9.0, 'dp': 0.83, 'de': 0.04}, 'c': {'id': 3}, 'n': {'id': 6, 'dx': 1, 'dy': 0, 'dd': 1, 'da': 38.0, 'dp': 6.83, 'de': 0.08}, 'i': 8}, {'id': '20230508_3', 'p': {'id': 2, 'tq': 51.0, 'dx': -2, 'dy': -5, 'dd': 0, 'da': 20.0, 'dp': 3.41, 'de': -0.11}, 'c': {'id': 4}, 'n': {}, 'i': 0}, {'id': '20230607_6', 'p': {'id': 3, 'tq': 77.0, 'dx': -1, 'dy': 1, 'dd': 0, 'da': -12.0, 'dp': -1.41, 'de': 0.24}, 'c': {'id': 5}, 'n': {'id': 8, 'dx': 1, 'dy': 1, 'dd': 0, 'da': 15.0, 'dp': 2.83, 'de': -0.01}, 'i': 13}, {'id': '20230607_9', 'p': {'id': 6, 'tq': -38.0, 'dx': -7, 'dy': -27, 'dd': 1, 'da': 26.0, 'dp': 7.66, 'de': -0.13}, 'c': {'id': 6}, 'n': {'id': 10, 'dx': 0, 'dy': 0, 'dd': 0, 'da': -6.0, 'dp': -2.24, 'de': 0.0}, 'i': 13}, {'id': '20230531_9', 'p': {'id': 5, 'tq': -63.0, 'dx': -1, 'dy': -7, 'dd': 4, 'da': 90.0, 'dp': 20.73, 'de': -0.1}, 'c': {'id': 7}, 'n': {'id': 11, 'dx': 1, 'dy': 0, 'dd': 0, 'da': -2.0, 'dp': 1.41, 'de': -0.27}, 'i': 10}, {'id': '20230529_15', 'p': {'id': 7, 'tq': 28.0, 'dx': 0, 'dy': 0, 'dd': 2, 'da': 47.0, 'dp': 9.66, 'de': -0.11}, 'c': {'id': 10}, 'n': {'id': 15, 'dx': 1, 'dy': 0, 'dd': 1, 'da': 49.0, 'dp': 7.17, 'de': 0.0}, 'i': 9}, {'id': '20230510_13', 'p': {'id': 8, 'tq': -107.0, 'dx': 0, 'dy': 2, 'dd': 1, 'da': 132.0, 'dp': 18.14, 'de': 0.04}, 'c': {'id': 11}, 'n': {'id': 16, 'dx': 1, 'dy': -1, 'dd': 1, 'da': 43.0, 'dp': 9.41, 'de': 0.04}, 'i': 1}, {'id': '20230607_18', 'p': {'id': 9, 'tq': -42.0, 'dx': -1, 'dy': 1, 'dd': 2, 'da': 90.0, 'dp': 17.07, 'de': 0.08}, 'c': {'id': 17}, 'n': {'id': 22, 'dx': 1, 'dy': 0, 'dd': 1, 'da': 34.0, 'dp': 5.66, 'de': 0.02}, 'i': 13}, {'id': '20230508_10', 'p': {'id': 10, 'tq': 10.0, 'dx': -3, 'dy': -2, 'dd': 2, 'da': 50.0, 'dp': 13.07, 'de': -0.04}, 'c': {'id': 18}, 'n': {}, 'i': 0}, {'id': '20230508_11', 'p': {'id': 14, 'tq': -80.0, 'dx': -2, 'dy': -48, 'dd': 0, 'da': -7.0, 'dp': -3.17, 'de': -0.39}, 'c': {'id': 31}, 'n': {}, 'i': 0}, {'id': '20230508_12', 'p': {'id': 13, 'tq': -135.0, 'dx': 28, 'dy': -31, 'dd': -2, 'da': -58.0, 'dp': -12.59, 'de': 0.22}, 'c': {'id': 36}, 'n': {}, 'i': 0}, {'id': '20230510_37', 'p': {'id': 11, 'tq': 18.0, 'dx': -6, 'dy': 7, 'dd': -2, 'da': -30.0, 'dp': -14.69, 'de': 0.31}, 'c': {'id': 39}, 'n': {'id': 40, 'dx': 0, 'dy': -2, 'dd': 1, 'da': 18.0, 'dp': 11.69, 'de': -0.19}, 'i': 1}, {'id': '20230510_39', 'p': {'id': 12, 'tq': 25.0, 'dx': -2, 'dy': 11, 'dd': 1, 'da': 23.0, 'dp': 6.24, 'de': -0.07}, 'c': {'id': 41}, 'n': {'id': 42, 'dx': 0, 'dy': 0, 'dd': 0, 'da': -8.0, 'dp': -2.83, 'de': -0.25}, 'i': 1}, {'id': '20230512_56', 'p': {'id': 16, 'tq': -212.0, 'dx': 70, 'dy': -30, 'dd': -1, 'da': -29.0, 'dp': -8.24, 'de': 0.18}, 'c': {'id': 44}, 'n': {'id': 51, 'dx': -4, 'dy': 3, 'dd': 1, 'da': 17.0, 'dp': 4.59, 'de': -0.16}, 'i': 2}, {'id': '20230529_75', 'p': {'id': 18, 'tq': -573.0, 'dx': 107, 'dy': -158, 'dd': 1, 'da': 2.0, 'dp': -2.86, 'de': -0.37}, 'c': {'id': 46}, 'n': {'id': 61, 'dx': 0, 'dy': -1, 'dd': 1, 'da': 48.0, 'dp': 10.49, 'de': -0.22}, 'i': 9}, {'id': '20230508_17', 'p': {'id': 15, 'tq': -221.0, 'dx': 10, 'dy': 34, 'dd': 3, 'da': 130.0, 'dp': 19.9, 'de': -0.24}, 'c': {'id': 47}, 'n': {}, 'i': 0}, {'id': '20230607_117', 'p': {'id': 20, 'tq': -460.0, 'dx': -24, 'dy': -122, 'dd': -2, 'da': -81.0, 'dp': -19.31, 'de': -0.37}, 'c': {'id': 49}, 'n': {'id': 74, 'dx': 0, 'dy': -1, 'dd': 1, 'da': 58.0, 'dp': 12.83, 'de': -0.15}, 'i': 13}, {'id': '20230510_50', 'p': {'id': 17, 'tq': 41.0, 'dx': 1, 'dy': 1, 'dd': 2, 'da': 35.0, 'dp': 7.66, 'de': -0.1}, 'c': {'id': 50}, 'n': {'id': 76, 'dx': 0, 'dy': -1, 'dd': 1, 'da': 32.0, 'dp': 6.24, 'de': -0.1}, 'i': 1}, {'id': '20230512_78', 'p': {'id': 19, 'tq': -221.0, 'dx': 44, 'dy': -46, 'dd': 3, 'da': 64.0, 'dp': 12.62, 'de': -0.17}, 'c': {'id': 51}, 'n': {'id': 77, 'dx': 1, 'dy': -1, 'dd': 0, 'da': 22.0, 'dp': 4.83, 'de': -0.38}, 'i': 2}, {'id': '20230508_21', 'p': {'id': 21, 'tq': 41.0, 'dx': -3, 'dy': -1, 'dd': -1, 'da': -31.0, 'dp': -8.49, 'de': -0.0}, 'c': {'id': 52}, 'n': {}, 'i': 0}], current_date_string: 20230505, distance_threshold: 20
matched entry: {'id': '20230512_1', 'p': {'id': 0, 'tq': 84.0, 'dx': -1, 'dy': 0, 'dd': 0, 'da': 8.0, 'dp': 1.41, 'de': 0.08}, 'c': {'id': 0}, 'n': {'id': 1, 'dx': 2, 'dy': 1, 'dd': 1, 'da': 25.0, 'dp': 5.66, 'de': -0.13}, 'i': 2}, len(matching): 0
matched entry: {'id': '20230526_6', 'p': {'id': 1, 'tq': 81.0, 'dx': -1, 'dy': 1, 'dd': 1, 'da': 9.0, 'dp': 0.83, 'de': 0.04}, 'c': {'id': 3}, 'n': {'id': 6, 'dx': 1, 'dy': 0, 'dd': 1, 'da': 38.0, 'dp': 6.83, 'de': 0.08}, 'i': 8}, len(matching): 1
matched entry: {'id': '20230508_3', 'p': {'id': 2, 'tq': 51.0, 'dx': -2, 'dy': -5, 'dd': 0, 'da': 20.0, 'dp': 3.41, 'de': -0.11}, 'c': {'id': 4}, 'n': {}, 'i': 0}, len(matching): 2
matched entry: {'id': '20230607_6', 'p': {'id': 3, 'tq': 77.0, 'dx': -1, 'dy': 1, 'dd': 0, 'da': -12.0, 'dp': -1.41, 'de': 0.24}, 'c': {'id': 5}, 'n': {'id': 8, 'dx': 1, 'dy': 1, 'dd': 0, 'da': 15.0, 'dp': 2.83, 'de': -0.01}, 'i': 13}, len(matching): 3
tq < 0
matched entry: {'id': '20230529_15', 'p': {'id': 7, 'tq': 28.0, 'dx': 0, 'dy': 0, 'dd': 2, 'da': 47.0, 'dp': 9.66, 'de': -0.11}, 'c': {'id': 10}, 'n': {'id': 15, 'dx': 1, 'dy': 0, 'dd': 1, 'da': 49.0, 'dp': 7.17, 'de': 0.0}, 'i': 9}, len(matching): 5
tq < 0
tq < 0
matched entry: {'id': '20230508_10', 'p': {'id': 10, 'tq': 10.0, 'dx': -3, 'dy': -2, 'dd': 2, 'da': 50.0, 'dp': 13.07, 'de': -0.04}, 'c': {'id': 18}, 'n': {}, 'i': 0}, len(matching): 8
matched entry: {'id': '20230510_37', 'p': {'id': 11, 'tq': 18.0, 'dx': -6, 'dy': 7, 'dd': -2, 'da': -30.0, 'dp': -14.69, 'de': 0.31}, 'c': {'id': 39}, 'n': {'id': 40, 'dx': 0, 'dy': -2, 'dd': 1, 'da': 18.0, 'dp': 11.69, 'de': -0.19}, 'i': 1}, len(matching): 9
tq < 0
tq < 0
tq < 0
tq < 0
matched entry: {'id': '20230510_50', 'p': {'id': 17, 'tq': 41.0, 'dx': 1, 'dy': 1, 'dd': 2, 'da': 35.0, 'dp': 7.66, 'de': -0.1}, 'c': {'id': 50}, 'n': {'id': 76, 'dx': 0, 'dy': -1, 'dd': 1, 'da': 32.0, 'dp': 6.24, 'de': -0.1}, 'i': 1}, len(matching): 14
tq < 0
tq < 0
tq < 0
matched entry: {'id': '20230508_21', 'p': {'id': 21, 'tq': 41.0, 'dx': -3, 'dy': -1, 'dd': -1, 'da': -31.0, 'dp': -8.49, 'de': -0.0}, 'c': {'id': 52}, 'n': {}, 'i': 0}, len(matching): 18
i_dict: {0: 10, 1: 3, 2: 2, 3: 1, 9: 1, 10: 1, 14: 1}
tq_average: -134.0, dx_average: -4.5789, dy_average: 2.0, dd_average: 0.0, da_average: -5.0, dp_average: -0.9884, de_average: 0.0574
average_tracking_quality: 42.25
@find_matching:
Returning:
Matching(lenght=19): [{'id': '20230512_1', 'p': {'id': 0, 'tq': 87.0, 'dx': 0, 'dy': -2, 'dd': 0, 'da': 4.0, 'dp': 1.17, 'de': -0.09}, 'c': {'id': 0}, 'n': {'id': 0, 'dx': -1, 'dy': 0, 'dd': 0, 'da': 8.0, 'dp': 1.41, 'de': 0.08}, 'i': 3}, {'id': '20230526_6', 'p': {'id': 2, 'tq': -40.0, 'dx': -1, 'dy': 1, 'dd': 3, 'da': 87.0, 'dp': 22.49, 'de': 0.01}, 'c': {'id': 1}, 'n': {'id': 3, 'dx': -1, 'dy': 1, 'dd': 1, 'da': 9.0, 'dp': 0.83, 'de': 0.04}, 'i': 9}, {'id': '20230508_3', 'p': {'id': 1, 'tq': 19.0, 'dx': 3, 'dy': 10, 'dd': 0, 'da': -29.0, 'dp': -6.24, 'de': 0.04}, 'c': {'id': 2}, 'n': {'id': 4, 'dx': -2, 'dy': -5, 'dd': 0, 'da': 20.0, 'dp': 3.41, 'de': -0.11}, 'i': 1}, {'id': '20230607_6', 'p': {'id': 3, 'tq': 41.0, 'dx': 1, 'dy': 0, 'dd': 1, 'da': 37.0, 'dp': 4.59, 'de': 0.02}, 'c': {'id': 3}, 'n': {'id': 5, 'dx': -1, 'dy': 1, 'dd': 0, 'da': -12.0, 'dp': -1.41, 'de': 0.24}, 'i': 14}, {'id': '20230505_4', 'p': {'id': 4, 'tq': 22.0, 'dx': 4, 'dy': 11, 'dd': 1, 'da': 24.0, 'dp': 5.66, 'de': 0.16}, 'c': {'id': 4}, 'n': {}, 'i': 0}, {'id': '20230529_15', 'p': {'id': 6, 'tq': -263.0, 'dx': 25, 'dy': -86, 'dd': -1, 'da': -32.0, 'dp': -6.83, 'de': -0.08}, 'c': {'id': 7}, 'n': {'id': 10, 'dx': 0, 'dy': 0, 'dd': 2, 'da': 47.0, 'dp': 9.66, 'de': -0.11}, 'i': 10}, {'id': '20230505_6', 'p': {'id': 5, 'tq': -159.0, 'dx': 0, 'dy': 1, 'dd': 3, 'da': 170.0, 'dp': 12.59, 'de': -0.08}, 'c': {'id': 8}, 'n': {}, 'i': 0}, {'id': '20230505_7', 'p': {'id': 7, 'tq': -241.0, 'dx': 43, 'dy': -61, 'dd': 3, 'da': 50.0, 'dp': 17.45, 'de': -0.2}, 'c': {'id': 9}, 'n': {}, 'i': 0}, {'id': '20230508_10', 'p': {'id': 8, 'tq': -293.0, 'dx': 18, 'dy': -62, 'dd': -3, 'da': -109.0, 'dp': -22.49, 'de': 0.27}, 'c': {'id': 10}, 'n': {'id': 18, 'dx': -3, 'dy': -2, 'dd': 2, 'da': 50.0, 'dp': 13.07, 'de': -0.04}, 'i': 1}, {'id': '20230510_37', 'p': {'id': 10, 'tq': -56.0, 'dx': -32, 'dy': 11, 'dd': 2, 'da': 23.0, 'dp': 9.86, 'de': 0.15}, 'c': {'id': 11}, 'n': {'id': 39, 'dx': -6, 'dy': 7, 'dd': -2, 'da': -30.0, 'dp': -14.69, 'de': 0.31}, 'i': 2}, {'id': '20230505_10', 'p': {'id': 9, 'tq': -327.0, 'dx': -16, 'dy': 77, 'dd': 4, 'da': 96.0, 'dp': 30.9, 'de': -0.5}, 'c': {'id': 13}, 'n': {}, 'i': 0}, {'id': '20230505_11', 'p': {'id': 13, 'tq': -1.0, 'dx': 2, 'dy': 9, 'dd': -1, 'da': -45.0, 'dp': -7.07, 'de': 0.41}, 'c': {'id': 14}, 'n': {}, 'i': 0}, {'id': '20230505_12', 'p': {'id': 11, 'tq': -168.0, 'dx': -28, 'dy': 57, 'dd': 1, 'da': 30.0, 'dp': 6.83, 'de': 0.15}, 'c': {'id': 15}, 'n': {}, 'i': 0}, {'id': '20230505_13', 'p': {'id': 12, 'tq': -233.0, 'dx': -57, 'dy': 68, 'dd': -1, 'da': -14.0, 'dp': -4.24, 'de': -0.02}, 'c': {'id': 16}, 'n': {}, 'i': 0}, {'id': '20230510_50', 'p': {'id': 14, 'tq': -132.0, 'dx': 0, 'dy': 58, 'dd': -1, 'da': -19.0, 'dp': -4.83, 'de': 0.19}, 'c': {'id': 17}, 'n': {'id': 50, 'dx': 1, 'dy': 1, 'dd': 2, 'da': 35.0, 'dp': 7.66, 'de': -0.1}, 'i': 2}, {'id': '20230505_15', 'p': {'id': 16, 'tq': -152.0, 'dx': -23, 'dy': -33, 'dd': -3, 'da': -73.0, 'dp': -11.86, 'de': 0.58}, 'c': {'id': 18}, 'n': {}, 'i': 0}, {'id': '20230505_16', 'p': {'id': 15, 'tq': -268.0, 'dx': -52, 'dy': 11, 'dd': -4, 'da': -119.0, 'dp': -22.62, 'de': 0.36}, 'c': {'id': 19}, 'n': {}, 'i': 0}, {'id': '20230505_17', 'p': {'id': 18, 'tq': -229.0, 'dx': 37, 'dy': -53, 'dd': -1, 'da': -64.0, 'dp': -25.07, 'de': -0.13}, 'c': {'id': 20}, 'n': {}, 'i': 0}, {'id': '20230508_21', 'p': {'id': 17, 'tq': -153.0, 'dx': -11, 'dy': 21, 'dd': -3, 'da': -112.0, 'dp': -19.07, 'de': -0.15}, 'c': {'id': 21}, 'n': {'id': 52, 'dx': -3, 'dy': -1, 'dd': -1, 'da': -31.0, 'dp': -8.49, 'de': -0.0}, 'i': 1}]
Unmatched current(length=3): {12, 5, 6}
Unmatched previous(length=0): set()
Distance threshold: 20



@plot_data: normalized_points: (22, 2), normalized_prev_points: (19, 2), current_points: (22, 2), prev_points: (19, 2), current_data: 22, prev_data: 19, matching: 19, unmatched_current: 3, unmatched_prev: 0, combined_distances: (22, 19), distance_threshold: 20, current_date_string: 20230505, previous_date_string: 20230503, filename: output/crop985/plots/20230503_20230505.png
Plots created
Plotted the normalized points
Drawing lines between the matched points
Plotting the unmatched points
Plotted the original points with diameter as size
Drawing lines between the matched points and add the indices to the plots with color coding
Setting the titles and labels
Done plotting

@process_image: output_dir: output/crop985/20230505, image_name: 20230505, date_string: 20230505
len(json_data) = 22 json_data entries
len(matching) = 19 matching entries, setting max_id_i to 19
crop_dir: output/crop985
nodules_dir: output/crop985/nodules-last-detected-on
Split image into left and right images: (705, 300, 3), (705, 300, 3)
Converted right image to HSV: (705, 300, 3)
Created mask to detect nodules: (705, 300)

Found 21 contours in mask, processing each contour...

@process_contour: max_id: 20230505_19
Moments: {'m00': 16.0, 'm10': 2179.5, 'm01': 10703.666666666666, 'm20': 296910.8333333333, 'm11': 1458040.75, 'm02': 7160550.0, 'm30': 40450835.75, 'm21': 198627342.55, 'm12': 975402048.5833334, 'm03': 4790285518.900001, 'mu20': 22.06770833331393, 'mu11': 0.65625, 'mu02': 19.993055555969477, 'mu30': 1.1005859449505806, 'mu21': 1.9052517610125506, 'mu12': 0.23567710642237216, 'mu03': -2.8502893447875977, 'nu20': 0.08620198567700754, 'nu11': 0.0025634765625, 'nu02': 0.07809787326550577, 'nu30': 0.0010747909618658014, 'nu21': 0.001860597422863819, 'nu12': 0.00023015342424059781, 'nu03': -0.0027834856882691383}
Centroid: 136, 668
Processing contour#1: area: 16.0 centroid: 136, 668 rectangle: (134, 666, 6, 6)
@find_dayJSON_match_for_contour: x: 134, y: 666, w: 6, h: 6, area: 16.0
Matched with JSON#21: (136, 669, 4, 78.0, 30.9706, 0.498016)
Match with input JSON(nodules) ID: 21
Matched contour: {'x': 136, 'y': 669, 'd': 4, 'a': 78.0, 'p': 30.9706, 'e': 0.498016, 'id': 21, 'tq': 100}
JSON_entry: 21
Matched with first_id: 21 second_id: 17 name: 20230508_21
entry_id:20230508_21, entry saved to results list
created dirs at nodule_detection_path: output/crop985/nodules-last-detected-on/2023-05-08/21/detection and nodule_images_original_path: output/crop985/nodules-last-detected-on/2023-05-08/21
Segmented nodule image saved as output/crop985/nodules-last-detected-on/2023-05-08/21/detection/2023-05-05.jpg
Original nodule image saved as output/crop985/nodules-last-detected-on/2023-05-08/21/2023-05-05.jpg


@process_contour: max_id: 20230505_20
Moments: {'m00': 18.5, 'm10': 4976.333333333333, 'm01': 11617.5, 'm20': 1338620.5833333333, 'm11': 3124985.875, 'm02': 7295512.75, 'm30': 360093948.20000005, 'm21': 840608419.9666667, 'm12': 1962405912.3999999, 'm03': 4581430956.650001, 'mu20': 31.74849849846214, 'mu11': -16.962837838102132, 'mu02': 36.736486486159265, 'mu30': -9.191918909549713, 'mu21': -1.7308618989409297, 'mu12': 12.397504158267111, 'mu03': -13.371000289916992, 'nu20': 0.09276405697140144, 'nu11': -0.0495627109951852, 'nu02': 0.10733816358264214, 'nu30': -0.006244200840086583, 'nu21': -0.001175799028450117, 'nu12': 0.008421800348956801, 'nu03': -0.00908311007360569}
Centroid: 268, 627
Processing contour#2: area: 18.5 centroid: 268, 627 rectangle: (266, 625, 7, 7)
@find_dayJSON_match_for_contour: x: 266, y: 625, w: 7, h: 7, area: 18.5
Matched with JSON#20: (269, 627, 6, 133.0, 43.4558, 0.813727)
Match with input JSON(nodules) ID: 20
Matched contour: {'x': 269, 'y': 627, 'd': 6, 'a': 133.0, 'p': 43.4558, 'e': 0.813727, 'id': 20, 'tq': 100}
JSON_entry: 20
Matched with first_id: 20 second_id: 18 name: 20230505_17
entry_id:20230505_17, entry saved to results list
created dirs at nodule_detection_path: output/crop985/nodules-last-detected-on/2023-05-05/17/detection and nodule_images_original_path: output/crop985/nodules-last-detected-on/2023-05-05/17
Segmented nodule image saved as output/crop985/nodules-last-detected-on/2023-05-05/17/detection/2023-05-05.jpg
Original nodule image saved as output/crop985/nodules-last-detected-on/2023-05-05/17/2023-05-05.jpg


@process_contour: max_id: 20230505_21
Moments: {'m00': 30.0, 'm10': 3184.1666666666665, 'm01': 18032.5, 'm20': 338184.5, 'm11': 1913990.9166666665, 'm02': 10839073.833333332, 'm30': 35941418.15, 'm21': 203285803.16666666, 'm12': 1150496990.1333332, 'm03': 6515233048.25, 'mu20': 220.58796296297805, 'mu11': 41.40277777751908, 'mu02': 38.624999998137355, 'mu30': 65.15797324478626, 'mu21': -52.26466042967513, 'mu12': -36.16064798930256, 'mu03': -15.423608779907227, 'nu20': 0.24509773662553117, 'nu11': 0.04600308641946564, 'nu02': 0.042916666664597064, 'nu30': 0.013217959906476858, 'nu21': -0.010602419806548413, 'nu12': -0.007335556517683275, 'nu03': -0.003128836461811082}
Centroid: 106, 601
Processing contour#3: area: 30.0 centroid: 106, 601 rectangle: (101, 598, 11, 6)
@find_dayJSON_match_for_contour: x: 101, y: 598, w: 11, h: 6, area: 30.0
Matched with JSON#18: (104, 600, 3, 49.0, 26.5208, 0.880053)
Match with input JSON(nodules) ID: 18
Matched contour: {'x': 104, 'y': 600, 'd': 3, 'a': 49.0, 'p': 26.5208, 'e': 0.880053, 'id': 18, 'tq': 100}
JSON_entry: 18
Matched with first_id: 18 second_id: 16 name: 20230505_15
entry_id:20230505_15, entry saved to results list
created dirs at nodule_detection_path: output/crop985/nodules-last-detected-on/2023-05-05/15/detection and nodule_images_original_path: output/crop985/nodules-last-detected-on/2023-05-05/15
Segmented nodule image saved as output/crop985/nodules-last-detected-on/2023-05-05/15/detection/2023-05-05.jpg
Original nodule image saved as output/crop985/nodules-last-detected-on/2023-05-05/15/2023-05-05.jpg


@process_contour: max_id: 20230505_22
Moments: {'m00': 14.5, 'm10': 454.16666666666663, 'm01': 7815.333333333333, 'm20': 14244.083333333332, 'm11': 244793.4583333333, 'm02': 4212390.916666666, 'm30': 447326.05000000005, 'm21': 7677574.066666666, 'm12': 131942896.76666667, 'm03': 2270447622.7000003, 'mu20': 18.748084291188206, 'mu11': 2.8453065134235658, 'mu02': 16.08141762483865, 'mu30': 0.7150262034847401, 'mu21': -1.3653697095378448, 'mu12': -0.8441691935682911, 'mu03': 1.504554271697998, 'nu20': 0.08917043658115674, 'nu11': 0.013532967959208397, 'nu02': 0.07648712306700903, 'nu30': 0.0008931038304952325, 'nu21': -0.0017054157060083697, 'nu12': -0.0010544099456601278, 'nu03': 0.0018792642517053211}
Centroid: 31, 538
Processing contour#4: area: 14.5 centroid: 31, 538 rectangle: (29, 537, 6, 5)
@find_dayJSON_match_for_contour: x: 29, y: 537, w: 6, h: 5, area: 14.5
Matched with JSON#17: (31, 539, 3, 50.0, 24.4853, 0.645844)
Match with input JSON(nodules) ID: 17
Matched contour: {'x': 31, 'y': 539, 'd': 3, 'a': 50.0, 'p': 24.4853, 'e': 0.645844, 'id': 17, 'tq': 100}
JSON_entry: 17
Matched with first_id: 17 second_id: 14 name: 20230510_50
entry_id:20230510_50, entry saved to results list
created dirs at nodule_detection_path: output/crop985/nodules-last-detected-on/2023-05-10/50/detection and nodule_images_original_path: output/crop985/nodules-last-detected-on/2023-05-10/50
Segmented nodule image saved as output/crop985/nodules-last-detected-on/2023-05-10/50/detection/2023-05-05.jpg
Original nodule image saved as output/crop985/nodules-last-detected-on/2023-05-10/50/2023-05-05.jpg


@process_contour: max_id: 20230505_23
Moments: {'m00': 10.5, 'm10': 554.1666666666666, 'm01': 4573.833333333333, 'm20': 29259.416666666664, 'm11': 241398.625, 'm02': 1992384.0833333333, 'm30': 1545487.05, 'm21': 12745693.816666666, 'm12': 105155229.51666667, 'm03': 867895593.95, 'mu20': 11.731481481485389, 'mu11': 1.8657407407881692, 'mu02': 7.763227513758466, 'mu30': 1.7362139916513115, 'mu21': 2.0903292158664044, 'mu12': -0.32666081917051315, 'mu03': -1.1519360542297363, 'nu20': 0.1064079952969196, 'nu11': 0.016922818510550285, 'nu02': 0.07041476202955524, 'nu30': 0.0048599298895755615, 'nu21': 0.005851152844114629, 'nu12': -0.0009143738539568491, 'nu03': -0.003224446115369837}
Centroid: 52, 435
Processing contour#5: area: 10.5 centroid: 52, 435 rectangle: (51, 434, 5, 4)
@find_dayJSON_match_for_contour: x: 51, y: 434, w: 5, h: 4, area: 10.5
Matched with JSON#16: (52, 435, 3, 49.0, 23.3137, 0.463248)
Match with input JSON(nodules) ID: 16
Matched contour: {'x': 52, 'y': 435, 'd': 3, 'a': 49.0, 'p': 23.3137, 'e': 0.463248, 'id': 16, 'tq': 100}
JSON_entry: 16
Matched with first_id: 16 second_id: 12 name: 20230505_13
entry_id:20230505_13, entry saved to results list
created dirs at nodule_detection_path: output/crop985/nodules-last-detected-on/2023-05-05/13/detection and nodule_images_original_path: output/crop985/nodules-last-detected-on/2023-05-05/13
Segmented nodule image saved as output/crop985/nodules-last-detected-on/2023-05-05/13/detection/2023-05-05.jpg
Original nodule image saved as output/crop985/nodules-last-detected-on/2023-05-05/13/2023-05-05.jpg


@process_contour: max_id: 20230505_24
Moments: {'m00': 24.0, 'm10': 727.8333333333333, 'm01': 10148.5, 'm20': 22104.166666666664, 'm11': 307747.75, 'm02': 4291426.166666666, 'm30': 672261.8500000001, 'm21': 9345662.833333334, 'm12': 130126846.53333333, 'm03': 1814724100.25, 'mu20': 31.609953703704377, 'mu11': -19.607638888817746, 'mu02': 90.65625, 'mu30': 5.064104295452125, 'mu21': 13.115403160491041, 'mu12': -29.941348393757835, 'mu03': -4.013454437255859, 'nu20': 0.054878391846708986, 'nu11': -0.03404103973753081, 'nu02': 0.15738932291666666, 'nu30': 0.0017946284039488157, 'nu21': 0.004647865381089248, 'nu12': -0.0106106808124432, 'nu03': -0.0014222967993613802}
Centroid: 30, 422
Processing contour#6: area: 24.0 centroid: 30, 422 rectangle: (28, 419, 6, 9)
@find_dayJSON_match_for_contour: x: 28, y: 419, w: 6, h: 9, area: 24.0
Matched with JSON#15: (29, 422, 5, 97.0, 34.9706, 0.68989)
Match with input JSON(nodules) ID: 15
Matched contour: {'x': 29, 'y': 422, 'd': 5, 'a': 97.0, 'p': 34.9706, 'e': 0.68989, 'id': 15, 'tq': 100}
JSON_entry: 15
Matched with first_id: 15 second_id: 11 name: 20230505_12
entry_id:20230505_12, entry saved to results list
created dirs at nodule_detection_path: output/crop985/nodules-last-detected-on/2023-05-05/12/detection and nodule_images_original_path: output/crop985/nodules-last-detected-on/2023-05-05/12
Segmented nodule image saved as output/crop985/nodules-last-detected-on/2023-05-05/12/detection/2023-05-05.jpg
Original nodule image saved as output/crop985/nodules-last-detected-on/2023-05-05/12/2023-05-05.jpg


@process_contour: max_id: 20230505_25
Moments: {'m00': 16.0, 'm10': 4002.833333333333, 'm01': 6352.5, 'm20': 1001442.8333333333, 'm11': 1589247.5833333333, 'm02': 2522158.5, 'm30': 250550895.35000002, 'm21': 397602929.8333333, 'm12': 630984396.0333333, 'm03': 1001389626.25, 'mu20': 25.66493055562023, 'mu11': -2.3385416665114462, 'mu02': 17.484375, 'mu30': 6.62665656208992, 'mu21': 0.010525161178520648, 'mu12': -4.2527995109558105, 'mu03': 0.6103515625, 'nu20': 0.10025363498289153, 'nu11': -0.009134928384810337, 'nu02': 0.06829833984375, 'nu30': 0.0064713442989159375, 'nu21': 1.027847771339907e-05, 'nu12': -0.004153124522417784, 'nu03': 0.0005960464477539062}
Centroid: 250, 397
Processing contour#7: area: 16.0 centroid: 250, 397 rectangle: (248, 395, 6, 5)
@find_dayJSON_match_for_contour: x: 248, y: 395, w: 6, h: 5, area: 16.0
Matched with JSON#14: (250, 397, 4, 66.0, 29.0711, 0.774932)
Match with input JSON(nodules) ID: 14
Matched contour: {'x': 250, 'y': 397, 'd': 4, 'a': 66.0, 'p': 29.0711, 'e': 0.774932, 'id': 14, 'tq': 100}
JSON_entry: 14
Matched with first_id: 14 second_id: 13 name: 20230505_11
entry_id:20230505_11, entry saved to results list
created dirs at nodule_detection_path: output/crop985/nodules-last-detected-on/2023-05-05/11/detection and nodule_images_original_path: output/crop985/nodules-last-detected-on/2023-05-05/11
Segmented nodule image saved as output/crop985/nodules-last-detected-on/2023-05-05/11/detection/2023-05-05.jpg
Original nodule image saved as output/crop985/nodules-last-detected-on/2023-05-05/11/2023-05-05.jpg


@process_contour: max_id: 20230505_26
Moments: {'m00': 12.5, 'm10': 379.66666666666663, 'm01': 4954.833333333333, 'm20': 11539.583333333332, 'm11': 150493.125, 'm02': 1964055.4166666665, 'm30': 350972.80000000005, 'm21': 4574034.066666666, 'm12': 59653571.766666666, 'm03': 778545630.45, 'mu20': 7.841111111112696, 'mu11': -1.679444444424007, 'mu02': 25.547777777770534, 'mu30': 0.8675259259180166, 'mu21': -0.8849037047089041, 'mu12': -6.670118522513576, 'mu03': -2.9080591201782227, 'nu20': 0.050183111111121254, 'nu11': -0.010748444444313646, 'nu02': 0.16350577777773143, 'nu30': 0.001570389670583726, 'nu21': -0.0016018468103597167, 'nu12': -0.012074204258783604, 'nu03': -0.0052641493093616805}
Centroid: 30, 396
Processing contour#8: area: 12.5 centroid: 30, 396 rectangle: (29, 393, 4, 7)
@find_dayJSON_match_for_contour: x: 29, y: 393, w: 4, h: 7, area: 12.5
Matched with JSON#13: (29, 396, 5, 101.0, 35.3137, 0.375598)
Match with input JSON(nodules) ID: 13
Matched contour: {'x': 29, 'y': 396, 'd': 5, 'a': 101.0, 'p': 35.3137, 'e': 0.375598, 'id': 13, 'tq': 100}
JSON_entry: 13
Matched with first_id: 13 second_id: 9 name: 20230505_10
entry_id:20230505_10, entry saved to results list
created dirs at nodule_detection_path: output/crop985/nodules-last-detected-on/2023-05-05/10/detection and nodule_images_original_path: output/crop985/nodules-last-detected-on/2023-05-05/10
Segmented nodule image saved as output/crop985/nodules-last-detected-on/2023-05-05/10/detection/2023-05-05.jpg
Original nodule image saved as output/crop985/nodules-last-detected-on/2023-05-05/10/2023-05-05.jpg


@process_contour: max_id: 20230505_27
Moments: {'m00': 9.0, 'm10': 1975.5, 'm01': 3397.5, 'm20': 433629.0, 'm11': 745751.25, 'm02': 1282563.0, 'm30': 95184528.75, 'm21': 163694947.5, 'm12': 281522578.5, 'm03': 484172628.75, 'mu20': 6.75, 'mu11': 0.0, 'mu02': 6.75, 'mu30': 0.0, 'mu21': 0.0, 'mu12': 0.0, 'mu03': 0.0, 'nu20': 0.08333333333333333, 'nu11': 0.0, 'nu02': 0.08333333333333333, 'nu30': 0.0, 'nu21': 0.0, 'nu12': 0.0, 'nu03': 0.0}
Centroid: 219, 377
Processing contour#9: area: 9.0 centroid: 219, 377 rectangle: (218, 376, 4, 4)
@find_dayJSON_match_for_contour: x: 218, y: 376, w: 4, h: 4, area: 9.0
Matched with JSON#12: (219, 377, 3, 37.0, 20.4853, 0.524836)
Match with input JSON(nodules) ID: 12
Matched contour: {'x': 219, 'y': 377, 'd': 3, 'a': 37.0, 'p': 20.4853, 'e': 0.524836, 'id': 12, 'tq': 100}
JSON_entry: 12
WARNING: match is empty
entry_id:20230505_27, entry saved to results list
created dirs at nodule_detection_path: output/crop985/nodules-last-detected-on/2023-05-05/27/detection and nodule_images_original_path: output/crop985/nodules-last-detected-on/2023-05-05/27
Segmented nodule image saved as output/crop985/nodules-last-detected-on/2023-05-05/27/detection/2023-05-05.jpg
Original nodule image saved as output/crop985/nodules-last-detected-on/2023-05-05/27/2023-05-05.jpg


@process_contour: max_id: 20230505_28
Moments: {'m00': 5.5, 'm10': 1204.1666666666665, 'm01': 2043.8333333333333, 'm20': 263641.25, 'm11': 447476.0416666666, 'm02': 759504.5833333333, 'm30': 57722213.050000004, 'm21': 97970866.15, 'm12': 166285777.85, 'm03': 282239277.95, 'mu20': 1.729797979875002, 'mu11': 0.41035353537881747, 'mu02': 3.729797979700379, 'mu30': 0.1157330647110939, 'mu21': 0.1391337497996119, 'mu12': -0.2989133686411378, 'mu03': -0.3058156371116638, 'nu20': 0.0571834042933885, 'nu11': 0.013565406128225372, 'nu02': 0.12329910676695469, 'nu30': 0.0016313634580122605, 'nu21': 0.0019612175290260846, 'nu12': -0.004213457475871686, 'nu03': -0.004310751266443248}
Centroid: 218, 371
Processing contour#10: area: 5.5 centroid: 218, 371 rectangle: (218, 370, 3, 4)
@find_dayJSON_match_for_contour: x: 218, y: 370, w: 3, h: 4, area: 5.5
Matched with JSON#11: (218, 371, 3, 35.0, 19.8995, 0.503974)
Match with input JSON(nodules) ID: 11
Matched contour: {'x': 218, 'y': 371, 'd': 3, 'a': 35.0, 'p': 19.8995, 'e': 0.503974, 'id': 11, 'tq': 100}
JSON_entry: 11
Matched with first_id: 11 second_id: 10 name: 20230510_37
entry_id:20230510_37, entry saved to results list
created dirs at nodule_detection_path: output/crop985/nodules-last-detected-on/2023-05-10/37/detection and nodule_images_original_path: output/crop985/nodules-last-detected-on/2023-05-10/37
Segmented nodule image saved as output/crop985/nodules-last-detected-on/2023-05-10/37/detection/2023-05-05.jpg
Original nodule image saved as output/crop985/nodules-last-detected-on/2023-05-10/37/2023-05-05.jpg


@process_contour: max_id: 20230505_29
Moments: {'m00': 4.5, 'm10': 559.6666666666666, 'm01': 1052.6666666666665, 'm20': 69608.25, 'm11': 130920.875, 'm02': 246247.25, 'm30': 8657775.8, 'm21': 16283256.683333334, 'm12': 30626016.849999998, 'm03': 57604189.300000004, 'mu20': 2.2993827160680667, 'mu11': 0.33179012349864934, 'mu02': 1.225308642082382, 'mu30': 0.016506627202033997, 'mu21': -0.1797210858892413, 'mu12': -0.06380888686462072, 'mu03': 0.07411976903676987, 'nu20': 0.11354976375644774, 'nu11': 0.016384697456723423, 'nu02': 0.060509068744808985, 'nu30': 0.0003842616635086935, 'nu21': -0.004183769499736377, 'nu12': -0.0014854221103518855, 'nu03': 0.0017254515656257008}
Centroid: 124, 233
Processing contour#11: area: 4.5 centroid: 124, 233 rectangle: (123, 233, 4, 3)
@find_dayJSON_match_for_contour: x: 123, y: 233, w: 4, h: 3, area: 4.5
Matched with JSON#10: (124, 233, 3, 37.0, 19.8995, 0.643981)
Match with input JSON(nodules) ID: 10
Matched contour: {'x': 124, 'y': 233, 'd': 3, 'a': 37.0, 'p': 19.8995, 'e': 0.643981, 'id': 10, 'tq': 100}
JSON_entry: 10
Matched with first_id: 10 second_id: 8 name: 20230508_10
entry_id:20230508_10, entry saved to results list
created dirs at nodule_detection_path: output/crop985/nodules-last-detected-on/2023-05-08/10/detection and nodule_images_original_path: output/crop985/nodules-last-detected-on/2023-05-08/10
Segmented nodule image saved as output/crop985/nodules-last-detected-on/2023-05-08/10/detection/2023-05-05.jpg
Original nodule image saved as output/crop985/nodules-last-detected-on/2023-05-08/10/2023-05-05.jpg


@process_contour: max_id: 20230505_30
Moments: {'m00': 13.0, 'm10': 1196.0, 'm01': 2877.6666666666665, 'm20': 110048.16666666666, 'm11': 264745.3333333333, 'm02': 637009.5, 'm30': 10127406.0, 'm21': 24360151.3, 'm12': 58604874.0, 'm03': 141013150.9, 'mu20': 16.166666666656965, 'mu11': 0.0, 'mu02': 12.158119658124633, 'mu30': 1.862645149230957e-09, 'mu21': 1.9965812019572695, 'mu12': 4.190951585769653e-09, 'mu03': -1.2947183847427368, 'nu20': 0.09566074950684596, 'nu11': 0.0, 'nu02': 0.0719415364386073, 'nu30': 3.056833224190483e-12, 'nu21': 0.0032766390074121343, 'nu12': 6.877874754428587e-12, 'nu03': -0.0021247945031751714}
Centroid: 92, 221
Processing contour#12: area: 13.0 centroid: 92, 221 rectangle: (90, 219, 5, 5)
@find_dayJSON_match_for_contour: x: 90, y: 219, w: 5, h: 5, area: 13.0
Matched with JSON#9: (92, 221, 4, 60.0, 25.8995, 0.378915)
Match with input JSON(nodules) ID: 9
Matched contour: {'x': 92, 'y': 221, 'd': 4, 'a': 60.0, 'p': 25.8995, 'e': 0.378915, 'id': 9, 'tq': 100}
JSON_entry: 9
Matched with first_id: 9 second_id: 7 name: 20230505_7
entry_id:20230505_7, entry saved to results list
created dirs at nodule_detection_path: output/crop985/nodules-last-detected-on/2023-05-05/7/detection and nodule_images_original_path: output/crop985/nodules-last-detected-on/2023-05-05/7
Segmented nodule image saved as output/crop985/nodules-last-detected-on/2023-05-05/7/detection/2023-05-05.jpg
Original nodule image saved as output/crop985/nodules-last-detected-on/2023-05-05/7/2023-05-05.jpg


@process_contour: max_id: 20230505_31
Moments: {'m00': 109.5, 'm10': 25849.0, 'm01': 17191.833333333332, 'm20': 6102660.416666666, 'm11': 4058446.7916666665, 'm02': 2700661.583333333, 'm30': 1440922206.4, 'm21': 958171716.9, 'm12': 637551743.6333333, 'm03': 424480294.95000005, 'mu20': 643.9691780824214, 'mu11': 75.10369102004915, 'mu02': 1491.4156519533135, 'mu30': 187.87045550346375, 'mu21': -4.4139930147212, 'mu12': -618.0822902644286, 'mu03': -108.42023718357086, 'nu20': 0.053707735708798506, 'nu11': 0.006263730199124217, 'nu02': 0.12438570104487506, 'nu30': 0.0014973495292913727, 'nu21': -3.5180041189426624e-05, 'nu12': -0.004926188228535555, 'nu03': -0.0008641219859579556}
Centroid: 236, 157
Processing contour#13: area: 109.5 centroid: 236, 157 rectangle: (231, 150, 11, 15)
@find_dayJSON_match_for_contour: x: 231, y: 150, w: 11, h: 15, area: 109.5
Matched with JSON#8: (235, 157, 11, 392.0, 75.6985, 0.784328)
Match with input JSON(nodules) ID: 8
Matched contour: {'x': 235, 'y': 157, 'd': 11, 'a': 392.0, 'p': 75.6985, 'e': 0.784328, 'id': 8, 'tq': 100}
JSON_entry: 8
Matched with first_id: 8 second_id: 5 name: 20230505_6
entry_id:20230505_6, entry saved to results list
created dirs at nodule_detection_path: output/crop985/nodules-last-detected-on/2023-05-05/6/detection and nodule_images_original_path: output/crop985/nodules-last-detected-on/2023-05-05/6
Segmented nodule image saved as output/crop985/nodules-last-detected-on/2023-05-05/6/detection/2023-05-05.jpg
Original nodule image saved as output/crop985/nodules-last-detected-on/2023-05-05/6/2023-05-05.jpg


@process_contour: max_id: 20230505_32
Moments: {'m00': 16.0, 'm10': 2348.1666666666665, 'm01': 2213.0, 'm20': 344642.1666666666, 'm11': 324783.9166666666, 'm02': 306104.6666666666, 'm30': 50586941.150000006, 'm21': 47669234.083333336, 'm12': 44924912.21666667, 'm03': 42343387.5, 'mu20': 24.248263888875954, 'mu11': 3.114583333313931, 'mu02': 19.10416666662786, 'mu30': -4.201526314020157, 'mu21': 0.21115453306265408, 'mu12': 2.221440987354981, 'mu03': 1.1015625149011612, 'nu20': 0.0947197808159217, 'nu11': 0.012166341145757542, 'nu02': 0.07462565104151508, 'nu30': -0.0041030530410353094, 'nu21': 0.00020620559869399813, 'nu12': 0.002169375964213849, 'nu03': 0.0010757446434581652}
Centroid: 146, 138
Processing contour#14: area: 16.0 centroid: 146, 138 rectangle: (144, 136, 6, 6)
@find_dayJSON_match_for_contour: x: 144, y: 136, w: 6, h: 6, area: 16.0
Matched with JSON#7: (146, 138, 4, 70.0, 28.7279, 0.411176)
Match with input JSON(nodules) ID: 7
Matched contour: {'x': 146, 'y': 138, 'd': 4, 'a': 70.0, 'p': 28.7279, 'e': 0.411176, 'id': 7, 'tq': 100}
JSON_entry: 7
Matched with first_id: 7 second_id: 6 name: 20230529_15
entry_id:20230529_15, entry saved to results list
created dirs at nodule_detection_path: output/crop985/nodules-last-detected-on/2023-05-29/15/detection and nodule_images_original_path: output/crop985/nodules-last-detected-on/2023-05-29/15
Segmented nodule image saved as output/crop985/nodules-last-detected-on/2023-05-29/15/detection/2023-05-05.jpg
Original nodule image saved as output/crop985/nodules-last-detected-on/2023-05-29/15/2023-05-05.jpg


@process_contour: max_id: 20230505_33
Moments: {'m00': 10.0, 'm10': 2355.0, 'm01': 1340.0, 'm20': 554608.6666666666, 'm11': 315570.0, 'm02': 179570.3333333333, 'm30': 130613245.5, 'm21': 74317561.33333333, 'm12': 42288813.5, 'm03': 24065194.0, 'mu20': 6.166666666627862, 'mu11': 0.0, 'mu02': 10.33333333331393, 'mu30': 2.9802322387695312e-08, 'mu21': 2.3283064365386963e-10, 'mu12': 4.5693013817071915e-09, 'mu03': 7.450580596923828e-09, 'nu20': 0.061666666666278624, 'nu11': 0.0, 'nu02': 0.10333333333313932, 'nu30': 9.424321830774486e-11, 'nu21': 7.362751430292567e-13, 'nu12': 1.4449399681949163e-11, 'nu03': 2.3560804576936214e-11}
Centroid: 235, 134
Processing contour#15: area: 10.0 centroid: 235, 134 rectangle: (234, 132, 4, 5)
@find_dayJSON_match_for_contour: x: 234, y: 132, w: 4, h: 5, area: 10.0
Matched with JSON#6: (235, 134, 3, 37.0, 19.8995, 0.603759)
Match with input JSON(nodules) ID: 6
Matched contour: {'x': 235, 'y': 134, 'd': 3, 'a': 37.0, 'p': 19.8995, 'e': 0.603759, 'id': 6, 'tq': 100}
JSON_entry: 6
WARNING: match is empty
entry_id:20230505_33, entry saved to results list
created dirs at nodule_detection_path: output/crop985/nodules-last-detected-on/2023-05-05/33/detection and nodule_images_original_path: output/crop985/nodules-last-detected-on/2023-05-05/33
Segmented nodule image saved as output/crop985/nodules-last-detected-on/2023-05-05/33/detection/2023-05-05.jpg
Original nodule image saved as output/crop985/nodules-last-detected-on/2023-05-05/33/2023-05-05.jpg


@process_contour: max_id: 20230505_34
Moments: {'m00': 4.5, 'm10': 1058.6666666666665, 'm01': 532.8333333333333, 'm20': 249064.25, 'm11': 125353.79166666666, 'm02': 63092.75, 'm30': 58596137.300000004, 'm21': 29490966.233333334, 'm12': 14843109.6, 'm03': 7470965.45, 'mu20': 3.114197530958336, 'mu11': -0.18364197527989745, 'mu02': 1.3364197531045647, 'mu30': 1.0494284108281136, 'mu21': 0.519913115696113, 'mu12': -0.5404892593570025, 'mu03': 0.012299951165914536, 'nu20': 0.15378753239300422, 'nu11': -0.009068739519994935, 'nu02': 0.06599603719034887, 'nu30': 0.02442989121535411, 'nu21': 0.01210317990902214, 'nu12': -0.012582176804932711, 'nu03': 0.00028633346099363123}
Centroid: 235, 118
Processing contour#16: area: 4.5 centroid: 235, 118 rectangle: (234, 117, 4, 4)
@find_dayJSON_match_for_contour: x: 234, y: 117, w: 4, h: 4, area: 4.5
Matched with JSON#5: (234, 118, 2, 27.0, 16.2426, 0.572413)
Match with input JSON(nodules) ID: 5
Matched contour: {'x': 234, 'y': 118, 'd': 2, 'a': 27.0, 'p': 16.2426, 'e': 0.572413, 'id': 5, 'tq': 100}
JSON_entry: 5
WARNING: match is empty
entry_id:20230505_34, entry saved to results list
created dirs at nodule_detection_path: output/crop985/nodules-last-detected-on/2023-05-05/34/detection and nodule_images_original_path: output/crop985/nodules-last-detected-on/2023-05-05/34
Segmented nodule image saved as output/crop985/nodules-last-detected-on/2023-05-05/34/detection/2023-05-05.jpg
Original nodule image saved as output/crop985/nodules-last-detected-on/2023-05-05/34/2023-05-05.jpg


@process_contour: max_id: 20230505_35
Moments: {'m00': 12.5, 'm10': 2265.833333333333, 'm01': 1288.8333333333333, 'm20': 410732.75, 'm11': 233623.54166666666, 'm02': 132900.75, 'm30': 74456755.95, 'm21': 42349654.15, 'm12': 24090688.316666666, 'm03': 13705725.450000001, 'mu20': 12.694444444554392, 'mu11': 1.0194444444496185, 'mu02': 13.44111111111124, 'mu30': -2.6925926208496094, 'mu21': -0.1759259291716262, 'mu12': 2.143629627677001, 'mu03': 0.3836740739643574, 'nu20': 0.08124444444514811, 'nu11': 0.006524444444477559, 'nu02': 0.08602311111111194, 'nu30': -0.00487411328300958, 'nu21': -0.0003184599488097309, 'nu12': 0.0038803841179719718, 'nu03': 0.0006945242610321053}
Centroid: 181, 103
Processing contour#17: area: 12.5 centroid: 181, 103 rectangle: (179, 101, 5, 5)
@find_dayJSON_match_for_contour: x: 179, y: 101, w: 5, h: 5, area: 12.5
Matched with JSON#4: (181, 103, 4, 70.0, 28.1421, 0.562795)
Match with input JSON(nodules) ID: 4
Matched contour: {'x': 181, 'y': 103, 'd': 4, 'a': 70.0, 'p': 28.1421, 'e': 0.562795, 'id': 4, 'tq': 100}
JSON_entry: 4
Matched with first_id: 4 second_id: 4 name: 20230505_4
entry_id:20230505_4, entry saved to results list
created dirs at nodule_detection_path: output/crop985/nodules-last-detected-on/2023-05-05/4/detection and nodule_images_original_path: output/crop985/nodules-last-detected-on/2023-05-05/4
Segmented nodule image saved as output/crop985/nodules-last-detected-on/2023-05-05/4/detection/2023-05-05.jpg
Original nodule image saved as output/crop985/nodules-last-detected-on/2023-05-05/4/2023-05-05.jpg


@process_contour: max_id: 20230505_36
Moments: {'m00': 48.5, 'm10': 11253.333333333332, 'm01': 4543.166666666666, 'm20': 2611294.25, 'm11': 1054157.125, 'm02': 425746.4166666666, 'm30': 605990215.7, 'm21': 244617325.76666665, 'm12': 98788177.23333333, 'm03': 39913392.550000004, 'mu20': 211.54667812213302, 'mu11': 17.560280641773716, 'mu02': 171.91437571600545, 'mu30': -7.748156666755676, 'mu21': 1.7080829428668949, 'mu12': 14.330538302434434, 'mu03': 11.10720980167389, 'nu20': 0.08993375624280285, 'nu11': 0.007465312208214992, 'nu02': 0.07308507842108851, 'nu30': -0.00047298138319869535, 'nu21': 0.00010426885615279692, 'nu12': 0.0008747987579225669, 'nu03': 0.00067803268331093}
Centroid: 232, 93
Processing contour#18: area: 48.5 centroid: 232, 93 rectangle: (228, 90, 9, 9)
@find_dayJSON_match_for_contour: x: 228, y: 90, w: 9, h: 9, area: 48.5
Matched with JSON#3: (232, 93, 7, 167.0, 44.9706, 0.223166)
Match with input JSON(nodules) ID: 3
Matched contour: {'x': 232, 'y': 93, 'd': 7, 'a': 167.0, 'p': 44.9706, 'e': 0.223166, 'id': 3, 'tq': 100}
JSON_entry: 3
Matched with first_id: 3 second_id: 3 name: 20230607_6
entry_id:20230607_6, entry saved to results list
created dirs at nodule_detection_path: output/crop985/nodules-last-detected-on/2023-06-07/6/detection and nodule_images_original_path: output/crop985/nodules-last-detected-on/2023-06-07/6
Segmented nodule image saved as output/crop985/nodules-last-detected-on/2023-06-07/6/detection/2023-05-05.jpg
Original nodule image saved as output/crop985/nodules-last-detected-on/2023-06-07/6/2023-05-05.jpg


@process_contour: max_id: 20230505_37
Moments: {'m00': 23.0, 'm10': 4107.0, 'm01': 2039.6666666666665, 'm20': 733412.1666666666, 'm11': 364210.3333333333, 'm02': 180922.5, 'm30': 130977904.5, 'm21': 65038709.63333333, 'm12': 32305904.166666668, 'm03': 16051949.9, 'mu20': 44.81884057971183, 'mu11': -3.1884057970601134, 'mu02': 42.49516908216174, 'mu30': -4.650283545255661, 'mu21': 7.037135051761197, 'mu12': 4.126233981187397, 'mu03': -4.206945324316621, 'nu20': 0.08472370619983333, 'nu11': -0.006027232130548418, 'nu02': 0.08033113248045697, 'nu30': -0.0018329889388246513, 'nu21': 0.002773807357199411, 'nu12': 0.0016264258239124404, 'nu03': -0.0016582395827410786}
Centroid: 178, 88
Processing contour#19: area: 23.0 centroid: 178, 88 rectangle: (176, 86, 6, 6)
@find_dayJSON_match_for_contour: x: 176, y: 86, w: 6, h: 6, area: 23.0
Matched with JSON#2: (178, 88, 6, 118.0, 37.5563, 0.308864)
Match with input JSON(nodules) ID: 2
Matched contour: {'x': 178, 'y': 88, 'd': 6, 'a': 118.0, 'p': 37.5563, 'e': 0.308864, 'id': 2, 'tq': 100}
JSON_entry: 2
Matched with first_id: 2 second_id: 1 name: 20230508_3
entry_id:20230508_3, entry saved to results list
created dirs at nodule_detection_path: output/crop985/nodules-last-detected-on/2023-05-08/3/detection and nodule_images_original_path: output/crop985/nodules-last-detected-on/2023-05-08/3
Segmented nodule image saved as output/crop985/nodules-last-detected-on/2023-05-08/3/detection/2023-05-05.jpg
Original nodule image saved as output/crop985/nodules-last-detected-on/2023-05-08/3/2023-05-05.jpg


@process_contour: max_id: 20230505_38
Moments: {'m00': 32.0, 'm10': 6997.833333333333, 'm01': 2599.833333333333, 'm20': 1530372.1666666665, 'm11': 568539.0, 'm02': 211321.5, 'm30': 334695892.85, 'm21': 124335412.36666666, 'm12': 46212496.53333333, 'm03': 17184799.85, 'mu20': 69.93663194449618, 'mu11': 1.488715277868323, 'mu02': 98.58246527783922, 'mu30': 12.534561336040497, 'mu21': -6.597969131677019, 'mu12': -15.265829369061976, 'mu03': 9.984105534851551, 'nu20': 0.06829749213329706, 'nu11': 0.0014538235135432842, 'nu02': 0.09627193874788986, 'nu30': 0.002163885087869372, 'nu21': -0.0011390304480147306, 'nu12': -0.002635393424633906, 'nu03': 0.001723590997992108}
Centroid: 218, 81
Processing contour#20: area: 32.0 centroid: 218, 81 rectangle: (216, 78, 7, 8)
@find_dayJSON_match_for_contour: x: 216, y: 78, w: 7, h: 8, area: 32.0
Matched with JSON#1: (218, 81, 5, 107.0, 36.1421, 0.283483)
Match with input JSON(nodules) ID: 1
Matched contour: {'x': 218, 'y': 81, 'd': 5, 'a': 107.0, 'p': 36.1421, 'e': 0.283483, 'id': 1, 'tq': 100}
JSON_entry: 1
Matched with first_id: 1 second_id: 2 name: 20230526_6
entry_id:20230526_6, entry saved to results list
created dirs at nodule_detection_path: output/crop985/nodules-last-detected-on/2023-05-26/6/detection and nodule_images_original_path: output/crop985/nodules-last-detected-on/2023-05-26/6
Segmented nodule image saved as output/crop985/nodules-last-detected-on/2023-05-26/6/detection/2023-05-05.jpg
Original nodule image saved as output/crop985/nodules-last-detected-on/2023-05-26/6/2023-05-05.jpg


@process_contour: max_id: 20230505_39
Moments: {'m00': 11.5, 'm10': 854.3333333333333, 'm01': 568.5, 'm20': 63480.75, 'm11': 42230.541666666664, 'm02': 28114.916666666664, 'm30': 4717822.2, 'm21': 3137678.7, 'm12': 2088334.0666666667, 'm03': 1390963.35, 'mu20': 12.450483091794013, 'mu11': -3.2409420289841364, 'mu02': 11.242753623188037, 'mu30': -3.406560246832669, 'mu21': 3.1621403066304765, 'mu12': 1.412654904748365, 'mu03': -3.009640831500292, 'nu20': 0.09414353944645755, 'nu11': -0.024506177912923525, 'nu02': 0.08501136955151634, 'nu30': -0.0075957641822687015, 'nu21': 0.007050769791241492, 'nu12': 0.003149861663938129, 'nu03': -0.006710734692174732}
Centroid: 74, 49
Processing contour#21: area: 11.5 centroid: 74, 49 rectangle: (72, 47, 5, 5)
@find_dayJSON_match_for_contour: x: 72, y: 47, w: 5, h: 5, area: 11.5
Matched with JSON#0: (74, 49, 4, 58.0, 26.4853, 0.482981)
Match with input JSON(nodules) ID: 0
Matched contour: {'x': 74, 'y': 49, 'd': 4, 'a': 58.0, 'p': 26.4853, 'e': 0.482981, 'id': 0, 'tq': 100}
JSON_entry: 0
Matched with first_id: 0 second_id: 0 name: 20230512_1
entry_id:20230512_1, entry saved to results list
created dirs at nodule_detection_path: output/crop985/nodules-last-detected-on/2023-05-12/1/detection and nodule_images_original_path: output/crop985/nodules-last-detected-on/2023-05-12/1
Segmented nodule image saved as output/crop985/nodules-last-detected-on/2023-05-12/1/detection/2023-05-05.jpg
Original nodule image saved as output/crop985/nodules-last-detected-on/2023-05-12/1/2023-05-05.jpg


Done analyzing contours, found 21 nodules.


results_entry: {'date': '20230505', 'json': 'output/crop985/20230505/20230505.json', 'log': 'output/crop985/20230505/crop985_20230505.log', 'image': 'data/crop985/20230505.jpg', 'plot': 'output/crop985/plots/20230503_20230505.png', 'match_stats': {'i_dict': {0: 10, 1: 3, 2: 2, 3: 1, 9: 1, 10: 1, 14: 1}, 'average_tracking_quality': 42.25, 'distance_threshold': 20, 'lengths': {'matching': 19, 'unmatched_current': 3, 'unmatched_previous': 0}, 'averages': {'tq': -134.0, 'i': 2.2632, 'dx': -4.5789, 'dy': 2.0, 'dd': 0.0, 'da': -5.0, 'dp': -0.9884, 'de': 0.0574}}}
