@post_process: subdir: output\crop1001\nodules-last-detected-on\2023-05-03
@generate_gif: path:output\crop1001\nodules-last-detected-on\2023-05-03\14, output_name:o.gif
len_jpg_files: 1
@generate_gif: path:output\crop1001\nodules-last-detected-on\2023-05-03\14\detection, output_name:d.gif
len_jpg_files: 1
nodules_dir: output\crop1001\nodules-last-detected-on\2023-05-03\14 has 1 entries
nodules_dir: output\crop1001\nodules-last-detected-on\2023-05-03\14 has less than 2 entries, skipping
@generate_gif: path:output\crop1001\nodules-last-detected-on\2023-05-03\15, output_name:o.gif
len_jpg_files: 3
@generate_gif: path:output\crop1001\nodules-last-detected-on\2023-05-03\15\detection, output_name:d.gif
len_jpg_files: 3
nodules_dir: output\crop1001\nodules-last-detected-on\2023-05-03\15 has 3 entries
nodules_dir: output\crop1001\nodules-last-detected-on\2023-05-03\15 has 3 entries


Plotting date: 2023-05-03

@check_overlap_helper: existing_positions:[], x:122, y:232, offset_increment:{'x': 0.4125000000000014, 'y': 0.2444444444444432}, xlim:(119.85, 123.15), ylim:(231.8, 236.2), i:0
returning: (122, 232), modified:False


Plotting date: 2023-05-01

@check_overlap_helper: existing_positions:[(122, 232)], x:120, y:236, offset_increment:{'x': 0.4125000000000014, 'y': 0.2444444444444432}, xlim:(119.85, 123.15), ylim:(231.8, 236.2), i:0
returning: (120, 236), modified:False


Plotting date: 2023-04-26

@check_overlap_helper: existing_positions:[(122, 232), (120, 236)], x:123, y:235, offset_increment:{'x': 0.4125000000000014, 'y': 0.2444444444444432}, xlim:(119.85, 123.15), ylim:(231.8, 236.2), i:0
returning: (123, 235), modified:False
@generate_gif: path:output\crop1001\nodules-last-detected-on\2023-05-03\17, output_name:o.gif
len_jpg_files: 1
@generate_gif: path:output\crop1001\nodules-last-detected-on\2023-05-03\17\detection, output_name:d.gif
len_jpg_files: 1
nodules_dir: output\crop1001\nodules-last-detected-on\2023-05-03\17 has 1 entries
nodules_dir: output\crop1001\nodules-last-detected-on\2023-05-03\17 has less than 2 entries, skipping
@generate_gif: path:output\crop1001\nodules-last-detected-on\2023-05-03\18, output_name:o.gif
len_jpg_files: 1
@generate_gif: path:output\crop1001\nodules-last-detected-on\2023-05-03\18\detection, output_name:d.gif
len_jpg_files: 1
nodules_dir: output\crop1001\nodules-last-detected-on\2023-05-03\18 has 1 entries
nodules_dir: output\crop1001\nodules-last-detected-on\2023-05-03\18 has less than 2 entries, skipping
@generate_gif: path:output\crop1001\nodules-last-detected-on\2023-05-03\19, output_name:o.gif
len_jpg_files: 1
@generate_gif: path:output\crop1001\nodules-last-detected-on\2023-05-03\19\detection, output_name:d.gif
len_jpg_files: 1
nodules_dir: output\crop1001\nodules-last-detected-on\2023-05-03\19 has 1 entries
nodules_dir: output\crop1001\nodules-last-detected-on\2023-05-03\19 has less than 2 entries, skipping
@generate_gif: path:output\crop1001\nodules-last-detected-on\2023-05-03\20, output_name:o.gif
len_jpg_files: 1
@generate_gif: path:output\crop1001\nodules-last-detected-on\2023-05-03\20\detection, output_name:d.gif
len_jpg_files: 1
nodules_dir: output\crop1001\nodules-last-detected-on\2023-05-03\20 has 1 entries
nodules_dir: output\crop1001\nodules-last-detected-on\2023-05-03\20 has less than 2 entries, skipping
@generate_gif: path:output\crop1001\nodules-last-detected-on\2023-05-03\21, output_name:o.gif
len_jpg_files: 1
@generate_gif: path:output\crop1001\nodules-last-detected-on\2023-05-03\21\detection, output_name:d.gif
len_jpg_files: 1
nodules_dir: output\crop1001\nodules-last-detected-on\2023-05-03\21 has 1 entries
nodules_dir: output\crop1001\nodules-last-detected-on\2023-05-03\21 has less than 2 entries, skipping
@generate_gif: path:output\crop1001\nodules-last-detected-on\2023-05-03\22, output_name:o.gif
len_jpg_files: 1
@generate_gif: path:output\crop1001\nodules-last-detected-on\2023-05-03\22\detection, output_name:d.gif
len_jpg_files: 1
nodules_dir: output\crop1001\nodules-last-detected-on\2023-05-03\22 has 1 entries
nodules_dir: output\crop1001\nodules-last-detected-on\2023-05-03\22 has less than 2 entries, skipping
@generate_gif: path:output\crop1001\nodules-last-detected-on\2023-05-03\23, output_name:o.gif
len_jpg_files: 2
@generate_gif: path:output\crop1001\nodules-last-detected-on\2023-05-03\23\detection, output_name:d.gif
len_jpg_files: 2
nodules_dir: output\crop1001\nodules-last-detected-on\2023-05-03\23 has 2 entries
nodules_dir: output\crop1001\nodules-last-detected-on\2023-05-03\23 has 2 entries


Plotting date: 2023-05-03

@check_overlap_helper: existing_positions:[], x:263, y:524, offset_increment:{'x': 0.5499999999999972, 'y': 0.3666666666666616}, xlim:(258.8, 263.2), ylim:(523.7, 530.3), i:0
returning: (263, 524), modified:False


Plotting date: 2023-05-01

@check_overlap_helper: existing_positions:[(263, 524)], x:259, y:530, offset_increment:{'x': 0.5499999999999972, 'y': 0.3666666666666616}, xlim:(258.8, 263.2), ylim:(523.7, 530.3), i:0
returning: (259, 530), modified:False
@generate_gif: path:output\crop1001\nodules-last-detected-on\2023-05-03\24, output_name:o.gif
len_jpg_files: 1
@generate_gif: path:output\crop1001\nodules-last-detected-on\2023-05-03\24\detection, output_name:d.gif
len_jpg_files: 1
nodules_dir: output\crop1001\nodules-last-detected-on\2023-05-03\24 has 1 entries
nodules_dir: output\crop1001\nodules-last-detected-on\2023-05-03\24 has less than 2 entries, skipping
@generate_gif: path:output\crop1001\nodules-last-detected-on\2023-05-03\25, output_name:o.gif
len_jpg_files: 1
@generate_gif: path:output\crop1001\nodules-last-detected-on\2023-05-03\25\detection, output_name:d.gif
len_jpg_files: 1
nodules_dir: output\crop1001\nodules-last-detected-on\2023-05-03\25 has 1 entries
nodules_dir: output\crop1001\nodules-last-detected-on\2023-05-03\25 has less than 2 entries, skipping
@generate_gif: path:output\crop1001\nodules-last-detected-on\2023-05-03\33, output_name:o.gif
len_jpg_files: 1
@generate_gif: path:output\crop1001\nodules-last-detected-on\2023-05-03\33\detection, output_name:d.gif
len_jpg_files: 1
nodules_dir: output\crop1001\nodules-last-detected-on\2023-05-03\33 has 1 entries
nodules_dir: output\crop1001\nodules-last-detected-on\2023-05-03\33 has less than 2 entries, skipping
@generate_gif: path:output\crop1001\nodules-last-detected-on\2023-05-03\34, output_name:o.gif
len_jpg_files: 1
@generate_gif: path:output\crop1001\nodules-last-detected-on\2023-05-03\34\detection, output_name:d.gif
len_jpg_files: 1
nodules_dir: output\crop1001\nodules-last-detected-on\2023-05-03\34 has 1 entries
nodules_dir: output\crop1001\nodules-last-detected-on\2023-05-03\34 has less than 2 entries, skipping
@generate_gif: path:output\crop1001\nodules-last-detected-on\2023-05-03\36, output_name:o.gif
len_jpg_files: 1
@generate_gif: path:output\crop1001\nodules-last-detected-on\2023-05-03\36\detection, output_name:d.gif
len_jpg_files: 1
nodules_dir: output\crop1001\nodules-last-detected-on\2023-05-03\36 has 1 entries
nodules_dir: output\crop1001\nodules-last-detected-on\2023-05-03\36 has less than 2 entries, skipping
@generate_gif: path:output\crop1001\nodules-last-detected-on\2023-05-03\37, output_name:o.gif
len_jpg_files: 1
@generate_gif: path:output\crop1001\nodules-last-detected-on\2023-05-03\37\detection, output_name:d.gif
len_jpg_files: 1
nodules_dir: output\crop1001\nodules-last-detected-on\2023-05-03\37 has 1 entries
nodules_dir: output\crop1001\nodules-last-detected-on\2023-05-03\37 has less than 2 entries, skipping
@generate_gif: path:output\crop1001\nodules-last-detected-on\2023-05-03\49, output_name:o.gif
len_jpg_files: 1
@generate_gif: path:output\crop1001\nodules-last-detected-on\2023-05-03\49\detection, output_name:d.gif
len_jpg_files: 1
nodules_dir: output\crop1001\nodules-last-detected-on\2023-05-03\49 has 1 entries
nodules_dir: output\crop1001\nodules-last-detected-on\2023-05-03\49 has less than 2 entries, skipping
@generate_gif: path:output\crop1001\nodules-last-detected-on\2023-05-03\5, output_name:o.gif
len_jpg_files: 3
@generate_gif: path:output\crop1001\nodules-last-detected-on\2023-05-03\5\detection, output_name:d.gif
len_jpg_files: 3
nodules_dir: output\crop1001\nodules-last-detected-on\2023-05-03\5 has 3 entries
nodules_dir: output\crop1001\nodules-last-detected-on\2023-05-03\5 has 3 entries


Plotting date: 2023-05-03

@check_overlap_helper: existing_positions:[], x:69, y:76, offset_increment:{'x': 0.2749999999999986, 'y': 0.1222222222222216}, xlim:(68.9, 71.1), ylim:(73.9, 76.1), i:0
returning: (69, 76), modified:False


Plotting date: 2023-05-01

@check_overlap_helper: existing_positions:[(69, 76)], x:69, y:74, offset_increment:{'x': 0.2749999999999986, 'y': 0.1222222222222216}, xlim:(68.9, 71.1), ylim:(73.9, 76.1), i:0
returning: (69, 74), modified:False


Plotting date: 2023-04-26

@check_overlap_helper: existing_positions:[(69, 76), (69, 74)], x:71, y:76, offset_increment:{'x': 0.2749999999999986, 'y': 0.1222222222222216}, xlim:(68.9, 71.1), ylim:(73.9, 76.1), i:0
returning: (71, 76), modified:False
@generate_gif: path:output\crop1001\nodules-last-detected-on\2023-05-03\53, output_name:o.gif
len_jpg_files: 1
@generate_gif: path:output\crop1001\nodules-last-detected-on\2023-05-03\53\detection, output_name:d.gif
len_jpg_files: 1
nodules_dir: output\crop1001\nodules-last-detected-on\2023-05-03\53 has 1 entries
nodules_dir: output\crop1001\nodules-last-detected-on\2023-05-03\53 has less than 2 entries, skipping
@generate_gif: path:output\crop1001\nodules-last-detected-on\2023-05-03\55, output_name:o.gif
len_jpg_files: 1
@generate_gif: path:output\crop1001\nodules-last-detected-on\2023-05-03\55\detection, output_name:d.gif
len_jpg_files: 1
nodules_dir: output\crop1001\nodules-last-detected-on\2023-05-03\55 has 1 entries
nodules_dir: output\crop1001\nodules-last-detected-on\2023-05-03\55 has less than 2 entries, skipping
@generate_gif: path:output\crop1001\nodules-last-detected-on\2023-05-03\57, output_name:o.gif
len_jpg_files: 1
@generate_gif: path:output\crop1001\nodules-last-detected-on\2023-05-03\57\detection, output_name:d.gif
len_jpg_files: 1
nodules_dir: output\crop1001\nodules-last-detected-on\2023-05-03\57 has 1 entries
nodules_dir: output\crop1001\nodules-last-detected-on\2023-05-03\57 has less than 2 entries, skipping
@generate_gif: path:output\crop1001\nodules-last-detected-on\2023-05-03\58, output_name:o.gif
len_jpg_files: 1
@generate_gif: path:output\crop1001\nodules-last-detected-on\2023-05-03\58\detection, output_name:d.gif
len_jpg_files: 1
nodules_dir: output\crop1001\nodules-last-detected-on\2023-05-03\58 has 1 entries
nodules_dir: output\crop1001\nodules-last-detected-on\2023-05-03\58 has less than 2 entries, skipping
@generate_gif: path:output\crop1001\nodules-last-detected-on\2023-05-03\59, output_name:o.gif
len_jpg_files: 1
@generate_gif: path:output\crop1001\nodules-last-detected-on\2023-05-03\59\detection, output_name:d.gif
len_jpg_files: 1
nodules_dir: output\crop1001\nodules-last-detected-on\2023-05-03\59 has 1 entries
nodules_dir: output\crop1001\nodules-last-detected-on\2023-05-03\59 has less than 2 entries, skipping
@generate_gif: path:output\crop1001\nodules-last-detected-on\2023-05-03\62, output_name:o.gif
len_jpg_files: 1
@generate_gif: path:output\crop1001\nodules-last-detected-on\2023-05-03\62\detection, output_name:d.gif
len_jpg_files: 1
nodules_dir: output\crop1001\nodules-last-detected-on\2023-05-03\62 has 1 entries
nodules_dir: output\crop1001\nodules-last-detected-on\2023-05-03\62 has less than 2 entries, skipping
@post_process: output\crop1001\nodules-last-detected-on\2023-05-03, 23 nodules, took 2.94s
