Current memory usage: 3595.171875 MB
@analyze_image: file_name: data/crop1012/20230501.jpg, output_dir: output/crop1012, external_logger: <Logger data_crop1012.log (DEBUG)>
Loaded image & JSON file: data/crop1012/20230501.jpg
Scaled JSON data: scalar_position: 0.5, scalar_size: 0.5

@find_prev_next_date: image_output_dir: output/crop1012/20230501
data_dir: data/crop1012
Previous date file: data/crop1012/20230426.jpg, Next date file: data/crop1012/20230503.json


Loaded prev_results from JSON file: 20230426, length: 14
Scaled JSON data: scalar_position: 0.5, scalar_size: 0.5
Loaded next_results from JSON file: 20230503, length: 16
Scaled JSON data: scalar_position: 0.5, scalar_size: 0.5
prev_results is not empty, generating matching
Current memory usage: 3595.171875 MB
current_date:20230501, generating Matching: 20230426_20230501_matching.json
spatial_distances: (18, 14), attribute_distances: (18, 14)
combined_distances: (18, 14)
Current memory usage: 3595.171875 MB

@find_matching: combined_distances: (18, 14), next_matching: [{'id': '20230524_0', 'p': {'id': 0, 'tq': 39.0, 'dx': 2, 'dy': 0, 'dd': -2, 'da': -35.0, 'dp': -8.49, 'de': 0.08}, 'c': {'id': 0}, 'n': {'id': 0, 'dx': 0, 'dy': 1, 'dd': 1, 'da': 28.0, 'dp': 7.9, 'de': 0.03}, 'i': 9}, {'id': '20230515_1', 'p': {'id': 2, 'tq': 7.0, 'dx': 3, 'dy': -1, 'dd': -2, 'da': -53.0, 'dp': -14.0, 'de': -0.22}, 'c': {'id': 1}, 'n': {'id': 1, 'dx': 0, 'dy': 1, 'dd': 2, 'da': 42.0, 'dp': 10.83, 'de': 0.14}, 'i': 5}, {'id': '20230510_2', 'p': {'id': 4, 'tq': 47.0, 'dx': 5, 'dy': -13, 'dd': 0, 'da': -2.0, 'dp': -2.24, 'de': -0.03}, 'c': {'id': 2}, 'n': {'id': 2, 'dx': 8, 'dy': 3, 'dd': 2, 'da': 38.0, 'dp': 9.07, 'de': -0.13}, 'i': 3}, {'id': '20230503_3', 'p': {'id': 5, 'tq': -2.0, 'dx': 6, 'dy': -2, 'dd': -2, 'da': -52.0, 'dp': -11.07, 'de': -0.03}, 'c': {'id': 3}, 'n': {}, 'i': 0}, {'id': '20230503_4', 'p': {'id': 10, 'tq': -93.0, 'dx': 0, 'dy': 1, 'dd': 3, 'da': 124.0, 'dp': 24.73, 'de': -0.05}, 'c': {'id': 4}, 'n': {}, 'i': 0}, {'id': '20230503_5', 'p': {'id': 6, 'tq': -593.0, 'dx': -10, 'dy': 166, 'dd': 1, 'da': 73.0, 'dp': 13.07, 'de': -0.2}, 'c': {'id': 5}, 'n': {}, 'i': 0}, {'id': '20230503_6', 'p': {'id': 12, 'tq': 44.0, 'dx': 4, 'dy': 0, 'dd': -1, 'da': -28.0, 'dp': -4.0, 'de': 0.14}, 'c': {'id': 6}, 'n': {}, 'i': 0}, {'id': '20230503_7', 'p': {'id': 7, 'tq': -477.0, 'dx': 18, 'dy': 161, 'dd': 0, 'da': 6.0, 'dp': 2.24, 'de': 0.32}, 'c': {'id': 7}, 'n': {}, 'i': 0}, {'id': '20230503_8', 'p': {'id': 8, 'tq': -798.0, 'dx': 61, 'dy': 242, 'dd': -1, 'da': -16.0, 'dp': -4.24, 'de': 0.03}, 'c': {'id': 8}, 'n': {}, 'i': 0}, {'id': '20230503_9', 'p': {'id': 13, 'tq': -546.0, 'dx': 8, 'dy': 181, 'dd': -1, 'da': -6.0, 'dp': -4.79, 'de': -0.21}, 'c': {'id': 9}, 'n': {}, 'i': 0}, {'id': '20230503_10', 'p': {'id': 11, 'tq': -1334.0, 'dx': -11, 'dy': 253, 'dd': 6, 'da': 362.0, 'dp': 46.38, 'de': 0.25}, 'c': {'id': 10}, 'n': {}, 'i': 0}, {'id': '20230503_11', 'p': {'id': 15, 'tq': -280.0, 'dx': -18, 'dy': 105, 'dd': 0, 'da': -5.0, 'dp': -0.34, 'de': -0.26}, 'c': {'id': 11}, 'n': {}, 'i': 0}, {'id': '20230503_12', 'p': {'id': 14, 'tq': -548.0, 'dx': -97, 'dy': 140, 'dd': 0, 'da': -34.0, 'dp': -6.83, 'de': -0.02}, 'c': {'id': 12}, 'n': {}, 'i': 0}, {'id': '20230503_13', 'p': {'id': 9, 'tq': -1045.0, 'dx': 1, 'dy': 322, 'dd': 0, 'da': -11.0, 'dp': -4.59, 'de': 0.05}, 'c': {'id': 13}, 'n': {}, 'i': 0}, {'id': '20230503_14', 'p': {'id': 17, 'tq': -3.0, 'dx': -25, 'dy': -4, 'dd': 0, 'da': -9.0, 'dp': 4.0, 'de': -0.08}, 'c': {'id': 14}, 'n': {}, 'i': 0}, {'id': '20230503_15', 'p': {'id': 16, 'tq': -430.0, 'dx': 111, 'dy': 18, 'dd': 4, 'da': 86.0, 'dp': 28.49, 'de': -0.14}, 'c': {'id': 15}, 'n': {}, 'i': 0}], current_date_string: 20230501, distance_threshold: 20
matched entry: {'id': '20230524_0', 'p': {'id': 0, 'tq': 39.0, 'dx': 2, 'dy': 0, 'dd': -2, 'da': -35.0, 'dp': -8.49, 'de': 0.08}, 'c': {'id': 0}, 'n': {'id': 0, 'dx': 0, 'dy': 1, 'dd': 1, 'da': 28.0, 'dp': 7.9, 'de': 0.03}, 'i': 9}, len(matching): 0
matched entry: {'id': '20230515_1', 'p': {'id': 2, 'tq': 7.0, 'dx': 3, 'dy': -1, 'dd': -2, 'da': -53.0, 'dp': -14.0, 'de': -0.22}, 'c': {'id': 1}, 'n': {'id': 1, 'dx': 0, 'dy': 1, 'dd': 2, 'da': 42.0, 'dp': 10.83, 'de': 0.14}, 'i': 5}, len(matching): 2
tq < 0
tq < 0
tq < 0
tq < 0
tq < 0
matched entry: {'id': '20230503_6', 'p': {'id': 12, 'tq': 44.0, 'dx': 4, 'dy': 0, 'dd': -1, 'da': -28.0, 'dp': -4.0, 'de': 0.14}, 'c': {'id': 6}, 'n': {}, 'i': 0}, len(matching): 8
tq < 0
tq < 0
tq < 0
tq < 0
tq < 0
i_dict: {0: 11, 1: 1, 6: 1, 10: 1}
tq_average: -109.0, dx_average: -1.3571, dy_average: -3.2143, dd_average: 0.3571, da_average: 13.7143, dp_average: 3.295, de_average: -0.04
average_tracking_quality: 39.4
@find_matching:
Returning:
Matching(lenght=14): [{'id': '20230524_0', 'p': {'id': 0, 'tq': 13.0, 'dx': 2, 'dy': -4, 'dd': 2, 'da': 46.0, 'dp': 11.07, 'de': -0.06}, 'c': {'id': 0}, 'n': {'id': 0, 'dx': 2, 'dy': 0, 'dd': -2, 'da': -35.0, 'dp': -8.49, 'de': 0.08}, 'i': 10}, {'id': '20230501_1', 'p': {'id': 2, 'tq': -97.0, 'dx': -6, 'dy': -3, 'dd': 2, 'da': 114.0, 'dp': 19.07, 'de': 0.06}, 'c': {'id': 1}, 'n': {}, 'i': 0}, {'id': '20230515_1', 'p': {'id': 1, 'tq': 50.0, 'dx': 1, 'dy': -3, 'dd': -1, 'da': -25.0, 'dp': -5.66, 'de': 0.37}, 'c': {'id': 2}, 'n': {'id': 1, 'dx': 3, 'dy': -1, 'dd': -2, 'da': -53.0, 'dp': -14.0, 'de': -0.22}, 'i': 6}, {'id': '20230501_3', 'p': {'id': 3, 'tq': -50.0, 'dx': -5, 'dy': -5, 'dd': 4, 'da': 79.0, 'dp': 27.14, 'de': -0.57}, 'c': {'id': 5}, 'n': {}, 'i': 0}, {'id': '20230501_4', 'p': {'id': 4, 'tq': -147.0, 'dx': 5, 'dy': -32, 'dd': -3, 'da': -87.0, 'dp': -19.56, 'de': -0.38}, 'c': {'id': 7}, 'n': {}, 'i': 0}, {'id': '20230501_5', 'p': {'id': 6, 'tq': 13.0, 'dx': -4, 'dy': -3, 'dd': 2, 'da': 44.0, 'dp': 13.49, 'de': -0.34}, 'c': {'id': 8}, 'n': {}, 'i': 0}, {'id': '20230501_6', 'p': {'id': 5, 'tq': -157.0, 'dx': 59, 'dy': 28, 'dd': -1, 'da': -18.0, 'dp': -5.66, 'de': -0.02}, 'c': {'id': 9}, 'n': {}, 'i': 0}, {'id': '20230501_7', 'p': {'id': 7, 'tq': -25.0, 'dx': -1, 'dy': -1, 'dd': -2, 'da': -78.0, 'dp': -16.49, 'de': 0.22}, 'c': {'id': 10}, 'n': {}, 'i': 0}, {'id': '20230503_6', 'p': {'id': 8, 'tq': 55.0, 'dx': -3, 'dy': -3, 'dd': 0, 'da': 20.0, 'dp': 3.41, 'de': -0.1}, 'c': {'id': 12}, 'n': {'id': 6, 'dx': 4, 'dy': 0, 'dd': -1, 'da': -28.0, 'dp': -4.0, 'de': 0.14}, 'i': 1}, {'id': '20230501_9', 'p': {'id': 9, 'tq': 66.0, 'dx': 7, 'dy': 1, 'dd': 0, 'da': -6.0, 'dp': 0.55, 'de': 0.24}, 'c': {'id': 13}, 'n': {}, 'i': 0}, {'id': '20230501_10', 'p': {'id': 11, 'tq': -305.0, 'dx': 65, 'dy': -54, 'dd': 2, 'da': 71.0, 'dp': 14.49, 'de': -0.14}, 'c': {'id': 14}, 'n': {}, 'i': 0}, {'id': '20230501_11', 'p': {'id': 10, 'tq': -75.0, 'dx': 12, 'dy': 48, 'dd': 0, 'da': -1.0, 'dp': -0.83, 'de': 0.02}, 'c': {'id': 15}, 'n': {}, 'i': 0}, {'id': '20230501_12', 'p': {'id': 12, 'tq': -356.0, 'dx': -62, 'dy': 16, 'dd': -6, 'da': -150.0, 'dp': -38.14, 'de': 0.42}, 'c': {'id': 16}, 'n': {}, 'i': 0}, {'id': '20230501_13', 'p': {'id': 13, 'tq': -511.0, 'dx': -89, 'dy': -30, 'dd': 6, 'da': 183.0, 'dp': 43.25, 'de': -0.28}, 'c': {'id': 17}, 'n': {}, 'i': 0}]
Unmatched current(length=4): {11, 3, 4, 6}
Unmatched previous(length=0): set()
Distance threshold: 20



@plot_data: normalized_points: (18, 2), normalized_prev_points: (14, 2), current_points: (18, 2), prev_points: (14, 2), current_data: 18, prev_data: 14, matching: 14, unmatched_current: 4, unmatched_prev: 0, combined_distances: (18, 14), distance_threshold: 20, current_date_string: 20230501, previous_date_string: 20230426, filename: output/crop1012/plots/20230426_20230501.png
Plots created
Plotted the normalized points
Drawing lines between the matched points
Plotting the unmatched points
Plotted the original points with diameter as size
Drawing lines between the matched points and add the indices to the plots with color coding
Setting the titles and labels
Done plotting

@process_image: output_dir: output/crop1012/20230501, image_name: 20230501, date_string: 20230501
len(json_data) = 18 json_data entries
len(matching) = 14 matching entries, setting max_id_i to 14
crop_dir: output/crop1012
nodules_dir: output/crop1012/nodules-last-detected-on
Split image into left and right images: (705, 300, 3), (705, 300, 3)
Converted right image to HSV: (705, 300, 3)
Created mask to detect nodules: (705, 300)

Found 17 contours in mask, processing each contour...

@process_contour: max_id: 20230501_14
Moments: {'m00': 42.5, 'm10': 7352.5, 'm01': 28309.333333333332, 'm20': 1272112.0833333333, 'm11': 4897536.875, 'm02': 18857075.25, 'm30': 220120271.15, 'm21': 847364047.0666666, 'm12': 3262303548.8, 'm03': 12560964981.7, 'mu20': 129.58333333325572, 'mu11': 22.208333333954215, 'mu02': 172.8081699386239, 'mu30': 44.90000003576279, 'mu21': 9.937581607999164, 'mu12': -55.47875840216875, 'mu03': -32.70402145385742, 'nu20': 0.07174163783156025, 'nu11': 0.012295271049940049, 'nu02': 0.0956723432186153, 'nu30': 0.0038130633109121925, 'nu21': 0.0008439338039749661, 'nu12': -0.004711448063023979, 'nu03': -0.00277733862417959}
Centroid: 173, 666
Processing contour#1: area: 42.5 centroid: 173, 666 rectangle: (170, 662, 8, 9)
@find_dayJSON_match_for_contour: x: 170, y: 662, w: 8, h: 9, area: 42.5
Matched with JSON#17: (172, 666, 7, 190.0, 49.4558, 0.652394)
Match with input JSON(nodules) ID: 17
Matched contour: {'x': 172, 'y': 666, 'd': 7, 'a': 190.0, 'p': 49.4558, 'e': 0.652394, 'id': 17, 'tq': 100}
JSON_entry: 17
Matched with first_id: 17 second_id: 13 name: 20230501_13
entry_id:20230501_13, entry saved to results list
created dirs at nodule_detection_path: output/crop1012/nodules-last-detected-on/2023-05-01/13/detection and nodule_images_original_path: output/crop1012/nodules-last-detected-on/2023-05-01/13
Segmented nodule image saved as output/crop1012/nodules-last-detected-on/2023-05-01/13/detection/2023-05-01.jpg
Original nodule image saved as output/crop1012/nodules-last-detected-on/2023-05-01/13/2023-05-01.jpg


@process_contour: max_id: 20230501_15
Moments: {'m00': 7.5, 'm10': 1120.6666666666665, 'm01': 3971.833333333333, 'm20': 167457.0833333333, 'm11': 593479.5416666666, 'm02': 2103399.25, 'm30': 25023178.3, 'm21': 88681364.73333333, 'm12': 314293931.76666665, 'm03': 1113918350.95, 'mu20': 4.579629629675765, 'mu11': -0.6212962962454185, 'mu02': 4.579629629850388, 'mu30': 0.1846090480685234, 'mu21': 0.3394650327727504, 'mu12': -0.3394651042088981, 'mu03': -0.18460917472839355, 'nu20': 0.08141563786090249, 'nu11': -0.01104526748880744, 'nu02': 0.08141563786400689, 'nu30': 0.001198394547516276, 'nu21': 0.0022036462925495216, 'nu12': -0.0022036467562791748, 'nu03': -0.001198395369732193}
Centroid: 149, 529
Processing contour#2: area: 7.5 centroid: 149, 529 rectangle: (148, 528, 4, 4)
@find_dayJSON_match_for_contour: x: 148, y: 528, w: 4, h: 4, area: 7.5
Matched with JSON#15: (149, 529, 3, 43.0, 21.6569, 0.641392)
Match with input JSON(nodules) ID: 15
Matched contour: {'x': 149, 'y': 529, 'd': 3, 'a': 43.0, 'p': 21.6569, 'e': 0.641392, 'id': 15, 'tq': 100}
JSON_entry: 15
Matched with first_id: 15 second_id: 10 name: 20230501_11
entry_id:20230501_11, entry saved to results list
created dirs at nodule_detection_path: output/crop1012/nodules-last-detected-on/2023-05-01/11/detection and nodule_images_original_path: output/crop1012/nodules-last-detected-on/2023-05-01/11
Segmented nodule image saved as output/crop1012/nodules-last-detected-on/2023-05-01/11/detection/2023-05-01.jpg
Original nodule image saved as output/crop1012/nodules-last-detected-on/2023-05-01/11/2023-05-01.jpg


@process_contour: max_id: 20230501_16
Moments: {'m00': 40.5, 'm10': 10745.666666666666, 'm01': 20626.666666666664, 'm20': 2851214.25, 'm11': 5472779.208333333, 'm02': 10505348.916666666, 'm30': 756561957.8000001, 'm21': 1452128211.0166667, 'm12': 2787339690.35, 'm03': 5350560850.3, 'mu20': 119.13614540547132, 'mu11': 6.752914953045547, 'mu02': 179.0949931424111, 'mu30': 23.96387779712677, 'mu21': 36.71675997359853, 'mu12': 29.713474317301007, 'mu03': -102.45460510253906, 'nu20': 0.0726329190095847, 'nu11': 0.004117003476936776, 'nu02': 0.10918761965701027, 'nu30': 0.0022957232798352665, 'nu21': 0.0035174407641830096, 'nu12': 0.00284653073649015, 'nu03': -0.009815081851587016}
Centroid: 265, 509
Processing contour#3: area: 40.5 centroid: 265, 509 rectangle: (262, 505, 8, 9)
@find_dayJSON_match_for_contour: x: 262, y: 505, w: 8, h: 9, area: 40.5
Matched with JSON#14: (265, 509, 6, 148.0, 44.6274, 0.345063)
Match with input JSON(nodules) ID: 14
Matched contour: {'x': 265, 'y': 509, 'd': 6, 'a': 148.0, 'p': 44.6274, 'e': 0.345063, 'id': 14, 'tq': 100}
JSON_entry: 14
Matched with first_id: 14 second_id: 11 name: 20230501_10
entry_id:20230501_10, entry saved to results list
created dirs at nodule_detection_path: output/crop1012/nodules-last-detected-on/2023-05-01/10/detection and nodule_images_original_path: output/crop1012/nodules-last-detected-on/2023-05-01/10
Segmented nodule image saved as output/crop1012/nodules-last-detected-on/2023-05-01/10/detection/2023-05-01.jpg
Original nodule image saved as output/crop1012/nodules-last-detected-on/2023-05-01/10/2023-05-01.jpg


@process_contour: max_id: 20230501_17
Moments: {'m00': 7.5, 'm10': 1120.1666666666665, 'm01': 3237.833333333333, 'm20': 167308.5833333333, 'm11': 483589.7083333333, 'm02': 1397813.25, 'm30': 24990101.05, 'm21': 72229366.65, 'm12': 208772306.35, 'm03': 603455502.95, 'mu20': 5.468518518551718, 'mu11': 1.3120370371616445, 'mu02': 4.624074074439704, 'mu30': 1.1297942362725735, 'mu21': 0.3206995747973451, 'mu12': -1.0086009065929602, 'mu03': -0.861646294593811, 'nu20': 0.097218106996475, 'nu11': 0.02332510288287368, 'nu02': 0.08220576132337253, 'nu30': 0.0073340893457281165, 'nu21': 0.002081829822800844, 'nu12': -0.006547359621465189, 'nu03': -0.005593399847582482}
Centroid: 149, 431
Processing contour#4: area: 7.5 centroid: 149, 431 rectangle: (148, 430, 4, 4)
@find_dayJSON_match_for_contour: x: 148, y: 430, w: 4, h: 4, area: 7.5
Matched with JSON#13: (149, 432, 3, 31.0, 20.4497, 0.713262)
Match with input JSON(nodules) ID: 13
Matched contour: {'x': 149, 'y': 432, 'd': 3, 'a': 31.0, 'p': 20.4497, 'e': 0.713262, 'id': 13, 'tq': 100}
JSON_entry: 13
Matched with first_id: 13 second_id: 9 name: 20230501_9
entry_id:20230501_9, entry saved to results list
created dirs at nodule_detection_path: output/crop1012/nodules-last-detected-on/2023-05-01/9/detection and nodule_images_original_path: output/crop1012/nodules-last-detected-on/2023-05-01/9
Segmented nodule image saved as output/crop1012/nodules-last-detected-on/2023-05-01/9/detection/2023-05-01.jpg
Original nodule image saved as output/crop1012/nodules-last-detected-on/2023-05-01/9/2023-05-01.jpg


@process_contour: max_id: 20230501_18
Moments: {'m00': 45.0, 'm10': 11905.5, 'm01': 18099.0, 'm20': 3149947.0, 'm11': 4788385.583333333, 'm02': 7279595.166666666, 'm30': 833449578.75, 'm21': 1266905240.4166667, 'm12': 1925932988.75, 'm03': 2927995839.5, 'mu20': 148.54999999981374, 'mu11': -6.5166666666045785, 'mu02': 177.36666666623205, 'mu30': -1.9733332395553589, 'mu21': 5.20222236495465, 'mu12': 2.8288891119591426, 'mu03': -10.279999256134033, 'nu20': 0.07335802469126604, 'nu11': -0.003218106995854113, 'nu02': 0.08758847736604052, 'nu30': -0.00014526772891870483, 'nu21': 0.000382963714966529, 'nu12': 0.00020824982239175824, 'nu03': -0.0007567663257732665}
Centroid: 264, 402
Processing contour#5: area: 45.0 centroid: 264, 402 rectangle: (261, 398, 8, 9)
@find_dayJSON_match_for_contour: x: 261, y: 398, w: 8, h: 9, area: 45.0
Matched with JSON#12: (264, 402, 6, 140.0, 41.799, 0.398708)
Match with input JSON(nodules) ID: 12
Matched contour: {'x': 264, 'y': 402, 'd': 6, 'a': 140.0, 'p': 41.799, 'e': 0.398708, 'id': 12, 'tq': 100}
JSON_entry: 12
Matched with first_id: 12 second_id: 8 name: 20230503_6
entry_id:20230503_6, entry saved to results list
created dirs at nodule_detection_path: output/crop1012/nodules-last-detected-on/2023-05-03/6/detection and nodule_images_original_path: output/crop1012/nodules-last-detected-on/2023-05-03/6
Segmented nodule image saved as output/crop1012/nodules-last-detected-on/2023-05-03/6/detection/2023-05-01.jpg
Original nodule image saved as output/crop1012/nodules-last-detected-on/2023-05-03/6/2023-05-01.jpg


@process_contour: max_id: 20230501_19
Moments: {'m00': 54.5, 'm10': 12402.5, 'm01': 20849.833333333332, 'm20': 2822629.083333333, 'm11': 4744720.041666666, 'm02': 7976724.083333333, 'm30': 642436571.15, 'm21': 1079817699.9833333, 'm12': 1815213999.2166667, 'm03': 3051844841.9500003, 'mu20': 206.95030580973253, 'mu11': -51.66322630085051, 'mu02': 291.97273190598935, 'mu30': 46.22564625740051, 'mu21': 3.7816626978310524, 'mu12': -57.741608679294586, 'mu03': 19.031058311462402, 'nu20': 0.06967437280017928, 'nu11': -0.01739356158601145, 'nu02': 0.0982990428098609, 'nu30': 0.0021081025609015983, 'nu21': 0.00017246125177725096, 'nu12': -0.0026332835337680373, 'nu03': 0.0008679039886140824}
Centroid: 227, 382
Processing contour#6: area: 54.5 centroid: 227, 382 rectangle: (224, 378, 9, 10)
@find_dayJSON_match_for_contour: x: 224, y: 378, w: 9, h: 10, area: 54.5
Matched with JSON#11: (227, 382, 7, 192.0, 52.0416, 0.612578)
Match with input JSON(nodules) ID: 11
Matched contour: {'x': 227, 'y': 382, 'd': 7, 'a': 192.0, 'p': 52.0416, 'e': 0.612578, 'id': 11, 'tq': 100}
JSON_entry: 11
WARNING: match is empty
entry_id:20230501_19, entry saved to results list
created dirs at nodule_detection_path: output/crop1012/nodules-last-detected-on/2023-05-01/19/detection and nodule_images_original_path: output/crop1012/nodules-last-detected-on/2023-05-01/19
Segmented nodule image saved as output/crop1012/nodules-last-detected-on/2023-05-01/19/detection/2023-05-01.jpg
Original nodule image saved as output/crop1012/nodules-last-detected-on/2023-05-01/19/2023-05-01.jpg


@process_contour: max_id: 20230501_20
Moments: {'m00': 9.5, 'm10': 2572.0, 'm01': 3526.333333333333, 'm20': 696341.0833333333, 'm11': 954706.875, 'm02': 1308960.4166666665, 'm30': 188528393.10000002, 'm21': 258476124.81666666, 'm12': 354382716.45, 'm03': 485884513.20000005, 'mu20': 5.925438596517779, 'mu11': -1.4758771928027272, 'mu02': 10.229532164055854, 'mu30': -1.2988919019699097, 'mu21': 0.43608800734000397, 'mu12': 2.4713911141616336, 'mu03': -2.0406381487846375, 'nu20': 0.06565582932429671, 'nu11': -0.016353209892550992, 'nu02': 0.11334661677624214, 'nu30': -0.004669431362499674, 'nu21': 0.0015677078401945227, 'nu12': 0.008884489278875097, 'nu03': -0.007335960565307309}
Centroid: 270, 371
Processing contour#7: area: 9.5 centroid: 270, 371 rectangle: (269, 369, 4, 5)
@find_dayJSON_match_for_contour: x: 269, y: 369, w: 4, h: 5, area: 9.5
Matched with JSON#10: (271, 371, 4, 54.0, 24.7279, 0.532085)
Match with input JSON(nodules) ID: 10
Matched contour: {'x': 271, 'y': 371, 'd': 4, 'a': 54.0, 'p': 24.7279, 'e': 0.532085, 'id': 10, 'tq': 100}
JSON_entry: 10
Matched with first_id: 10 second_id: 7 name: 20230501_7
entry_id:20230501_7, entry saved to results list
created dirs at nodule_detection_path: output/crop1012/nodules-last-detected-on/2023-05-01/7/detection and nodule_images_original_path: output/crop1012/nodules-last-detected-on/2023-05-01/7
Segmented nodule image saved as output/crop1012/nodules-last-detected-on/2023-05-01/7/detection/2023-05-01.jpg
Original nodule image saved as output/crop1012/nodules-last-detected-on/2023-05-01/7/2023-05-01.jpg


@process_contour: max_id: 20230501_21
Moments: {'m00': 4.0, 'm10': 584.5, 'm01': 1327.6666666666665, 'm20': 85411.16666666666, 'm11': 194004.91666666666, 'm02': 440676.6666666666, 'm30': 12481029.25, 'm21': 28349280.383333333, 'm12': 64393629.083333336, 'm03': 146269238.9, 'mu20': 1.1041666666569654, 'mu11': -0.375, 'mu02': 1.9722222223063, 'mu30': -0.1718749962747097, 'mu21': 0.24097222742909707, 'mu12': 0.10416666845412692, 'mu03': -0.604629635810852, 'nu20': 0.06901041666606034, 'nu11': -0.0234375, 'nu02': 0.12326388889414375, 'nu30': -0.005371093633584678, 'nu21': 0.007530382107159284, 'nu12': 0.0032552083891914663, 'nu03': -0.018894676119089127}
Centroid: 146, 331
Processing contour#8: area: 4.0 centroid: 146, 331 rectangle: (145, 330, 3, 4)
@find_dayJSON_match_for_contour: x: 145, y: 330, w: 3, h: 4, area: 4.0
Matched with JSON#9: (145, 331, 2, 28.0, 17.6569, 0.607671)
Match with input JSON(nodules) ID: 9
Matched contour: {'x': 145, 'y': 331, 'd': 2, 'a': 28.0, 'p': 17.6569, 'e': 0.607671, 'id': 9, 'tq': 100}
JSON_entry: 9
Matched with first_id: 9 second_id: 5 name: 20230501_6
entry_id:20230501_6, entry saved to results list
created dirs at nodule_detection_path: output/crop1012/nodules-last-detected-on/2023-05-01/6/detection and nodule_images_original_path: output/crop1012/nodules-last-detected-on/2023-05-01/6
Segmented nodule image saved as output/crop1012/nodules-last-detected-on/2023-05-01/6/detection/2023-05-01.jpg
Original nodule image saved as output/crop1012/nodules-last-detected-on/2023-05-01/6/2023-05-01.jpg


@process_contour: max_id: 20230501_22
Moments: {'m00': 11.0, 'm10': 2282.5, 'm01': 3598.6666666666665, 'm20': 473626.3333333333, 'm11': 746723.3333333333, 'm02': 1177322.1666666665, 'm30': 98280611.25, 'm21': 154947573.71666667, 'm12': 244294349.58333334, 'm03': 385171179.40000004, 'mu20': 7.583333333313931, 'mu11': 0.0, 'mu02': 12.914141414221376, 'mu30': 1.4901161193847656e-08, 'mu21': 1.151010119278908, 'mu12': 3.608874976634979e-08, 'mu03': -1.0083256363868713, 'nu20': 0.0626721763083796, 'nu11': 0.0, 'nu02': 0.10672844143984608, 'nu30': 3.713114997790909e-11, 'nu21': 0.0028681207329454184, 'nu12': 8.992700385274859e-11, 'nu03': -0.0025125753586713617}
Centroid: 207, 327
Processing contour#9: area: 11.0 centroid: 207, 327 rectangle: (206, 325, 4, 5)
@find_dayJSON_match_for_contour: x: 206, y: 325, w: 4, h: 5, area: 11.0
Matched with JSON#8: (207, 327, 4, 62.0, 26.7279, 0.36192)
Match with input JSON(nodules) ID: 8
Matched contour: {'x': 207, 'y': 327, 'd': 4, 'a': 62.0, 'p': 26.7279, 'e': 0.36192, 'id': 8, 'tq': 100}
JSON_entry: 8
Matched with first_id: 8 second_id: 6 name: 20230501_5
entry_id:20230501_5, entry saved to results list
created dirs at nodule_detection_path: output/crop1012/nodules-last-detected-on/2023-05-01/5/detection and nodule_images_original_path: output/crop1012/nodules-last-detected-on/2023-05-01/5
Segmented nodule image saved as output/crop1012/nodules-last-detected-on/2023-05-01/5/detection/2023-05-01.jpg
Original nodule image saved as output/crop1012/nodules-last-detected-on/2023-05-01/5/2023-05-01.jpg


@process_contour: max_id: 20230501_23
Moments: {'m00': 9.5, 'm10': 2393.833333333333, 'm01': 2470.333333333333, 'm20': 603211.25, 'm11': 622480.125, 'm02': 642381.75, 'm30': 152002302.95000002, 'm21': 156855820.9, 'm12': 161868654.06666666, 'm03': 167046165.20000002, 'mu20': 7.247076023602858, 'mu11': -0.5358187132515013, 'mu02': 8.404970760457218, 'mu30': -1.6685236990451813, 'mu21': 0.6268133058117655, 'mu12': 1.585262066031646, 'mu03': -0.6851442158222198, 'nu20': 0.0803000113418599, 'nu11': -0.005937049454310263, 'nu02': 0.09312986992196362, 'nu30': -0.0059982334769964766, 'nu21': 0.002253352803378523, 'nu12': 0.005698913356594844, 'nu03': -0.0024630486065418808}
Centroid: 251, 260
Processing contour#10: area: 9.5 centroid: 251, 260 rectangle: (250, 258, 5, 5)
@find_dayJSON_match_for_contour: x: 250, y: 258, w: 5, h: 5, area: 9.5
Matched with JSON#7: (252, 260, 3, 36.0, 20.4853, 0.154303)
Match with input JSON(nodules) ID: 7
Matched contour: {'x': 252, 'y': 260, 'd': 3, 'a': 36.0, 'p': 20.4853, 'e': 0.154303, 'id': 7, 'tq': 100}
JSON_entry: 7
Matched with first_id: 7 second_id: 4 name: 20230501_4
entry_id:20230501_4, entry saved to results list
created dirs at nodule_detection_path: output/crop1012/nodules-last-detected-on/2023-05-01/4/detection and nodule_images_original_path: output/crop1012/nodules-last-detected-on/2023-05-01/4
Segmented nodule image saved as output/crop1012/nodules-last-detected-on/2023-05-01/4/detection/2023-05-01.jpg
Original nodule image saved as output/crop1012/nodules-last-detected-on/2023-05-01/4/2023-05-01.jpg


@process_contour: max_id: 20230501_24
Moments: {'m00': 16.0, 'm10': 2270.0, 'm01': 3704.0, 'm20': 322074.6666666666, 'm11': 525505.0, 'm02': 857500.0, 'm30': 45699573.0, 'm21': 74560285.33333333, 'm12': 121657808.0, 'm03': 198522362.0, 'mu20': 18.41666666662786, 'mu11': 0.0, 'mu02': 24.0, 'mu30': 3.937500014901161, 'mu21': 4.016328603029251e-09, 'mu12': -4.5, 'mu03': 0.0, 'nu20': 0.07194010416651508, 'nu11': 0.0, 'nu02': 0.09375, 'nu30': 0.0038452148583019152, 'nu21': 3.922195901395753e-12, 'nu12': -0.00439453125, 'nu03': 0.0}
Centroid: 141, 231
Processing contour#11: area: 16.0 centroid: 141, 231 rectangle: (140, 229, 5, 6)
@find_dayJSON_match_for_contour: x: 140, y: 229, w: 5, h: 6, area: 16.0
Matched with JSON#6: (141, 231, 5, 80.0, 30.7279, 0.517047)
Match with input JSON(nodules) ID: 6
Matched contour: {'x': 141, 'y': 231, 'd': 5, 'a': 80.0, 'p': 30.7279, 'e': 0.517047, 'id': 6, 'tq': 100}
JSON_entry: 6
WARNING: match is empty
entry_id:20230501_24, entry saved to results list
created dirs at nodule_detection_path: output/crop1012/nodules-last-detected-on/2023-05-01/24/detection and nodule_images_original_path: output/crop1012/nodules-last-detected-on/2023-05-01/24
Segmented nodule image saved as output/crop1012/nodules-last-detected-on/2023-05-01/24/detection/2023-05-01.jpg
Original nodule image saved as output/crop1012/nodules-last-detected-on/2023-05-01/24/2023-05-01.jpg


@process_contour: max_id: 20230501_25
Moments: {'m00': 28.0, 'm10': 1204.0, 'm01': 3640.0, 'm20': 51834.666666666664, 'm11': 156520.0, 'm02': 473262.6666666666, 'm30': 2234280.0, 'm21': 6738506.666666667, 'm12': 20350294.666666668, 'm03': 61540440.0, 'mu20': 62.66666666666424, 'mu11': 0.0, 'mu02': 62.66666666662786, 'mu30': 4.656612873077393e-10, 'mu21': 6.257323548197746e-10, 'mu12': 2.9103830456733704e-09, 'mu03': 1.4901161193847656e-08, 'nu20': 0.07993197278911254, 'nu11': 0.0, 'nu02': 0.07993197278906615, 'nu30': 1.1224708103193112e-13, 'nu21': 1.5083201513665744e-13, 'nu12': 7.015442564495695e-13, 'nu03': 3.591906593021796e-12}
Centroid: 43, 130
Processing contour#12: area: 28.0 centroid: 43, 130 rectangle: (40, 127, 7, 7)
@find_dayJSON_match_for_contour: x: 40, y: 127, w: 7, h: 7, area: 28.0
Matched with JSON#5: (43, 129, 5, 84.0, 31.5563, 0.354759)
Match with input JSON(nodules) ID: 5
Matched contour: {'x': 43, 'y': 129, 'd': 5, 'a': 84.0, 'p': 31.5563, 'e': 0.354759, 'id': 5, 'tq': 100}
JSON_entry: 5
Matched with first_id: 5 second_id: 3 name: 20230501_3
entry_id:20230501_3, entry saved to results list
created dirs at nodule_detection_path: output/crop1012/nodules-last-detected-on/2023-05-01/3/detection and nodule_images_original_path: output/crop1012/nodules-last-detected-on/2023-05-01/3
Segmented nodule image saved as output/crop1012/nodules-last-detected-on/2023-05-01/3/detection/2023-05-01.jpg
Original nodule image saved as output/crop1012/nodules-last-detected-on/2023-05-01/3/2023-05-01.jpg


@process_contour: max_id: 20230501_26
Moments: {'m00': 10.0, 'm10': 2055.5, 'm01': 1036.8333333333333, 'm20': 422515.1666666666, 'm11': 213121.91666666666, 'm02': 107512.16666666666, 'm30': 86850927.75, 'm21': 43808119.36666667, 'm12': 22099297.833333332, 'm03': 11149259.350000001, 'mu20': 7.1416666666045785, 'mu11': 0.8249999999825377, 'mu02': 9.830555555556202, 'mu30': -0.6974999755620956, 'mu21': -0.6547222127052237, 'mu12': 0.8975000006450955, 'mu03': 1.0065740756690502, 'nu20': 0.0714166666660458, 'nu11': 0.008249999999825378, 'nu02': 0.09830555555556204, 'nu30': -0.002205688590688006, 'nu21': -0.002070413426853739, 'nu12': 0.002838144202041092, 'nu03': 0.003183066712792874}
Centroid: 205, 103
Processing contour#13: area: 10.0 centroid: 205, 103 rectangle: (204, 102, 4, 5)
@find_dayJSON_match_for_contour: x: 204, y: 102, w: 4, h: 5, area: 10.0
Matched with JSON#4: (205, 103, 3, 43.0, 23.3137, 0.451036)
Match with input JSON(nodules) ID: 4
Matched contour: {'x': 205, 'y': 103, 'd': 3, 'a': 43.0, 'p': 23.3137, 'e': 0.451036, 'id': 4, 'tq': 100}
JSON_entry: 4
WARNING: match is empty
entry_id:20230501_26, entry saved to results list
created dirs at nodule_detection_path: output/crop1012/nodules-last-detected-on/2023-05-01/26/detection and nodule_images_original_path: output/crop1012/nodules-last-detected-on/2023-05-01/26
Segmented nodule image saved as output/crop1012/nodules-last-detected-on/2023-05-01/26/detection/2023-05-01.jpg
Original nodule image saved as output/crop1012/nodules-last-detected-on/2023-05-01/26/2023-05-01.jpg


@process_contour: max_id: 20230501_27
Moments: {'m00': 27.5, 'm10': 5610.333333333333, 'm01': 2445.833333333333, 'm20': 1144641.0833333333, 'm11': 498979.4583333333, 'm02': 217588.5833333333, 'm30': 233547215.20000002, 'm21': 101803614.56666666, 'm12': 44390672.06666666, 'm03': 19362447.95, 'mu20': 65.07929292926565, 'mu11': -0.18813131301430985, 'mu02': 57.648989899025764, 'mu30': 5.8334313333034515, 'mu21': 7.099005169786324, 'mu12': -2.9061371426014375, 'mu03': -3.312243651598692, 'nu20': 0.08605526337754134, 'nu11': -0.00024876867836602954, 'nu02': 0.07623006928796795, 'nu30': 0.0014709311849885292, 'nu21': 0.0017900524562650744, 'nu12': -0.0007327981605785265, 'nu03': -0.0008352001079710582}
Centroid: 204, 88
Processing contour#14: area: 27.5 centroid: 204, 88 rectangle: (201, 86, 7, 7)
@find_dayJSON_match_for_contour: x: 201, y: 86, w: 7, h: 7, area: 27.5
Matched with JSON#3: (204, 89, 5, 95.0, 33.3137, 0.38505)
Match with input JSON(nodules) ID: 3
Matched contour: {'x': 204, 'y': 89, 'd': 5, 'a': 95.0, 'p': 33.3137, 'e': 0.38505, 'id': 3, 'tq': 100}
JSON_entry: 3
WARNING: match is empty
entry_id:20230501_27, entry saved to results list
created dirs at nodule_detection_path: output/crop1012/nodules-last-detected-on/2023-05-01/27/detection and nodule_images_original_path: output/crop1012/nodules-last-detected-on/2023-05-01/27
Segmented nodule image saved as output/crop1012/nodules-last-detected-on/2023-05-01/27/detection/2023-05-01.jpg
Original nodule image saved as output/crop1012/nodules-last-detected-on/2023-05-01/27/2023-05-01.jpg


@process_contour: max_id: 20230501_28
Moments: {'m00': 24.0, 'm10': 1864.3333333333333, 'm01': 2102.0, 'm20': 144879.0, 'm11': 163287.0833333333, 'm02': 184139.3333333333, 'm30': 11263083.100000001, 'm21': 12689381.666666666, 'm12': 14304482.366666667, 'm03': 16134396.0, 'mu20': 56.55092592595611, 'mu11': 2.555555555562023, 'mu02': 39.166666666656965, 'mu30': 16.076980451121926, 'mu21': -1.1172839503169598, 'mu12': -10.994444440847928, 'mu03': -1.3055555503815413, 'nu20': 0.0981786908436738, 'nu11': 0.004436728395072956, 'nu02': 0.06799768518516834, 'nu30': 0.005697395646693986, 'nu21': -0.00039594554052049526, 'nu12': -0.0038962353711597996, 'nu03': -0.00046266564370561807}
Centroid: 77, 87
Processing contour#15: area: 24.0 centroid: 77, 87 rectangle: (75, 85, 7, 6)
@find_dayJSON_match_for_contour: x: 75, y: 85, w: 7, h: 6, area: 24.0
Matched with JSON#2: (77, 87, 4, 75.0, 29.8995, 0.69154)
Match with input JSON(nodules) ID: 2
Matched contour: {'x': 77, 'y': 87, 'd': 4, 'a': 75.0, 'p': 29.8995, 'e': 0.69154, 'id': 2, 'tq': 100}
JSON_entry: 2
Matched with first_id: 2 second_id: 1 name: 20230515_1
entry_id:20230515_1, entry saved to results list
created dirs at nodule_detection_path: output/crop1012/nodules-last-detected-on/2023-05-15/1/detection and nodule_images_original_path: output/crop1012/nodules-last-detected-on/2023-05-15/1
Segmented nodule image saved as output/crop1012/nodules-last-detected-on/2023-05-15/1/detection/2023-05-01.jpg
Original nodule image saved as output/crop1012/nodules-last-detected-on/2023-05-15/1/2023-05-01.jpg


@process_contour: max_id: 20230501_29
Moments: {'m00': 52.0, 'm10': 6534.166666666666, 'm01': 4589.833333333333, 'm20': 821285.1666666666, 'm11': 576673.8333333333, 'm02': 405366.1666666666, 'm30': 103255831.15, 'm21': 72473693.7, 'm12': 50924575.46666667, 'm03': 35822415.85, 'mu20': 221.05074786336627, 'mu11': -71.08920940174721, 'mu02': 239.81997863249853, 'mu30': 5.674658253788948, 'mu21': -18.15873121502227, 'mu12': 7.7977845031855395, 'mu03': 19.476229317486286, 'nu20': 0.08174953693171831, 'nu11': -0.026290388092362137, 'nu02': 0.08869082050018438, 'nu30': 0.00029102570699776685, 'nu21': -0.0009312732773829557, 'nu12': 0.00039991055788083117, 'nu03': 0.0009988413668765906}
Centroid: 125, 88
Processing contour#16: area: 52.0 centroid: 125, 88 rectangle: (121, 84, 10, 10)
@find_dayJSON_match_for_contour: x: 121, y: 84, w: 10, h: 10, area: 52.0
Matched with JSON#1: (125, 88, 7, 195.0, 50.6274, 0.674839)
Match with input JSON(nodules) ID: 1
Matched contour: {'x': 125, 'y': 88, 'd': 7, 'a': 195.0, 'p': 50.6274, 'e': 0.674839, 'id': 1, 'tq': 100}
JSON_entry: 1
Matched with first_id: 1 second_id: 2 name: 20230501_1
entry_id:20230501_1, entry saved to results list
created dirs at nodule_detection_path: output/crop1012/nodules-last-detected-on/2023-05-01/1/detection and nodule_images_original_path: output/crop1012/nodules-last-detected-on/2023-05-01/1
Segmented nodule image saved as output/crop1012/nodules-last-detected-on/2023-05-01/1/detection/2023-05-01.jpg
Original nodule image saved as output/crop1012/nodules-last-detected-on/2023-05-01/1/2023-05-01.jpg


@process_contour: max_id: 20230501_30
Moments: {'m00': 24.0, 'm10': 1550.8333333333333, 'm01': 1726.3333333333333, 'm20': 100258.16666666666, 'm11': 111552.5, 'm02': 124223.66666666666, 'm30': 6484482.350000001, 'm21': 7211646.45, 'm12': 8027114.95, 'm03': 8942323.1, 'mu20': 46.332175925941556, 'mu11': 0.19675925928459037, 'mu02': 47.550925925941556, 'mu30': 6.7761992029845715, 'mu21': -4.605716307801686, 'mu12': -5.149987140709982, 'mu03': 5.0144804529845715, 'nu20': 0.08043780542698187, 'nu11': 0.00034159593625796936, 'nu02': 0.08255369084364853, 'nu30': 0.0024013643580390993, 'nu21': -0.0016321838619978934, 'nu12': -0.0018250637553001111, 'nu03': 0.0017770425976522644}
Centroid: 64, 71
Processing contour#17: area: 24.0 centroid: 64, 71 rectangle: (62, 69, 7, 7)
@find_dayJSON_match_for_contour: x: 62, y: 69, w: 7, h: 7, area: 24.0
Matched with JSON#0: (65, 71, 5, 84.0, 31.5563, 0.389374)
Match with input JSON(nodules) ID: 0
Matched contour: {'x': 65, 'y': 71, 'd': 5, 'a': 84.0, 'p': 31.5563, 'e': 0.389374, 'id': 0, 'tq': 100}
JSON_entry: 0
Matched with first_id: 0 second_id: 0 name: 20230524_0
entry_id:20230524_0, entry saved to results list
created dirs at nodule_detection_path: output/crop1012/nodules-last-detected-on/2023-05-24/0/detection and nodule_images_original_path: output/crop1012/nodules-last-detected-on/2023-05-24/0
Segmented nodule image saved as output/crop1012/nodules-last-detected-on/2023-05-24/0/detection/2023-05-01.jpg
Original nodule image saved as output/crop1012/nodules-last-detected-on/2023-05-24/0/2023-05-01.jpg


Done analyzing contours, found 17 nodules.


results_entry: {'date': '20230501', 'json': 'output/crop1012/20230501/20230501.json', 'log': 'output/crop1012/20230501/crop1012_20230501.log', 'image': 'data/crop1012/20230501.jpg', 'plot': 'output/crop1012/plots/20230426_20230501.png', 'match_stats': {'i_dict': {0: 11, 1: 1, 6: 1, 10: 1}, 'average_tracking_quality': 39.4, 'distance_threshold': 20, 'lengths': {'matching': 14, 'unmatched_current': 4, 'unmatched_previous': 0}, 'averages': {'tq': -109.0, 'i': 1.2143, 'dx': -1.3571, 'dy': -3.2143, 'dd': 0.3571, 'da': 13.7143, 'dp': 3.295, 'de': -0.04}}}
