Current memory usage: 2204.546875 MB
@analyze_image: file_name: data/crop979/20230426.jpg, output_dir: output/crop979, external_logger: <Logger data_crop979.log (DEBUG)>
Loaded image & JSON file: data/crop979/20230426.jpg
Scaled JSON data: scalar_position: 0.5, scalar_size: 0.5

@find_prev_next_date: image_output_dir: output/crop979/20230426
data_dir: data/crop979
Previous date file: data/crop979/20230424.jpg, Next date file: data/crop979/20230501.json


Loaded prev_results from JSON file: 20230424, length: 32
Scaled JSON data: scalar_position: 0.5, scalar_size: 0.5
Loaded next_results from JSON file: 20230501, length: 33
Scaled JSON data: scalar_position: 0.5, scalar_size: 0.5
prev_results is not empty, generating matching
Current memory usage: 2204.55078125 MB
current_date:20230426, generating Matching: 20230424_20230426_matching.json
spatial_distances: (19, 32), attribute_distances: (19, 32)
combined_distances: (19, 32)
Current memory usage: 2204.55078125 MB

@find_matching: combined_distances: (19, 32), next_matching: [{'id': '20230501_0', 'p': {'id': 0, 'tq': -50.0, 'dx': -15, 'dy': 15, 'dd': -1, 'da': -50.0, 'dp': -9.07, 'de': -0.08}, 'c': {'id': 1}, 'n': {}, 'i': 0}, {'id': '20230503_1', 'p': {'id': 1, 'tq': -83.0, 'dx': 9, 'dy': 6, 'dd': 3, 'da': 95.0, 'dp': 18.66, 'de': -0.14}, 'c': {'id': 2}, 'n': {'id': 1, 'dx': -3, 'dy': 7, 'dd': -1, 'da': -33.0, 'dp': -6.49, 'de': 0.04}, 'i': 1}, {'id': '20230501_2', 'p': {'id': 2, 'tq': -297.0, 'dx': -8, 'dy': 60, 'dd': -3, 'da': -121.0, 'dp': -23.9, 'de': -0.33}, 'c': {'id': 3}, 'n': {}, 'i': 0}, {'id': '20230501_3', 'p': {'id': 3, 'tq': -239.0, 'dx': -87, 'dy': 37, 'dd': 0, 'da': 4.0, 'dp': 3.21, 'de': -0.62}, 'c': {'id': 4}, 'n': {}, 'i': 0}, {'id': '20230503_2', 'p': {'id': 5, 'tq': 13.0, 'dx': 1, 'dy': -13, 'dd': -1, 'da': -27.0, 'dp': -5.07, 'de': 0.16}, 'c': {'id': 5}, 'n': {'id': 2, 'dx': -1, 'dy': 6, 'dd': 0, 'da': -24.0, 'dp': -4.83, 'de': -0.05}, 'i': 1}, {'id': '20230501_5', 'p': {'id': 4, 'tq': -58.0, 'dx': -29, 'dy': 13, 'dd': -2, 'da': -28.0, 'dp': -13.28, 'de': 0.22}, 'c': {'id': 6}, 'n': {}, 'i': 0}, {'id': '20230501_6', 'p': {'id': 6, 'tq': -6.0, 'dx': -1, 'dy': 1, 'dd': 2, 'da': 66.0, 'dp': 14.24, 'de': -0.04}, 'c': {'id': 7}, 'n': {}, 'i': 0}, {'id': '20230501_7', 'p': {'id': 7, 'tq': -28.0, 'dx': 0, 'dy': 3, 'dd': 4, 'da': 74.0, 'dp': 24.35, 'de': -0.06}, 'c': {'id': 8}, 'n': {}, 'i': 0}, {'id': '20230501_8', 'p': {'id': 8, 'tq': 70.0, 'dx': -1, 'dy': 2, 'dd': 0, 'da': 15.0, 'dp': 1.41, 'de': 0.06}, 'c': {'id': 9}, 'n': {}, 'i': 0}, {'id': '20230501_9', 'p': {'id': 9, 'tq': 56.0, 'dx': 1, 'dy': -12, 'dd': 0, 'da': -1.0, 'dp': 0.0, 'de': -0.1}, 'c': {'id': 11}, 'n': {}, 'i': 0}, {'id': '20230501_10', 'p': {'id': 10, 'tq': 53.0, 'dx': -1, 'dy': 2, 'dd': 1, 'da': 25.0, 'dp': 6.83, 'de': -0.13}, 'c': {'id': 14}, 'n': {}, 'i': 0}, {'id': '20230501_11', 'p': {'id': 11, 'tq': 64.0, 'dx': 8, 'dy': 1, 'dd': 1, 'da': 5.0, 'dp': 0.96, 'de': 0.01}, 'c': {'id': 15}, 'n': {}, 'i': 0}, {'id': '20230503_5', 'p': {'id': 12, 'tq': 25.0, 'dx': -1, 'dy': -10, 'dd': -1, 'da': -26.0, 'dp': -4.83, 'de': -0.03}, 'c': {'id': 18}, 'n': {'id': 5, 'dx': -1, 'dy': 4, 'dd': 0, 'da': 7.0, 'dp': 1.41, 'de': 0.13}, 'i': 1}, {'id': '20230501_13', 'p': {'id': 13, 'tq': 76.0, 'dx': 1, 'dy': 3, 'dd': 0, 'da': -8.0, 'dp': -3.66, 'de': 0.01}, 'c': {'id': 21}, 'n': {}, 'i': 0}, {'id': '20230501_14', 'p': {'id': 14, 'tq': 44.0, 'dx': -3, 'dy': 10, 'dd': 1, 'da': 12.0, 'dp': 4.0, 'de': 0.0}, 'c': {'id': 24}, 'n': {}, 'i': 0}, {'id': '20230503_7', 'p': {'id': 15, 'tq': 53.0, 'dx': 0, 'dy': 3, 'dd': 1, 'da': 24.0, 'dp': 1.66, 'de': -0.2}, 'c': {'id': 25}, 'n': {'id': 7, 'dx': 0, 'dy': -1, 'dd': 0, 'da': 1.0, 'dp': 0.34, 'de': 0.04}, 'i': 1}, {'id': '20230501_16', 'p': {'id': 16, 'tq': -276.0, 'dx': 58, 'dy': -81, 'dd': 1, 'da': 18.0, 'dp': 2.59, 'de': -0.44}, 'c': {'id': 28}, 'n': {}, 'i': 0}, {'id': '20230501_17', 'p': {'id': 18, 'tq': -274.0, 'dx': -54, 'dy': -25, 'dd': -5, 'da': -106.0, 'dp': -31.31, 'de': 0.25}, 'c': {'id': 31}, 'n': {}, 'i': 0}, {'id': '20230501_18', 'p': {'id': 17, 'tq': -271.0, 'dx': -10, 'dy': 45, 'dd': -5, 'da': -135.0, 'dp': -36.14, 'de': -0.36}, 'c': {'id': 32}, 'n': {}, 'i': 0}], current_date_string: 20230426, distance_threshold: 20
tq < 0
tq < 0
tq < 0
tq < 0
tq < 0
matched entry: {'id': '20230503_2', 'p': {'id': 5, 'tq': 13.0, 'dx': 1, 'dy': -13, 'dd': -1, 'da': -27.0, 'dp': -5.07, 'de': 0.16}, 'c': {'id': 5}, 'n': {'id': 2, 'dx': -1, 'dy': 6, 'dd': 0, 'da': -24.0, 'dp': -4.83, 'de': -0.05}, 'i': 1}, len(matching): 5
tq < 0
tq < 0
matched entry: {'id': '20230501_8', 'p': {'id': 8, 'tq': 70.0, 'dx': -1, 'dy': 2, 'dd': 0, 'da': 15.0, 'dp': 1.41, 'de': 0.06}, 'c': {'id': 9}, 'n': {}, 'i': 0}, len(matching): 8
matched entry: {'id': '20230501_9', 'p': {'id': 9, 'tq': 56.0, 'dx': 1, 'dy': -12, 'dd': 0, 'da': -1.0, 'dp': 0.0, 'de': -0.1}, 'c': {'id': 11}, 'n': {}, 'i': 0}, len(matching): 9
matched entry: {'id': '20230501_10', 'p': {'id': 10, 'tq': 53.0, 'dx': -1, 'dy': 2, 'dd': 1, 'da': 25.0, 'dp': 6.83, 'de': -0.13}, 'c': {'id': 14}, 'n': {}, 'i': 0}, len(matching): 10
matched entry: {'id': '20230501_11', 'p': {'id': 11, 'tq': 64.0, 'dx': 8, 'dy': 1, 'dd': 1, 'da': 5.0, 'dp': 0.96, 'de': 0.01}, 'c': {'id': 15}, 'n': {}, 'i': 0}, len(matching): 11
matched entry: {'id': '20230503_5', 'p': {'id': 12, 'tq': 25.0, 'dx': -1, 'dy': -10, 'dd': -1, 'da': -26.0, 'dp': -4.83, 'de': -0.03}, 'c': {'id': 18}, 'n': {'id': 5, 'dx': -1, 'dy': 4, 'dd': 0, 'da': 7.0, 'dp': 1.41, 'de': 0.13}, 'i': 1}, len(matching): 12
matched entry: {'id': '20230501_13', 'p': {'id': 13, 'tq': 76.0, 'dx': 1, 'dy': 3, 'dd': 0, 'da': -8.0, 'dp': -3.66, 'de': 0.01}, 'c': {'id': 21}, 'n': {}, 'i': 0}, len(matching): 13
matched entry: {'id': '20230501_14', 'p': {'id': 14, 'tq': 44.0, 'dx': -3, 'dy': 10, 'dd': 1, 'da': 12.0, 'dp': 4.0, 'de': 0.0}, 'c': {'id': 24}, 'n': {}, 'i': 0}, len(matching): 14
matched entry: {'id': '20230503_7', 'p': {'id': 15, 'tq': 53.0, 'dx': 0, 'dy': 3, 'dd': 1, 'da': 24.0, 'dp': 1.66, 'de': -0.2}, 'c': {'id': 25}, 'n': {'id': 7, 'dx': 0, 'dy': -1, 'dd': 0, 'da': 1.0, 'dp': 0.34, 'de': 0.04}, 'i': 1}, len(matching): 15
tq < 0
tq < 0
tq < 0
i_dict: {0: 10, 1: 6, 2: 3}
tq_average: -22.2632, dx_average: -6.4211, dy_average: 4.4211, dd_average: 0.4211, da_average: 11.3158, dp_average: 2.7763, de_average: 0.0242
average_tracking_quality: 62.2222
@find_matching:
Returning:
Matching(lenght=19): [{'id': '20230426_0', 'p': {'id': 2, 'tq': -61.0, 'dx': 11, 'dy': -14, 'dd': 2, 'da': 64.0, 'dp': 13.9, 'de': -0.15}, 'c': {'id': 0}, 'n': {}, 'i': 0}, {'id': '20230426_1', 'p': {'id': 0, 'tq': -40.0, 'dx': -38, 'dy': 3, 'dd': 0, 'da': -4.0, 'dp': -0.76, 'de': -0.13}, 'c': {'id': 1}, 'n': {}, 'i': 0}, {'id': '20230426_2', 'p': {'id': 1, 'tq': -327.0, 'dx': -72, 'dy': 21, 'dd': 3, 'da': 108.0, 'dp': 20.49, 'de': 0.46}, 'c': {'id': 2}, 'n': {}, 'i': 0}, {'id': '20230426_3', 'p': {'id': 5, 'tq': 80.0, 'dx': 0, 'dy': 1, 'dd': 0, 'da': -8.0, 'dp': -7.24, 'de': 0.18}, 'c': {'id': 3}, 'n': {}, 'i': 0}, {'id': '20230426_4', 'p': {'id': 7, 'tq': 97.0, 'dx': 0, 'dy': 0, 'dd': 0, 'da': 2.0, 'dp': 0.24, 'de': 0.12}, 'c': {'id': 4}, 'n': {}, 'i': 0}, {'id': '20230503_2', 'p': {'id': 8, 'tq': -29.0, 'dx': -6, 'dy': -3, 'dd': 2, 'da': 69.0, 'dp': 13.07, 'de': -0.03}, 'c': {'id': 5}, 'n': {'id': 5, 'dx': 1, 'dy': -13, 'dd': -1, 'da': -27.0, 'dp': -5.07, 'de': 0.16}, 'i': 2}, {'id': '20230426_6', 'p': {'id': 10, 'tq': -79.0, 'dx': 46, 'dy': 15, 'dd': 0, 'da': -6.0, 'dp': -1.41, 'de': -0.04}, 'c': {'id': 6}, 'n': {}, 'i': 0}, {'id': '20230426_7', 'p': {'id': 11, 'tq': 62.0, 'dx': 0, 'dy': 0, 'dd': -2, 'da': -22.0, 'dp': -12.86, 'de': 0.02}, 'c': {'id': 7}, 'n': {}, 'i': 0}, {'id': '20230501_8', 'p': {'id': 12, 'tq': 23.0, 'dx': 0, 'dy': 1, 'dd': -1, 'da': -48.0, 'dp': -8.0, 'de': 0.04}, 'c': {'id': 8}, 'n': {'id': 9, 'dx': -1, 'dy': 2, 'dd': 0, 'da': 15.0, 'dp': 1.41, 'de': 0.06}, 'i': 1}, {'id': '20230501_9', 'p': {'id': 14, 'tq': -54.0, 'dx': -41, 'dy': -1, 'dd': 0, 'da': 7.0, 'dp': 1.41, 'de': -0.08}, 'c': {'id': 9}, 'n': {'id': 11, 'dx': 1, 'dy': -12, 'dd': 0, 'da': -1.0, 'dp': 0.0, 'de': -0.1}, 'i': 1}, {'id': '20230501_10', 'p': {'id': 16, 'tq': 100.0, 'dx': 0, 'dy': 0, 'dd': 0, 'da': 0.0, 'dp': 0.0, 'de': 0.0}, 'c': {'id': 10}, 'n': {'id': 14, 'dx': -1, 'dy': 2, 'dd': 1, 'da': 25.0, 'dp': 6.83, 'de': -0.13}, 'i': 1}, {'id': '20230501_11', 'p': {'id': 18, 'tq': 80.0, 'dx': 0, 'dy': 0, 'dd': 0, 'da': 12.0, 'dp': 6.07, 'de': -0.13}, 'c': {'id': 11}, 'n': {'id': 15, 'dx': 8, 'dy': 1, 'dd': 1, 'da': 5.0, 'dp': 0.96, 'de': 0.01}, 'i': 1}, {'id': '20230503_5', 'p': {'id': 19, 'tq': 32.0, 'dx': -3, 'dy': -5, 'dd': 1, 'da': 31.0, 'dp': 5.41, 'de': -0.01}, 'c': {'id': 12}, 'n': {'id': 18, 'dx': -1, 'dy': -10, 'dd': -1, 'da': -26.0, 'dp': -4.83, 'de': -0.03}, 'i': 2}, {'id': '20230501_13', 'p': {'id': 21, 'tq': 62.0, 'dx': 0, 'dy': -1, 'dd': 1, 'da': 21.0, 'dp': 8.49, 'de': -0.1}, 'c': {'id': 13}, 'n': {'id': 21, 'dx': 1, 'dy': 3, 'dd': 0, 'da': -8.0, 'dp': -3.66, 'de': 0.01}, 'i': 1}, {'id': '20230501_14', 'p': {'id': 23, 'tq': 24.0, 'dx': -13, 'dy': 13, 'dd': 0, 'da': 7.0, 'dp': 3.41, 'de': 0.42}, 'c': {'id': 14}, 'n': {'id': 24, 'dx': -3, 'dy': 10, 'dd': 1, 'da': 12.0, 'dp': 4.0, 'de': 0.0}, 'i': 1}, {'id': '20230503_7', 'p': {'id': 25, 'tq': -5.0, 'dx': 0, 'dy': 0, 'dd': -2, 'da': -69.0, 'dp': -11.41, 'de': 0.03}, 'c': {'id': 15}, 'n': {'id': 25, 'dx': 0, 'dy': 3, 'dd': 1, 'da': 24.0, 'dp': 1.66, 'de': -0.2}, 'i': 2}, {'id': '20230426_16', 'p': {'id': 27, 'tq': -159.0, 'dx': 36, 'dy': 31, 'dd': 3, 'da': 58.0, 'dp': 20.97, 'de': 0.01}, 'c': {'id': 16}, 'n': {}, 'i': 0}, {'id': '20230426_17', 'p': {'id': 30, 'tq': -128.0, 'dx': -35, 'dy': -7, 'dd': -1, 'da': -68.0, 'dp': -9.41, 'de': 0.01}, 'c': {'id': 17}, 'n': {}, 'i': 0}, {'id': '20230426_18', 'p': {'id': 31, 'tq': -101.0, 'dx': -7, 'dy': 30, 'dd': 2, 'da': 61.0, 'dp': 10.38, 'de': -0.16}, 'c': {'id': 18}, 'n': {}, 'i': 0}]
Unmatched current(length=0): set()
Unmatched previous(length=13): {3, 4, 6, 9, 13, 15, 17, 20, 22, 24, 26, 28, 29}
Distance threshold: 20



@plot_data: normalized_points: (19, 2), normalized_prev_points: (32, 2), current_points: (19, 2), prev_points: (32, 2), current_data: 19, prev_data: 32, matching: 19, unmatched_current: 0, unmatched_prev: 13, combined_distances: (19, 32), distance_threshold: 20, current_date_string: 20230426, previous_date_string: 20230424, filename: output/crop979/plots/20230424_20230426.png
Plots created
Plotted the normalized points
Drawing lines between the matched points
Plotting the unmatched points
Plotted the original points with diameter as size
Drawing lines between the matched points and add the indices to the plots with color coding
Setting the titles and labels
Done plotting

@process_image: output_dir: output/crop979/20230426, image_name: 20230426, date_string: 20230426
len(json_data) = 19 json_data entries
len(matching) = 19 matching entries, setting max_id_i to 19
crop_dir: output/crop979
nodules_dir: output/crop979/nodules-last-detected-on
Split image into left and right images: (705, 300, 3), (705, 300, 3)
Converted right image to HSV: (705, 300, 3)
Created mask to detect nodules: (705, 300)

Found 18 contours in mask, processing each contour...

@process_contour: max_id: 20230426_19
Moments: {'m00': 22.5, 'm10': 1806.5, 'm01': 14408.666666666666, 'm20': 145083.41666666666, 'm11': 1156851.125, 'm02': 9227138.916666666, 'm30': 11655263.15, 'm21': 92908509.6, 'm12': 740830686.6333333, 'm03': 5908977175.3, 'mu20': 41.53888888887013, 'mu11': -4.712037036893889, 'mu02': 42.24506172910333, 'mu30': 6.607160497456789, 'mu21': -4.400946534813556, 'mu12': -9.571838282628505, 'mu03': 5.1976318359375, 'nu20': 0.0820521262002373, 'nu11': -0.009307727480284226, 'nu02': 0.08344703551427818, 'nu30': 0.002751430589399783, 'nu21': -0.0018326933215652807, 'nu12': -0.003986016180135057, 'nu03': 0.0021644582769468467}
Centroid: 80, 640
Processing contour#1: area: 22.5 centroid: 80, 640 rectangle: (78, 638, 6, 6)
@find_dayJSON_match_for_contour: x: 78, y: 638, w: 6, h: 6, area: 22.5
Matched with JSON#18: (80, 640, 6, 115.0, 37.5563, 0.504549)
Match with input JSON(nodules) ID: 18
Matched contour: {'x': 80, 'y': 640, 'd': 6, 'a': 115.0, 'p': 37.5563, 'e': 0.504549, 'id': 18, 'tq': 100}
JSON_entry: 18
Matched with first_id: 18 second_id: 31 name: 20230426_18
entry_id:20230426_18, entry saved to results list
created dirs at nodule_detection_path: output/crop979/nodules-last-detected-on/2023-04-26/18/detection and nodule_images_original_path: output/crop979/nodules-last-detected-on/2023-04-26/18
Segmented nodule image saved as output/crop979/nodules-last-detected-on/2023-04-26/18/detection/2023-04-26.jpg
Original nodule image saved as output/crop979/nodules-last-detected-on/2023-04-26/18/2023-04-26.jpg


@process_contour: max_id: 20230426_20
Moments: {'m00': 44.5, 'm10': 6612.5, 'm01': 26899.333333333332, 'm20': 982901.0833333333, 'm11': 3997108.708333333, 'm02': 16260176.25, 'm30': 146147863.15, 'm21': 594140094.0666666, 'm12': 2416175386.633333, 'm03': 9829042371.7, 'mu20': 313.30243445688393, 'mu11': -11.329119850415736, 'mu02': 83.35611735470593, 'mu30': 69.03230655193329, 'mu21': 3.130312694760505, 'mu12': -28.23369023842133, 'mu03': 1.9141082763671875, 'nu20': 0.15821357629434865, 'nu11': -0.0057210553467570945, 'nu02': 0.04209373430360102, 'nu30': 0.0052257948567252235, 'nu21': 0.00023696690429885395, 'nu12': -0.0021373104942295066, 'nu03': 0.000144899362131696}
Centroid: 148, 604
Processing contour#2: area: 44.5 centroid: 148, 604 rectangle: (144, 602, 11, 6)
@find_dayJSON_match_for_contour: x: 144, y: 602, w: 11, h: 6, area: 44.5
Matched with JSON#17: (148, 604, 7, 161.0, 51.799, 0.900541)
Match with input JSON(nodules) ID: 17
Matched contour: {'x': 148, 'y': 604, 'd': 7, 'a': 161.0, 'p': 51.799, 'e': 0.900541, 'id': 17, 'tq': 100}
JSON_entry: 17
Matched with first_id: 17 second_id: 30 name: 20230426_17
entry_id:20230426_17, entry saved to results list
created dirs at nodule_detection_path: output/crop979/nodules-last-detected-on/2023-04-26/17/detection and nodule_images_original_path: output/crop979/nodules-last-detected-on/2023-04-26/17
Segmented nodule image saved as output/crop979/nodules-last-detected-on/2023-04-26/17/detection/2023-04-26.jpg
Original nodule image saved as output/crop979/nodules-last-detected-on/2023-04-26/17/2023-04-26.jpg


@process_contour: max_id: 20230426_21
Moments: {'m00': 19.0, 'm10': 3740.5, 'm01': 11436.0, 'm20': 736429.0, 'm11': 2251389.4166666665, 'm02': 6883288.5, 'm30': 144996416.25, 'm21': 443253586.25, 'm12': 1355104731.4166667, 'm03': 4143039545.0, 'mu20': 42.671052631689236, 'mu11': 2.1535087721422315, 'mu02': 20.289473684504628, 'mu30': 0.6371190845966339, 'mu21': -0.8236380980670219, 'mu12': 0.40073890390976885, 'mu03': 0.42936277389526367, 'nu20': 0.11820236186063499, 'nu11': 0.0059653982607818035, 'nu02': 0.05620352821192417, 'nu30': 0.0004048895910129565, 'nu21': -0.000523422544908032, 'nu12': 0.0002546698330497068, 'nu03': 0.0002728603209692022}
Centroid: 196, 601
Processing contour#3: area: 19.0 centroid: 196, 601 rectangle: (194, 600, 7, 5)
@find_dayJSON_match_for_contour: x: 194, y: 600, w: 7, h: 5, area: 19.0
Matched with JSON#16: (197, 602, 4, 70.0, 30.9706, 0.694806)
Match with input JSON(nodules) ID: 16
Matched contour: {'x': 197, 'y': 602, 'd': 4, 'a': 70.0, 'p': 30.9706, 'e': 0.694806, 'id': 16, 'tq': 100}
JSON_entry: 16
Matched with first_id: 16 second_id: 27 name: 20230426_16
entry_id:20230426_16, entry saved to results list
created dirs at nodule_detection_path: output/crop979/nodules-last-detected-on/2023-04-26/16/detection and nodule_images_original_path: output/crop979/nodules-last-detected-on/2023-04-26/16
Segmented nodule image saved as output/crop979/nodules-last-detected-on/2023-04-26/16/detection/2023-04-26.jpg
Original nodule image saved as output/crop979/nodules-last-detected-on/2023-04-26/16/2023-04-26.jpg


@process_contour: max_id: 20230426_22
Moments: {'m00': 9.0, 'm10': 1885.5, 'm01': 3901.5, 'm20': 395019.0, 'm11': 817364.25, 'm02': 1691307.0, 'm30': 82759308.75, 'm21': 171240736.5, 'm12': 354328816.5, 'm03': 733187436.75, 'mu20': 6.75, 'mu11': 0.0, 'mu02': 6.75, 'mu30': 0.0, 'mu21': 0.0, 'mu12': 0.0, 'mu03': 0.0, 'nu20': 0.08333333333333333, 'nu11': 0.0, 'nu02': 0.08333333333333333, 'nu30': 0.0, 'nu21': 0.0, 'nu12': 0.0, 'nu03': 0.0}
Centroid: 209, 433
Processing contour#4: area: 9.0 centroid: 209, 433 rectangle: (208, 432, 4, 4)
@find_dayJSON_match_for_contour: x: 208, y: 432, w: 4, h: 4, area: 9.0
Matched with JSON#15: (209, 433, 3, 38.0, 25.3137, 0.458171)
Match with input JSON(nodules) ID: 15
Matched contour: {'x': 209, 'y': 433, 'd': 3, 'a': 38.0, 'p': 25.3137, 'e': 0.458171, 'id': 15, 'tq': 100}
JSON_entry: 15
Matched with first_id: 15 second_id: 25 name: 20230503_7
entry_id:20230503_7, entry saved to results list
created dirs at nodule_detection_path: output/crop979/nodules-last-detected-on/2023-05-03/7/detection and nodule_images_original_path: output/crop979/nodules-last-detected-on/2023-05-03/7
Segmented nodule image saved as output/crop979/nodules-last-detected-on/2023-05-03/7/detection/2023-04-26.jpg
Original nodule image saved as output/crop979/nodules-last-detected-on/2023-05-03/7/2023-04-26.jpg


@process_contour: max_id: 20230426_23
Moments: {'m00': 5.0, 'm10': 201.83333333333331, 'm01': 2109.6666666666665, 'm20': 8149.666666666666, 'm11': 85159.91666666666, 'm02': 890140.8333333333, 'm30': 329162.85000000003, 'm21': 3438592.716666667, 'm12': 35931769.61666667, 'm03': 375581897.90000004, 'mu20': 2.3277777777775555, 'mu11': -0.2944444444437977, 'mu02': 2.1444444444496185, 'mu30': 0.042962963052559644, 'mu21': 0.465925926600562, 'mu12': -0.21703703458575774, 'mu03': -0.6696295738220215, 'nu20': 0.09311111111110223, 'nu11': -0.01177777777775191, 'nu02': 0.08577777777798476, 'nu30': 0.0007685448472026819, 'nu21': 0.008334736354867473, 'nu12': -0.003882476503749818, 'nu03': -0.01197869797448203}
Centroid: 40, 421
Processing contour#5: area: 5.0 centroid: 40, 421 rectangle: (39, 420, 4, 4)
@find_dayJSON_match_for_contour: x: 39, y: 420, w: 4, h: 4, area: 5.0
Matched with JSON#14: (40, 421, 2, 26.0, 16.4853, 0.689053)
Match with input JSON(nodules) ID: 14
Matched contour: {'x': 40, 'y': 421, 'd': 2, 'a': 26.0, 'p': 16.4853, 'e': 0.689053, 'id': 14, 'tq': 100}
JSON_entry: 14
Matched with first_id: 14 second_id: 23 name: 20230501_14
entry_id:20230501_14, entry saved to results list
created dirs at nodule_detection_path: output/crop979/nodules-last-detected-on/2023-05-01/14/detection and nodule_images_original_path: output/crop979/nodules-last-detected-on/2023-05-01/14
Segmented nodule image saved as output/crop979/nodules-last-detected-on/2023-05-01/14/detection/2023-04-26.jpg
Original nodule image saved as output/crop979/nodules-last-detected-on/2023-05-01/14/2023-04-26.jpg


@process_contour: max_id: 20230426_24
Moments: {'m00': 9.0, 'm10': 420.5, 'm01': 3642.5, 'm20': 19654.333333333332, 'm11': 170185.25, 'm02': 1474208.3333333333, 'm30': 919011.25, 'm21': 7954502.5, 'm12': 68877928.16666667, 'm03': 596651059.25, 'mu20': 7.638888888886868, 'mu11': -0.4444444444088731, 'mu02': 7.638888888992369, 'mu30': 3.308641975512728, 'mu21': -1.4320987678102028, 'mu12': -1.4320987695310805, 'mu03': 3.308642029762268, 'nu20': 0.0943072702331712, 'nu11': -0.00548696844949226, 'nu02': 0.09430727023447369, 'nu30': 0.013615810598817809, 'nu21': -0.0058934105671201754, 'nu12': -0.005893410574201977, 'nu03': 0.013615810822066945}
Centroid: 46, 404
Processing contour#6: area: 9.0 centroid: 46, 404 rectangle: (45, 403, 5, 5)
@find_dayJSON_match_for_contour: x: 45, y: 403, w: 5, h: 5, area: 9.0
Matched with JSON#13: (46, 404, 3, 37.0, 20.7279, 0.50206)
Match with input JSON(nodules) ID: 13
Matched contour: {'x': 46, 'y': 404, 'd': 3, 'a': 37.0, 'p': 20.7279, 'e': 0.50206, 'id': 13, 'tq': 100}
JSON_entry: 13
Matched with first_id: 13 second_id: 21 name: 20230501_13
entry_id:20230501_13, entry saved to results list
created dirs at nodule_detection_path: output/crop979/nodules-last-detected-on/2023-05-01/13/detection and nodule_images_original_path: output/crop979/nodules-last-detected-on/2023-05-01/13
Segmented nodule image saved as output/crop979/nodules-last-detected-on/2023-05-01/13/detection/2023-04-26.jpg
Original nodule image saved as output/crop979/nodules-last-detected-on/2023-05-01/13/2023-04-26.jpg


@process_contour: max_id: 20230426_25
Moments: {'m00': 31.0, 'm10': 7743.166666666666, 'm01': 12351.333333333332, 'm20': 1934189.6666666665, 'm11': 3085110.25, 'm02': 4921201.5, 'm30': 483173418.65000004, 'm21': 770639150.1166667, 'm12': 1229215223.55, 'm03': 1960801406.6000001, 'mu20': 104.8270609320607, 'mu11': -0.47759856563061476, 'mu02': 58.43189964257181, 'mu30': -11.696851253509521, 'mu21': -8.161988032399677, 'mu12': 10.105102235262166, 'mu03': 1.737433671951294, 'nu20': 0.10908122885750332, 'nu11': -0.0004969808175136469, 'nu02': 0.060803225434518, 'nu30': -0.00218607336331825, 'nu21': -0.0015254280184163018, 'nu12': 0.0018885847439913625, 'nu03': 0.0003247162324685751}
Centroid: 249, 398
Processing contour#7: area: 31.0 centroid: 249, 398 rectangle: (246, 396, 8, 6)
@find_dayJSON_match_for_contour: x: 246, y: 396, w: 8, h: 6, area: 31.0
Matched with JSON#12: (249, 398, 6, 131.0, 40.1421, 0.312925)
Match with input JSON(nodules) ID: 12
Matched contour: {'x': 249, 'y': 398, 'd': 6, 'a': 131.0, 'p': 40.1421, 'e': 0.312925, 'id': 12, 'tq': 100}
JSON_entry: 12
Matched with first_id: 12 second_id: 19 name: 20230503_5
entry_id:20230503_5, entry saved to results list
created dirs at nodule_detection_path: output/crop979/nodules-last-detected-on/2023-05-03/5/detection and nodule_images_original_path: output/crop979/nodules-last-detected-on/2023-05-03/5
Segmented nodule image saved as output/crop979/nodules-last-detected-on/2023-05-03/5/detection/2023-04-26.jpg
Original nodule image saved as output/crop979/nodules-last-detected-on/2023-05-03/5/2023-04-26.jpg


@process_contour: max_id: 20230426_26
Moments: {'m00': 0.0, 'm10': 0.0, 'm01': 0.0, 'm20': 0.0, 'm11': 0.0, 'm02': 0.0, 'm30': 0.0, 'm21': 0.0, 'm12': 0.0, 'm03': 0.0, 'mu20': 0.0, 'mu11': 0.0, 'mu02': 0.0, 'mu30': 0.0, 'mu21': 0.0, 'mu12': 0.0, 'mu03': 0.0, 'nu20': 0.0, 'nu11': 0.0, 'nu02': 0.0, 'nu30': 0.0, 'nu21': 0.0, 'nu12': 0.0, 'nu03': 0.0}
Skipping contour#8 because area is 0.


@process_contour: max_id: 20230426_27
Moments: {'m00': 1.0, 'm10': 130.5, 'm01': 362.5, 'm20': 17030.333333333332, 'm11': 47306.25, 'm02': 131406.3333333333, 'm30': 2222480.25, 'm21': 6173495.833333333, 'm12': 17148526.5, 'm03': 47634856.25, 'mu20': 0.08333333333212067, 'mu11': 0.0, 'mu02': 0.08333333331393078, 'mu30': 4.656612873077393e-10, 'mu21': 1.291482476517558e-10, 'mu12': 2.5320332497358322e-09, 'mu03': 2.2351741790771484e-08, 'nu20': 0.08333333333212067, 'nu11': 0.0, 'nu02': 0.08333333331393078, 'nu30': 4.656612873077393e-10, 'nu21': 1.291482476517558e-10, 'nu12': 2.5320332497358322e-09, 'nu03': 2.2351741790771484e-08}
Centroid: 130, 362
Processing contour#9: area: 1.0 centroid: 130, 362 rectangle: (130, 362, 2, 2)
@find_dayJSON_match_for_contour: x: 130, y: 362, w: 2, h: 2, area: 1.0
Matched with JSON#11: (131, 362, 2, 26.0, 18.5208, 0.618104)
Match with input JSON(nodules) ID: 11
Matched contour: {'x': 131, 'y': 362, 'd': 2, 'a': 26.0, 'p': 18.5208, 'e': 0.618104, 'id': 11, 'tq': 100}
JSON_entry: 11
Matched with first_id: 11 second_id: 18 name: 20230501_11
entry_id:20230501_11, entry saved to results list
created dirs at nodule_detection_path: output/crop979/nodules-last-detected-on/2023-05-01/11/detection and nodule_images_original_path: output/crop979/nodules-last-detected-on/2023-05-01/11
Segmented nodule image saved as output/crop979/nodules-last-detected-on/2023-05-01/11/detection/2023-04-26.jpg
Original nodule image saved as output/crop979/nodules-last-detected-on/2023-05-01/11/2023-04-26.jpg


@process_contour: max_id: 20230426_28
Moments: {'m00': 9.0, 'm10': 2101.5, 'm01': 3199.5, 'm20': 490707.0, 'm11': 747083.25, 'm02': 1137429.0, 'm30': 114583236.75, 'm21': 174446338.5, 'm12': 265589671.5, 'm03': 404360808.75, 'mu20': 6.75, 'mu11': 0.0, 'mu02': 6.75, 'mu30': 0.0, 'mu21': 0.0, 'mu12': 0.0, 'mu03': 0.0, 'nu20': 0.08333333333333333, 'nu11': 0.0, 'nu02': 0.08333333333333333, 'nu30': 0.0, 'nu21': 0.0, 'nu12': 0.0, 'nu03': 0.0}
Centroid: 233, 355
Processing contour#10: area: 9.0 centroid: 233, 355 rectangle: (232, 354, 4, 4)
@find_dayJSON_match_for_contour: x: 232, y: 354, w: 4, h: 4, area: 9.0
Matched with JSON#10: (233, 355, 3, 46.0, 21.8995, 0.50316)
Match with input JSON(nodules) ID: 10
Matched contour: {'x': 233, 'y': 355, 'd': 3, 'a': 46.0, 'p': 21.8995, 'e': 0.50316, 'id': 10, 'tq': 100}
JSON_entry: 10
Matched with first_id: 10 second_id: 16 name: 20230501_10
entry_id:20230501_10, entry saved to results list
created dirs at nodule_detection_path: output/crop979/nodules-last-detected-on/2023-05-01/10/detection and nodule_images_original_path: output/crop979/nodules-last-detected-on/2023-05-01/10
Segmented nodule image saved as output/crop979/nodules-last-detected-on/2023-05-01/10/detection/2023-04-26.jpg
Original nodule image saved as output/crop979/nodules-last-detected-on/2023-05-01/10/2023-04-26.jpg


@process_contour: max_id: 20230426_29
Moments: {'m00': 8.5, 'm10': 1610.1666666666665, 'm01': 2766.1666666666665, 'm20': 305022.0833333333, 'm11': 523998.0416666666, 'm02': 900203.4166666666, 'm30': 57783026.050000004, 'm21': 99263487.01666667, 'm12': 170526308.35, 'm03': 292958340.05, 'mu20': 6.001633986947127, 'mu11': -0.7066993464250118, 'mu02': 6.001633986947127, 'mu30': 0.35087787359952927, 'mu21': -0.47820706743368646, 'mu12': -0.4782070963044589, 'mu03': 0.35087788105010986, 'nu20': 0.08306759843525435, 'nu11': -0.009781305832872135, 'nu02': 0.08306759843525435, 'nu30': 0.0016657455745365075, 'nu21': -0.002270223819239462, 'nu12': -0.002270223956299576, 'nu03': 0.0016657456099071382}
Centroid: 189, 325
Processing contour#11: area: 8.5 centroid: 189, 325 rectangle: (188, 324, 4, 4)
@find_dayJSON_match_for_contour: x: 188, y: 324, w: 4, h: 4, area: 8.5
Matched with JSON#9: (189, 325, 3, 45.0, 21.8995, 0.518878)
Match with input JSON(nodules) ID: 9
Matched contour: {'x': 189, 'y': 325, 'd': 3, 'a': 45.0, 'p': 21.8995, 'e': 0.518878, 'id': 9, 'tq': 100}
JSON_entry: 9
Matched with first_id: 9 second_id: 14 name: 20230501_9
entry_id:20230501_9, entry saved to results list
created dirs at nodule_detection_path: output/crop979/nodules-last-detected-on/2023-05-01/9/detection and nodule_images_original_path: output/crop979/nodules-last-detected-on/2023-05-01/9
Segmented nodule image saved as output/crop979/nodules-last-detected-on/2023-05-01/9/detection/2023-04-26.jpg
Original nodule image saved as output/crop979/nodules-last-detected-on/2023-05-01/9/2023-04-26.jpg


@process_contour: max_id: 20230426_30
Moments: {'m00': 13.5, 'm10': 1689.8333333333333, 'm01': 4034.6666666666665, 'm20': 211535.5833333333, 'm11': 505031.0416666666, 'm02': 1205833.0833333333, 'm30': 26482099.950000003, 'm21': 63220499.6, 'm12': 150937766.56666666, 'm03': 360389704.3, 'mu20': 14.346707818942377, 'mu11': 0.35853909474099055, 'mu02': 15.667695473413914, 'mu30': -1.308738499879837, 'mu21': -2.520853027361227, 'mu12': 1.246352175613083, 'mu03': 2.466946065425873, 'nu20': 0.07871993316292113, 'nu11': 0.001967292700910785, 'nu02': 0.08596815074575535, 'nu30': -0.0019544225157391275, 'nu21': -0.0037645503024449, 'nu12': 0.001861257046218409, 'nu03': 0.0036840476044871172}
Centroid: 125, 298
Processing contour#12: area: 13.5 centroid: 125, 298 rectangle: (123, 297, 5, 5)
@find_dayJSON_match_for_contour: x: 123, y: 297, w: 5, h: 5, area: 13.5
Matched with JSON#8: (125, 299, 4, 59.0, 28.1421, 0.456154)
Match with input JSON(nodules) ID: 8
Matched contour: {'x': 125, 'y': 299, 'd': 4, 'a': 59.0, 'p': 28.1421, 'e': 0.456154, 'id': 8, 'tq': 100}
JSON_entry: 8
Matched with first_id: 8 second_id: 12 name: 20230501_8
entry_id:20230501_8, entry saved to results list
created dirs at nodule_detection_path: output/crop979/nodules-last-detected-on/2023-05-01/8/detection and nodule_images_original_path: output/crop979/nodules-last-detected-on/2023-05-01/8
Segmented nodule image saved as output/crop979/nodules-last-detected-on/2023-05-01/8/detection/2023-04-26.jpg
Original nodule image saved as output/crop979/nodules-last-detected-on/2023-05-01/8/2023-04-26.jpg


@process_contour: max_id: 20230426_31
Moments: {'m00': 7.0, 'm10': 1579.0, 'm01': 1979.6666666666665, 'm20': 356182.1666666666, 'm11': 446555.6666666666, 'm02': 559872.1666666666, 'm30': 80346721.5, 'm21': 100731451.63333333, 'm12': 126290841.66666667, 'm03': 158339204.9, 'mu20': 4.880952380946837, 'mu11': -0.571428571420256, 'mu02': 3.57936507940758, 'mu30': -0.6734693646430969, 'mu21': 0.48480726374396, 'mu12': 0.4251700793560076, 'mu03': -0.506273627281189, 'nu20': 0.0996112730805477, 'nu11': -0.011661807580005224, 'nu02': 0.0730482669266853, 'nu30': -0.005194846806024229, 'nu21': 0.0037395902439190053, 'nu12': 0.0032795752037364225, 'nu03': -0.003905172341506214}
Centroid: 225, 282
Processing contour#13: area: 7.0 centroid: 225, 282 rectangle: (224, 281, 4, 4)
@find_dayJSON_match_for_contour: x: 224, y: 281, w: 4, h: 4, area: 7.0
Matched with JSON#6: (225, 282, 3, 36.0, 20.4853, 0.364406)
Match with input JSON(nodules) ID: 6
Matched contour: {'x': 225, 'y': 282, 'd': 3, 'a': 36.0, 'p': 20.4853, 'e': 0.364406, 'id': 6, 'tq': 100}
JSON_entry: 6
Matched with first_id: 6 second_id: 10 name: 20230426_6
entry_id:20230426_6, entry saved to results list
created dirs at nodule_detection_path: output/crop979/nodules-last-detected-on/2023-04-26/6/detection and nodule_images_original_path: output/crop979/nodules-last-detected-on/2023-04-26/6
Segmented nodule image saved as output/crop979/nodules-last-detected-on/2023-04-26/6/detection/2023-04-26.jpg
Original nodule image saved as output/crop979/nodules-last-detected-on/2023-04-26/6/2023-04-26.jpg


@process_contour: max_id: 20230426_32
Moments: {'m00': 41.0, 'm10': 4965.666666666666, 'm01': 9488.5, 'm20': 601557.5, 'm11': 1149187.6666666665, 'm02': 2196020.0, 'm30': 72892432.9, 'm21': 139216340.58333334, 'm12': 265968005.54999998, 'm03': 508276517.25, 'mu20': 146.6355013550492, 'mu11': -0.8252032520249486, 'mu02': 126.53048780467361, 'mu30': -13.731116846203804, 'mu21': -4.377189521066612, 'mu12': 14.002409306127447, 'mu03': 6.541047096252441, 'nu20': 0.08723111323917264, 'nu11': -0.0004909002094140087, 'nu02': 0.07527096240611161, 'nu30': -0.0012756931426553602, 'nu21': -0.00040666398215607303, 'nu12': 0.001300897642380696, 'nu03': 0.0006076977583059412}
Centroid: 121, 231
Processing contour#14: area: 41.0 centroid: 121, 231 rectangle: (117, 228, 9, 8)
@find_dayJSON_match_for_contour: x: 117, y: 228, w: 9, h: 8, area: 41.0
Matched with JSON#5: (121, 231, 6, 139.0, 41.799, 0.472669)
Match with input JSON(nodules) ID: 5
Matched contour: {'x': 121, 'y': 231, 'd': 6, 'a': 139.0, 'p': 41.799, 'e': 0.472669, 'id': 5, 'tq': 100}
JSON_entry: 5
Matched with first_id: 5 second_id: 8 name: 20230503_2
entry_id:20230503_2, entry saved to results list
created dirs at nodule_detection_path: output/crop979/nodules-last-detected-on/2023-05-03/2/detection and nodule_images_original_path: output/crop979/nodules-last-detected-on/2023-05-03/2
Segmented nodule image saved as output/crop979/nodules-last-detected-on/2023-05-03/2/detection/2023-04-26.jpg
Original nodule image saved as output/crop979/nodules-last-detected-on/2023-05-03/2/2023-04-26.jpg


@process_contour: max_id: 20230426_33
Moments: {'m00': 6.0, 'm10': 1114.6666666666665, 'm01': 1267.3333333333333, 'm20': 207083.3333333333, 'm11': 235442.66666666666, 'm02': 267692.0, 'm30': 38472609.4, 'm21': 43740711.53333333, 'm12': 49731350.46666667, 'm03': 56543782.6, 'mu20': 3.037037037080154, 'mu11': 0.2962962963501923, 'mu02': 3.037037037080154, 'mu30': -0.5094650238752365, 'mu21': -0.40905350744196767, 'mu12': 0.4090534881172516, 'mu03': 0.5094650089740753, 'nu20': 0.08436213991889316, 'nu11': 0.00823045267639423, 'nu02': 0.08436213991889316, 'nu30': -0.005777450695783235, 'nu21': -0.004638760975595288, 'nu12': 0.004638760756448558, 'nu03': 0.005777450526800635}
Centroid: 185, 211
Processing contour#15: area: 6.0 centroid: 185, 211 rectangle: (184, 210, 4, 4)
@find_dayJSON_match_for_contour: x: 184, y: 210, w: 4, h: 4, area: 6.0
Matched with JSON#4: (186, 211, 3, 36.0, 19.8995, 0.546215)
Match with input JSON(nodules) ID: 4
Matched contour: {'x': 186, 'y': 211, 'd': 3, 'a': 36.0, 'p': 19.8995, 'e': 0.546215, 'id': 4, 'tq': 100}
JSON_entry: 4
Matched with first_id: 4 second_id: 7 name: 20230426_4
entry_id:20230426_4, entry saved to results list
created dirs at nodule_detection_path: output/crop979/nodules-last-detected-on/2023-04-26/4/detection and nodule_images_original_path: output/crop979/nodules-last-detected-on/2023-04-26/4
Segmented nodule image saved as output/crop979/nodules-last-detected-on/2023-04-26/4/detection/2023-04-26.jpg
Original nodule image saved as output/crop979/nodules-last-detected-on/2023-04-26/4/2023-04-26.jpg


@process_contour: max_id: 20230426_34
Moments: {'m00': 44.0, 'm10': 4365.5, 'm01': 3789.5, 'm20': 433289.8333333333, 'm11': 375918.1666666666, 'm02': 326543.8333333333, 'm30': 43021551.75, 'm21': 37305075.5, 'm12': 32387907.833333332, 'm03': 28153420.75, 'mu20': 162.78219696966698, 'mu11': -60.52083333337214, 'mu02': 173.14583333331393, 'mu30': 5.868672527372837, 'mu21': -2.136837114339869, 'mu12': -10.735321964046307, 'mu03': 8.73437500372529, 'nu20': 0.0840817133107784, 'nu11': -0.03126076101930379, 'nu02': 0.08943483126720761, 'nu30': 0.00045699156627447476, 'nu21': -0.00016639479119015557, 'nu12': -0.0008359559297145662, 'nu03': 0.0006801428593542411}
Centroid: 99, 86
Processing contour#16: area: 44.0 centroid: 99, 86 rectangle: (95, 82, 9, 9)
@find_dayJSON_match_for_contour: x: 95, y: 82, w: 9, h: 9, area: 44.0
Matched with JSON#2: (99, 86, 7, 186.0, 50.6274, 0.74721)
Match with input JSON(nodules) ID: 2
Matched contour: {'x': 99, 'y': 86, 'd': 7, 'a': 186.0, 'p': 50.6274, 'e': 0.74721, 'id': 2, 'tq': 100}
JSON_entry: 2
Matched with first_id: 2 second_id: 1 name: 20230426_2
entry_id:20230426_2, entry saved to results list
created dirs at nodule_detection_path: output/crop979/nodules-last-detected-on/2023-04-26/2/detection and nodule_images_original_path: output/crop979/nodules-last-detected-on/2023-04-26/2
Segmented nodule image saved as output/crop979/nodules-last-detected-on/2023-04-26/2/detection/2023-04-26.jpg
Original nodule image saved as output/crop979/nodules-last-detected-on/2023-04-26/2/2023-04-26.jpg


@process_contour: max_id: 20230426_35
Moments: {'m00': 9.0, 'm10': 1543.5, 'm01': 589.5, 'm20': 264717.0, 'm11': 101099.25, 'm02': 38619.0, 'm30': 45401280.75, 'm21': 17338963.5, 'm12': 6623158.5, 'm03': 2530428.75, 'mu20': 6.75, 'mu11': 0.0, 'mu02': 6.75, 'mu30': 0.0, 'mu21': 0.0, 'mu12': 0.0, 'mu03': 0.0, 'nu20': 0.08333333333333333, 'nu11': 0.0, 'nu02': 0.08333333333333333, 'nu30': 0.0, 'nu21': 0.0, 'nu12': 0.0, 'nu03': 0.0}
Centroid: 171, 65
Processing contour#17: area: 9.0 centroid: 171, 65 rectangle: (170, 64, 4, 4)
@find_dayJSON_match_for_contour: x: 170, y: 64, w: 4, h: 4, area: 9.0
Matched with JSON#1: (171, 65, 3, 41.0, 23.1421, 0.303351)
Match with input JSON(nodules) ID: 1
Matched contour: {'x': 171, 'y': 65, 'd': 3, 'a': 41.0, 'p': 23.1421, 'e': 0.303351, 'id': 1, 'tq': 100}
JSON_entry: 1
Matched with first_id: 1 second_id: 0 name: 20230426_1
entry_id:20230426_1, entry saved to results list
created dirs at nodule_detection_path: output/crop979/nodules-last-detected-on/2023-04-26/1/detection and nodule_images_original_path: output/crop979/nodules-last-detected-on/2023-04-26/1
Segmented nodule image saved as output/crop979/nodules-last-detected-on/2023-04-26/1/detection/2023-04-26.jpg
Original nodule image saved as output/crop979/nodules-last-detected-on/2023-04-26/1/2023-04-26.jpg


@process_contour: max_id: 20230426_36
Moments: {'m00': 29.0, 'm10': 2336.0, 'm01': 1571.5, 'm20': 188252.8333333333, 'm11': 126583.25, 'm02': 85217.33333333333, 'm30': 15177615.0, 'm21': 10200721.583333334, 'm12': 6863999.583333333, 'm03': 4624227.75, 'mu20': 84.00574712641537, 'mu11': -3.7844827586231986, 'mu02': 58.29022988505312, 'mu30': -8.914387628436089, 'mu21': -24.847007528429458, 'mu12': 6.616527942587709, 'mu03': 12.387039239518344, 'nu20': 0.09988792761761636, 'nu11': -0.0044999794989574295, 'nu02': 0.06931061817485508, 'nu30': -0.0019683236923944904, 'nu21': -0.005486294251699716, 'nu12': 0.0014609493387119353, 'nu03': 0.0027350956487452675}
Centroid: 80, 54
Processing contour#18: area: 29.0 centroid: 80, 54 rectangle: (77, 51, 8, 7)
@find_dayJSON_match_for_contour: x: 77, y: 51, w: 8, h: 7, area: 29.0
Matched with JSON#0: (80, 53, 5, 101.0, 34.9706, 0.549992)
Match with input JSON(nodules) ID: 0
Matched contour: {'x': 80, 'y': 53, 'd': 5, 'a': 101.0, 'p': 34.9706, 'e': 0.549992, 'id': 0, 'tq': 100}
JSON_entry: 0
Matched with first_id: 0 second_id: 2 name: 20230426_0
entry_id:20230426_0, entry saved to results list
created dirs at nodule_detection_path: output/crop979/nodules-last-detected-on/2023-04-26/0/detection and nodule_images_original_path: output/crop979/nodules-last-detected-on/2023-04-26/0
Segmented nodule image saved as output/crop979/nodules-last-detected-on/2023-04-26/0/detection/2023-04-26.jpg
Original nodule image saved as output/crop979/nodules-last-detected-on/2023-04-26/0/2023-04-26.jpg


Done analyzing contours, found 17 nodules.


results_entry: {'date': '20230426', 'json': 'output/crop979/20230426/20230426.json', 'log': 'output/crop979/20230426/crop979_20230426.log', 'image': 'data/crop979/20230426.jpg', 'plot': 'output/crop979/plots/20230424_20230426.png', 'match_stats': {'i_dict': {0: 10, 1: 6, 2: 3}, 'average_tracking_quality': 62.2222, 'distance_threshold': 20, 'lengths': {'matching': 19, 'unmatched_current': 0, 'unmatched_previous': 13}, 'averages': {'tq': -22.2632, 'i': 0.6316, 'dx': -6.4211, 'dy': 4.4211, 'dd': 0.4211, 'da': 11.3158, 'dp': 2.7763, 'de': 0.0242}}}
