@post_process: subdir: output\crop1000\nodules-last-detected-on\2023-05-19
@generate_gif: path:output\crop1000\nodules-last-detected-on\2023-05-19\1, output_name:o.gif
len_jpg_files: 3
@generate_gif: path:output\crop1000\nodules-last-detected-on\2023-05-19\1\detection, output_name:d.gif
len_jpg_files: 3
nodules_dir: output\crop1000\nodules-last-detected-on\2023-05-19\1 has 3 entries
nodules_dir: output\crop1000\nodules-last-detected-on\2023-05-19\1 has 3 entries


Plotting date: 2023-05-19

@check_overlap_helper: existing_positions:[], x:196, y:29, offset_increment:{'x': 0.4125000000000014, 'y': 0.12222222222222238}, xlim:(195.85, 199.15), ylim:(27.9, 30.1), i:0
returning: (196, 29), modified:False


Plotting date: 2023-05-17

@check_overlap_helper: existing_positions:[(196, 29)], x:199, y:30, offset_increment:{'x': 0.4125000000000014, 'y': 0.12222222222222238}, xlim:(195.85, 199.15), ylim:(27.9, 30.1), i:0
returning: (199, 30), modified:False


Plotting date: 2023-05-15

@check_overlap_helper: existing_positions:[(196, 29), (199, 30)], x:198, y:28, offset_increment:{'x': 0.4125000000000014, 'y': 0.12222222222222238}, xlim:(195.85, 199.15), ylim:(27.9, 30.1), i:0
returning: (198, 28), modified:False
@generate_gif: path:output\crop1000\nodules-last-detected-on\2023-05-19\100, output_name:o.gif
len_jpg_files: 1
@generate_gif: path:output\crop1000\nodules-last-detected-on\2023-05-19\100\detection, output_name:d.gif
len_jpg_files: 1
nodules_dir: output\crop1000\nodules-last-detected-on\2023-05-19\100 has 1 entries
nodules_dir: output\crop1000\nodules-last-detected-on\2023-05-19\100 has less than 2 entries, skipping
@generate_gif: path:output\crop1000\nodules-last-detected-on\2023-05-19\108, output_name:o.gif
len_jpg_files: 1
@generate_gif: path:output\crop1000\nodules-last-detected-on\2023-05-19\108\detection, output_name:d.gif
len_jpg_files: 1
nodules_dir: output\crop1000\nodules-last-detected-on\2023-05-19\108 has 1 entries
nodules_dir: output\crop1000\nodules-last-detected-on\2023-05-19\108 has less than 2 entries, skipping
@generate_gif: path:output\crop1000\nodules-last-detected-on\2023-05-19\177, output_name:o.gif
len_jpg_files: 1
@generate_gif: path:output\crop1000\nodules-last-detected-on\2023-05-19\177\detection, output_name:d.gif
len_jpg_files: 1
nodules_dir: output\crop1000\nodules-last-detected-on\2023-05-19\177 has 1 entries
nodules_dir: output\crop1000\nodules-last-detected-on\2023-05-19\177 has less than 2 entries, skipping
@generate_gif: path:output\crop1000\nodules-last-detected-on\2023-05-19\2, output_name:o.gif
len_jpg_files: 1
@generate_gif: path:output\crop1000\nodules-last-detected-on\2023-05-19\2\detection, output_name:d.gif
len_jpg_files: 1
nodules_dir: output\crop1000\nodules-last-detected-on\2023-05-19\2 has 1 entries
nodules_dir: output\crop1000\nodules-last-detected-on\2023-05-19\2 has less than 2 entries, skipping
@generate_gif: path:output\crop1000\nodules-last-detected-on\2023-05-19\25, output_name:o.gif
len_jpg_files: 7
@generate_gif: path:output\crop1000\nodules-last-detected-on\2023-05-19\25\detection, output_name:d.gif
len_jpg_files: 7
nodules_dir: output\crop1000\nodules-last-detected-on\2023-05-19\25 has 7 entries
nodules_dir: output\crop1000\nodules-last-detected-on\2023-05-19\25 has 7 entries


Plotting date: 2023-05-19

@check_overlap_helper: existing_positions:[], x:218, y:172, offset_increment:{'x': 1.6499999999999986, 'y': 0.48888888888888954}, xlim:(205.4, 218.6), ylim:(171.6, 180.4), i:0
returning: (218, 172), modified:False


Plotting date: 2023-05-17

@check_overlap_helper: existing_positions:[(218, 172)], x:206, y:180, offset_increment:{'x': 1.6499999999999986, 'y': 0.48888888888888954}, xlim:(205.4, 218.6), ylim:(171.6, 180.4), i:0
returning: (206, 180), modified:False


Plotting date: 2023-05-15

@check_overlap_helper: existing_positions:[(218, 172), (206, 180)], x:207, y:179, offset_increment:{'x': 1.6499999999999986, 'y': 0.48888888888888954}, xlim:(205.4, 218.6), ylim:(171.6, 180.4), i:0
returning: (207, 179), modified:False


Plotting date: 2023-05-12

@check_overlap_helper: existing_positions:[(218, 172), (206, 180), (207, 179)], x:207, y:179, offset_increment:{'x': 1.6499999999999986, 'y': 0.48888888888888954}, xlim:(205.4, 218.6), ylim:(171.6, 180.4), i:0
returning: (208.65, 179), modified:True, original:(207, 179)


Plotting date: 2023-05-10

@check_overlap_helper: existing_positions:[(218, 172), (206, 180), (207, 179), (208.65, 179)], x:206, y:179, offset_increment:{'x': 1.6499999999999986, 'y': 0.48888888888888954}, xlim:(205.4, 218.6), ylim:(171.6, 180.4), i:0
returning: (206, 179), modified:False


Plotting date: 2023-05-08

@check_overlap_helper: existing_positions:[(218, 172), (206, 180), (207, 179), (208.65, 179), (206, 179)], x:206, y:179, offset_increment:{'x': 1.6499999999999986, 'y': 0.48888888888888954}, xlim:(205.4, 218.6), ylim:(171.6, 180.4), i:0
returning: (206, 179.48888888888888), modified:True, original:(206, 179)


Plotting date: 2023-05-05

@check_overlap_helper: existing_positions:[(218, 172), (206, 180), (207, 179), (208.65, 179), (206, 179), (206, 179.48888888888888)], x:206, y:179, offset_increment:{'x': 1.6499999999999986, 'y': 0.48888888888888954}, xlim:(205.4, 218.6), ylim:(171.6, 180.4), i:0
returning: (206, 178.51111111111112), modified:True, original:(206, 179)
@generate_gif: path:output\crop1000\nodules-last-detected-on\2023-05-19\39, output_name:o.gif
len_jpg_files: 1
@generate_gif: path:output\crop1000\nodules-last-detected-on\2023-05-19\39\detection, output_name:d.gif
len_jpg_files: 1
nodules_dir: output\crop1000\nodules-last-detected-on\2023-05-19\39 has 1 entries
nodules_dir: output\crop1000\nodules-last-detected-on\2023-05-19\39 has less than 2 entries, skipping
@generate_gif: path:output\crop1000\nodules-last-detected-on\2023-05-19\40, output_name:o.gif
len_jpg_files: 1
@generate_gif: path:output\crop1000\nodules-last-detected-on\2023-05-19\40\detection, output_name:d.gif
len_jpg_files: 1
nodules_dir: output\crop1000\nodules-last-detected-on\2023-05-19\40 has 1 entries
nodules_dir: output\crop1000\nodules-last-detected-on\2023-05-19\40 has less than 2 entries, skipping
@generate_gif: path:output\crop1000\nodules-last-detected-on\2023-05-19\42, output_name:o.gif
len_jpg_files: 1
@generate_gif: path:output\crop1000\nodules-last-detected-on\2023-05-19\42\detection, output_name:d.gif
len_jpg_files: 1
nodules_dir: output\crop1000\nodules-last-detected-on\2023-05-19\42 has 1 entries
nodules_dir: output\crop1000\nodules-last-detected-on\2023-05-19\42 has less than 2 entries, skipping
@generate_gif: path:output\crop1000\nodules-last-detected-on\2023-05-19\48, output_name:o.gif
len_jpg_files: 1
@generate_gif: path:output\crop1000\nodules-last-detected-on\2023-05-19\48\detection, output_name:d.gif
len_jpg_files: 1
nodules_dir: output\crop1000\nodules-last-detected-on\2023-05-19\48 has 1 entries
nodules_dir: output\crop1000\nodules-last-detected-on\2023-05-19\48 has less than 2 entries, skipping
@generate_gif: path:output\crop1000\nodules-last-detected-on\2023-05-19\54, output_name:o.gif
len_jpg_files: 2
@generate_gif: path:output\crop1000\nodules-last-detected-on\2023-05-19\54\detection, output_name:d.gif
len_jpg_files: 2
nodules_dir: output\crop1000\nodules-last-detected-on\2023-05-19\54 has 2 entries
nodules_dir: output\crop1000\nodules-last-detected-on\2023-05-19\54 has 2 entries


Plotting date: 2023-05-19

@check_overlap_helper: existing_positions:[], x:179, y:335, offset_increment:{'x': 2.4612499999999997, 'y': 0.1833333333333308}, xlim:(169.155, 188.845), ylim:(334.85, 338.15), i:0
returning: (179, 335), modified:False


Plotting date: 2023-05-17

@check_overlap_helper: existing_positions:[(179, 335)], x:179, y:338, offset_increment:{'x': 2.4612499999999997, 'y': 0.1833333333333308}, xlim:(169.155, 188.845), ylim:(334.85, 338.15), i:0
returning: (179, 338), modified:False
@generate_gif: path:output\crop1000\nodules-last-detected-on\2023-05-19\61, output_name:o.gif
len_jpg_files: 2
@generate_gif: path:output\crop1000\nodules-last-detected-on\2023-05-19\61\detection, output_name:d.gif
len_jpg_files: 2
nodules_dir: output\crop1000\nodules-last-detected-on\2023-05-19\61 has 2 entries
nodules_dir: output\crop1000\nodules-last-detected-on\2023-05-19\61 has 2 entries


Plotting date: 2023-05-19

@check_overlap_helper: existing_positions:[], x:92, y:371, offset_increment:{'x': 1.264999999999997, 'y': 0.12222222222222474}, xlim:(86.94000000000001, 97.05999999999999), ylim:(370.9, 373.1), i:0
returning: (92, 371), modified:False


Plotting date: 2023-05-17

@check_overlap_helper: existing_positions:[(92, 371)], x:92, y:373, offset_increment:{'x': 1.264999999999997, 'y': 0.12222222222222474}, xlim:(86.94000000000001, 97.05999999999999), ylim:(370.9, 373.1), i:0
returning: (92, 373), modified:False
@generate_gif: path:output\crop1000\nodules-last-detected-on\2023-05-19\63, output_name:o.gif
len_jpg_files: 1
@generate_gif: path:output\crop1000\nodules-last-detected-on\2023-05-19\63\detection, output_name:d.gif
len_jpg_files: 1
nodules_dir: output\crop1000\nodules-last-detected-on\2023-05-19\63 has 1 entries
nodules_dir: output\crop1000\nodules-last-detected-on\2023-05-19\63 has less than 2 entries, skipping
@generate_gif: path:output\crop1000\nodules-last-detected-on\2023-05-19\64, output_name:o.gif
len_jpg_files: 1
@generate_gif: path:output\crop1000\nodules-last-detected-on\2023-05-19\64\detection, output_name:d.gif
len_jpg_files: 1
nodules_dir: output\crop1000\nodules-last-detected-on\2023-05-19\64 has 1 entries
nodules_dir: output\crop1000\nodules-last-detected-on\2023-05-19\64 has less than 2 entries, skipping
@generate_gif: path:output\crop1000\nodules-last-detected-on\2023-05-19\7, output_name:o.gif
len_jpg_files: 1
@generate_gif: path:output\crop1000\nodules-last-detected-on\2023-05-19\7\detection, output_name:d.gif
len_jpg_files: 1
nodules_dir: output\crop1000\nodules-last-detected-on\2023-05-19\7 has 1 entries
nodules_dir: output\crop1000\nodules-last-detected-on\2023-05-19\7 has less than 2 entries, skipping
@generate_gif: path:output\crop1000\nodules-last-detected-on\2023-05-19\70, output_name:o.gif
len_jpg_files: 1
@generate_gif: path:output\crop1000\nodules-last-detected-on\2023-05-19\70\detection, output_name:d.gif
len_jpg_files: 1
nodules_dir: output\crop1000\nodules-last-detected-on\2023-05-19\70 has 1 entries
nodules_dir: output\crop1000\nodules-last-detected-on\2023-05-19\70 has less than 2 entries, skipping
@generate_gif: path:output\crop1000\nodules-last-detected-on\2023-05-19\71, output_name:o.gif
len_jpg_files: 2
@generate_gif: path:output\crop1000\nodules-last-detected-on\2023-05-19\71\detection, output_name:d.gif
len_jpg_files: 2
nodules_dir: output\crop1000\nodules-last-detected-on\2023-05-19\71 has 2 entries
nodules_dir: output\crop1000\nodules-last-detected-on\2023-05-19\71 has 2 entries


Plotting date: 2023-05-19

@check_overlap_helper: existing_positions:[], x:46, y:415, offset_increment:{'x': 0.6324999999999985, 'y': 0.12222222222222474}, xlim:(43.470000000000006, 48.529999999999994), ylim:(414.9, 417.1), i:0
returning: (46, 415), modified:False


Plotting date: 2023-05-17

@check_overlap_helper: existing_positions:[(46, 415)], x:46, y:417, offset_increment:{'x': 0.6324999999999985, 'y': 0.12222222222222474}, xlim:(43.470000000000006, 48.529999999999994), ylim:(414.9, 417.1), i:0
returning: (46, 417), modified:False
@generate_gif: path:output\crop1000\nodules-last-detected-on\2023-05-19\72, output_name:o.gif
len_jpg_files: 2
@generate_gif: path:output\crop1000\nodules-last-detected-on\2023-05-19\72\detection, output_name:d.gif
len_jpg_files: 2
nodules_dir: output\crop1000\nodules-last-detected-on\2023-05-19\72 has 2 entries
nodules_dir: output\crop1000\nodules-last-detected-on\2023-05-19\72 has 2 entries


Plotting date: 2023-05-19

@check_overlap_helper: existing_positions:[], x:59, y:414, offset_increment:{'x': 0.8112500000000011, 'y': 0.12222222222222474}, xlim:(55.754999999999995, 62.245000000000005), ylim:(413.9, 416.1), i:0
returning: (59, 414), modified:False


Plotting date: 2023-05-17

@check_overlap_helper: existing_positions:[(59, 414)], x:59, y:416, offset_increment:{'x': 0.8112500000000011, 'y': 0.12222222222222474}, xlim:(55.754999999999995, 62.245000000000005), ylim:(413.9, 416.1), i:0
returning: (59, 416), modified:False
@generate_gif: path:output\crop1000\nodules-last-detected-on\2023-05-19\74, output_name:o.gif
len_jpg_files: 1
@generate_gif: path:output\crop1000\nodules-last-detected-on\2023-05-19\74\detection, output_name:d.gif
len_jpg_files: 1
nodules_dir: output\crop1000\nodules-last-detected-on\2023-05-19\74 has 1 entries
nodules_dir: output\crop1000\nodules-last-detected-on\2023-05-19\74 has less than 2 entries, skipping
@generate_gif: path:output\crop1000\nodules-last-detected-on\2023-05-19\82, output_name:o.gif
len_jpg_files: 1
@generate_gif: path:output\crop1000\nodules-last-detected-on\2023-05-19\82\detection, output_name:d.gif
len_jpg_files: 1
nodules_dir: output\crop1000\nodules-last-detected-on\2023-05-19\82 has 1 entries
nodules_dir: output\crop1000\nodules-last-detected-on\2023-05-19\82 has less than 2 entries, skipping
@post_process: output\crop1000\nodules-last-detected-on\2023-05-19, 20 nodules, took 7.19s
