Current memory usage: 2322.4609375 MB
@analyze_image: file_name: data/crop981/20230503.jpg, output_dir: output/crop981, external_logger: <Logger data_crop981.log (DEBUG)>
Loaded image & JSON file: data/crop981/20230503.jpg
Scaled JSON data: scalar_position: 0.5, scalar_size: 0.5

@find_prev_next_date: image_output_dir: output/crop981/20230503
data_dir: data/crop981
Previous date file: data/crop981/20230501.json, Next date file: data/crop981/20230505.json


Loaded prev_results from JSON file: 20230501, length: 39
Scaled JSON data: scalar_position: 0.5, scalar_size: 0.5
Loaded next_results from JSON file: 20230505, length: 61
Scaled JSON data: scalar_position: 0.5, scalar_size: 0.5
prev_results is not empty, generating matching
Current memory usage: 2322.4609375 MB
current_date:20230503, generating Matching: 20230501_20230503_matching.json
spatial_distances: (36, 39), attribute_distances: (36, 39)
combined_distances: (36, 39)
Current memory usage: 2322.46484375 MB

@find_matching: combined_distances: (36, 39), next_matching: [{'id': '20230508_0', 'p': {'id': 1, 'tq': -43.0, 'dx': -1, 'dy': -1, 'dd': 3, 'da': 90.0, 'dp': 18.83, 'de': -0.07}, 'c': {'id': 0}, 'n': {'id': 0, 'dx': -1, 'dy': 0, 'dd': -1, 'da': -29.0, 'dp': -5.41, 'de': -0.05}, 'i': 1}, {'id': '20230519_2', 'p': {'id': 2, 'tq': -20.0, 'dx': 0, 'dy': -1, 'dd': 2, 'da': 77.0, 'dp': 10.83, 'de': 0.16}, 'c': {'id': 1}, 'n': {'id': 1, 'dx': -1, 'dy': 0, 'dd': 0, 'da': 33.0, 'dp': 3.66, 'de': 0.01}, 'i': 6}, {'id': '20230508_2', 'p': {'id': 0, 'tq': -70.0, 'dx': 4, 'dy': 4, 'dd': 4, 'da': 95.0, 'dp': 31.52, 'de': -0.52}, 'c': {'id': 2}, 'n': {'id': 2, 'dx': -1, 'dy': 1, 'dd': 0, 'da': 5.0, 'dp': 0.24, 'de': 0.15}, 'i': 1}, {'id': '20230605_2', 'p': {'id': 3, 'tq': -129.0, 'dx': 0, 'dy': -2, 'dd': 5, 'da': 145.0, 'dp': 30.42, 'de': -0.11}, 'c': {'id': 3}, 'n': {'id': 3, 'dx': -1, 'dy': -1, 'dd': 0, 'da': 23.0, 'dp': 2.59, 'de': 0.01}, 'i': 13}, {'id': '20230508_5', 'p': {'id': 13, 'tq': -74.0, 'dx': -20, 'dy': -33, 'dd': 0, 'da': 26.0, 'dp': -0.34, 'de': 0.03}, 'c': {'id': 5}, 'n': {'id': 5, 'dx': -1, 'dy': 0, 'dd': 1, 'da': 14.0, 'dp': 3.41, 'de': -0.0}, 'i': 1}, {'id': '20230508_6', 'p': {'id': 8, 'tq': 5.0, 'dx': 0, 'dy': -2, 'dd': 1, 'da': 58.0, 'dp': 7.66, 'de': -0.02}, 'c': {'id': 6}, 'n': {'id': 7, 'dx': -1, 'dy': 0, 'dd': 0, 'da': -23.0, 'dp': -4.0, 'de': -0.0}, 'i': 1}, {'id': '20230510_9', 'p': {'id': 5, 'tq': -5.0, 'dx': 2, 'dy': 13, 'dd': 0, 'da': 39.0, 'dp': 3.41, 'de': 0.1}, 'c': {'id': 7}, 'n': {'id': 8, 'dx': 0, 'dy': 0, 'dd': 0, 'da': -26.0, 'dp': -0.24, 'de': 0.03}, 'i': 2}, {'id': '20230526_13', 'p': {'id': 11, 'tq': -10.0, 'dx': -1, 'dy': -2, 'dd': 2, 'da': 67.0, 'dp': 13.07, 'de': 0.19}, 'c': {'id': 8}, 'n': {'id': 10, 'dx': 0, 'dy': 0, 'dd': 0, 'da': 42.0, 'dp': 4.59, 'de': 0.03}, 'i': 9}, {'id': '20230515_14', 'p': {'id': 12, 'tq': 3.0, 'dx': -1, 'dy': -2, 'dd': 2, 'da': 59.0, 'dp': 9.07, 'de': 0.19}, 'c': {'id': 9}, 'n': {'id': 11, 'dx': 0, 'dy': 0, 'dd': 0, 'da': 18.0, 'dp': 2.0, 'de': -0.06}, 'i': 4}, {'id': '20230508_11', 'p': {'id': 10, 'tq': -2.0, 'dx': 3, 'dy': 6, 'dd': 1, 'da': 48.0, 'dp': 21.31, 'de': 0.56}, 'c': {'id': 10}, 'n': {'id': 13, 'dx': -1, 'dy': 0, 'dd': 0, 'da': -14.0, 'dp': -7.41, 'de': -0.02}, 'i': 1}, {'id': '20230505_10', 'p': {'id': 7, 'tq': -128.0, 'dx': 32, 'dy': 21, 'dd': 1, 'da': 62.0, 'dp': 10.24, 'de': 0.05}, 'c': {'id': 12}, 'n': {}, 'i': 0}, {'id': '20230505_11', 'p': {'id': 4, 'tq': -60.0, 'dx': 1, 'dy': 35, 'dd': 1, 'da': 24.0, 'dp': 6.24, 'de': -0.18}, 'c': {'id': 13}, 'n': {}, 'i': 0}, {'id': '20230512_18', 'p': {'id': 6, 'tq': -220.0, 'dx': 39, 'dy': 38, 'dd': 3, 'da': 83.0, 'dp': 22.49, 'de': -0.15}, 'c': {'id': 14}, 'n': {'id': 15, 'dx': -20, 'dy': 5, 'dd': 0, 'da': -4.0, 'dp': -1.41, 'de': -0.02}, 'i': 3}, {'id': '20230512_17', 'p': {'id': 14, 'tq': -55.0, 'dx': -1, 'dy': -3, 'dd': 3, 'da': 93.0, 'dp': 23.9, 'de': -0.17}, 'c': {'id': 15}, 'n': {'id': 16, 'dx': -1, 'dy': 1, 'dd': 0, 'da': 1.0, 'dp': 0.0, 'de': 0.01}, 'i': 3}, {'id': '20230519_21', 'p': {'id': 9, 'tq': -117.0, 'dx': -15, 'dy': 57, 'dd': 1, 'da': 7.0, 'dp': 1.41, 'de': -0.15}, 'c': {'id': 17}, 'n': {'id': 19, 'dx': 0, 'dy': 0, 'dd': 0, 'da': 26.0, 'dp': 4.83, 'de': 0.06}, 'i': 6}, {'id': '20230512_26', 'p': {'id': 15, 'tq': -1.0, 'dx': 20, 'dy': 0, 'dd': 1, 'da': 20.0, 'dp': 5.41, 'de': -0.18}, 'c': {'id': 19}, 'n': {'id': 24, 'dx': 0, 'dy': 1, 'dd': 2, 'da': 55.0, 'dp': 12.49, 'de': -0.17}, 'i': 3}, {'id': '20230607_38', 'p': {'id': 16, 'tq': 4.0, 'dx': -23, 'dy': 6, 'dd': -1, 'da': -8.0, 'dp': -2.0, 'de': -0.05}, 'c': {'id': 22}, 'n': {'id': 29, 'dx': -7, 'dy': 2, 'dd': 0, 'da': -3.0, 'dp': -0.24, 'de': 0.21}, 'i': 14}, {'id': '20230515_37', 'p': {'id': 19, 'tq': 0.0, 'dx': 11, 'dy': -20, 'dd': 0, 'da': 13.0, 'dp': 2.24, 'de': 0.28}, 'c': {'id': 25}, 'n': {'id': 32, 'dx': 0, 'dy': 1, 'dd': 1, 'da': 42.0, 'dp': 6.59, 'de': 0.12}, 'i': 4}, {'id': '20230524_38', 'p': {'id': 17, 'tq': -71.0, 'dx': 10, 'dy': 2, 'dd': 3, 'da': 88.0, 'dp': 19.66, 'de': -0.23}, 'c': {'id': 26}, 'n': {'id': 34, 'dx': 0, 'dy': 0, 'dd': 0, 'da': 17.0, 'dp': 1.41, 'de': -0.07}, 'i': 8}, {'id': '20230508_26', 'p': {'id': 23, 'tq': -259.0, 'dx': 68, 'dy': -57, 'dd': 0, 'da': 32.0, 'dp': 6.24, 'de': 0.1}, 'c': {'id': 27}, 'n': {'id': 35, 'dx': 8, 'dy': -7, 'dd': 1, 'da': 35.0, 'dp': 7.07, 'de': 0.0}, 'i': 1}, {'id': '20230505_20', 'p': {'id': 21, 'tq': 3.0, 'dx': 23, 'dy': -11, 'dd': 0, 'da': 5.0, 'dp': 1.41, 'de': 0.33}, 'c': {'id': 29}, 'n': {}, 'i': 0}, {'id': '20230505_21', 'p': {'id': 20, 'tq': 15.0, 'dx': 20, 'dy': 9, 'dd': 0, 'da': -5.0, 'dp': -1.41, 'de': -0.24}, 'c': {'id': 30}, 'n': {}, 'i': 0}, {'id': '20230510_45', 'p': {'id': 18, 'tq': -43.0, 'dx': 1, 'dy': 40, 'dd': 0, 'da': -2.0, 'dp': -0.59, 'de': -0.29}, 'c': {'id': 34}, 'n': {'id': 48, 'dx': 1, 'dy': -8, 'dd': 1, 'da': 33.0, 'dp': 6.59, 'de': 0.36}, 'i': 2}, {'id': '20230510_50', 'p': {'id': 22, 'tq': 10.0, 'dx': 2, 'dy': -1, 'dd': -2, 'da': -52.0, 'dp': -16.86, 'de': 0.08}, 'c': {'id': 35}, 'n': {'id': 52, 'dx': -1, 'dy': 0, 'dd': 1, 'da': 16.0, 'dp': 8.62, 'de': 0.03}, 'i': 2}, {'id': '20230505_24', 'p': {'id': 25, 'tq': -115.0, 'dx': 30, 'dy': -34, 'dd': -1, 'da': -35.0, 'dp': -13.07, 'de': -0.06}, 'c': {'id': 37}, 'n': {}, 'i': 0}, {'id': '20230607_73', 'p': {'id': 24, 'tq': -8.0, 'dx': -23, 'dy': 7, 'dd': -1, 'da': -15.0, 'dp': -4.45, 'de': 0.1}, 'c': {'id': 41}, 'n': {'id': 59, 'dx': -7, 'dy': -2, 'dd': 2, 'da': 33.0, 'dp': 9.04, 'de': -0.27}, 'i': 14}, {'id': '20230505_26', 'p': {'id': 26, 'tq': -20.0, 'dx': 0, 'dy': -2, 'dd': 3, 'da': 72.0, 'dp': 22.49, 'de': 0.1}, 'c': {'id': 48}, 'n': {}, 'i': 0}, {'id': '20230531_106', 'p': {'id': 27, 'tq': -141.0, 'dx': -60, 'dy': -30, 'dd': 0, 'da': 4.0, 'dp': 0.0, 'de': -0.11}, 'c': {'id': 49}, 'n': {'id': 79, 'dx': 18, 'dy': 3, 'dd': 0, 'da': -21.0, 'dp': -4.0, 'de': -0.14}, 'i': 11}, {'id': '20230512_100', 'p': {'id': 29, 'tq': 70.0, 'dx': 2, 'dy': -2, 'dd': 0, 'da': 13.0, 'dp': 4.24, 'de': -0.05}, 'c': {'id': 50}, 'n': {'id': 84, 'dx': -3, 'dy': 2, 'dd': 2, 'da': 48.0, 'dp': 8.83, 'de': -0.19}, 'i': 3}, {'id': '20230505_29', 'p': {'id': 28, 'tq': -216.0, 'dx': 72, 'dy': 43, 'dd': 0, 'da': 15.0, 'dp': 2.0, 'de': 0.05}, 'c': {'id': 51}, 'n': {}, 'i': 0}, {'id': '20230505_30', 'p': {'id': 32, 'tq': -197.0, 'dx': -4, 'dy': -76, 'dd': 0, 'da': 20.0, 'dp': 3.41, 'de': 0.07}, 'c': {'id': 52}, 'n': {}, 'i': 0}, {'id': '20230508_56', 'p': {'id': 30, 'tq': -104.0, 'dx': 12, 'dy': 55, 'dd': 0, 'da': -3.0, 'dp': 3.24, 'de': 0.0}, 'c': {'id': 53}, 'n': {'id': 104, 'dx': -2, 'dy': 0, 'dd': -2, 'da': -44.0, 'dp': -17.49, 'de': 0.14}, 'i': 1}, {'id': '20230505_32', 'p': {'id': 33, 'tq': -47.0, 'dx': 21, 'dy': 3, 'dd': -2, 'da': -48.0, 'dp': -8.0, 'de': 0.1}, 'c': {'id': 57}, 'n': {}, 'i': 0}, {'id': '20230505_33', 'p': {'id': 34, 'tq': -36.0, 'dx': 35, 'dy': 0, 'dd': -1, 'da': -8.0, 'dp': -4.41, 'de': 0.1}, 'c': {'id': 58}, 'n': {}, 'i': 0}, {'id': '20230505_34', 'p': {'id': 35, 'tq': -117.0, 'dx': 36, 'dy': 7, 'dd': -2, 'da': -58.0, 'dp': -11.66, 'de': -0.11}, 'c': {'id': 59}, 'n': {}, 'i': 0}, {'id': '20230505_35', 'p': {'id': 31, 'tq': -657.0, 'dx': -14, 'dy': 41, 'dd': -7, 'da': -399.0, 'dp': -61.46, 'de': -0.24}, 'c': {'id': 60}, 'n': {}, 'i': 0}], current_date_string: 20230503, distance_threshold: 20
tq < 0
tq < 0
tq < 0
tq < 0
tq < 0
tq < 0
tq < 0
tq < 0
matched entry: {'id': '20230508_6', 'p': {'id': 8, 'tq': 5.0, 'dx': 0, 'dy': -2, 'dd': 1, 'da': 58.0, 'dp': 7.66, 'de': -0.02}, 'c': {'id': 6}, 'n': {'id': 7, 'dx': -1, 'dy': 0, 'dd': 0, 'da': -23.0, 'dp': -4.0, 'de': -0.0}, 'i': 1}, len(matching): 8
tq < 0
tq < 0
tq < 0
matched entry: {'id': '20230515_14', 'p': {'id': 12, 'tq': 3.0, 'dx': -1, 'dy': -2, 'dd': 2, 'da': 59.0, 'dp': 9.07, 'de': 0.19}, 'c': {'id': 9}, 'n': {'id': 11, 'dx': 0, 'dy': 0, 'dd': 0, 'da': 18.0, 'dp': 2.0, 'de': -0.06}, 'i': 4}, len(matching): 12
tq < 0
tq < 0
tq < 0
matched entry: {'id': '20230607_38', 'p': {'id': 16, 'tq': 4.0, 'dx': -23, 'dy': 6, 'dd': -1, 'da': -8.0, 'dp': -2.0, 'de': -0.05}, 'c': {'id': 22}, 'n': {'id': 29, 'dx': -7, 'dy': 2, 'dd': 0, 'da': -3.0, 'dp': -0.24, 'de': 0.21}, 'i': 14}, len(matching): 16
tq < 0
tq < 0
tq < 0
matched entry: {'id': '20230505_21', 'p': {'id': 20, 'tq': 15.0, 'dx': 20, 'dy': 9, 'dd': 0, 'da': -5.0, 'dp': -1.41, 'de': -0.24}, 'c': {'id': 30}, 'n': {}, 'i': 0}, len(matching): 20
matched entry: {'id': '20230505_20', 'p': {'id': 21, 'tq': 3.0, 'dx': 23, 'dy': -11, 'dd': 0, 'da': 5.0, 'dp': 1.41, 'de': 0.33}, 'c': {'id': 29}, 'n': {}, 'i': 0}, len(matching): 21
matched entry: {'id': '20230510_50', 'p': {'id': 22, 'tq': 10.0, 'dx': 2, 'dy': -1, 'dd': -2, 'da': -52.0, 'dp': -16.86, 'de': 0.08}, 'c': {'id': 35}, 'n': {'id': 52, 'dx': -1, 'dy': 0, 'dd': 1, 'da': 16.0, 'dp': 8.62, 'de': 0.03}, 'i': 2}, len(matching): 22
tq < 0
tq < 0
tq < 0
tq < 0
tq < 0
tq < 0
matched entry: {'id': '20230512_100', 'p': {'id': 29, 'tq': 70.0, 'dx': 2, 'dy': -2, 'dd': 0, 'da': 13.0, 'dp': 4.24, 'de': -0.05}, 'c': {'id': 50}, 'n': {'id': 84, 'dx': -3, 'dy': 2, 'dd': 2, 'da': 48.0, 'dp': 8.83, 'de': -0.19}, 'i': 3}, len(matching): 29
tq < 0
tq < 0
tq < 0
tq < 0
tq < 0
tq < 0
i_dict: {0: 29, 1: 2, 2: 1, 3: 1, 4: 1, 5: 1, 15: 1}
tq_average: -89.0, dx_average: 5.1111, dy_average: -12.8056, dd_average: 0.5556, da_average: 19.0556, dp_average: 3.5194, de_average: 0.005
average_tracking_quality: 47.8824
@find_matching:
Returning:
Matching(lenght=36): [{'id': '20230503_0', 'p': {'id': 10, 'tq': -281.0, 'dx': 30, 'dy': -58, 'dd': -4, 'da': -96.0, 'dp': -32.11, 'de': 0.44}, 'c': {'id': 0}, 'n': {}, 'i': 0}, {'id': '20230503_1', 'p': {'id': 2, 'tq': -104.0, 'dx': 47, 'dy': -20, 'dd': -1, 'da': -16.0, 'dp': -4.83, 'de': 0.22}, 'c': {'id': 1}, 'n': {}, 'i': 0}, {'id': '20230503_2', 'p': {'id': 0, 'tq': 40.0, 'dx': 1, 'dy': 1, 'dd': 1, 'da': 36.0, 'dp': 6.0, 'de': 0.03}, 'c': {'id': 2}, 'n': {}, 'i': 0}, {'id': '20230503_3', 'p': {'id': 1, 'tq': 76.0, 'dx': 1, 'dy': 1, 'dd': 1, 'da': 9.0, 'dp': 8.45, 'de': 0.19}, 'c': {'id': 3}, 'n': {}, 'i': 0}, {'id': '20230503_4', 'p': {'id': 14, 'tq': -72.0, 'dx': -4, 'dy': -44, 'dd': 0, 'da': -11.0, 'dp': -4.41, 'de': 0.28}, 'c': {'id': 4}, 'n': {}, 'i': 0}, {'id': '20230503_5', 'p': {'id': 3, 'tq': 71.0, 'dx': 1, 'dy': 2, 'dd': 1, 'da': 10.0, 'dp': 9.9, 'de': -0.02}, 'c': {'id': 5}, 'n': {}, 'i': 0}, {'id': '20230503_6', 'p': {'id': 8, 'tq': -105.0, 'dx': 51, 'dy': -19, 'dd': 1, 'da': 8.0, 'dp': 5.24, 'de': -0.26}, 'c': {'id': 6}, 'n': {}, 'i': 0}, {'id': '20230503_7', 'p': {'id': 4, 'tq': 48.0, 'dx': 2, 'dy': 2, 'dd': 0, 'da': -25.0, 'dp': -13.07, 'de': -0.51}, 'c': {'id': 7}, 'n': {}, 'i': 0}, {'id': '20230508_6', 'p': {'id': 6, 'tq': 44.0, 'dx': 1, 'dy': 1, 'dd': 1, 'da': 34.0, 'dp': 1.76, 'de': -0.04}, 'c': {'id': 8}, 'n': {'id': 6, 'dx': 0, 'dy': -2, 'dd': 1, 'da': 58.0, 'dp': 7.66, 'de': -0.02}, 'i': 2}, {'id': '20230503_9', 'p': {'id': 7, 'tq': 72.0, 'dx': 2, 'dy': 1, 'dd': 0, 'da': 13.0, 'dp': 2.0, 'de': 0.06}, 'c': {'id': 9}, 'n': {}, 'i': 0}, {'id': '20230503_10', 'p': {'id': 11, 'tq': 61.0, 'dx': 5, 'dy': -7, 'dd': 0, 'da': 6.0, 'dp': 0.83, 'de': 0.03}, 'c': {'id': 10}, 'n': {}, 'i': 0}, {'id': '20230503_11', 'p': {'id': 12, 'tq': -206.0, 'dx': 28, 'dy': -10, 'dd': -3, 'da': -133.0, 'dp': -21.31, 'de': -0.28}, 'c': {'id': 11}, 'n': {}, 'i': 0}, {'id': '20230515_14', 'p': {'id': 9, 'tq': 16.0, 'dx': 2, 'dy': 1, 'dd': 1, 'da': 50.0, 'dp': 10.24, 'de': -0.16}, 'c': {'id': 12}, 'n': {'id': 9, 'dx': -1, 'dy': -2, 'dd': 2, 'da': 59.0, 'dp': 9.07, 'de': 0.19}, 'i': 5}, {'id': '20230503_13', 'p': {'id': 13, 'tq': -126.0, 'dx': -1, 'dy': -1, 'dd': 3, 'da': 142.0, 'dp': 40.38, 'de': 0.69}, 'c': {'id': 13}, 'n': {}, 'i': 0}, {'id': '20230503_14', 'p': {'id': 15, 'tq': -109.0, 'dx': 43, 'dy': -38, 'dd': 0, 'da': 5.0, 'dp': 1.17, 'de': 0.22}, 'c': {'id': 14}, 'n': {}, 'i': 0}, {'id': '20230503_15', 'p': {'id': 5, 'tq': -230.0, 'dx': 19, 'dy': 90, 'dd': 0, 'da': 5.0, 'dp': 2.41, 'de': 0.14}, 'c': {'id': 15}, 'n': {}, 'i': 0}, {'id': '20230607_38', 'p': {'id': 16, 'tq': -56.0, 'dx': 28, 'dy': -32, 'dd': 0, 'da': 5.0, 'dp': 0.83, 'de': -0.18}, 'c': {'id': 16}, 'n': {'id': 22, 'dx': -23, 'dy': 6, 'dd': -1, 'da': -8.0, 'dp': -2.0, 'de': -0.05}, 'i': 15}, {'id': '20230503_17', 'p': {'id': 18, 'tq': -145.0, 'dx': -56, 'dy': -15, 'dd': 2, 'da': 26.0, 'dp': 10.28, 'de': -0.33}, 'c': {'id': 17}, 'n': {}, 'i': 0}, {'id': '20230503_18', 'p': {'id': 20, 'tq': -154.0, 'dx': 38, 'dy': -37, 'dd': -1, 'da': -43.0, 'dp': -14.14, 'de': 0.03}, 'c': {'id': 18}, 'n': {}, 'i': 0}, {'id': '20230503_19', 'p': {'id': 17, 'tq': 53.0, 'dx': 0, 'dy': 1, 'dd': 1, 'da': 29.0, 'dp': 4.0, 'de': -0.06}, 'c': {'id': 19}, 'n': {}, 'i': 0}, {'id': '20230505_21', 'p': {'id': 19, 'tq': 47.0, 'dx': 5, 'dy': -8, 'dd': -1, 'da': -13.0, 'dp': -2.83, 'de': -0.01}, 'c': {'id': 20}, 'n': {'id': 30, 'dx': 20, 'dy': 9, 'dd': 0, 'da': -5.0, 'dp': -1.41, 'de': -0.24}, 'i': 1}, {'id': '20230505_20', 'p': {'id': 24, 'tq': -294.0, 'dx': -55, 'dy': -84, 'dd': -1, 'da': -28.0, 'dp': -4.83, 'de': 0.11}, 'c': {'id': 21}, 'n': {'id': 29, 'dx': 23, 'dy': -11, 'dd': 0, 'da': 5.0, 'dp': 1.41, 'de': 0.33}, 'i': 1}, {'id': '20230510_50', 'p': {'id': 21, 'tq': 11.0, 'dx': 21, 'dy': -2, 'dd': 0, 'da': 9.0, 'dp': 4.0, 'de': 0.33}, 'c': {'id': 22}, 'n': {'id': 35, 'dx': 2, 'dy': -1, 'dd': -2, 'da': -52.0, 'dp': -16.86, 'de': 0.08}, 'i': 3}, {'id': '20230503_23', 'p': {'id': 22, 'tq': 29.0, 'dx': 0, 'dy': 3, 'dd': 1, 'da': 39.0, 'dp': 10.24, 'de': 0.42}, 'c': {'id': 23}, 'n': {}, 'i': 0}, {'id': '20230503_24', 'p': {'id': 23, 'tq': 55.0, 'dx': 1, 'dy': 1, 'dd': -1, 'da': -26.0, 'dp': -6.59, 'de': 0.1}, 'c': {'id': 24}, 'n': {}, 'i': 0}, {'id': '20230503_25', 'p': {'id': 29, 'tq': -410.0, 'dx': 4, 'dy': -138, 'dd': -1, 'da': -17.0, 'dp': -5.66, 'de': -0.1}, 'c': {'id': 25}, 'n': {}, 'i': 0}, {'id': '20230503_26', 'p': {'id': 25, 'tq': 12.0, 'dx': 0, 'dy': 3, 'dd': -2, 'da': -50.0, 'dp': -13.49, 'de': 0.25}, 'c': {'id': 26}, 'n': {}, 'i': 0}, {'id': '20230503_27', 'p': {'id': 26, 'tq': 66.0, 'dx': 3, 'dy': -8, 'dd': 0, 'da': -3.0, 'dp': 0.0, 'de': -0.15}, 'c': {'id': 27}, 'n': {}, 'i': 0}, {'id': '20230503_28', 'p': {'id': 28, 'tq': -129.0, 'dx': -45, 'dy': -8, 'dd': 2, 'da': 45.0, 'dp': 9.41, 'de': -0.38}, 'c': {'id': 28}, 'n': {}, 'i': 0}, {'id': '20230512_100', 'p': {'id': 27, 'tq': 64.0, 'dx': 0, 'dy': 3, 'dd': 0, 'da': -16.0, 'dp': -4.83, 'de': 0.01}, 'c': {'id': 29}, 'n': {'id': 50, 'dx': 2, 'dy': -2, 'dd': 0, 'da': 13.0, 'dp': 4.24, 'de': -0.05}, 'i': 4}, {'id': '20230503_30', 'p': {'id': 31, 'tq': 49.0, 'dx': 2, 'dy': -8, 'dd': 1, 'da': 14.0, 'dp': 3.41, 'de': -0.07}, 'c': {'id': 30}, 'n': {}, 'i': 0}, {'id': '20230503_31', 'p': {'id': 32, 'tq': -807.0, 'dx': -16, 'dy': 64, 'dd': 9, 'da': 445.0, 'dp': 73.11, 'de': 0.13}, 'c': {'id': 31}, 'n': {}, 'i': 0}, {'id': '20230503_32', 'p': {'id': 35, 'tq': -393.0, 'dx': 99, 'dy': 17, 'dd': 4, 'da': 92.0, 'dp': 19.66, 'de': -0.32}, 'c': {'id': 32}, 'n': {}, 'i': 0}, {'id': '20230503_33', 'p': {'id': 38, 'tq': -257.0, 'dx': -36, 'dy': -54, 'dd': 3, 'da': 85.0, 'dp': 15.07, 'de': -0.63}, 'c': {'id': 33}, 'n': {}, 'i': 0}, {'id': '20230503_34', 'p': {'id': 37, 'tq': -61.0, 'dx': -25, 'dy': -32, 'dd': 1, 'da': 11.0, 'dp': 6.17, 'de': -0.08}, 'c': {'id': 34}, 'n': {}, 'i': 0}, {'id': '20230503_35', 'p': {'id': 36, 'tq': -79.0, 'dx': -12, 'dy': -29, 'dd': 2, 'da': 45.0, 'dp': 10.24, 'de': 0.08}, 'c': {'id': 35}, 'n': {}, 'i': 0}]
Unmatched current(length=0): set()
Unmatched previous(length=3): {33, 34, 30}
Distance threshold: 20



@plot_data: normalized_points: (36, 2), normalized_prev_points: (39, 2), current_points: (36, 2), prev_points: (39, 2), current_data: 36, prev_data: 39, matching: 36, unmatched_current: 0, unmatched_prev: 3, combined_distances: (36, 39), distance_threshold: 20, current_date_string: 20230503, previous_date_string: 20230501, filename: output/crop981/plots/20230501_20230503.png
Plots created
Plotted the normalized points
Drawing lines between the matched points
Plotting the unmatched points
Plotted the original points with diameter as size
Drawing lines between the matched points and add the indices to the plots with color coding
Setting the titles and labels
Done plotting

@process_image: output_dir: output/crop981/20230503, image_name: 20230503, date_string: 20230503
len(json_data) = 36 json_data entries
len(matching) = 36 matching entries, setting max_id_i to 36
crop_dir: output/crop981
nodules_dir: output/crop981/nodules-last-detected-on
Split image into left and right images: (705, 300, 3), (705, 300, 3)
Converted right image to HSV: (705, 300, 3)
Created mask to detect nodules: (705, 300)

Found 34 contours in mask, processing each contour...

@process_contour: max_id: 20230503_36
Moments: {'m00': 25.5, 'm10': 3290.333333333333, 'm01': 16985.333333333332, 'm20': 424602.0833333333, 'm11': 2191658.458333333, 'm02': 11313855.75, 'm30': 54798267.2, 'm21': 282822653.98333335, 'm12': 1459850975.8166666, 'm03': 7536155811.700001, 'mu20': 41.55610021791654, 'mu11': -4.61791939008981, 'mu02': 69.53649237565696, 'mu30': -1.625017449259758, 'mu21': 5.730147325186408, 'mu12': 2.132364565226453, 'mu03': -7.907985687255859, 'nu20': 0.06390788191913346, 'nu11': -0.007101759923244614, 'nu02': 0.10693808900523948, 'nu30': -0.0004948887457681728, 'nu21': 0.001745079983061187, 'nu12': 0.0006493980884242973, 'nu03': -0.0024083268275681955}
Centroid: 129, 666
Processing contour#1: area: 25.5 centroid: 129, 666 rectangle: (126, 663, 7, 7)
@find_dayJSON_match_for_contour: x: 126, y: 663, w: 7, h: 7, area: 25.5
Matched with JSON#35: (129, 665, 6, 123.0, 39.799, 0.637852)
Match with input JSON(nodules) ID: 35
Matched contour: {'x': 129, 'y': 665, 'd': 6, 'a': 123.0, 'p': 39.799, 'e': 0.637852, 'id': 35, 'tq': 100}
JSON_entry: 35
Matched with first_id: 35 second_id: 36 name: 20230503_35
entry_id:20230503_35, entry saved to results list
created dirs at nodule_detection_path: output/crop981/nodules-last-detected-on/2023-05-03/35/detection and nodule_images_original_path: output/crop981/nodules-last-detected-on/2023-05-03/35
Segmented nodule image saved as output/crop981/nodules-last-detected-on/2023-05-03/35/detection/2023-05-03.jpg
Original nodule image saved as output/crop981/nodules-last-detected-on/2023-05-03/35/2023-05-03.jpg


@process_contour: max_id: 20230503_37
Moments: {'m00': 1.5, 'm10': 207.83333333333331, 'm01': 992.6666666666666, 'm20': 28796.583333333332, 'm11': 137539.54166666666, 'm02': 656925.0833333333, 'm30': 3989959.95, 'm21': 19056955.6, 'm12': 91020699.56666666, 'm03': 434738875.3, 'mu20': 0.12037037037589471, 'mu11': 0.0601851851970423, 'mu02': 0.34259259258396924, 'mu30': -0.00781893078237772, 'mu21': -0.003909466159200292, 'mu12': 0.02860083216284437, 'mu03': 0.04485607147216797, 'nu20': 0.05349794238928653, 'nu11': 0.026748971198685467, 'nu02': 0.1522633744817641, 'nu30': -0.002837391222365315, 'nu21': -0.0014186958898843055, 'nu12': 0.010378880743400074, 'nu03': 0.016277701773722158}
Centroid: 138, 661
Processing contour#2: area: 1.5 centroid: 138, 661 rectangle: (138, 661, 2, 3)
@find_dayJSON_match_for_contour: x: 138, y: 661, w: 2, h: 3, area: 1.5
Matched with JSON#34: (138, 661, 2, 19.0, 13.8284, 0.499812)
Match with input JSON(nodules) ID: 34
Matched contour: {'x': 138, 'y': 661, 'd': 2, 'a': 19.0, 'p': 13.8284, 'e': 0.499812, 'id': 34, 'tq': 100}
JSON_entry: 34
Matched with first_id: 34 second_id: 37 name: 20230503_34
entry_id:20230503_34, entry saved to results list
created dirs at nodule_detection_path: output/crop981/nodules-last-detected-on/2023-05-03/34/detection and nodule_images_original_path: output/crop981/nodules-last-detected-on/2023-05-03/34
Segmented nodule image saved as output/crop981/nodules-last-detected-on/2023-05-03/34/detection/2023-05-03.jpg
Original nodule image saved as output/crop981/nodules-last-detected-on/2023-05-03/34/2023-05-03.jpg


@process_contour: max_id: 20230503_38
Moments: {'m00': 30.0, 'm10': 4788.5, 'm01': 19481.5, 'm20': 764403.1666666666, 'm11': 3109579.0, 'm02': 12651031.5, 'm30': 122036628.25, 'm21': 496392884.1666667, 'm12': 2019324448.8333333, 'm03': 8215460034.75, 'mu20': 78.75833333330229, 'mu11': 6.908333333209157, 'mu02': 70.09166666679084, 'mu30': 0.5119444578886032, 'mu21': 2.4158333492523525, 'mu12': -1.4047222695935488, 'mu03': -3.5452775955200195, 'nu20': 0.08750925925922477, 'nu11': 0.0076759259257879525, 'nu02': 0.0778796296297676, 'nu30': 0.00010385315843531169, 'nu21': 0.0004900764520588036, 'nu12': -0.0002849622496615704, 'nu03': -0.0007191957450681448}
Centroid: 159, 649
Processing contour#3: area: 30.0 centroid: 159, 649 rectangle: (156, 646, 8, 8)
@find_dayJSON_match_for_contour: x: 156, y: 646, w: 8, h: 8, area: 30.0
Matched with JSON#33: (159, 649, 6, 122.0, 38.1421, 0.246745)
Match with input JSON(nodules) ID: 33
Matched contour: {'x': 159, 'y': 649, 'd': 6, 'a': 122.0, 'p': 38.1421, 'e': 0.246745, 'id': 33, 'tq': 100}
JSON_entry: 33
Matched with first_id: 33 second_id: 38 name: 20230503_33
entry_id:20230503_33, entry saved to results list
created dirs at nodule_detection_path: output/crop981/nodules-last-detected-on/2023-05-03/33/detection and nodule_images_original_path: output/crop981/nodules-last-detected-on/2023-05-03/33
Segmented nodule image saved as output/crop981/nodules-last-detected-on/2023-05-03/33/detection/2023-05-03.jpg
Original nodule image saved as output/crop981/nodules-last-detected-on/2023-05-03/33/2023-05-03.jpg


@process_contour: max_id: 20230503_39
Moments: {'m00': 32.0, 'm10': 3906.5, 'm01': 20358.333333333332, 'm20': 476977.1666666666, 'm11': 2485311.583333333, 'm02': 12952016.0, 'm30': 58247757.25, 'm21': 303452951.45, 'm12': 1581163456.0833333, 'm03': 8240155981.1, 'mu20': 78.97135416662786, 'mu11': 4.421875, 'mu02': 86.74652777984738, 'mu30': -2.274169906973839, 'mu21': -7.9093207138867, 'mu12': 1.4580076923011802, 'mu03': 9.34616470336914, 'nu20': 0.07712046305334752, 'nu11': 0.0043182373046875, 'nu02': 0.08471340603500721, 'nu30': -0.00039259789130653846, 'nu21': -0.001365413650236453, 'nu12': 0.00025170095855671723, 'nu03': 0.0016134610448824895}
Centroid: 122, 636
Processing contour#4: area: 32.0 centroid: 122, 636 rectangle: (119, 633, 7, 8)
@find_dayJSON_match_for_contour: x: 119, y: 633, w: 7, h: 8, area: 32.0
Matched with JSON#32: (122, 636, 6, 116.0, 37.5563, 0.388477)
Match with input JSON(nodules) ID: 32
Matched contour: {'x': 122, 'y': 636, 'd': 6, 'a': 116.0, 'p': 37.5563, 'e': 0.388477, 'id': 32, 'tq': 100}
JSON_entry: 32
Matched with first_id: 32 second_id: 35 name: 20230503_32
entry_id:20230503_32, entry saved to results list
created dirs at nodule_detection_path: output/crop981/nodules-last-detected-on/2023-05-03/32/detection and nodule_images_original_path: output/crop981/nodules-last-detected-on/2023-05-03/32
Segmented nodule image saved as output/crop981/nodules-last-detected-on/2023-05-03/32/detection/2023-05-03.jpg
Original nodule image saved as output/crop981/nodules-last-detected-on/2023-05-03/32/2023-05-03.jpg


@process_contour: max_id: 20230503_40
Moments: {'m00': 123.5, 'm10': 25463.5, 'm01': 78170.0, 'm20': 5251027.25, 'm11': 16116995.625, 'm02': 49479950.416666664, 'm30': 1083041906.8500001, 'm21': 3323557330.866667, 'm12': 10201548268.2, 'm03': 31320909589.100002, 'mu20': 907.1508097164333, 'mu11': -265.87297570705414, 'mu02': 1821.6717273965478, 'mu30': -448.2079870700836, 'mu21': 569.5754433340626, 'mu12': 488.00753470219206, 'mu03': -1538.2578430175781, 'nu20': 0.05947652377297994, 'nu11': -0.01743172159563698, 'nu02': 0.11943626202013131, 'nu30': -0.002644308965105526, 'nu21': 0.0033603449616276277, 'nu12': 0.00287911580399899, 'nu03': -0.009075315751343896}
Centroid: 206, 632
Processing contour#5: area: 123.5 centroid: 206, 632 rectangle: (200, 622, 12, 19)
@find_dayJSON_match_for_contour: x: 200, y: 622, w: 12, h: 19, area: 123.5
Matched with JSON#31: (206, 632, 12, 482.0, 93.598, 0.821034)
Match with input JSON(nodules) ID: 31
Matched contour: {'x': 206, 'y': 632, 'd': 12, 'a': 482.0, 'p': 93.598, 'e': 0.821034, 'id': 31, 'tq': 100}
JSON_entry: 31
Matched with first_id: 31 second_id: 32 name: 20230503_31
entry_id:20230503_31, entry saved to results list
created dirs at nodule_detection_path: output/crop981/nodules-last-detected-on/2023-05-03/31/detection and nodule_images_original_path: output/crop981/nodules-last-detected-on/2023-05-03/31
Segmented nodule image saved as output/crop981/nodules-last-detected-on/2023-05-03/31/detection/2023-05-03.jpg
Original nodule image saved as output/crop981/nodules-last-detected-on/2023-05-03/31/2023-05-03.jpg


@process_contour: max_id: 20230503_41
Moments: {'m00': 18.0, 'm10': 4617.0, 'm01': 9402.833333333332, 'm20': 1184285.3333333333, 'm11': 2411826.75, 'm02': 4911876.5, 'm30': 303781927.5, 'm21': 618646533.7833333, 'm12': 1259896322.25, 'm03': 2565893381.35, 'mu20': 24.833333333255723, 'mu11': 4.656612873077393e-10, 'mu02': 27.905864198692143, 'mu30': 5.960464477539063e-08, 'mu21': -0.01913591292395722, 'mu12': -4.568137228488922e-07, 'mu03': -0.4164905548095703, 'nu20': 0.07664609053473988, 'nu11': 1.4372261953942569e-12, 'nu02': 0.08612921048979055, 'nu30': 4.336095525812143e-11, 'nu21': -1.3920919539840992e-05, 'nu12': -3.3232107115794626e-10, 'nu03': -0.0003029869296357969}
Centroid: 256, 522
Processing contour#6: area: 18.0 centroid: 256, 522 rectangle: (254, 520, 6, 6)
@find_dayJSON_match_for_contour: x: 254, y: 520, w: 6, h: 6, area: 18.0
Matched with JSON#30: (256, 522, 4, 64.0, 27.3137, 0.378095)
Match with input JSON(nodules) ID: 30
Matched contour: {'x': 256, 'y': 522, 'd': 4, 'a': 64.0, 'p': 27.3137, 'e': 0.378095, 'id': 30, 'tq': 100}
JSON_entry: 30
Matched with first_id: 30 second_id: 31 name: 20230503_30
entry_id:20230503_30, entry saved to results list
created dirs at nodule_detection_path: output/crop981/nodules-last-detected-on/2023-05-03/30/detection and nodule_images_original_path: output/crop981/nodules-last-detected-on/2023-05-03/30
Segmented nodule image saved as output/crop981/nodules-last-detected-on/2023-05-03/30/detection/2023-05-03.jpg
Original nodule image saved as output/crop981/nodules-last-detected-on/2023-05-03/30/2023-05-03.jpg


@process_contour: max_id: 20230503_42
Moments: {'m00': 13.0, 'm10': 2916.5, 'm01': 5219.0, 'm20': 654327.6666666666, 'm11': 1170859.0833333333, 'm02': 2095237.1666666665, 'm30': 146805817.25, 'm21': 262685822.25, 'm12': 470055595.0833333, 'm03': 841164682.5, 'mu20': 22.108974358881824, 'mu11': -3.493589743738994, 'mu02': 9.397435897029936, 'mu30': 1.7514793276786804, 'mu21': -1.921104487937555, 'mu12': 0.42998038343330336, 'mu03': 0.710059404373169, 'nu20': 0.13082233348450784, 'nu11': -0.020672128661177482, 'nu02': 0.055606129568224485, 'nu30': 0.0028743962329816465, 'nu21': -0.0031527722971246455, 'nu12': 0.0007056514883534103, 'nu03': 0.0011652961270336279}
Centroid: 224, 401
Processing contour#7: area: 13.0 centroid: 224, 401 rectangle: (222, 400, 6, 4)
@find_dayJSON_match_for_contour: x: 222, y: 400, w: 6, h: 4, area: 13.0
Matched with JSON#29: (224, 401, 4, 61.0, 25.8995, 0.433499)
Match with input JSON(nodules) ID: 29
Matched contour: {'x': 224, 'y': 401, 'd': 4, 'a': 61.0, 'p': 25.8995, 'e': 0.433499, 'id': 29, 'tq': 100}
JSON_entry: 29
Matched with first_id: 29 second_id: 27 name: 20230512_100
entry_id:20230512_100, entry saved to results list
created dirs at nodule_detection_path: output/crop981/nodules-last-detected-on/2023-05-12/100/detection and nodule_images_original_path: output/crop981/nodules-last-detected-on/2023-05-12/100
Segmented nodule image saved as output/crop981/nodules-last-detected-on/2023-05-12/100/detection/2023-05-03.jpg
Original nodule image saved as output/crop981/nodules-last-detected-on/2023-05-12/100/2023-05-03.jpg


@process_contour: max_id: 20230503_43
Moments: {'m00': 19.0, 'm10': 2097.5, 'm01': 7523.166666666666, 'm20': 231587.66666666666, 'm11': 830514.5833333333, 'm02': 2978871.0, 'm30': 25573728.75, 'm21': 91697793.9, 'm12': 328848967.5, 'm03': 1179523624.45, 'mu20': 34.706140350870555, 'mu11': -3.4210526315728202, 'mu02': 26.963450293056667, 'mu30': 6.481994461268187, 'mu21': -9.413788833642684, 'mu12': -3.457987097557634, 'mu03': 7.999425172805786, 'nu20': 0.09613889293869958, 'nu11': -0.009476600087459335, 'nu02': 0.0746909980417082, 'nu30': 0.004119311679437002, 'nu21': -0.005982468902417274, 'nu12': -0.0021975530407233198, 'nu03': 0.005083639879672811}
Centroid: 110, 395
Processing contour#8: area: 19.0 centroid: 110, 395 rectangle: (108, 394, 6, 6)
@find_dayJSON_match_for_contour: x: 108, y: 394, w: 6, h: 6, area: 19.0
Matched with JSON#28: (110, 395, 5, 93.0, 34.1421, 0.350163)
Match with input JSON(nodules) ID: 28
Matched contour: {'x': 110, 'y': 395, 'd': 5, 'a': 93.0, 'p': 34.1421, 'e': 0.350163, 'id': 28, 'tq': 100}
JSON_entry: 28
Matched with first_id: 28 second_id: 28 name: 20230503_28
entry_id:20230503_28, entry saved to results list
created dirs at nodule_detection_path: output/crop981/nodules-last-detected-on/2023-05-03/28/detection and nodule_images_original_path: output/crop981/nodules-last-detected-on/2023-05-03/28
Segmented nodule image saved as output/crop981/nodules-last-detected-on/2023-05-03/28/detection/2023-05-03.jpg
Original nodule image saved as output/crop981/nodules-last-detected-on/2023-05-03/28/2023-05-03.jpg


@process_contour: max_id: 20230503_44
Moments: {'m00': 35.0, 'm10': 8662.5, 'm01': 13718.333333333332, 'm20': 2144084.333333333, 'm11': 3395287.5, 'm02': 5377016.833333333, 'm30': 530718086.25, 'm21': 840378948.2833333, 'm12': 1330811666.25, 'm03': 2107599951.1000001, 'mu20': 115.58333333302289, 'mu11': 4.656612873077393e-10, 'mu02': 83.42063492164016, 'mu30': 2.384185791015625e-07, 'mu21': -11.129365108681668, 'mu12': -1.8067657947540283e-07, 'mu03': 7.021012544631958, 'nu20': 0.0943537414963452, 'nu11': 3.8013166310835854e-13, 'nu02': 0.06809847748705318, 'nu30': 3.289803698514496e-11, 'nu21': -0.0015356784120864342, 'nu12': -2.4930543652805167e-11, 'nu03': 0.000968789979526202}
Centroid: 247, 391
Processing contour#9: area: 35.0 centroid: 247, 391 rectangle: (244, 389, 8, 7)
@find_dayJSON_match_for_contour: x: 244, y: 389, w: 8, h: 7, area: 35.0
Matched with JSON#27: (247, 391, 6, 133.0, 40.9706, 0.293463)
Match with input JSON(nodules) ID: 27
Matched contour: {'x': 247, 'y': 391, 'd': 6, 'a': 133.0, 'p': 40.9706, 'e': 0.293463, 'id': 27, 'tq': 100}
JSON_entry: 27
Matched with first_id: 27 second_id: 26 name: 20230503_27
entry_id:20230503_27, entry saved to results list
created dirs at nodule_detection_path: output/crop981/nodules-last-detected-on/2023-05-03/27/detection and nodule_images_original_path: output/crop981/nodules-last-detected-on/2023-05-03/27
Segmented nodule image saved as output/crop981/nodules-last-detected-on/2023-05-03/27/detection/2023-05-03.jpg
Original nodule image saved as output/crop981/nodules-last-detected-on/2023-05-03/27/2023-05-03.jpg


@process_contour: max_id: 20230503_45
Moments: {'m00': 3.5, 'm10': 947.6666666666666, 'm01': 1265.1666666666665, 'm20': 256592.75, 'm11': 342559.4583333333, 'm02': 457329.5833333333, 'm30': 69475930.8, 'm21': 92752452.43333334, 'm12': 123827806.26666667, 'm03': 165315169.55, 'mu20': 0.7182539682544302, 'mu11': 0.521825396863278, 'mu02': 1.956349206448067, 'mu30': 0.11027966439723969, 'mu21': 0.07864701300945853, 'mu12': -0.07554800945354145, 'mu03': -0.372713565826416, 'nu20': 0.058632977000361644, 'nu11': 0.04259799158067575, 'nu02': 0.15970197603657688, 'nu30': 0.004811996745223126, 'nu21': 0.0034317221827935484, 'nu12': -0.0032964987478473575, 'nu03': -0.01626316579271446}
Centroid: 270, 361
Processing contour#10: area: 3.5 centroid: 270, 361 rectangle: (270, 360, 3, 4)
@find_dayJSON_match_for_contour: x: 270, y: 360, w: 3, h: 4, area: 3.5
Matched with JSON#26: (271, 361, 2, 19.0, 14.6569, 0.664649)
Match with input JSON(nodules) ID: 26
Matched contour: {'x': 271, 'y': 361, 'd': 2, 'a': 19.0, 'p': 14.6569, 'e': 0.664649, 'id': 26, 'tq': 100}
JSON_entry: 26
Matched with first_id: 26 second_id: 25 name: 20230503_26
entry_id:20230503_26, entry saved to results list
created dirs at nodule_detection_path: output/crop981/nodules-last-detected-on/2023-05-03/26/detection and nodule_images_original_path: output/crop981/nodules-last-detected-on/2023-05-03/26
Segmented nodule image saved as output/crop981/nodules-last-detected-on/2023-05-03/26/detection/2023-05-03.jpg
Original nodule image saved as output/crop981/nodules-last-detected-on/2023-05-03/26/2023-05-03.jpg


@process_contour: max_id: 20230503_46
Moments: {'m00': 10.0, 'm10': 615.0, 'm01': 2910.0, 'm20': 37828.666666666664, 'm11': 178965.0, 'm02': 846820.3333333333, 'm30': 2327221.5, 'm21': 11008142.0, 'm12': 52079450.5, 'm03': 246430731.0, 'mu20': 6.166666666664241, 'mu11': 0.0, 'mu02': 10.333333333255723, 'mu30': 4.656612873077393e-10, 'mu21': 7.057678885757923e-10, 'mu12': 4.773028194904327e-09, 'mu03': 5.960464477539063e-08, 'nu20': 0.061666666666642424, 'nu11': 0.0, 'nu02': 0.10333333333255725, 'nu30': 1.4725502860585134e-12, 'nu21': 2.231834027307434e-12, 'nu12': 1.5093640432099762e-11, 'nu03': 1.884864366154897e-10}
Centroid: 61, 291
Processing contour#11: area: 10.0 centroid: 61, 291 rectangle: (60, 289, 4, 5)
@find_dayJSON_match_for_contour: x: 60, y: 289, w: 4, h: 5, area: 10.0
Matched with JSON#25: (61, 290, 3, 48.0, 23.8995, 0.570227)
Match with input JSON(nodules) ID: 25
Matched contour: {'x': 61, 'y': 290, 'd': 3, 'a': 48.0, 'p': 23.8995, 'e': 0.570227, 'id': 25, 'tq': 100}
JSON_entry: 25
Matched with first_id: 25 second_id: 29 name: 20230503_25
entry_id:20230503_25, entry saved to results list
created dirs at nodule_detection_path: output/crop981/nodules-last-detected-on/2023-05-03/25/detection and nodule_images_original_path: output/crop981/nodules-last-detected-on/2023-05-03/25
Segmented nodule image saved as output/crop981/nodules-last-detected-on/2023-05-03/25/detection/2023-05-03.jpg
Original nodule image saved as output/crop981/nodules-last-detected-on/2023-05-03/25/2023-05-03.jpg


@process_contour: max_id: 20230503_47
Moments: {'m00': 7.5, 'm10': 1689.6666666666665, 'm01': 2067.333333333333, 'm20': 380667.75, 'm11': 465748.5416666666, 'm02': 569854.4166666666, 'm30': 85762298.80000001, 'm21': 104929542.65, 'm12': 128382591.35, 'm03': 157080217.70000002, 'mu20': 4.624074074148666, 'mu11': 1.3120370371616445, 'mu02': 5.468518518726341, 'mu30': 0.8616460859775543, 'mu21': 1.0086007828567745, 'mu12': -0.32069963992353223, 'mu03': -1.1297942996025085, 'nu20': 0.08220576131819851, 'nu11': 0.02332510288287368, 'nu02': 0.0972181069995794, 'nu30': 0.005593398493344501, 'nu21': 0.0065473588182284465, 'nu12': -0.00208183024556922, 'nu03': -0.007334089756836075}
Centroid: 225, 275
Processing contour#12: area: 7.5 centroid: 225, 275 rectangle: (224, 274, 4, 4)
@find_dayJSON_match_for_contour: x: 224, y: 274, w: 4, h: 4, area: 7.5
Matched with JSON#24: (225, 275, 3, 38.0, 20.7279, 0.538655)
Match with input JSON(nodules) ID: 24
Matched contour: {'x': 225, 'y': 275, 'd': 3, 'a': 38.0, 'p': 20.7279, 'e': 0.538655, 'id': 24, 'tq': 100}
JSON_entry: 24
Matched with first_id: 24 second_id: 23 name: 20230503_24
entry_id:20230503_24, entry saved to results list
created dirs at nodule_detection_path: output/crop981/nodules-last-detected-on/2023-05-03/24/detection and nodule_images_original_path: output/crop981/nodules-last-detected-on/2023-05-03/24
Segmented nodule image saved as output/crop981/nodules-last-detected-on/2023-05-03/24/detection/2023-05-03.jpg
Original nodule image saved as output/crop981/nodules-last-detected-on/2023-05-03/24/2023-05-03.jpg


@process_contour: max_id: 20230503_48
Moments: {'m00': 39.5, 'm10': 1151.3333333333333, 'm01': 10540.833333333332, 'm20': 33638.08333333333, 'm11': 307222.2916666666, 'm02': 2813190.583333333, 'm30': 985088.7000000001, 'm21': 8975474.233333332, 'm12': 81987944.73333333, 'm03': 750878682.45, 'mu20': 79.38853727145033, 'mu11': -18.538150492240675, 'mu02': 300.2703938120976, 'mu30': -11.34935699973721, 'mu21': 12.388061327637843, 'mu12': -138.21607974138533, 'mu03': 118.54692029953003, 'nu20': 0.05088193383845559, 'nu11': -0.011881525712059396, 'nu02': 0.19245018029937355, 'nu30': -0.0011573867818428774, 'nu21': 0.0012633119597523412, 'nu12': -0.014095024390767204, 'nu03': 0.012089199289971587}
Centroid: 29, 266
Processing contour#13: area: 39.5 centroid: 29, 266 rectangle: (26, 262, 7, 11)
@find_dayJSON_match_for_contour: x: 26, y: 262, w: 7, h: 11, area: 39.5
Matched with JSON#23: (28, 267, 7, 160.0, 48.6274, 0.740767)
Match with input JSON(nodules) ID: 23
Matched contour: {'x': 28, 'y': 267, 'd': 7, 'a': 160.0, 'p': 48.6274, 'e': 0.740767, 'id': 23, 'tq': 100}
JSON_entry: 23
Matched with first_id: 23 second_id: 22 name: 20230503_23
entry_id:20230503_23, entry saved to results list
created dirs at nodule_detection_path: output/crop981/nodules-last-detected-on/2023-05-03/23/detection and nodule_images_original_path: output/crop981/nodules-last-detected-on/2023-05-03/23
Segmented nodule image saved as output/crop981/nodules-last-detected-on/2023-05-03/23/detection/2023-05-03.jpg
Original nodule image saved as output/crop981/nodules-last-detected-on/2023-05-03/23/2023-05-03.jpg


@process_contour: max_id: 20230503_49
Moments: {'m00': 18.5, 'm10': 1083.3333333333333, 'm01': 4644.333333333333, 'm20': 63472.916666666664, 'm11': 271967.2083333333, 'm02': 1165959.25, 'm30': 3720919.7, 'm21': 15934767.483333332, 'm12': 68277769.65, 'm03': 292719528.2, 'mu20': 34.47822822823218, 'mu11': 1.7428678678697906, 'mu02': 22.379129129229113, 'mu30': -0.7982009039260447, 'mu21': 2.1399494070319633, 'mu12': 1.5552971942752265, 'mu03': -0.5758975744247437, 'nu20': 0.10073989255875, 'nu11': 0.005092382375076088, 'nu02': 0.06538825165589224, 'nu30': -0.0005422291910859597, 'nu21': 0.001453697972819296, 'nu12': 0.0010565354353798818, 'nu03': -0.0003912153874955114}
Centroid: 58, 251
Processing contour#14: area: 18.5 centroid: 58, 251 rectangle: (56, 249, 6, 5)
@find_dayJSON_match_for_contour: x: 56, y: 249, w: 6, h: 5, area: 18.5
Matched with JSON#22: (58, 251, 4, 71.0, 31.8995, 0.827841)
Match with input JSON(nodules) ID: 22
Matched contour: {'x': 58, 'y': 251, 'd': 4, 'a': 71.0, 'p': 31.8995, 'e': 0.827841, 'id': 22, 'tq': 100}
JSON_entry: 22
Matched with first_id: 22 second_id: 21 name: 20230510_50
entry_id:20230510_50, entry saved to results list
created dirs at nodule_detection_path: output/crop981/nodules-last-detected-on/2023-05-10/50/detection and nodule_images_original_path: output/crop981/nodules-last-detected-on/2023-05-10/50
Segmented nodule image saved as output/crop981/nodules-last-detected-on/2023-05-10/50/detection/2023-05-03.jpg
Original nodule image saved as output/crop981/nodules-last-detected-on/2023-05-10/50/2023-05-03.jpg


@process_contour: max_id: 20230503_50
Moments: {'m00': 13.0, 'm10': 1688.5, 'm01': 3145.0, 'm20': 219323.3333333333, 'm11': 408485.5833333333, 'm02': 760862.5, 'm30': 28490146.25, 'm21': 53058976.25, 'm12': 98823591.75, 'm03': 184077177.5, 'mu20': 13.160256410221336, 'mu11': -1.5320512820617296, 'mu02': 14.423076923005283, 'mu30': 0.825443796813488, 'mu21': -1.411242591788323, 'mu12': -0.14595659804308525, 'mu03': 1.8343195617198944, 'nu20': 0.07787133970545171, 'nu11': -0.009065392201548696, 'nu02': 0.08534365043198393, 'nu30': 0.001354656319719941, 'nu21': -0.002316025273924212, 'nu12': -0.00023953299874220798, 'nu03': 0.003010347398892905}
Centroid: 129, 241
Processing contour#15: area: 13.0 centroid: 129, 241 rectangle: (128, 240, 5, 5)
@find_dayJSON_match_for_contour: x: 128, y: 240, w: 5, h: 5, area: 13.0
Matched with JSON#21: (129, 242, 4, 72.0, 29.3137, 0.408891)
Match with input JSON(nodules) ID: 21
Matched contour: {'x': 129, 'y': 242, 'd': 4, 'a': 72.0, 'p': 29.3137, 'e': 0.408891, 'id': 21, 'tq': 100}
JSON_entry: 21
Matched with first_id: 21 second_id: 24 name: 20230505_20
entry_id:20230505_20, entry saved to results list
created dirs at nodule_detection_path: output/crop981/nodules-last-detected-on/2023-05-05/20/detection and nodule_images_original_path: output/crop981/nodules-last-detected-on/2023-05-05/20
Segmented nodule image saved as output/crop981/nodules-last-detected-on/2023-05-05/20/detection/2023-05-03.jpg
Original nodule image saved as output/crop981/nodules-last-detected-on/2023-05-05/20/2023-05-03.jpg


@process_contour: max_id: 20230503_51
Moments: {'m00': 7.5, 'm10': 895.1666666666666, 'm01': 1692.8333333333333, 'm20': 106848.58333333333, 'm11': 202050.375, 'm02': 382095.9166666666, 'm30': 12754278.55, 'm21': 24117225.983333334, 'm12': 45605861.68333333, 'm03': 86245380.45, 'mu20': 5.468518518522615, 'mu11': 1.3120370370452292, 'mu02': 4.624074074032251, 'mu30': 1.1297942399978638, 'mu21': 0.3206995866048601, 'mu12': -1.0086008262962878, 'mu03': -0.8616460561752319, 'nu20': 0.09721810699595759, 'nu11': 0.023325102880804076, 'nu02': 0.0822057613161289, 'nu30': 0.007334089369910938, 'nu21': 0.0020818298994496414, 'nu12': -0.0065473591002172035, 'nu03': -0.005593398299881933}
Centroid: 119, 225
Processing contour#16: area: 7.5 centroid: 119, 225 rectangle: (118, 224, 4, 4)
@find_dayJSON_match_for_contour: x: 118, y: 224, w: 4, h: 4, area: 7.5
Matched with JSON#20: (119, 226, 3, 43.0, 22.4853, 0.504989)
Match with input JSON(nodules) ID: 20
Matched contour: {'x': 119, 'y': 226, 'd': 3, 'a': 43.0, 'p': 22.4853, 'e': 0.504989, 'id': 20, 'tq': 100}
JSON_entry: 20
Matched with first_id: 20 second_id: 19 name: 20230505_21
entry_id:20230505_21, entry saved to results list
created dirs at nodule_detection_path: output/crop981/nodules-last-detected-on/2023-05-05/21/detection and nodule_images_original_path: output/crop981/nodules-last-detected-on/2023-05-05/21
Segmented nodule image saved as output/crop981/nodules-last-detected-on/2023-05-05/21/detection/2023-05-03.jpg
Original nodule image saved as output/crop981/nodules-last-detected-on/2023-05-05/21/2023-05-03.jpg


@process_contour: max_id: 20230503_52
Moments: {'m00': 36.0, 'm10': 4207.833333333333, 'm01': 7816.833333333333, 'm20': 491924.8333333333, 'm11': 913663.8333333333, 'm02': 1697421.8333333333, 'm30': 57520558.85, 'm21': 106813493.53333333, 'm12': 198401482.03333333, 'm03': 368620359.35, 'mu20': 95.3510802470264, 'mu11': -0.9405864196596667, 'mu02': 119.51774691371247, 'mu30': -0.9861697107553482, 'mu21': -20.884240686078556, 'mu12': -3.139256112259318, 'mu03': 24.123784005641937, 'nu20': 0.07357336438813765, 'nu11': -0.000725761126280607, 'nu02': 0.0922204837297164, 'nu30': -0.00012682223646545113, 'nu21': -0.002685730540905164, 'nu12': -0.00040371091978643484, 'nu03': 0.0031023384780918127}
Centroid: 116, 217
Processing contour#17: area: 36.0 centroid: 116, 217 rectangle: (114, 214, 7, 8)
@find_dayJSON_match_for_contour: x: 114, y: 214, w: 7, h: 8, area: 36.0
Matched with JSON#19: (116, 216, 7, 158.0, 44.3848, 0.32103)
Match with input JSON(nodules) ID: 19
Matched contour: {'x': 116, 'y': 216, 'd': 7, 'a': 158.0, 'p': 44.3848, 'e': 0.32103, 'id': 19, 'tq': 100}
JSON_entry: 19
Matched with first_id: 19 second_id: 17 name: 20230503_19
entry_id:20230503_19, entry saved to results list
created dirs at nodule_detection_path: output/crop981/nodules-last-detected-on/2023-05-03/19/detection and nodule_images_original_path: output/crop981/nodules-last-detected-on/2023-05-03/19
Segmented nodule image saved as output/crop981/nodules-last-detected-on/2023-05-03/19/detection/2023-05-03.jpg
Original nodule image saved as output/crop981/nodules-last-detected-on/2023-05-03/19/2023-05-03.jpg


@process_contour: max_id: 20230503_53
Moments: {'m00': 14.5, 'm10': 1388.5, 'm01': 3072.5, 'm20': 132978.75, 'm11': 294212.7083333333, 'm02': 651072.0833333333, 'm30': 12737295.15, 'm21': 28176653.55, 'm12': 62343362.88333333, 'm03': 137968381.15, 'mu20': 17.905172413797118, 'mu11': -5.653735632193275, 'mu02': 19.928160919458605, 'mu30': 4.319738406687975, 'mu21': -2.239734441254768, 'mu12': -5.772037247312255, 'mu03': 6.350654035806656, 'nu20': 0.08516134322852374, 'nu11': -0.026890538084153506, 'nu02': 0.09478316727447611, 'nu30': 0.005395571377591813, 'nu21': -0.002797541403417145, 'nu12': -0.007209565957460397, 'nu03': 0.007932287541193555}
Centroid: 95, 211
Processing contour#18: area: 14.5 centroid: 95, 211 rectangle: (94, 210, 5, 6)
@find_dayJSON_match_for_contour: x: 94, y: 210, w: 5, h: 6, area: 14.5
Matched with JSON#18: (95, 211, 5, 87.0, 32.7279, 0.596893)
Match with input JSON(nodules) ID: 18
Matched contour: {'x': 95, 'y': 211, 'd': 5, 'a': 87.0, 'p': 32.7279, 'e': 0.596893, 'id': 18, 'tq': 100}
JSON_entry: 18
Matched with first_id: 18 second_id: 20 name: 20230503_18
entry_id:20230503_18, entry saved to results list
created dirs at nodule_detection_path: output/crop981/nodules-last-detected-on/2023-05-03/18/detection and nodule_images_original_path: output/crop981/nodules-last-detected-on/2023-05-03/18
Segmented nodule image saved as output/crop981/nodules-last-detected-on/2023-05-03/18/detection/2023-05-03.jpg
Original nodule image saved as output/crop981/nodules-last-detected-on/2023-05-03/18/2023-05-03.jpg


@process_contour: max_id: 20230503_54
Moments: {'m00': 6.0, 'm10': 756.1666666666666, 'm01': 1190.0, 'm20': 95300.5, 'm11': 149972.91666666666, 'm02': 236021.3333333333, 'm30': 12011138.15, 'm21': 18901230.916666668, 'm12': 29745190.216666665, 'm03': 46812748.0, 'mu20': 2.4953703703795327, 'mu11': -0.13888888887595385, 'mu02': 4.666666666656965, 'mu30': -1.0580761339515448, 'mu21': 0.0910493772195764, 'mu12': 1.1611111111471928, 'mu03': -0.8888888731598854, 'nu20': 0.06931584362165369, 'nu11': -0.003858024690998718, 'nu02': 0.12962962962936014, 'nu30': -0.011998827024064764, 'nu21': 0.0010325209054914293, 'nu12': 0.013167267393456607, 'nu03': -0.010080204524440911}
Centroid: 126, 198
Processing contour#19: area: 6.0 centroid: 126, 198 rectangle: (124, 196, 4, 5)
@find_dayJSON_match_for_contour: x: 124, y: 196, w: 4, h: 5, area: 6.0
Matched with JSON#17: (126, 198, 3, 38.0, 19.8995, 0.479008)
Match with input JSON(nodules) ID: 17
Matched contour: {'x': 126, 'y': 198, 'd': 3, 'a': 38.0, 'p': 19.8995, 'e': 0.479008, 'id': 17, 'tq': 100}
JSON_entry: 17
Matched with first_id: 17 second_id: 18 name: 20230503_17
entry_id:20230503_17, entry saved to results list
created dirs at nodule_detection_path: output/crop981/nodules-last-detected-on/2023-05-03/17/detection and nodule_images_original_path: output/crop981/nodules-last-detected-on/2023-05-03/17
Segmented nodule image saved as output/crop981/nodules-last-detected-on/2023-05-03/17/detection/2023-05-03.jpg
Original nodule image saved as output/crop981/nodules-last-detected-on/2023-05-03/17/2023-05-03.jpg


@process_contour: max_id: 20230503_55
Moments: {'m00': 10.0, 'm10': 1231.5, 'm01': 1773.3333333333333, 'm20': 151669.8333333333, 'm11': 218386.91666666666, 'm02': 314478.0, 'm30': 18680751.75, 'm21': 26896340.28333333, 'm12': 38728290.583333336, 'm03': 55769876.6, 'mu20': 10.60833333330811, 'mu11': 0.9166666666569654, 'mu02': 6.888888888875954, 'mu30': -1.0574999935925007, 'mu21': -2.6027777723115832, 'mu12': -0.22777776956218077, 'mu03': 1.3407407402992249, 'nu20': 0.10608333333308112, 'nu11': 0.009166666666569656, 'nu02': 0.06888888888875955, 'nu30': -0.00334410860536577, 'nu21': -0.008230706003763742, 'nu12': -0.0007202965521694654, 'nu03': 0.004239794491125854}
Centroid: 123, 177
Processing contour#20: area: 10.0 centroid: 123, 177 rectangle: (121, 176, 5, 4)
@find_dayJSON_match_for_contour: x: 121, y: 176, w: 5, h: 4, area: 10.0
Matched with JSON#16: (123, 177, 4, 56.0, 25.3137, 0.395692)
Match with input JSON(nodules) ID: 16
Matched contour: {'x': 123, 'y': 177, 'd': 4, 'a': 56.0, 'p': 25.3137, 'e': 0.395692, 'id': 16, 'tq': 100}
JSON_entry: 16
Matched with first_id: 16 second_id: 16 name: 20230607_38
entry_id:20230607_38, entry saved to results list
created dirs at nodule_detection_path: output/crop981/nodules-last-detected-on/2023-06-07/38/detection and nodule_images_original_path: output/crop981/nodules-last-detected-on/2023-06-07/38
Segmented nodule image saved as output/crop981/nodules-last-detected-on/2023-06-07/38/detection/2023-05-03.jpg
Original nodule image saved as output/crop981/nodules-last-detected-on/2023-06-07/38/2023-05-03.jpg


@process_contour: max_id: 20230503_56
Moments: {'m00': 2.5, 'm10': 214.33333333333331, 'm01': 386.3333333333333, 'm20': 18376.916666666664, 'm11': 33121.541666666664, 'm02': 59701.58333333333, 'm30': 1575755.2000000002, 'm21': 2839828.65, 'm12': 5118383.983333333, 'm03': 9225948.200000001, 'mu20': 1.405555555553292, 'mu11': -0.10277777777810115, 'mu02': 0.2055555555562023, 'mu30': -0.12814814737066627, 'mu21': 0.08407407475363016, 'mu12': 0.004074074145560047, 'mu03': -0.00814814679324627, 'nu20': 0.22488888888852676, 'nu11': -0.01644444444449619, 'nu02': 0.03288888888899238, 'nu30': -0.012967680755911143, 'nu21': 0.008507698188567394, 'nu12': 0.00041226731700397175, 'nu03': -0.0008245344824337696}
Centroid: 85, 154
Processing contour#21: area: 2.5 centroid: 85, 154 rectangle: (84, 154, 4, 2)
@find_dayJSON_match_for_contour: x: 84, y: 154, w: 4, h: 2, area: 2.5
Matched with JSON#15: (85, 154, 2, 22.0, 15.6569, 0.645334)
Match with input JSON(nodules) ID: 15
Matched contour: {'x': 85, 'y': 154, 'd': 2, 'a': 22.0, 'p': 15.6569, 'e': 0.645334, 'id': 15, 'tq': 100}
JSON_entry: 15
Matched with first_id: 15 second_id: 5 name: 20230503_15
entry_id:20230503_15, entry saved to results list
created dirs at nodule_detection_path: output/crop981/nodules-last-detected-on/2023-05-03/15/detection and nodule_images_original_path: output/crop981/nodules-last-detected-on/2023-05-03/15
Segmented nodule image saved as output/crop981/nodules-last-detected-on/2023-05-03/15/detection/2023-05-03.jpg
Original nodule image saved as output/crop981/nodules-last-detected-on/2023-05-03/15/2023-05-03.jpg


@process_contour: max_id: 20230503_57
Moments: {'m00': 4.5, 'm10': 1137.6666666666665, 'm01': 491.66666666666663, 'm20': 287620.25, 'm11': 124299.875, 'm02': 53722.25, 'm30': 72715298.8, 'm21': 31424799.849999998, 'm12': 13581618.183333334, 'm03': 5870334.800000001, 'mu20': 1.2623456791043282, 'mu11': -0.7422839505743468, 'mu02': 3.1141975308783003, 'mu30': 0.2798810750246048, 'mu21': -0.29220395424849244, 'mu12': -0.299062647796859, 'mu03': 1.0494284396991134, 'nu20': 0.062338058227374225, 'nu11': -0.036655997559227, 'nu02': 0.15378753238905185, 'nu30': 0.0065154174839729675, 'nu21': -0.006802284692629882, 'nu12': -0.006961949835613599, 'nu03': 0.02442989188744892}
Centroid: 252, 109
Processing contour#22: area: 4.5 centroid: 252, 109 rectangle: (252, 108, 3, 4)
@find_dayJSON_match_for_contour: x: 252, y: 108, w: 3, h: 4, area: 4.5
Matched with JSON#14: (252, 109, 2, 18.0, 12.8284, 0.584013)
Match with input JSON(nodules) ID: 14
Matched contour: {'x': 252, 'y': 109, 'd': 2, 'a': 18.0, 'p': 12.8284, 'e': 0.584013, 'id': 14, 'tq': 100}
JSON_entry: 14
Matched with first_id: 14 second_id: 15 name: 20230503_14
entry_id:20230503_14, entry saved to results list
created dirs at nodule_detection_path: output/crop981/nodules-last-detected-on/2023-05-03/14/detection and nodule_images_original_path: output/crop981/nodules-last-detected-on/2023-05-03/14
Segmented nodule image saved as output/crop981/nodules-last-detected-on/2023-05-03/14/detection/2023-05-03.jpg
Original nodule image saved as output/crop981/nodules-last-detected-on/2023-05-03/14/2023-05-03.jpg


@process_contour: max_id: 20230503_58
Moments: {'m00': 72.5, 'm10': 13816.5, 'm01': 6735.333333333333, 'm20': 2633460.083333333, 'm11': 1283908.2083333333, 'm02': 626484.25, 'm30': 502023722.15000004, 'm21': 244780846.4, 'm12': 119453357.63333333, 'm03': 58342531.7, 'mu20': 416.32816091924906, 'mu11': 339.47729885042645, 'mu02': 764.0415708812652, 'mu30': 196.11626660823822, 'mu21': -12.323819380930217, 'mu12': -333.75506274501095, 'mu03': -535.9021262228489, 'nu20': 0.07920630885502955, 'nu11': 0.0645854551915199, 'nu02': 0.1453586817372205, 'nu30': 0.004381961935908442, 'nu21': -0.00027535965458756333, 'nu12': -0.007457321139948402, 'nu03': -0.011974033358343976}
Centroid: 190, 92
Processing contour#23: area: 72.5 centroid: 190, 92 rectangle: (186, 86, 11, 14)
@find_dayJSON_match_for_contour: x: 186, y: 86, w: 11, h: 14, area: 72.5
Matched with JSON#13: (190, 92, 9, 281.0, 81.3553, 0.896393)
Match with input JSON(nodules) ID: 13
Matched contour: {'x': 190, 'y': 92, 'd': 9, 'a': 281.0, 'p': 81.3553, 'e': 0.896393, 'id': 13, 'tq': 100}
JSON_entry: 13
Matched with first_id: 13 second_id: 13 name: 20230503_13
entry_id:20230503_13, entry saved to results list
created dirs at nodule_detection_path: output/crop981/nodules-last-detected-on/2023-05-03/13/detection and nodule_images_original_path: output/crop981/nodules-last-detected-on/2023-05-03/13
Segmented nodule image saved as output/crop981/nodules-last-detected-on/2023-05-03/13/detection/2023-05-03.jpg
Original nodule image saved as output/crop981/nodules-last-detected-on/2023-05-03/13/2023-05-03.jpg


@process_contour: max_id: 20230503_59
Moments: {'m00': 24.5, 'm10': 3438.6666666666665, 'm01': 2119.5, 'm20': 482675.25, 'm11': 297473.125, 'm02': 183413.75, 'm30': 67758060.3, 'm21': 41754461.13333333, 'm12': 25741653.433333334, 'm03': 15876753.65, 'mu20': 45.51757369627012, 'mu11': -6.630102040769998, 'mu02': 55.3724489795859, 'mu30': 5.911149650812149, 'mu21': -12.130063871155471, 'mu12': -5.478127171902088, 'mu03': 12.142399001866579, 'nu20': 0.07583102656604766, 'nu11': -0.011045567748054971, 'nu02': 0.09224897789185486, 'nu30': 0.0019895586375666147, 'nu21': -0.00408270383507823, 'nu12': -0.0018438131118958762, 'nu03': 0.004086855559751352}
Centroid: 140, 86
Processing contour#24: area: 24.5 centroid: 140, 86 rectangle: (138, 84, 6, 7)
@find_dayJSON_match_for_contour: x: 138, y: 84, w: 6, h: 7, area: 24.5
Matched with JSON#12: (140, 86, 5, 107.0, 36.1421, 0.221978)
Match with input JSON(nodules) ID: 12
Matched contour: {'x': 140, 'y': 86, 'd': 5, 'a': 107.0, 'p': 36.1421, 'e': 0.221978, 'id': 12, 'tq': 100}
JSON_entry: 12
Matched with first_id: 12 second_id: 9 name: 20230515_14
entry_id:20230515_14, entry saved to results list
created dirs at nodule_detection_path: output/crop981/nodules-last-detected-on/2023-05-15/14/detection and nodule_images_original_path: output/crop981/nodules-last-detected-on/2023-05-15/14
Segmented nodule image saved as output/crop981/nodules-last-detected-on/2023-05-15/14/detection/2023-05-03.jpg
Original nodule image saved as output/crop981/nodules-last-detected-on/2023-05-15/14/2023-05-03.jpg


@process_contour: max_id: 20230503_60
Moments: {'m00': 25.0, 'm10': 4377.5, 'm01': 2011.0, 'm20': 766556.6666666666, 'm11': 352122.5833333333, 'm02': 161810.5, 'm30': 134243828.75, 'm21': 61660581.75, 'm12': 28332453.583333332, 'm03': 13023386.5, 'mu20': 56.41666666662786, 'mu11': -3.516666666662786, 'mu02': 45.66000000000349, 'mu30': -0.699999988079071, 'mu21': -4.979999993997808, 'mu12': 0.7946666655689114, 'mu03': 4.099199999123812, 'nu20': 0.09026666666660459, 'nu11': -0.005626666666660458, 'nu02': 0.07305600000000559, 'nu30': -0.00022399999618530274, 'nu21': -0.0015935999980792987, 'nu12': 0.00025429333298205165, 'nu03': 0.0013117439997196198}
Centroid: 175, 80
Processing contour#25: area: 25.0 centroid: 175, 80 rectangle: (172, 78, 7, 6)
@find_dayJSON_match_for_contour: x: 172, y: 78, w: 7, h: 6, area: 25.0
Matched with JSON#10: (175, 80, 5, 105.0, 35.5563, 0.357433)
Match with input JSON(nodules) ID: 10
Matched contour: {'x': 175, 'y': 80, 'd': 5, 'a': 105.0, 'p': 35.5563, 'e': 0.357433, 'id': 10, 'tq': 100}
JSON_entry: 10
Matched with first_id: 10 second_id: 11 name: 20230503_10
entry_id:20230503_10, entry saved to results list
created dirs at nodule_detection_path: output/crop981/nodules-last-detected-on/2023-05-03/10/detection and nodule_images_original_path: output/crop981/nodules-last-detected-on/2023-05-03/10
Segmented nodule image saved as output/crop981/nodules-last-detected-on/2023-05-03/10/detection/2023-05-03.jpg
Original nodule image saved as output/crop981/nodules-last-detected-on/2023-05-03/10/2023-05-03.jpg


@process_contour: max_id: 20230503_61
Moments: {'m00': 21.5, 'm10': 2591.833333333333, 'm01': 1737.5, 'm20': 312486.5833333333, 'm11': 209454.7083333333, 'm02': 140450.5833333333, 'm30': 37680038.95, 'm21': 25252902.45, 'm12': 16931115.816666666, 'm03': 11356233.850000001, 'mu20': 40.07041343674064, 'mu11': -1.5901162790542003, 'mu02': 36.33914728680975, 'mu30': -0.7974060103297234, 'mu21': 9.6170272182585, 'mu12': 0.5647887746117704, 'mu03': -6.47923201136291, 'nu20': 0.08668558883015821, 'nu11': -0.0034399486837300166, 'nu02': 0.07861362311911248, 'nu30': -0.00037203461963415343, 'nu21': 0.004486882487475447, 'nu12': 0.0002635056347887893, 'nu03': -0.0030229250665819566}
Centroid: 120, 80
Processing contour#26: area: 21.5 centroid: 120, 80 rectangle: (118, 78, 6, 6)
@find_dayJSON_match_for_contour: x: 118, y: 78, w: 6, h: 6, area: 21.5
Matched with JSON#11: (120, 81, 5, 90.0, 32.7279, 0.394424)
Match with input JSON(nodules) ID: 11
Matched contour: {'x': 120, 'y': 81, 'd': 5, 'a': 90.0, 'p': 32.7279, 'e': 0.394424, 'id': 11, 'tq': 100}
JSON_entry: 11
Matched with first_id: 11 second_id: 12 name: 20230503_11
entry_id:20230503_11, entry saved to results list
created dirs at nodule_detection_path: output/crop981/nodules-last-detected-on/2023-05-03/11/detection and nodule_images_original_path: output/crop981/nodules-last-detected-on/2023-05-03/11
Segmented nodule image saved as output/crop981/nodules-last-detected-on/2023-05-03/11/detection/2023-05-03.jpg
Original nodule image saved as output/crop981/nodules-last-detected-on/2023-05-03/11/2023-05-03.jpg


@process_contour: max_id: 20230503_62
Moments: {'m00': 31.5, 'm10': 4203.666666666666, 'm01': 2324.833333333333, 'm20': 561072.4166666666, 'm11': 310250.7083333333, 'm02': 171653.25, 'm30': 74900108.8, 'm21': 41410121.233333334, 'm12': 22907422.6, 'm03': 12679192.450000001, 'mu20': 94.2120811289642, 'mu11': 2.3150352734373882, 'mu02': 70.70943562613684, 'mu30': -1.9269160479307175, 'mu21': -15.908056418934393, 'mu12': 0.07960816161903495, 'mu03': 18.71410001255572, 'nu20': 0.0949479275676132, 'nu11': 0.0023331169296421143, 'nu02': 0.07126171390893105, 'nu30': -0.000346008214348497, 'nu21': -0.002856542816788323, 'nu12': 1.4294902924779221e-05, 'nu03': 0.0033604122688361184}
Centroid: 133, 73
Processing contour#27: area: 31.5 centroid: 133, 73 rectangle: (130, 71, 8, 7)
@find_dayJSON_match_for_contour: x: 130, y: 71, w: 8, h: 7, area: 31.5
Matched with JSON#9: (133, 73, 5, 107.0, 35.5563, 0.331165)
Match with input JSON(nodules) ID: 9
Matched contour: {'x': 133, 'y': 73, 'd': 5, 'a': 107.0, 'p': 35.5563, 'e': 0.331165, 'id': 9, 'tq': 100}
JSON_entry: 9
Matched with first_id: 9 second_id: 7 name: 20230503_9
entry_id:20230503_9, entry saved to results list
created dirs at nodule_detection_path: output/crop981/nodules-last-detected-on/2023-05-03/9/detection and nodule_images_original_path: output/crop981/nodules-last-detected-on/2023-05-03/9
Segmented nodule image saved as output/crop981/nodules-last-detected-on/2023-05-03/9/detection/2023-05-03.jpg
Original nodule image saved as output/crop981/nodules-last-detected-on/2023-05-03/9/2023-05-03.jpg


@process_contour: max_id: 20230503_63
Moments: {'m00': 76.0, 'm10': 13566.666666666666, 'm01': 5268.166666666666, 'm20': 2422804.0, 'm11': 941490.4166666666, 'm02': 366736.8333333333, 'm30': 432859605.40000004, 'm21': 168326637.31666666, 'm12': 65613687.21666667, 'm03': 25636590.950000003, 'mu20': 1034.9941520472057, 'mu11': 1076.454678362701, 'mu02': 1558.148757310002, 'mu30': -1672.3367395997047, 'mu21': -1561.0553452557506, 'mu12': -1289.8561185539002, 'mu03': -881.8854670040309, 'nu20': 0.17918873823531953, 'nu11': 0.18636680719575846, 'nu02': 0.2697625964871887, 'nu30': -0.03321159629449176, 'nu21': -0.031001615100797367, 'nu12': -0.025615762467579406, 'nu03': -0.017513712050079018}
Centroid: 178, 69
Processing contour#28: area: 76.0 centroid: 178, 69 rectangle: (170, 61, 16, 17)
@find_dayJSON_match_for_contour: x: 170, y: 61, w: 16, h: 17, area: 76.0
Matched with JSON#6: (170, 61, 2, 14.0, 11.6569, 0.608034)
Match with input JSON(nodules) ID: 6
Matched contour: {'x': 170, 'y': 61, 'd': 2, 'a': 14.0, 'p': 11.6569, 'e': 0.608034, 'id': 6, 'tq': 100}
JSON_entry: 6
Matched with first_id: 6 second_id: 8 name: 20230503_6
entry_id:20230503_6, entry saved to results list
created dirs at nodule_detection_path: output/crop981/nodules-last-detected-on/2023-05-03/6/detection and nodule_images_original_path: output/crop981/nodules-last-detected-on/2023-05-03/6
Segmented nodule image saved as output/crop981/nodules-last-detected-on/2023-05-03/6/detection/2023-05-03.jpg
Original nodule image saved as output/crop981/nodules-last-detected-on/2023-05-03/6/2023-05-03.jpg


@process_contour: max_id: 20230503_64
Moments: {'m00': 7.0, 'm10': 1178.5, 'm01': 400.8333333333333, 'm20': 198413.0, 'm11': 67482.5, 'm02': 22957.0, 'm30': 33405629.25, 'm21': 11361284.7, 'm12': 3864900.0, 'm03': 1315080.35, 'mu20': 4.107142857130384, 'mu11': -0.6547619047632907, 'mu02': 4.519841269844619, 'mu30': 0.5306122489273548, 'mu21': -1.1418367340277769, 'mu12': 0.057256235708337044, 'mu03': 1.1729402870405465, 'nu20': 0.08381924198225273, 'nu11': -0.013362487852312054, 'nu02': 0.09224165856825753, 'nu30': 0.004092909776287113, 'nu21': -0.008807626927334404, 'nu12': 0.0004416494480815042, 'nu03': 0.009047546070664731}
Centroid: 168, 57
Processing contour#29: area: 7.0 centroid: 168, 57 rectangle: (167, 56, 4, 4)
@find_dayJSON_match_for_contour: x: 167, y: 56, w: 4, h: 4, area: 7.0
Matched with JSON#4: (168, 57, 3, 34.0, 19.3137, 0.607003)
Match with input JSON(nodules) ID: 4
Matched contour: {'x': 168, 'y': 57, 'd': 3, 'a': 34.0, 'p': 19.3137, 'e': 0.607003, 'id': 4, 'tq': 100}
JSON_entry: 4
Matched with first_id: 4 second_id: 14 name: 20230503_4
entry_id:20230503_4, entry saved to results list
created dirs at nodule_detection_path: output/crop981/nodules-last-detected-on/2023-05-03/4/detection and nodule_images_original_path: output/crop981/nodules-last-detected-on/2023-05-03/4
Segmented nodule image saved as output/crop981/nodules-last-detected-on/2023-05-03/4/detection/2023-05-03.jpg
Original nodule image saved as output/crop981/nodules-last-detected-on/2023-05-03/4/2023-05-03.jpg


@process_contour: max_id: 20230503_65
Moments: {'m00': 40.0, 'm10': 5318.166666666666, 'm01': 2465.6666666666665, 'm20': 707157.5, 'm11': 327760.0, 'm02': 152250.3333333333, 'm30': 94042135.15, 'm21': 43574233.55, 'm12': 20234943.216666665, 'm03': 9417181.9, 'mu20': 85.0826388890855, 'mu11': -60.65694444440305, 'mu02': 262.53055555553874, 'mu30': -25.147285908460617, 'mu21': -4.15883103048327, 'mu12': 105.01391203512321, 'mu03': -148.03921295888722, 'nu20': 0.05317664930567845, 'nu11': -0.03791059027775191, 'nu02': 0.16408159722221174, 'nu30': -0.0024850843888185033, 'nu21': -0.000410980576878509, 'nu12': 0.010377598376111172, 'nu03': -0.01462940924902495}
Centroid: 132, 61
Processing contour#30: area: 40.0 centroid: 132, 61 rectangle: (130, 56, 7, 11)
@find_dayJSON_match_for_contour: x: 130, y: 56, w: 7, h: 11, area: 40.0
Matched with JSON#5: (132, 61, 7, 160.0, 56.2843, 0.789112)
Match with input JSON(nodules) ID: 5
Matched contour: {'x': 132, 'y': 61, 'd': 7, 'a': 160.0, 'p': 56.2843, 'e': 0.789112, 'id': 5, 'tq': 100}
JSON_entry: 5
Matched with first_id: 5 second_id: 3 name: 20230503_5
entry_id:20230503_5, entry saved to results list
created dirs at nodule_detection_path: output/crop981/nodules-last-detected-on/2023-05-03/5/detection and nodule_images_original_path: output/crop981/nodules-last-detected-on/2023-05-03/5
Segmented nodule image saved as output/crop981/nodules-last-detected-on/2023-05-03/5/detection/2023-05-03.jpg
Original nodule image saved as output/crop981/nodules-last-detected-on/2023-05-03/5/2023-05-03.jpg


@process_contour: max_id: 20230503_66
Moments: {'m00': 6.0, 'm10': 702.0, 'm01': 249.0, 'm20': 82136.0, 'm11': 29133.0, 'm02': 10338.0, 'm30': 9610380.0, 'm21': 3408644.0, 'm12': 1209546.0, 'm03': 429400.5, 'mu20': 2.0, 'mu11': 0.0, 'mu02': 4.5, 'mu30': 0.0, 'mu21': 0.0, 'mu12': 0.0, 'mu03': 0.0, 'nu20': 0.05555555555555555, 'nu11': 0.0, 'nu02': 0.125, 'nu30': 0.0, 'nu21': 0.0, 'nu12': 0.0, 'nu03': 0.0}
Centroid: 117, 41
Processing contour#31: area: 6.0 centroid: 117, 41 rectangle: (116, 40, 3, 4)
@find_dayJSON_match_for_contour: x: 116, y: 40, w: 3, h: 4, area: 6.0
Matched with JSON#3: (117, 41, 2, 17.0, 15.864, 0.800605)
Match with input JSON(nodules) ID: 3
Matched contour: {'x': 117, 'y': 41, 'd': 2, 'a': 17.0, 'p': 15.864, 'e': 0.800605, 'id': 3, 'tq': 100}
JSON_entry: 3
Matched with first_id: 3 second_id: 1 name: 20230503_3
entry_id:20230503_3, entry saved to results list
created dirs at nodule_detection_path: output/crop981/nodules-last-detected-on/2023-05-03/3/detection and nodule_images_original_path: output/crop981/nodules-last-detected-on/2023-05-03/3
Segmented nodule image saved as output/crop981/nodules-last-detected-on/2023-05-03/3/detection/2023-05-03.jpg
Original nodule image saved as output/crop981/nodules-last-detected-on/2023-05-03/3/2023-05-03.jpg


@process_contour: max_id: 20230503_67
Moments: {'m00': 50.0, 'm10': 7296.5, 'm01': 1769.3333333333333, 'm20': 1065005.5, 'm11': 258207.0833333333, 'm02': 62789.33333333333, 'm30': 155482583.25, 'm21': 37689382.45, 'm12': 9163425.083333334, 'm03': 2234551.6, 'mu20': 227.25499999988824, 'mu11': 8.270000000018626, 'mu02': 178.524444444447, 'mu30': 3.9907000362873077, 'mu21': -25.8588666680198, 'mu12': -7.625466666337161, 'mu03': 11.62109629670158, 'nu20': 0.0909019999999553, 'nu11': 0.003308000000007451, 'nu02': 0.07140977777777881, 'nu30': 0.00022574808458721254, 'nu21': -0.0014627983979804467, 'nu12': -0.00043136153515831865, 'nu03': 0.000657388479697565}
Centroid: 145, 35
Processing contour#32: area: 50.0 centroid: 145, 35 rectangle: (142, 32, 9, 8)
@find_dayJSON_match_for_contour: x: 142, y: 32, w: 9, h: 8, area: 50.0
Matched with JSON#2: (145, 35, 7, 183.0, 48.6274, 0.49082)
Match with input JSON(nodules) ID: 2
Matched contour: {'x': 145, 'y': 35, 'd': 7, 'a': 183.0, 'p': 48.6274, 'e': 0.49082, 'id': 2, 'tq': 100}
JSON_entry: 2
Matched with first_id: 2 second_id: 0 name: 20230503_2
entry_id:20230503_2, entry saved to results list
created dirs at nodule_detection_path: output/crop981/nodules-last-detected-on/2023-05-03/2/detection and nodule_images_original_path: output/crop981/nodules-last-detected-on/2023-05-03/2
Segmented nodule image saved as output/crop981/nodules-last-detected-on/2023-05-03/2/detection/2023-05-03.jpg
Original nodule image saved as output/crop981/nodules-last-detected-on/2023-05-03/2/2023-05-03.jpg


@process_contour: max_id: 20230503_68
Moments: {'m00': 0.5, 'm10': 108.83333333333333, 'm01': 15.166666666666666, 'm20': 23689.416666666664, 'm11': 3301.2916666666665, 'm02': 460.0833333333333, 'm30': 5156408.45, 'm21': 718585.0166666666, 'm12': 100145.65, 'm03': 13957.550000000001, 'mu20': 0.027777777777373558, 'mu11': 0.013888888889141526, 'mu02': 0.027777777777771462, 'mu30': -0.0037037022411823273, 'mu21': -0.0018518519318604376, 'mu12': 0.0018518518452506072, 'mu03': 0.003703703705468797, 'nu20': 0.11111111110949423, 'nu11': 0.055555555556566105, 'nu02': 0.11111111111108585, 'nu30': -0.0209513037618867, 'nu21': -0.010475656470175392, 'nu12': 0.010475655980236203, 'nu03': 0.02095131204514184}
Centroid: 217, 30
Processing contour#33: area: 0.5 centroid: 217, 30 rectangle: (217, 30, 2, 2)
@find_dayJSON_match_for_contour: x: 217, y: 30, w: 2, h: 2, area: 0.5
Closest match: {'x': 129, 'y': 665, 'd': 6, 'a': 123.0, 'p': 39.799, 'e': 0.637852, 'id': 35, 'tq': 100}
No input JSON(nodules) match, ID:20230503_68 area: 0.5 position: {'x': 217, 'y': 30}
Matched contour: None
JSON_entry: ERROR
WARNING: match is empty
entry_id:20230503_68, entry saved to results list
created dirs at nodule_detection_path: output/crop981/nodules-last-detected-on/2023-05-03/68/detection and nodule_images_original_path: output/crop981/nodules-last-detected-on/2023-05-03/68
Segmented nodule image saved as output/crop981/nodules-last-detected-on/2023-05-03/68/detection/2023-05-03.jpg
Original nodule image saved as output/crop981/nodules-last-detected-on/2023-05-03/68/2023-05-03.jpg


@process_contour: max_id: 20230503_69
Moments: {'m00': 12.0, 'm10': 1559.5, 'm01': 387.66666666666663, 'm20': 202682.16666666666, 'm11': 50378.75, 'm02': 12536.0, 'm30': 26343392.75, 'm21': 6547304.55, 'm12': 1629043.9166666667, 'm03': 405767.9, 'mu20': 12.145833333343035, 'mu11': -1.7638888888832298, 'mu02': 12.21296296296714, 'mu30': -0.7309027761220932, 'mu21': 3.018750000569696, 'mu12': 0.21682098724681964, 'mu03': -3.637551440508105, 'nu20': 0.08434606481488217, 'nu11': -0.012249228395022429, 'nu02': 0.08481224279838291, 'nu30': -0.0014652323421719975, 'nu21': 0.00605165321335103, 'nu12': 0.00043465852553094345, 'nu03': -0.007292157303362726}
Centroid: 129, 32
Processing contour#34: area: 12.0 centroid: 129, 32 rectangle: (128, 30, 5, 5)
@find_dayJSON_match_for_contour: x: 128, y: 30, w: 5, h: 5, area: 12.0
Matched with JSON#1: (129, 32, 3, 46.0, 22.7279, 0.676194)
Match with input JSON(nodules) ID: 1
Matched contour: {'x': 129, 'y': 32, 'd': 3, 'a': 46.0, 'p': 22.7279, 'e': 0.676194, 'id': 1, 'tq': 100}
JSON_entry: 1
Matched with first_id: 1 second_id: 2 name: 20230503_1
entry_id:20230503_1, entry saved to results list
created dirs at nodule_detection_path: output/crop981/nodules-last-detected-on/2023-05-03/1/detection and nodule_images_original_path: output/crop981/nodules-last-detected-on/2023-05-03/1
Segmented nodule image saved as output/crop981/nodules-last-detected-on/2023-05-03/1/detection/2023-05-03.jpg
Original nodule image saved as output/crop981/nodules-last-detected-on/2023-05-03/1/2023-05-03.jpg


Done analyzing contours, found 34 nodules.


results_entry: {'date': '20230503', 'json': 'output/crop981/20230503/20230503.json', 'log': 'output/crop981/20230503/crop981_20230503.log', 'image': 'data/crop981/20230503.jpg', 'plot': 'output/crop981/plots/20230501_20230503.png', 'match_stats': {'i_dict': {0: 29, 1: 2, 2: 1, 3: 1, 4: 1, 5: 1, 15: 1}, 'average_tracking_quality': 47.8824, 'distance_threshold': 20, 'lengths': {'matching': 36, 'unmatched_current': 0, 'unmatched_previous': 3}, 'averages': {'tq': -89.0, 'i': 0.8611, 'dx': 5.1111, 'dy': -12.8056, 'dd': 0.5556, 'da': 19.0556, 'dp': 3.5194, 'de': 0.005}}}
