Current memory usage: 5097.08984375 MB
@analyze_image: file_name: data/crop1005/20230503.jpg, output_dir: output/crop1005, external_logger: <Logger data_crop1005.log (DEBUG)>
Loaded image & JSON file: data/crop1005/20230503.jpg
Scaled JSON data: scalar_position: 0.5, scalar_size: 0.5

@find_prev_next_date: image_output_dir: output/crop1005/20230503
data_dir: data/crop1005
Previous date file: data/crop1005/20230501.json, Next date file: data/crop1005/20230505.json


Loaded prev_results from JSON file: 20230501, length: 22
Scaled JSON data: scalar_position: 0.5, scalar_size: 0.5
Loaded next_results from JSON file: 20230505, length: 22
Scaled JSON data: scalar_position: 0.5, scalar_size: 0.5
prev_results is not empty, generating matching
Current memory usage: 5097.11328125 MB
current_date:20230503, generating Matching: 20230501_20230503_matching.json
spatial_distances: (24, 22), attribute_distances: (24, 22)
combined_distances: (24, 22)
Current memory usage: 5097.11328125 MB

@find_matching: combined_distances: (24, 22), next_matching: [{'id': '20230524_1', 'p': {'id': 1, 'tq': -124.0, 'dx': -13, 'dy': -29, 'dd': -2, 'da': -73.0, 'dp': -16.73, 'de': 0.04}, 'c': {'id': 0}, 'n': {'id': 0, 'dx': 13, 'dy': -1, 'dd': 1, 'da': 34.0, 'dp': 9.07, 'de': -0.1}, 'i': 8}, {'id': '20230515_5', 'p': {'id': 0, 'tq': 60.0, 'dx': 1, 'dy': -1, 'dd': 1, 'da': 22.0, 'dp': 7.24, 'de': 0.02}, 'c': {'id': 1}, 'n': {'id': 2, 'dx': 0, 'dy': 2, 'dd': 1, 'da': 6.0, 'dp': 1.0, 'de': 0.05}, 'i': 4}, {'id': '20230531_5', 'p': {'id': 5, 'tq': -62.0, 'dx': -30, 'dy': -27, 'dd': 1, 'da': 14.0, 'dp': 0.83, 'de': -0.07}, 'c': {'id': 2}, 'n': {'id': 8, 'dx': -11, 'dy': 13, 'dd': 0, 'da': -5.0, 'dp': 0.0, 'de': -0.27}, 'i': 11}, {'id': '20230505_3', 'p': {'id': 2, 'tq': 39.0, 'dx': 1, 'dy': 0, 'dd': -1, 'da': -38.0, 'dp': -5.41, 'de': 0.15}, 'c': {'id': 3}, 'n': {}, 'i': 0}, {'id': '20230510_7', 'p': {'id': 12, 'tq': -1098.0, 'dx': -3, 'dy': -316, 'dd': -1, 'da': -60.0, 'dp': -10.83, 'de': -0.09}, 'c': {'id': 4}, 'n': {'id': 6, 'dx': -23, 'dy': -7, 'dd': 0, 'da': 1.0, 'dp': 0.0, 'de': 0.08}, 'i': 2}, {'id': '20230510_10', 'p': {'id': 3, 'tq': 82.0, 'dx': 0, 'dy': 2, 'dd': 0, 'da': -7.0, 'dp': -2.83, 'de': 0.09}, 'c': {'id': 5}, 'n': {'id': 9, 'dx': 0, 'dy': -3, 'dd': 0, 'da': 16.0, 'dp': 2.83, 'de': -0.1}, 'i': 2}, {'id': '20230531_8', 'p': {'id': 4, 'tq': 64.0, 'dx': 2, 'dy': -1, 'dd': 1, 'da': 17.0, 'dp': 8.66, 'de': 0.22}, 'c': {'id': 6}, 'n': {'id': 11, 'dx': -2, 'dy': -1, 'dd': 1, 'da': 17.0, 'dp': 4.59, 'de': 0.02}, 'i': 11}, {'id': '20230512_5', 'p': {'id': 14, 'tq': -2061.0, 'dx': -60, 'dy': -534, 'dd': -3, 'da': -186.0, 'dp': -19.66, 'de': -0.22}, 'c': {'id': 7}, 'n': {'id': 7, 'dx': 3, 'dy': -15, 'dd': 1, 'da': 17.0, 'dp': 3.41, 'de': 0.26}, 'i': 3}, {'id': '20230505_8', 'p': {'id': 8, 'tq': -156.0, 'dx': -16, 'dy': -60, 'dd': -1, 'da': -25.0, 'dp': -7.41, 'de': -0.06}, 'c': {'id': 8}, 'n': {}, 'i': 0}, {'id': '20230505_9', 'p': {'id': 6, 'tq': -6.0, 'dx': 0, 'dy': 2, 'dd': 3, 'da': 64.0, 'dp': 15.9, 'de': -0.22}, 'c': {'id': 9}, 'n': {}, 'i': 0}, {'id': '20230505_10', 'p': {'id': 10, 'tq': -592.0, 'dx': 90, 'dy': -175, 'dd': 0, 'da': -2.0, 'dp': -0.59, 'de': -0.09}, 'c': {'id': 10}, 'n': {}, 'i': 0}, {'id': '20230531_15', 'p': {'id': 7, 'tq': 65.0, 'dx': 1, 'dy': 1, 'dd': 1, 'da': 20.0, 'dp': 3.66, 'de': 0.1}, 'c': {'id': 11}, 'n': {'id': 16, 'dx': -10, 'dy': 1, 'dd': 0, 'da': 4.0, 'dp': 0.59, 'de': -0.08}, 'i': 11}, {'id': '20230519_26', 'p': {'id': 15, 'tq': -1473.0, 'dx': 80, 'dy': -441, 'dd': 0, 'da': -3.0, 'dp': 0.0, 'de': 0.12}, 'c': {'id': 12}, 'n': {'id': 22, 'dx': -2, 'dy': 0, 'dd': -1, 'da': -23.0, 'dp': -4.83, 'de': -0.19}, 'i': 6}, {'id': '20230508_13', 'p': {'id': 19, 'tq': -1545.0, 'dx': 77, 'dy': -462, 'dd': 0, 'da': 4.0, 'dp': 1.0, 'de': 0.19}, 'c': {'id': 13}, 'n': {'id': 24, 'dx': -2, 'dy': -1, 'dd': 2, 'da': 52.0, 'dp': 14.49, 'de': -0.14}, 'i': 1}, {'id': '20230510_27', 'p': {'id': 9, 'tq': 89.0, 'dx': 0, 'dy': 1, 'dd': 0, 'da': -4.0, 'dp': -3.0, 'de': 0.02}, 'c': {'id': 14}, 'n': {'id': 27, 'dx': -3, 'dy': 1, 'dd': 0, 'da': 4.0, 'dp': 2.59, 'de': -0.4}, 'i': 2}, {'id': '20230510_41', 'p': {'id': 11, 'tq': -420.0, 'dx': -74, 'dy': -106, 'dd': -1, 'da': -44.0, 'dp': -8.83, 'de': 0.34}, 'c': {'id': 15}, 'n': {'id': 37, 'dx': -7, 'dy': 5, 'dd': -1, 'da': -9.0, 'dp': -2.59, 'de': -0.11}, 'i': 2}, {'id': '20230505_16', 'p': {'id': 13, 'tq': -114.0, 'dx': -13, 'dy': -30, 'dd': -3, 'da': -62.0, 'dp': -23.52, 'de': 0.18}, 'c': {'id': 16}, 'n': {}, 'i': 0}, {'id': '20230505_17', 'p': {'id': 16, 'tq': -452.0, 'dx': 3, 'dy': -155, 'dd': 0, 'da': -6.0, 'dp': -0.59, 'de': 0.17}, 'c': {'id': 17}, 'n': {}, 'i': 0}, {'id': '20230505_18', 'p': {'id': 18, 'tq': -202.0, 'dx': 49, 'dy': -59, 'dd': 2, 'da': 20.0, 'dp': 9.86, 'de': -0.11}, 'c': {'id': 18}, 'n': {}, 'i': 0}, {'id': '20230505_19', 'p': {'id': 17, 'tq': -61.0, 'dx': 25, 'dy': -18, 'dd': -1, 'da': -35.0, 'dp': -4.83, 'de': -0.24}, 'c': {'id': 19}, 'n': {}, 'i': 0}, {'id': '20230505_20', 'p': {'id': 20, 'tq': -138.0, 'dx': -48, 'dy': -15, 'dd': 1, 'da': 41.0, 'dp': 6.83, 'de': 0.2}, 'c': {'id': 20}, 'n': {}, 'i': 0}, {'id': '20230505_21', 'p': {'id': 23, 'tq': -249.0, 'dx': 83, 'dy': -35, 'dd': 2, 'da': 20.0, 'dp': 9.41, 'de': -0.23}, 'c': {'id': 21}, 'n': {}, 'i': 0}], current_date_string: 20230503, distance_threshold: 20
matched entry: {'id': '20230515_5', 'p': {'id': 0, 'tq': 60.0, 'dx': 1, 'dy': -1, 'dd': 1, 'da': 22.0, 'dp': 7.24, 'de': 0.02}, 'c': {'id': 1}, 'n': {'id': 2, 'dx': 0, 'dy': 2, 'dd': 1, 'da': 6.0, 'dp': 1.0, 'de': 0.05}, 'i': 4}, len(matching): 0
tq < 0
matched entry: {'id': '20230505_3', 'p': {'id': 2, 'tq': 39.0, 'dx': 1, 'dy': 0, 'dd': -1, 'da': -38.0, 'dp': -5.41, 'de': 0.15}, 'c': {'id': 3}, 'n': {}, 'i': 0}, len(matching): 2
matched entry: {'id': '20230510_10', 'p': {'id': 3, 'tq': 82.0, 'dx': 0, 'dy': 2, 'dd': 0, 'da': -7.0, 'dp': -2.83, 'de': 0.09}, 'c': {'id': 5}, 'n': {'id': 9, 'dx': 0, 'dy': -3, 'dd': 0, 'da': 16.0, 'dp': 2.83, 'de': -0.1}, 'i': 2}, len(matching): 3
matched entry: {'id': '20230531_8', 'p': {'id': 4, 'tq': 64.0, 'dx': 2, 'dy': -1, 'dd': 1, 'da': 17.0, 'dp': 8.66, 'de': 0.22}, 'c': {'id': 6}, 'n': {'id': 11, 'dx': -2, 'dy': -1, 'dd': 1, 'da': 17.0, 'dp': 4.59, 'de': 0.02}, 'i': 11}, len(matching): 4
tq < 0
tq < 0
matched entry: {'id': '20230531_15', 'p': {'id': 7, 'tq': 65.0, 'dx': 1, 'dy': 1, 'dd': 1, 'da': 20.0, 'dp': 3.66, 'de': 0.1}, 'c': {'id': 11}, 'n': {'id': 16, 'dx': -10, 'dy': 1, 'dd': 0, 'da': 4.0, 'dp': 0.59, 'de': -0.08}, 'i': 11}, len(matching): 7
tq < 0
matched entry: {'id': '20230510_27', 'p': {'id': 9, 'tq': 89.0, 'dx': 0, 'dy': 1, 'dd': 0, 'da': -4.0, 'dp': -3.0, 'de': 0.02}, 'c': {'id': 14}, 'n': {'id': 27, 'dx': -3, 'dy': 1, 'dd': 0, 'da': 4.0, 'dp': 2.59, 'de': -0.4}, 'i': 2}, len(matching): 9
tq < 0
tq < 0
tq < 0
tq < 0
tq < 0
tq < 0
tq < 0
tq < 0
tq < 0
tq < 0
tq < 0
i_dict: {0: 16, 1: 1, 3: 2, 5: 1, 12: 2}
tq_average: -188.8182, dx_average: -8.0, dy_average: 32.7727, dd_average: 0.5, da_average: 29.3636, dp_average: 6.7918, de_average: 0.0086
average_tracking_quality: 53.3636
@find_matching:
Returning:
Matching(lenght=22): [{'id': '20230515_5', 'p': {'id': 0, 'tq': 73.0, 'dx': 3, 'dy': 1, 'dd': -1, 'da': -10.0, 'dp': -2.83, 'de': 0.0}, 'c': {'id': 0}, 'n': {'id': 1, 'dx': 1, 'dy': -1, 'dd': 1, 'da': 22.0, 'dp': 7.24, 'de': 0.02}, 'i': 5}, {'id': '20230503_1', 'p': {'id': 1, 'tq': -24.0, 'dx': 1, 'dy': 0, 'dd': 2, 'da': 78.0, 'dp': 18.73, 'de': 0.08}, 'c': {'id': 1}, 'n': {}, 'i': 0}, {'id': '20230505_3', 'p': {'id': 2, 'tq': 8.0, 'dx': 1, 'dy': 0, 'dd': 1, 'da': 58.0, 'dp': 10.24, 'de': -0.05}, 'c': {'id': 2}, 'n': {'id': 3, 'dx': 1, 'dy': 0, 'dd': -1, 'da': -38.0, 'dp': -5.41, 'de': 0.15}, 'i': 1}, {'id': '20230510_10', 'p': {'id': 3, 'tq': 60.0, 'dx': 3, 'dy': -1, 'dd': -1, 'da': -19.0, 'dp': -2.0, 'de': 0.12}, 'c': {'id': 3}, 'n': {'id': 5, 'dx': 0, 'dy': 2, 'dd': 0, 'da': -7.0, 'dp': -2.83, 'de': 0.09}, 'i': 3}, {'id': '20230531_8', 'p': {'id': 4, 'tq': 61.0, 'dx': 0, 'dy': -1, 'dd': -2, 'da': -21.0, 'dp': -10.66, 'de': -0.42}, 'c': {'id': 4}, 'n': {'id': 6, 'dx': 2, 'dy': -1, 'dd': 1, 'da': 17.0, 'dp': 8.66, 'de': 0.22}, 'i': 12}, {'id': '20230503_5', 'p': {'id': 5, 'tq': 93.0, 'dx': 1, 'dy': 0, 'dd': 0, 'da': 0.0, 'dp': -2.59, 'de': -0.15}, 'c': {'id': 5}, 'n': {}, 'i': 0}, {'id': '20230503_6', 'p': {'id': 6, 'tq': 25.0, 'dx': 4, 'dy': 0, 'dd': -2, 'da': -39.0, 'dp': -10.24, 'de': 0.18}, 'c': {'id': 6}, 'n': {}, 'i': 0}, {'id': '20230531_15', 'p': {'id': 10, 'tq': -744.0, 'dx': -82, 'dy': -207, 'dd': 1, 'da': 42.0, 'dp': 10.07, 'de': -0.15}, 'c': {'id': 7}, 'n': {'id': 11, 'dx': 1, 'dy': 1, 'dd': 1, 'da': 20.0, 'dp': 3.66, 'de': 0.1}, 'i': 12}, {'id': '20230503_8', 'p': {'id': 7, 'tq': 95.0, 'dx': 1, 'dy': -1, 'dd': 0, 'da': 0.0, 'dp': 0.0, 'de': 0.14}, 'c': {'id': 8}, 'n': {}, 'i': 0}, {'id': '20230510_27', 'p': {'id': 8, 'tq': 79.0, 'dx': 3, 'dy': -2, 'dd': -1, 'da': -5.0, 'dp': -1.83, 'de': 0.22}, 'c': {'id': 9}, 'n': {'id': 14, 'dx': 0, 'dy': 1, 'dd': 0, 'da': -4.0, 'dp': -3.0, 'de': 0.02}, 'i': 3}, {'id': '20230503_10', 'p': {'id': 9, 'tq': 31.0, 'dx': -6, 'dy': -12, 'dd': 1, 'da': 14.0, 'dp': 5.24, 'de': 0.06}, 'c': {'id': 10}, 'n': {}, 'i': 0}, {'id': '20230503_11', 'p': {'id': 12, 'tq': 39.0, 'dx': 2, 'dy': -3, 'dd': -1, 'da': -32.0, 'dp': -6.0, 'de': -0.05}, 'c': {'id': 11}, 'n': {}, 'i': 0}, {'id': '20230503_12', 'p': {'id': 11, 'tq': -446.0, 'dx': 93, 'dy': 15, 'dd': 5, 'da': 139.0, 'dp': 36.76, 'de': -0.31}, 'c': {'id': 12}, 'n': {}, 'i': 0}, {'id': '20230503_13', 'p': {'id': 14, 'tq': -43.0, 'dx': 29, 'dy': -19, 'dd': 0, 'da': 14.0, 'dp': 3.41, 'de': 0.11}, 'c': {'id': 13}, 'n': {}, 'i': 0}, {'id': '20230503_14', 'p': {'id': 18, 'tq': -101.0, 'dx': -3, 'dy': 31, 'dd': 1, 'da': 60.0, 'dp': 11.9, 'de': -0.18}, 'c': {'id': 15}, 'n': {}, 'i': 0}, {'id': '20230503_15', 'p': {'id': 15, 'tq': -714.0, 'dx': -68, 'dy': 193, 'dd': 2, 'da': 64.0, 'dp': 10.83, 'de': -0.13}, 'c': {'id': 16}, 'n': {}, 'i': 0}, {'id': '20230503_16', 'p': {'id': 17, 'tq': -630.0, 'dx': -5, 'dy': 126, 'dd': 4, 'da': 191.0, 'dp': 25.56, 'de': -0.07}, 'c': {'id': 17}, 'n': {}, 'i': 0}, {'id': '20230503_17', 'p': {'id': 13, 'tq': -793.0, 'dx': -73, 'dy': 244, 'dd': 0, 'da': 0.0, 'dp': -0.79, 'de': 0.15}, 'c': {'id': 18}, 'n': {}, 'i': 0}, {'id': '20230503_18', 'p': {'id': 19, 'tq': -143.0, 'dx': -37, 'dy': 47, 'dd': -1, 'da': -21.0, 'dp': -7.0, 'de': -0.24}, 'c': {'id': 19}, 'n': {}, 'i': 0}, {'id': '20230503_19', 'p': {'id': 21, 'tq': 23.0, 'dx': 14, 'dy': 0, 'dd': 1, 'da': 18.0, 'dp': 3.41, 'de': -0.16}, 'c': {'id': 20}, 'n': {}, 'i': 0}, {'id': '20230503_20', 'p': {'id': 16, 'tq': -1001.0, 'dx': -48, 'dy': 254, 'dd': 2, 'da': 117.0, 'dp': 58.62, 'de': 0.35}, 'c': {'id': 22}, 'n': {}, 'i': 0}, {'id': '20230503_21', 'p': {'id': 20, 'tq': -102.0, 'dx': -9, 'dy': 56, 'dd': 0, 'da': -2.0, 'dp': -1.41, 'de': 0.69}, 'c': {'id': 23}, 'n': {}, 'i': 0}]
Unmatched current(length=2): {21, 14}
Unmatched previous(length=0): set()
Distance threshold: 20



@plot_data: normalized_points: (24, 2), normalized_prev_points: (22, 2), current_points: (24, 2), prev_points: (22, 2), current_data: 24, prev_data: 22, matching: 22, unmatched_current: 2, unmatched_prev: 0, combined_distances: (24, 22), distance_threshold: 20, current_date_string: 20230503, previous_date_string: 20230501, filename: output/crop1005/plots/20230501_20230503.png
Plots created
Plotted the normalized points
Drawing lines between the matched points
Plotting the unmatched points
Plotted the original points with diameter as size
Drawing lines between the matched points and add the indices to the plots with color coding
Setting the titles and labels
Done plotting

@process_image: output_dir: output/crop1005/20230503, image_name: 20230503, date_string: 20230503
len(json_data) = 24 json_data entries
len(matching) = 22 matching entries, setting max_id_i to 22
crop_dir: output/crop1005
nodules_dir: output/crop1005/nodules-last-detected-on
Split image into left and right images: (705, 300, 3), (705, 300, 3)
Converted right image to HSV: (705, 300, 3)
Created mask to detect nodules: (705, 300)

Found 24 contours in mask, processing each contour...

@process_contour: max_id: 20230503_22
Moments: {'m00': 0.0, 'm10': 0.0, 'm01': 0.0, 'm20': 0.0, 'm11': 0.0, 'm02': 0.0, 'm30': 0.0, 'm21': 0.0, 'm12': 0.0, 'm03': 0.0, 'mu20': 0.0, 'mu11': 0.0, 'mu02': 0.0, 'mu30': 0.0, 'mu21': 0.0, 'mu12': 0.0, 'mu03': 0.0, 'nu20': 0.0, 'nu11': 0.0, 'nu02': 0.0, 'nu30': 0.0, 'nu21': 0.0, 'nu12': 0.0, 'nu03': 0.0}
Skipping contour#1 because area is 0.


@process_contour: max_id: 20230503_23
Moments: {'m00': 36.0, 'm10': 5680.5, 'm01': 25309.166666666664, 'm20': 897338.1666666666, 'm11': 3993579.4166666665, 'm02': 17793176.166666664, 'm30': 141909127.25, 'm21': 630859071.4666667, 'm12': 2807620299.5, 'm03': 12509196060.650002, 'mu20': 1002.6041666666279, 'mu11': 3.8263888894580305, 'mu02': 11.795524694025517, 'mu30': 237.20312502980232, 'mu21': 52.351890473626554, 'mu12': -3.282729014443703, 'mu03': -0.49801063537597656, 'nu20': 0.7736143261316573, 'nu11': 0.0029524605628534185, 'nu02': 0.00910148510341475, 'nu30': 0.030504517107742064, 'nu21': 0.0067324962028840725, 'nu12': -0.0004221616530920399, 'nu03': -6.404457759464719e-05}
Centroid: 157, 703
Processing contour#2: area: 36.0 centroid: 157, 703 rectangle: (148, 702, 21, 3)
@find_dayJSON_match_for_contour: x: 148, y: 702, w: 21, h: 3, area: 36.0
Matched with JSON#22: (157, 703, 9, 276.0, 103.0061, 0.989587)
Match with input JSON(nodules) ID: 22
Matched contour: {'x': 157, 'y': 703, 'd': 9, 'a': 276.0, 'p': 103.0061, 'e': 0.989587, 'id': 22, 'tq': 100}
JSON_entry: 22
Matched with first_id: 22 second_id: 16 name: 20230503_20
entry_id:20230503_20, entry saved to results list
WARNING: right_nodule_img.shape != (50, 50, 3) != (27, 50, 3)
@process_contour: max_id: 20230503_24
Moments: {'m00': 150.0, 'm10': 30620.666666666664, 'm01': 105378.83333333333, 'm20': 6282894.666666666, 'm11': 21511810.5, 'm02': 74031460.83333333, 'm30': 1295645316.4, 'm21': 4413905804.883333, 'm12': 15112631568.383333, 'm03': 52009186146.15, 'mu20': 32059.81925925892, 'mu11': 9.638518519699574, 'mu02': 137.40203703939915, 'mu30': -20079.384269714355, 'mu21': 7803.51479338482, 'mu12': 125.61291817645179, 'mu03': -61.26165771484375, 'nu20': 1.4248808559670634, 'nu11': 0.0004283786008755367, 'nu02': 0.006106757201751074, 'nu30': -0.07286554934824774, 'nu21': 0.028317969546745057, 'nu12': 0.00045583341427300945, 'nu03': -0.00022231081807170926}
Centroid: 204, 702
Processing contour#3: area: 150.0 centroid: 204, 702 rectangle: (175, 700, 61, 5)
@find_dayJSON_match_for_contour: x: 175, y: 700, w: 61, h: 5, area: 150.0
Matched with JSON#21: (204, 702, 18, 1038.0, 294.0894, 0.996883)
Match with input JSON(nodules) ID: 21
Matched contour: {'x': 204, 'y': 702, 'd': 18, 'a': 1038.0, 'p': 294.0894, 'e': 0.996883, 'id': 21, 'tq': 100}
JSON_entry: 21
WARNING: match is empty
entry_id:20230503_24, entry saved to results list
WARNING: right_nodule_img.shape != (50, 50, 3) != (28, 50, 3)
@process_contour: max_id: 20230503_25
Moments: {'m00': 10.5, 'm10': 1961.6666666666665, 'm01': 7072.833333333333, 'm20': 366497.25, 'm11': 1321382.125, 'm02': 4764300.083333333, 'm30': 68474019.8, 'm21': 246872672.4, 'm12': 890088529.6, 'm03': 3209270697.4500003, 'mu20': 8.096560846606735, 'mu11': -2.7691798941232264, 'mu02': 17.09656084701419, 'mu30': 0.34694716334342957, 'mu21': -3.977068075434545, 'mu12': 6.592714305080335, 'mu03': 3.9591751098632812, 'nu20': 0.07343819362001573, 'nu11': -0.025117277951231073, 'nu02': 0.15507084668493593, 'nu30': 0.0009711584501358054, 'nu21': -0.011132424980804351, 'nu12': 0.01845402090915012, 'nu03': 0.011082339819291383}
Centroid: 186, 673
Processing contour#4: area: 10.5 centroid: 186, 673 rectangle: (185, 671, 5, 6)
@find_dayJSON_match_for_contour: x: 185, y: 671, w: 5, h: 6, area: 10.5
Matched with JSON#20: (187, 673, 6, 121.0, 38.9706, 0.336432)
Match with input JSON(nodules) ID: 20
Matched contour: {'x': 187, 'y': 673, 'd': 6, 'a': 121.0, 'p': 38.9706, 'e': 0.336432, 'id': 20, 'tq': 100}
JSON_entry: 20
Matched with first_id: 20 second_id: 21 name: 20230503_19
entry_id:20230503_19, entry saved to results list
created dirs at nodule_detection_path: output/crop1005/nodules-last-detected-on/2023-05-03/19/detection and nodule_images_original_path: output/crop1005/nodules-last-detected-on/2023-05-03/19
Segmented nodule image saved as output/crop1005/nodules-last-detected-on/2023-05-03/19/detection/2023-05-03.jpg
Original nodule image saved as output/crop1005/nodules-last-detected-on/2023-05-03/19/2023-05-03.jpg


@process_contour: max_id: 20230503_26
Moments: {'m00': 1.0, 'm10': 139.5, 'm01': 653.5, 'm20': 19460.333333333332, 'm11': 91163.25, 'm02': 427062.3333333333, 'm30': 2714739.75, 'm21': 12717327.833333334, 'm12': 59575195.5, 'm03': 279085343.75, 'mu20': 0.08333333333212067, 'mu11': 0.0, 'mu02': 0.08333333331393078, 'mu30': 4.656612873077393e-10, 'mu21': 1.4133547665551305e-09, 'mu12': 2.7066562324762344e-09, 'mu03': 5.960464477539063e-08, 'nu20': 0.08333333333212067, 'nu11': 0.0, 'nu02': 0.08333333331393078, 'nu30': 4.656612873077393e-10, 'nu21': 1.4133547665551305e-09, 'nu12': 2.7066562324762344e-09, 'nu03': 5.960464477539063e-08}
Centroid: 139, 653
Processing contour#5: area: 1.0 centroid: 139, 653 rectangle: (139, 653, 2, 2)
@find_dayJSON_match_for_contour: x: 139, y: 653, w: 2, h: 2, area: 1.0
Matched with JSON#19: (139, 653, 2, 18.0, 14.0711, 0.317696)
Match with input JSON(nodules) ID: 19
Matched contour: {'x': 139, 'y': 653, 'd': 2, 'a': 18.0, 'p': 14.0711, 'e': 0.317696, 'id': 19, 'tq': 100}
JSON_entry: 19
Matched with first_id: 19 second_id: 19 name: 20230503_18
entry_id:20230503_18, entry saved to results list
created dirs at nodule_detection_path: output/crop1005/nodules-last-detected-on/2023-05-03/18/detection and nodule_images_original_path: output/crop1005/nodules-last-detected-on/2023-05-03/18
Segmented nodule image saved as output/crop1005/nodules-last-detected-on/2023-05-03/18/detection/2023-05-03.jpg
Original nodule image saved as output/crop1005/nodules-last-detected-on/2023-05-03/18/2023-05-03.jpg


@process_contour: max_id: 20230503_27
Moments: {'m00': 0.0, 'm10': 0.0, 'm01': 0.0, 'm20': 0.0, 'm11': 0.0, 'm02': 0.0, 'm30': 0.0, 'm21': 0.0, 'm12': 0.0, 'm03': 0.0, 'mu20': 0.0, 'mu11': 0.0, 'mu02': 0.0, 'mu30': 0.0, 'mu21': 0.0, 'mu12': 0.0, 'mu03': 0.0, 'nu20': 0.0, 'nu11': 0.0, 'nu02': 0.0, 'nu30': 0.0, 'nu21': 0.0, 'nu12': 0.0, 'nu03': 0.0}
Skipping contour#6 because area is 0.


@process_contour: max_id: 20230503_28
Moments: {'m00': 70.0, 'm10': 10524.833333333332, 'm01': 45682.166666666664, 'm20': 1582857.8333333333, 'm11': 6868627.333333333, 'm02': 29812706.833333332, 'm30': 238110242.35000002, 'm21': 1033005732.3, 'm12': 4482607774.7, 'm03': 19456386492.15, 'mu20': 399.023412698647, 'mu11': 96.04087301623076, 'mu02': 416.09960317611694, 'mu30': 39.549657970666885, 'mu21': 61.15234892920125, 'mu12': -15.967099751738715, 'mu03': -65.10213851928711, 'nu20': 0.08143334953033611, 'nu11': 0.019600178166577706, 'nu02': 0.08491828636247284, 'nu30': 0.0009647118917536958, 'nu21': 0.0014916538156771592, 'nu12': -0.00038947621288518787, 'nu03': -0.0015879987446347466}
Centroid: 150, 652
Processing contour#7: area: 70.0 centroid: 150, 652 rectangle: (146, 648, 10, 10)
@find_dayJSON_match_for_contour: x: 146, y: 648, w: 10, h: 10, area: 70.0
Matched with JSON#17: (150, 652, 10, 343.0, 68.5269, 0.561607)
Match with input JSON(nodules) ID: 17
Matched contour: {'x': 150, 'y': 652, 'd': 10, 'a': 343.0, 'p': 68.5269, 'e': 0.561607, 'id': 17, 'tq': 100}
JSON_entry: 17
Matched with first_id: 17 second_id: 17 name: 20230503_16
entry_id:20230503_16, entry saved to results list
created dirs at nodule_detection_path: output/crop1005/nodules-last-detected-on/2023-05-03/16/detection and nodule_images_original_path: output/crop1005/nodules-last-detected-on/2023-05-03/16
Segmented nodule image saved as output/crop1005/nodules-last-detected-on/2023-05-03/16/detection/2023-05-03.jpg
Original nodule image saved as output/crop1005/nodules-last-detected-on/2023-05-03/16/2023-05-03.jpg


@process_contour: max_id: 20230503_29
Moments: {'m00': 37.0, 'm10': 6313.0, 'm01': 23583.0, 'm20': 1077238.1666666665, 'm11': 4023770.25, 'm02': 15031411.5, 'm30': 183835561.5, 'm21': 686608495.0, 'm12': 2564684509.0, 'm03': 9580846102.5, 'mu20': 103.8693693690002, 'mu11': 0.5472972970455885, 'mu02': 117.20270270109177, 'mu30': -6.089846462011337, 'mu21': -7.558801976920222, 'mu12': 5.93718039828309, 'mu03': 10.9547119140625, 'nu20': 0.0758724392761141, 'nu11': 0.0003997788875424314, 'nu02': 0.0856119084741357, 'nu30': -0.0007313108774286173, 'nu21': -0.0009077132142055642, 'nu12': 0.0007129776807355428, 'nu03': 0.0013155175638376972}
Centroid: 170, 637
Processing contour#8: area: 37.0 centroid: 170, 637 rectangle: (167, 634, 8, 8)
@find_dayJSON_match_for_contour: x: 167, y: 634, w: 8, h: 8, area: 37.0
Matched with JSON#16: (170, 637, 6, 134.0, 40.3848, 0.271446)
Match with input JSON(nodules) ID: 16
Matched contour: {'x': 170, 'y': 637, 'd': 6, 'a': 134.0, 'p': 40.3848, 'e': 0.271446, 'id': 16, 'tq': 100}
JSON_entry: 16
Matched with first_id: 16 second_id: 15 name: 20230503_15
entry_id:20230503_15, entry saved to results list
created dirs at nodule_detection_path: output/crop1005/nodules-last-detected-on/2023-05-03/15/detection and nodule_images_original_path: output/crop1005/nodules-last-detected-on/2023-05-03/15
Segmented nodule image saved as output/crop1005/nodules-last-detected-on/2023-05-03/15/detection/2023-05-03.jpg
Original nodule image saved as output/crop1005/nodules-last-detected-on/2023-05-03/15/2023-05-03.jpg


@process_contour: max_id: 20230503_30
Moments: {'m00': 39.0, 'm10': 5178.0, 'm01': 24367.833333333332, 'm20': 687581.5, 'm11': 3235286.5, 'm02': 15225566.666666666, 'm30': 91316868.0, 'm21': 429608899.45, 'm12': 2021471783.9166667, 'm03': 9513367116.85, 'mu20': 102.42307692300528, 'mu11': -11.987179487012327, 'mu02': 148.68304843455553, 'mu30': 3.8875739872455597, 'mu21': -4.546219609372201, 'mu12': -10.873493349325145, 'mu03': 11.558300018310547, 'nu20': 0.06733930106706461, 'nu11': -0.007881117348463067, 'nu02': 0.09775348352041782, 'nu30': 0.0004092768214058598, 'nu21': -0.000478617851966637, 'nu12': -0.0011447418904926552, 'nu03': 0.0012168371091764447}
Centroid: 132, 624
Processing contour#9: area: 39.0 centroid: 132, 624 rectangle: (129, 621, 8, 9)
@find_dayJSON_match_for_contour: x: 129, y: 621, w: 8, h: 9, area: 39.0
Matched with JSON#15: (132, 624, 6, 139.0, 41.799, 0.267569)
Match with input JSON(nodules) ID: 15
Matched contour: {'x': 132, 'y': 624, 'd': 6, 'a': 139.0, 'p': 41.799, 'e': 0.267569, 'id': 15, 'tq': 100}
JSON_entry: 15
Matched with first_id: 15 second_id: 18 name: 20230503_14
entry_id:20230503_14, entry saved to results list
created dirs at nodule_detection_path: output/crop1005/nodules-last-detected-on/2023-05-03/14/detection and nodule_images_original_path: output/crop1005/nodules-last-detected-on/2023-05-03/14
Segmented nodule image saved as output/crop1005/nodules-last-detected-on/2023-05-03/14/detection/2023-05-03.jpg
Original nodule image saved as output/crop1005/nodules-last-detected-on/2023-05-03/14/2023-05-03.jpg


@process_contour: max_id: 20230503_31
Moments: {'m00': 125.5, 'm10': 27262.666666666664, 'm01': 78012.16666666666, 'm20': 5923315.75, 'm11': 16946547.958333332, 'm02': 48494942.58333333, 'm30': 1287162470.3, 'm21': 3681900472.4333334, 'm12': 10534396530.1, 'm03': 30147136159.050003, 'mu20': 981.1382248792797, 'mu11': -222.5259517468512, 'mu02': 1730.2484506517649, 'mu30': 81.9141492843628, 'mu21': -421.64313917048275, 'mu12': 233.64354818931315, 'mu03': 667.7157936096191, 'nu20': 0.062293501682784705, 'nu11': -0.014128407596504895, 'nu02': 0.1098553007508938, 'nu30': 0.00046424753956226313, 'nu21': -0.0023896578508515753, 'nu12': 0.0013241722379968859, 'nu03': 0.0037842719117307006}
Centroid: 217, 621
Processing contour#10: area: 125.5 centroid: 217, 621 rectangle: (212, 615, 12, 15)
@find_dayJSON_match_for_contour: x: 212, y: 615, w: 12, h: 15, area: 125.5
Matched with JSON#14: (217, 621, 12, 494.0, 84.1838, 0.725846)
Match with input JSON(nodules) ID: 14
Matched contour: {'x': 217, 'y': 621, 'd': 12, 'a': 494.0, 'p': 84.1838, 'e': 0.725846, 'id': 14, 'tq': 100}
JSON_entry: 14
WARNING: match is empty
entry_id:20230503_31, entry saved to results list
created dirs at nodule_detection_path: output/crop1005/nodules-last-detected-on/2023-05-03/31/detection and nodule_images_original_path: output/crop1005/nodules-last-detected-on/2023-05-03/31
Segmented nodule image saved as output/crop1005/nodules-last-detected-on/2023-05-03/31/detection/2023-05-03.jpg
Original nodule image saved as output/crop1005/nodules-last-detected-on/2023-05-03/31/2023-05-03.jpg


@process_contour: max_id: 20230503_32
Moments: {'m00': 10.0, 'm10': 2691.1666666666665, 'm01': 4169.5, 'm20': 724246.1666666666, 'm11': 1122077.5833333333, 'm02': 1738488.8333333333, 'm30': 194911217.65, 'm21': 301972090.3333333, 'm12': 467852686.96666664, 'm03': 724876114.75, 'mu20': 8.36388888885267, 'mu11': -4.3583333333954215, 'mu02': 15.808333333116025, 'mu30': 1.7067593038082123, 'mu21': -3.05805552535503, 'mu12': 1.5169444822631704, 'mu03': 13.12250018119812, 'nu20': 0.08363888888852672, 'nu11': -0.04358333333395422, 'nu02': 0.1580833333311603, 'nu30': 0.005397246817717247, 'nu21': -0.00967042067138469, 'nu12': 0.004796999647976512, 'nu03': 0.04149698916855833}
Centroid: 269, 416
Processing contour#11: area: 10.0 centroid: 269, 416 rectangle: (267, 415, 5, 6)
@find_dayJSON_match_for_contour: x: 267, y: 415, w: 5, h: 6, area: 10.0
Matched with JSON#13: (269, 417, 4, 66.0, 28.1421, 0.610359)
Match with input JSON(nodules) ID: 13
Matched contour: {'x': 269, 'y': 417, 'd': 4, 'a': 66.0, 'p': 28.1421, 'e': 0.610359, 'id': 13, 'tq': 100}
JSON_entry: 13
Matched with first_id: 13 second_id: 14 name: 20230503_13
entry_id:20230503_13, entry saved to results list
created dirs at nodule_detection_path: output/crop1005/nodules-last-detected-on/2023-05-03/13/detection and nodule_images_original_path: output/crop1005/nodules-last-detected-on/2023-05-03/13
Segmented nodule image saved as output/crop1005/nodules-last-detected-on/2023-05-03/13/detection/2023-05-03.jpg
Original nodule image saved as output/crop1005/nodules-last-detected-on/2023-05-03/13/2023-05-03.jpg


@process_contour: max_id: 20230503_33
Moments: {'m00': 27.0, 'm10': 3237.333333333333, 'm01': 10508.0, 'm20': 388227.5, 'm11': 1259922.6666666665, 'm02': 4089609.833333333, 'm30': 46565080.6, 'm21': 151092503.0, 'm12': 490349649.8666667, 'm03': 1591655967.0, 'mu20': 67.23662551451707, 'mu11': 0.4938271604478359, 'mu02': 51.9074074071832, 'mu30': 0.5479753911495209, 'mu21': -6.902453850081656, 'mu12': -2.431458463545823, 'mu03': 3.491084098815918, 'nu20': 0.09223131071950215, 'nu11': 0.0006774035122741233, 'nu02': 0.07120357669023758, 'nu30': 0.00014466106062618487, 'nu21': -0.001822191855698954, 'nu12': -0.0006418853216513831, 'nu03': 0.0009216178985893882}
Centroid: 119, 389
Processing contour#12: area: 27.0 centroid: 119, 389 rectangle: (117, 386, 7, 7)
@find_dayJSON_match_for_contour: x: 117, y: 386, w: 7, h: 7, area: 27.0
Matched with JSON#12: (119, 389, 6, 146.0, 42.9706, 0.413228)
Match with input JSON(nodules) ID: 12
Matched contour: {'x': 119, 'y': 389, 'd': 6, 'a': 146.0, 'p': 42.9706, 'e': 0.413228, 'id': 12, 'tq': 100}
JSON_entry: 12
Matched with first_id: 12 second_id: 11 name: 20230503_12
entry_id:20230503_12, entry saved to results list
created dirs at nodule_detection_path: output/crop1005/nodules-last-detected-on/2023-05-03/12/detection and nodule_images_original_path: output/crop1005/nodules-last-detected-on/2023-05-03/12
Segmented nodule image saved as output/crop1005/nodules-last-detected-on/2023-05-03/12/detection/2023-05-03.jpg
Original nodule image saved as output/crop1005/nodules-last-detected-on/2023-05-03/12/2023-05-03.jpg


@process_contour: max_id: 20230503_34
Moments: {'m00': 27.5, 'm10': 7080.166666666666, 'm01': 10572.666666666666, 'm20': 1822943.25, 'm11': 2722047.458333333, 'm02': 4064820.4166666665, 'm30': 469376885.05, 'm21': 700851044.4333333, 'm12': 1046532886.2666667, 'm03': 1562799139.3000002, 'mu20': 79.24898989940993, 'mu11': 2.2906565656885505, 'mu02': 46.58232323266566, 'mu30': 4.104970753192902, 'mu21': -1.7834129814436892, 'mu12': -3.0702815981185267, 'mu03': 0.24436497688293457, 'nu20': 0.10479205275955032, 'nu11': 0.0030289673595881657, 'nu02': 0.06159646047294632, 'nu30': 0.0010350905237994665, 'nu21': -0.00044969720568105816, 'nu12': -0.0007741880706790572, 'nu03': 6.161794739298964e-05}
Centroid: 257, 384
Processing contour#13: area: 27.5 centroid: 257, 384 rectangle: (254, 382, 8, 6)
@find_dayJSON_match_for_contour: x: 254, y: 382, w: 8, h: 6, area: 27.5
Matched with JSON#11: (257, 384, 5, 98.0, 34.1421, 0.220176)
Match with input JSON(nodules) ID: 11
Matched contour: {'x': 257, 'y': 384, 'd': 5, 'a': 98.0, 'p': 34.1421, 'e': 0.220176, 'id': 11, 'tq': 100}
JSON_entry: 11
Matched with first_id: 11 second_id: 12 name: 20230503_11
entry_id:20230503_11, entry saved to results list
created dirs at nodule_detection_path: output/crop1005/nodules-last-detected-on/2023-05-03/11/detection and nodule_images_original_path: output/crop1005/nodules-last-detected-on/2023-05-03/11
Segmented nodule image saved as output/crop1005/nodules-last-detected-on/2023-05-03/11/detection/2023-05-03.jpg
Original nodule image saved as output/crop1005/nodules-last-detected-on/2023-05-03/11/2023-05-03.jpg


@process_contour: max_id: 20230503_35
Moments: {'m00': 6.0, 'm10': 179.0, 'm01': 1627.8333333333333, 'm20': 5342.666666666666, 'm11': 48563.916666666664, 'm02': 441644.5, 'm30': 159538.5, 'm21': 1449507.6166666667, 'm12': 13175847.583333334, 'm03': 119822925.85000001, 'mu20': 2.5, 'mu11': 0.22222222221898846, 'mu02': 4.2731481482042, 'mu30': -0.22222222218988463, 'mu21': -0.7907407403820343, 'mu12': -0.5802469127229415, 'mu03': 0.7617798149585724, 'nu20': 0.06944444444444445, 'nu11': 0.006172839506083013, 'nu02': 0.11869855967233889, 'nu30': -0.0025200511753361425, 'nu21': -0.008967182096141524, 'nu12': -0.006580133615724311, 'nu03': 0.008638758532408752}
Centroid: 29, 271
Processing contour#14: area: 6.0 centroid: 29, 271 rectangle: (28, 270, 4, 4)
@find_dayJSON_match_for_contour: x: 28, y: 270, w: 4, h: 4, area: 6.0
Matched with JSON#10: (29, 271, 3, 32.0, 19.0711, 0.535568)
Match with input JSON(nodules) ID: 10
Matched contour: {'x': 29, 'y': 271, 'd': 3, 'a': 32.0, 'p': 19.0711, 'e': 0.535568, 'id': 10, 'tq': 100}
JSON_entry: 10
Matched with first_id: 10 second_id: 9 name: 20230503_10
entry_id:20230503_10, entry saved to results list
created dirs at nodule_detection_path: output/crop1005/nodules-last-detected-on/2023-05-03/10/detection and nodule_images_original_path: output/crop1005/nodules-last-detected-on/2023-05-03/10
Segmented nodule image saved as output/crop1005/nodules-last-detected-on/2023-05-03/10/detection/2023-05-03.jpg
Original nodule image saved as output/crop1005/nodules-last-detected-on/2023-05-03/10/2023-05-03.jpg


@process_contour: max_id: 20230503_36
Moments: {'m00': 2.0, 'm10': 256.0, 'm01': 445.0, 'm20': 32768.666666666664, 'm11': 56960.0, 'm02': 99012.66666666666, 'm30': 4194560.0, 'm21': 7291028.333333333, 'm12': 12673621.333333334, 'm03': 22030392.5, 'mu20': 0.6666666666642413, 'mu11': 0.0, 'mu02': 0.1666666666569654, 'mu30': 9.313225746154785e-10, 'mu21': 2.2919266484677792e-10, 'mu12': 1.862645149230957e-09, 'mu03': 7.450580596923828e-09, 'nu20': 0.16666666666606034, 'nu11': 0.0, 'nu02': 0.04166666666424135, 'nu30': 1.6463612699567982e-10, 'nu21': 4.051592187784308e-11, 'nu12': 3.2927225399135965e-10, 'nu03': 1.3170890159654386e-09}
Centroid: 128, 222
Processing contour#15: area: 2.0 centroid: 128, 222 rectangle: (127, 222, 3, 2)
@find_dayJSON_match_for_contour: x: 127, y: 222, w: 3, h: 2, area: 2.0
Matched with JSON#9: (127, 222, 1, 12.0, 11.2426, 0.866359)
Match with input JSON(nodules) ID: 9
Matched contour: {'x': 127, 'y': 222, 'd': 1, 'a': 12.0, 'p': 11.2426, 'e': 0.866359, 'id': 9, 'tq': 100}
JSON_entry: 9
Matched with first_id: 9 second_id: 8 name: 20230510_27
entry_id:20230510_27, entry saved to results list
created dirs at nodule_detection_path: output/crop1005/nodules-last-detected-on/2023-05-10/27/detection and nodule_images_original_path: output/crop1005/nodules-last-detected-on/2023-05-10/27
Segmented nodule image saved as output/crop1005/nodules-last-detected-on/2023-05-10/27/detection/2023-05-03.jpg
Original nodule image saved as output/crop1005/nodules-last-detected-on/2023-05-10/27/2023-05-03.jpg


@process_contour: max_id: 20230503_37
Moments: {'m00': 11.0, 'm10': 1775.5, 'm01': 1622.5, 'm20': 286589.3333333333, 'm11': 261886.25, 'm02': 239332.3333333333, 'm30': 46260543.75, 'm21': 42271926.666666664, 'm12': 38630412.166666664, 'm03': 35305526.25, 'mu20': 7.492424242431298, 'mu11': 0.0, 'mu02': 13.58333333331393, 'mu30': 1.3016528934240341, 'mu21': -8.149072527885437e-10, 'mu12': -2.1818181811700015, 'mu03': 7.450580596923828e-09, 'nu20': 0.06192086150769668, 'nu11': 0.0, 'nu02': 0.11225895316788373, 'nu30': 0.003243496810494355, 'nu21': -2.0306097644169033e-12, 'nu12': -0.005436718458089073, 'nu03': 1.8565574988954546e-11}
Centroid: 161, 147
Processing contour#16: area: 11.0 centroid: 161, 147 rectangle: (160, 145, 4, 6)
@find_dayJSON_match_for_contour: x: 160, y: 145, w: 4, h: 6, area: 11.0
Matched with JSON#8: (161, 147, 4, 59.0, 25.8995, 0.52783)
Match with input JSON(nodules) ID: 8
Matched contour: {'x': 161, 'y': 147, 'd': 4, 'a': 59.0, 'p': 25.8995, 'e': 0.52783, 'id': 8, 'tq': 100}
JSON_entry: 8
Matched with first_id: 8 second_id: 7 name: 20230503_8
entry_id:20230503_8, entry saved to results list
created dirs at nodule_detection_path: output/crop1005/nodules-last-detected-on/2023-05-03/8/detection and nodule_images_original_path: output/crop1005/nodules-last-detected-on/2023-05-03/8
Segmented nodule image saved as output/crop1005/nodules-last-detected-on/2023-05-03/8/detection/2023-05-03.jpg
Original nodule image saved as output/crop1005/nodules-last-detected-on/2023-05-03/8/2023-05-03.jpg


@process_contour: max_id: 20230503_38
Moments: {'m00': 14.0, 'm10': 2211.0, 'm01': 1480.8333333333333, 'm20': 349197.3333333333, 'm11': 233864.25, 'm02': 156648.8333333333, 'm30': 55153690.5, 'm21': 36935410.78333333, 'm12': 24738977.25, 'm03': 16572614.350000001, 'mu20': 17.261904761893675, 'mu11': -1.642857142840512, 'mu02': 15.450396825384814, 'mu30': 2.2040816470980644, 'mu21': -2.530725622724276, 'mu12': -1.6717687052564543, 'mu03': 1.9962112698704004, 'nu20': 0.08807094266272282, 'nu11': -0.008381924198165877, 'nu02': 0.07882855523155517, 'nu30': 0.0030054367259174006, 'nu21': -0.0034508411881065486, 'nu12': -0.0022795866344753352, 'nu03': 0.0027219893015568413}
Centroid: 157, 105
Processing contour#17: area: 14.0 centroid: 157, 105 rectangle: (156, 104, 5, 5)
@find_dayJSON_match_for_contour: x: 156, y: 104, w: 5, h: 5, area: 14.0
Matched with JSON#7: (157, 105, 4, 78.0, 30.7279, 0.281002)
Match with input JSON(nodules) ID: 7
Matched contour: {'x': 157, 'y': 105, 'd': 4, 'a': 78.0, 'p': 30.7279, 'e': 0.281002, 'id': 7, 'tq': 100}
JSON_entry: 7
Matched with first_id: 7 second_id: 10 name: 20230531_15
entry_id:20230531_15, entry saved to results list
created dirs at nodule_detection_path: output/crop1005/nodules-last-detected-on/2023-05-31/15/detection and nodule_images_original_path: output/crop1005/nodules-last-detected-on/2023-05-31/15
Segmented nodule image saved as output/crop1005/nodules-last-detected-on/2023-05-31/15/detection/2023-05-03.jpg
Original nodule image saved as output/crop1005/nodules-last-detected-on/2023-05-31/15/2023-05-03.jpg


@process_contour: max_id: 20230503_39
Moments: {'m00': 6.5, 'm10': 1203.5, 'm01': 595.8333333333333, 'm20': 222836.0833333333, 'm11': 110321.70833333333, 'm02': 54622.08333333333, 'm30': 41260228.650000006, 'm21': 20426965.316666666, 'm12': 10113648.383333333, 'm03': 5007761.95, 'mu20': 3.4294871794700157, 'mu11': 0.875, 'mu02': 4.0277777777882875, 'mu30': 0.7934911400079727, 'mu21': 0.32521367634768694, 'mu12': -0.847435897808964, 'mu03': -0.7814814820885658, 'nu20': 0.08117129418863943, 'nu11': 0.020710059171597635, 'nu02': 0.09533201840919024, 'nu30': 0.007366457545313861, 'nu21': 0.003019154996420763, 'nu12': -0.00786725931624384, 'nu03': -0.007254964636651813}
Centroid: 185, 91
Processing contour#18: area: 6.5 centroid: 185, 91 rectangle: (184, 90, 4, 4)
@find_dayJSON_match_for_contour: x: 184, y: 90, w: 4, h: 4, area: 6.5
Matched with JSON#6: (185, 91, 2, 25.0, 17.0711, 0.426094)
Match with input JSON(nodules) ID: 6
Matched contour: {'x': 185, 'y': 91, 'd': 2, 'a': 25.0, 'p': 17.0711, 'e': 0.426094, 'id': 6, 'tq': 100}
JSON_entry: 6
Matched with first_id: 6 second_id: 6 name: 20230503_6
entry_id:20230503_6, entry saved to results list
created dirs at nodule_detection_path: output/crop1005/nodules-last-detected-on/2023-05-03/6/detection and nodule_images_original_path: output/crop1005/nodules-last-detected-on/2023-05-03/6
Segmented nodule image saved as output/crop1005/nodules-last-detected-on/2023-05-03/6/detection/2023-05-03.jpg
Original nodule image saved as output/crop1005/nodules-last-detected-on/2023-05-03/6/2023-05-03.jpg


@process_contour: max_id: 20230503_40
Moments: {'m00': 38.0, 'm10': 5945.833333333333, 'm01': 3284.1666666666665, 'm20': 930529.8333333333, 'm11': 513889.9166666666, 'm02': 283912.8333333333, 'm30': 145658632.85, 'm21': 80427232.23333333, 'm12': 44426850.7, 'm03': 24550671.950000003, 'mu20': 189.46418128651567, 'mu11': 18.66301169595681, 'mu02': 77.2887426900561, 'mu30': -7.8232519924640656, 'mu21': -57.1163063007607, 'mu12': -17.012533338676803, 'mu03': 21.379023041576147, 'nu20': 0.1312078817773654, 'nu11': 0.012924523335150144, 'nu02': 0.05352406003466488, 'nu30': -0.000878877462660381, 'nu21': -0.006416543197956597, 'nu12': -0.0019112169911597139, 'nu03': 0.002401755886559418}
Centroid: 156, 86
Processing contour#19: area: 38.0 centroid: 156, 86 rectangle: (152, 84, 10, 7)
@find_dayJSON_match_for_contour: x: 152, y: 84, w: 10, h: 7, area: 38.0
Matched with JSON#5: (156, 86, 6, 147.0, 43.799, 0.668535)
Match with input JSON(nodules) ID: 5
Matched contour: {'x': 156, 'y': 86, 'd': 6, 'a': 147.0, 'p': 43.799, 'e': 0.668535, 'id': 5, 'tq': 100}
JSON_entry: 5
Matched with first_id: 5 second_id: 5 name: 20230503_5
entry_id:20230503_5, entry saved to results list
created dirs at nodule_detection_path: output/crop1005/nodules-last-detected-on/2023-05-03/5/detection and nodule_images_original_path: output/crop1005/nodules-last-detected-on/2023-05-03/5
Segmented nodule image saved as output/crop1005/nodules-last-detected-on/2023-05-03/5/detection/2023-05-03.jpg
Original nodule image saved as output/crop1005/nodules-last-detected-on/2023-05-03/5/2023-05-03.jpg


@process_contour: max_id: 20230503_41
Moments: {'m00': 0.0, 'm10': 0.0, 'm01': 0.0, 'm20': 0.0, 'm11': 0.0, 'm02': 0.0, 'm30': 0.0, 'm21': 0.0, 'm12': 0.0, 'm03': 0.0, 'mu20': 0.0, 'mu11': 0.0, 'mu02': 0.0, 'mu30': 0.0, 'mu21': 0.0, 'mu12': 0.0, 'mu03': 0.0, 'nu20': 0.0, 'nu11': 0.0, 'nu02': 0.0, 'nu30': 0.0, 'nu21': 0.0, 'nu12': 0.0, 'nu03': 0.0}
Skipping contour#20 because area is 0.


@process_contour: max_id: 20230503_42
Moments: {'m00': 33.5, 'm10': 6123.666666666666, 'm01': 2607.5, 'm20': 1119461.4166666665, 'm11': 476645.125, 'm02': 203061.25, 'm30': 204662176.8, 'm21': 87135859.03333333, 'm12': 37119474.43333333, 'm03': 15821662.850000001, 'mu20': 79.52280265348963, 'mu11': 4.503109452780336, 'mu02': 104.34701492538443, 'mu30': 12.49752813577652, 'mu21': 14.405248616095378, 'mu12': -14.869128250222275, 'mu03': -20.10695032402873, 'nu20': 0.07086014939050089, 'nu11': 0.0040125724685055346, 'nu02': 0.0929801870575936, 'nu30': 0.0019240311792046356, 'nu21': 0.002217730352790266, 'nu12': -0.0022891459855267256, 'nu03': -0.0030955240845910123}
Centroid: 182, 77
Processing contour#21: area: 33.5 centroid: 182, 77 rectangle: (180, 74, 7, 8)
@find_dayJSON_match_for_contour: x: 180, y: 74, w: 7, h: 8, area: 33.5
Matched with JSON#3: (182, 77, 6, 138.0, 42.3848, 0.289204)
Match with input JSON(nodules) ID: 3
Matched contour: {'x': 182, 'y': 77, 'd': 6, 'a': 138.0, 'p': 42.3848, 'e': 0.289204, 'id': 3, 'tq': 100}
JSON_entry: 3
Matched with first_id: 3 second_id: 3 name: 20230510_10
entry_id:20230510_10, entry saved to results list
created dirs at nodule_detection_path: output/crop1005/nodules-last-detected-on/2023-05-10/10/detection and nodule_images_original_path: output/crop1005/nodules-last-detected-on/2023-05-10/10
Segmented nodule image saved as output/crop1005/nodules-last-detected-on/2023-05-10/10/detection/2023-05-03.jpg
Original nodule image saved as output/crop1005/nodules-last-detected-on/2023-05-10/10/2023-05-03.jpg


@process_contour: max_id: 20230503_43
Moments: {'m00': 29.0, 'm10': 4596.5, 'm01': 2073.5, 'm20': 728599.0, 'm11': 328649.75, 'm02': 148341.66666666666, 'm30': 115499980.25, 'm21': 52094828.5, 'm12': 23512154.166666668, 'm03': 10618786.75, 'mu20': 53.75, 'mu11': 0.0, 'mu02': 86.41666666665697, 'mu30': 0.0, 'mu21': 0.0, 'mu12': 2.7794158086180687e-09, 'mu03': 1.862645149230957e-09, 'nu20': 0.06391200951248513, 'nu11': 0.0, 'nu02': 0.10275465715416998, 'nu30': 0.0, 'nu21': 0.0, 'nu12': 6.137033989488421e-13, 'nu03': 4.112776704997476e-13}
Centroid: 158, 71
Processing contour#22: area: 29.0 centroid: 158, 71 rectangle: (156, 68, 6, 8)
@find_dayJSON_match_for_contour: x: 156, y: 68, w: 6, h: 8, area: 29.0
Matched with JSON#2: (158, 71, 6, 138.0, 40.9706, 0.258439)
Match with input JSON(nodules) ID: 2
Matched contour: {'x': 158, 'y': 71, 'd': 6, 'a': 138.0, 'p': 40.9706, 'e': 0.258439, 'id': 2, 'tq': 100}
JSON_entry: 2
Matched with first_id: 2 second_id: 2 name: 20230505_3
entry_id:20230505_3, entry saved to results list
created dirs at nodule_detection_path: output/crop1005/nodules-last-detected-on/2023-05-05/3/detection and nodule_images_original_path: output/crop1005/nodules-last-detected-on/2023-05-05/3
Segmented nodule image saved as output/crop1005/nodules-last-detected-on/2023-05-05/3/detection/2023-05-03.jpg
Original nodule image saved as output/crop1005/nodules-last-detected-on/2023-05-05/3/2023-05-03.jpg


@process_contour: max_id: 20230503_44
Moments: {'m00': 29.5, 'm10': 3697.333333333333, 'm01': 1738.6666666666665, 'm20': 463475.0833333333, 'm11': 217914.7083333333, 'm02': 102540.08333333333, 'm30': 58107934.7, 'm21': 27316678.016666666, 'm12': 12851896.65, 'm03': 6051370.300000001, 'mu20': 75.97222222224809, 'mu11': 1.8194444444670808, 'mu02': 66.80273069681425, 'mu30': 13.885185189545155, 'mu21': -4.437821724888636, 'mu12': -8.262743253066219, 'mu03': 3.511827167123556, 'nu20': 0.08729930735104637, 'nu11': 0.002090714673331894, 'nu02': 0.07676268968321086, 'nu30': 0.0029376269003879322, 'nu21': -0.0009388902128561297, 'nu12': -0.0017481118558996572, 'nu03': 0.0007429816610168845}
Centroid: 125, 58
Processing contour#23: area: 29.5 centroid: 125, 58 rectangle: (122, 56, 8, 7)
@find_dayJSON_match_for_contour: x: 122, y: 56, w: 8, h: 7, area: 29.5
Matched with JSON#1: (125, 59, 5, 107.0, 36.3848, 0.50841)
Match with input JSON(nodules) ID: 1
Matched contour: {'x': 125, 'y': 59, 'd': 5, 'a': 107.0, 'p': 36.3848, 'e': 0.50841, 'id': 1, 'tq': 100}
JSON_entry: 1
Matched with first_id: 1 second_id: 1 name: 20230503_1
entry_id:20230503_1, entry saved to results list
created dirs at nodule_detection_path: output/crop1005/nodules-last-detected-on/2023-05-03/1/detection and nodule_images_original_path: output/crop1005/nodules-last-detected-on/2023-05-03/1
Segmented nodule image saved as output/crop1005/nodules-last-detected-on/2023-05-03/1/detection/2023-05-03.jpg
Original nodule image saved as output/crop1005/nodules-last-detected-on/2023-05-03/1/2023-05-03.jpg


@process_contour: max_id: 20230503_45
Moments: {'m00': 4.5, 'm10': 383.66666666666663, 'm01': 255.66666666666666, 'm20': 32714.25, 'm11': 21797.208333333332, 'm02': 14526.916666666666, 'm30': 2789724.8000000003, 'm21': 1858527.1833333333, 'm12': 1238469.5166666666, 'm03': 825487.8, 'mu20': 3.1141975308710244, 'mu11': -0.7422839506143646, 'mu02': 1.2623456790133787, 'mu30': 1.0494284401647747, 'mu21': -0.2990626432799104, 'mu12': -0.29220393252438726, 'mu03': 0.27988111576996744, 'nu20': 0.15378753238869255, 'nu11': -0.03665599756120319, 'nu02': 0.062338058222882894, 'nu30': 0.024429891898289157, 'nu21': -0.0069619497304624885, 'nu12': -0.006802284186909319, 'nu03': 0.006515418432493864}
Centroid: 85, 56
Processing contour#24: area: 4.5 centroid: 85, 56 rectangle: (84, 56, 4, 3)
@find_dayJSON_match_for_contour: x: 84, y: 56, w: 4, h: 3, area: 4.5
Matched with JSON#0: (85, 56, 2, 28.0, 17.0711, 0.380255)
Match with input JSON(nodules) ID: 0
Matched contour: {'x': 85, 'y': 56, 'd': 2, 'a': 28.0, 'p': 17.0711, 'e': 0.380255, 'id': 0, 'tq': 100}
JSON_entry: 0
Matched with first_id: 0 second_id: 0 name: 20230515_5
entry_id:20230515_5, entry saved to results list
created dirs at nodule_detection_path: output/crop1005/nodules-last-detected-on/2023-05-15/5/detection and nodule_images_original_path: output/crop1005/nodules-last-detected-on/2023-05-15/5
Segmented nodule image saved as output/crop1005/nodules-last-detected-on/2023-05-15/5/detection/2023-05-03.jpg
Original nodule image saved as output/crop1005/nodules-last-detected-on/2023-05-15/5/2023-05-03.jpg


Done analyzing contours, found 21 nodules.


results_entry: {'date': '20230503', 'json': 'output/crop1005/20230503/20230503.json', 'log': 'output/crop1005/20230503/crop1005_20230503.log', 'image': 'data/crop1005/20230503.jpg', 'plot': 'output/crop1005/plots/20230501_20230503.png', 'match_stats': {'i_dict': {0: 16, 1: 1, 3: 2, 5: 1, 12: 2}, 'average_tracking_quality': 53.3636, 'distance_threshold': 20, 'lengths': {'matching': 22, 'unmatched_current': 2, 'unmatched_previous': 0}, 'averages': {'tq': -188.8182, 'i': 1.6364, 'dx': -8.0, 'dy': 32.7727, 'dd': 0.5, 'da': 29.3636, 'dp': 6.7918, 'de': 0.0086}}}
