Current memory usage: 2128.73046875 MB
@analyze_image: file_name: data/crop990/20230503.jpg, output_dir: output/crop990, external_logger: <Logger data_crop990.log (DEBUG)>
Loaded image & JSON file: data/crop990/20230503.jpg
Scaled JSON data: scalar_position: 0.5, scalar_size: 0.5

@find_prev_next_date: image_output_dir: output/crop990/20230503
data_dir: data/crop990
Previous date file: data/crop990/20230501.json, Next date file: data/crop990/20230505.json


Loaded prev_results from JSON file: 20230501, length: 34
Scaled JSON data: scalar_position: 0.5, scalar_size: 0.5
Loaded next_results from JSON file: 20230505, length: 41
Scaled JSON data: scalar_position: 0.5, scalar_size: 0.5
prev_results is not empty, generating matching
Current memory usage: 2129.98046875 MB
current_date:20230503, generating Matching: 20230501_20230503_matching.json
spatial_distances: (18, 34), attribute_distances: (18, 34)
combined_distances: (18, 34)
Current memory usage: 2129.99609375 MB

@find_matching: combined_distances: (18, 34), next_matching: [{'id': '20230510_7', 'p': {'id': 0, 'tq': 91.0, 'dx': -2, 'dy': 0, 'dd': 0, 'da': 1.0, 'dp': -1.07, 'de': -0.06}, 'c': {'id': 2}, 'n': {'id': 6, 'dx': 0, 'dy': -1, 'dd': 0, 'da': 0.0, 'dp': -0.34, 'de': -0.12}, 'i': 2}, {'id': '20230522_10', 'p': {'id': 1, 'tq': 74.0, 'dx': -1, 'dy': 3, 'dd': 0, 'da': 10.0, 'dp': 2.0, 'de': -0.07}, 'c': {'id': 4}, 'n': {'id': 9, 'dx': 0, 'dy': -1, 'dd': 1, 'da': 46.0, 'dp': 7.07, 'de': -0.25}, 'i': 7}, {'id': '20230505_2', 'p': {'id': 2, 'tq': -22.0, 'dx': -1, 'dy': 1, 'dd': 2, 'da': 77.0, 'dp': 13.31, 'de': 0.18}, 'c': {'id': 5}, 'n': {}, 'i': 0}, {'id': '20230505_3', 'p': {'id': 3, 'tq': 20.0, 'dx': -7, 'dy': 0, 'dd': -2, 'da': -35.0, 'dp': -11.86, 'de': 0.38}, 'c': {'id': 6}, 'n': {}, 'i': 0}, {'id': '20230505_4', 'p': {'id': 4, 'tq': -10.0, 'dx': -1, 'dy': -1, 'dd': 2, 'da': 69.0, 'dp': 11.9, 'de': -0.07}, 'c': {'id': 8}, 'n': {}, 'i': 0}, {'id': '20230522_14', 'p': {'id': 5, 'tq': 34.0, 'dx': -1, 'dy': 2, 'dd': 1, 'da': 38.0, 'dp': 6.24, 'de': -0.04}, 'c': {'id': 9}, 'n': {'id': 13, 'dx': 0, 'dy': 0, 'dd': 1, 'da': 43.0, 'dp': 5.41, 'de': 0.11}, 'i': 7}, {'id': '20230512_19', 'p': {'id': 6, 'tq': 35.0, 'dx': 0, 'dy': 2, 'dd': 1, 'da': 38.0, 'dp': 6.49, 'de': -0.12}, 'c': {'id': 11}, 'n': {'id': 16, 'dx': 0, 'dy': 1, 'dd': 1, 'da': 33.0, 'dp': 4.83, 'de': 0.04}, 'i': 3}, {'id': '20230522_37', 'p': {'id': 8, 'tq': 31.0, 'dx': 11, 'dy': -12, 'dd': 0, 'da': -8.0, 'dp': -2.24, 'de': -0.05}, 'c': {'id': 20}, 'n': {'id': 33, 'dx': 0, 'dy': 0, 'dd': 2, 'da': 57.0, 'dp': 9.66, 'de': -0.01}, 'i': 7}, {'id': '20230508_21', 'p': {'id': 7, 'tq': -2.0, 'dx': 11, 'dy': 19, 'dd': 1, 'da': 16.0, 'dp': 4.83, 'de': 0.11}, 'c': {'id': 22}, 'n': {'id': 35, 'dx': -1, 'dy': 0, 'dd': 1, 'da': 28.0, 'dp': 5.41, 'de': -0.09}, 'i': 1}, {'id': '20230508_25', 'p': {'id': 9, 'tq': -21.0, 'dx': -1, 'dy': 2, 'dd': -3, 'da': -73.0, 'dp': -18.49, 'de': 0.41}, 'c': {'id': 25}, 'n': {'id': 41, 'dx': -18, 'dy': -7, 'dd': 0, 'da': -1.0, 'dp': 0.83, 'de': 0.11}, 'i': 1}, {'id': '20230505_10', 'p': {'id': 10, 'tq': 79.0, 'dx': 0, 'dy': 2, 'dd': 1, 'da': 9.0, 'dp': 1.41, 'de': -0.16}, 'c': {'id': 28}, 'n': {}, 'i': 0}, {'id': '20230510_54', 'p': {'id': 11, 'tq': 31.0, 'dx': -1, 'dy': 2, 'dd': 2, 'da': 39.0, 'dp': 11.07, 'de': 0.01}, 'c': {'id': 29}, 'n': {'id': 53, 'dx': -8, 'dy': 9, 'dd': -1, 'da': -20.0, 'dp': -4.83, 'de': -0.02}, 'i': 2}, {'id': '20230505_12', 'p': {'id': 12, 'tq': -356.0, 'dx': 15, 'dy': 124, 'dd': 0, 'da': -12.0, 'dp': -2.83, 'de': 0.0}, 'c': {'id': 30}, 'n': {}, 'i': 0}, {'id': '20230505_13', 'p': {'id': 13, 'tq': -453.0, 'dx': -3, 'dy': 154, 'dd': 0, 'da': 8.0, 'dp': 5.24, 'de': -0.34}, 'c': {'id': 32}, 'n': {}, 'i': 0}, {'id': '20230505_14', 'p': {'id': 15, 'tq': -1152.0, 'dx': 38, 'dy': -70, 'dd': -7, 'da': -614.0, 'dp': -209.25, 'de': -0.58}, 'c': {'id': 34}, 'n': {}, 'i': 0}, {'id': '20230505_15', 'p': {'id': 16, 'tq': -152.0, 'dx': 43, 'dy': -45, 'dd': 0, 'da': 15.0, 'dp': -17.55, 'de': -0.31}, 'c': {'id': 36}, 'n': {}, 'i': 0}, {'id': '20230505_16', 'p': {'id': 17, 'tq': -74.0, 'dx': -31, 'dy': -31, 'dd': 1, 'da': 10.0, 'dp': 9.07, 'de': -0.37}, 'c': {'id': 39}, 'n': {}, 'i': 0}, {'id': '20230505_17', 'p': {'id': 14, 'tq': -65.0, 'dx': 26, 'dy': 26, 'dd': 1, 'da': 23.0, 'dp': 7.66, 'de': 0.27}, 'c': {'id': 40}, 'n': {}, 'i': 0}], current_date_string: 20230503, distance_threshold: 20
matched entry: {'id': '20230510_7', 'p': {'id': 0, 'tq': 91.0, 'dx': -2, 'dy': 0, 'dd': 0, 'da': 1.0, 'dp': -1.07, 'de': -0.06}, 'c': {'id': 2}, 'n': {'id': 6, 'dx': 0, 'dy': -1, 'dd': 0, 'da': 0.0, 'dp': -0.34, 'de': -0.12}, 'i': 2}, len(matching): 0
matched entry: {'id': '20230522_10', 'p': {'id': 1, 'tq': 74.0, 'dx': -1, 'dy': 3, 'dd': 0, 'da': 10.0, 'dp': 2.0, 'de': -0.07}, 'c': {'id': 4}, 'n': {'id': 9, 'dx': 0, 'dy': -1, 'dd': 1, 'da': 46.0, 'dp': 7.07, 'de': -0.25}, 'i': 7}, len(matching): 1
tq < 0
matched entry: {'id': '20230505_3', 'p': {'id': 3, 'tq': 20.0, 'dx': -7, 'dy': 0, 'dd': -2, 'da': -35.0, 'dp': -11.86, 'de': 0.38}, 'c': {'id': 6}, 'n': {}, 'i': 0}, len(matching): 3
tq < 0
matched entry: {'id': '20230522_14', 'p': {'id': 5, 'tq': 34.0, 'dx': -1, 'dy': 2, 'dd': 1, 'da': 38.0, 'dp': 6.24, 'de': -0.04}, 'c': {'id': 9}, 'n': {'id': 13, 'dx': 0, 'dy': 0, 'dd': 1, 'da': 43.0, 'dp': 5.41, 'de': 0.11}, 'i': 7}, len(matching): 5
matched entry: {'id': '20230512_19', 'p': {'id': 6, 'tq': 35.0, 'dx': 0, 'dy': 2, 'dd': 1, 'da': 38.0, 'dp': 6.49, 'de': -0.12}, 'c': {'id': 11}, 'n': {'id': 16, 'dx': 0, 'dy': 1, 'dd': 1, 'da': 33.0, 'dp': 4.83, 'de': 0.04}, 'i': 3}, len(matching): 6
tq < 0
matched entry: {'id': '20230522_37', 'p': {'id': 8, 'tq': 31.0, 'dx': 11, 'dy': -12, 'dd': 0, 'da': -8.0, 'dp': -2.24, 'de': -0.05}, 'c': {'id': 20}, 'n': {'id': 33, 'dx': 0, 'dy': 0, 'dd': 2, 'da': 57.0, 'dp': 9.66, 'de': -0.01}, 'i': 7}, len(matching): 8
tq < 0
matched entry: {'id': '20230505_10', 'p': {'id': 10, 'tq': 79.0, 'dx': 0, 'dy': 2, 'dd': 1, 'da': 9.0, 'dp': 1.41, 'de': -0.16}, 'c': {'id': 28}, 'n': {}, 'i': 0}, len(matching): 10
matched entry: {'id': '20230510_54', 'p': {'id': 11, 'tq': 31.0, 'dx': -1, 'dy': 2, 'dd': 2, 'da': 39.0, 'dp': 11.07, 'de': 0.01}, 'c': {'id': 29}, 'n': {'id': 53, 'dx': -8, 'dy': 9, 'dd': -1, 'da': -20.0, 'dp': -4.83, 'de': -0.02}, 'i': 2}, len(matching): 11
tq < 0
tq < 0
tq < 0
tq < 0
tq < 0
tq < 0
i_dict: {0: 10, 1: 2, 3: 2, 4: 1, 8: 3}
tq_average: -150.8333, dx_average: -6.9444, dy_average: 12.1111, dd_average: 0.6667, da_average: 41.6111, dp_average: 14.4011, de_average: 0.0361
average_tracking_quality: 63.1667
@find_matching:
Returning:
Matching(lenght=18): [{'id': '20230510_7', 'p': {'id': 2, 'tq': 85.0, 'dx': 2, 'dy': -2, 'dd': 0, 'da': 3.0, 'dp': 1.66, 'de': 0.05}, 'c': {'id': 0}, 'n': {'id': 2, 'dx': -2, 'dy': 0, 'dd': 0, 'da': 1.0, 'dp': -1.07, 'de': -0.06}, 'i': 3}, {'id': '20230522_10', 'p': {'id': 5, 'tq': 38.0, 'dx': -1, 'dy': -1, 'dd': 2, 'da': 37.0, 'dp': 7.41, 'de': 0.17}, 'c': {'id': 1}, 'n': {'id': 4, 'dx': -1, 'dy': 3, 'dd': 0, 'da': 10.0, 'dp': 2.0, 'de': -0.07}, 'i': 8}, {'id': '20230503_2', 'p': {'id': 4, 'tq': -3.0, 'dx': -16, 'dy': 11, 'dd': -1, 'da': -23.0, 'dp': -3.41, 'de': 0.33}, 'c': {'id': 2}, 'n': {}, 'i': 0}, {'id': '20230505_3', 'p': {'id': 6, 'tq': -8.0, 'dx': 16, 'dy': 10, 'dd': 1, 'da': 27.0, 'dp': 8.24, 'de': -0.08}, 'c': {'id': 3}, 'n': {'id': 6, 'dx': -7, 'dy': 0, 'dd': -2, 'da': -35.0, 'dp': -11.86, 'de': 0.38}, 'i': 1}, {'id': '20230503_4', 'p': {'id': 7, 'tq': 28.0, 'dx': -3, 'dy': 11, 'dd': -1, 'da': -21.0, 'dp': -3.41, 'de': 0.12}, 'c': {'id': 4}, 'n': {}, 'i': 0}, {'id': '20230522_14', 'p': {'id': 9, 'tq': 54.0, 'dx': -1, 'dy': 0, 'dd': 1, 'da': 28.0, 'dp': 5.41, 'de': -0.02}, 'c': {'id': 5}, 'n': {'id': 9, 'dx': -1, 'dy': 2, 'dd': 1, 'da': 38.0, 'dp': 6.24, 'de': -0.04}, 'i': 8}, {'id': '20230512_19', 'p': {'id': 10, 'tq': -43.0, 'dx': 1, 'dy': -1, 'dd': 3, 'da': 89.0, 'dp': 23.66, 'de': -0.19}, 'c': {'id': 6}, 'n': {'id': 11, 'dx': 0, 'dy': 2, 'dd': 1, 'da': 38.0, 'dp': 6.49, 'de': -0.12}, 'i': 4}, {'id': '20230503_7', 'p': {'id': 14, 'tq': -148.0, 'dx': -40, 'dy': -58, 'dd': 0, 'da': 1.0, 'dp': 0.0, 'de': 0.02}, 'c': {'id': 7}, 'n': {}, 'i': 0}, {'id': '20230522_37', 'p': {'id': 12, 'tq': 84.0, 'dx': 2, 'dy': -2, 'dd': 0, 'da': 4.0, 'dp': 1.66, 'de': -0.11}, 'c': {'id': 8}, 'n': {'id': 20, 'dx': 11, 'dy': -12, 'dd': 0, 'da': -8.0, 'dp': -2.24, 'de': -0.05}, 'i': 8}, {'id': '20230503_9', 'p': {'id': 19, 'tq': -215.0, 'dx': 27, 'dy': -79, 'dd': 0, 'da': 15.0, 'dp': 2.0, 'de': -0.54}, 'c': {'id': 9}, 'n': {}, 'i': 0}, {'id': '20230505_10', 'p': {'id': 15, 'tq': -91.0, 'dx': -39, 'dy': -22, 'dd': -1, 'da': -22.0, 'dp': -4.83, 'de': -0.02}, 'c': {'id': 10}, 'n': {'id': 28, 'dx': 0, 'dy': 2, 'dd': 1, 'da': 9.0, 'dp': 1.41, 'de': -0.16}, 'i': 1}, {'id': '20230510_54', 'p': {'id': 16, 'tq': 90.0, 'dx': 1, 'dy': -2, 'dd': 0, 'da': 1.0, 'dp': -0.66, 'de': -0.04}, 'c': {'id': 11}, 'n': {'id': 29, 'dx': -1, 'dy': 2, 'dd': 2, 'da': 39.0, 'dp': 11.07, 'de': 0.01}, 'i': 3}, {'id': '20230503_12', 'p': {'id': 18, 'tq': -115.0, 'dx': -35, 'dy': 29, 'dd': 1, 'da': 37.0, 'dp': 4.0, 'de': -0.51}, 'c': {'id': 12}, 'n': {}, 'i': 0}, {'id': '20230503_13', 'p': {'id': 28, 'tq': -72.0, 'dx': -40, 'dy': 25, 'dd': 1, 'da': 4.0, 'dp': 1.62, 'de': 0.24}, 'c': {'id': 13}, 'n': {}, 'i': 0}, {'id': '20230503_14', 'p': {'id': 33, 'tq': -407.0, 'dx': -100, 'dy': -48, 'dd': 1, 'da': 79.0, 'dp': 4.97, 'de': -0.54}, 'c': {'id': 14}, 'n': {}, 'i': 0}, {'id': '20230503_15', 'p': {'id': 32, 'tq': -965.0, 'dx': 54, 'dy': 74, 'dd': 5, 'da': 456.0, 'dp': 195.01, 'de': 0.71}, 'c': {'id': 15}, 'n': {}, 'i': 0}, {'id': '20230503_16', 'p': {'id': 31, 'tq': -559.0, 'dx': 62, 'dy': 135, 'dd': 3, 'da': 84.0, 'dp': 38.62, 'de': 0.42}, 'c': {'id': 16}, 'n': {}, 'i': 0}, {'id': '20230503_17', 'p': {'id': 30, 'tq': -468.0, 'dx': -15, 'dy': 138, 'dd': -3, 'da': -50.0, 'dp': -22.73, 'de': 0.64}, 'c': {'id': 17}, 'n': {}, 'i': 0}]
Unmatched current(length=0): set()
Unmatched previous(length=16): {0, 1, 3, 8, 11, 13, 17, 20, 21, 22, 23, 24, 25, 26, 27, 29}
Distance threshold: 20



@plot_data: normalized_points: (18, 2), normalized_prev_points: (34, 2), current_points: (18, 2), prev_points: (34, 2), current_data: 18, prev_data: 34, matching: 18, unmatched_current: 0, unmatched_prev: 16, combined_distances: (18, 34), distance_threshold: 20, current_date_string: 20230503, previous_date_string: 20230501, filename: output/crop990/plots/20230501_20230503.png
Plots created
Plotted the normalized points
Drawing lines between the matched points
Plotting the unmatched points
Plotted the original points with diameter as size
Drawing lines between the matched points and add the indices to the plots with color coding
Setting the titles and labels
Done plotting

@process_image: output_dir: output/crop990/20230503, image_name: 20230503, date_string: 20230503
len(json_data) = 18 json_data entries
len(matching) = 18 matching entries, setting max_id_i to 18
crop_dir: output/crop990
nodules_dir: output/crop990/nodules-last-detected-on
Split image into left and right images: (705, 300, 3), (705, 300, 3)
Converted right image to HSV: (705, 300, 3)
Created mask to detect nodules: (705, 300)

Found 18 contours in mask, processing each contour...

@process_contour: max_id: 20230503_18
Moments: {'m00': 8.5, 'm10': 795.8333333333333, 'm01': 5975.833333333333, 'm20': 74525.41666666666, 'm11': 559502.7083333333, 'm02': 4201247.75, 'm30': 6980165.95, 'm21': 52394415.983333334, 'm12': 393353054.15, 'm03': 2953645536.9500003, 'mu20': 13.570261437926092, 'mu11': 0.6658496732125059, 'mu02': 2.5702614383772016, 'mu30': 0.05627322755753994, 'mu21': 0.8176919152538176, 'mu12': 0.1435281122469121, 'mu03': -0.10289669036865234, 'nu20': 0.18782368772216046, 'nu11': 0.009215912432007003, 'nu02': 0.035574552780307286, 'nu30': 0.0002671495891355167, 'nu21': 0.003881882534214477, 'nu12': 0.0006813804340074913, 'nu03': -0.0004884882163064552}
Centroid: 93, 703
Processing contour#1: area: 8.5 centroid: 93, 703 rectangle: (91, 702, 6, 3)
@find_dayJSON_match_for_contour: x: 91, y: 702, w: 6, h: 3, area: 8.5
Closest match: {'x': 132, 'y': 702, 'd': 16, 'a': 903.0, 'p': 271.7756, 'e': 0.997717}
No input JSON(nodules) match, ID:20230503_18 area: 8.5 position: {'x': 91, 'y': 702}
Matched contour: None
JSON_entry: ERROR
WARNING: match is empty
entry_id:20230503_18, entry saved to results list
WARNING: right_nodule_img.shape != (50, 50, 3) != (27, 50, 3)
@process_contour: max_id: 20230503_19
Moments: {'m00': 5.5, 'm10': 472.3333333333333, 'm01': 3866.833333333333, 'm20': 40567.416666666664, 'm11': 332079.4583333333, 'm02': 2718619.9166666665, 'm30': 3484568.2, 'm21': 28521438.733333334, 'm12': 233472484.73333332, 'm03': 1911356998.45, 'mu20': 4.002525252522901, 'mu11': 0.49873737373854965, 'mu02': 1.7297979802824557, 'mu30': 0.1652586478739977, 'mu21': 0.5234312876482363, 'mu12': 0.30166818458360467, 'mu03': -0.11573338508605957, 'nu20': 0.13231488438092234, 'nu11': 0.016487185908712385, 'nu02': 0.05718340430685804, 'nu30': 0.002329471875087331, 'nu21': 0.007378243007573129, 'nu12': 0.004252289127598085, 'nu03': -0.0016313679739905866}
Centroid: 85, 703
Processing contour#2: area: 5.5 centroid: 85, 703 rectangle: (84, 702, 5, 3)
@find_dayJSON_match_for_contour: x: 84, y: 702, w: 5, h: 3, area: 5.5
Closest match: {'x': 132, 'y': 702, 'd': 16, 'a': 903.0, 'p': 271.7756, 'e': 0.997717}
No input JSON(nodules) match, ID:20230503_19 area: 5.5 position: {'x': 84, 'y': 702}
Matched contour: None
JSON_entry: ERROR
WARNING: match is empty
entry_id:20230503_19, entry saved to results list
WARNING: right_nodule_img.shape != (50, 50, 3) != (27, 50, 3)
@process_contour: max_id: 20230503_20
Moments: {'m00': 129.0, 'm10': 17611.5, 'm01': 90648.0, 'm20': 2434067.6666666665, 'm11': 12374989.75, 'm02': 63698232.5, 'm30': 340207363.75, 'm21': 1710263701.05, 'm12': 8695488820.083334, 'm03': 44760731507.4, 'mu20': 29688.34689922491, 'mu11': -570.3430232554674, 'mu02': 93.70930232852697, 'mu30': -205778.5316387415, 'mu21': 5742.478745225817, 'mu12': 287.0212726697846, 'mu03': -33.543212890625, 'nu20': 1.7840482482558087, 'nu11': -0.034273362373383055, 'nu02': 0.005631230234272398, 'nu30': -1.0887440339143442, 'nu21': 0.030382612918632906, 'nu12': 0.0015185874626335307, 'nu03': -0.00017747222036310396}
Centroid: 136, 702
Processing contour#3: area: 129.0 centroid: 136, 702 rectangle: (99, 700, 62, 5)
@find_dayJSON_match_for_contour: x: 99, y: 700, w: 62, h: 5, area: 129.0
Matched with JSON#15: (132, 702, 16, 903.0, 271.7756, 0.997717)
Match with input JSON(nodules) ID: 15
Matched contour: {'x': 132, 'y': 702, 'd': 16, 'a': 903.0, 'p': 271.7756, 'e': 0.997717, 'id': 15, 'tq': 100}
JSON_entry: 15
Matched with first_id: 15 second_id: 32 name: 20230503_15
entry_id:20230503_15, entry saved to results list
WARNING: right_nodule_img.shape != (50, 50, 3) != (28, 50, 3)
@process_contour: max_id: 20230503_21
Moments: {'m00': 37.0, 'm10': 7261.5, 'm01': 24270.0, 'm20': 1425232.0, 'm11': 4763165.583333333, 'm02': 15919940.166666666, 'm30': 279755950.75, 'm21': 934880673.9166666, 'm12': 3124414301.25, 'm03': 10442793471.0, 'mu20': 113.56081081065349, 'mu11': 14.096846846863627, 'mu02': 132.0585585590452, 'mu30': -33.34879469871521, 'mu21': -11.71865117183188, 'mu12': -17.16070090921494, 'mu03': 12.420745849609375, 'nu20': 0.08295165143217934, 'nu11': 0.010297185425028218, 'nu02': 0.09646351976555531, 'nu30': -0.004004753890666946, 'nu21': -0.0014072566729246895, 'nu12': -0.002060775639828386, 'nu03': 0.001491569057160702}
Centroid: 196, 655
Processing contour#4: area: 37.0 centroid: 196, 655 rectangle: (192, 652, 9, 9)
@find_dayJSON_match_for_contour: x: 192, y: 652, w: 9, h: 9, area: 37.0
Matched with JSON#14: (195, 655, 7, 198.0, 49.2132, 0.384287)
Match with input JSON(nodules) ID: 14
Matched contour: {'x': 195, 'y': 655, 'd': 7, 'a': 198.0, 'p': 49.2132, 'e': 0.384287, 'id': 14, 'tq': 100}
JSON_entry: 14
Matched with first_id: 14 second_id: 33 name: 20230503_14
entry_id:20230503_14, entry saved to results list
created dirs at nodule_detection_path: output/crop990/nodules-last-detected-on/2023-05-03/14/detection and nodule_images_original_path: output/crop990/nodules-last-detected-on/2023-05-03/14
Segmented nodule image saved as output/crop990/nodules-last-detected-on/2023-05-03/14/detection/2023-05-03.jpg
Original nodule image saved as output/crop990/nodules-last-detected-on/2023-05-03/14/2023-05-03.jpg


@process_contour: max_id: 20230503_22
Moments: {'m00': 2.5, 'm10': 77.83333333333333, 'm01': 1185.8333333333333, 'm20': 2424.083333333333, 'm11': 36918.70833333333, 'm02': 562480.75, 'm30': 75523.95, 'm21': 1149808.8166666667, 'm12': 17511676.816666666, 'm03': 266803816.95000002, 'mu20': 0.8722222222222626, 'mu11': -0.23611111110949423, 'mu02': 0.4722222222480923, 'mu30': -0.15481481481401715, 'mu21': -0.009259259121449759, 'mu12': 0.1240740749519329, 'mu03': -0.11481481790542603, 'nu20': 0.13955555555556204, 'nu11': -0.03777777777751908, 'nu02': 0.07555555555969479, 'nu30': -0.01566615777118308, 'nu21': -0.0009369711446230678, 'nu12': 0.012555413613649745, 'nu03': -0.011618442678996135}
Centroid: 31, 474
Processing contour#5: area: 2.5 centroid: 31, 474 rectangle: (30, 473, 3, 3)
@find_dayJSON_match_for_contour: x: 30, y: 473, w: 3, h: 3, area: 2.5
Matched with JSON#13: (30, 473, 2, 14.0, 9.8284, 0.892545)
Match with input JSON(nodules) ID: 13
Matched contour: {'x': 30, 'y': 473, 'd': 2, 'a': 14.0, 'p': 9.8284, 'e': 0.892545, 'id': 13, 'tq': 100}
JSON_entry: 13
Matched with first_id: 13 second_id: 28 name: 20230503_13
entry_id:20230503_13, entry saved to results list
created dirs at nodule_detection_path: output/crop990/nodules-last-detected-on/2023-05-03/13/detection and nodule_images_original_path: output/crop990/nodules-last-detected-on/2023-05-03/13
Segmented nodule image saved as output/crop990/nodules-last-detected-on/2023-05-03/13/detection/2023-05-03.jpg
Original nodule image saved as output/crop990/nodules-last-detected-on/2023-05-03/13/2023-05-03.jpg


@process_contour: max_id: 20230503_23
Moments: {'m00': 30.0, 'm10': 4588.0, 'm01': 10684.166666666666, 'm20': 701732.0, 'm11': 1633960.5833333333, 'm02': 3805118.5, 'm30': 107340813.0, 'm21': 249912646.88333333, 'm12': 581926145.5833334, 'm03': 1355201419.15, 'mu20': 73.86666666669771, 'mu11': -4.6388888887595385, 'mu02': 71.25462963012978, 'mu30': 5.782222211360931, 'mu21': 10.987036954677023, 'mu12': -6.1725309171397384, 'mu03': -8.619804620742798, 'nu20': 0.08207407407410856, 'nu11': -0.005154320987510598, 'nu02': 0.0791718107001442, 'nu30': 0.0011729827917295506, 'nu21': 0.0022288325852664707, 'nu12': -0.001252160896376106, 'nu03': -0.001748615345210405}
Centroid: 152, 356
Processing contour#6: area: 30.0 centroid: 152, 356 rectangle: (150, 353, 7, 7)
@find_dayJSON_match_for_contour: x: 150, y: 353, w: 7, h: 7, area: 30.0
Matched with JSON#12: (152, 356, 6, 137.0, 41.5563, 0.295227)
Match with input JSON(nodules) ID: 12
Matched contour: {'x': 152, 'y': 356, 'd': 6, 'a': 137.0, 'p': 41.5563, 'e': 0.295227, 'id': 12, 'tq': 100}
JSON_entry: 12
Matched with first_id: 12 second_id: 18 name: 20230503_12
entry_id:20230503_12, entry saved to results list
created dirs at nodule_detection_path: output/crop990/nodules-last-detected-on/2023-05-03/12/detection and nodule_images_original_path: output/crop990/nodules-last-detected-on/2023-05-03/12
Segmented nodule image saved as output/crop990/nodules-last-detected-on/2023-05-03/12/detection/2023-05-03.jpg
Original nodule image saved as output/crop990/nodules-last-detected-on/2023-05-03/12/2023-05-03.jpg


@process_contour: max_id: 20230503_24
Moments: {'m00': 4.5, 'm10': 385.8333333333333, 'm01': 1353.6666666666665, 'm20': 33084.75, 'm11': 116065.125, 'm02': 407204.25, 'm30': 2837243.95, 'm21': 9952509.933333334, 'm12': 34914440.9, 'm03': 122493830.80000001, 'mu20': 3.1141975308710244, 'mu11': 0.7422839506325545, 'mu02': 1.2623456791043282, 'mu30': -1.0494284415617585, 'mu21': -0.2990626445604221, 'mu12': 0.29220392444619847, 'mu03': 0.279881089925766, 'nu20': 0.15378753238869255, 'nu11': 0.03665599756210145, 'nu02': 0.062338058227374225, 'nu30': -0.024429891930809872, 'nu21': -0.006961949760271822, 'nu12': 0.006802283998855259, 'nu03': 0.006515417830860609}
Centroid: 85, 300
Processing contour#7: area: 4.5 centroid: 85, 300 rectangle: (84, 300, 4, 3)
@find_dayJSON_match_for_contour: x: 84, y: 300, w: 4, h: 3, area: 4.5
Matched with JSON#11: (86, 300, 2, 27.0, 17.0711, 0.483805)
Match with input JSON(nodules) ID: 11
Matched contour: {'x': 86, 'y': 300, 'd': 2, 'a': 27.0, 'p': 17.0711, 'e': 0.483805, 'id': 11, 'tq': 100}
JSON_entry: 11
Matched with first_id: 11 second_id: 16 name: 20230510_54
entry_id:20230510_54, entry saved to results list
created dirs at nodule_detection_path: output/crop990/nodules-last-detected-on/2023-05-10/54/detection and nodule_images_original_path: output/crop990/nodules-last-detected-on/2023-05-10/54
Segmented nodule image saved as output/crop990/nodules-last-detected-on/2023-05-10/54/detection/2023-05-03.jpg
Original nodule image saved as output/crop990/nodules-last-detected-on/2023-05-10/54/2023-05-03.jpg


@process_contour: max_id: 20230503_25
Moments: {'m00': 9.0, 'm10': 1075.5, 'm01': 2515.5, 'm20': 128529.0, 'm11': 300602.25, 'm02': 703089.0, 'm30': 15360828.75, 'm21': 35923855.5, 'm12': 84019135.5, 'm03': 196517148.75, 'mu20': 6.75, 'mu11': 0.0, 'mu02': 6.75, 'mu30': 0.0, 'mu21': 0.0, 'mu12': 0.0, 'mu03': 0.0, 'nu20': 0.08333333333333333, 'nu11': 0.0, 'nu02': 0.08333333333333333, 'nu30': 0.0, 'nu21': 0.0, 'nu12': 0.0, 'nu03': 0.0}
Centroid: 119, 279
Processing contour#8: area: 9.0 centroid: 119, 279 rectangle: (118, 278, 4, 4)
@find_dayJSON_match_for_contour: x: 118, y: 278, w: 4, h: 4, area: 9.0
Matched with JSON#10: (119, 279, 3, 48.0, 23.8995, 0.562514)
Match with input JSON(nodules) ID: 10
Matched contour: {'x': 119, 'y': 279, 'd': 3, 'a': 48.0, 'p': 23.8995, 'e': 0.562514, 'id': 10, 'tq': 100}
JSON_entry: 10
Matched with first_id: 10 second_id: 15 name: 20230505_10
entry_id:20230505_10, entry saved to results list
created dirs at nodule_detection_path: output/crop990/nodules-last-detected-on/2023-05-05/10/detection and nodule_images_original_path: output/crop990/nodules-last-detected-on/2023-05-05/10
Segmented nodule image saved as output/crop990/nodules-last-detected-on/2023-05-05/10/detection/2023-05-03.jpg
Original nodule image saved as output/crop990/nodules-last-detected-on/2023-05-05/10/2023-05-03.jpg


@process_contour: max_id: 20230503_26
Moments: {'m00': 22.5, 'm10': 6077.833333333333, 'm01': 5690.166666666666, 'm20': 1641816.4166666665, 'm11': 1537057.2916666665, 'm02': 1439071.75, 'm30': 443516652.95000005, 'm21': 415206991.68333334, 'm12': 388728453.31666666, 'm03': 363961045.05, 'mu20': 36.059876543236896, 'mu11': -4.247839506017044, 'mu02': 49.674691358348355, 'mu30': -8.217549085617065, 'mu21': -4.3869638681517245, 'mu12': 12.899830762537022, 'mu03': 4.279442071914673, 'nu20': 0.07122938576441856, 'nu11': -0.008390794085959594, 'nu02': 0.09812284712760169, 'nu30': -0.003422047327708173, 'nu21': -0.001826870496951053, 'nu12': 0.005371897499960317, 'nu03': 0.0017820950205103478}
Centroid: 270, 252
Processing contour#9: area: 22.5 centroid: 270, 252 rectangle: (267, 250, 7, 7)
@find_dayJSON_match_for_contour: x: 267, y: 250, w: 7, h: 7, area: 22.5
Matched with JSON#9: (270, 252, 5, 98.0, 34.1421, 0.123947)
Match with input JSON(nodules) ID: 9
Matched contour: {'x': 270, 'y': 252, 'd': 5, 'a': 98.0, 'p': 34.1421, 'e': 0.123947, 'id': 9, 'tq': 100}
JSON_entry: 9
Matched with first_id: 9 second_id: 19 name: 20230503_9
entry_id:20230503_9, entry saved to results list
created dirs at nodule_detection_path: output/crop990/nodules-last-detected-on/2023-05-03/9/detection and nodule_images_original_path: output/crop990/nodules-last-detected-on/2023-05-03/9
Segmented nodule image saved as output/crop990/nodules-last-detected-on/2023-05-03/9/detection/2023-05-03.jpg
Original nodule image saved as output/crop990/nodules-last-detected-on/2023-05-03/9/2023-05-03.jpg


@process_contour: max_id: 20230503_27
Moments: {'m00': 27.5, 'm10': 3410.1666666666665, 'm01': 6043.166666666666, 'm20': 422944.25, 'm11': 749401.2916666666, 'm02': 1328056.25, 'm30': 52463252.050000004, 'm21': 92945606.68333334, 'm12': 164692296.01666665, 'm03': 291869288.55, 'mu20': 62.91565656568855, 'mu11': 11.999747474794276, 'mu02': 61.218686868902296, 'mu30': -2.093927152454853, 'mu21': -9.16161309668496, 'mu12': -1.7344689472574828, 'mu03': 9.607670605182648, 'nu20': 0.0831942566157865, 'nu11': 0.015867434677413916, 'nu02': 0.08095032974400303, 'nu30': -0.000527995029281654, 'nu21': -0.0023101501738397538, 'nu12': -0.00043735570338332457, 'nu03': 0.0024226259813120562}
Centroid: 124, 219
Processing contour#10: area: 27.5 centroid: 124, 219 rectangle: (121, 217, 7, 7)
@find_dayJSON_match_for_contour: x: 121, y: 217, w: 7, h: 7, area: 27.5
Matched with JSON#8: (124, 219, 5, 105.0, 36.3848, 0.432447)
Match with input JSON(nodules) ID: 8
Matched contour: {'x': 124, 'y': 219, 'd': 5, 'a': 105.0, 'p': 36.3848, 'e': 0.432447, 'id': 8, 'tq': 100}
JSON_entry: 8
Matched with first_id: 8 second_id: 12 name: 20230522_37
entry_id:20230522_37, entry saved to results list
created dirs at nodule_detection_path: output/crop990/nodules-last-detected-on/2023-05-22/37/detection and nodule_images_original_path: output/crop990/nodules-last-detected-on/2023-05-22/37
Segmented nodule image saved as output/crop990/nodules-last-detected-on/2023-05-22/37/detection/2023-05-03.jpg
Original nodule image saved as output/crop990/nodules-last-detected-on/2023-05-22/37/2023-05-03.jpg


@process_contour: max_id: 20230503_28
Moments: {'m00': 9.0, 'm10': 1003.5, 'm01': 1813.5, 'm20': 111897.0, 'm11': 202205.25, 'm02': 365427.0, 'm30': 12478020.75, 'm21': 22547245.5, 'm12': 40745110.5, 'm03': 73636260.75, 'mu20': 6.75, 'mu11': 0.0, 'mu02': 6.75, 'mu30': 0.0, 'mu21': 0.0, 'mu12': 0.0, 'mu03': 0.0, 'nu20': 0.08333333333333333, 'nu11': 0.0, 'nu02': 0.08333333333333333, 'nu30': 0.0, 'nu21': 0.0, 'nu12': 0.0, 'nu03': 0.0}
Centroid: 111, 201
Processing contour#11: area: 9.0 centroid: 111, 201 rectangle: (110, 200, 4, 4)
@find_dayJSON_match_for_contour: x: 110, y: 200, w: 4, h: 4, area: 9.0
Matched with JSON#7: (111, 201, 3, 45.0, 21.8995, 0.445612)
Match with input JSON(nodules) ID: 7
Matched contour: {'x': 111, 'y': 201, 'd': 3, 'a': 45.0, 'p': 21.8995, 'e': 0.445612, 'id': 7, 'tq': 100}
JSON_entry: 7
Matched with first_id: 7 second_id: 14 name: 20230503_7
entry_id:20230503_7, entry saved to results list
created dirs at nodule_detection_path: output/crop990/nodules-last-detected-on/2023-05-03/7/detection and nodule_images_original_path: output/crop990/nodules-last-detected-on/2023-05-03/7
Segmented nodule image saved as output/crop990/nodules-last-detected-on/2023-05-03/7/detection/2023-05-03.jpg
Original nodule image saved as output/crop990/nodules-last-detected-on/2023-05-03/7/2023-05-03.jpg


@process_contour: max_id: 20230503_29
Moments: {'m00': 23.5, 'm10': 4739.666666666666, 'm01': 3014.1666666666665, 'm20': 955985.0833333333, 'm11': 607920.9583333333, 'm02': 386645.9166666666, 'm30': 192831433.8, 'm21': 122616892.1, 'm12': 77981782.76666667, 'm03': 49602828.050000004, 'mu20': 51.46158392447978, 'mu11': -0.11731678480282426, 'mu02': 41.631796690344345, 'mu30': 10.190917611122131, 'mu21': -12.5778289257687, 'mu12': -6.841975588609785, 'mu03': 10.85139749199152, 'nu20': 0.09318530362060622, 'nu11': -0.00021243419611194977, 'nu02': 0.07538577943022969, 'nu30': 0.0038066560228100584, 'nu21': -0.004698248976313717, 'nu12': -0.0025557117205889162, 'nu03': 0.00405336783153986}
Centroid: 201, 128
Processing contour#12: area: 23.5 centroid: 201, 128 rectangle: (199, 126, 7, 6)
@find_dayJSON_match_for_contour: x: 199, y: 126, w: 7, h: 6, area: 23.5
Matched with JSON#6: (201, 127, 5, 104.0, 35.3137, 0.287159)
Match with input JSON(nodules) ID: 6
Matched contour: {'x': 201, 'y': 127, 'd': 5, 'a': 104.0, 'p': 35.3137, 'e': 0.287159, 'id': 6, 'tq': 100}
JSON_entry: 6
Matched with first_id: 6 second_id: 10 name: 20230512_19
entry_id:20230512_19, entry saved to results list
created dirs at nodule_detection_path: output/crop990/nodules-last-detected-on/2023-05-12/19/detection and nodule_images_original_path: output/crop990/nodules-last-detected-on/2023-05-12/19
Segmented nodule image saved as output/crop990/nodules-last-detected-on/2023-05-12/19/detection/2023-05-03.jpg
Original nodule image saved as output/crop990/nodules-last-detected-on/2023-05-12/19/2023-05-03.jpg


@process_contour: max_id: 20230503_30
Moments: {'m00': 42.5, 'm10': 11287.833333333332, 'm01': 4649.666666666666, 'm20': 2998149.4166666665, 'm11': 1234922.7916666665, 'm02': 508836.9166666666, 'm30': 796373820.95, 'm21': 328003743.76666665, 'm12': 135142818.73333332, 'm03': 55700522.800000004, 'mu20': 145.14934640564024, 'mu11': -10.44101307168603, 'mu02': 145.149346405291, 'mu30': -8.862358093261719, 'mu21': -13.68110603457717, 'mu12': 13.681105957839463, 'mu03': 8.862358070909977, 'nu20': 0.08035949974014683, 'nu11': -0.005780491665985345, 'nu02': 0.08035949973995349, 'nu30': -0.0007526221039346577, 'nu21': -0.0011618468470288355, 'nu12': 0.0011618468405120042, 'nu03': 0.0007526221020364705}
Centroid: 265, 109
Processing contour#13: area: 42.5 centroid: 265, 109 rectangle: (262, 106, 8, 8)
@find_dayJSON_match_for_contour: x: 262, y: 106, w: 8, h: 8, area: 42.5
Matched with JSON#5: (265, 109, 6, 134.0, 40.9706, 0.363606)
Match with input JSON(nodules) ID: 5
Matched contour: {'x': 265, 'y': 109, 'd': 6, 'a': 134.0, 'p': 40.9706, 'e': 0.363606, 'id': 5, 'tq': 100}
JSON_entry: 5
Matched with first_id: 5 second_id: 9 name: 20230522_14
entry_id:20230522_14, entry saved to results list
created dirs at nodule_detection_path: output/crop990/nodules-last-detected-on/2023-05-22/14/detection and nodule_images_original_path: output/crop990/nodules-last-detected-on/2023-05-22/14
Segmented nodule image saved as output/crop990/nodules-last-detected-on/2023-05-22/14/detection/2023-05-03.jpg
Original nodule image saved as output/crop990/nodules-last-detected-on/2023-05-22/14/2023-05-03.jpg


@process_contour: max_id: 20230503_31
Moments: {'m00': 28.0, 'm10': 2593.6666666666665, 'm01': 2972.6666666666665, 'm20': 240308.66666666666, 'm11': 275352.0, 'm02': 315676.0, 'm30': 22270175.900000002, 'm21': 25511122.133333333, 'm12': 29239481.8, 'm03': 33530796.400000002, 'mu20': 54.85317460322403, 'mu11': -8.94444444437977, 'mu02': 77.88888888893416, 'mu30': -6.962339382618666, 'mu21': 9.087037030602914, 'mu12': 12.47989417161807, 'mu03': -10.674074079841375, 'nu20': 0.06996578393268371, 'nu11': -0.011408730158647663, 'nu02': 0.09934807256241601, 'nu30': -0.0016782633518257985, 'nu21': 0.002190419108729058, 'nu12': 0.0030082631529250955, 'nu03': -0.002572972439061669}
Centroid: 92, 106
Processing contour#14: area: 28.0 centroid: 92, 106 rectangle: (90, 103, 6, 7)
@find_dayJSON_match_for_contour: x: 90, y: 103, w: 6, h: 7, area: 28.0
Matched with JSON#4: (92, 106, 6, 133.0, 40.3848, 0.63933)
Match with input JSON(nodules) ID: 4
Matched contour: {'x': 92, 'y': 106, 'd': 6, 'a': 133.0, 'p': 40.3848, 'e': 0.63933, 'id': 4, 'tq': 100}
JSON_entry: 4
Matched with first_id: 4 second_id: 7 name: 20230503_4
entry_id:20230503_4, entry saved to results list
created dirs at nodule_detection_path: output/crop990/nodules-last-detected-on/2023-05-03/4/detection and nodule_images_original_path: output/crop990/nodules-last-detected-on/2023-05-03/4
Segmented nodule image saved as output/crop990/nodules-last-detected-on/2023-05-03/4/detection/2023-05-03.jpg
Original nodule image saved as output/crop990/nodules-last-detected-on/2023-05-03/4/2023-05-03.jpg


@process_contour: max_id: 20230503_32
Moments: {'m00': 9.5, 'm10': 1859.8333333333333, 'm01': 956.1666666666666, 'm20': 364109.5833333333, 'm11': 187188.04166666666, 'm02': 96249.58333333333, 'm30': 71284947.95, 'm21': 36646311.016666666, 'm12': 18842457.316666666, 'm03': 9689896.05, 'mu20': 6.4225146198878065, 'mu11': -2.5519005847745575, 'mu02': 12.247076023399131, 'mu30': -2.542946547269821, 'mu21': 0.029542414575757903, 'mu12': 4.335800756999106, 'mu03': -5.397958345711231, 'nu20': 0.07116359689626377, 'nu11': -0.02827590675650479, 'nu02': 0.13570167338946404, 'nu30': -0.00914172637690141, 'nu21': 0.00010620304656207422, 'nu12': 0.01558691990116855, 'nu03': -0.01940530690406506}
Centroid: 195, 100
Processing contour#15: area: 9.5 centroid: 195, 100 rectangle: (194, 98, 4, 6)
@find_dayJSON_match_for_contour: x: 194, y: 98, w: 4, h: 6, area: 9.5
Matched with JSON#3: (196, 100, 3, 47.0, 22.4853, 0.440662)
Match with input JSON(nodules) ID: 3
Matched contour: {'x': 196, 'y': 100, 'd': 3, 'a': 47.0, 'p': 22.4853, 'e': 0.440662, 'id': 3, 'tq': 100}
JSON_entry: 3
Matched with first_id: 3 second_id: 6 name: 20230505_3
entry_id:20230505_3, entry saved to results list
created dirs at nodule_detection_path: output/crop990/nodules-last-detected-on/2023-05-05/3/detection and nodule_images_original_path: output/crop990/nodules-last-detected-on/2023-05-05/3
Segmented nodule image saved as output/crop990/nodules-last-detected-on/2023-05-05/3/detection/2023-05-03.jpg
Original nodule image saved as output/crop990/nodules-last-detected-on/2023-05-05/3/2023-05-03.jpg


@process_contour: max_id: 20230503_33
Moments: {'m00': 26.0, 'm10': 2519.5, 'm01': 2467.333333333333, 'm20': 244195.5, 'm11': 239098.5833333333, 'm02': 234210.66666666666, 'm30': 23672445.75, 'm21': 23174395.45, 'm12': 22696774.25, 'm03': 22238720.6, 'mu20': 46.259615384595236, 'mu11': 4.493589743564371, 'mu02': 67.05982905984274, 'mu30': -2.882766269147396, 'mu21': -2.2499506844515054, 'mu12': 6.97945430801974, 'mu03': 1.261845275759697, 'nu20': 0.06843138370502255, 'nu11': 0.006647322105864455, 'nu02': 0.09920093056189756, 'nu30': -0.0008363268923253098, 'nu21': -0.0006527391013108597, 'nu12': 0.0020248278169561836, 'nu03': 0.00036607724648575127}
Centroid: 96, 94
Processing contour#16: area: 26.0 centroid: 96, 94 rectangle: (94, 92, 7, 7)
@find_dayJSON_match_for_contour: x: 94, y: 92, w: 7, h: 7, area: 26.0
Matched with JSON#2: (97, 94, 5, 106.0, 36.1421, 0.554242)
Match with input JSON(nodules) ID: 2
Matched contour: {'x': 97, 'y': 94, 'd': 5, 'a': 106.0, 'p': 36.1421, 'e': 0.554242, 'id': 2, 'tq': 100}
JSON_entry: 2
Matched with first_id: 2 second_id: 4 name: 20230503_2
entry_id:20230503_2, entry saved to results list
created dirs at nodule_detection_path: output/crop990/nodules-last-detected-on/2023-05-03/2/detection and nodule_images_original_path: output/crop990/nodules-last-detected-on/2023-05-03/2
Segmented nodule image saved as output/crop990/nodules-last-detected-on/2023-05-03/2/detection/2023-05-03.jpg
Original nodule image saved as output/crop990/nodules-last-detected-on/2023-05-03/2/2023-05-03.jpg


@process_contour: max_id: 20230503_34
Moments: {'m00': 33.5, 'm10': 8623.166666666666, 'm01': 3016.6666666666665, 'm20': 2219779.583333333, 'm11': 776520.4583333333, 'm02': 271725.75, 'm30': 571444462.5500001, 'm21': 199893910.6, 'm12': 69945524.6, 'm03': 24482466.3, 'mu20': 107.84121061349288, 'mu11': 6.445066335028969, 'mu02': 75.6670812604134, 'mu30': 9.54067087173462, 'mu21': -6.717947959612502, 'mu12': -7.194285213925468, 'mu03': 2.502280466258526, 'nu20': 0.09609374971128792, 'nu11': 0.005742986264227194, 'nu02': 0.06742444309237103, 'nu30': 0.001468814314984242, 'nu21': -0.0010342478283819046, 'nu12': -0.0011075813483514463, 'nu03': 0.0003852334304744476}
Centroid: 257, 90
Processing contour#17: area: 33.5 centroid: 257, 90 rectangle: (254, 87, 8, 7)
@find_dayJSON_match_for_contour: x: 254, y: 87, w: 8, h: 7, area: 33.5
Matched with JSON#1: (257, 89, 6, 115.0, 37.5563, 0.44678)
Match with input JSON(nodules) ID: 1
Matched contour: {'x': 257, 'y': 89, 'd': 6, 'a': 115.0, 'p': 37.5563, 'e': 0.44678, 'id': 1, 'tq': 100}
JSON_entry: 1
Matched with first_id: 1 second_id: 5 name: 20230522_10
entry_id:20230522_10, entry saved to results list
created dirs at nodule_detection_path: output/crop990/nodules-last-detected-on/2023-05-22/10/detection and nodule_images_original_path: output/crop990/nodules-last-detected-on/2023-05-22/10
Segmented nodule image saved as output/crop990/nodules-last-detected-on/2023-05-22/10/detection/2023-05-03.jpg
Original nodule image saved as output/crop990/nodules-last-detected-on/2023-05-22/10/2023-05-03.jpg


@process_contour: max_id: 20230503_35
Moments: {'m00': 31.0, 'm10': 5555.833333333333, 'm01': 2307.333333333333, 'm20': 995823.6666666666, 'm11': 413521.75, 'm02': 171793.5, 'm30': 178509531.85000002, 'm21': 74119425.61666666, 'm12': 30788965.95, 'm03': 12795308.600000001, 'mu20': 104.82706093194429, 'mu11': 0.47759856638731435, 'mu02': 58.43189964161138, 'mu30': 11.696851283311844, 'mu21': -8.161987927814152, 'mu12': -10.105102720646755, 'mu03': 1.737433997914195, 'nu20': 0.10908122885738218, 'nu11': 0.0004969808183010554, 'nu02': 0.0608032254335186, 'nu30': 0.0021860733688881303, 'nu21': -0.0015254279988698766, 'nu12': -0.0018885848347069147, 'nu03': 0.00032471629338914253}
Centroid: 179, 74
Processing contour#18: area: 31.0 centroid: 179, 74 rectangle: (176, 72, 8, 6)
@find_dayJSON_match_for_contour: x: 176, y: 72, w: 8, h: 6, area: 31.0
Matched with JSON#0: (179, 74, 6, 133.0, 41.799, 0.456083)
Match with input JSON(nodules) ID: 0
Matched contour: {'x': 179, 'y': 74, 'd': 6, 'a': 133.0, 'p': 41.799, 'e': 0.456083, 'id': 0, 'tq': 100}
JSON_entry: 0
Matched with first_id: 0 second_id: 2 name: 20230510_7
entry_id:20230510_7, entry saved to results list
created dirs at nodule_detection_path: output/crop990/nodules-last-detected-on/2023-05-10/7/detection and nodule_images_original_path: output/crop990/nodules-last-detected-on/2023-05-10/7
Segmented nodule image saved as output/crop990/nodules-last-detected-on/2023-05-10/7/detection/2023-05-03.jpg
Original nodule image saved as output/crop990/nodules-last-detected-on/2023-05-10/7/2023-05-03.jpg


Done analyzing contours, found 18 nodules.


results_entry: {'date': '20230503', 'json': 'output/crop990/20230503/20230503.json', 'log': 'output/crop990/20230503/crop990_20230503.log', 'image': 'data/crop990/20230503.jpg', 'plot': 'output/crop990/plots/20230501_20230503.png', 'match_stats': {'i_dict': {0: 10, 1: 2, 3: 2, 4: 1, 8: 3}, 'average_tracking_quality': 63.1667, 'distance_threshold': 20, 'lengths': {'matching': 18, 'unmatched_current': 0, 'unmatched_previous': 16}, 'averages': {'tq': -150.8333, 'i': 2.0, 'dx': -6.9444, 'dy': 12.1111, 'dd': 0.6667, 'da': 41.6111, 'dp': 14.4011, 'de': 0.0361}}}
