@post_process: subdir: output\crop1001\nodules-last-detected-on\2023-04-26
@generate_gif: path:output\crop1001\nodules-last-detected-on\2023-04-26\11, output_name:o.gif
len_jpg_files: 1
@generate_gif: path:output\crop1001\nodules-last-detected-on\2023-04-26\11\detection, output_name:d.gif
len_jpg_files: 1
nodules_dir: output\crop1001\nodules-last-detected-on\2023-04-26\11 has 1 entries
nodules_dir: output\crop1001\nodules-last-detected-on\2023-04-26\11 has less than 2 entries, skipping
@generate_gif: path:output\crop1001\nodules-last-detected-on\2023-04-26\14, output_name:o.gif
len_jpg_files: 1
@generate_gif: path:output\crop1001\nodules-last-detected-on\2023-04-26\14\detection, output_name:d.gif
len_jpg_files: 1
nodules_dir: output\crop1001\nodules-last-detected-on\2023-04-26\14 has 1 entries
nodules_dir: output\crop1001\nodules-last-detected-on\2023-04-26\14 has less than 2 entries, skipping
@generate_gif: path:output\crop1001\nodules-last-detected-on\2023-04-26\2, output_name:o.gif
len_jpg_files: 1
@generate_gif: path:output\crop1001\nodules-last-detected-on\2023-04-26\2\detection, output_name:d.gif
len_jpg_files: 1
nodules_dir: output\crop1001\nodules-last-detected-on\2023-04-26\2 has 1 entries
nodules_dir: output\crop1001\nodules-last-detected-on\2023-04-26\2 has less than 2 entries, skipping
@generate_gif: path:output\crop1001\nodules-last-detected-on\2023-04-26\3, output_name:o.gif
len_jpg_files: 1
@generate_gif: path:output\crop1001\nodules-last-detected-on\2023-04-26\3\detection, output_name:d.gif
len_jpg_files: 1
nodules_dir: output\crop1001\nodules-last-detected-on\2023-04-26\3 has 1 entries
nodules_dir: output\crop1001\nodules-last-detected-on\2023-04-26\3 has less than 2 entries, skipping
@generate_gif: path:output\crop1001\nodules-last-detected-on\2023-04-26\6, output_name:o.gif
len_jpg_files: 1
@generate_gif: path:output\crop1001\nodules-last-detected-on\2023-04-26\6\detection, output_name:d.gif
len_jpg_files: 1
nodules_dir: output\crop1001\nodules-last-detected-on\2023-04-26\6 has 1 entries
nodules_dir: output\crop1001\nodules-last-detected-on\2023-04-26\6 has less than 2 entries, skipping
@generate_gif: path:output\crop1001\nodules-last-detected-on\2023-04-26\7, output_name:o.gif
len_jpg_files: 1
@generate_gif: path:output\crop1001\nodules-last-detected-on\2023-04-26\7\detection, output_name:d.gif
len_jpg_files: 1
nodules_dir: output\crop1001\nodules-last-detected-on\2023-04-26\7 has 1 entries
nodules_dir: output\crop1001\nodules-last-detected-on\2023-04-26\7 has less than 2 entries, skipping
@generate_gif: path:output\crop1001\nodules-last-detected-on\2023-04-26\8, output_name:o.gif
len_jpg_files: 1
@generate_gif: path:output\crop1001\nodules-last-detected-on\2023-04-26\8\detection, output_name:d.gif
len_jpg_files: 1
nodules_dir: output\crop1001\nodules-last-detected-on\2023-04-26\8 has 1 entries
nodules_dir: output\crop1001\nodules-last-detected-on\2023-04-26\8 has less than 2 entries, skipping
@post_process: output\crop1001\nodules-last-detected-on\2023-04-26, 7 nodules, took 0.21s
