Current memory usage: 1451.09765625 MB
@analyze_image: file_name: data/crop1003/20230602.jpg, output_dir: output/crop1003, external_logger: <Logger data_crop1003.log (DEBUG)>
Loaded image & JSON file: data/crop1003/20230602.jpg
Scaled JSON data: scalar_position: 0.5, scalar_size: 0.5

@find_prev_next_date: image_output_dir: output/crop1003/20230602
data_dir: data/crop1003
Previous date file: data/crop1003/20230531.jpg, Next date file: data/crop1003/20230605.json


Loaded prev_results from JSON file: 20230531, length: 217
Scaled JSON data: scalar_position: 0.5, scalar_size: 0.5
Loaded next_results from JSON file: 20230605, length: 221
Scaled JSON data: scalar_position: 0.5, scalar_size: 0.5
prev_results is not empty, generating matching
Current memory usage: 1451.16015625 MB
current_date:20230602, generating Matching: 20230531_20230602_matching.json
spatial_distances: (217, 217), attribute_distances: (217, 217)
combined_distances: (217, 217)
Current memory usage: 1451.1640625 MB

@find_matching: combined_distances: (217, 217), next_matching: [{'id': '20230605_0', 'p': 13, 'c': 1, 'n': -1, 'i': 0, 'tq': -1331.0}, {'id': '20230607_3', 'p': 0, 'c': 2, 'n': 3, 'i': 1, 'tq': 31.0}, {'id': '20230605_2', 'p': 4, 'c': 3, 'n': -1, 'i': 0, 'tq': -29.0}, {'id': '20230607_4', 'p': 1, 'c': 4, 'n': 4, 'i': 1, 'tq': 64.0}, {'id': '20230605_4', 'p': 3, 'c': 5, 'n': -1, 'i': 0, 'tq': 7.0}, {'id': '20230605_5', 'p': 2, 'c': 6, 'n': -1, 'i': 0, 'tq': 56.0}, {'id': '20230605_6', 'p': 7, 'c': 7, 'n': -1, 'i': 0, 'tq': 18.0}, {'id': '20230607_9', 'p': 5, 'c': 8, 'n': 9, 'i': 1, 'tq': 32.0}, {'id': '20230605_8', 'p': 6, 'c': 9, 'n': -1, 'i': 0, 'tq': -735.0}, {'id': '20230607_11', 'p': 10, 'c': 10, 'n': 11, 'i': 1, 'tq': 70.0}, {'id': '20230605_10', 'p': 18, 'c': 11, 'n': -1, 'i': 0, 'tq': -1035.0}, {'id': '20230605_11', 'p': 9, 'c': 12, 'n': -1, 'i': 0, 'tq': -150.0}, {'id': '20230607_13', 'p': 8, 'c': 13, 'n': 13, 'i': 1, 'tq': 22.0}, {'id': '20230607_14', 'p': 11, 'c': 14, 'n': 14, 'i': 1, 'tq': 69.0}, {'id': '20230607_15', 'p': 12, 'c': 15, 'n': 15, 'i': 1, 'tq': 71.0}, {'id': '20230607_16', 'p': 14, 'c': 16, 'n': 16, 'i': 1, 'tq': 71.0}, {'id': '20230605_16', 'p': 15, 'c': 17, 'n': -1, 'i': 0, 'tq': 93.0}, {'id': '20230605_17', 'p': 24, 'c': 18, 'n': -1, 'i': 0, 'tq': -1149.0}, {'id': '20230607_18', 'p': 16, 'c': 19, 'n': 18, 'i': 1, 'tq': 91.0}, {'id': '20230605_19', 'p': 17, 'c': 20, 'n': -1, 'i': 0, 'tq': 67.0}, {'id': '20230607_20', 'p': 19, 'c': 21, 'n': 20, 'i': 1, 'tq': 53.0}, {'id': '20230607_21', 'p': 20, 'c': 22, 'n': 21, 'i': 1, 'tq': 90.0}, {'id': '20230607_22', 'p': 21, 'c': 23, 'n': 22, 'i': 1, 'tq': 94.0}, {'id': '20230607_23', 'p': 22, 'c': 24, 'n': 23, 'i': 1, 'tq': 98.0}, {'id': '20230607_24', 'p': 23, 'c': 25, 'n': 24, 'i': 1, 'tq': 33.0}, {'id': '20230607_25', 'p': 25, 'c': 26, 'n': 25, 'i': 1, 'tq': 70.0}, {'id': '20230607_26', 'p': 26, 'c': 27, 'n': 26, 'i': 1, 'tq': 57.0}, {'id': '20230607_27', 'p': 27, 'c': 28, 'n': 27, 'i': 1, 'tq': 91.0}, {'id': '20230605_28', 'p': 29, 'c': 29, 'n': -1, 'i': 0, 'tq': -1131.0}, {'id': '20230605_29', 'p': 28, 'c': 30, 'n': -1, 'i': 0, 'tq': 87.0}, {'id': '20230605_30', 'p': 30, 'c': 31, 'n': -1, 'i': 0, 'tq': 70.0}, {'id': '20230605_31', 'p': 31, 'c': 32, 'n': -1, 'i': 0, 'tq': 67.0}, {'id': '20230607_32', 'p': 32, 'c': 33, 'n': 32, 'i': 1, 'tq': 67.0}, {'id': '20230607_33', 'p': 33, 'c': 34, 'n': 33, 'i': 1, 'tq': 66.0}, {'id': '20230605_34', 'p': 34, 'c': 35, 'n': -1, 'i': 0, 'tq': -46.0}, {'id': '20230605_35', 'p': 35, 'c': 36, 'n': -1, 'i': 0, 'tq': 54.0}, {'id': '20230607_35', 'p': 36, 'c': 37, 'n': 35, 'i': 1, 'tq': 89.0}, {'id': '20230605_37', 'p': 37, 'c': 38, 'n': -1, 'i': 0, 'tq': 96.0}, {'id': '20230607_37', 'p': 38, 'c': 39, 'n': 37, 'i': 1, 'tq': 97.0}, {'id': '20230607_39', 'p': 40, 'c': 40, 'n': 39, 'i': 1, 'tq': 59.0}, {'id': '20230607_38', 'p': 39, 'c': 41, 'n': 38, 'i': 1, 'tq': 97.0}, {'id': '20230607_41', 'p': 41, 'c': 42, 'n': 41, 'i': 1, 'tq': 66.0}, {'id': '20230607_43', 'p': 42, 'c': 43, 'n': 43, 'i': 1, 'tq': 98.0}, {'id': '20230607_42', 'p': 43, 'c': 44, 'n': 42, 'i': 1, 'tq': 93.0}, {'id': '20230607_44', 'p': 44, 'c': 45, 'n': 44, 'i': 1, 'tq': 94.0}, {'id': '20230607_45', 'p': 45, 'c': 46, 'n': 45, 'i': 1, 'tq': 56.0}, {'id': '20230607_46', 'p': 46, 'c': 47, 'n': 46, 'i': 1, 'tq': 55.0}, {'id': '20230607_47', 'p': 47, 'c': 48, 'n': 47, 'i': 1, 'tq': 60.0}, {'id': '20230607_48', 'p': 48, 'c': 49, 'n': 48, 'i': 1, 'tq': 98.0}, {'id': '20230605_49', 'p': 49, 'c': 50, 'n': -1, 'i': 0, 'tq': 60.0}, {'id': '20230605_50', 'p': 53, 'c': 51, 'n': -1, 'i': 0, 'tq': -1282.0}, {'id': '20230607_51', 'p': 51, 'c': 52, 'n': 51, 'i': 1, 'tq': 66.0}, {'id': '20230607_50', 'p': 50, 'c': 53, 'n': 50, 'i': 1, 'tq': 99.0}, {'id': '20230607_52', 'p': 52, 'c': 54, 'n': 52, 'i': 1, 'tq': 72.0}, {'id': '20230605_54', 'p': 55, 'c': 55, 'n': -1, 'i': 0, 'tq': -472.0}, {'id': '20230607_53', 'p': 54, 'c': 56, 'n': 53, 'i': 1, 'tq': 58.0}, {'id': '20230607_54', 'p': 56, 'c': 57, 'n': 54, 'i': 1, 'tq': 65.0}, {'id': '20230607_60', 'p': 57, 'c': 58, 'n': 60, 'i': 1, 'tq': 65.0}, {'id': '20230605_58', 'p': 71, 'c': 59, 'n': -1, 'i': 0, 'tq': -728.0}, {'id': '20230605_59', 'p': 58, 'c': 60, 'n': -1, 'i': 0, 'tq': -27.0}, {'id': '20230607_58', 'p': 60, 'c': 61, 'n': 58, 'i': 1, 'tq': 96.0}, {'id': '20230607_57', 'p': 59, 'c': 62, 'n': 57, 'i': 1, 'tq': 95.0}, {'id': '20230607_59', 'p': 61, 'c': 63, 'n': 59, 'i': 1, 'tq': 66.0}, {'id': '20230605_63', 'p': 62, 'c': 64, 'n': -1, 'i': 0, 'tq': 97.0}, {'id': '20230607_63', 'p': 63, 'c': 65, 'n': 63, 'i': 1, 'tq': 59.0}, {'id': '20230607_62', 'p': 64, 'c': 66, 'n': 62, 'i': 1, 'tq': 71.0}, {'id': '20230607_71', 'p': 66, 'c': 67, 'n': 71, 'i': 1, 'tq': 61.0}, {'id': '20230607_64', 'p': 65, 'c': 68, 'n': 64, 'i': 1, 'tq': 65.0}, {'id': '20230607_66', 'p': 67, 'c': 69, 'n': 66, 'i': 1, 'tq': 59.0}, {'id': '20230607_67', 'p': 68, 'c': 70, 'n': 67, 'i': 1, 'tq': 99.0}, {'id': '20230607_68', 'p': 69, 'c': 71, 'n': 68, 'i': 1, 'tq': 71.0}, {'id': '20230605_71', 'p': 70, 'c': 72, 'n': -1, 'i': 0, 'tq': 91.0}, {'id': '20230607_70', 'p': 72, 'c': 73, 'n': 70, 'i': 1, 'tq': 95.0}, {'id': '20230607_72', 'p': 73, 'c': 74, 'n': 72, 'i': 1, 'tq': 98.0}, {'id': '20230607_73', 'p': 74, 'c': 75, 'n': 73, 'i': 1, 'tq': 61.0}, {'id': '20230607_75', 'p': 75, 'c': 76, 'n': 75, 'i': 1, 'tq': 71.0}, {'id': '20230607_74', 'p': 76, 'c': 77, 'n': 74, 'i': 1, 'tq': 60.0}, {'id': '20230605_77', 'p': 78, 'c': 78, 'n': -1, 'i': 0, 'tq': -75.0}, {'id': '20230607_76', 'p': 77, 'c': 79, 'n': 76, 'i': 1, 'tq': 89.0}, {'id': '20230607_78', 'p': 79, 'c': 80, 'n': 78, 'i': 1, 'tq': 51.0}, {'id': '20230607_79', 'p': 81, 'c': 81, 'n': 79, 'i': 1, 'tq': 62.0}, {'id': '20230607_81', 'p': 82, 'c': 82, 'n': 81, 'i': 1, 'tq': 66.0}, {'id': '20230607_82', 'p': 83, 'c': 83, 'n': 82, 'i': 1, 'tq': 69.0}, {'id': '20230607_84', 'p': 85, 'c': 84, 'n': 84, 'i': 1, 'tq': 60.0}, {'id': '20230607_85', 'p': 86, 'c': 85, 'n': 85, 'i': 1, 'tq': 71.0}, {'id': '20230605_85', 'p': 80, 'c': 86, 'n': -1, 'i': 0, 'tq': -156.0}, {'id': '20230607_87', 'p': 88, 'c': 87, 'n': 87, 'i': 1, 'tq': 95.0}, {'id': '20230607_88', 'p': 89, 'c': 88, 'n': 88, 'i': 1, 'tq': 55.0}, {'id': '20230607_89', 'p': 90, 'c': 89, 'n': 89, 'i': 1, 'tq': 68.0}, {'id': '20230607_92', 'p': 91, 'c': 90, 'n': 92, 'i': 1, 'tq': 60.0}, {'id': '20230607_90', 'p': 92, 'c': 91, 'n': 90, 'i': 1, 'tq': 68.0}, {'id': '20230607_91', 'p': 93, 'c': 92, 'n': 91, 'i': 1, 'tq': 47.0}, {'id': '20230607_94', 'p': 94, 'c': 93, 'n': 94, 'i': 1, 'tq': 58.0}, {'id': '20230607_93', 'p': 95, 'c': 94, 'n': 93, 'i': 1, 'tq': 97.0}, {'id': '20230607_95', 'p': 96, 'c': 95, 'n': 95, 'i': 1, 'tq': 60.0}, {'id': '20230607_96', 'p': 97, 'c': 96, 'n': 96, 'i': 1, 'tq': 69.0}, {'id': '20230605_96', 'p': 87, 'c': 97, 'n': -1, 'i': 0, 'tq': -301.0}, {'id': '20230607_97', 'p': 99, 'c': 98, 'n': 97, 'i': 1, 'tq': 72.0}, {'id': '20230607_100', 'p': 101, 'c': 99, 'n': 100, 'i': 1, 'tq': 51.0}, {'id': '20230607_101', 'p': 102, 'c': 100, 'n': 101, 'i': 1, 'tq': 69.0}, {'id': '20230607_102', 'p': 103, 'c': 101, 'n': 103, 'i': 1, 'tq': 99.0}, {'id': '20230607_103', 'p': 105, 'c': 102, 'n': 104, 'i': 1, 'tq': 68.0}, {'id': '20230607_104', 'p': 106, 'c': 103, 'n': 105, 'i': 1, 'tq': 67.0}, {'id': '20230607_105', 'p': 107, 'c': 104, 'n': 106, 'i': 1, 'tq': 61.0}, {'id': '20230605_104', 'p': 84, 'c': 105, 'n': -1, 'i': 0, 'tq': -2575.0}, {'id': '20230607_107', 'p': 109, 'c': 106, 'n': 108, 'i': 1, 'tq': 61.0}, {'id': '20230607_108', 'p': 110, 'c': 107, 'n': 109, 'i': 1, 'tq': 56.0}, {'id': '20230605_107', 'p': 108, 'c': 108, 'n': -1, 'i': 0, 'tq': -942.0}, {'id': '20230605_108', 'p': 98, 'c': 109, 'n': -1, 'i': 0, 'tq': -878.0}, {'id': '20230607_110', 'p': 112, 'c': 110, 'n': 111, 'i': 1, 'tq': 70.0}, {'id': '20230607_111', 'p': 113, 'c': 111, 'n': 112, 'i': 1, 'tq': 61.0}, {'id': '20230607_112', 'p': 114, 'c': 112, 'n': 113, 'i': 1, 'tq': 55.0}, {'id': '20230607_113', 'p': 115, 'c': 113, 'n': 114, 'i': 1, 'tq': 72.0}, {'id': '20230605_113', 'p': 111, 'c': 114, 'n': -1, 'i': 0, 'tq': -582.0}, {'id': '20230607_115', 'p': 117, 'c': 115, 'n': 116, 'i': 1, 'tq': 68.0}, {'id': '20230607_116', 'p': 118, 'c': 116, 'n': 117, 'i': 1, 'tq': 72.0}, {'id': '20230607_117', 'p': 119, 'c': 117, 'n': 118, 'i': 1, 'tq': 68.0}, {'id': '20230607_118', 'p': 120, 'c': 118, 'n': 119, 'i': 1, 'tq': 68.0}, {'id': '20230607_121', 'p': 121, 'c': 119, 'n': 122, 'i': 1, 'tq': 67.0}, {'id': '20230607_119', 'p': 122, 'c': 120, 'n': 120, 'i': 1, 'tq': 71.0}, {'id': '20230605_120', 'p': 123, 'c': 121, 'n': -1, 'i': 0, 'tq': -14.0}, {'id': '20230605_121', 'p': 116, 'c': 122, 'n': -1, 'i': 0, 'tq': -308.0}, {'id': '20230607_124', 'p': 125, 'c': 123, 'n': 125, 'i': 1, 'tq': 72.0}, {'id': '20230607_125', 'p': 126, 'c': 124, 'n': 126, 'i': 1, 'tq': 64.0}, {'id': '20230607_126', 'p': 127, 'c': 125, 'n': 127, 'i': 1, 'tq': 97.0}, {'id': '20230607_128', 'p': 128, 'c': 126, 'n': 129, 'i': 1, 'tq': 70.0}, {'id': '20230607_129', 'p': 129, 'c': 127, 'n': 130, 'i': 1, 'tq': 71.0}, {'id': '20230607_127', 'p': 130, 'c': 128, 'n': 128, 'i': 1, 'tq': 70.0}, {'id': '20230607_130', 'p': 131, 'c': 129, 'n': 131, 'i': 1, 'tq': 71.0}, {'id': '20230607_131', 'p': 132, 'c': 130, 'n': 132, 'i': 1, 'tq': 65.0}, {'id': '20230607_134', 'p': 133, 'c': 131, 'n': 135, 'i': 1, 'tq': 67.0}, {'id': '20230607_133', 'p': 134, 'c': 132, 'n': 134, 'i': 1, 'tq': 92.0}, {'id': '20230607_135', 'p': 135, 'c': 133, 'n': 136, 'i': 1, 'tq': 62.0}, {'id': '20230607_136', 'p': 136, 'c': 134, 'n': 137, 'i': 1, 'tq': 72.0}, {'id': '20230607_139', 'p': 137, 'c': 135, 'n': 140, 'i': 1, 'tq': 97.0}, {'id': '20230605_135', 'p': 124, 'c': 136, 'n': -1, 'i': 0, 'tq': -648.0}, {'id': '20230605_136', 'p': 139, 'c': 137, 'n': -1, 'i': 0, 'tq': 67.0}, {'id': '20230607_140', 'p': 140, 'c': 138, 'n': 141, 'i': 1, 'tq': 67.0}, {'id': '20230605_138', 'p': 141, 'c': 139, 'n': -1, 'i': 0, 'tq': 52.0}, {'id': '20230607_142', 'p': 142, 'c': 140, 'n': 143, 'i': 1, 'tq': 95.0}, {'id': '20230607_143', 'p': 143, 'c': 141, 'n': 144, 'i': 1, 'tq': 68.0}, {'id': '20230607_145', 'p': 144, 'c': 142, 'n': 146, 'i': 1, 'tq': 98.0}, {'id': '20230607_144', 'p': 145, 'c': 143, 'n': 145, 'i': 1, 'tq': 67.0}, {'id': '20230607_147', 'p': 147, 'c': 144, 'n': 148, 'i': 1, 'tq': 95.0}, {'id': '20230607_146', 'p': 146, 'c': 145, 'n': 147, 'i': 1, 'tq': 66.0}, {'id': '20230607_148', 'p': 148, 'c': 146, 'n': 149, 'i': 1, 'tq': 93.0}, {'id': '20230607_152', 'p': 149, 'c': 147, 'n': 153, 'i': 1, 'tq': 94.0}, {'id': '20230607_149', 'p': 150, 'c': 148, 'n': 150, 'i': 1, 'tq': 71.0}, {'id': '20230607_151', 'p': 151, 'c': 149, 'n': 152, 'i': 1, 'tq': 91.0}, {'id': '20230607_150', 'p': 152, 'c': 150, 'n': 151, 'i': 1, 'tq': 71.0}, {'id': '20230605_150', 'p': 153, 'c': 151, 'n': -1, 'i': 0, 'tq': -60.0}, {'id': '20230607_154', 'p': 154, 'c': 152, 'n': 155, 'i': 1, 'tq': 70.0}, {'id': '20230607_155', 'p': 155, 'c': 153, 'n': 156, 'i': 1, 'tq': 61.0}, {'id': '20230605_153', 'p': 100, 'c': 154, 'n': -1, 'i': 0, 'tq': -3721.0}, {'id': '20230607_156', 'p': 156, 'c': 155, 'n': 157, 'i': 1, 'tq': 99.0}, {'id': '20230607_158', 'p': 158, 'c': 156, 'n': 159, 'i': 1, 'tq': 99.0}, {'id': '20230607_157', 'p': 157, 'c': 157, 'n': 158, 'i': 1, 'tq': 59.0}, {'id': '20230607_159', 'p': 159, 'c': 158, 'n': 160, 'i': 1, 'tq': 84.0}, {'id': '20230605_158', 'p': 160, 'c': 159, 'n': -1, 'i': 0, 'tq': 68.0}, {'id': '20230607_160', 'p': 161, 'c': 160, 'n': 161, 'i': 1, 'tq': 71.0}, {'id': '20230605_160', 'p': 104, 'c': 161, 'n': -1, 'i': 0, 'tq': -3289.0}, {'id': '20230607_161', 'p': 162, 'c': 162, 'n': 162, 'i': 1, 'tq': 96.0}, {'id': '20230607_162', 'p': 163, 'c': 163, 'n': 163, 'i': 1, 'tq': 69.0}, {'id': '20230607_164', 'p': 164, 'c': 164, 'n': 165, 'i': 1, 'tq': 54.0}, {'id': '20230607_163', 'p': 166, 'c': 165, 'n': 164, 'i': 1, 'tq': 52.0}, {'id': '20230607_166', 'p': 165, 'c': 166, 'n': 167, 'i': 1, 'tq': 96.0}, {'id': '20230607_167', 'p': 167, 'c': 167, 'n': 168, 'i': 1, 'tq': 68.0}, {'id': '20230605_167', 'p': 169, 'c': 168, 'n': -1, 'i': 0, 'tq': 58.0}, {'id': '20230607_165', 'p': 168, 'c': 169, 'n': 166, 'i': 1, 'tq': 66.0}, {'id': '20230607_168', 'p': 170, 'c': 170, 'n': 169, 'i': 1, 'tq': 96.0}, {'id': '20230607_170', 'p': 171, 'c': 171, 'n': 171, 'i': 1, 'tq': 95.0}, {'id': '20230607_174', 'p': 172, 'c': 172, 'n': 175, 'i': 1, 'tq': 55.0}, {'id': '20230607_171', 'p': 174, 'c': 173, 'n': 172, 'i': 1, 'tq': 94.0}, {'id': '20230607_172', 'p': 173, 'c': 174, 'n': 173, 'i': 1, 'tq': 97.0}, {'id': '20230605_174', 'p': 175, 'c': 175, 'n': -1, 'i': 0, 'tq': 55.0}, {'id': '20230607_175', 'p': 176, 'c': 176, 'n': 176, 'i': 1, 'tq': 71.0}, {'id': '20230605_176', 'p': 177, 'c': 177, 'n': -1, 'i': 0, 'tq': 66.0}, {'id': '20230607_179', 'p': 178, 'c': 178, 'n': 180, 'i': 1, 'tq': 68.0}, {'id': '20230607_180', 'p': 179, 'c': 179, 'n': 181, 'i': 1, 'tq': 70.0}, {'id': '20230607_182', 'p': 180, 'c': 180, 'n': 183, 'i': 1, 'tq': 48.0}, {'id': '20230607_181', 'p': 181, 'c': 181, 'n': 182, 'i': 1, 'tq': 67.0}, {'id': '20230605_181', 'p': 182, 'c': 182, 'n': -1, 'i': 0, 'tq': 65.0}, {'id': '20230607_186', 'p': 183, 'c': 183, 'n': 187, 'i': 1, 'tq': 79.0}, {'id': '20230607_184', 'p': 185, 'c': 184, 'n': 185, 'i': 1, 'tq': 88.0}, {'id': '20230607_187', 'p': 184, 'c': 185, 'n': 188, 'i': 1, 'tq': 66.0}, {'id': '20230607_185', 'p': 186, 'c': 186, 'n': 186, 'i': 1, 'tq': 65.0}, {'id': '20230607_189', 'p': 187, 'c': 187, 'n': 190, 'i': 1, 'tq': 70.0}, {'id': '20230607_188', 'p': 188, 'c': 188, 'n': 189, 'i': 1, 'tq': 71.0}, {'id': '20230607_190', 'p': 189, 'c': 189, 'n': 191, 'i': 1, 'tq': 62.0}, {'id': '20230607_191', 'p': 190, 'c': 190, 'n': 192, 'i': 1, 'tq': 52.0}, {'id': '20230607_192', 'p': 191, 'c': 191, 'n': 193, 'i': 1, 'tq': 86.0}, {'id': '20230605_191', 'p': 192, 'c': 192, 'n': -1, 'i': 0, 'tq': 57.0}, {'id': '20230607_193', 'p': 193, 'c': 193, 'n': 194, 'i': 1, 'tq': 95.0}, {'id': '20230607_194', 'p': 194, 'c': 194, 'n': 195, 'i': 1, 'tq': 69.0}, {'id': '20230605_194', 'p': 196, 'c': 195, 'n': -1, 'i': 0, 'tq': 55.0}, {'id': '20230607_195', 'p': 195, 'c': 196, 'n': 196, 'i': 1, 'tq': 91.0}, {'id': '20230605_196', 'p': 208, 'c': 198, 'n': -1, 'i': 0, 'tq': -1174.0}, {'id': '20230607_197', 'p': 197, 'c': 199, 'n': 198, 'i': 1, 'tq': 57.0}, {'id': '20230607_199', 'p': 199, 'c': 200, 'n': 200, 'i': 1, 'tq': 76.0}, {'id': '20230607_200', 'p': 198, 'c': 201, 'n': 201, 'i': 1, 'tq': 96.0}, {'id': '20230607_202', 'p': 201, 'c': 202, 'n': 203, 'i': 1, 'tq': 59.0}, {'id': '20230607_201', 'p': 200, 'c': 203, 'n': 202, 'i': 1, 'tq': 70.0}, {'id': '20230605_202', 'p': 138, 'c': 204, 'n': -1, 'i': 0, 'tq': -3002.0}, {'id': '20230607_205', 'p': 202, 'c': 205, 'n': 206, 'i': 1, 'tq': 71.0}, {'id': '20230607_208', 'p': 203, 'c': 206, 'n': 209, 'i': 1, 'tq': 67.0}, {'id': '20230607_209', 'p': 205, 'c': 207, 'n': 210, 'i': 1, 'tq': 59.0}, {'id': '20230605_206', 'p': 204, 'c': 208, 'n': -1, 'i': 0, 'tq': 69.0}, {'id': '20230605_207', 'p': 206, 'c': 209, 'n': -1, 'i': 0, 'tq': 98.0}, {'id': '20230607_210', 'p': 207, 'c': 210, 'n': 211, 'i': 1, 'tq': 57.0}, {'id': '20230607_211', 'p': 209, 'c': 211, 'n': 212, 'i': 1, 'tq': 56.0}, {'id': '20230607_212', 'p': 210, 'c': 212, 'n': 213, 'i': 1, 'tq': 92.0}, {'id': '20230607_214', 'p': 211, 'c': 215, 'n': 215, 'i': 1, 'tq': 64.0}, {'id': '20230607_215', 'p': 212, 'c': 216, 'n': 216, 'i': 1, 'tq': 54.0}, {'id': '20230607_217', 'p': 213, 'c': 217, 'n': 218, 'i': 1, 'tq': 54.0}, {'id': '20230607_218', 'p': 214, 'c': 218, 'n': 219, 'i': 1, 'tq': 65.0}, {'id': '20230605_215', 'p': 216, 'c': 219, 'n': -1, 'i': 0, 'tq': -3184.0}, {'id': '20230605_216', 'p': 215, 'c': 220, 'n': -1, 'i': 0, 'tq': -1901.0}], current_date_string: 20230602, scalar_distance_threshold: 3
matched entry: {'id': '20230607_3', 'p': 0, 'c': 2, 'n': 3, 'i': 1, 'tq': 31.0}, len(matching): 0
matched entry: {'id': '20230607_4', 'p': 1, 'c': 4, 'n': 4, 'i': 1, 'tq': 64.0}, len(matching): 1
combined_distances[2, 8] =50.38091568341797 > 3.7518770565996356 = distance_threshold
match is None, entry: {'id': '20230602_2', 'p': 8, 'c': 2, 'n': -1, 'i': 0, 'tq': -1243.0} len(matching): 2
combined_distances[3, 5] =6.584850220501332 > 3.7518770565996356 = distance_threshold
match is None, entry: {'id': '20230602_3', 'p': 5, 'c': 3, 'n': -1, 'i': 0, 'tq': -76.0} len(matching): 3
match is None, entry: {'id': '20230602_4', 'p': 4, 'c': 4, 'n': -1, 'i': 0, 'tq': 40.0} len(matching): 4
matched entry: {'id': '20230607_9', 'p': 5, 'c': 8, 'n': 9, 'i': 1, 'tq': 32.0}, len(matching): 5
combined_distances[6, 1] =35.036496207419596 > 3.7518770565996356 = distance_threshold
match is None, entry: {'id': '20230602_6', 'p': 1, 'c': 6, 'n': -1, 'i': 0, 'tq': -834.0} len(matching): 6
combined_distances[7, 0] =72.40896692912982 > 3.7518770565996356 = distance_threshold
match is None, entry: {'id': '20230602_7', 'p': 0, 'c': 7, 'n': -1, 'i': 0, 'tq': -1830.0} len(matching): 7
matched entry: {'id': '20230607_13', 'p': 8, 'c': 13, 'n': 13, 'i': 1, 'tq': 22.0}, len(matching): 8
combined_distances[9, 12] =6.879185646116852 > 3.7518770565996356 = distance_threshold
match is None, entry: {'id': '20230602_9', 'p': 12, 'c': 9, 'n': -1, 'i': 0, 'tq': -83.0} len(matching): 9
matched entry: {'id': '20230607_11', 'p': 10, 'c': 10, 'n': 11, 'i': 1, 'tq': 70.0}, len(matching): 10
matched entry: {'id': '20230607_14', 'p': 11, 'c': 14, 'n': 14, 'i': 1, 'tq': 69.0}, len(matching): 11
matched entry: {'id': '20230607_15', 'p': 12, 'c': 15, 'n': 15, 'i': 1, 'tq': 71.0}, len(matching): 12
combined_distances[13, 7] =30.739635489438 > 3.7518770565996356 = distance_threshold
match is None, entry: {'id': '20230602_13', 'p': 7, 'c': 13, 'n': -1, 'i': 0, 'tq': -719.0} len(matching): 13
matched entry: {'id': '20230607_16', 'p': 14, 'c': 16, 'n': 16, 'i': 1, 'tq': 71.0}, len(matching): 14
combined_distances[15, 22] =127.20687202827146 > 3.7518770565996356 = distance_threshold
match is None, entry: {'id': '20230602_15', 'p': 22, 'c': 15, 'n': -1, 'i': 0, 'tq': -3290.0} len(matching): 15
matched entry: {'id': '20230607_18', 'p': 16, 'c': 19, 'n': 18, 'i': 1, 'tq': 91.0}, len(matching): 16
combined_distances[17, 21] =26.05190169709249 > 3.7518770565996356 = distance_threshold
match is None, entry: {'id': '20230602_17', 'p': 21, 'c': 17, 'n': -1, 'i': 0, 'tq': -594.0} len(matching): 17
combined_distances[18, 16] =5.372355438064608 > 3.7518770565996356 = distance_threshold
match is None, entry: {'id': '20230602_18', 'p': 16, 'c': 18, 'n': -1, 'i': 0, 'tq': -43.0} len(matching): 18
matched entry: {'id': '20230607_20', 'p': 19, 'c': 21, 'n': 20, 'i': 1, 'tq': 53.0}, len(matching): 19
matched entry: {'id': '20230607_21', 'p': 20, 'c': 22, 'n': 21, 'i': 1, 'tq': 90.0}, len(matching): 20
matched entry: {'id': '20230607_22', 'p': 21, 'c': 23, 'n': 22, 'i': 1, 'tq': 94.0}, len(matching): 21
matched entry: {'id': '20230607_23', 'p': 22, 'c': 24, 'n': 23, 'i': 1, 'tq': 98.0}, len(matching): 22
combined_distances[23, 29] =81.92119197140417 > 3.7518770565996356 = distance_threshold
match is None, entry: {'id': '20230602_23', 'p': 29, 'c': 23, 'n': -1, 'i': 0, 'tq': -2083.0} len(matching): 23
combined_distances[24, 23] =7.211032104090677 > 3.7518770565996356 = distance_threshold
match is None, entry: {'id': '20230602_24', 'p': 23, 'c': 24, 'n': -1, 'i': 0, 'tq': -92.0} len(matching): 24
matched entry: {'id': '20230607_25', 'p': 25, 'c': 26, 'n': 25, 'i': 1, 'tq': 70.0}, len(matching): 25
matched entry: {'id': '20230607_26', 'p': 26, 'c': 27, 'n': 26, 'i': 1, 'tq': 57.0}, len(matching): 26
matched entry: {'id': '20230607_27', 'p': 27, 'c': 28, 'n': 27, 'i': 1, 'tq': 91.0}, len(matching): 27
matched entry: {'id': '20230605_29', 'p': 28, 'c': 30, 'n': -1, 'i': 0, 'tq': 87.0}, len(matching): 28
combined_distances[29, 40] =45.387672767816504 > 3.7518770565996356 = distance_threshold
match is None, entry: {'id': '20230602_29', 'p': 40, 'c': 29, 'n': -1, 'i': 0, 'tq': -1110.0} len(matching): 29
matched entry: {'id': '20230605_30', 'p': 30, 'c': 31, 'n': -1, 'i': 0, 'tq': 70.0}, len(matching): 30
matched entry: {'id': '20230605_31', 'p': 31, 'c': 32, 'n': -1, 'i': 0, 'tq': 67.0}, len(matching): 31
matched entry: {'id': '20230607_32', 'p': 32, 'c': 33, 'n': 32, 'i': 1, 'tq': 67.0}, len(matching): 32
matched entry: {'id': '20230607_33', 'p': 33, 'c': 34, 'n': 33, 'i': 1, 'tq': 66.0}, len(matching): 33
combined_distances[34, 33] =4.246435479828781 > 3.7518770565996356 = distance_threshold
match is None, entry: {'id': '20230602_34', 'p': 33, 'c': 34, 'n': -1, 'i': 0, 'tq': -13.0} len(matching): 34
combined_distances[35, 41] =20.74256067867053 > 3.7518770565996356 = distance_threshold
match is None, entry: {'id': '20230602_35', 'p': 41, 'c': 35, 'n': -1, 'i': 0, 'tq': -453.0} len(matching): 35
matched entry: {'id': '20230607_35', 'p': 36, 'c': 37, 'n': 35, 'i': 1, 'tq': 89.0}, len(matching): 36
matched entry: {'id': '20230605_37', 'p': 37, 'c': 38, 'n': -1, 'i': 0, 'tq': 96.0}, len(matching): 37
matched entry: {'id': '20230607_37', 'p': 38, 'c': 39, 'n': 37, 'i': 1, 'tq': 97.0}, len(matching): 38
matched entry: {'id': '20230607_38', 'p': 39, 'c': 41, 'n': 38, 'i': 1, 'tq': 97.0}, len(matching): 39
matched entry: {'id': '20230607_39', 'p': 40, 'c': 40, 'n': 39, 'i': 1, 'tq': 59.0}, len(matching): 40
matched entry: {'id': '20230607_41', 'p': 41, 'c': 42, 'n': 41, 'i': 1, 'tq': 66.0}, len(matching): 41
matched entry: {'id': '20230607_43', 'p': 42, 'c': 43, 'n': 43, 'i': 1, 'tq': 98.0}, len(matching): 42
matched entry: {'id': '20230607_42', 'p': 43, 'c': 44, 'n': 42, 'i': 1, 'tq': 93.0}, len(matching): 43
matched entry: {'id': '20230607_44', 'p': 44, 'c': 45, 'n': 44, 'i': 1, 'tq': 94.0}, len(matching): 44
matched entry: {'id': '20230607_45', 'p': 45, 'c': 46, 'n': 45, 'i': 1, 'tq': 56.0}, len(matching): 45
matched entry: {'id': '20230607_46', 'p': 46, 'c': 47, 'n': 46, 'i': 1, 'tq': 55.0}, len(matching): 46
combined_distances[47, 59] =27.910950465848533 > 3.7518770565996356 = distance_threshold
match is None, entry: {'id': '20230602_47', 'p': 59, 'c': 47, 'n': -1, 'i': 0, 'tq': -644.0} len(matching): 47
matched entry: {'id': '20230607_48', 'p': 48, 'c': 49, 'n': 48, 'i': 1, 'tq': 98.0}, len(matching): 48
matched entry: {'id': '20230605_49', 'p': 49, 'c': 50, 'n': -1, 'i': 0, 'tq': 60.0}, len(matching): 49
matched entry: {'id': '20230607_50', 'p': 50, 'c': 53, 'n': 50, 'i': 1, 'tq': 99.0}, len(matching): 50
matched entry: {'id': '20230607_51', 'p': 51, 'c': 52, 'n': 51, 'i': 1, 'tq': 66.0}, len(matching): 51
matched entry: {'id': '20230607_52', 'p': 52, 'c': 54, 'n': 52, 'i': 1, 'tq': 72.0}, len(matching): 52
combined_distances[53, 53] =22.334680054462186 > 3.7518770565996356 = distance_threshold
match is None, entry: {'id': '20230602_53', 'p': 53, 'c': 53, 'n': -1, 'i': 0, 'tq': -495.0} len(matching): 53
combined_distances[54, 52] =48.783730717954285 > 3.7518770565996356 = distance_threshold
match is None, entry: {'id': '20230602_54', 'p': 52, 'c': 54, 'n': -1, 'i': 0, 'tq': -1200.0} len(matching): 54
combined_distances[55, 56] =17.506025909025205 > 3.7518770565996356 = distance_threshold
match is None, entry: {'id': '20230602_55', 'p': 56, 'c': 55, 'n': -1, 'i': 0, 'tq': -367.0} len(matching): 55
matched entry: {'id': '20230607_54', 'p': 56, 'c': 57, 'n': 54, 'i': 1, 'tq': 65.0}, len(matching): 56
matched entry: {'id': '20230607_60', 'p': 57, 'c': 58, 'n': 60, 'i': 1, 'tq': 65.0}, len(matching): 57
match is None, entry: {'id': '20230602_58', 'p': 57, 'c': 58, 'n': -1, 'i': 0, 'tq': 3.0} len(matching): 58
combined_distances[59, 65] =10.028588631320991 > 3.7518770565996356 = distance_threshold
match is None, entry: {'id': '20230602_59', 'p': 65, 'c': 59, 'n': -1, 'i': 0, 'tq': -167.0} len(matching): 59
matched entry: {'id': '20230607_58', 'p': 60, 'c': 61, 'n': 58, 'i': 1, 'tq': 96.0}, len(matching): 60
matched entry: {'id': '20230607_59', 'p': 61, 'c': 63, 'n': 59, 'i': 1, 'tq': 66.0}, len(matching): 61
matched entry: {'id': '20230605_63', 'p': 62, 'c': 64, 'n': -1, 'i': 0, 'tq': 97.0}, len(matching): 62
matched entry: {'id': '20230607_63', 'p': 63, 'c': 65, 'n': 63, 'i': 1, 'tq': 59.0}, len(matching): 63
matched entry: {'id': '20230607_62', 'p': 64, 'c': 66, 'n': 62, 'i': 1, 'tq': 71.0}, len(matching): 64
matched entry: {'id': '20230607_64', 'p': 65, 'c': 68, 'n': 64, 'i': 1, 'tq': 65.0}, len(matching): 65
combined_distances[66, 73] =8.095813658533629 > 3.7518770565996356 = distance_threshold
match is None, entry: {'id': '20230602_66', 'p': 73, 'c': 66, 'n': -1, 'i': 0, 'tq': -116.0} len(matching): 66
matched entry: {'id': '20230607_66', 'p': 67, 'c': 69, 'n': 66, 'i': 1, 'tq': 59.0}, len(matching): 67
matched entry: {'id': '20230607_67', 'p': 68, 'c': 70, 'n': 67, 'i': 1, 'tq': 99.0}, len(matching): 68
matched entry: {'id': '20230607_68', 'p': 69, 'c': 71, 'n': 68, 'i': 1, 'tq': 71.0}, len(matching): 69
matched entry: {'id': '20230605_71', 'p': 70, 'c': 72, 'n': -1, 'i': 0, 'tq': 91.0}, len(matching): 70
match is None, entry: {'id': '20230602_71', 'p': 71, 'c': 71, 'n': -1, 'i': 0, 'tq': 58.0} len(matching): 71
matched entry: {'id': '20230607_70', 'p': 72, 'c': 73, 'n': 70, 'i': 1, 'tq': 95.0}, len(matching): 72
matched entry: {'id': '20230607_72', 'p': 73, 'c': 74, 'n': 72, 'i': 1, 'tq': 98.0}, len(matching): 73
combined_distances[74, 78] =6.004449408387246 > 3.7518770565996356 = distance_threshold
match is None, entry: {'id': '20230602_74', 'p': 78, 'c': 74, 'n': -1, 'i': 0, 'tq': -60.0} len(matching): 74
matched entry: {'id': '20230607_75', 'p': 75, 'c': 76, 'n': 75, 'i': 1, 'tq': 71.0}, len(matching): 75
matched entry: {'id': '20230607_74', 'p': 76, 'c': 77, 'n': 74, 'i': 1, 'tq': 60.0}, len(matching): 76
matched entry: {'id': '20230607_76', 'p': 77, 'c': 79, 'n': 76, 'i': 1, 'tq': 89.0}, len(matching): 77
combined_distances[78, 76] =4.754235545407573 > 3.7518770565996356 = distance_threshold
match is None, entry: {'id': '20230602_78', 'p': 76, 'c': 78, 'n': -1, 'i': 0, 'tq': -27.0} len(matching): 78
combined_distances[79, 89] =17.170633158426863 > 3.7518770565996356 = distance_threshold
match is None, entry: {'id': '20230602_79', 'p': 89, 'c': 79, 'n': -1, 'i': 0, 'tq': -358.0} len(matching): 79
combined_distances[80, 86] =6.739399042985922 > 3.7518770565996356 = distance_threshold
match is None, entry: {'id': '20230602_80', 'p': 86, 'c': 80, 'n': -1, 'i': 0, 'tq': -80.0} len(matching): 80
matched entry: {'id': '20230607_79', 'p': 81, 'c': 81, 'n': 79, 'i': 1, 'tq': 62.0}, len(matching): 81
matched entry: {'id': '20230607_81', 'p': 82, 'c': 82, 'n': 81, 'i': 1, 'tq': 66.0}, len(matching): 82
matched entry: {'id': '20230607_82', 'p': 83, 'c': 83, 'n': 82, 'i': 1, 'tq': 69.0}, len(matching): 83
match is None, entry: {'id': '20230602_84', 'p': 83, 'c': 84, 'n': -1, 'i': 0, 'tq': 35.0} len(matching): 84
matched entry: {'id': '20230607_84', 'p': 85, 'c': 84, 'n': 84, 'i': 1, 'tq': 60.0}, len(matching): 85
matched entry: {'id': '20230607_85', 'p': 86, 'c': 85, 'n': 85, 'i': 1, 'tq': 71.0}, len(matching): 86
combined_distances[87, 97] =10.338138163752285 > 3.7518770565996356 = distance_threshold
match is None, entry: {'id': '20230602_87', 'p': 97, 'c': 87, 'n': -1, 'i': 0, 'tq': -176.0} len(matching): 87
matched entry: {'id': '20230607_87', 'p': 88, 'c': 87, 'n': 87, 'i': 1, 'tq': 95.0}, len(matching): 88
matched entry: {'id': '20230607_88', 'p': 89, 'c': 88, 'n': 88, 'i': 1, 'tq': 55.0}, len(matching): 89
combined_distances[90, 98] =9.184071203954483 > 3.7518770565996356 = distance_threshold
match is None, entry: {'id': '20230602_90', 'p': 98, 'c': 90, 'n': -1, 'i': 0, 'tq': -145.0} len(matching): 90
matched entry: {'id': '20230607_92', 'p': 91, 'c': 90, 'n': 92, 'i': 1, 'tq': 60.0}, len(matching): 91
matched entry: {'id': '20230607_90', 'p': 92, 'c': 91, 'n': 90, 'i': 1, 'tq': 68.0}, len(matching): 92
matched entry: {'id': '20230607_91', 'p': 93, 'c': 92, 'n': 91, 'i': 1, 'tq': 47.0}, len(matching): 93
matched entry: {'id': '20230607_94', 'p': 94, 'c': 93, 'n': 94, 'i': 1, 'tq': 58.0}, len(matching): 94
matched entry: {'id': '20230607_93', 'p': 95, 'c': 94, 'n': 93, 'i': 1, 'tq': 97.0}, len(matching): 95
matched entry: {'id': '20230607_95', 'p': 96, 'c': 95, 'n': 95, 'i': 1, 'tq': 60.0}, len(matching): 96
matched entry: {'id': '20230607_96', 'p': 97, 'c': 96, 'n': 96, 'i': 1, 'tq': 69.0}, len(matching): 97
combined_distances[98, 125] =43.33325642924296 > 3.7518770565996356 = distance_threshold
match is None, entry: {'id': '20230602_98', 'p': 125, 'c': 98, 'n': -1, 'i': 0, 'tq': -1055.0} len(matching): 98
combined_distances[99, 112] =36.953978485943004 > 3.7518770565996356 = distance_threshold
match is None, entry: {'id': '20230602_99', 'p': 112, 'c': 99, 'n': -1, 'i': 0, 'tq': -885.0} len(matching): 99
combined_distances[100, 85] =18.522108904215035 > 3.7518770565996356 = distance_threshold
match is None, entry: {'id': '20230602_100', 'p': 85, 'c': 100, 'n': -1, 'i': 0, 'tq': -394.0} len(matching): 100
matched entry: {'id': '20230607_100', 'p': 101, 'c': 99, 'n': 100, 'i': 1, 'tq': 51.0}, len(matching): 101
matched entry: {'id': '20230607_101', 'p': 102, 'c': 100, 'n': 101, 'i': 1, 'tq': 69.0}, len(matching): 102
matched entry: {'id': '20230607_102', 'p': 103, 'c': 101, 'n': 103, 'i': 1, 'tq': 99.0}, len(matching): 103
match is None, entry: {'id': '20230602_104', 'p': 102, 'c': 104, 'n': -1, 'i': 0, 'tq': 61.0} len(matching): 104
matched entry: {'id': '20230607_103', 'p': 105, 'c': 102, 'n': 104, 'i': 1, 'tq': 68.0}, len(matching): 105
matched entry: {'id': '20230607_104', 'p': 106, 'c': 103, 'n': 105, 'i': 1, 'tq': 67.0}, len(matching): 106
matched entry: {'id': '20230607_105', 'p': 107, 'c': 104, 'n': 106, 'i': 1, 'tq': 61.0}, len(matching): 107
match is None, entry: {'id': '20230602_108', 'p': 106, 'c': 108, 'n': -1, 'i': 0, 'tq': 58.0} len(matching): 108
matched entry: {'id': '20230607_107', 'p': 109, 'c': 106, 'n': 108, 'i': 1, 'tq': 61.0}, len(matching): 109
matched entry: {'id': '20230607_108', 'p': 110, 'c': 107, 'n': 109, 'i': 1, 'tq': 56.0}, len(matching): 110
match is None, entry: {'id': '20230602_111', 'p': 109, 'c': 111, 'n': -1, 'i': 0, 'tq': 70.0} len(matching): 111
matched entry: {'id': '20230607_110', 'p': 112, 'c': 110, 'n': 111, 'i': 1, 'tq': 70.0}, len(matching): 112
matched entry: {'id': '20230607_111', 'p': 113, 'c': 111, 'n': 112, 'i': 1, 'tq': 61.0}, len(matching): 113
matched entry: {'id': '20230607_112', 'p': 114, 'c': 112, 'n': 113, 'i': 1, 'tq': 55.0}, len(matching): 114
matched entry: {'id': '20230607_113', 'p': 115, 'c': 113, 'n': 114, 'i': 1, 'tq': 72.0}, len(matching): 115
match is None, entry: {'id': '20230602_116', 'p': 115, 'c': 116, 'n': -1, 'i': 0, 'tq': 80.0} len(matching): 116
matched entry: {'id': '20230607_115', 'p': 117, 'c': 115, 'n': 116, 'i': 1, 'tq': 68.0}, len(matching): 117
matched entry: {'id': '20230607_116', 'p': 118, 'c': 116, 'n': 117, 'i': 1, 'tq': 72.0}, len(matching): 118
matched entry: {'id': '20230607_117', 'p': 119, 'c': 117, 'n': 118, 'i': 1, 'tq': 68.0}, len(matching): 119
matched entry: {'id': '20230607_118', 'p': 120, 'c': 118, 'n': 119, 'i': 1, 'tq': 68.0}, len(matching): 120
matched entry: {'id': '20230607_121', 'p': 121, 'c': 119, 'n': 122, 'i': 1, 'tq': 67.0}, len(matching): 121
matched entry: {'id': '20230607_119', 'p': 122, 'c': 120, 'n': 120, 'i': 1, 'tq': 71.0}, len(matching): 122
match is None, entry: {'id': '20230602_123', 'p': 121, 'c': 123, 'n': -1, 'i': 0, 'tq': 69.0} len(matching): 123
match is None, entry: {'id': '20230602_124', 'p': 124, 'c': 124, 'n': -1, 'i': 0, 'tq': 76.0} len(matching): 124
combined_distances[125, 117] =7.126424020233088 > 3.7518770565996356 = distance_threshold
match is None, entry: {'id': '20230602_125', 'p': 117, 'c': 125, 'n': -1, 'i': 0, 'tq': -90.0} len(matching): 125
matched entry: {'id': '20230607_125', 'p': 126, 'c': 124, 'n': 126, 'i': 1, 'tq': 64.0}, len(matching): 126
matched entry: {'id': '20230607_126', 'p': 127, 'c': 125, 'n': 127, 'i': 1, 'tq': 97.0}, len(matching): 127
matched entry: {'id': '20230607_128', 'p': 128, 'c': 126, 'n': 129, 'i': 1, 'tq': 70.0}, len(matching): 128
matched entry: {'id': '20230607_129', 'p': 129, 'c': 127, 'n': 130, 'i': 1, 'tq': 71.0}, len(matching): 129
matched entry: {'id': '20230607_127', 'p': 130, 'c': 128, 'n': 128, 'i': 1, 'tq': 70.0}, len(matching): 130
matched entry: {'id': '20230607_130', 'p': 131, 'c': 129, 'n': 131, 'i': 1, 'tq': 71.0}, len(matching): 131
matched entry: {'id': '20230607_131', 'p': 132, 'c': 130, 'n': 132, 'i': 1, 'tq': 65.0}, len(matching): 132
matched entry: {'id': '20230607_134', 'p': 133, 'c': 131, 'n': 135, 'i': 1, 'tq': 67.0}, len(matching): 133
matched entry: {'id': '20230607_133', 'p': 134, 'c': 132, 'n': 134, 'i': 1, 'tq': 92.0}, len(matching): 134
matched entry: {'id': '20230607_135', 'p': 135, 'c': 133, 'n': 136, 'i': 1, 'tq': 62.0}, len(matching): 135
matched entry: {'id': '20230607_136', 'p': 136, 'c': 134, 'n': 137, 'i': 1, 'tq': 72.0}, len(matching): 136
matched entry: {'id': '20230607_139', 'p': 137, 'c': 135, 'n': 140, 'i': 1, 'tq': 97.0}, len(matching): 137
match is None, entry: {'id': '20230602_138', 'p': 140, 'c': 138, 'n': -1, 'i': 0, 'tq': 71.0} len(matching): 138
matched entry: {'id': '20230605_136', 'p': 139, 'c': 137, 'n': -1, 'i': 0, 'tq': 67.0}, len(matching): 139
matched entry: {'id': '20230607_140', 'p': 140, 'c': 138, 'n': 141, 'i': 1, 'tq': 67.0}, len(matching): 140
matched entry: {'id': '20230605_138', 'p': 141, 'c': 139, 'n': -1, 'i': 0, 'tq': 52.0}, len(matching): 141
matched entry: {'id': '20230607_142', 'p': 142, 'c': 140, 'n': 143, 'i': 1, 'tq': 95.0}, len(matching): 142
matched entry: {'id': '20230607_143', 'p': 143, 'c': 141, 'n': 144, 'i': 1, 'tq': 68.0}, len(matching): 143
matched entry: {'id': '20230607_145', 'p': 144, 'c': 142, 'n': 146, 'i': 1, 'tq': 98.0}, len(matching): 144
matched entry: {'id': '20230607_144', 'p': 145, 'c': 143, 'n': 145, 'i': 1, 'tq': 67.0}, len(matching): 145
matched entry: {'id': '20230607_146', 'p': 146, 'c': 145, 'n': 147, 'i': 1, 'tq': 66.0}, len(matching): 146
matched entry: {'id': '20230607_147', 'p': 147, 'c': 144, 'n': 148, 'i': 1, 'tq': 95.0}, len(matching): 147
matched entry: {'id': '20230607_148', 'p': 148, 'c': 146, 'n': 149, 'i': 1, 'tq': 93.0}, len(matching): 148
matched entry: {'id': '20230607_152', 'p': 149, 'c': 147, 'n': 153, 'i': 1, 'tq': 94.0}, len(matching): 149
matched entry: {'id': '20230607_149', 'p': 150, 'c': 148, 'n': 150, 'i': 1, 'tq': 71.0}, len(matching): 150
matched entry: {'id': '20230607_151', 'p': 151, 'c': 149, 'n': 152, 'i': 1, 'tq': 91.0}, len(matching): 151
matched entry: {'id': '20230607_150', 'p': 152, 'c': 150, 'n': 151, 'i': 1, 'tq': 71.0}, len(matching): 152
match is None, entry: {'id': '20230602_153', 'p': 154, 'c': 153, 'n': -1, 'i': 0, 'tq': 77.0} len(matching): 153
matched entry: {'id': '20230607_154', 'p': 154, 'c': 152, 'n': 155, 'i': 1, 'tq': 70.0}, len(matching): 154
matched entry: {'id': '20230607_155', 'p': 155, 'c': 153, 'n': 156, 'i': 1, 'tq': 61.0}, len(matching): 155
matched entry: {'id': '20230607_156', 'p': 156, 'c': 155, 'n': 157, 'i': 1, 'tq': 99.0}, len(matching): 156
combined_distances[157, 126] =43.3726111589353 > 3.7518770565996356 = distance_threshold
match is None, entry: {'id': '20230602_157', 'p': 126, 'c': 157, 'n': -1, 'i': 0, 'tq': -1056.0} len(matching): 157
matched entry: {'id': '20230607_158', 'p': 158, 'c': 156, 'n': 159, 'i': 1, 'tq': 99.0}, len(matching): 158
combined_distances[159, 158] =5.645449677991158 > 3.7518770565996356 = distance_threshold
match is None, entry: {'id': '20230602_159', 'p': 158, 'c': 159, 'n': -1, 'i': 0, 'tq': -50.0} len(matching): 159
matched entry: {'id': '20230605_158', 'p': 160, 'c': 159, 'n': -1, 'i': 0, 'tq': 68.0}, len(matching): 160
matched entry: {'id': '20230607_160', 'p': 161, 'c': 160, 'n': 161, 'i': 1, 'tq': 71.0}, len(matching): 161
matched entry: {'id': '20230607_161', 'p': 162, 'c': 162, 'n': 162, 'i': 1, 'tq': 96.0}, len(matching): 162
matched entry: {'id': '20230607_162', 'p': 163, 'c': 163, 'n': 163, 'i': 1, 'tq': 69.0}, len(matching): 163
matched entry: {'id': '20230607_164', 'p': 164, 'c': 164, 'n': 165, 'i': 1, 'tq': 54.0}, len(matching): 164
matched entry: {'id': '20230607_166', 'p': 165, 'c': 166, 'n': 167, 'i': 1, 'tq': 96.0}, len(matching): 165
matched entry: {'id': '20230607_163', 'p': 166, 'c': 165, 'n': 164, 'i': 1, 'tq': 52.0}, len(matching): 166
matched entry: {'id': '20230607_167', 'p': 167, 'c': 167, 'n': 168, 'i': 1, 'tq': 68.0}, len(matching): 167
matched entry: {'id': '20230607_165', 'p': 168, 'c': 169, 'n': 166, 'i': 1, 'tq': 66.0}, len(matching): 168
combined_distances[169, 176] =31.17218339605119 > 3.7518770565996356 = distance_threshold
match is None, entry: {'id': '20230602_169', 'p': 176, 'c': 169, 'n': -1, 'i': 0, 'tq': -731.0} len(matching): 169
matched entry: {'id': '20230607_168', 'p': 170, 'c': 170, 'n': 169, 'i': 1, 'tq': 96.0}, len(matching): 170
matched entry: {'id': '20230607_170', 'p': 171, 'c': 171, 'n': 171, 'i': 1, 'tq': 95.0}, len(matching): 171
matched entry: {'id': '20230607_174', 'p': 172, 'c': 172, 'n': 175, 'i': 1, 'tq': 55.0}, len(matching): 172
matched entry: {'id': '20230607_172', 'p': 173, 'c': 174, 'n': 173, 'i': 1, 'tq': 97.0}, len(matching): 173
combined_distances[174, 189] =40.31245760736145 > 3.7518770565996356 = distance_threshold
match is None, entry: {'id': '20230602_174', 'p': 189, 'c': 174, 'n': -1, 'i': 0, 'tq': -974.0} len(matching): 174
matched entry: {'id': '20230605_174', 'p': 175, 'c': 175, 'n': -1, 'i': 0, 'tq': 55.0}, len(matching): 175
matched entry: {'id': '20230607_175', 'p': 176, 'c': 176, 'n': 176, 'i': 1, 'tq': 71.0}, len(matching): 176
combined_distances[177, 187] =27.721393761255417 > 3.7518770565996356 = distance_threshold
match is None, entry: {'id': '20230602_177', 'p': 187, 'c': 177, 'n': -1, 'i': 0, 'tq': -639.0} len(matching): 177
matched entry: {'id': '20230607_179', 'p': 178, 'c': 178, 'n': 180, 'i': 1, 'tq': 68.0}, len(matching): 178
matched entry: {'id': '20230607_180', 'p': 179, 'c': 179, 'n': 181, 'i': 1, 'tq': 70.0}, len(matching): 179
matched entry: {'id': '20230607_182', 'p': 180, 'c': 180, 'n': 183, 'i': 1, 'tq': 48.0}, len(matching): 180
matched entry: {'id': '20230607_181', 'p': 181, 'c': 181, 'n': 182, 'i': 1, 'tq': 67.0}, len(matching): 181
matched entry: {'id': '20230605_181', 'p': 182, 'c': 182, 'n': -1, 'i': 0, 'tq': 65.0}, len(matching): 182
matched entry: {'id': '20230607_186', 'p': 183, 'c': 183, 'n': 187, 'i': 1, 'tq': 79.0}, len(matching): 183
matched entry: {'id': '20230607_187', 'p': 184, 'c': 185, 'n': 188, 'i': 1, 'tq': 66.0}, len(matching): 184
matched entry: {'id': '20230607_184', 'p': 185, 'c': 184, 'n': 185, 'i': 1, 'tq': 88.0}, len(matching): 185
matched entry: {'id': '20230607_185', 'p': 186, 'c': 186, 'n': 186, 'i': 1, 'tq': 65.0}, len(matching): 186
combined_distances[187, 174] =20.37216842790739 > 3.7518770565996356 = distance_threshold
match is None, entry: {'id': '20230602_187', 'p': 174, 'c': 187, 'n': -1, 'i': 0, 'tq': -443.0} len(matching): 187
matched entry: {'id': '20230607_188', 'p': 188, 'c': 188, 'n': 189, 'i': 1, 'tq': 71.0}, len(matching): 188
matched entry: {'id': '20230607_190', 'p': 189, 'c': 189, 'n': 191, 'i': 1, 'tq': 62.0}, len(matching): 189
combined_distances[190, 194] =12.137364763107247 > 3.7518770565996356 = distance_threshold
match is None, entry: {'id': '20230602_190', 'p': 194, 'c': 190, 'n': -1, 'i': 0, 'tq': -224.0} len(matching): 190
matched entry: {'id': '20230607_192', 'p': 191, 'c': 191, 'n': 193, 'i': 1, 'tq': 86.0}, len(matching): 191
combined_distances[192, 193] =7.416096968929251 > 3.7518770565996356 = distance_threshold
match is None, entry: {'id': '20230602_192', 'p': 193, 'c': 192, 'n': -1, 'i': 0, 'tq': -98.0} len(matching): 192
matched entry: {'id': '20230607_193', 'p': 193, 'c': 193, 'n': 194, 'i': 1, 'tq': 95.0}, len(matching): 193
matched entry: {'id': '20230607_194', 'p': 194, 'c': 194, 'n': 195, 'i': 1, 'tq': 69.0}, len(matching): 194
combined_distances[195, 203] =18.846175556440823 > 3.7518770565996356 = distance_threshold
match is None, entry: {'id': '20230602_195', 'p': 203, 'c': 195, 'n': -1, 'i': 0, 'tq': -402.0} len(matching): 195
matched entry: {'id': '20230605_194', 'p': 196, 'c': 195, 'n': -1, 'i': 0, 'tq': 55.0}, len(matching): 196
matched entry: {'id': '20230607_197', 'p': 197, 'c': 199, 'n': 198, 'i': 1, 'tq': 57.0}, len(matching): 197
matched entry: {'id': '20230607_200', 'p': 198, 'c': 201, 'n': 201, 'i': 1, 'tq': 96.0}, len(matching): 198
matched entry: {'id': '20230607_199', 'p': 199, 'c': 200, 'n': 200, 'i': 1, 'tq': 76.0}, len(matching): 199
matched entry: {'id': '20230607_201', 'p': 200, 'c': 203, 'n': 202, 'i': 1, 'tq': 70.0}, len(matching): 200
matched entry: {'id': '20230607_202', 'p': 201, 'c': 202, 'n': 203, 'i': 1, 'tq': 59.0}, len(matching): 201
matched entry: {'id': '20230607_205', 'p': 202, 'c': 205, 'n': 206, 'i': 1, 'tq': 71.0}, len(matching): 202
matched entry: {'id': '20230607_208', 'p': 203, 'c': 206, 'n': 209, 'i': 1, 'tq': 67.0}, len(matching): 203
matched entry: {'id': '20230605_206', 'p': 204, 'c': 208, 'n': -1, 'i': 0, 'tq': 69.0}, len(matching): 204
matched entry: {'id': '20230607_209', 'p': 205, 'c': 207, 'n': 210, 'i': 1, 'tq': 59.0}, len(matching): 205
combined_distances[206, 197] =21.6297472993654 > 3.7518770565996356 = distance_threshold
match is None, entry: {'id': '20230602_206', 'p': 197, 'c': 206, 'n': -1, 'i': 0, 'tq': -477.0} len(matching): 206
matched entry: {'id': '20230607_210', 'p': 207, 'c': 210, 'n': 211, 'i': 1, 'tq': 57.0}, len(matching): 207
match is None, entry: {'id': '20230602_208', 'p': 208, 'c': 208, 'n': -1, 'i': 0, 'tq': 34.0} len(matching): 208
matched entry: {'id': '20230607_211', 'p': 209, 'c': 211, 'n': 212, 'i': 1, 'tq': 56.0}, len(matching): 209
matched entry: {'id': '20230607_212', 'p': 210, 'c': 212, 'n': 213, 'i': 1, 'tq': 92.0}, len(matching): 210
matched entry: {'id': '20230607_214', 'p': 211, 'c': 215, 'n': 215, 'i': 1, 'tq': 64.0}, len(matching): 211
matched entry: {'id': '20230607_215', 'p': 212, 'c': 216, 'n': 216, 'i': 1, 'tq': 54.0}, len(matching): 212
matched entry: {'id': '20230607_217', 'p': 213, 'c': 217, 'n': 218, 'i': 1, 'tq': 54.0}, len(matching): 213
matched entry: {'id': '20230607_218', 'p': 214, 'c': 218, 'n': 219, 'i': 1, 'tq': 65.0}, len(matching): 214
combined_distances[215, 216] =45.32538210711695 > 3.7518770565996356 = distance_threshold
match is None, entry: {'id': '20230602_215', 'p': 216, 'c': 215, 'n': -1, 'i': 0, 'tq': -1108.0} len(matching): 215
combined_distances[216, 215] =83.48655418038365 > 3.7518770565996356 = distance_threshold
match is None, entry: {'id': '20230602_216', 'p': 215, 'c': 216, 'n': -1, 'i': 0, 'tq': -2125.0} len(matching): 216
i_dict: {0: 1, 1: 1, 2: 1}
tq_average: -70.53456221198157
average_tracking_quality: 67.10285714285715
@find_matching:
Returning:
Matching(lenght=217): [{'id': '20230607_3', 'p': 2, 'c': 0, 'n': 2, 'i': 2, 'tq': 74.0}, {'id': '20230607_4', 'p': 3, 'c': 1, 'n': 4, 'i': 2, 'tq': 75.0}, {'id': '20230602_2', 'p': 8, 'c': 2, 'n': -1, 'i': 0, 'tq': -1243.0}, {'id': '20230602_3', 'p': 5, 'c': 3, 'n': -1, 'i': 0, 'tq': -76.0}, {'id': '20230602_4', 'p': 4, 'c': 4, 'n': -1, 'i': 0, 'tq': 40.0}, {'id': '20230607_9', 'p': 6, 'c': 5, 'n': 8, 'i': 2, 'tq': 70.0}, {'id': '20230602_6', 'p': 1, 'c': 6, 'n': -1, 'i': 0, 'tq': -834.0}, {'id': '20230602_7', 'p': 0, 'c': 7, 'n': -1, 'i': 0, 'tq': -1830.0}, {'id': '20230607_13', 'p': 10, 'c': 8, 'n': 13, 'i': 2, 'tq': 22.0}, {'id': '20230602_9', 'p': 12, 'c': 9, 'n': -1, 'i': 0, 'tq': -83.0}, {'id': '20230607_11', 'p': 9, 'c': 10, 'n': 10, 'i': 2, 'tq': 79.0}, {'id': '20230607_14', 'p': 11, 'c': 11, 'n': 14, 'i': 2, 'tq': 54.0}, {'id': '20230607_15', 'p': 13, 'c': 12, 'n': 15, 'i': 2, 'tq': 4.0}, {'id': '20230602_13', 'p': 7, 'c': 13, 'n': -1, 'i': 0, 'tq': -719.0}, {'id': '20230607_16', 'p': 14, 'c': 14, 'n': 16, 'i': 2, 'tq': 61.0}, {'id': '20230602_15', 'p': 22, 'c': 15, 'n': -1, 'i': 0, 'tq': -3290.0}, {'id': '20230607_18', 'p': 15, 'c': 16, 'n': 19, 'i': 2, 'tq': 67.0}, {'id': '20230602_17', 'p': 21, 'c': 17, 'n': -1, 'i': 0, 'tq': -594.0}, {'id': '20230602_18', 'p': 16, 'c': 18, 'n': -1, 'i': 0, 'tq': -43.0}, {'id': '20230607_20', 'p': 17, 'c': 19, 'n': 21, 'i': 2, 'tq': 96.0}, {'id': '20230607_21', 'p': 18, 'c': 20, 'n': 22, 'i': 2, 'tq': 70.0}, {'id': '20230607_22', 'p': 19, 'c': 21, 'n': 23, 'i': 2, 'tq': 99.0}, {'id': '20230607_23', 'p': 20, 'c': 22, 'n': 24, 'i': 2, 'tq': 79.0}, {'id': '20230602_23', 'p': 29, 'c': 23, 'n': -1, 'i': 0, 'tq': -2083.0}, {'id': '20230602_24', 'p': 23, 'c': 24, 'n': -1, 'i': 0, 'tq': -92.0}, {'id': '20230607_25', 'p': 24, 'c': 25, 'n': 26, 'i': 2, 'tq': 58.0}, {'id': '20230607_26', 'p': 25, 'c': 26, 'n': 27, 'i': 2, 'tq': 93.0}, {'id': '20230607_27', 'p': 26, 'c': 27, 'n': 28, 'i': 2, 'tq': 78.0}, {'id': '20230605_29', 'p': 27, 'c': 28, 'n': 30, 'i': 1, 'tq': 74.0}, {'id': '20230602_29', 'p': 40, 'c': 29, 'n': -1, 'i': 0, 'tq': -1110.0}, {'id': '20230605_30', 'p': 28, 'c': 30, 'n': 31, 'i': 1, 'tq': 61.0}, {'id': '20230605_31', 'p': 30, 'c': 31, 'n': 32, 'i': 1, 'tq': 52.0}, {'id': '20230607_32', 'p': 32, 'c': 32, 'n': 33, 'i': 2, 'tq': 78.0}, {'id': '20230607_33', 'p': 31, 'c': 33, 'n': 34, 'i': 2, 'tq': 62.0}, {'id': '20230602_34', 'p': 33, 'c': 34, 'n': -1, 'i': 0, 'tq': -13.0}, {'id': '20230602_35', 'p': 41, 'c': 35, 'n': -1, 'i': 0, 'tq': -453.0}, {'id': '20230607_35', 'p': 34, 'c': 36, 'n': 37, 'i': 2, 'tq': 78.0}, {'id': '20230605_37', 'p': 35, 'c': 37, 'n': 38, 'i': 1, 'tq': 53.0}, {'id': '20230607_37', 'p': 36, 'c': 38, 'n': 39, 'i': 2, 'tq': 95.0}, {'id': '20230607_38', 'p': 37, 'c': 39, 'n': 41, 'i': 2, 'tq': 79.0}, {'id': '20230607_39', 'p': 38, 'c': 40, 'n': 40, 'i': 2, 'tq': 76.0}, {'id': '20230607_41', 'p': 39, 'c': 41, 'n': 42, 'i': 2, 'tq': 95.0}, {'id': '20230607_43', 'p': 46, 'c': 42, 'n': 43, 'i': 2, 'tq': 8.0}, {'id': '20230607_42', 'p': 42, 'c': 43, 'n': 44, 'i': 2, 'tq': 98.0}, {'id': '20230607_44', 'p': 43, 'c': 44, 'n': 45, 'i': 2, 'tq': 73.0}, {'id': '20230607_45', 'p': 44, 'c': 45, 'n': 46, 'i': 2, 'tq': 56.0}, {'id': '20230607_46', 'p': 45, 'c': 46, 'n': 47, 'i': 2, 'tq': 57.0}, {'id': '20230602_47', 'p': 59, 'c': 47, 'n': -1, 'i': 0, 'tq': -644.0}, {'id': '20230607_48', 'p': 47, 'c': 48, 'n': 49, 'i': 2, 'tq': 78.0}, {'id': '20230605_49', 'p': 48, 'c': 49, 'n': 50, 'i': 1, 'tq': 73.0}, {'id': '20230607_50', 'p': 50, 'c': 50, 'n': 53, 'i': 2, 'tq': 67.0}, {'id': '20230607_51', 'p': 49, 'c': 51, 'n': 52, 'i': 2, 'tq': 74.0}, {'id': '20230607_52', 'p': 51, 'c': 52, 'n': 54, 'i': 2, 'tq': 57.0}, {'id': '20230602_53', 'p': 53, 'c': 53, 'n': -1, 'i': 0, 'tq': -495.0}, {'id': '20230602_54', 'p': 52, 'c': 54, 'n': -1, 'i': 0, 'tq': -1200.0}, {'id': '20230602_55', 'p': 56, 'c': 55, 'n': -1, 'i': 0, 'tq': -367.0}, {'id': '20230607_54', 'p': 54, 'c': 56, 'n': 57, 'i': 2, 'tq': 77.0}, {'id': '20230607_60', 'p': 55, 'c': 57, 'n': 58, 'i': 2, 'tq': 95.0}, {'id': '20230602_58', 'p': 57, 'c': 58, 'n': -1, 'i': 0, 'tq': 3.0}, {'id': '20230602_59', 'p': 65, 'c': 59, 'n': -1, 'i': 0, 'tq': -167.0}, {'id': '20230607_58', 'p': 58, 'c': 60, 'n': 61, 'i': 2, 'tq': 99.0}, {'id': '20230607_59', 'p': 60, 'c': 61, 'n': 63, 'i': 2, 'tq': 56.0}, {'id': '20230605_63', 'p': 61, 'c': 62, 'n': 64, 'i': 1, 'tq': 79.0}, {'id': '20230607_63', 'p': 62, 'c': 63, 'n': 65, 'i': 2, 'tq': 68.0}, {'id': '20230607_62', 'p': 63, 'c': 64, 'n': 66, 'i': 2, 'tq': 78.0}, {'id': '20230607_64', 'p': 64, 'c': 65, 'n': 68, 'i': 2, 'tq': 78.0}, {'id': '20230602_66', 'p': 73, 'c': 66, 'n': -1, 'i': 0, 'tq': -116.0}, {'id': '20230607_66', 'p': 66, 'c': 67, 'n': 69, 'i': 2, 'tq': 72.0}, {'id': '20230607_67', 'p': 67, 'c': 68, 'n': 70, 'i': 2, 'tq': 80.0}, {'id': '20230607_68', 'p': 68, 'c': 69, 'n': 71, 'i': 2, 'tq': 80.0}, {'id': '20230605_71', 'p': 69, 'c': 70, 'n': 72, 'i': 1, 'tq': 70.0}, {'id': '20230602_71', 'p': 71, 'c': 71, 'n': -1, 'i': 0, 'tq': 58.0}, {'id': '20230607_70', 'p': 70, 'c': 72, 'n': 73, 'i': 2, 'tq': 95.0}, {'id': '20230607_72', 'p': 72, 'c': 73, 'n': 74, 'i': 2, 'tq': 93.0}, {'id': '20230602_74', 'p': 78, 'c': 74, 'n': -1, 'i': 0, 'tq': -60.0}, {'id': '20230607_75', 'p': 74, 'c': 75, 'n': 76, 'i': 2, 'tq': 80.0}, {'id': '20230607_74', 'p': 75, 'c': 76, 'n': 77, 'i': 2, 'tq': 55.0}, {'id': '20230607_76', 'p': 77, 'c': 77, 'n': 79, 'i': 2, 'tq': 80.0}, {'id': '20230602_78', 'p': 76, 'c': 78, 'n': -1, 'i': 0, 'tq': -27.0}, {'id': '20230602_79', 'p': 89, 'c': 79, 'n': -1, 'i': 0, 'tq': -358.0}, {'id': '20230602_80', 'p': 86, 'c': 80, 'n': -1, 'i': 0, 'tq': -80.0}, {'id': '20230607_79', 'p': 79, 'c': 81, 'n': 81, 'i': 2, 'tq': 76.0}, {'id': '20230607_81', 'p': 80, 'c': 82, 'n': 82, 'i': 2, 'tq': 51.0}, {'id': '20230607_82', 'p': 81, 'c': 83, 'n': 83, 'i': 2, 'tq': 61.0}, {'id': '20230602_84', 'p': 83, 'c': 84, 'n': -1, 'i': 0, 'tq': 35.0}, {'id': '20230607_84', 'p': 82, 'c': 85, 'n': 84, 'i': 2, 'tq': 55.0}, {'id': '20230607_85', 'p': 84, 'c': 86, 'n': 85, 'i': 2, 'tq': 42.0}, {'id': '20230602_87', 'p': 97, 'c': 87, 'n': -1, 'i': 0, 'tq': -176.0}, {'id': '20230607_87', 'p': 87, 'c': 88, 'n': 87, 'i': 2, 'tq': 64.0}, {'id': '20230607_88', 'p': 88, 'c': 89, 'n': 88, 'i': 2, 'tq': 67.0}, {'id': '20230602_90', 'p': 98, 'c': 90, 'n': -1, 'i': 0, 'tq': -145.0}, {'id': '20230607_92', 'p': 90, 'c': 91, 'n': 90, 'i': 2, 'tq': 72.0}, {'id': '20230607_90', 'p': 91, 'c': 92, 'n': 91, 'i': 2, 'tq': 71.0}, {'id': '20230607_91', 'p': 92, 'c': 93, 'n': 92, 'i': 2, 'tq': 63.0}, {'id': '20230607_94', 'p': 94, 'c': 94, 'n': 93, 'i': 2, 'tq': 53.0}, {'id': '20230607_93', 'p': 93, 'c': 95, 'n': 94, 'i': 2, 'tq': 70.0}, {'id': '20230607_95', 'p': 95, 'c': 96, 'n': 95, 'i': 2, 'tq': 57.0}, {'id': '20230607_96', 'p': 96, 'c': 97, 'n': 96, 'i': 2, 'tq': 80.0}, {'id': '20230602_98', 'p': 125, 'c': 98, 'n': -1, 'i': 0, 'tq': -1055.0}, {'id': '20230602_99', 'p': 112, 'c': 99, 'n': -1, 'i': 0, 'tq': -885.0}, {'id': '20230602_100', 'p': 85, 'c': 100, 'n': -1, 'i': 0, 'tq': -394.0}, {'id': '20230607_100', 'p': 99, 'c': 101, 'n': 99, 'i': 2, 'tq': 53.0}, {'id': '20230607_101', 'p': 100, 'c': 102, 'n': 100, 'i': 2, 'tq': 77.0}, {'id': '20230607_102', 'p': 101, 'c': 103, 'n': 101, 'i': 2, 'tq': 72.0}, {'id': '20230602_104', 'p': 102, 'c': 104, 'n': -1, 'i': 0, 'tq': 61.0}, {'id': '20230607_103', 'p': 103, 'c': 105, 'n': 102, 'i': 2, 'tq': 55.0}, {'id': '20230607_104', 'p': 104, 'c': 106, 'n': 103, 'i': 2, 'tq': 63.0}, {'id': '20230607_105', 'p': 105, 'c': 107, 'n': 104, 'i': 2, 'tq': 57.0}, {'id': '20230602_108', 'p': 106, 'c': 108, 'n': -1, 'i': 0, 'tq': 58.0}, {'id': '20230607_107', 'p': 107, 'c': 109, 'n': 106, 'i': 2, 'tq': 71.0}, {'id': '20230607_108', 'p': 108, 'c': 110, 'n': 107, 'i': 2, 'tq': 72.0}, {'id': '20230602_111', 'p': 109, 'c': 111, 'n': -1, 'i': 0, 'tq': 70.0}, {'id': '20230607_110', 'p': 110, 'c': 112, 'n': 110, 'i': 2, 'tq': 78.0}, {'id': '20230607_111', 'p': 111, 'c': 113, 'n': 111, 'i': 2, 'tq': 57.0}, {'id': '20230607_112', 'p': 113, 'c': 114, 'n': 112, 'i': 2, 'tq': 70.0}, {'id': '20230607_113', 'p': 114, 'c': 115, 'n': 113, 'i': 2, 'tq': 25.0}, {'id': '20230602_116', 'p': 115, 'c': 116, 'n': -1, 'i': 0, 'tq': 80.0}, {'id': '20230607_115', 'p': 116, 'c': 117, 'n': 115, 'i': 2, 'tq': 52.0}, {'id': '20230607_116', 'p': 118, 'c': 118, 'n': 116, 'i': 2, 'tq': 56.0}, {'id': '20230607_117', 'p': 119, 'c': 119, 'n': 117, 'i': 2, 'tq': 59.0}, {'id': '20230607_118', 'p': 120, 'c': 120, 'n': 118, 'i': 2, 'tq': 56.0}, {'id': '20230607_121', 'p': 123, 'c': 121, 'n': 119, 'i': 2, 'tq': 76.0}, {'id': '20230607_119', 'p': 122, 'c': 122, 'n': 120, 'i': 2, 'tq': 68.0}, {'id': '20230602_123', 'p': 121, 'c': 123, 'n': -1, 'i': 0, 'tq': 69.0}, {'id': '20230602_124', 'p': 124, 'c': 124, 'n': -1, 'i': 0, 'tq': 76.0}, {'id': '20230602_125', 'p': 117, 'c': 125, 'n': -1, 'i': 0, 'tq': -90.0}, {'id': '20230607_125', 'p': 127, 'c': 126, 'n': 124, 'i': 2, 'tq': 69.0}, {'id': '20230607_126', 'p': 128, 'c': 127, 'n': 125, 'i': 2, 'tq': 78.0}, {'id': '20230607_128', 'p': 131, 'c': 128, 'n': 126, 'i': 2, 'tq': 80.0}, {'id': '20230607_129', 'p': 130, 'c': 129, 'n': 127, 'i': 2, 'tq': 73.0}, {'id': '20230607_127', 'p': 129, 'c': 130, 'n': 128, 'i': 2, 'tq': 70.0}, {'id': '20230607_130', 'p': 132, 'c': 131, 'n': 129, 'i': 2, 'tq': 57.0}, {'id': '20230607_131', 'p': 133, 'c': 132, 'n': 130, 'i': 2, 'tq': 73.0}, {'id': '20230607_134', 'p': 134, 'c': 133, 'n': 131, 'i': 2, 'tq': 78.0}, {'id': '20230607_133', 'p': 135, 'c': 134, 'n': 132, 'i': 2, 'tq': 69.0}, {'id': '20230607_135', 'p': 136, 'c': 135, 'n': 133, 'i': 2, 'tq': 70.0}, {'id': '20230607_136', 'p': 137, 'c': 136, 'n': 134, 'i': 2, 'tq': 73.0}, {'id': '20230607_139', 'p': 138, 'c': 137, 'n': 135, 'i': 2, 'tq': 79.0}, {'id': '20230602_138', 'p': 140, 'c': 138, 'n': -1, 'i': 0, 'tq': 71.0}, {'id': '20230605_136', 'p': 139, 'c': 139, 'n': 137, 'i': 1, 'tq': 72.0}, {'id': '20230607_140', 'p': 141, 'c': 140, 'n': 138, 'i': 2, 'tq': 58.0}, {'id': '20230605_138', 'p': 142, 'c': 141, 'n': 139, 'i': 1, 'tq': 69.0}, {'id': '20230607_142', 'p': 143, 'c': 142, 'n': 140, 'i': 2, 'tq': 77.0}, {'id': '20230607_143', 'p': 145, 'c': 143, 'n': 141, 'i': 2, 'tq': 56.0}, {'id': '20230607_145', 'p': 144, 'c': 144, 'n': 142, 'i': 2, 'tq': 55.0}, {'id': '20230607_144', 'p': 146, 'c': 145, 'n': 143, 'i': 2, 'tq': 68.0}, {'id': '20230607_146', 'p': 147, 'c': 146, 'n': 145, 'i': 2, 'tq': 79.0}, {'id': '20230607_147', 'p': 148, 'c': 147, 'n': 144, 'i': 2, 'tq': 81.0}, {'id': '20230607_148', 'p': 149, 'c': 148, 'n': 146, 'i': 2, 'tq': 67.0}, {'id': '20230607_152', 'p': 151, 'c': 149, 'n': 147, 'i': 2, 'tq': 76.0}, {'id': '20230607_149', 'p': 150, 'c': 150, 'n': 148, 'i': 2, 'tq': 72.0}, {'id': '20230607_151', 'p': 153, 'c': 151, 'n': 149, 'i': 2, 'tq': 74.0}, {'id': '20230607_150', 'p': 152, 'c': 152, 'n': 150, 'i': 2, 'tq': 71.0}, {'id': '20230602_153', 'p': 154, 'c': 153, 'n': -1, 'i': 0, 'tq': 77.0}, {'id': '20230607_154', 'p': 155, 'c': 154, 'n': 152, 'i': 2, 'tq': 71.0}, {'id': '20230607_155', 'p': 156, 'c': 155, 'n': 153, 'i': 2, 'tq': 78.0}, {'id': '20230607_156', 'p': 157, 'c': 156, 'n': 155, 'i': 2, 'tq': 78.0}, {'id': '20230602_157', 'p': 126, 'c': 157, 'n': -1, 'i': 0, 'tq': -1056.0}, {'id': '20230607_158', 'p': 159, 'c': 158, 'n': 156, 'i': 2, 'tq': 97.0}, {'id': '20230602_159', 'p': 158, 'c': 159, 'n': -1, 'i': 0, 'tq': -50.0}, {'id': '20230605_158', 'p': 160, 'c': 160, 'n': 159, 'i': 1, 'tq': 55.0}, {'id': '20230607_160', 'p': 161, 'c': 161, 'n': 160, 'i': 2, 'tq': 56.0}, {'id': '20230607_161', 'p': 162, 'c': 162, 'n': 162, 'i': 2, 'tq': 73.0}, {'id': '20230607_162', 'p': 163, 'c': 163, 'n': 163, 'i': 2, 'tq': 70.0}, {'id': '20230607_164', 'p': 164, 'c': 164, 'n': 164, 'i': 2, 'tq': 75.0}, {'id': '20230607_166', 'p': 166, 'c': 165, 'n': 166, 'i': 2, 'tq': 98.0}, {'id': '20230607_163', 'p': 165, 'c': 166, 'n': 165, 'i': 2, 'tq': 57.0}, {'id': '20230607_167', 'p': 168, 'c': 167, 'n': 167, 'i': 2, 'tq': 67.0}, {'id': '20230607_165', 'p': 167, 'c': 168, 'n': 169, 'i': 2, 'tq': 70.0}, {'id': '20230602_169', 'p': 176, 'c': 169, 'n': -1, 'i': 0, 'tq': -731.0}, {'id': '20230607_168', 'p': 169, 'c': 170, 'n': 170, 'i': 2, 'tq': 56.0}, {'id': '20230607_170', 'p': 170, 'c': 171, 'n': 171, 'i': 2, 'tq': 96.0}, {'id': '20230607_174', 'p': 171, 'c': 172, 'n': 172, 'i': 2, 'tq': 15.0}, {'id': '20230607_172', 'p': 172, 'c': 173, 'n': 174, 'i': 2, 'tq': 78.0}, {'id': '20230602_174', 'p': 189, 'c': 174, 'n': -1, 'i': 0, 'tq': -974.0}, {'id': '20230605_174', 'p': 173, 'c': 175, 'n': 175, 'i': 1, 'tq': 26.0}, {'id': '20230607_175', 'p': 175, 'c': 176, 'n': 176, 'i': 2, 'tq': 79.0}, {'id': '20230602_177', 'p': 187, 'c': 177, 'n': -1, 'i': 0, 'tq': -639.0}, {'id': '20230607_179', 'p': 177, 'c': 178, 'n': 178, 'i': 2, 'tq': 72.0}, {'id': '20230607_180', 'p': 178, 'c': 179, 'n': 179, 'i': 2, 'tq': 69.0}, {'id': '20230607_182', 'p': 180, 'c': 180, 'n': 180, 'i': 2, 'tq': 94.0}, {'id': '20230607_181', 'p': 179, 'c': 181, 'n': 181, 'i': 2, 'tq': 32.0}, {'id': '20230605_181', 'p': 181, 'c': 182, 'n': 182, 'i': 1, 'tq': 68.0}, {'id': '20230607_186', 'p': 183, 'c': 183, 'n': 183, 'i': 2, 'tq': 73.0}, {'id': '20230607_187', 'p': 184, 'c': 184, 'n': 185, 'i': 2, 'tq': 79.0}, {'id': '20230607_184', 'p': 182, 'c': 185, 'n': 184, 'i': 2, 'tq': 59.0}, {'id': '20230607_185', 'p': 185, 'c': 186, 'n': 186, 'i': 2, 'tq': 58.0}, {'id': '20230602_187', 'p': 174, 'c': 187, 'n': -1, 'i': 0, 'tq': -443.0}, {'id': '20230607_188', 'p': 186, 'c': 188, 'n': 188, 'i': 2, 'tq': 56.0}, {'id': '20230607_190', 'p': 188, 'c': 189, 'n': 189, 'i': 2, 'tq': 69.0}, {'id': '20230602_190', 'p': 194, 'c': 190, 'n': -1, 'i': 0, 'tq': -224.0}, {'id': '20230607_192', 'p': 190, 'c': 191, 'n': 191, 'i': 2, 'tq': 65.0}, {'id': '20230602_192', 'p': 193, 'c': 192, 'n': -1, 'i': 0, 'tq': -98.0}, {'id': '20230607_193', 'p': 191, 'c': 193, 'n': 193, 'i': 2, 'tq': 79.0}, {'id': '20230607_194', 'p': 192, 'c': 194, 'n': 194, 'i': 2, 'tq': 77.0}, {'id': '20230602_195', 'p': 203, 'c': 195, 'n': -1, 'i': 0, 'tq': -402.0}, {'id': '20230605_194', 'p': 195, 'c': 196, 'n': 195, 'i': 1, 'tq': 30.0}, {'id': '20230607_197', 'p': 196, 'c': 197, 'n': 199, 'i': 2, 'tq': 39.0}, {'id': '20230607_200', 'p': 199, 'c': 198, 'n': 201, 'i': 2, 'tq': 98.0}, {'id': '20230607_199', 'p': 198, 'c': 199, 'n': 200, 'i': 2, 'tq': 66.0}, {'id': '20230607_201', 'p': 200, 'c': 200, 'n': 203, 'i': 2, 'tq': 61.0}, {'id': '20230607_202', 'p': 201, 'c': 201, 'n': 202, 'i': 2, 'tq': 80.0}, {'id': '20230607_205', 'p': 202, 'c': 202, 'n': 205, 'i': 2, 'tq': 43.0}, {'id': '20230607_208', 'p': 205, 'c': 203, 'n': 206, 'i': 2, 'tq': 41.0}, {'id': '20230605_206', 'p': 204, 'c': 204, 'n': 208, 'i': 1, 'tq': 34.0}, {'id': '20230607_209', 'p': 206, 'c': 205, 'n': 207, 'i': 2, 'tq': 79.0}, {'id': '20230602_206', 'p': 197, 'c': 206, 'n': -1, 'i': 0, 'tq': -477.0}, {'id': '20230607_210', 'p': 207, 'c': 207, 'n': 210, 'i': 2, 'tq': 59.0}, {'id': '20230602_208', 'p': 208, 'c': 208, 'n': -1, 'i': 0, 'tq': 34.0}, {'id': '20230607_211', 'p': 209, 'c': 209, 'n': 211, 'i': 2, 'tq': 62.0}, {'id': '20230607_212', 'p': 210, 'c': 210, 'n': 212, 'i': 2, 'tq': 77.0}, {'id': '20230607_214', 'p': 211, 'c': 211, 'n': 215, 'i': 2, 'tq': 77.0}, {'id': '20230607_215', 'p': 212, 'c': 212, 'n': 216, 'i': 2, 'tq': 61.0}, {'id': '20230607_217', 'p': 213, 'c': 213, 'n': 217, 'i': 2, 'tq': 81.0}, {'id': '20230607_218', 'p': 214, 'c': 214, 'n': 218, 'i': 2, 'tq': 77.0}, {'id': '20230602_215', 'p': 216, 'c': 215, 'n': -1, 'i': 0, 'tq': -1108.0}, {'id': '20230602_216', 'p': 215, 'c': 216, 'n': -1, 'i': 0, 'tq': -2125.0}]
Unmatched current(length=0): set()
Unmatched previous(length=0): set()
Distance threshold: 3.7518770565996356



@plot_data: normalized_points: (217, 2), normalized_prev_points: (217, 2), current_points: (217, 2), prev_points: (217, 2), current_data: 217, prev_data: 217, matching: 217, unmatched_current: 0, unmatched_prev: 0, combined_distances: (217, 217), distance_threshold: 3.7518770565996356, current_date_string: 20230602, previous_date_string: 20230531, filename: output/crop1003/20230531_20230602_plot.png
Plots created
Plotted the normalized points
Drawing lines between the matched points
Plotting the unmatched points
Plotted the original points with diameter as size
Drawing lines between the matched points and add the indices to the plots with color coding
