Current memory usage: 1333.125 MB
@analyze_image: file_name: data/crop1002/20230505.jpg, output_dir: output/crop1002, external_logger: <Logger data_crop1002.log (DEBUG)>
Loaded image & JSON file: data/crop1002/20230505.jpg
Scaled JSON data: scalar_position: 0.5, scalar_size: 0.5

@find_prev_next_date: image_output_dir: output/crop1002/20230505
data_dir: data/crop1002
Previous date file: data/crop1002/20230503.json, Next date file: data/crop1002/20230508.jpg


Loaded prev_results from JSON file: 20230503, length: 21
Scaled JSON data: scalar_position: 0.5, scalar_size: 0.5
Loaded next_results from JSON file: 20230508, length: 75
Scaled JSON data: scalar_position: 0.5, scalar_size: 0.5
prev_results is not empty, generating matching
Current memory usage: 1333.125 MB
current_date:20230505, generating Matching: 20230503_20230505_matching.json
spatial_distances: (26, 21), attribute_distances: (26, 21)
combined_distances: (26, 21)
Current memory usage: 1333.125 MB

@find_matching: combined_distances: (26, 21), next_matching: [{'id': '20230508_0', 'p': 0, 'c': 0, 'n': -1, 'i': 0, 'tq': 35.0}, {'id': '20230512_2', 'p': 2, 'c': 1, 'n': 2, 'i': 2, 'tq': 85.0}, {'id': '20230602_7', 'p': 5, 'c': 3, 'n': 3, 'i': 11, 'tq': 42.0}, {'id': '20230602_4', 'p': 4, 'c': 4, 'n': 4, 'i': 11, 'tq': 73.0}, {'id': '20230508_4', 'p': 3, 'c': 5, 'n': -1, 'i': 0, 'tq': 41.0}, {'id': '20230508_5', 'p': 1, 'c': 6, 'n': -1, 'i': 0, 'tq': -241.0}, {'id': '20230517_7', 'p': 6, 'c': 7, 'n': 7, 'i': 4, 'tq': 84.0}, {'id': '20230607_19', 'p': 8, 'c': 8, 'n': 8, 'i': 13, 'tq': 78.0}, {'id': '20230508_8', 'p': 7, 'c': 9, 'n': -1, 'i': 0, 'tq': 84.0}, {'id': '20230526_15', 'p': 9, 'c': 10, 'n': 9, 'i': 8, 'tq': 90.0}, {'id': '20230519_15', 'p': 10, 'c': 12, 'n': 11, 'i': 5, 'tq': 78.0}, {'id': '20230524_14', 'p': 11, 'c': 13, 'n': 12, 'i': 7, 'tq': 74.0}, {'id': '20230517_16', 'p': 13, 'c': 14, 'n': 13, 'i': 4, 'tq': 78.0}, {'id': '20230512_13', 'p': 12, 'c': 15, 'n': 14, 'i': 2, 'tq': 61.0}, {'id': '20230522_20', 'p': 14, 'c': 19, 'n': 18, 'i': 6, 'tq': 87.0}, {'id': '20230517_26', 'p': 15, 'c': 23, 'n': 25, 'i': 4, 'tq': 72.0}, {'id': '20230605_32', 'p': 16, 'c': 24, 'n': 26, 'i': 12, 'tq': 86.0}, {'id': '20230508_17', 'p': 17, 'c': 29, 'n': -1, 'i': 0, 'tq': 8.0}, {'id': '20230508_18', 'p': 18, 'c': 31, 'n': -1, 'i': 0, 'tq': -4.0}, {'id': '20230529_48', 'p': 19, 'c': 38, 'n': 43, 'i': 9, 'tq': 84.0}, {'id': '20230524_83', 'p': 20, 'c': 55, 'n': 68, 'i': 7, 'tq': 52.0}, {'id': '20230508_21', 'p': 21, 'c': 70, 'n': -1, 'i': 0, 'tq': -220.0}, {'id': '20230508_22', 'p': 23, 'c': 71, 'n': -1, 'i': 0, 'tq': -736.0}, {'id': '20230510_71', 'p': 22, 'c': 72, 'n': 93, 'i': 1, 'tq': 61.0}, {'id': '20230508_24', 'p': 24, 'c': 73, 'n': -1, 'i': 0, 'tq': -334.0}, {'id': '20230508_25', 'p': 25, 'c': 74, 'n': -1, 'i': 0, 'tq': -955.0}], current_date_string: 20230505, scalar_distance_threshold: 3
match is None, entry: {'id': '20230505_0', 'p': 0, 'c': 1, 'n': -1, 'i': 0, 'tq': 97.0} len(matching): 0
matched entry: {'id': '20230602_4', 'p': 4, 'c': 4, 'n': 4, 'i': 11, 'tq': 73.0}, len(matching): 1
matched entry: {'id': '20230602_7', 'p': 5, 'c': 3, 'n': 3, 'i': 11, 'tq': 42.0}, len(matching): 2
matched entry: {'id': '20230508_8', 'p': 7, 'c': 9, 'n': -1, 'i': 0, 'tq': 84.0}, len(matching): 3
matched entry: {'id': '20230607_19', 'p': 8, 'c': 8, 'n': 8, 'i': 13, 'tq': 78.0}, len(matching): 4
matched entry: {'id': '20230526_15', 'p': 9, 'c': 10, 'n': 9, 'i': 8, 'tq': 90.0}, len(matching): 5
combined_distances[10, 9] =130.3244097215195 > 99.65905414098958 = distance_threshold
match is None, entry: {'id': '20230505_6', 'p': 9, 'c': 10, 'n': -1, 'i': 0, 'tq': -31.0} len(matching): 6
matched entry: {'id': '20230512_13', 'p': 12, 'c': 15, 'n': 14, 'i': 2, 'tq': 61.0}, len(matching): 7
matched entry: {'id': '20230517_16', 'p': 13, 'c': 14, 'n': 13, 'i': 4, 'tq': 78.0}, len(matching): 8
combined_distances[14, 12] =189.82465626272366 > 99.65905414098958 = distance_threshold
match is None, entry: {'id': '20230505_9', 'p': 12, 'c': 14, 'n': -1, 'i': 0, 'tq': -90.0} len(matching): 9
matched entry: {'id': '20230517_26', 'p': 15, 'c': 23, 'n': 25, 'i': 4, 'tq': 72.0}, len(matching): 10
combined_distances[16, 15] =195.3418691952929 > 99.65905414098958 = distance_threshold
match is None, entry: {'id': '20230505_11', 'p': 15, 'c': 16, 'n': -1, 'i': 0, 'tq': -96.0} len(matching): 11
matched entry: {'id': '20230508_17', 'p': 17, 'c': 29, 'n': -1, 'i': 0, 'tq': 8.0}, len(matching): 12
combined_distances[18, 13] =118.0068235043943 > 99.65905414098958 = distance_threshold
match is None, entry: {'id': '20230505_13', 'p': 13, 'c': 18, 'n': -1, 'i': 0, 'tq': -18.0} len(matching): 13
matched entry: {'id': '20230529_48', 'p': 19, 'c': 38, 'n': 43, 'i': 9, 'tq': 84.0}, len(matching): 14
matched entry: {'id': '20230524_83', 'p': 20, 'c': 55, 'n': 68, 'i': 7, 'tq': 52.0}, len(matching): 15
match is None, entry: {'id': '20230505_16', 'p': 16, 'c': 21, 'n': -1, 'i': 0, 'tq': 67.0} len(matching): 16
matched entry: {'id': '20230510_71', 'p': 22, 'c': 72, 'n': 93, 'i': 1, 'tq': 61.0}, len(matching): 17
match is None, entry: {'id': '20230505_18', 'p': 20, 'c': 23, 'n': -1, 'i': 0, 'tq': 48.0} len(matching): 18
match is None, entry: {'id': '20230505_19', 'p': 19, 'c': 24, 'n': -1, 'i': 0, 'tq': 63.0} len(matching): 19
match is None, entry: {'id': '20230505_20', 'p': 18, 'c': 25, 'n': -1, 'i': 0, 'tq': 72.0} len(matching): 20
i_dict: {0: 1, 1: 1, 2: 1, 3: 1, 5: 1, 8: 1, 9: 1, 10: 1, 12: 1, 14: 1}
tq_average: 44.523809523809526
average_tracking_quality: 68.82352941176471
@find_matching:
Returning:
Matching(lenght=21): [{'id': '20230505_0', 'p': 0, 'c': 1, 'n': -1, 'i': 0, 'tq': 97.0}, {'id': '20230602_4', 'p': 1, 'c': 4, 'n': 4, 'i': 12, 'tq': 96.0}, {'id': '20230602_7', 'p': 2, 'c': 5, 'n': 3, 'i': 12, 'tq': 96.0}, {'id': '20230508_8', 'p': 3, 'c': 7, 'n': 9, 'i': 1, 'tq': 98.0}, {'id': '20230607_19', 'p': 5, 'c': 8, 'n': 8, 'i': 14, 'tq': 92.0}, {'id': '20230526_15', 'p': 4, 'c': 9, 'n': 10, 'i': 9, 'tq': 96.0}, {'id': '20230505_6', 'p': 9, 'c': 10, 'n': -1, 'i': 0, 'tq': -31.0}, {'id': '20230512_13', 'p': 6, 'c': 12, 'n': 15, 'i': 3, 'tq': 97.0}, {'id': '20230517_16', 'p': 8, 'c': 13, 'n': 14, 'i': 5, 'tq': 12.0}, {'id': '20230505_9', 'p': 12, 'c': 14, 'n': -1, 'i': 0, 'tq': -90.0}, {'id': '20230517_26', 'p': 7, 'c': 15, 'n': 23, 'i': 5, 'tq': 97.0}, {'id': '20230505_11', 'p': 15, 'c': 16, 'n': -1, 'i': 0, 'tq': -96.0}, {'id': '20230508_17', 'p': 10, 'c': 17, 'n': 29, 'i': 1, 'tq': 5.0}, {'id': '20230505_13', 'p': 13, 'c': 18, 'n': -1, 'i': 0, 'tq': -18.0}, {'id': '20230529_48', 'p': 14, 'c': 19, 'n': 38, 'i': 10, 'tq': 8.0}, {'id': '20230524_83', 'p': 11, 'c': 20, 'n': 55, 'i': 8, 'tq': 95.0}, {'id': '20230505_16', 'p': 16, 'c': 21, 'n': -1, 'i': 0, 'tq': 67.0}, {'id': '20230510_71', 'p': 17, 'c': 22, 'n': 72, 'i': 2, 'tq': 31.0}, {'id': '20230505_18', 'p': 20, 'c': 23, 'n': -1, 'i': 0, 'tq': 48.0}, {'id': '20230505_19', 'p': 19, 'c': 24, 'n': -1, 'i': 0, 'tq': 63.0}, {'id': '20230505_20', 'p': 18, 'c': 25, 'n': -1, 'i': 0, 'tq': 72.0}]
Unmatched current(length=5): {0, 2, 3, 6, 11}
Unmatched previous(length=0): set()
Distance threshold: 99.65905414098958



@plot_data: normalized_points: (26, 2), normalized_prev_points: (21, 2), current_points: (26, 2), prev_points: (21, 2), current_data: 26, prev_data: 21, matching: 21, unmatched_current: 5, unmatched_prev: 0, combined_distances: (26, 21), distance_threshold: 99.65905414098958, current_date_string: 20230505, previous_date_string: 20230503, filename: output/crop1002/20230503_20230505_plot.png
Plots created
Plotted the normalized points
Drawing lines between the matched points
Plotting the unmatched points
Plotted the original points with diameter as size
Drawing lines between the matched points and add the indices to the plots with color coding
Setting the titles and labels
Done plotting

@process_image: output_dir: output/crop1002/20230505, image_name: 20230505, date_string: 20230505
26 json_data entries
21 matching entries
crop_dir: output/crop1002
nodules_dir: output/crop1002/nodules-last-detected-on
Split image into left and right images: (705, 300, 3), (705, 300, 3)
Converted right image to HSV: (705, 300, 3)
Created mask to detect nodules: (705, 300)

Found 25 contours in mask, processing each contour...

@process_contour: max_id: 20230505_0
Moments: {'m00': 10.0, 'm10': 1414.5, 'm01': 6536.833333333333, 'm20': 200088.16666666666, 'm11': 924634.25, 'm02': 4273028.833333333, 'm30': 28304492.25, 'm21': 130794065.7, 'm12': 604418849.0, 'm03': 2793220584.3500004, 'mu20': 7.141666666633682, 'mu11': -0.8250000000698492, 'mu02': 9.830555555410683, 'mu30': 0.6975000090897083, 'mu21': -0.6547222000654074, 'mu12': -0.8974999588449464, 'mu03': 1.0065746307373047, 'nu20': 0.07141666666633684, 'nu11': -0.008250000000698494, 'nu02': 0.09830555555410685, 'nu30': 0.0022056886967116267, 'nu21': -0.0020704133868831302, 'nu12': -0.002838144069857414, 'nu03': 0.0031830684680728147}
Centroid: 141, 653
Processing contour#1: area: 10.0 centroid: 141, 653 rectangle: (140, 652, 4, 5)
@find_dayJSON_match_for_contour: x: 140, y: 652, w: 4, h: 5, area: 10.0
Matched with JSON#25: (141, 653, 3, 39.0, 21.3137, 0.407928)
Match with input JSON(nodules) ID: 25
Matched contour: {'x': 141, 'y': 653, 'd': 3, 'a': 39.0, 'p': 21.3137, 'e': 0.407928, 'id': 25, 'tq': 100}
JSON_entry: 25
Matched with first_id: 25 second_id: 18 name: 20230505_20
entry_id:20230505_20, entry saved to results list
created dirs at nodule_detection_path: output/crop1002/nodules-last-detected-on/2023-05-05/20/detection and nodule_images_original_path: output/crop1002/nodules-last-detected-on/2023-05-05/20
Segmented nodule image saved as output/crop1002/nodules-last-detected-on/2023-05-05/20/detection/2023-05-05.jpg
Original nodule image saved as output/crop1002/nodules-last-detected-on/2023-05-05/20/2023-05-05.jpg


@process_contour: max_id: 20230505_1
Moments: {'m00': 6.5, 'm10': 582.8333333333333, 'm01': 3927.6666666666665, 'm20': 52264.75, 'm11': 352180.7916666666, 'm02': 2373320.9166666665, 'm30': 4687127.45, 'm21': 31581312.599999998, 'm12': 212807792.9, 'm03': 1434098191.8000002, 'mu20': 4.0277777777882875, 'mu11': 0.013888888875953853, 'mu02': 3.155982905998826, 'mu30': -0.7814814830198884, 'mu21': -0.10868946092841725, 'mu12': 0.5873219712327113, 'mu03': 0.2627439498901367, 'nu20': 0.09533201840919024, 'nu11': 0.00032873109765571253, 'nu02': 0.07469782026032726, 'nu30': -0.007254964645297842, 'nu21': -0.0010090299175163954, 'nu12': 0.00545246461916682, 'nu03': 0.0024392107921133404}
Centroid: 89, 604
Processing contour#2: area: 6.5 centroid: 89, 604 rectangle: (88, 603, 4, 4)
@find_dayJSON_match_for_contour: x: 88, y: 603, w: 4, h: 4, area: 6.5
Matched with JSON#24: (89, 604, 3, 30.0, 17.6569, 0.727196)
Match with input JSON(nodules) ID: 24
Matched contour: {'x': 89, 'y': 604, 'd': 3, 'a': 30.0, 'p': 17.6569, 'e': 0.727196, 'id': 24, 'tq': 100}
JSON_entry: 24
Matched with first_id: 24 second_id: 19 name: 20230505_19
entry_id:20230505_19, entry saved to results list
created dirs at nodule_detection_path: output/crop1002/nodules-last-detected-on/2023-05-05/19/detection and nodule_images_original_path: output/crop1002/nodules-last-detected-on/2023-05-05/19
Segmented nodule image saved as output/crop1002/nodules-last-detected-on/2023-05-05/19/detection/2023-05-05.jpg
Original nodule image saved as output/crop1002/nodules-last-detected-on/2023-05-05/19/2023-05-05.jpg


@process_contour: max_id: 20230505_2
Moments: {'m00': 11.0, 'm10': 658.0, 'm01': 6608.5, 'm20': 39369.83333333333, 'm11': 395308.0833333333, 'm02': 3970218.0, 'm30': 2356164.0, 'm21': 23652276.416666668, 'm12': 237490778.41666666, 'm03': 2385212434.25, 'mu20': 9.469696969688812, 'mu11': -0.37121212121564895, 'mu02': 11.431818182114512, 'mu30': -0.7685950403101742, 'mu21': -1.3168044004214607, 'mu12': 2.2630854007703647, 'mu03': 2.673553466796875, 'nu20': 0.07826195842718027, 'nu11': -0.0030678687703772642, 'nu02': 0.09447783621582241, 'nu30': -0.0019152076366919096, 'nu21': -0.00328125177947926, 'nu12': 0.005639222496533716, 'nu03': 0.006662038847722868}
Centroid: 59, 600
Processing contour#3: area: 11.0 centroid: 59, 600 rectangle: (58, 599, 5, 5)
@find_dayJSON_match_for_contour: x: 58, y: 599, w: 5, h: 5, area: 11.0
Matched with JSON#23: (59, 600, 3, 38.0, 21.7279, 0.663413)
Match with input JSON(nodules) ID: 23
Matched contour: {'x': 59, 'y': 600, 'd': 3, 'a': 38.0, 'p': 21.7279, 'e': 0.663413, 'id': 23, 'tq': 100}
JSON_entry: 23
Matched with first_id: 23 second_id: 20 name: 20230505_18
entry_id:20230505_18, entry saved to results list
created dirs at nodule_detection_path: output/crop1002/nodules-last-detected-on/2023-05-05/18/detection and nodule_images_original_path: output/crop1002/nodules-last-detected-on/2023-05-05/18
Segmented nodule image saved as output/crop1002/nodules-last-detected-on/2023-05-05/18/detection/2023-05-05.jpg
Original nodule image saved as output/crop1002/nodules-last-detected-on/2023-05-05/18/2023-05-05.jpg


@process_contour: max_id: 20230505_3
Moments: {'m00': 18.5, 'm10': 2897.833333333333, 'm01': 10223.833333333332, 'm20': 453943.4166666666, 'm11': 1601461.375, 'm02': 5650123.416666666, 'm30': 71114254.95, 'm21': 250868320.81666666, 'm12': 885037504.8166666, 'm03': 3122512945.9500003, 'mu20': 27.847597597632557, 'mu11': 3.805930931121111, 'mu02': 27.847597597166896, 'mu30': -2.328758478164673, 'mu21': 2.2939141853039473, 'mu12': 2.293914003063037, 'mu03': -2.3287572860717773, 'nu20': 0.08136624571989061, 'nu11': 0.01112032412307118, 'nu02': 0.08136624571853002, 'nu30': -0.0015819586518117943, 'nu21': 0.001558288429642284, 'nu12': 0.0015582883058434496, 'nu03': -0.0015819578420061887}
Centroid: 156, 552
Processing contour#4: area: 18.5 centroid: 156, 552 rectangle: (154, 550, 6, 6)
@find_dayJSON_match_for_contour: x: 154, y: 550, w: 6, h: 6, area: 18.5
Matched with JSON#22: (156, 552, 5, 82.0, 31.5563, 0.404023)
Match with input JSON(nodules) ID: 22
Matched contour: {'x': 156, 'y': 552, 'd': 5, 'a': 82.0, 'p': 31.5563, 'e': 0.404023, 'id': 22, 'tq': 100}
JSON_entry: 22
Matched with first_id: 22 second_id: 17 name: 20230510_71
entry_id:20230510_71, entry saved to results list
created dirs at nodule_detection_path: output/crop1002/nodules-last-detected-on/2023-05-10/71/detection and nodule_images_original_path: output/crop1002/nodules-last-detected-on/2023-05-10/71
Segmented nodule image saved as output/crop1002/nodules-last-detected-on/2023-05-10/71/detection/2023-05-05.jpg
Original nodule image saved as output/crop1002/nodules-last-detected-on/2023-05-10/71/2023-05-05.jpg


@process_contour: max_id: 20230505_4
Moments: {'m00': 32.5, 'm10': 5546.0, 'm01': 15899.0, 'm20': 946476.25, 'm11': 2713108.0416666665, 'm02': 7777893.583333333, 'm30': 161537350.9, 'm21': 463017822.8833333, 'm12': 1327272341.05, 'm03': 3805046115.4, 'mu20': 72.68076923070475, 'mu11': 4.841666666325182, 'mu02': 102.78333333227783, 'mu30': 13.743313640356064, 'mu21': -11.040256321619381, 'mu12': -21.05717932931657, 'mu03': 11.220000743865967, 'nu20': 0.0688101957213773, 'nu11': 0.004583826429656978, 'nu02': 0.0973096646932808, 'nu30': 0.002282354260852254, 'nu21': -0.0018334571061929285, 'nu12': -0.0034969690877658336, 'nu03': 0.0018633072907055111}
Centroid: 170, 489
Processing contour#5: area: 32.5 centroid: 170, 489 rectangle: (168, 486, 7, 8)
@find_dayJSON_match_for_contour: x: 168, y: 486, w: 7, h: 8, area: 32.5
Matched with JSON#21: (170, 488, 6, 137.0, 41.2132, 0.356249)
Match with input JSON(nodules) ID: 21
Matched contour: {'x': 170, 'y': 488, 'd': 6, 'a': 137.0, 'p': 41.2132, 'e': 0.356249, 'id': 21, 'tq': 100}
JSON_entry: 21
Matched with first_id: 21 second_id: 16 name: 20230505_16
entry_id:20230505_16, entry saved to results list
created dirs at nodule_detection_path: output/crop1002/nodules-last-detected-on/2023-05-05/16/detection and nodule_images_original_path: output/crop1002/nodules-last-detected-on/2023-05-05/16
Segmented nodule image saved as output/crop1002/nodules-last-detected-on/2023-05-05/16/detection/2023-05-05.jpg
Original nodule image saved as output/crop1002/nodules-last-detected-on/2023-05-05/16/2023-05-05.jpg


@process_contour: max_id: 20230505_5
Moments: {'m00': 24.5, 'm10': 750.5, 'm01': 8854.333333333332, 'm20': 23049.083333333332, 'm11': 271258.5416666666, 'm02': 3200021.583333333, 'm30': 709704.15, 'm21': 8331614.899999999, 'm12': 98044520.3, 'm03': 1156530783.2, 'mu20': 59.277210884352826, 'mu11': 26.820578231301624, 'mu02': 53.46995464945212, 'mu30': 17.940399833605625, 'mu21': 1.6531005614306196, 'mu12': -16.63760701583078, 'mu03': -19.016244888305664, 'nu20': 0.09875420388896762, 'nu11': 0.044682346074638266, 'nu02': 0.08907947463465574, 'nu30': 0.006038330876201841, 'nu21': 0.0005563960811427999, 'nu12': -0.005599840420591811, 'nu03': -0.006400435872303184}
Centroid: 30, 361
Processing contour#6: area: 24.5 centroid: 30, 361 rectangle: (28, 358, 7, 7)
@find_dayJSON_match_for_contour: x: 28, y: 358, w: 7, h: 7, area: 24.5
Matched with JSON#20: (30, 361, 4, 72.0, 33.5563, 0.826733)
Match with input JSON(nodules) ID: 20
Matched contour: {'x': 30, 'y': 361, 'd': 4, 'a': 72.0, 'p': 33.5563, 'e': 0.826733, 'id': 20, 'tq': 100}
JSON_entry: 20
Matched with first_id: 20 second_id: 11 name: 20230524_83
entry_id:20230524_83, entry saved to results list
created dirs at nodule_detection_path: output/crop1002/nodules-last-detected-on/2023-05-24/83/detection and nodule_images_original_path: output/crop1002/nodules-last-detected-on/2023-05-24/83
Segmented nodule image saved as output/crop1002/nodules-last-detected-on/2023-05-24/83/detection/2023-05-05.jpg
Original nodule image saved as output/crop1002/nodules-last-detected-on/2023-05-24/83/2023-05-05.jpg


@process_contour: max_id: 20230505_6
Moments: {'m00': 1.0, 'm10': 220.5, 'm01': 274.5, 'm20': 48620.33333333333, 'm11': 60527.25, 'm02': 75350.33333333333, 'm30': 10720820.25, 'm21': 13346281.5, 'm12': 16614748.5, 'm03': 20683712.25, 'mu20': 0.0833333333284827, 'mu11': 0.0, 'mu02': 0.0833333333284827, 'mu30': 3.725290298461914e-09, 'mu21': 1.331500243395567e-09, 'mu12': 1.0695657692849636e-09, 'mu03': 3.725290298461914e-09, 'nu20': 0.0833333333284827, 'nu11': 0.0, 'nu02': 0.0833333333284827, 'nu30': 3.725290298461914e-09, 'nu21': 1.331500243395567e-09, 'nu12': 1.0695657692849636e-09, 'nu03': 3.725290298461914e-09}
Centroid: 220, 274
Processing contour#7: area: 1.0 centroid: 220, 274 rectangle: (220, 274, 2, 2)
@find_dayJSON_match_for_contour: x: 220, y: 274, w: 2, h: 2, area: 1.0
Matched with JSON#19: (220, 274, 2, 14.0, 11.6569, 0.735978)
Match with input JSON(nodules) ID: 19
Matched contour: {'x': 220, 'y': 274, 'd': 2, 'a': 14.0, 'p': 11.6569, 'e': 0.735978, 'id': 19, 'tq': 100}
JSON_entry: 19
Matched with first_id: 19 second_id: 14 name: 20230529_48
entry_id:20230529_48, entry saved to results list
created dirs at nodule_detection_path: output/crop1002/nodules-last-detected-on/2023-05-29/48/detection and nodule_images_original_path: output/crop1002/nodules-last-detected-on/2023-05-29/48
Segmented nodule image saved as output/crop1002/nodules-last-detected-on/2023-05-29/48/detection/2023-05-05.jpg
Original nodule image saved as output/crop1002/nodules-last-detected-on/2023-05-29/48/2023-05-05.jpg


@process_contour: max_id: 20230505_7
Moments: {'m00': 17.5, 'm10': 2309.5, 'm01': 3972.1666666666665, 'm20': 304809.5833333333, 'm11': 524211.7083333333, 'm02': 901635.9166666666, 'm30': 40231852.65, 'm21': 69185756.51666667, 'm12': 118989813.05, 'm03': 204667683.05, 'mu20': 21.569047619064804, 'mu11': -0.8011904761660844, 'mu02': 29.74365079367999, 'mu30': 3.4991836696863174, 'mu21': -1.5346712056980323, 'mu12': -3.2138548858429203, 'mu03': 1.4997581541538239, 'nu20': 0.07042954324592589, 'nu11': -0.0026161321670729286, 'nu02': 0.09712212504058772, 'nu30': 0.0027313139143345616, 'nu21': -0.0011978990569613036, 'nu12': -0.0025085984037933585, 'nu03': 0.0011706474141565334}
Centroid: 131, 226
Processing contour#8: area: 17.5 centroid: 131, 226 rectangle: (130, 224, 6, 7)
@find_dayJSON_match_for_contour: x: 130, y: 224, w: 6, h: 7, area: 17.5
Matched with JSON#18: (131, 226, 5, 83.0, 31.5563, 0.478794)
Match with input JSON(nodules) ID: 18
Matched contour: {'x': 131, 'y': 226, 'd': 5, 'a': 83.0, 'p': 31.5563, 'e': 0.478794, 'id': 18, 'tq': 100}
JSON_entry: 18
Matched with first_id: 18 second_id: 13 name: 20230505_13
entry_id:20230505_13, entry saved to results list
created dirs at nodule_detection_path: output/crop1002/nodules-last-detected-on/2023-05-05/13/detection and nodule_images_original_path: output/crop1002/nodules-last-detected-on/2023-05-05/13
Segmented nodule image saved as output/crop1002/nodules-last-detected-on/2023-05-05/13/detection/2023-05-05.jpg
Original nodule image saved as output/crop1002/nodules-last-detected-on/2023-05-05/13/2023-05-05.jpg


@process_contour: max_id: 20230505_8
Moments: {'m00': 21.0, 'm10': 4546.5, 'm01': 3965.833333333333, 'm20': 984355.0, 'm11': 858602.9166666666, 'm02': 748979.6666666666, 'm30': 213129203.25, 'm21': 185894672.1, 'm12': 162154097.83333334, 'm03': 141457498.05, 'mu20': 37.75, 'mu11': 1.1641532182693481e-10, 'mu02': 35.18915343924891, 'mu30': 0.0, 'mu21': 11.584126938430927, 'mu12': -1.5308614820241928e-08, 'mu03': -8.459091275930405, 'nu20': 0.08560090702947844, 'nu11': 2.6398032160302675e-13, 'nu02': 0.07979399872845556, 'nu30': 0.0, 'nu21': 0.005732117325919097, 'nu12': -7.57508759299011e-12, 'nu03': -0.004185771091943812}
Centroid: 216, 188
Processing contour#9: area: 21.0 centroid: 216, 188 rectangle: (214, 186, 6, 6)
@find_dayJSON_match_for_contour: x: 214, y: 186, w: 6, h: 6, area: 21.0
Matched with JSON#17: (216, 189, 5, 90.0, 33.3137, 0.395511)
Match with input JSON(nodules) ID: 17
Matched contour: {'x': 216, 'y': 189, 'd': 5, 'a': 90.0, 'p': 33.3137, 'e': 0.395511, 'id': 17, 'tq': 100}
JSON_entry: 17
Matched with first_id: 17 second_id: 10 name: 20230508_17
entry_id:20230508_17, entry saved to results list
created dirs at nodule_detection_path: output/crop1002/nodules-last-detected-on/2023-05-08/17/detection and nodule_images_original_path: output/crop1002/nodules-last-detected-on/2023-05-08/17
Segmented nodule image saved as output/crop1002/nodules-last-detected-on/2023-05-08/17/detection/2023-05-05.jpg
Original nodule image saved as output/crop1002/nodules-last-detected-on/2023-05-08/17/2023-05-05.jpg


@process_contour: max_id: 20230505_9
Moments: {'m00': 22.5, 'm10': 3968.6666666666665, 'm01': 3793.833333333333, 'm20': 700056.25, 'm11': 669185.125, 'm02': 639738.75, 'm30': 123494459.30000001, 'm21': 118043080.23333333, 'm12': 112843512.26666667, 'm03': 107883671.95, 'mu20': 42.245061728404835, 'mu11': 9.129938271595165, 'mu02': 42.245061728404835, 'mu30': 5.197631478309631, 'mu21': 4.50792411524526, 'mu12': -4.507924101508252, 'mu03': -5.19763146340847, 'nu20': 0.08344703551289843, 'nu11': 0.018034445968583043, 'nu02': 0.08344703551289843, 'nu30': 0.0021644581280192915, 'nu21': 0.0018772421693332533, 'nu12': -0.0018772421636127287, 'nu03': -0.002164458121813977}
Centroid: 176, 168
Processing contour#10: area: 22.5 centroid: 176, 168 rectangle: (174, 166, 6, 6)
@find_dayJSON_match_for_contour: x: 174, y: 166, w: 6, h: 6, area: 22.5
Matched with JSON#16: (176, 168, 5, 98.0, 37.5563, 0.770493)
Match with input JSON(nodules) ID: 16
Matched contour: {'x': 176, 'y': 168, 'd': 5, 'a': 98.0, 'p': 37.5563, 'e': 0.770493, 'id': 16, 'tq': 100}
JSON_entry: 16
Matched with first_id: 16 second_id: 15 name: 20230505_11
entry_id:20230505_11, entry saved to results list
created dirs at nodule_detection_path: output/crop1002/nodules-last-detected-on/2023-05-05/11/detection and nodule_images_original_path: output/crop1002/nodules-last-detected-on/2023-05-05/11
Segmented nodule image saved as output/crop1002/nodules-last-detected-on/2023-05-05/11/detection/2023-05-05.jpg
Original nodule image saved as output/crop1002/nodules-last-detected-on/2023-05-05/11/2023-05-05.jpg


@process_contour: max_id: 20230505_10
Moments: {'m00': 26.0, 'm10': 1401.5, 'm01': 4064.6666666666665, 'm20': 75602.83333333333, 'm11': 219104.41666666666, 'm02': 635496.0, 'm30': 4081384.75, 'm21': 11819593.883333333, 'm12': 34256695.25, 'm03': 99365813.4, 'mu20': 56.59294871793827, 'mu11': 3.249999999970896, 'mu02': 53.111111111124046, 'mu30': 0.09800295997411013, 'mu21': 0.5638888929388486, 'mu12': 0.4679487180792421, 'mu03': -0.6740740835666656, 'nu20': 0.08371737976026372, 'nu11': 0.004807692307649256, 'nu02': 0.0785667324129054, 'nu30': 2.8431896068379622e-05, 'nu21': 0.00016359128747117784, 'nu12': 0.0001357578314091252, 'nu03': -0.00019555740246436062}
Centroid: 53, 156
Processing contour#11: area: 26.0 centroid: 53, 156 rectangle: (51, 153, 7, 7)
@find_dayJSON_match_for_contour: x: 51, y: 153, w: 7, h: 7, area: 26.0
Matched with JSON#15: (53, 156, 5, 109.0, 36.3848, 0.282338)
Match with input JSON(nodules) ID: 15
Matched contour: {'x': 53, 'y': 156, 'd': 5, 'a': 109.0, 'p': 36.3848, 'e': 0.282338, 'id': 15, 'tq': 100}
JSON_entry: 15
Matched with first_id: 15 second_id: 7 name: 20230517_26
entry_id:20230517_26, entry saved to results list
created dirs at nodule_detection_path: output/crop1002/nodules-last-detected-on/2023-05-17/26/detection and nodule_images_original_path: output/crop1002/nodules-last-detected-on/2023-05-17/26
Segmented nodule image saved as output/crop1002/nodules-last-detected-on/2023-05-17/26/detection/2023-05-05.jpg
Original nodule image saved as output/crop1002/nodules-last-detected-on/2023-05-17/26/2023-05-05.jpg


@process_contour: max_id: 20230505_11
Moments: {'m00': 9.0, 'm10': 1723.5, 'm01': 1120.5, 'm20': 330057.0, 'm11': 214575.75, 'm02': 139509.0, 'm30': 63208500.75, 'm21': 41092096.5, 'm12': 26715973.5, 'm03': 17370551.25, 'mu20': 6.75, 'mu11': 0.0, 'mu02': 6.75, 'mu30': 0.0, 'mu21': 0.0, 'mu12': 0.0, 'mu03': 0.0, 'nu20': 0.08333333333333333, 'nu11': 0.0, 'nu02': 0.08333333333333333, 'nu30': 0.0, 'nu21': 0.0, 'nu12': 0.0, 'nu03': 0.0}
Centroid: 191, 124
Processing contour#12: area: 9.0 centroid: 191, 124 rectangle: (190, 123, 4, 4)
@find_dayJSON_match_for_contour: x: 190, y: 123, w: 4, h: 4, area: 9.0
Matched with JSON#14: (191, 124, 3, 49.0, 23.3137, 0.37202)
Match with input JSON(nodules) ID: 14
Matched contour: {'x': 191, 'y': 124, 'd': 3, 'a': 49.0, 'p': 23.3137, 'e': 0.37202, 'id': 14, 'tq': 100}
JSON_entry: 14
Matched with first_id: 14 second_id: 12 name: 20230505_9
entry_id:20230505_9, entry saved to results list
created dirs at nodule_detection_path: output/crop1002/nodules-last-detected-on/2023-05-05/9/detection and nodule_images_original_path: output/crop1002/nodules-last-detected-on/2023-05-05/9
Segmented nodule image saved as output/crop1002/nodules-last-detected-on/2023-05-05/9/detection/2023-05-05.jpg
Original nodule image saved as output/crop1002/nodules-last-detected-on/2023-05-05/9/2023-05-05.jpg


@process_contour: max_id: 20230505_12
Moments: {'m00': 25.0, 'm10': 4832.333333333333, 'm01': 2755.5, 'm20': 934125.5, 'm11': 532624.8333333333, 'm02': 303751.0, 'm30': 180586394.10000002, 'm21': 102961251.58333333, 'm12': 58714155.28333333, 'm03': 33488217.75, 'mu20': 67.68222222232725, 'mu11': 5.053333333344199, 'mu02': 39.789999999979045, 'mu30': -2.5913481414318085, 'mu21': -14.577955546185876, 'mu12': -1.966799992606866, 'mu03': 11.22240000590682, 'nu20': 0.10829155555572362, 'nu11': 0.008085333333350719, 'nu02': 0.06366399999996647, 'nu30': -0.0008292314052581787, 'nu21': -0.004664945774779481, 'nu12': -0.0006293759976341972, 'nu03': 0.003591168001890183}
Centroid: 193, 110
Processing contour#13: area: 25.0 centroid: 193, 110 rectangle: (190, 108, 8, 6)
@find_dayJSON_match_for_contour: x: 190, y: 108, w: 8, h: 6, area: 25.0
Matched with JSON#12: (193, 109, 5, 100.0, 34.1421, 0.23037)
Match with input JSON(nodules) ID: 12
Matched contour: {'x': 193, 'y': 109, 'd': 5, 'a': 100.0, 'p': 34.1421, 'e': 0.23037, 'id': 12, 'tq': 100}
JSON_entry: 12
Matched with first_id: 12 second_id: 6 name: 20230512_13
entry_id:20230512_13, entry saved to results list
created dirs at nodule_detection_path: output/crop1002/nodules-last-detected-on/2023-05-12/13/detection and nodule_images_original_path: output/crop1002/nodules-last-detected-on/2023-05-12/13
Segmented nodule image saved as output/crop1002/nodules-last-detected-on/2023-05-12/13/detection/2023-05-05.jpg
Original nodule image saved as output/crop1002/nodules-last-detected-on/2023-05-12/13/2023-05-05.jpg


@process_contour: max_id: 20230505_13
Moments: {'m00': 2.0, 'm10': 328.0, 'm01': 217.0, 'm20': 53792.666666666664, 'm11': 35588.0, 'm02': 23544.666666666664, 'm30': 8822216.0, 'm21': 5836504.333333333, 'm12': 3861325.3333333335, 'm03': 2554632.5, 'mu20': 0.6666666666642413, 'mu11': 0.0, 'mu02': 0.16666666666424135, 'mu30': 1.862645149230957e-09, 'mu21': -4.729372449219227e-11, 'mu12': 5.529727786779404e-10, 'mu03': 9.313225746154785e-10, 'nu20': 0.16666666666606034, 'nu11': 0.0, 'nu02': 0.04166666666606034, 'nu30': 3.2927225399135965e-10, 'nu21': -8.360428323999367e-12, 'nu12': 9.775270040368489e-11, 'nu03': 1.6463612699567982e-10}
Centroid: 164, 108
Processing contour#14: area: 2.0 centroid: 164, 108 rectangle: (163, 108, 3, 2)
@find_dayJSON_match_for_contour: x: 163, y: 108, w: 3, h: 2, area: 2.0
Matched with JSON#13: (163, 108, 1, 10.0, 8.2071, 0.791741)
Match with input JSON(nodules) ID: 13
Matched contour: {'x': 163, 'y': 108, 'd': 1, 'a': 10.0, 'p': 8.2071, 'e': 0.791741, 'id': 13, 'tq': 100}
JSON_entry: 13
Matched with first_id: 13 second_id: 8 name: 20230517_16
entry_id:20230517_16, entry saved to results list
created dirs at nodule_detection_path: output/crop1002/nodules-last-detected-on/2023-05-17/16/detection and nodule_images_original_path: output/crop1002/nodules-last-detected-on/2023-05-17/16
Segmented nodule image saved as output/crop1002/nodules-last-detected-on/2023-05-17/16/detection/2023-05-05.jpg
Original nodule image saved as output/crop1002/nodules-last-detected-on/2023-05-17/16/2023-05-05.jpg


@process_contour: max_id: 20230505_14
Moments: {'m00': 21.0, 'm10': 4292.333333333333, 'm01': 2062.833333333333, 'm20': 877376.8333333333, 'm11': 421637.0833333333, 'm02': 202667.0, 'm30': 179348381.10000002, 'm21': 86185062.78333333, 'm12': 41424586.78333333, 'm03': 19914805.35, 'mu20': 37.52645502658561, 'mu11': 0.49867724877549335, 'mu02': 34.55423280430841, 'mu30': 1.1133955121040344, 'mu21': -6.67725709453498, 'mu12': -2.59965567785639, 'mu03': 5.235088594257832, 'nu20': 0.0850940023278585, 'nu11': 0.0011307874121893272, 'nu02': 0.07835426939752473, 'nu30': 0.0005509360989786046, 'nu21': -0.003304074729552688, 'nu12': -0.0012863750053556462, 'nu03': 0.0025904534880667822}
Centroid: 204, 98
Processing contour#15: area: 21.0 centroid: 204, 98 rectangle: (202, 96, 6, 6)
@find_dayJSON_match_for_contour: x: 202, y: 96, w: 6, h: 6, area: 21.0
Matched with JSON#11: (204, 97, 5, 99.0, 35.5563, 0.350911)
Match with input JSON(nodules) ID: 11
Matched contour: {'x': 204, 'y': 97, 'd': 5, 'a': 99.0, 'p': 35.5563, 'e': 0.350911, 'id': 11, 'tq': 100}
JSON_entry: 11
WARNING: match is empty
entry_id:20230505_14, entry saved to results list
created dirs at nodule_detection_path: output/crop1002/nodules-last-detected-on/2023-05-05/14/detection and nodule_images_original_path: output/crop1002/nodules-last-detected-on/2023-05-05/14
Segmented nodule image saved as output/crop1002/nodules-last-detected-on/2023-05-05/14/detection/2023-05-05.jpg
Original nodule image saved as output/crop1002/nodules-last-detected-on/2023-05-05/14/2023-05-05.jpg


@process_contour: max_id: 20230505_15
Moments: {'m00': 39.5, 'm10': 5363.166666666666, 'm01': 3697.333333333333, 'm20': 728317.5833333333, 'm11': 502020.2083333333, 'm02': 346211.75, 'm30': 98922576.55000001, 'm21': 68175630.56666666, 'm12': 47009218.266666666, 'm03': 32430706.700000003, 'mu20': 126.27461322094314, 'mu11': 9.704817158984952, 'mu02': 128.86954992974643, 'mu30': -32.292367070913315, 'mu21': 10.940973080672848, 'mu12': 26.340178437640134, 'mu03': -6.997009627521038, 'nu20': 0.08093229496615487, 'nu11': 0.0062200398391187, 'nu02': 0.08259544940217685, 'nu30': -0.0032931168526251016, 'nu21': 0.0011157405326453916, 'nu12': 0.0026861234831024655, 'nu03': -0.0007135423139396986}
Centroid: 135, 93
Processing contour#16: area: 39.5 centroid: 135, 93 rectangle: (132, 90, 8, 8)
@find_dayJSON_match_for_contour: x: 132, y: 90, w: 8, h: 8, area: 39.5
Matched with JSON#10: (135, 93, 6, 135.0, 41.799, 0.329579)
Match with input JSON(nodules) ID: 10
Matched contour: {'x': 135, 'y': 93, 'd': 6, 'a': 135.0, 'p': 41.799, 'e': 0.329579, 'id': 10, 'tq': 100}
JSON_entry: 10
Matched with first_id: 10 second_id: 9 name: 20230505_6
entry_id:20230505_6, entry saved to results list
created dirs at nodule_detection_path: output/crop1002/nodules-last-detected-on/2023-05-05/6/detection and nodule_images_original_path: output/crop1002/nodules-last-detected-on/2023-05-05/6
Segmented nodule image saved as output/crop1002/nodules-last-detected-on/2023-05-05/6/detection/2023-05-05.jpg
Original nodule image saved as output/crop1002/nodules-last-detected-on/2023-05-05/6/2023-05-05.jpg


@process_contour: max_id: 20230505_16
Moments: {'m00': 22.5, 'm10': 4077.6666666666665, 'm01': 1996.8333333333333, 'm20': 739041.5833333333, 'm11': 361884.625, 'm02': 177252.0833333333, 'm30': 133953465.80000001, 'm21': 65588312.4, 'm12': 32123199.599999998, 'm03': 15737321.450000001, 'mu20': 47.56358024675865, 'mu11': -0.7404320987407118, 'mu02': 36.822839506174205, 'mu30': -6.488459005951881, 'mu21': 8.851161401114041, 'mu12': 1.6103749402973335, 'mu03': -8.618866024538875, 'nu20': 0.09395275110470844, 'nu11': -0.001462581923438443, 'nu02': 0.07273647309861571, 'nu30': -0.00270199953428016, 'nu21': 0.003685903534523468, 'nu12': 0.0006706110549066332, 'nu03': -0.0035891683931369264}
Centroid: 181, 88
Processing contour#17: area: 22.5 centroid: 181, 88 rectangle: (178, 86, 7, 6)
@find_dayJSON_match_for_contour: x: 178, y: 86, w: 7, h: 6, area: 22.5
Matched with JSON#9: (181, 89, 5, 89.0, 33.5563, 0.387392)
Match with input JSON(nodules) ID: 9
Matched contour: {'x': 181, 'y': 89, 'd': 5, 'a': 89.0, 'p': 33.5563, 'e': 0.387392, 'id': 9, 'tq': 100}
JSON_entry: 9
Matched with first_id: 9 second_id: 4 name: 20230526_15
entry_id:20230526_15, entry saved to results list
created dirs at nodule_detection_path: output/crop1002/nodules-last-detected-on/2023-05-26/15/detection and nodule_images_original_path: output/crop1002/nodules-last-detected-on/2023-05-26/15
Segmented nodule image saved as output/crop1002/nodules-last-detected-on/2023-05-26/15/detection/2023-05-05.jpg
Original nodule image saved as output/crop1002/nodules-last-detected-on/2023-05-26/15/2023-05-05.jpg


@process_contour: max_id: 20230505_17
Moments: {'m00': 11.5, 'm10': 1576.3333333333333, 'm01': 982.6666666666666, 'm20': 216086.41666666666, 'm11': 134697.54166666666, 'm02': 83976.41666666666, 'm30': 29623478.200000003, 'm21': 18464701.016666666, 'm12': 11511025.983333332, 'm03': 7177136.300000001, 'mu20': 14.522946859913645, 'mu11': 1.0006038647552487, 'mu02': 8.26207729469752, 'mu30': -0.7115381881594658, 'mu21': -1.0136140942593101, 'mu12': 0.6506651252309439, 'mu03': 0.3712735427543521, 'nu20': 0.1098143429861145, 'nu11': 0.007566002758073713, 'nu02': 0.06247317425102093, 'nu30': -0.0015865494493934654, 'nu21': -0.002260102001418026, 'nu12': 0.0014508179790672434, 'nu03': 0.0008278457075578148}
Centroid: 137, 85
Processing contour#18: area: 11.5 centroid: 137, 85 rectangle: (135, 84, 5, 4)
@find_dayJSON_match_for_contour: x: 135, y: 84, w: 5, h: 4, area: 11.5
Matched with JSON#8: (137, 85, 4, 65.0, 27.3137, 0.503913)
Match with input JSON(nodules) ID: 8
Matched contour: {'x': 137, 'y': 85, 'd': 4, 'a': 65.0, 'p': 27.3137, 'e': 0.503913, 'id': 8, 'tq': 100}
JSON_entry: 8
Matched with first_id: 8 second_id: 5 name: 20230607_19
entry_id:20230607_19, entry saved to results list
created dirs at nodule_detection_path: output/crop1002/nodules-last-detected-on/2023-06-07/19/detection and nodule_images_original_path: output/crop1002/nodules-last-detected-on/2023-06-07/19
Segmented nodule image saved as output/crop1002/nodules-last-detected-on/2023-06-07/19/detection/2023-05-05.jpg
Original nodule image saved as output/crop1002/nodules-last-detected-on/2023-06-07/19/2023-05-05.jpg


@process_contour: max_id: 20230505_18
Moments: {'m00': 36.0, 'm10': 5590.333333333333, 'm01': 3106.6666666666665, 'm20': 868231.6666666666, 'm11': 482432.3333333333, 'm02': 268184.3333333333, 'm30': 134864075.1, 'm21': 74927468.3, 'm12': 41646793.03333333, 'm03': 23158916.400000002, 'mu20': 125.36728395079263, 'mu11': 7.271604938316159, 'mu02': 90.50617283949396, 'mu30': 16.29347276687622, 'mu21': 32.76753543853738, 'mu12': -12.494901693697102, 'mu03': -18.986374020576477, 'nu20': 0.09673401539413011, 'nu11': 0.0056108062795649375, 'nu02': 0.06983500990701694, 'nu30': 0.0020953540080859336, 'nu21': 0.004213932026560877, 'nu12': -0.0016068546416791538, 'nu03': -0.002441663325691419}
Centroid: 155, 86
Processing contour#19: area: 36.0 centroid: 155, 86 rectangle: (152, 83, 8, 7)
@find_dayJSON_match_for_contour: x: 152, y: 83, w: 8, h: 7, area: 36.0
Matched with JSON#7: (155, 86, 6, 152.0, 43.799, 0.237194)
Match with input JSON(nodules) ID: 7
Matched contour: {'x': 155, 'y': 86, 'd': 6, 'a': 152.0, 'p': 43.799, 'e': 0.237194, 'id': 7, 'tq': 100}
JSON_entry: 7
Matched with first_id: 7 second_id: 3 name: 20230508_8
entry_id:20230508_8, entry saved to results list
created dirs at nodule_detection_path: output/crop1002/nodules-last-detected-on/2023-05-08/8/detection and nodule_images_original_path: output/crop1002/nodules-last-detected-on/2023-05-08/8
Segmented nodule image saved as output/crop1002/nodules-last-detected-on/2023-05-08/8/detection/2023-05-05.jpg
Original nodule image saved as output/crop1002/nodules-last-detected-on/2023-05-08/8/2023-05-05.jpg


@process_contour: max_id: 20230505_19
Moments: {'m00': 40.5, 'm10': 7733.166666666666, 'm01': 3367.0, 'm20': 1476734.75, 'm11': 642896.625, 'm02': 280040.9166666666, 'm30': 282026816.55, 'm21': 122767062.13333333, 'm12': 53470605.93333333, 'm03': 23301844.400000002, 'mu20': 145.44890260673128, 'mu11': -6.391460905200802, 'mu02': 122.66975308640394, 'mu30': 13.947061359882355, 'mu21': -25.540374136775426, 'mu12': -12.386955757883698, 'mu03': 21.572001229971647, 'nu20': 0.08867483774225347, 'nu11': -0.003896638259534096, 'nu02': 0.07478722943844165, 'nu30': 0.0013361190421782158, 'nu21': -0.0024467505625708026, 'nu12': -0.0011866619810201441, 'nu03': 0.0020665831229626235}
Centroid: 190, 83
Processing contour#20: area: 40.5 centroid: 190, 83 rectangle: (187, 80, 9, 8)
@find_dayJSON_match_for_contour: x: 187, y: 80, w: 9, h: 8, area: 40.5
Matched with JSON#6: (190, 82, 6, 149.0, 42.3848, 0.389245)
Match with input JSON(nodules) ID: 6
Matched contour: {'x': 190, 'y': 82, 'd': 6, 'a': 149.0, 'p': 42.3848, 'e': 0.389245, 'id': 6, 'tq': 100}
JSON_entry: 6
WARNING: match is empty
entry_id:20230505_19, entry saved to results list
created dirs at nodule_detection_path: output/crop1002/nodules-last-detected-on/2023-05-05/19/detection and nodule_images_original_path: output/crop1002/nodules-last-detected-on/2023-05-05/19
Segmented nodule image saved as output/crop1002/nodules-last-detected-on/2023-05-05/19/detection/2023-05-05.jpg
Original nodule image saved as output/crop1002/nodules-last-detected-on/2023-05-05/19/2023-05-05.jpg


@process_contour: max_id: 20230505_20
Moments: {'m00': 9.0, 'm10': 1602.0, 'm01': 677.3333333333333, 'm20': 285164.5, 'm11': 120565.33333333333, 'm02': 50981.83333333333, 'm30': 50762307.0, 'm21': 21461266.03333333, 'm12': 9074766.333333334, 'm03': 3837794.6, 'mu20': 8.5, 'mu11': 0.0, 'mu02': 6.228395061734773, 'mu30': 0.0, 'mu21': -3.003703700723463, 'mu12': 1.4551915228366852e-11, 'mu03': 2.098856881260872, 'nu20': 0.10493827160493827, 'nu11': 0.0, 'nu02': 0.07689376619425645, 'nu30': 0.0, 'nu21': -0.0123609205791089, 'nu12': 5.988442480809403e-14, 'nu03': 0.008637271116299883}
Centroid: 178, 75
Processing contour#21: area: 9.0 centroid: 178, 75 rectangle: (176, 74, 5, 4)
@find_dayJSON_match_for_contour: x: 176, y: 74, w: 5, h: 4, area: 9.0
Matched with JSON#5: (178, 75, 3, 48.0, 23.8995, 0.451819)
Match with input JSON(nodules) ID: 5
Matched contour: {'x': 178, 'y': 75, 'd': 3, 'a': 48.0, 'p': 23.8995, 'e': 0.451819, 'id': 5, 'tq': 100}
JSON_entry: 5
Matched with first_id: 5 second_id: 2 name: 20230602_7
entry_id:20230602_7, entry saved to results list
created dirs at nodule_detection_path: output/crop1002/nodules-last-detected-on/2023-06-02/7/detection and nodule_images_original_path: output/crop1002/nodules-last-detected-on/2023-06-02/7
Segmented nodule image saved as output/crop1002/nodules-last-detected-on/2023-06-02/7/detection/2023-05-05.jpg
Original nodule image saved as output/crop1002/nodules-last-detected-on/2023-06-02/7/2023-05-05.jpg


@process_contour: max_id: 20230505_21
Moments: {'m00': 23.5, 'm10': 1823.6666666666665, 'm01': 1564.6666666666665, 'm20': 141573.0833333333, 'm11': 121426.45833333333, 'm02': 104218.41666666666, 'm30': 10994461.8, 'm21': 9426764.016666666, 'm12': 8088154.183333334, 'm03': 6944408.300000001, 'mu20': 51.37647754137288, 'mu11': 3.8862293144338764, 'mu02': 40.46867612293863, 'mu30': 14.986752849072218, 'mu21': 4.06932163006968, 'mu12': -8.107505490519543, 'mu03': -5.427159933373332, 'nu20': 0.09303119518582685, 'nu11': 0.0070370834122840675, 'nu02': 0.07327963082469648, 'nu30': 0.0055980643914758125, 'nu21': 0.0015200307060622305, 'nu12': -0.0030284303909757088, 'nu03': -0.0020272297191944633}
Centroid: 77, 66
Processing contour#22: area: 23.5 centroid: 77, 66 rectangle: (75, 64, 7, 6)
@find_dayJSON_match_for_contour: x: 75, y: 64, w: 7, h: 6, area: 23.5
Matched with JSON#4: (77, 66, 5, 89.0, 32.1421, 0.489728)
Match with input JSON(nodules) ID: 4
Matched contour: {'x': 77, 'y': 66, 'd': 5, 'a': 89.0, 'p': 32.1421, 'e': 0.489728, 'id': 4, 'tq': 100}
JSON_entry: 4
Matched with first_id: 4 second_id: 1 name: 20230602_4
entry_id:20230602_4, entry saved to results list
created dirs at nodule_detection_path: output/crop1002/nodules-last-detected-on/2023-06-02/4/detection and nodule_images_original_path: output/crop1002/nodules-last-detected-on/2023-06-02/4
Segmented nodule image saved as output/crop1002/nodules-last-detected-on/2023-06-02/4/detection/2023-05-05.jpg
Original nodule image saved as output/crop1002/nodules-last-detected-on/2023-06-02/4/2023-05-05.jpg


@process_contour: max_id: 20230505_22
Moments: {'m00': 135.5, 'm10': 20722.166666666664, 'm01': 8977.0, 'm20': 3176137.9166666665, 'm11': 1372359.625, 'm02': 595205.75, 'm30': 487887283.05, 'm21': 210268240.2, 'm12': 90959154.6, 'm03': 39495189.6, 'mu20': 7073.773780238349, 'mu11': -503.03305658046156, 'mu02': 471.21863468631636, 'mu30': -6643.91648632288, 'mu21': 32.021091787319165, 'mu12': 325.84014401257446, 'mu03': -177.75879821181297, 'nu20': 0.38527655016888923, 'nu11': -0.02739794156291235, 'nu02': 0.02566515350751304, 'nu30': -0.031086793386623953, 'nu21': 0.00014982624577772818, 'nu12': 0.0015246015290587794, 'nu03': -0.0008317309592980125}
Centroid: 152, 66
Processing contour#23: area: 135.5 centroid: 152, 66 rectangle: (140, 62, 26, 9)
@find_dayJSON_match_for_contour: x: 140, y: 62, w: 26, h: 9, area: 135.5
Matched with JSON#3: (152, 66, 12, 487.0, 126.9117, 0.976077)
Match with input JSON(nodules) ID: 3
Matched contour: {'x': 152, 'y': 66, 'd': 12, 'a': 487.0, 'p': 126.9117, 'e': 0.976077, 'id': 3, 'tq': 100}
JSON_entry: 3
WARNING: match is empty
entry_id:20230505_22, entry saved to results list
created dirs at nodule_detection_path: output/crop1002/nodules-last-detected-on/2023-05-05/22/detection and nodule_images_original_path: output/crop1002/nodules-last-detected-on/2023-05-05/22
Segmented nodule image saved as output/crop1002/nodules-last-detected-on/2023-05-05/22/detection/2023-05-05.jpg
Original nodule image saved as output/crop1002/nodules-last-detected-on/2023-05-05/22/2023-05-05.jpg


@process_contour: max_id: 20230505_23
Moments: {'m00': 34.0, 'm10': 4887.166666666666, 'm01': 1853.8333333333333, 'm20': 702588.8333333333, 'm11': 266470.5, 'm02': 101163.16666666666, 'm30': 101020883.65, 'm21': 38308332.53333333, 'm12': 14541230.299999999, 'm03': 5525022.850000001, 'mu20': 106.53839869296644, 'mu11': 0.13316993467742577, 'mu02': 83.81290849672223, 'mu30': -0.7164856642484665, 'mu21': -17.481620859600298, 'mu12': 2.365367484782837, 'mu03': 11.061785533092916, 'nu20': 0.09216124454408861, 'nu11': 0.00011519890543029911, 'nu02': 0.07250251600062477, 'nu30': -0.00010629435786635177, 'nu21': -0.0025934889648955195, 'nu12': 0.0003509145129605116, 'nu03': 0.0016410731557744882}
Centroid: 143, 54
Processing contour#24: area: 34.0 centroid: 143, 54 rectangle: (140, 51, 8, 8)
@find_dayJSON_match_for_contour: x: 140, y: 51, w: 8, h: 8, area: 34.0
Matched with JSON#2: (143, 54, 6, 119.0, 38.1421, 0.324011)
Match with input JSON(nodules) ID: 2
Matched contour: {'x': 143, 'y': 54, 'd': 6, 'a': 119.0, 'p': 38.1421, 'e': 0.324011, 'id': 2, 'tq': 100}
JSON_entry: 2
WARNING: match is empty
entry_id:20230505_23, entry saved to results list
created dirs at nodule_detection_path: output/crop1002/nodules-last-detected-on/2023-05-05/23/detection and nodule_images_original_path: output/crop1002/nodules-last-detected-on/2023-05-05/23
Segmented nodule image saved as output/crop1002/nodules-last-detected-on/2023-05-05/23/detection/2023-05-05.jpg
Original nodule image saved as output/crop1002/nodules-last-detected-on/2023-05-05/23/2023-05-05.jpg


@process_contour: max_id: 20230505_24
Moments: {'m00': 17.5, 'm10': 1141.6666666666665, 'm01': 904.3333333333333, 'm20': 74503.08333333333, 'm11': 58994.541666666664, 'm02': 46759.75, 'm30': 4863430.8, 'm21': 3849720.3166666664, 'm12': 3050264.683333333, 'm03': 2419177.2, 'mu20': 22.924603174615186, 'mu11': -2.442460317448422, 'mu02': 27.248412698419997, 'mu30': 0.43907785322517157, 'mu21': 3.474187451775151, 'mu12': 0.09361300009641127, 'mu03': -4.7359486017376184, 'nu20': 0.07485584710078427, 'nu11': -0.007975380628403009, 'nu02': 0.08897440881116733, 'nu30': 0.00034272549348561814, 'nu21': 0.002711802929993283, 'nu12': 7.307032549933329e-05, 'nu03': -0.003696680007271196}
Centroid: 65, 51
Processing contour#25: area: 17.5 centroid: 65, 51 rectangle: (63, 49, 6, 6)
@find_dayJSON_match_for_contour: x: 63, y: 49, w: 6, h: 6, area: 17.5
Matched with JSON#1: (65, 51, 4, 65.0, 28.1421, 0.567903)
Match with input JSON(nodules) ID: 1
Matched contour: {'x': 65, 'y': 51, 'd': 4, 'a': 65.0, 'p': 28.1421, 'e': 0.567903, 'id': 1, 'tq': 100}
JSON_entry: 1
Matched with first_id: 1 second_id: 0 name: 20230505_0
entry_id:20230505_0, entry saved to results list
created dirs at nodule_detection_path: output/crop1002/nodules-last-detected-on/2023-05-05/0/detection and nodule_images_original_path: output/crop1002/nodules-last-detected-on/2023-05-05/0
Segmented nodule image saved as output/crop1002/nodules-last-detected-on/2023-05-05/0/detection/2023-05-05.jpg
Original nodule image saved as output/crop1002/nodules-last-detected-on/2023-05-05/0/2023-05-05.jpg


Done analyzing contours, found 25 nodules.


Modified image saved as: output/crop1002/20230505/20230505_rectangles.jpg
Generating HTML with:
modified_image_file: output/crop1002/20230505/20230505_rectangles.jpg
result_file_name: output/crop1002/20230505/20230505_result.html
prev_data: 20230503
json_data: output/crop1002/20230505/20230505.json
next_data: 20230508
Starting to generate HTML...
Image dimensions fetched.
HTML file saved as output/crop1002/20230505/20230505_result.html
HTML file generated successfully.
Finished analyzing image: 20230505
