Current memory usage: 3681.640625 MB
@analyze_image: file_name: data/crop993/20230503.jpg, output_dir: output/crop993, external_logger: <Logger data_crop993.log (DEBUG)>
Loaded image & JSON file: data/crop993/20230503.jpg
Scaled JSON data: scalar_position: 0.5, scalar_size: 0.5

@find_prev_next_date: image_output_dir: output/crop993/20230503
data_dir: data/crop993
Previous date file: data/crop993/20230501.json, Next date file: data/crop993/20230505.json


Loaded prev_results from JSON file: 20230501, length: 25
Scaled JSON data: scalar_position: 0.5, scalar_size: 0.5
Loaded next_results from JSON file: 20230505, length: 14
Scaled JSON data: scalar_position: 0.5, scalar_size: 0.5
prev_results is not empty, generating matching
Current memory usage: 3682.875 MB
current_date:20230503, generating Matching: 20230501_20230503_matching.json
spatial_distances: (14, 25), attribute_distances: (14, 25)
combined_distances: (14, 25)
Current memory usage: 3682.87890625 MB

@find_matching: combined_distances: (14, 25), next_matching: [{'id': '20230505_0', 'p': {'id': 0, 'tq': 25.0, 'dx': 3, 'dy': 0, 'dd': -2, 'da': -42.0, 'dp': -10.24, 'de': -0.36}, 'c': {'id': 0}, 'n': {}, 'i': 0}, {'id': '20230505_1', 'p': {'id': 1, 'tq': 84.0, 'dx': 0, 'dy': 0, 'dd': -1, 'da': -10.0, 'dp': -3.41, 'de': -0.12}, 'c': {'id': 1}, 'n': {}, 'i': 0}, {'id': '20230519_0', 'p': {'id': 3, 'tq': 25.0, 'dx': 1, 'dy': -1, 'dd': -1, 'da': -44.0, 'dp': -15.66, 'de': -0.05}, 'c': {'id': 2}, 'n': {'id': 1, 'dx': 0, 'dy': 1, 'dd': 1, 'da': 41.0, 'dp': 12.24, 'de': 0.1}, 'i': 6}, {'id': '20230508_3', 'p': {'id': 2, 'tq': -146.0, 'dx': 25, 'dy': 46, 'dd': 2, 'da': 38.0, 'dp': 17.66, 'de': -0.44}, 'c': {'id': 3}, 'n': {'id': 6, 'dx': -8, 'dy': -7, 'dd': -2, 'da': -33.0, 'dp': -13.07, 'de': 0.41}, 'i': 1}, {'id': '20230505_4', 'p': {'id': 5, 'tq': -510.0, 'dx': 71, 'dy': -154, 'dd': 0, 'da': 11.0, 'dp': 2.0, 'de': -0.49}, 'c': {'id': 4}, 'n': {}, 'i': 0}, {'id': '20230519_24', 'p': {'id': 6, 'tq': -472.0, 'dx': -59, 'dy': -96, 'dd': 5, 'da': 114.0, 'dp': 30.35, 'de': -0.66}, 'c': {'id': 5}, 'n': {'id': 10, 'dx': -7, 'dy': -7, 'dd': -1, 'da': -16.0, 'dp': -1.41, 'de': 0.13}, 'i': 6}, {'id': '20230512_23', 'p': {'id': 4, 'tq': 44.0, 'dx': 3, 'dy': 5, 'dd': 1, 'da': 23.0, 'dp': 4.41, 'de': -0.17}, 'c': {'id': 6}, 'n': {'id': 17, 'dx': -10, 'dy': 21, 'dd': 0, 'da': 1.0, 'dp': 1.17, 'de': 0.21}, 'i': 3}, {'id': '20230508_7', 'p': {'id': 7, 'tq': -205.0, 'dx': 60, 'dy': -14, 'dd': -3, 'da': -58.0, 'dp': -14.62, 'de': -0.12}, 'c': {'id': 7}, 'n': {'id': 32, 'dx': 0, 'dy': 2, 'dd': 0, 'da': -3.0, 'dp': -3.41, 'de': 0.02}, 'i': 1}, {'id': '20230505_8', 'p': {'id': 10, 'tq': 19.0, 'dx': 3, 'dy': 5, 'dd': -1, 'da': -40.0, 'dp': -6.83, 'de': 0.17}, 'c': {'id': 8}, 'n': {}, 'i': 0}, {'id': '20230505_9', 'p': {'id': 8, 'tq': -604.0, 'dx': 94, 'dy': 172, 'dd': 1, 'da': 11.0, 'dp': 4.04, 'de': 0.13}, 'c': {'id': 9}, 'n': {}, 'i': 0}, {'id': '20230505_10', 'p': {'id': 9, 'tq': -629.0, 'dx': -47, 'dy': 190, 'dd': -2, 'da': -26.0, 'dp': -13.66, 'de': 0.64}, 'c': {'id': 10}, 'n': {}, 'i': 0}, {'id': '20230505_11', 'p': {'id': 11, 'tq': -234.0, 'dx': -10, 'dy': 55, 'dd': -3, 'da': -91.0, 'dp': -16.49, 'de': 0.05}, 'c': {'id': 11}, 'n': {}, 'i': 0}, {'id': '20230505_12', 'p': {'id': 12, 'tq': -92.0, 'dx': 18, 'dy': 21, 'dd': -2, 'da': -62.0, 'dp': -12.24, 'de': 0.07}, 'c': {'id': 12}, 'n': {}, 'i': 0}, {'id': '20230508_11', 'p': {'id': 13, 'tq': -9.0, 'dx': 9, 'dy': -20, 'dd': -1, 'da': -21.0, 'dp': -4.83, 'de': 0.24}, 'c': {'id': 13}, 'n': {'id': 47, 'dx': -2, 'dy': -3, 'dd': 1, 'da': 26.0, 'dp': 7.07, 'de': 0.16}, 'i': 1}], current_date_string: 20230503, distance_threshold: 20
matched entry: {'id': '20230505_0', 'p': {'id': 0, 'tq': 25.0, 'dx': 3, 'dy': 0, 'dd': -2, 'da': -42.0, 'dp': -10.24, 'de': -0.36}, 'c': {'id': 0}, 'n': {}, 'i': 0}, len(matching): 0
matched entry: {'id': '20230505_1', 'p': {'id': 1, 'tq': 84.0, 'dx': 0, 'dy': 0, 'dd': -1, 'da': -10.0, 'dp': -3.41, 'de': -0.12}, 'c': {'id': 1}, 'n': {}, 'i': 0}, len(matching): 1
tq < 0
matched entry: {'id': '20230519_0', 'p': {'id': 3, 'tq': 25.0, 'dx': 1, 'dy': -1, 'dd': -1, 'da': -44.0, 'dp': -15.66, 'de': -0.05}, 'c': {'id': 2}, 'n': {'id': 1, 'dx': 0, 'dy': 1, 'dd': 1, 'da': 41.0, 'dp': 12.24, 'de': 0.1}, 'i': 6}, len(matching): 3
matched entry: {'id': '20230512_23', 'p': {'id': 4, 'tq': 44.0, 'dx': 3, 'dy': 5, 'dd': 1, 'da': 23.0, 'dp': 4.41, 'de': -0.17}, 'c': {'id': 6}, 'n': {'id': 17, 'dx': -10, 'dy': 21, 'dd': 0, 'da': 1.0, 'dp': 1.17, 'de': 0.21}, 'i': 3}, len(matching): 4
tq < 0
tq < 0
tq < 0
tq < 0
tq < 0
matched entry: {'id': '20230505_8', 'p': {'id': 10, 'tq': 19.0, 'dx': 3, 'dy': 5, 'dd': -1, 'da': -40.0, 'dp': -6.83, 'de': 0.17}, 'c': {'id': 8}, 'n': {}, 'i': 0}, len(matching): 10
tq < 0
tq < 0
tq < 0
i_dict: {0: 9, 1: 3, 4: 1, 7: 1}
tq_average: -157.2143, dx_average: -2.9286, dy_average: 13.2857, dd_average: -0.5714, da_average: -22.0, dp_average: -5.3057, de_average: 0.0314
average_tracking_quality: 22.1429
@find_matching:
Returning:
Matching(lenght=14): [{'id': '20230505_0', 'p': {'id': 5, 'tq': -210.0, 'dx': 36, 'dy': -56, 'dd': -1, 'da': -51.0, 'dp': -6.83, 'de': 0.38}, 'c': {'id': 0}, 'n': {'id': 0, 'dx': 3, 'dy': 0, 'dd': -2, 'da': -42.0, 'dp': -10.24, 'de': -0.36}, 'i': 1}, {'id': '20230505_1', 'p': {'id': 4, 'tq': -157.0, 'dx': 33, 'dy': -51, 'dd': -1, 'da': -29.0, 'dp': -7.07, 'de': 0.39}, 'c': {'id': 1}, 'n': {'id': 1, 'dx': 0, 'dy': 0, 'dd': -1, 'da': -10.0, 'dp': -3.41, 'de': -0.12}, 'i': 1}, {'id': '20230503_2', 'p': {'id': 0, 'tq': 20.0, 'dx': 0, 'dy': 8, 'dd': -2, 'da': -30.0, 'dp': -17.69, 'de': 0.11}, 'c': {'id': 2}, 'n': {}, 'i': 0}, {'id': '20230519_0', 'p': {'id': 1, 'tq': 54.0, 'dx': 0, 'dy': 0, 'dd': 1, 'da': 29.0, 'dp': 10.83, 'de': 0.14}, 'c': {'id': 3}, 'n': {'id': 2, 'dx': 1, 'dy': -1, 'dd': -1, 'da': -44.0, 'dp': -15.66, 'de': -0.05}, 'i': 7}, {'id': '20230512_23', 'p': {'id': 8, 'tq': 1.0, 'dx': -3, 'dy': -2, 'dd': -2, 'da': -56.0, 'dp': -12.07, 'de': 0.09}, 'c': {'id': 4}, 'n': {'id': 6, 'dx': 3, 'dy': 5, 'dd': 1, 'da': 23.0, 'dp': 4.41, 'de': -0.17}, 'i': 4}, {'id': '20230503_5', 'p': {'id': 9, 'tq': 1.0, 'dx': -22, 'dy': 8, 'dd': 1, 'da': 11.0, 'dp': 1.96, 'de': 0.09}, 'c': {'id': 5}, 'n': {}, 'i': 0}, {'id': '20230503_6', 'p': {'id': 12, 'tq': 16.0, 'dx': 1, 'dy': -14, 'dd': -1, 'da': -21.0, 'dp': -10.45, 'de': 0.28}, 'c': {'id': 6}, 'n': {}, 'i': 0}, {'id': '20230503_7', 'p': {'id': 15, 'tq': 23.0, 'dx': 2, 'dy': 0, 'dd': -1, 'da': -46.0, 'dp': -7.62, 'de': 0.05}, 'c': {'id': 7}, 'n': {}, 'i': 0}, {'id': '20230503_8', 'p': {'id': 18, 'tq': -130.0, 'dx': 51, 'dy': -33, 'dd': -1, 'da': -11.0, 'dp': -4.38, 'de': -0.42}, 'c': {'id': 8}, 'n': {}, 'i': 0}, {'id': '20230503_9', 'p': {'id': 17, 'tq': -26.0, 'dx': 3, 'dy': 0, 'dd': -2, 'da': -75.0, 'dp': -17.31, 'de': -0.11}, 'c': {'id': 9}, 'n': {}, 'i': 0}, {'id': '20230505_8', 'p': {'id': 19, 'tq': 40.0, 'dx': -2, 'dy': -4, 'dd': -1, 'da': -29.0, 'dp': -5.41, 'de': -0.15}, 'c': {'id': 10}, 'n': {'id': 8, 'dx': 3, 'dy': 5, 'dd': -1, 'da': -40.0, 'dp': -6.83, 'de': 0.17}, 'i': 1}, {'id': '20230503_11', 'p': {'id': 21, 'tq': -598.0, 'dx': 18, 'dy': 164, 'dd': 3, 'da': 79.0, 'dp': 14.24, 'de': -0.04}, 'c': {'id': 11}, 'n': {}, 'i': 0}, {'id': '20230503_12', 'p': {'id': 23, 'tq': -575.0, 'dx': -5, 'dy': 163, 'dd': 2, 'da': 68.0, 'dp': 13.66, 'de': -0.0}, 'c': {'id': 12}, 'n': {}, 'i': 0}, {'id': '20230503_13', 'p': {'id': 24, 'tq': -660.0, 'dx': -153, 'dy': 3, 'dd': -3, 'da': -147.0, 'dp': -26.14, 'de': -0.37}, 'c': {'id': 13}, 'n': {}, 'i': 0}]
Unmatched current(length=0): set()
Unmatched previous(length=11): {2, 3, 6, 7, 10, 11, 13, 14, 16, 20, 22}
Distance threshold: 20



@plot_data: normalized_points: (14, 2), normalized_prev_points: (25, 2), current_points: (14, 2), prev_points: (25, 2), current_data: 14, prev_data: 25, matching: 14, unmatched_current: 0, unmatched_prev: 11, combined_distances: (14, 25), distance_threshold: 20, current_date_string: 20230503, previous_date_string: 20230501, filename: output/crop993/plots/20230501_20230503.png
Plots created
Plotted the normalized points
Drawing lines between the matched points
Plotting the unmatched points
Plotted the original points with diameter as size
Drawing lines between the matched points and add the indices to the plots with color coding
Setting the titles and labels
Done plotting

@process_image: output_dir: output/crop993/20230503, image_name: 20230503, date_string: 20230503
len(json_data) = 14 json_data entries
len(matching) = 14 matching entries, setting max_id_i to 14
crop_dir: output/crop993
nodules_dir: output/crop993/nodules-last-detected-on
Split image into left and right images: (705, 300, 3), (705, 300, 3)
Converted right image to HSV: (705, 300, 3)
Created mask to detect nodules: (705, 300)

Found 13 contours in mask, processing each contour...

@process_contour: max_id: 20230503_14
Moments: {'m00': 8.0, 'm10': 1000.5, 'm01': 5502.166666666666, 'm20': 125131.83333333333, 'm11': 688115.9166666666, 'm02': 3784234.5, 'm30': 15651002.25, 'm21': 86062326.63333333, 'm12': 473267474.6666667, 'm03': 2602692643.15, 'mu20': 6.802083333328483, 'mu11': 1.1979166667442769, 'mu02': 4.7465277784504, 'mu30': 0.9726562518626451, 'mu21': 1.71623263427864, 'mu12': -0.27387158540659584, 'mu03': -1.490480899810791, 'nu20': 0.10628255208325754, 'nu11': 0.018717447917879326, 'nu02': 0.0741644965382875, 'nu30': 0.005373217433246617, 'nu21': 0.009480935420250613, 'nu12': -0.0015129410563696456, 'nu03': -0.008233821495978419}
Centroid: 125, 687
Processing contour#1: area: 8.0 centroid: 125, 687 rectangle: (123, 686, 5, 4)
@find_dayJSON_match_for_contour: x: 123, y: 686, w: 5, h: 4, area: 8.0
Matched with JSON#13: (124, 687, 5, 92.0, 33.5563, 0.255947)
Match with input JSON(nodules) ID: 13
Matched contour: {'x': 124, 'y': 687, 'd': 5, 'a': 92.0, 'p': 33.5563, 'e': 0.255947, 'id': 13, 'tq': 100}
JSON_entry: 13
Matched with first_id: 13 second_id: 24 name: 20230503_13
entry_id:20230503_13, entry saved to results list
WARNING: right_nodule_img.shape != (50, 50, 3) != (43, 50, 3)
@process_contour: max_id: 20230503_15
Moments: {'m00': 33.5, 'm10': 4160.833333333333, 'm01': 21278.0, 'm20': 516871.5833333333, 'm11': 2642816.7916666665, 'm02': 13515127.75, 'm30': 64217249.45, 'm21': 328299419.1333333, 'm12': 1678638393.4, 'm03': 8584457597.900001, 'mu20': 79.52280265348963, 'mu11': 4.503109452780336, 'mu02': 104.34701492451131, 'mu30': -12.497528120875359, 'mu21': -14.405248654045863, 'mu12': 14.869128520893355, 'mu03': 20.10695171356201, 'nu20': 0.07086014939050089, 'nu11': 0.0040125724685055346, 'nu02': 0.0929801870568156, 'nu30': -0.0019240311769105581, 'nu21': -0.0022177303586328545, 'nu12': 0.002289146027197334, 'nu03': 0.0030955242985137438}
Centroid: 124, 635
Processing contour#2: area: 33.5 centroid: 124, 635 rectangle: (121, 632, 7, 8)
@find_dayJSON_match_for_contour: x: 121, y: 632, w: 7, h: 8, area: 33.5
Matched with JSON#12: (124, 635, 6, 123.0, 38.9706, 0.269973)
Match with input JSON(nodules) ID: 12
Matched contour: {'x': 124, 'y': 635, 'd': 6, 'a': 123.0, 'p': 38.9706, 'e': 0.269973, 'id': 12, 'tq': 100}
JSON_entry: 12
Matched with first_id: 12 second_id: 23 name: 20230503_12
entry_id:20230503_12, entry saved to results list
created dirs at nodule_detection_path: output/crop993/nodules-last-detected-on/2023-05-03/12/detection and nodule_images_original_path: output/crop993/nodules-last-detected-on/2023-05-03/12
Segmented nodule image saved as output/crop993/nodules-last-detected-on/2023-05-03/12/detection/2023-05-03.jpg
Original nodule image saved as output/crop993/nodules-last-detected-on/2023-05-03/12/2023-05-03.jpg


@process_contour: max_id: 20230503_16
Moments: {'m00': 44.0, 'm10': 7004.5, 'm01': 26110.5, 'm20': 1115233.8333333333, 'm11': 4156610.0, 'm02': 15494652.833333332, 'm30': 177590243.25, 'm21': 661801427.3333334, 'm12': 2466638815.0, 'm03': 9195019652.25, 'mu20': 165.19128787866794, 'mu11': -3.573863636702299, 'mu02': 148.05492423847318, 'mu30': 26.196926712989807, 'mu21': -3.0983554299891694, 'mu12': -29.098871947222506, 'mu03': 7.2284393310546875, 'nu20': 0.08532607844972517, 'nu11': -0.001846003944577634, 'nu02': 0.07647465094962458, 'nu30': 0.0020399459186566864, 'nu21': -0.0002412679007427297, 'nu12': -0.002265919423167155, 'nu03': 0.000562876152351521}
Centroid: 159, 593
Processing contour#3: area: 44.0 centroid: 159, 593 rectangle: (155, 590, 9, 8)
@find_dayJSON_match_for_contour: x: 155, y: 590, w: 9, h: 8, area: 44.0
Matched with JSON#11: (159, 593, 7, 156.0, 44.3848, 0.334057)
Match with input JSON(nodules) ID: 11
Matched contour: {'x': 159, 'y': 593, 'd': 7, 'a': 156.0, 'p': 44.3848, 'e': 0.334057, 'id': 11, 'tq': 100}
JSON_entry: 11
Matched with first_id: 11 second_id: 21 name: 20230503_11
entry_id:20230503_11, entry saved to results list
created dirs at nodule_detection_path: output/crop993/nodules-last-detected-on/2023-05-03/11/detection and nodule_images_original_path: output/crop993/nodules-last-detected-on/2023-05-03/11
Segmented nodule image saved as output/crop993/nodules-last-detected-on/2023-05-03/11/detection/2023-05-03.jpg
Original nodule image saved as output/crop993/nodules-last-detected-on/2023-05-03/11/2023-05-03.jpg


@process_contour: max_id: 20230503_17
Moments: {'m00': 24.5, 'm10': 6161.166666666666, 'm01': 9623.333333333332, 'm20': 1549451.4166666665, 'm11': 2420040.625, 'm02': 3779979.583333333, 'm30': 389682681.55, 'm21': 608608376.4, 'm12': 950575977.6, 'm03': 1484765460.7, 'mu20': 64.69444444472902, 'mu11': 1.4186507943086326, 'mu02': 38.99376417323947, 'mu30': 3.7338624000549316, 'mu21': 11.196862989592773, 'mu12': -2.5556260750036017, 'mu03': -9.650702953338623, 'nu20': 0.10777916608867805, 'nu11': 0.0023634332266699414, 'nu02': 0.06496253923071964, 'nu30': 0.0012567332292955644, 'nu21': 0.0037686096259690496, 'nu12': -0.000860165658505245, 'nu03': -0.003248207295304471}
Centroid: 251, 392
Processing contour#4: area: 24.5 centroid: 251, 392 rectangle: (248, 390, 8, 6)
@find_dayJSON_match_for_contour: x: 248, y: 390, w: 8, h: 6, area: 24.5
Matched with JSON#10: (251, 392, 5, 104.0, 34.9706, 0.388663)
Match with input JSON(nodules) ID: 10
Matched contour: {'x': 251, 'y': 392, 'd': 5, 'a': 104.0, 'p': 34.9706, 'e': 0.388663, 'id': 10, 'tq': 100}
JSON_entry: 10
Matched with first_id: 10 second_id: 19 name: 20230505_8
entry_id:20230505_8, entry saved to results list
created dirs at nodule_detection_path: output/crop993/nodules-last-detected-on/2023-05-05/8/detection and nodule_images_original_path: output/crop993/nodules-last-detected-on/2023-05-05/8
Segmented nodule image saved as output/crop993/nodules-last-detected-on/2023-05-05/8/detection/2023-05-03.jpg
Original nodule image saved as output/crop993/nodules-last-detected-on/2023-05-05/8/2023-05-03.jpg


@process_contour: max_id: 20230503_18
Moments: {'m00': 6.0, 'm10': 466.66666666666663, 'm01': 2191.333333333333, 'm20': 36299.33333333333, 'm11': 170437.3333333333, 'm02': 800326.6666666666, 'm30': 2823753.4000000004, 'm21': 13257368.866666667, 'm12': 62247846.46666667, 'm03': 292299302.6, 'mu20': 3.037037037036498, 'mu11': 0.29629629632108845, 'mu02': 3.037037037196569, 'mu30': -0.5094650196842849, 'mu21': -0.4090534966201176, 'mu12': 0.40905349116980005, 'mu03': 0.5094649791717529, 'nu20': 0.0843621399176805, 'nu11': 0.00823045267558579, 'nu02': 0.08436213992212692, 'nu30': -0.005777450648256879, 'nu21': -0.004638760852873016, 'nu12': 0.00463876079106516, 'nu03': 0.005777450188835437}
Centroid: 77, 365
Processing contour#5: area: 6.0 centroid: 77, 365 rectangle: (76, 364, 4, 4)
@find_dayJSON_match_for_contour: x: 76, y: 364, w: 4, h: 4, area: 6.0
Matched with JSON#9: (77, 365, 3, 32.0, 19.0711, 0.180859)
Match with input JSON(nodules) ID: 9
Matched contour: {'x': 77, 'y': 365, 'd': 3, 'a': 32.0, 'p': 19.0711, 'e': 0.180859, 'id': 9, 'tq': 100}
JSON_entry: 9
Matched with first_id: 9 second_id: 17 name: 20230503_9
entry_id:20230503_9, entry saved to results list
created dirs at nodule_detection_path: output/crop993/nodules-last-detected-on/2023-05-03/9/detection and nodule_images_original_path: output/crop993/nodules-last-detected-on/2023-05-03/9
Segmented nodule image saved as output/crop993/nodules-last-detected-on/2023-05-03/9/detection/2023-05-03.jpg
Original nodule image saved as output/crop993/nodules-last-detected-on/2023-05-03/9/2023-05-03.jpg


@process_contour: max_id: 20230503_19
Moments: {'m00': 4.0, 'm10': 668.0, 'm01': 1420.0, 'm20': 111557.33333333333, 'm11': 237140.0, 'm02': 504101.3333333333, 'm30': 18630520.0, 'm21': 39602853.333333336, 'm12': 84184922.66666667, 'm03': 178956920.0, 'mu20': 1.3333333333284827, 'mu11': 0.0, 'mu02': 1.3333333333139308, 'mu30': 3.725290298461914e-09, 'mu21': 4.20550350099802e-09, 'mu12': 8.207280188798904e-09, 'mu03': 2.9802322387695312e-08, 'nu20': 0.08333333333303017, 'nu11': 0.0, 'nu02': 0.08333333333212067, 'nu30': 1.1641532182693481e-10, 'nu21': 1.3142198440618813e-10, 'nu12': 2.5647750589996576e-10, 'nu03': 9.313225746154785e-10}
Centroid: 167, 355
Processing contour#6: area: 4.0 centroid: 167, 355 rectangle: (166, 354, 3, 3)
@find_dayJSON_match_for_contour: x: 166, y: 354, w: 3, h: 3, area: 4.0
Matched with JSON#8: (167, 355, 2, 21.0, 14.4497, 0.259811)
Match with input JSON(nodules) ID: 8
Matched contour: {'x': 167, 'y': 355, 'd': 2, 'a': 21.0, 'p': 14.4497, 'e': 0.259811, 'id': 8, 'tq': 100}
JSON_entry: 8
Matched with first_id: 8 second_id: 18 name: 20230503_8
entry_id:20230503_8, entry saved to results list
created dirs at nodule_detection_path: output/crop993/nodules-last-detected-on/2023-05-03/8/detection and nodule_images_original_path: output/crop993/nodules-last-detected-on/2023-05-03/8
Segmented nodule image saved as output/crop993/nodules-last-detected-on/2023-05-03/8/detection/2023-05-03.jpg
Original nodule image saved as output/crop993/nodules-last-detected-on/2023-05-03/8/2023-05-03.jpg


@process_contour: max_id: 20230503_20
Moments: {'m00': 31.0, 'm10': 1026.8333333333333, 'm01': 10355.0, 'm20': 34108.33333333333, 'm11': 343010.5, 'm02': 3458970.833333333, 'm30': 1136178.35, 'm21': 11394277.75, 'm12': 114583786.45, 'm03': 1155452460.5, 'mu20': 95.8593189964231, 'mu11': 15.04301075276453, 'mu02': 66.80107526900247, 'mu30': 35.23067021230236, 'mu21': -2.411174705997837, 'mu12': -22.951520427402556, 'mu03': -4.965660572052002, 'nu20': 0.09974955150512288, 'nu11': 0.015653497141274224, 'nu02': 0.06951204502497654, 'nu30': 0.006584407038591328, 'nu21': -0.0004506345070864325, 'nu12': -0.004289505471734995, 'nu03': -0.000928053035177781}
Centroid: 33, 334
Processing contour#7: area: 31.0 centroid: 33, 334 rectangle: (30, 331, 8, 7)
@find_dayJSON_match_for_contour: x: 30, y: 331, w: 8, h: 7, area: 31.0
Matched with JSON#7: (33, 333, 5, 82.0, 32.5208, 0.730775)
Match with input JSON(nodules) ID: 7
Matched contour: {'x': 33, 'y': 333, 'd': 5, 'a': 82.0, 'p': 32.5208, 'e': 0.730775, 'id': 7, 'tq': 100}
JSON_entry: 7
Matched with first_id: 7 second_id: 15 name: 20230503_7
entry_id:20230503_7, entry saved to results list
created dirs at nodule_detection_path: output/crop993/nodules-last-detected-on/2023-05-03/7/detection and nodule_images_original_path: output/crop993/nodules-last-detected-on/2023-05-03/7
Segmented nodule image saved as output/crop993/nodules-last-detected-on/2023-05-03/7/detection/2023-05-03.jpg
Original nodule image saved as output/crop993/nodules-last-detected-on/2023-05-03/7/2023-05-03.jpg


@process_contour: max_id: 20230503_21
Moments: {'m00': 0.0, 'm10': 0.0, 'm01': 0.0, 'm20': 0.0, 'm11': 0.0, 'm02': 0.0, 'm30': 0.0, 'm21': 0.0, 'm12': 0.0, 'm03': 0.0, 'mu20': 0.0, 'mu11': 0.0, 'mu02': 0.0, 'mu30': 0.0, 'mu21': 0.0, 'mu12': 0.0, 'mu03': 0.0, 'nu20': 0.0, 'nu11': 0.0, 'nu02': 0.0, 'nu30': 0.0, 'nu21': 0.0, 'nu12': 0.0, 'nu03': 0.0}
Skipping contour#8 because area is 0.


@process_contour: max_id: 20230503_22
Moments: {'m00': 5.0, 'm10': 743.6666666666666, 'm01': 1295.0, 'm20': 110610.83333333333, 'm11': 192609.66666666666, 'm02': 335406.5, 'm30': 16452353.9, 'm21': 28648205.833333332, 'm12': 49886126.96666667, 'm03': 86871060.5, 'mu20': 2.8111111111211358, 'mu11': 0.0, 'mu02': 1.5, 'mu30': -0.25629629753530025, 'mu21': 2.1827872842550278e-10, 'mu12': 0.20000000447038246, 'mu03': 0.0, 'nu20': 0.11244444444484546, 'nu11': 0.0, 'nu02': 0.06000000000000001, 'nu30': -0.004584767549363546, 'nu21': 3.904688598413119e-12, 'nu12': 0.0035777088439682965, 'nu03': 0.0}
Centroid: 148, 259
Processing contour#9: area: 5.0 centroid: 148, 259 rectangle: (147, 258, 4, 3)
@find_dayJSON_match_for_contour: x: 147, y: 258, w: 4, h: 3, area: 5.0
Matched with JSON#5: (148, 259, 3, 32.0, 19.6569, 0.556827)
Match with input JSON(nodules) ID: 5
Matched contour: {'x': 148, 'y': 259, 'd': 3, 'a': 32.0, 'p': 19.6569, 'e': 0.556827, 'id': 5, 'tq': 100}
JSON_entry: 5
Matched with first_id: 5 second_id: 9 name: 20230503_5
entry_id:20230503_5, entry saved to results list
created dirs at nodule_detection_path: output/crop993/nodules-last-detected-on/2023-05-03/5/detection and nodule_images_original_path: output/crop993/nodules-last-detected-on/2023-05-03/5
Segmented nodule image saved as output/crop993/nodules-last-detected-on/2023-05-03/5/detection/2023-05-03.jpg
Original nodule image saved as output/crop993/nodules-last-detected-on/2023-05-03/5/2023-05-03.jpg


@process_contour: max_id: 20230503_23
Moments: {'m00': 8.5, 'm10': 1067.3333333333333, 'm01': 1916.1666666666665, 'm20': 134029.5833333333, 'm11': 240611.125, 'm02': 431970.0833333333, 'm30': 16831417.7, 'm21': 30214649.933333334, 'm12': 54242209.56666666, 'm03': 97382315.05000001, 'mu20': 6.001633986918023, 'mu11': 0.7066993464541156, 'mu02': 6.001633987005334, 'mu30': -0.35087786242365837, 'mu21': -0.478207105110414, 'mu12': 0.4782070821270281, 'mu03': 0.35087786614894867, 'nu20': 0.08306759843485154, 'nu11': 0.009781305833274957, 'nu02': 0.08306759843606, 'nu30': -0.0016657455214805616, 'nu21': -0.002270223998104665, 'nu12': 0.0022702238889941275, 'nu03': 0.0016657455391658768}
Centroid: 125, 225
Processing contour#10: area: 8.5 centroid: 125, 225 rectangle: (124, 224, 4, 4)
@find_dayJSON_match_for_contour: x: 124, y: 224, w: 4, h: 4, area: 8.5
Matched with JSON#4: (125, 225, 3, 41.0, 22.3137, 0.562696)
Match with input JSON(nodules) ID: 4
Matched contour: {'x': 125, 'y': 225, 'd': 3, 'a': 41.0, 'p': 22.3137, 'e': 0.562696, 'id': 4, 'tq': 100}
JSON_entry: 4
Matched with first_id: 4 second_id: 8 name: 20230512_23
entry_id:20230512_23, entry saved to results list
created dirs at nodule_detection_path: output/crop993/nodules-last-detected-on/2023-05-12/23/detection and nodule_images_original_path: output/crop993/nodules-last-detected-on/2023-05-12/23
Segmented nodule image saved as output/crop993/nodules-last-detected-on/2023-05-12/23/detection/2023-05-03.jpg
Original nodule image saved as output/crop993/nodules-last-detected-on/2023-05-12/23/2023-05-03.jpg


@process_contour: max_id: 20230503_24
Moments: {'m00': 35.5, 'm10': 2305.5, 'm01': 1630.6666666666665, 'm20': 149831.5833333333, 'm11': 105857.79166666666, 'm02': 75028.75, 'm30': 9744092.85, 'm21': 6876712.6, 'm12': 4868674.366666666, 'm03': 3457878.3000000003, 'mu20': 103.97065727695008, 'mu11': -43.673122065723874, 'mu02': 125.26330203443649, 'mu30': -23.321146592497826, 'mu21': -19.563090435923186, 'mu12': 44.77466000959976, 'mu03': -20.49011366069317, 'nu20': 0.08250002561154539, 'nu11': -0.034654332129120315, 'nu02': 0.0993955977261944, 'nu30': -0.0031058395516014325, 'nu21': -0.0026053530338423308, 'nu12': 0.00596295338292059, 'nu03': -0.002728811174518395}
Centroid: 64, 45
Processing contour#11: area: 35.5 centroid: 64, 45 rectangle: (61, 42, 8, 9)
@find_dayJSON_match_for_contour: x: 61, y: 42, w: 8, h: 9, area: 35.5
Matched with JSON#3: (64, 46, 6, 141.0, 50.0416, 0.805901)
Match with input JSON(nodules) ID: 3
Matched contour: {'x': 64, 'y': 46, 'd': 6, 'a': 141.0, 'p': 50.0416, 'e': 0.805901, 'id': 3, 'tq': 100}
JSON_entry: 3
Matched with first_id: 3 second_id: 1 name: 20230519_0
entry_id:20230519_0, entry saved to results list
created dirs at nodule_detection_path: output/crop993/nodules-last-detected-on/2023-05-19/0/detection and nodule_images_original_path: output/crop993/nodules-last-detected-on/2023-05-19/0
Segmented nodule image saved as output/crop993/nodules-last-detected-on/2023-05-19/0/detection/2023-05-03.jpg
Original nodule image saved as output/crop993/nodules-last-detected-on/2023-05-19/0/2023-05-03.jpg


@process_contour: max_id: 20230503_25
Moments: {'m00': 16.0, 'm10': 2555.6666666666665, 'm01': 513.8333333333333, 'm20': 408234.0, 'm11': 82075.5, 'm02': 16526.5, 'm30': 65213100.900000006, 'm21': 13110684.616666667, 'm12': 2639854.05, 'm03': 532354.85, 'mu20': 19.49305555562023, 'mu11': 1.3298611111240461, 'mu02': 24.956597222226264, 'mu30': -2.944039359688759, 'mu21': -5.031047456663714, 'mu12': 4.561212383617203, 'mu03': 10.24709924752824, 'nu20': 0.07614474826414153, 'nu11': 0.005194769965328305, 'nu02': 0.09748670789932135, 'nu30': -0.0028750384371960536, 'nu21': -0.004913132281898158, 'nu12': 0.004454308968376175, 'nu03': 0.010006932858914297}
Centroid: 159, 32
Processing contour#12: area: 16.0 centroid: 159, 32 rectangle: (157, 30, 6, 6)
@find_dayJSON_match_for_contour: x: 157, y: 30, w: 6, h: 6, area: 16.0
Matched with JSON#0: (159, 31, 5, 87.0, 33.5563, 0.64566)
Match with input JSON(nodules) ID: 0
Matched contour: {'x': 159, 'y': 31, 'd': 5, 'a': 87.0, 'p': 33.5563, 'e': 0.64566, 'id': 0, 'tq': 100}
JSON_entry: 0
Matched with first_id: 0 second_id: 5 name: 20230505_0
entry_id:20230505_0, entry saved to results list
created dirs at nodule_detection_path: output/crop993/nodules-last-detected-on/2023-05-05/0/detection and nodule_images_original_path: output/crop993/nodules-last-detected-on/2023-05-05/0
Segmented nodule image saved as output/crop993/nodules-last-detected-on/2023-05-05/0/detection/2023-05-03.jpg
Original nodule image saved as output/crop993/nodules-last-detected-on/2023-05-05/0/2023-05-03.jpg


@process_contour: max_id: 20230503_26
Moments: {'m00': 9.0, 'm10': 1976.6666666666665, 'm01': 282.0, 'm20': 434141.1666666666, 'm11': 61935.33333333333, 'm02': 8843.5, 'm30': 95353161.4, 'm21': 13602991.333333334, 'm12': 1942282.4666666666, 'm03': 277566.0, 'mu20': 6.598765432194341, 'mu11': -0.22222222221898846, 'mu02': 7.5, 'mu30': -0.8107910454273224, 'mu21': -0.9423868306524241, 'mu12': 1.7629629629925603, 'mu03': -0.3333333333139308, 'nu20': 0.08146623990363383, 'nu11': -0.0027434842249257833, 'nu02': 0.09259259259259259, 'nu30': -0.0033365886643099683, 'nu21': -0.0038781351055655307, 'nu12': 0.007254991617253333, 'nu03': -0.001371742112403007}
Centroid: 219, 31
Processing contour#13: area: 9.0 centroid: 219, 31 rectangle: (218, 29, 4, 5)
@find_dayJSON_match_for_contour: x: 218, y: 29, w: 4, h: 5, area: 9.0
Matched with JSON#1: (220, 31, 3, 38.0, 21.0711, 0.696463)
Match with input JSON(nodules) ID: 1
Matched contour: {'x': 220, 'y': 31, 'd': 3, 'a': 38.0, 'p': 21.0711, 'e': 0.696463, 'id': 1, 'tq': 100}
JSON_entry: 1
Matched with first_id: 1 second_id: 4 name: 20230505_1
entry_id:20230505_1, entry saved to results list
created dirs at nodule_detection_path: output/crop993/nodules-last-detected-on/2023-05-05/1/detection and nodule_images_original_path: output/crop993/nodules-last-detected-on/2023-05-05/1
Segmented nodule image saved as output/crop993/nodules-last-detected-on/2023-05-05/1/detection/2023-05-03.jpg
Original nodule image saved as output/crop993/nodules-last-detected-on/2023-05-05/1/2023-05-03.jpg


Done analyzing contours, found 12 nodules.


results_entry: {'date': '20230503', 'json': 'output/crop993/20230503/20230503.json', 'log': 'output/crop993/20230503/crop993_20230503.log', 'image': 'data/crop993/20230503.jpg', 'plot': 'output/crop993/plots/20230501_20230503.png', 'match_stats': {'i_dict': {0: 9, 1: 3, 4: 1, 7: 1}, 'average_tracking_quality': 22.1429, 'distance_threshold': 20, 'lengths': {'matching': 14, 'unmatched_current': 0, 'unmatched_previous': 11}, 'averages': {'tq': -157.2143, 'i': 1.0, 'dx': -2.9286, 'dy': 13.2857, 'dd': -0.5714, 'da': -22.0, 'dp': -5.3057, 'de': 0.0314}}}
