Current memory usage: 1999.9609375 MB
@analyze_image: file_name: data/crop1018/20230426.jpg, output_dir: output/crop1018, external_logger: <Logger data_crop1018.log (DEBUG)>
Loaded image & JSON file: data/crop1018/20230426.jpg
Scaled JSON data: scalar_position: 0.5, scalar_size: 0.5

@find_prev_next_date: image_output_dir: output/crop1018/20230426
data_dir: data/crop1018
Previous date file: data/crop1018/20230424.jpg, Next date file: data/crop1018/20230501.json


Loaded prev_results from JSON file: 20230424, length: 17
Scaled JSON data: scalar_position: 0.5, scalar_size: 0.5
Loaded next_results from JSON file: 20230501, length: 23
Scaled JSON data: scalar_position: 0.5, scalar_size: 0.5
prev_results is not empty, generating matching
Current memory usage: 2001.171875 MB
current_date:20230426, generating Matching: 20230424_20230426_matching.json
spatial_distances: (10, 17), attribute_distances: (10, 17)
combined_distances: (10, 17)
Current memory usage: 2001.1796875 MB

@find_matching: combined_distances: (10, 17), next_matching: [{'id': '20230501_0', 'p': {'id': 1, 'tq': -397.0, 'dx': -78, 'dy': -81, 'dd': 2, 'da': 67.0, 'dp': 15.9, 'de': -0.16}, 'c': {'id': 2}, 'n': {}, 'i': 0}, {'id': '20230501_1', 'p': {'id': 0, 'tq': 13.0, 'dx': 4, 'dy': -8, 'dd': 1, 'da': 37.0, 'dp': 5.66, 'de': 0.01}, 'c': {'id': 3}, 'n': {}, 'i': 0}, {'id': '20230501_2', 'p': {'id': 2, 'tq': -36.0, 'dx': -6, 'dy': 19, 'dd': -2, 'da': -42.0, 'dp': -13.9, 'de': 0.47}, 'c': {'id': 8}, 'n': {}, 'i': 0}, {'id': '20230503_4', 'p': {'id': 3, 'tq': 47.0, 'dx': 3, 'dy': -4, 'dd': 1, 'da': 23.0, 'dp': 6.24, 'de': 0.02}, 'c': {'id': 9}, 'n': {'id': 4, 'dx': -7, 'dy': 3, 'dd': 1, 'da': 15.0, 'dp': 2.83, 'de': -0.15}, 'i': 1}, {'id': '20230503_3', 'p': {'id': 4, 'tq': 14.0, 'dx': 1, 'dy': -3, 'dd': 2, 'da': 49.0, 'dp': 11.07, 'de': 0.03}, 'c': {'id': 11}, 'n': {'id': 3, 'dx': 21, 'dy': -5, 'dd': 0, 'da': 3.0, 'dp': 0.0, 'de': -0.1}, 'i': 1}, {'id': '20230501_5', 'p': {'id': 9, 'tq': -591.0, 'dx': -6, 'dy': -191, 'dd': 0, 'da': -2.0, 'dp': -14.34, 'de': -0.52}, 'c': {'id': 15}, 'n': {}, 'i': 0}, {'id': '20230501_6', 'p': {'id': 6, 'tq': -413.0, 'dx': 53, 'dy': -84, 'dd': -2, 'da': -109.0, 'dp': -18.24, 'de': 0.03}, 'c': {'id': 18}, 'n': {}, 'i': 0}, {'id': '20230503_8', 'p': {'id': 5, 'tq': 37.0, 'dx': 3, 'dy': -10, 'dd': -1, 'da': -16.0, 'dp': -6.59, 'de': -0.41}, 'c': {'id': 20}, 'n': {'id': 8, 'dx': 0, 'dy': 4, 'dd': 1, 'da': 2.0, 'dp': 3.04, 'de': 0.43}, 'i': 1}, {'id': '20230501_8', 'p': {'id': 8, 'tq': -837.0, 'dx': -30, 'dy': -1, 'dd': 6, 'da': 536.0, 'dp': 141.36, 'de': 0.0}, 'c': {'id': 21}, 'n': {}, 'i': 0}, {'id': '20230501_9', 'p': {'id': 7, 'tq': -74.0, 'dx': 40, 'dy': 24, 'dd': 0, 'da': -6.0, 'dp': -3.66, 'de': -0.05}, 'c': {'id': 22}, 'n': {}, 'i': 0}], current_date_string: 20230426, distance_threshold: 20
matched entry: {'id': '20230501_1', 'p': {'id': 0, 'tq': 13.0, 'dx': 4, 'dy': -8, 'dd': 1, 'da': 37.0, 'dp': 5.66, 'de': 0.01}, 'c': {'id': 3}, 'n': {}, 'i': 0}, len(matching): 0
tq < 0
tq < 0
matched entry: {'id': '20230503_4', 'p': {'id': 3, 'tq': 47.0, 'dx': 3, 'dy': -4, 'dd': 1, 'da': 23.0, 'dp': 6.24, 'de': 0.02}, 'c': {'id': 9}, 'n': {'id': 4, 'dx': -7, 'dy': 3, 'dd': 1, 'da': 15.0, 'dp': 2.83, 'de': -0.15}, 'i': 1}, len(matching): 3
matched entry: {'id': '20230503_3', 'p': {'id': 4, 'tq': 14.0, 'dx': 1, 'dy': -3, 'dd': 2, 'da': 49.0, 'dp': 11.07, 'de': 0.03}, 'c': {'id': 11}, 'n': {'id': 3, 'dx': 21, 'dy': -5, 'dd': 0, 'da': 3.0, 'dp': 0.0, 'de': -0.1}, 'i': 1}, len(matching): 4
matched entry: {'id': '20230503_8', 'p': {'id': 5, 'tq': 37.0, 'dx': 3, 'dy': -10, 'dd': -1, 'da': -16.0, 'dp': -6.59, 'de': -0.41}, 'c': {'id': 20}, 'n': {'id': 8, 'dx': 0, 'dy': 4, 'dd': 1, 'da': 2.0, 'dp': 3.04, 'de': 0.43}, 'i': 1}, len(matching): 5
tq < 0
tq < 0
tq < 0
tq < 0
i_dict: {0: 6, 1: 1, 2: 3}
tq_average: -192.4, dx_average: 2.3, dy_average: 30.5, dd_average: 0.5, da_average: 12.0, dp_average: 7.265, de_average: 0.06
average_tracking_quality: 62.0
@find_matching:
Returning:
Matching(lenght=10): [{'id': '20230501_1', 'p': {'id': 2, 'tq': -46.0, 'dx': 3, 'dy': 5, 'dd': -2, 'da': -83.0, 'dp': -12.0, 'de': 0.21}, 'c': {'id': 0}, 'n': {'id': 3, 'dx': 4, 'dy': -8, 'dd': 1, 'da': 37.0, 'dp': 5.66, 'de': 0.01}, 'i': 1}, {'id': '20230426_1', 'p': {'id': 4, 'tq': -440.0, 'dx': 61, 'dy': -131, 'dd': 2, 'da': 21.0, 'dp': 8.83, 'de': -0.33}, 'c': {'id': 1}, 'n': {}, 'i': 0}, {'id': '20230426_2', 'p': {'id': 5, 'tq': -87.0, 'dx': -30, 'dy': -7, 'dd': 3, 'da': 49.0, 'dp': 19.9, 'de': -0.57}, 'c': {'id': 2}, 'n': {}, 'i': 0}, {'id': '20230503_4', 'p': {'id': 7, 'tq': 78.0, 'dx': 2, 'dy': 3, 'dd': -1, 'da': -6.0, 'dp': -1.66, 'de': 0.14}, 'c': {'id': 3}, 'n': {'id': 9, 'dx': 3, 'dy': -4, 'dd': 1, 'da': 23.0, 'dp': 6.24, 'de': 0.02}, 'i': 2}, {'id': '20230503_3', 'p': {'id': 9, 'tq': 46.0, 'dx': 0, 'dy': 3, 'dd': -1, 'da': -28.0, 'dp': -7.07, 'de': -0.05}, 'c': {'id': 4}, 'n': {'id': 11, 'dx': 1, 'dy': -3, 'dd': 2, 'da': 49.0, 'dp': 11.07, 'de': 0.03}, 'i': 2}, {'id': '20230503_8', 'p': {'id': 13, 'tq': -174.0, 'dx': 20, 'dy': 70, 'dd': -1, 'da': -13.0, 'dp': -0.83, 'de': 0.54}, 'c': {'id': 5}, 'n': {'id': 20, 'dx': 3, 'dy': -10, 'dd': -1, 'da': -16.0, 'dp': -6.59, 'de': -0.41}, 'i': 2}, {'id': '20230426_6', 'p': {'id': 10, 'tq': -684.0, 'dx': -13, 'dy': 222, 'dd': 0, 'da': -4.0, 'dp': -0.83, 'de': 0.15}, 'c': {'id': 6}, 'n': {}, 'i': 0}, {'id': '20230426_7', 'p': {'id': 14, 'tq': -357.0, 'dx': -50, 'dy': 113, 'dd': -1, 'da': -16.0, 'dp': -3.76, 'de': 0.2}, 'c': {'id': 7}, 'n': {}, 'i': 0}, {'id': '20230426_8', 'p': {'id': 16, 'tq': -54.0, 'dx': 1, 'dy': 1, 'dd': 2, 'da': 96.0, 'dp': 26.17, 'de': 0.01}, 'c': {'id': 8}, 'n': {}, 'i': 0}, {'id': '20230426_9', 'p': {'id': 15, 'tq': -206.0, 'dx': 29, 'dy': 26, 'dd': 4, 'da': 104.0, 'dp': 43.9, 'de': 0.3}, 'c': {'id': 9}, 'n': {}, 'i': 0}]
Unmatched current(length=0): set()
Unmatched previous(length=7): {0, 1, 3, 6, 8, 11, 12}
Distance threshold: 20



@plot_data: normalized_points: (10, 2), normalized_prev_points: (17, 2), current_points: (10, 2), prev_points: (17, 2), current_data: 10, prev_data: 17, matching: 10, unmatched_current: 0, unmatched_prev: 7, combined_distances: (10, 17), distance_threshold: 20, current_date_string: 20230426, previous_date_string: 20230424, filename: output/crop1018/plots/20230424_20230426.png
Plots created
Plotted the normalized points
Drawing lines between the matched points
Plotting the unmatched points
Plotted the original points with diameter as size
Drawing lines between the matched points and add the indices to the plots with color coding
Setting the titles and labels
Done plotting

@process_image: output_dir: output/crop1018/20230426, image_name: 20230426, date_string: 20230426
len(json_data) = 10 json_data entries
len(matching) = 10 matching entries, setting max_id_i to 10
crop_dir: output/crop1018
nodules_dir: output/crop1018/nodules-last-detected-on
Split image into left and right images: (705, 300, 3), (705, 300, 3)
Converted right image to HSV: (705, 300, 3)
Created mask to detect nodules: (705, 300)

Found 10 contours in mask, processing each contour...

@process_contour: max_id: 20230426_10
Moments: {'m00': 13.0, 'm10': 3577.0, 'm01': 9141.833333333332, 'm20': 984293.1666666666, 'm11': 2515409.25, 'm02': 6428705.0, 'm30': 270869371.5, 'm21': 692171894.35, 'm12': 1768881004.75, 'm03': 4520785968.05, 'mu20': 67.85897435876541, 'mu11': -1.3525641020387411, 'mu02': 3.7158119678497314, 'mu30': -22.366863787174225, 'mu21': 17.07600246652146, 'mu12': 0.5062451362608726, 'mu03': -1.0141592025756836, 'nu20': 0.4015323926554167, 'nu11': -0.008003337881886043, 'nu02': 0.021987053064199596, 'nu30': -0.03670681577422638, 'nu21': 0.028023851831130032, 'nu12': 0.0008308114687040649, 'nu03': -0.0016643618599773778}
Centroid: 275, 703
Processing contour#1: area: 13.0 centroid: 275, 703 rectangle: (269, 702, 12, 3)
@find_dayJSON_match_for_contour: x: 269, y: 702, w: 12, h: 3, area: 13.0
Matched with JSON#9: (274, 703, 5, 113.0, 51.3137, 0.966779)
Match with input JSON(nodules) ID: 9
Matched contour: {'x': 274, 'y': 703, 'd': 5, 'a': 113.0, 'p': 51.3137, 'e': 0.966779, 'id': 9, 'tq': 100}
JSON_entry: 9
Matched with first_id: 9 second_id: 15 name: 20230426_9
entry_id:20230426_9, entry saved to results list
WARNING: right_nodule_img.shape != (50, 50, 3) != (27, 50, 3)
@process_contour: max_id: 20230426_11
Moments: {'m00': 46.5, 'm10': 11000.833333333332, 'm01': 32691.5, 'm20': 2604696.083333333, 'm11': 7734043.625, 'm02': 22983546.083333332, 'm30': 617228627.45, 'm21': 1831206286.6166666, 'm12': 5437358183.316667, 'm03': 16158443225.85, 'mu20': 2151.2655316605233, 'mu11': -15.362455196678638, 'mu02': 15.49731182307005, 'mu30': -596.719358921051, 'mu21': 178.90326365432702, 'mu12': 2.0623022661038704, 'mu03': -0.9033470153808594, 'nu20': 0.9949198897724701, 'nu11': -0.007104846894058801, 'nu02': 0.007167215550038178, 'nu30': -0.04047042315327256, 'nu21': 0.012133494037605086, 'nu12': 0.00013986850624401985, 'nu03': -6.12663816250448e-05}
Centroid: 236, 703
Processing contour#2: area: 46.5 centroid: 236, 703 rectangle: (222, 702, 28, 3)
@find_dayJSON_match_for_contour: x: 222, y: 702, w: 28, h: 3, area: 46.5
Matched with JSON#8: (237, 703, 10, 327.0, 119.6924, 0.993368)
Match with input JSON(nodules) ID: 8
Matched contour: {'x': 237, 'y': 703, 'd': 10, 'a': 327.0, 'p': 119.6924, 'e': 0.993368, 'id': 8, 'tq': 100}
JSON_entry: 8
Matched with first_id: 8 second_id: 16 name: 20230426_8
entry_id:20230426_8, entry saved to results list
WARNING: right_nodule_img.shape != (50, 50, 3) != (27, 50, 3)
@process_contour: max_id: 20230426_12
Moments: {'m00': 0.0, 'm10': 0.0, 'm01': 0.0, 'm20': 0.0, 'm11': 0.0, 'm02': 0.0, 'm30': 0.0, 'm21': 0.0, 'm12': 0.0, 'm03': 0.0, 'mu20': 0.0, 'mu11': 0.0, 'mu02': 0.0, 'mu30': 0.0, 'mu21': 0.0, 'mu12': 0.0, 'mu03': 0.0, 'nu20': 0.0, 'nu11': 0.0, 'nu02': 0.0, 'nu30': 0.0, 'nu21': 0.0, 'nu12': 0.0, 'nu03': 0.0}
Skipping contour#3 because area is 0.


@process_contour: max_id: 20230426_13
Moments: {'m00': 51.0, 'm10': 4535.666666666666, 'm01': 31813.166666666664, 'm20': 403640.1666666666, 'm11': 2829273.583333333, 'm02': 19844831.0, 'm30': 35944174.9, 'm21': 251782425.71666667, 'm12': 1764869295.55, 'm03': 12379174545.650002, 'mu20': 262.282135076297, 'mu11': -18.95806100172922, 'mu02': 172.69880174845457, 'mu30': -70.15789084136486, 'mu21': 74.33162594772875, 'mu12': 35.93382987199948, 'mu03': -47.80802917480469, 'nu20': 0.10083896004471242, 'nu11': -0.007288758555066982, 'nu02': 0.06639707871912902, 'nu30': -0.0037770356510024726, 'nu21': 0.004001733772703737, 'nu12': 0.0019345415729570025, 'nu03': -0.0025738035797812013}
Centroid: 88, 623
Processing contour#4: area: 51.0 centroid: 88, 623 rectangle: (84, 620, 10, 8)
@find_dayJSON_match_for_contour: x: 84, y: 620, w: 10, h: 8, area: 51.0
Matched with JSON#6: (88, 624, 7, 188.0, 49.2132, 0.461578)
Match with input JSON(nodules) ID: 6
Matched contour: {'x': 88, 'y': 624, 'd': 7, 'a': 188.0, 'p': 49.2132, 'e': 0.461578, 'id': 6, 'tq': 100}
JSON_entry: 6
Matched with first_id: 6 second_id: 10 name: 20230426_6
entry_id:20230426_6, entry saved to results list
created dirs at nodule_detection_path: output/crop1018/nodules-last-detected-on/2023-04-26/6/detection and nodule_images_original_path: output/crop1018/nodules-last-detected-on/2023-04-26/6
Segmented nodule image saved as output/crop1018/nodules-last-detected-on/2023-04-26/6/detection/2023-04-26.jpg
Original nodule image saved as output/crop1018/nodules-last-detected-on/2023-04-26/6/2023-04-26.jpg


@process_contour: max_id: 20230426_14
Moments: {'m00': 3.0, 'm10': 801.0, 'm01': 1849.5, 'm20': 213868.16666666666, 'm11': 493815.9166666666, 'm02': 1140217.6666666665, 'm30': 57103423.5, 'm21': 131849413.25, 'm12': 304437397.75, 'm03': 702945321.75, 'mu20': 1.1666666666569654, 'mu11': -0.5833333333721384, 'mu02': 0.9166666665114462, 'mu30': 7.450580596923828e-09, 'mu21': 2.0881998352706432e-08, 'mu12': 1.0104849934577942e-07, 'mu03': 2.384185791015625e-07, 'nu20': 0.1296296296285517, 'nu11': -0.06481481481912649, 'nu02': 0.10185185183460513, 'nu30': 4.779549681392194e-10, 'nu21': 1.33958081890582e-09, 'nu12': 6.482264255388162e-09, 'nu03': 1.529455898045502e-08}
Centroid: 267, 616
Processing contour#5: area: 3.0 centroid: 267, 616 rectangle: (266, 615, 3, 4)
@find_dayJSON_match_for_contour: x: 266, y: 615, w: 3, h: 4, area: 3.0
Matched with JSON#5: (267, 615, 4, 66.0, 30.4853, 0.785678)
Match with input JSON(nodules) ID: 5
Matched contour: {'x': 267, 'y': 615, 'd': 4, 'a': 66.0, 'p': 30.4853, 'e': 0.785678, 'id': 5, 'tq': 100}
JSON_entry: 5
Matched with first_id: 5 second_id: 13 name: 20230503_8
entry_id:20230503_8, entry saved to results list
created dirs at nodule_detection_path: output/crop1018/nodules-last-detected-on/2023-05-03/8/detection and nodule_images_original_path: output/crop1018/nodules-last-detected-on/2023-05-03/8
Segmented nodule image saved as output/crop1018/nodules-last-detected-on/2023-05-03/8/detection/2023-04-26.jpg
Original nodule image saved as output/crop1018/nodules-last-detected-on/2023-05-03/8/2023-04-26.jpg


@process_contour: max_id: 20230426_15
Moments: {'m00': 11.0, 'm10': 2746.833333333333, 'm01': 4365.5, 'm20': 685927.6666666666, 'm11': 1090121.1666666665, 'm02': 1732519.0, 'm30': 171289491.35000002, 'm21': 272221196.8333333, 'm12': 432633297.2, 'm03': 687582359.75, 'mu20': 10.088383838534355, 'mu11': 2.901515151374042, 'mu02': 10.795454545412213, 'mu30': 0.32513007521629333, 'mu21': -0.3294306512584626, 'mu12': -0.34201088861664175, 'mu03': 0.694214940071106, 'nu20': 0.08337507304573848, 'nu11': 0.023979464060942497, 'nu02': 0.0892186326067125, 'nu30': 0.000810168645794496, 'nu21': -0.0008208849471575818, 'nu12': -0.000852232751132557, 'nu03': 0.0017298651240232293}
Centroid: 249, 396
Processing contour#6: area: 11.0 centroid: 249, 396 rectangle: (248, 395, 5, 5)
@find_dayJSON_match_for_contour: x: 248, y: 395, w: 5, h: 5, area: 11.0
Matched with JSON#4: (249, 396, 3, 49.0, 24.4853, 0.453369)
Match with input JSON(nodules) ID: 4
Matched contour: {'x': 249, 'y': 396, 'd': 3, 'a': 49.0, 'p': 24.4853, 'e': 0.453369, 'id': 4, 'tq': 100}
JSON_entry: 4
Matched with first_id: 4 second_id: 9 name: 20230503_3
entry_id:20230503_3, entry saved to results list
created dirs at nodule_detection_path: output/crop1018/nodules-last-detected-on/2023-05-03/3/detection and nodule_images_original_path: output/crop1018/nodules-last-detected-on/2023-05-03/3
Segmented nodule image saved as output/crop1018/nodules-last-detected-on/2023-05-03/3/detection/2023-04-26.jpg
Original nodule image saved as output/crop1018/nodules-last-detected-on/2023-05-03/3/2023-04-26.jpg


@process_contour: max_id: 20230426_16
Moments: {'m00': 15.0, 'm10': 3815.5, 'm01': 5837.0, 'm20': 970559.0, 'm11': 1484736.5833333333, 'm02': 2271386.1666666665, 'm30': 246889550.75, 'm21': 377676018.9166667, 'm12': 577763644.0833334, 'm03': 883883666.5, 'mu20': 22.983333333279006, 'mu11': -1.6500000001396984, 'mu02': 14.899999999906868, 'mu30': 0.7288888990879059, 'mu21': -0.5399999187247886, 'mu12': 0.29555567408260686, 'mu03': 0.004444599151611328, 'nu20': 0.1021481481479067, 'nu11': -0.007333333333954215, 'nu02': 0.0662222222218083, 'nu30': 0.0008364369088601237, 'nu21': -0.0006196772421257674, 'nu12': 0.0003391650973626795, 'nu03': 5.100402516965418e-06}
Centroid: 254, 389
Processing contour#7: area: 15.0 centroid: 254, 389 rectangle: (252, 387, 6, 5)
@find_dayJSON_match_for_contour: x: 252, y: 387, w: 6, h: 5, area: 15.0
Matched with JSON#3: (254, 389, 3, 48.0, 23.0711, 0.553043)
Match with input JSON(nodules) ID: 3
Matched contour: {'x': 254, 'y': 389, 'd': 3, 'a': 48.0, 'p': 23.0711, 'e': 0.553043, 'id': 3, 'tq': 100}
JSON_entry: 3
Matched with first_id: 3 second_id: 7 name: 20230503_4
entry_id:20230503_4, entry saved to results list
created dirs at nodule_detection_path: output/crop1018/nodules-last-detected-on/2023-05-03/4/detection and nodule_images_original_path: output/crop1018/nodules-last-detected-on/2023-05-03/4
Segmented nodule image saved as output/crop1018/nodules-last-detected-on/2023-05-03/4/detection/2023-04-26.jpg
Original nodule image saved as output/crop1018/nodules-last-detected-on/2023-05-03/4/2023-04-26.jpg


@process_contour: max_id: 20230426_17
Moments: {'m00': 10.5, 'm10': 2034.6666666666665, 'm01': 3355.833333333333, 'm20': 394284.9166666666, 'm11': 650287.7916666666, 'm02': 1072542.75, 'm30': 76408203.3, 'm21': 126015436.23333333, 'm12': 207836142.93333334, 'm03': 342793028.95000005, 'mu20': 11.73148148151813, 'mu11': 1.8657407407881692, 'mu02': 7.763227513292804, 'mu30': 1.7362139970064163, 'mu21': 2.090329251661842, 'mu12': -0.32666078085662775, 'mu03': -1.1519358158111572, 'nu20': 0.10640799529721659, 'nu11': 0.016922818510550285, 'nu02': 0.07041476202533155, 'nu30': 0.004859929904565323, 'nu21': 0.005851152944311563, 'nu12': -0.0009143737467103935, 'nu03': -0.0032244454479995795}
Centroid: 193, 319
Processing contour#8: area: 10.5 centroid: 193, 319 rectangle: (192, 318, 5, 4)
@find_dayJSON_match_for_contour: x: 192, y: 318, w: 5, h: 4, area: 10.5
Matched with JSON#2: (194, 319, 4, 59.0, 26.7279, 0.21279)
Match with input JSON(nodules) ID: 2
Matched contour: {'x': 194, 'y': 319, 'd': 4, 'a': 59.0, 'p': 26.7279, 'e': 0.21279, 'id': 2, 'tq': 100}
JSON_entry: 2
Matched with first_id: 2 second_id: 5 name: 20230426_2
entry_id:20230426_2, entry saved to results list
created dirs at nodule_detection_path: output/crop1018/nodules-last-detected-on/2023-04-26/2/detection and nodule_images_original_path: output/crop1018/nodules-last-detected-on/2023-04-26/2
Segmented nodule image saved as output/crop1018/nodules-last-detected-on/2023-04-26/2/detection/2023-04-26.jpg
Original nodule image saved as output/crop1018/nodules-last-detected-on/2023-04-26/2/2023-04-26.jpg


@process_contour: max_id: 20230426_18
Moments: {'m00': 9.5, 'm10': 2467.6666666666665, 'm01': 1533.1666666666665, 'm20': 640996.0833333333, 'm11': 398246.7916666666, 'm02': 247437.91666666666, 'm30': 166506138.8, 'm21': 103447783.26666667, 'm12': 64273092.266666666, 'm03': 39935052.550000004, 'mu20': 8.843567251460627, 'mu11': 0.025584795337636024, 'mu02': 6.334795321687125, 'mu30': 0.45707401633262634, 'mu21': -1.4386016098544587, 'mu12': -0.09957422829529605, 'mu03': 0.918754480779171, 'nu20': 0.09798966483612881, 'nu11': 0.00028348803698211657, 'nu02': 0.07019163791343073, 'nu30': 0.0016431511687850194, 'nu21': -0.005171678616988212, 'nu12': -0.00035796283262187056, 'nu03': 0.0033028622170028356}
Centroid: 259, 161
Processing contour#9: area: 9.5 centroid: 259, 161 rectangle: (258, 160, 5, 4)
@find_dayJSON_match_for_contour: x: 258, y: 160, w: 5, h: 4, area: 9.5
Matched with JSON#1: (260, 160, 3, 33.0, 19.0711, 0.31248)
Match with input JSON(nodules) ID: 1
Matched contour: {'x': 260, 'y': 160, 'd': 3, 'a': 33.0, 'p': 19.0711, 'e': 0.31248, 'id': 1, 'tq': 100}
JSON_entry: 1
Matched with first_id: 1 second_id: 4 name: 20230426_1
entry_id:20230426_1, entry saved to results list
created dirs at nodule_detection_path: output/crop1018/nodules-last-detected-on/2023-04-26/1/detection and nodule_images_original_path: output/crop1018/nodules-last-detected-on/2023-04-26/1
Segmented nodule image saved as output/crop1018/nodules-last-detected-on/2023-04-26/1/detection/2023-04-26.jpg
Original nodule image saved as output/crop1018/nodules-last-detected-on/2023-04-26/1/2023-04-26.jpg


@process_contour: max_id: 20230426_19
Moments: {'m00': 37.0, 'm10': 3726.5, 'm01': 3359.1666666666665, 'm20': 375430.3333333333, 'm11': 338302.8333333333, 'm02': 305085.6666666666, 'm30': 37834340.25, 'm21': 34080718.3, 'm12': 30723498.666666668, 'm03': 27718647.650000002, 'mu20': 111.35360360355116, 'mu11': -19.722972972958814, 'mu02': 112.67492492491147, 'mu30': -12.6033601090312, 'mu21': 13.811585904692038, 'mu12': 5.928110546579774, 'mu03': -16.935091838240623, 'nu20': 0.08133937443648735, 'nu11': -0.01440684658360761, 'nu02': 0.08230454705983307, 'nu30': -0.0015134986402990994, 'nu21': 0.0016585907493150609, 'nu12': 0.0007118885102205427, 'nu03': -0.0020336829423885905}
Centroid: 100, 90
Processing contour#10: area: 37.0 centroid: 100, 90 rectangle: (97, 87, 8, 8)
@find_dayJSON_match_for_contour: x: 97, y: 87, w: 8, h: 8, area: 37.0
Matched with JSON#0: (100, 90, 6, 139.0, 41.799, 0.675267)
Match with input JSON(nodules) ID: 0
Matched contour: {'x': 100, 'y': 90, 'd': 6, 'a': 139.0, 'p': 41.799, 'e': 0.675267, 'id': 0, 'tq': 100}
JSON_entry: 0
Matched with first_id: 0 second_id: 2 name: 20230501_1
entry_id:20230501_1, entry saved to results list
created dirs at nodule_detection_path: output/crop1018/nodules-last-detected-on/2023-05-01/1/detection and nodule_images_original_path: output/crop1018/nodules-last-detected-on/2023-05-01/1
Segmented nodule image saved as output/crop1018/nodules-last-detected-on/2023-05-01/1/detection/2023-04-26.jpg
Original nodule image saved as output/crop1018/nodules-last-detected-on/2023-05-01/1/2023-04-26.jpg


Done analyzing contours, found 9 nodules.


results_entry: {'date': '20230426', 'json': 'output/crop1018/20230426/20230426.json', 'log': 'output/crop1018/20230426/crop1018_20230426.log', 'image': 'data/crop1018/20230426.jpg', 'plot': 'output/crop1018/plots/20230424_20230426.png', 'match_stats': {'i_dict': {0: 6, 1: 1, 2: 3}, 'average_tracking_quality': 62.0, 'distance_threshold': 20, 'lengths': {'matching': 10, 'unmatched_current': 0, 'unmatched_previous': 7}, 'averages': {'tq': -192.4, 'i': 0.7, 'dx': 2.3, 'dy': 30.5, 'dd': 0.5, 'da': 12.0, 'dp': 7.265, 'de': 0.06}}}
