Current memory usage: 522.0625 MB
@analyze_image: file_name: data/crop1001/20230602.jpg, output_dir: output/crop1001, external_logger: <Logger data_crop1001.log (DEBUG)>
Loaded image & JSON file: data/crop1001/20230602.jpg
Scaled JSON data: scalar_position: 0.5, scalar_size: 0.5

@find_prev_next_date: image_output_dir: output/crop1001/20230602
data_dir: data/crop1001
Previous date file: data/crop1001/20230531.jpg, Next date file: data/crop1001/20230605.json


Loaded prev_results from JSON file: 20230531, length: 241
Scaled JSON data: scalar_position: 0.5, scalar_size: 0.5
Loaded next_results from JSON file: 20230605, length: 244
Scaled JSON data: scalar_position: 0.5, scalar_size: 0.5
prev_results is not empty, generating matching
Current memory usage: 522.0703125 MB
current_date:20230602, generating Matching: 20230531_20230602_matching.json
spatial_distances: (243, 241), attribute_distances: (243, 241)
combined_distances: (243, 241)
Current memory usage: 522.07421875 MB

@find_matching: combined_distances: (243, 241), next_matching: [{'id': '20230607_0', 'c': 0, 'p': 0, 'i': 1}, {'id': '20230605_1', 'c': 1, 'p': 3, 'i': 0}, {'id': '20230607_1', 'c': 2, 'p': 1, 'i': 1}, {'id': '20230605_3', 'c': 3, 'p': 5, 'i': 0}, {'id': '20230607_4', 'c': 4, 'p': 2, 'i': 1}, {'id': '20230605_5', 'c': 5, 'p': 12, 'i': 0}, {'id': '20230605_6', 'c': 6, 'p': 6, 'i': 0}, {'id': '20230607_5', 'c': 7, 'p': 4, 'i': 1}, {'id': '20230607_27', 'c': 8, 'p': 7, 'i': 1}, {'id': '20230607_6', 'c': 9, 'p': 8, 'i': 1}, {'id': '20230605_10', 'c': 10, 'p': 9, 'i': 0}, {'id': '20230605_11', 'c': 11, 'p': 14, 'i': 0}, {'id': '20230607_9', 'c': 12, 'p': 10, 'i': 1}, {'id': '20230607_8', 'c': 13, 'p': 11, 'i': 1}, {'id': '20230605_14', 'c': 14, 'p': 17, 'i': 0}, {'id': '20230607_12', 'c': 15, 'p': 13, 'i': 1}, {'id': '20230607_10', 'c': 16, 'p': 15, 'i': 1}, {'id': '20230607_13', 'c': 17, 'p': 16, 'i': 1}, {'id': '20230605_18', 'c': 18, 'p': 47, 'i': 0}, {'id': '20230607_14', 'c': 19, 'p': 18, 'i': 1}, {'id': '20230607_16', 'c': 20, 'p': 20, 'i': 1}, {'id': '20230607_15', 'c': 21, 'p': 19, 'i': 1}, {'id': '20230607_17', 'c': 22, 'p': 22, 'i': 1}, {'id': '20230607_25', 'c': 23, 'p': 21, 'i': 1}, {'id': '20230605_24', 'c': 24, 'p': 23, 'i': 0}, {'id': '20230605_25', 'c': 25, 'p': 29, 'i': 0}, {'id': '20230607_19', 'c': 26, 'p': 25, 'i': 1}, {'id': '20230607_22', 'c': 27, 'p': 24, 'i': 1}, {'id': '20230605_28', 'c': 28, 'p': 38, 'i': 0}, {'id': '20230607_20', 'c': 29, 'p': 26, 'i': 1}, {'id': '20230605_30', 'c': 30, 'p': 27, 'i': 0}, {'id': '20230607_24', 'c': 31, 'p': 28, 'i': 1}, {'id': '20230607_26', 'c': 32, 'p': 30, 'i': 1}, {'id': '20230607_28', 'c': 33, 'p': 31, 'i': 1}, {'id': '20230607_29', 'c': 34, 'p': 32, 'i': 1}, {'id': '20230607_30', 'c': 35, 'p': 33, 'i': 1}, {'id': '20230607_31', 'c': 36, 'p': 34, 'i': 1}, {'id': '20230607_34', 'c': 37, 'p': 35, 'i': 1}, {'id': '20230607_35', 'c': 38, 'p': 36, 'i': 1}, {'id': '20230607_36', 'c': 39, 'p': 37, 'i': 1}, {'id': '20230607_33', 'c': 40, 'p': 39, 'i': 1}, {'id': '20230607_38', 'c': 41, 'p': 40, 'i': 1}, {'id': '20230607_40', 'c': 42, 'p': 41, 'i': 1}, {'id': '20230607_41', 'c': 43, 'p': 42, 'i': 1}, {'id': '20230607_39', 'c': 44, 'p': 44, 'i': 1}, {'id': '20230607_43', 'c': 45, 'p': 45, 'i': 1}, {'id': '20230607_42', 'c': 46, 'p': 46, 'i': 1}, {'id': '20230607_46', 'c': 47, 'p': 49, 'i': 1}, {'id': '20230607_48', 'c': 48, 'p': 50, 'i': 1}, {'id': '20230607_49', 'c': 49, 'p': 51, 'i': 1}, {'id': '20230607_50', 'c': 50, 'p': 52, 'i': 1}, {'id': '20230607_51', 'c': 51, 'p': 53, 'i': 1}, {'id': '20230607_52', 'c': 52, 'p': 54, 'i': 1}, {'id': '20230605_53', 'c': 53, 'p': 43, 'i': 0}, {'id': '20230607_53', 'c': 54, 'p': 55, 'i': 1}, {'id': '20230605_55', 'c': 55, 'p': 48, 'i': 0}, {'id': '20230607_55', 'c': 56, 'p': 57, 'i': 1}, {'id': '20230607_56', 'c': 57, 'p': 58, 'i': 1}, {'id': '20230605_58', 'c': 58, 'p': 79, 'i': 0}, {'id': '20230605_59', 'c': 59, 'p': 56, 'i': 0}, {'id': '20230607_57', 'c': 60, 'p': 59, 'i': 1}, {'id': '20230607_58', 'c': 61, 'p': 60, 'i': 1}, {'id': '20230607_61', 'c': 62, 'p': 61, 'i': 1}, {'id': '20230607_59', 'c': 63, 'p': 62, 'i': 1}, {'id': '20230607_60', 'c': 64, 'p': 63, 'i': 1}, {'id': '20230607_74', 'c': 65, 'p': 64, 'i': 1}, {'id': '20230607_62', 'c': 66, 'p': 65, 'i': 1}, {'id': '20230607_64', 'c': 67, 'p': 66, 'i': 1}, {'id': '20230607_65', 'c': 68, 'p': 67, 'i': 1}, {'id': '20230607_66', 'c': 69, 'p': 68, 'i': 1}, {'id': '20230607_67', 'c': 70, 'p': 69, 'i': 1}, {'id': '20230607_68', 'c': 71, 'p': 70, 'i': 1}, {'id': '20230605_72', 'c': 72, 'p': 89, 'i': 0}, {'id': '20230607_70', 'c': 73, 'p': 71, 'i': 1}, {'id': '20230607_71', 'c': 74, 'p': 72, 'i': 1}, {'id': '20230607_72', 'c': 75, 'p': 73, 'i': 1}, {'id': '20230607_73', 'c': 76, 'p': 74, 'i': 1}, {'id': '20230607_75', 'c': 77, 'p': 75, 'i': 1}, {'id': '20230607_78', 'c': 78, 'p': 76, 'i': 1}, {'id': '20230607_77', 'c': 79, 'p': 77, 'i': 1}, {'id': '20230607_76', 'c': 80, 'p': 78, 'i': 1}, {'id': '20230607_81', 'c': 81, 'p': 80, 'i': 1}, {'id': '20230607_80', 'c': 82, 'p': 81, 'i': 1}, {'id': '20230607_82', 'c': 83, 'p': 82, 'i': 1}, {'id': '20230607_83', 'c': 84, 'p': 83, 'i': 1}, {'id': '20230607_84', 'c': 85, 'p': 84, 'i': 1}, {'id': '20230607_85', 'c': 86, 'p': 85, 'i': 1}, {'id': '20230607_86', 'c': 87, 'p': 86, 'i': 1}, {'id': '20230607_88', 'c': 88, 'p': 88, 'i': 1}, {'id': '20230605_89', 'c': 89, 'p': 94, 'i': 0}, {'id': '20230607_90', 'c': 90, 'p': 90, 'i': 1}, {'id': '20230607_91', 'c': 91, 'p': 91, 'i': 1}, {'id': '20230605_92', 'c': 92, 'p': 87, 'i': 0}, {'id': '20230607_93', 'c': 93, 'p': 93, 'i': 1}, {'id': '20230607_96', 'c': 94, 'p': 96, 'i': 1}, {'id': '20230607_97', 'c': 95, 'p': 97, 'i': 1}, {'id': '20230607_94', 'c': 96, 'p': 98, 'i': 1}, {'id': '20230605_97', 'c': 97, 'p': 92, 'i': 0}, {'id': '20230607_100', 'c': 98, 'p': 101, 'i': 1}, {'id': '20230607_95', 'c': 99, 'p': 100, 'i': 1}, {'id': '20230607_102', 'c': 100, 'p': 102, 'i': 1}, {'id': '20230607_103', 'c': 101, 'p': 104, 'i': 1}, {'id': '20230607_104', 'c': 102, 'p': 103, 'i': 1}, {'id': '20230607_105', 'c': 103, 'p': 105, 'i': 1}, {'id': '20230607_106', 'c': 104, 'p': 106, 'i': 1}, {'id': '20230607_107', 'c': 105, 'p': 108, 'i': 1}, {'id': '20230607_98', 'c': 106, 'p': 107, 'i': 1}, {'id': '20230607_109', 'c': 107, 'p': 109, 'i': 1}, {'id': '20230607_108', 'c': 108, 'p': 110, 'i': 1}, {'id': '20230605_109', 'c': 109, 'p': 95, 'i': 0}, {'id': '20230607_111', 'c': 110, 'p': 113, 'i': 1}, {'id': '20230607_112', 'c': 111, 'p': 115, 'i': 1}, {'id': '20230605_112', 'c': 112, 'p': 111, 'i': 0}, {'id': '20230607_114', 'c': 113, 'p': 116, 'i': 1}, {'id': '20230607_115', 'c': 114, 'p': 118, 'i': 1}, {'id': '20230607_116', 'c': 115, 'p': 119, 'i': 1}, {'id': '20230607_117', 'c': 116, 'p': 120, 'i': 1}, {'id': '20230605_117', 'c': 117, 'p': 99, 'i': 0}, {'id': '20230607_99', 'c': 118, 'p': 123, 'i': 1}, {'id': '20230607_118', 'c': 119, 'p': 122, 'i': 1}, {'id': '20230607_120', 'c': 120, 'p': 124, 'i': 1}, {'id': '20230607_123', 'c': 121, 'p': 125, 'i': 1}, {'id': '20230607_124', 'c': 122, 'p': 126, 'i': 1}, {'id': '20230607_125', 'c': 123, 'p': 127, 'i': 1}, {'id': '20230607_126', 'c': 124, 'p': 128, 'i': 1}, {'id': '20230605_125', 'c': 125, 'p': 117, 'i': 0}, {'id': '20230607_128', 'c': 126, 'p': 130, 'i': 1}, {'id': '20230607_127', 'c': 127, 'p': 131, 'i': 1}, {'id': '20230607_129', 'c': 128, 'p': 133, 'i': 1}, {'id': '20230607_130', 'c': 129, 'p': 132, 'i': 1}, {'id': '20230607_122', 'c': 130, 'p': 134, 'i': 1}, {'id': '20230607_131', 'c': 131, 'p': 135, 'i': 1}, {'id': '20230607_121', 'c': 132, 'p': 136, 'i': 1}, {'id': '20230605_133', 'c': 133, 'p': 121, 'i': 0}, {'id': '20230607_134', 'c': 134, 'p': 138, 'i': 1}, {'id': '20230607_135', 'c': 135, 'p': 139, 'i': 1}, {'id': '20230607_137', 'c': 136, 'p': 141, 'i': 1}, {'id': '20230607_138', 'c': 137, 'p': 142, 'i': 1}, {'id': '20230607_139', 'c': 138, 'p': 144, 'i': 1}, {'id': '20230607_132', 'c': 139, 'p': 145, 'i': 1}, {'id': '20230605_140', 'c': 140, 'p': 147, 'i': 0}, {'id': '20230605_141', 'c': 141, 'p': 143, 'i': 0}, {'id': '20230605_142', 'c': 142, 'p': 137, 'i': 0}, {'id': '20230607_143', 'c': 143, 'p': 149, 'i': 1}, {'id': '20230607_144', 'c': 144, 'p': 150, 'i': 1}, {'id': '20230607_146', 'c': 145, 'p': 152, 'i': 1}, {'id': '20230607_147', 'c': 146, 'p': 153, 'i': 1}, {'id': '20230607_148', 'c': 147, 'p': 154, 'i': 1}, {'id': '20230607_149', 'c': 148, 'p': 155, 'i': 1}, {'id': '20230605_149', 'c': 149, 'p': 112, 'i': 0}, {'id': '20230605_150', 'c': 150, 'p': 146, 'i': 0}, {'id': '20230607_152', 'c': 151, 'p': 157, 'i': 1}, {'id': '20230605_152', 'c': 152, 'p': 156, 'i': 0}, {'id': '20230607_155', 'c': 153, 'p': 160, 'i': 1}, {'id': '20230607_154', 'c': 154, 'p': 161, 'i': 1}, {'id': '20230605_155', 'c': 155, 'p': 159, 'i': 0}, {'id': '20230607_156', 'c': 156, 'p': 162, 'i': 1}, {'id': '20230607_157', 'c': 157, 'p': 163, 'i': 1}, {'id': '20230607_158', 'c': 158, 'p': 164, 'i': 1}, {'id': '20230607_159', 'c': 159, 'p': 165, 'i': 1}, {'id': '20230607_160', 'c': 160, 'p': 166, 'i': 1}, {'id': '20230607_161', 'c': 161, 'p': 168, 'i': 1}, {'id': '20230607_162', 'c': 162, 'p': 167, 'i': 1}, {'id': '20230607_163', 'c': 163, 'p': 169, 'i': 1}, {'id': '20230607_142', 'c': 164, 'p': 170, 'i': 1}, {'id': '20230607_165', 'c': 165, 'p': 171, 'i': 1}, {'id': '20230607_166', 'c': 166, 'p': 172, 'i': 1}, {'id': '20230607_167', 'c': 167, 'p': 177, 'i': 1}, {'id': '20230607_168', 'c': 168, 'p': 173, 'i': 1}, {'id': '20230605_169', 'c': 169, 'p': 151, 'i': 0}, {'id': '20230607_169', 'c': 170, 'p': 174, 'i': 1}, {'id': '20230607_170', 'c': 171, 'p': 176, 'i': 1}, {'id': '20230607_171', 'c': 172, 'p': 178, 'i': 1}, {'id': '20230605_173', 'c': 173, 'p': 158, 'i': 0}, {'id': '20230605_174', 'c': 174, 'p': 140, 'i': 0}, {'id': '20230605_175', 'c': 175, 'p': 175, 'i': 0}, {'id': '20230607_175', 'c': 176, 'p': 181, 'i': 1}, {'id': '20230605_177', 'c': 177, 'p': 148, 'i': 0}, {'id': '20230607_176', 'c': 178, 'p': 183, 'i': 1}, {'id': '20230607_178', 'c': 179, 'p': 186, 'i': 1}, {'id': '20230607_179', 'c': 180, 'p': 185, 'i': 1}, {'id': '20230605_181', 'c': 181, 'p': 182, 'i': 0}, {'id': '20230607_180', 'c': 182, 'p': 187, 'i': 1}, {'id': '20230607_183', 'c': 183, 'p': 188, 'i': 1}, {'id': '20230607_181', 'c': 184, 'p': 189, 'i': 1}, {'id': '20230607_184', 'c': 185, 'p': 192, 'i': 1}, {'id': '20230607_186', 'c': 186, 'p': 190, 'i': 1}, {'id': '20230607_187', 'c': 187, 'p': 191, 'i': 1}, {'id': '20230607_188', 'c': 188, 'p': 193, 'i': 1}, {'id': '20230607_189', 'c': 189, 'p': 194, 'i': 1}, {'id': '20230607_191', 'c': 190, 'p': 195, 'i': 1}, {'id': '20230607_192', 'c': 191, 'p': 196, 'i': 1}, {'id': '20230607_193', 'c': 192, 'p': 198, 'i': 1}, {'id': '20230607_185', 'c': 193, 'p': 199, 'i': 1}, {'id': '20230607_195', 'c': 194, 'p': 201, 'i': 1}, {'id': '20230607_194', 'c': 195, 'p': 200, 'i': 1}, {'id': '20230605_196', 'c': 196, 'p': 184, 'i': 0}, {'id': '20230607_197', 'c': 197, 'p': 203, 'i': 1}, {'id': '20230605_198', 'c': 198, 'p': 197, 'i': 0}, {'id': '20230607_199', 'c': 199, 'p': 205, 'i': 1}, {'id': '20230607_200', 'c': 200, 'p': 206, 'i': 1}, {'id': '20230605_201', 'c': 201, 'p': 180, 'i': 0}, {'id': '20230607_202', 'c': 202, 'p': 207, 'i': 1}, {'id': '20230607_203', 'c': 203, 'p': 208, 'i': 1}, {'id': '20230607_204', 'c': 204, 'p': 210, 'i': 1}, {'id': '20230605_205', 'c': 205, 'p': 209, 'i': 0}, {'id': '20230607_205', 'c': 206, 'p': 211, 'i': 1}, {'id': '20230605_207', 'c': 207, 'p': 202, 'i': 0}, {'id': '20230607_207', 'c': 208, 'p': 213, 'i': 1}, {'id': '20230607_208', 'c': 209, 'p': 212, 'i': 1}, {'id': '20230607_216', 'c': 210, 'p': 216, 'i': 1}, {'id': '20230607_210', 'c': 211, 'p': 215, 'i': 1}, {'id': '20230607_211', 'c': 212, 'p': 218, 'i': 1}, {'id': '20230607_212', 'c': 213, 'p': 217, 'i': 1}, {'id': '20230605_214', 'c': 214, 'p': 204, 'i': 0}, {'id': '20230605_215', 'c': 215, 'p': 114, 'i': 0}, {'id': '20230607_214', 'c': 216, 'p': 220, 'i': 1}, {'id': '20230607_215', 'c': 217, 'p': 221, 'i': 1}, {'id': '20230605_218', 'c': 218, 'p': 219, 'i': 0}, {'id': '20230607_218', 'c': 219, 'p': 222, 'i': 1}, {'id': '20230607_217', 'c': 220, 'p': 223, 'i': 1}, {'id': '20230607_219', 'c': 221, 'p': 224, 'i': 1}, {'id': '20230607_220', 'c': 222, 'p': 225, 'i': 1}, {'id': '20230605_223', 'c': 223, 'p': 179, 'i': 0}, {'id': '20230607_222', 'c': 224, 'p': 227, 'i': 1}, {'id': '20230607_224', 'c': 225, 'p': 226, 'i': 1}, {'id': '20230607_225', 'c': 226, 'p': 228, 'i': 1}, {'id': '20230605_227', 'c': 227, 'p': 229, 'i': 0}, {'id': '20230607_226', 'c': 228, 'p': 230, 'i': 1}, {'id': '20230607_227', 'c': 229, 'p': 232, 'i': 1}, {'id': '20230607_228', 'c': 230, 'p': 231, 'i': 1}, {'id': '20230607_229', 'c': 231, 'p': 233, 'i': 1}, {'id': '20230605_232', 'c': 232, 'p': 235, 'i': 0}, {'id': '20230607_230', 'c': 233, 'p': 234, 'i': 1}, {'id': '20230607_231', 'c': 234, 'p': 236, 'i': 1}, {'id': '20230607_232', 'c': 235, 'p': 238, 'i': 1}, {'id': '20230607_233', 'c': 236, 'p': 237, 'i': 1}, {'id': '20230605_237', 'c': 237, 'p': 214, 'i': 0}, {'id': '20230605_238', 'c': 238, 'p': 129, 'i': 0}, {'id': '20230605_239', 'c': 239, 'p': 239, 'i': 0}, {'id': '20230605_240', 'c': 241, 'p': 240, 'i': 0}, {'id': '20230607_236', 'c': 242, 'p': 241, 'i': 1}, {'id': '20230605_242', 'c': 243, 'p': 242, 'i': 0}], current_date_string: 20230602, scalar_distance_threshold: 3
matched: {'id': '20230607_0', 'c': 0, 'p': 0, 'i': 1}, current_date_string: 20230602, len(matching): 0
matched: {'id': '20230607_1', 'c': 2, 'p': 1, 'i': 1}, current_date_string: 20230602, len(matching): 1
matched: {'id': '20230607_4', 'c': 4, 'p': 2, 'i': 1}, current_date_string: 20230602, len(matching): 2
matched: {'id': '20230605_1', 'c': 1, 'p': 3, 'i': 0}, current_date_string: 20230602, len(matching): 3
matched: {'id': '20230607_5', 'c': 7, 'p': 4, 'i': 1}, current_date_string: 20230602, len(matching): 4
matched: {'id': '20230607_27', 'c': 8, 'p': 7, 'i': 1}, current_date_string: 20230602, len(matching): 6
matched: {'id': '20230607_6', 'c': 9, 'p': 8, 'i': 1}, current_date_string: 20230602, len(matching): 7
matched: {'id': '20230605_10', 'c': 10, 'p': 9, 'i': 0}, current_date_string: 20230602, len(matching): 8
matched: {'id': '20230607_8', 'c': 13, 'p': 11, 'i': 1}, current_date_string: 20230602, len(matching): 10
matched: {'id': '20230607_12', 'c': 15, 'p': 13, 'i': 1}, current_date_string: 20230602, len(matching): 12
matched: {'id': '20230607_14', 'c': 19, 'p': 18, 'i': 1}, current_date_string: 20230602, len(matching): 16
matched: {'id': '20230607_15', 'c': 21, 'p': 19, 'i': 1}, current_date_string: 20230602, len(matching): 17
matched: {'id': '20230607_16', 'c': 20, 'p': 20, 'i': 1}, current_date_string: 20230602, len(matching): 18
matched: {'id': '20230607_25', 'c': 23, 'p': 21, 'i': 1}, current_date_string: 20230602, len(matching): 19
matched: {'id': '20230607_17', 'c': 22, 'p': 22, 'i': 1}, current_date_string: 20230602, len(matching): 20
matched: {'id': '20230607_20', 'c': 29, 'p': 26, 'i': 1}, current_date_string: 20230602, len(matching): 24
matched: {'id': '20230605_30', 'c': 30, 'p': 27, 'i': 0}, current_date_string: 20230602, len(matching): 25
matched: {'id': '20230607_24', 'c': 31, 'p': 28, 'i': 1}, current_date_string: 20230602, len(matching): 26
matched: {'id': '20230605_25', 'c': 25, 'p': 29, 'i': 0}, current_date_string: 20230602, len(matching): 27
matched: {'id': '20230607_28', 'c': 33, 'p': 31, 'i': 1}, current_date_string: 20230602, len(matching): 29
matched: {'id': '20230607_29', 'c': 34, 'p': 32, 'i': 1}, current_date_string: 20230602, len(matching): 30
matched: {'id': '20230607_30', 'c': 35, 'p': 33, 'i': 1}, current_date_string: 20230602, len(matching): 31
matched: {'id': '20230607_31', 'c': 36, 'p': 34, 'i': 1}, current_date_string: 20230602, len(matching): 32
matched: {'id': '20230607_34', 'c': 37, 'p': 35, 'i': 1}, current_date_string: 20230602, len(matching): 33
matched: {'id': '20230607_35', 'c': 38, 'p': 36, 'i': 1}, current_date_string: 20230602, len(matching): 34
matched: {'id': '20230607_36', 'c': 39, 'p': 37, 'i': 1}, current_date_string: 20230602, len(matching): 35
matched: {'id': '20230607_33', 'c': 40, 'p': 39, 'i': 1}, current_date_string: 20230602, len(matching): 37
matched: {'id': '20230607_38', 'c': 41, 'p': 40, 'i': 1}, current_date_string: 20230602, len(matching): 38
matched: {'id': '20230607_40', 'c': 42, 'p': 41, 'i': 1}, current_date_string: 20230602, len(matching): 39
matched: {'id': '20230607_41', 'c': 43, 'p': 42, 'i': 1}, current_date_string: 20230602, len(matching): 40
matched: {'id': '20230607_39', 'c': 44, 'p': 44, 'i': 1}, current_date_string: 20230602, len(matching): 42
matched: {'id': '20230607_43', 'c': 45, 'p': 45, 'i': 1}, current_date_string: 20230602, len(matching): 43
matched: {'id': '20230607_42', 'c': 46, 'p': 46, 'i': 1}, current_date_string: 20230602, len(matching): 44
matched: {'id': '20230607_46', 'c': 47, 'p': 49, 'i': 1}, current_date_string: 20230602, len(matching): 47
matched: {'id': '20230607_48', 'c': 48, 'p': 50, 'i': 1}, current_date_string: 20230602, len(matching): 48
matched: {'id': '20230607_49', 'c': 49, 'p': 51, 'i': 1}, current_date_string: 20230602, len(matching): 49
matched: {'id': '20230607_50', 'c': 50, 'p': 52, 'i': 1}, current_date_string: 20230602, len(matching): 50
matched: {'id': '20230607_51', 'c': 51, 'p': 53, 'i': 1}, current_date_string: 20230602, len(matching): 51
matched: {'id': '20230607_53', 'c': 54, 'p': 55, 'i': 1}, current_date_string: 20230602, len(matching): 53
matched: {'id': '20230605_59', 'c': 59, 'p': 56, 'i': 0}, current_date_string: 20230602, len(matching): 54
matched: {'id': '20230607_55', 'c': 56, 'p': 57, 'i': 1}, current_date_string: 20230602, len(matching): 55
matched: {'id': '20230607_56', 'c': 57, 'p': 58, 'i': 1}, current_date_string: 20230602, len(matching): 56
matched: {'id': '20230607_57', 'c': 60, 'p': 59, 'i': 1}, current_date_string: 20230602, len(matching): 57
matched: {'id': '20230607_58', 'c': 61, 'p': 60, 'i': 1}, current_date_string: 20230602, len(matching): 58
matched: {'id': '20230607_61', 'c': 62, 'p': 61, 'i': 1}, current_date_string: 20230602, len(matching): 59
matched: {'id': '20230607_59', 'c': 63, 'p': 62, 'i': 1}, current_date_string: 20230602, len(matching): 60
matched: {'id': '20230607_74', 'c': 65, 'p': 64, 'i': 1}, current_date_string: 20230602, len(matching): 62
matched: {'id': '20230607_62', 'c': 66, 'p': 65, 'i': 1}, current_date_string: 20230602, len(matching): 63
matched: {'id': '20230607_64', 'c': 67, 'p': 66, 'i': 1}, current_date_string: 20230602, len(matching): 64
matched: {'id': '20230607_65', 'c': 68, 'p': 67, 'i': 1}, current_date_string: 20230602, len(matching): 65
matched: {'id': '20230607_66', 'c': 69, 'p': 68, 'i': 1}, current_date_string: 20230602, len(matching): 66
matched: {'id': '20230607_67', 'c': 70, 'p': 69, 'i': 1}, current_date_string: 20230602, len(matching): 67
matched: {'id': '20230607_68', 'c': 71, 'p': 70, 'i': 1}, current_date_string: 20230602, len(matching): 68
matched: {'id': '20230607_70', 'c': 73, 'p': 71, 'i': 1}, current_date_string: 20230602, len(matching): 69
matched: {'id': '20230607_71', 'c': 74, 'p': 72, 'i': 1}, current_date_string: 20230602, len(matching): 70
matched: {'id': '20230607_72', 'c': 75, 'p': 73, 'i': 1}, current_date_string: 20230602, len(matching): 71
matched: {'id': '20230607_73', 'c': 76, 'p': 74, 'i': 1}, current_date_string: 20230602, len(matching): 72
matched: {'id': '20230607_75', 'c': 77, 'p': 75, 'i': 1}, current_date_string: 20230602, len(matching): 73
matched: {'id': '20230607_78', 'c': 78, 'p': 76, 'i': 1}, current_date_string: 20230602, len(matching): 74
matched: {'id': '20230607_77', 'c': 79, 'p': 77, 'i': 1}, current_date_string: 20230602, len(matching): 75
matched: {'id': '20230607_76', 'c': 80, 'p': 78, 'i': 1}, current_date_string: 20230602, len(matching): 76
matched: {'id': '20230605_58', 'c': 58, 'p': 79, 'i': 0}, current_date_string: 20230602, len(matching): 77
matched: {'id': '20230607_81', 'c': 81, 'p': 80, 'i': 1}, current_date_string: 20230602, len(matching): 78
matched: {'id': '20230607_80', 'c': 82, 'p': 81, 'i': 1}, current_date_string: 20230602, len(matching): 79
matched: {'id': '20230607_82', 'c': 83, 'p': 82, 'i': 1}, current_date_string: 20230602, len(matching): 80
matched: {'id': '20230607_83', 'c': 84, 'p': 83, 'i': 1}, current_date_string: 20230602, len(matching): 81
matched: {'id': '20230607_84', 'c': 85, 'p': 84, 'i': 1}, current_date_string: 20230602, len(matching): 82
matched: {'id': '20230607_85', 'c': 86, 'p': 85, 'i': 1}, current_date_string: 20230602, len(matching): 83
matched: {'id': '20230607_86', 'c': 87, 'p': 86, 'i': 1}, current_date_string: 20230602, len(matching): 84
matched: {'id': '20230605_92', 'c': 92, 'p': 87, 'i': 0}, current_date_string: 20230602, len(matching): 85
matched: {'id': '20230607_88', 'c': 88, 'p': 88, 'i': 1}, current_date_string: 20230602, len(matching): 86
matched: {'id': '20230605_72', 'c': 72, 'p': 89, 'i': 0}, current_date_string: 20230602, len(matching): 87
matched: {'id': '20230607_90', 'c': 90, 'p': 90, 'i': 1}, current_date_string: 20230602, len(matching): 88
matched: {'id': '20230607_91', 'c': 91, 'p': 91, 'i': 1}, current_date_string: 20230602, len(matching): 89
matched: {'id': '20230607_93', 'c': 93, 'p': 93, 'i': 1}, current_date_string: 20230602, len(matching): 91
matched: {'id': '20230605_89', 'c': 89, 'p': 94, 'i': 0}, current_date_string: 20230602, len(matching): 92
matched: {'id': '20230605_109', 'c': 109, 'p': 95, 'i': 0}, current_date_string: 20230602, len(matching): 93
matched: {'id': '20230607_96', 'c': 94, 'p': 96, 'i': 1}, current_date_string: 20230602, len(matching): 94
matched: {'id': '20230607_97', 'c': 95, 'p': 97, 'i': 1}, current_date_string: 20230602, len(matching): 95
matched: {'id': '20230607_94', 'c': 96, 'p': 98, 'i': 1}, current_date_string: 20230602, len(matching): 96
matched: {'id': '20230605_117', 'c': 117, 'p': 99, 'i': 0}, current_date_string: 20230602, len(matching): 97
matched: {'id': '20230607_95', 'c': 99, 'p': 100, 'i': 1}, current_date_string: 20230602, len(matching): 98
matched: {'id': '20230607_100', 'c': 98, 'p': 101, 'i': 1}, current_date_string: 20230602, len(matching): 99
matched: {'id': '20230607_102', 'c': 100, 'p': 102, 'i': 1}, current_date_string: 20230602, len(matching): 100
matched: {'id': '20230607_104', 'c': 102, 'p': 103, 'i': 1}, current_date_string: 20230602, len(matching): 101
matched: {'id': '20230607_103', 'c': 101, 'p': 104, 'i': 1}, current_date_string: 20230602, len(matching): 102
matched: {'id': '20230607_105', 'c': 103, 'p': 105, 'i': 1}, current_date_string: 20230602, len(matching): 103
matched: {'id': '20230607_106', 'c': 104, 'p': 106, 'i': 1}, current_date_string: 20230602, len(matching): 104
matched: {'id': '20230607_98', 'c': 106, 'p': 107, 'i': 1}, current_date_string: 20230602, len(matching): 105
matched: {'id': '20230607_107', 'c': 105, 'p': 108, 'i': 1}, current_date_string: 20230602, len(matching): 106
matched: {'id': '20230607_109', 'c': 107, 'p': 109, 'i': 1}, current_date_string: 20230602, len(matching): 107
matched: {'id': '20230607_108', 'c': 108, 'p': 110, 'i': 1}, current_date_string: 20230602, len(matching): 108
matched: {'id': '20230605_112', 'c': 112, 'p': 111, 'i': 0}, current_date_string: 20230602, len(matching): 109
matched: {'id': '20230607_111', 'c': 110, 'p': 113, 'i': 1}, current_date_string: 20230602, len(matching): 111
matched: {'id': '20230607_112', 'c': 111, 'p': 115, 'i': 1}, current_date_string: 20230602, len(matching): 113
matched: {'id': '20230607_114', 'c': 113, 'p': 116, 'i': 1}, current_date_string: 20230602, len(matching): 114
matched: {'id': '20230605_125', 'c': 125, 'p': 117, 'i': 0}, current_date_string: 20230602, len(matching): 115
matched: {'id': '20230607_115', 'c': 114, 'p': 118, 'i': 1}, current_date_string: 20230602, len(matching): 116
matched: {'id': '20230607_116', 'c': 115, 'p': 119, 'i': 1}, current_date_string: 20230602, len(matching): 117
matched: {'id': '20230607_117', 'c': 116, 'p': 120, 'i': 1}, current_date_string: 20230602, len(matching): 118
matched: {'id': '20230605_133', 'c': 133, 'p': 121, 'i': 0}, current_date_string: 20230602, len(matching): 119
matched: {'id': '20230607_118', 'c': 119, 'p': 122, 'i': 1}, current_date_string: 20230602, len(matching): 120
matched: {'id': '20230607_99', 'c': 118, 'p': 123, 'i': 1}, current_date_string: 20230602, len(matching): 121
matched: {'id': '20230607_120', 'c': 120, 'p': 124, 'i': 1}, current_date_string: 20230602, len(matching): 122
matched: {'id': '20230607_123', 'c': 121, 'p': 125, 'i': 1}, current_date_string: 20230602, len(matching): 123
matched: {'id': '20230607_124', 'c': 122, 'p': 126, 'i': 1}, current_date_string: 20230602, len(matching): 124
matched: {'id': '20230607_125', 'c': 123, 'p': 127, 'i': 1}, current_date_string: 20230602, len(matching): 125
matched: {'id': '20230607_126', 'c': 124, 'p': 128, 'i': 1}, current_date_string: 20230602, len(matching): 126
matched: {'id': '20230605_238', 'c': 238, 'p': 129, 'i': 0}, current_date_string: 20230602, len(matching): 127
matched: {'id': '20230607_128', 'c': 126, 'p': 130, 'i': 1}, current_date_string: 20230602, len(matching): 128
matched: {'id': '20230607_127', 'c': 127, 'p': 131, 'i': 1}, current_date_string: 20230602, len(matching): 129
matched: {'id': '20230607_130', 'c': 129, 'p': 132, 'i': 1}, current_date_string: 20230602, len(matching): 130
matched: {'id': '20230607_129', 'c': 128, 'p': 133, 'i': 1}, current_date_string: 20230602, len(matching): 131
matched: {'id': '20230607_122', 'c': 130, 'p': 134, 'i': 1}, current_date_string: 20230602, len(matching): 132
matched: {'id': '20230607_131', 'c': 131, 'p': 135, 'i': 1}, current_date_string: 20230602, len(matching): 133
matched: {'id': '20230607_121', 'c': 132, 'p': 136, 'i': 1}, current_date_string: 20230602, len(matching): 134
matched: {'id': '20230605_142', 'c': 142, 'p': 137, 'i': 0}, current_date_string: 20230602, len(matching): 135
matched: {'id': '20230607_134', 'c': 134, 'p': 138, 'i': 1}, current_date_string: 20230602, len(matching): 136
matched: {'id': '20230607_135', 'c': 135, 'p': 139, 'i': 1}, current_date_string: 20230602, len(matching): 137
matched: {'id': '20230605_174', 'c': 174, 'p': 140, 'i': 0}, current_date_string: 20230602, len(matching): 138
matched: {'id': '20230607_137', 'c': 136, 'p': 141, 'i': 1}, current_date_string: 20230602, len(matching): 139
matched: {'id': '20230607_138', 'c': 137, 'p': 142, 'i': 1}, current_date_string: 20230602, len(matching): 140
matched: {'id': '20230605_141', 'c': 141, 'p': 143, 'i': 0}, current_date_string: 20230602, len(matching): 141
matched: {'id': '20230607_139', 'c': 138, 'p': 144, 'i': 1}, current_date_string: 20230602, len(matching): 142
matched: {'id': '20230607_132', 'c': 139, 'p': 145, 'i': 1}, current_date_string: 20230602, len(matching): 143
matched: {'id': '20230605_150', 'c': 150, 'p': 146, 'i': 0}, current_date_string: 20230602, len(matching): 144
matched: {'id': '20230605_177', 'c': 177, 'p': 148, 'i': 0}, current_date_string: 20230602, len(matching): 146
matched: {'id': '20230607_143', 'c': 143, 'p': 149, 'i': 1}, current_date_string: 20230602, len(matching): 147
matched: {'id': '20230607_144', 'c': 144, 'p': 150, 'i': 1}, current_date_string: 20230602, len(matching): 148
matched: {'id': '20230607_146', 'c': 145, 'p': 152, 'i': 1}, current_date_string: 20230602, len(matching): 150
matched: {'id': '20230607_147', 'c': 146, 'p': 153, 'i': 1}, current_date_string: 20230602, len(matching): 151
matched: {'id': '20230607_148', 'c': 147, 'p': 154, 'i': 1}, current_date_string: 20230602, len(matching): 152
matched: {'id': '20230607_149', 'c': 148, 'p': 155, 'i': 1}, current_date_string: 20230602, len(matching): 153
matched: {'id': '20230605_152', 'c': 152, 'p': 156, 'i': 0}, current_date_string: 20230602, len(matching): 154
matched: {'id': '20230607_152', 'c': 151, 'p': 157, 'i': 1}, current_date_string: 20230602, len(matching): 155
matched: {'id': '20230605_173', 'c': 173, 'p': 158, 'i': 0}, current_date_string: 20230602, len(matching): 156
matched: {'id': '20230605_155', 'c': 155, 'p': 159, 'i': 0}, current_date_string: 20230602, len(matching): 157
matched: {'id': '20230607_154', 'c': 154, 'p': 161, 'i': 1}, current_date_string: 20230602, len(matching): 159
matched: {'id': '20230607_156', 'c': 156, 'p': 162, 'i': 1}, current_date_string: 20230602, len(matching): 160
matched: {'id': '20230607_157', 'c': 157, 'p': 163, 'i': 1}, current_date_string: 20230602, len(matching): 161
matched: {'id': '20230607_158', 'c': 158, 'p': 164, 'i': 1}, current_date_string: 20230602, len(matching): 162
matched: {'id': '20230607_159', 'c': 159, 'p': 165, 'i': 1}, current_date_string: 20230602, len(matching): 163
matched: {'id': '20230607_160', 'c': 160, 'p': 166, 'i': 1}, current_date_string: 20230602, len(matching): 164
matched: {'id': '20230607_162', 'c': 162, 'p': 167, 'i': 1}, current_date_string: 20230602, len(matching): 165
matched: {'id': '20230607_163', 'c': 163, 'p': 169, 'i': 1}, current_date_string: 20230602, len(matching): 167
matched: {'id': '20230607_142', 'c': 164, 'p': 170, 'i': 1}, current_date_string: 20230602, len(matching): 168
matched: {'id': '20230607_165', 'c': 165, 'p': 171, 'i': 1}, current_date_string: 20230602, len(matching): 169
matched: {'id': '20230607_166', 'c': 166, 'p': 172, 'i': 1}, current_date_string: 20230602, len(matching): 170
matched: {'id': '20230607_168', 'c': 168, 'p': 173, 'i': 1}, current_date_string: 20230602, len(matching): 171
matched: {'id': '20230605_175', 'c': 175, 'p': 175, 'i': 0}, current_date_string: 20230602, len(matching): 173
matched: {'id': '20230607_170', 'c': 171, 'p': 176, 'i': 1}, current_date_string: 20230602, len(matching): 174
matched: {'id': '20230607_167', 'c': 167, 'p': 177, 'i': 1}, current_date_string: 20230602, len(matching): 175
matched: {'id': '20230607_171', 'c': 172, 'p': 178, 'i': 1}, current_date_string: 20230602, len(matching): 176
matched: {'id': '20230605_223', 'c': 223, 'p': 179, 'i': 0}, current_date_string: 20230602, len(matching): 177
matched: {'id': '20230605_201', 'c': 201, 'p': 180, 'i': 0}, current_date_string: 20230602, len(matching): 178
matched: {'id': '20230607_175', 'c': 176, 'p': 181, 'i': 1}, current_date_string: 20230602, len(matching): 179
matched: {'id': '20230607_176', 'c': 178, 'p': 183, 'i': 1}, current_date_string: 20230602, len(matching): 181
matched: {'id': '20230607_179', 'c': 180, 'p': 185, 'i': 1}, current_date_string: 20230602, len(matching): 183
matched: {'id': '20230607_178', 'c': 179, 'p': 186, 'i': 1}, current_date_string: 20230602, len(matching): 184
matched: {'id': '20230607_180', 'c': 182, 'p': 187, 'i': 1}, current_date_string: 20230602, len(matching): 185
matched: {'id': '20230607_183', 'c': 183, 'p': 188, 'i': 1}, current_date_string: 20230602, len(matching): 186
matched: {'id': '20230607_181', 'c': 184, 'p': 189, 'i': 1}, current_date_string: 20230602, len(matching): 187
matched: {'id': '20230607_186', 'c': 186, 'p': 190, 'i': 1}, current_date_string: 20230602, len(matching): 188
matched: {'id': '20230607_187', 'c': 187, 'p': 191, 'i': 1}, current_date_string: 20230602, len(matching): 189
matched: {'id': '20230607_184', 'c': 185, 'p': 192, 'i': 1}, current_date_string: 20230602, len(matching): 190
matched: {'id': '20230607_188', 'c': 188, 'p': 193, 'i': 1}, current_date_string: 20230602, len(matching): 191
matched: {'id': '20230607_189', 'c': 189, 'p': 194, 'i': 1}, current_date_string: 20230602, len(matching): 192
matched: {'id': '20230607_191', 'c': 190, 'p': 195, 'i': 1}, current_date_string: 20230602, len(matching): 193
matched: {'id': '20230607_192', 'c': 191, 'p': 196, 'i': 1}, current_date_string: 20230602, len(matching): 194
matched: {'id': '20230607_193', 'c': 192, 'p': 198, 'i': 1}, current_date_string: 20230602, len(matching): 196
matched: {'id': '20230607_194', 'c': 195, 'p': 200, 'i': 1}, current_date_string: 20230602, len(matching): 198
matched: {'id': '20230607_195', 'c': 194, 'p': 201, 'i': 1}, current_date_string: 20230602, len(matching): 199
matched: {'id': '20230605_214', 'c': 214, 'p': 204, 'i': 0}, current_date_string: 20230602, len(matching): 202
matched: {'id': '20230607_199', 'c': 199, 'p': 205, 'i': 1}, current_date_string: 20230602, len(matching): 203
matched: {'id': '20230607_200', 'c': 200, 'p': 206, 'i': 1}, current_date_string: 20230602, len(matching): 204
matched: {'id': '20230607_202', 'c': 202, 'p': 207, 'i': 1}, current_date_string: 20230602, len(matching): 205
matched: {'id': '20230607_203', 'c': 203, 'p': 208, 'i': 1}, current_date_string: 20230602, len(matching): 206
matched: {'id': '20230607_204', 'c': 204, 'p': 210, 'i': 1}, current_date_string: 20230602, len(matching): 208
matched: {'id': '20230607_208', 'c': 209, 'p': 212, 'i': 1}, current_date_string: 20230602, len(matching): 210
matched: {'id': '20230607_207', 'c': 208, 'p': 213, 'i': 1}, current_date_string: 20230602, len(matching): 211
matched: {'id': '20230605_237', 'c': 237, 'p': 214, 'i': 0}, current_date_string: 20230602, len(matching): 212
matched: {'id': '20230607_210', 'c': 211, 'p': 215, 'i': 1}, current_date_string: 20230602, len(matching): 213
matched: {'id': '20230607_216', 'c': 210, 'p': 216, 'i': 1}, current_date_string: 20230602, len(matching): 214
matched: {'id': '20230607_212', 'c': 213, 'p': 217, 'i': 1}, current_date_string: 20230602, len(matching): 215
matched: {'id': '20230605_218', 'c': 218, 'p': 219, 'i': 0}, current_date_string: 20230602, len(matching): 217
matched: {'id': '20230607_214', 'c': 216, 'p': 220, 'i': 1}, current_date_string: 20230602, len(matching): 218
matched: {'id': '20230607_215', 'c': 217, 'p': 221, 'i': 1}, current_date_string: 20230602, len(matching): 219
matched: {'id': '20230607_218', 'c': 219, 'p': 222, 'i': 1}, current_date_string: 20230602, len(matching): 220
matched: {'id': '20230607_217', 'c': 220, 'p': 223, 'i': 1}, current_date_string: 20230602, len(matching): 221
matched: {'id': '20230607_219', 'c': 221, 'p': 224, 'i': 1}, current_date_string: 20230602, len(matching): 222
matched: {'id': '20230607_224', 'c': 225, 'p': 226, 'i': 1}, current_date_string: 20230602, len(matching): 224
matched: {'id': '20230607_222', 'c': 224, 'p': 227, 'i': 1}, current_date_string: 20230602, len(matching): 225
matched: {'id': '20230607_225', 'c': 226, 'p': 228, 'i': 1}, current_date_string: 20230602, len(matching): 226
matched: {'id': '20230607_226', 'c': 228, 'p': 230, 'i': 1}, current_date_string: 20230602, len(matching): 228
matched: {'id': '20230607_228', 'c': 230, 'p': 231, 'i': 1}, current_date_string: 20230602, len(matching): 229
matched: {'id': '20230607_227', 'c': 229, 'p': 232, 'i': 1}, current_date_string: 20230602, len(matching): 230
matched: {'id': '20230607_229', 'c': 231, 'p': 233, 'i': 1}, current_date_string: 20230602, len(matching): 231
matched: {'id': '20230607_230', 'c': 233, 'p': 234, 'i': 1}, current_date_string: 20230602, len(matching): 232
matched: {'id': '20230605_232', 'c': 232, 'p': 235, 'i': 0}, current_date_string: 20230602, len(matching): 233
matched: {'id': '20230607_231', 'c': 234, 'p': 236, 'i': 1}, current_date_string: 20230602, len(matching): 234
matched: {'id': '20230607_233', 'c': 236, 'p': 237, 'i': 1}, current_date_string: 20230602, len(matching): 235
matched: {'id': '20230607_232', 'c': 235, 'p': 238, 'i': 1}, current_date_string: 20230602, len(matching): 236
matched: {'id': '20230605_240', 'c': 241, 'p': 240, 'i': 0}, current_date_string: 20230602, len(matching): 238
matched: {'id': '20230607_236', 'c': 242, 'p': 241, 'i': 1}, current_date_string: 20230602, len(matching): 239
Matching length: 241
Matching: [{'id': '20230607_0', 'c': 0, 'p': 0, 'i': 2}, {'id': '20230607_1', 'c': 1, 'p': 1, 'i': 2}, {'id': '20230607_4', 'c': 2, 'p': 4, 'i': 2}, {'id': '20230605_1', 'c': 3, 'p': 3, 'i': 1}, {'id': '20230607_5', 'c': 4, 'p': 5, 'i': 2}, {'id': '20230602_5', 'c': 5, 'p': 2, 'i': 0}, {'id': '20230607_27', 'c': 7, 'p': 6, 'i': 2}, {'id': '20230607_6', 'c': 8, 'p': 7, 'i': 2}, {'id': '20230605_10', 'c': 9, 'p': 8, 'i': 1}, {'id': '20230602_9', 'c': 10, 'p': 10, 'i': 0}, {'id': '20230607_8', 'c': 11, 'p': 9, 'i': 2}, {'id': '20230602_11', 'c': 12, 'p': 11, 'i': 0}, {'id': '20230607_12', 'c': 13, 'p': 12, 'i': 2}, {'id': '20230602_13', 'c': 14, 'p': 18, 'i': 0}, {'id': '20230602_14', 'c': 15, 'p': 46, 'i': 0}, {'id': '20230602_15', 'c': 16, 'p': 19, 'i': 0}, {'id': '20230607_14', 'c': 18, 'p': 13, 'i': 2}, {'id': '20230607_15', 'c': 19, 'p': 14, 'i': 2}, {'id': '20230607_16', 'c': 20, 'p': 16, 'i': 2}, {'id': '20230607_25', 'c': 21, 'p': 17, 'i': 2}, {'id': '20230607_17', 'c': 22, 'p': 15, 'i': 2}, {'id': '20230602_21', 'c': 23, 'p': 40, 'i': 0}, {'id': '20230602_22', 'c': 24, 'p': 21, 'i': 0}, {'id': '20230602_23', 'c': 25, 'p': 22, 'i': 0}, {'id': '20230607_20', 'c': 26, 'p': 20, 'i': 2}, {'id': '20230605_30', 'c': 27, 'p': 23, 'i': 1}, {'id': '20230607_24', 'c': 28, 'p': 24, 'i': 2}, {'id': '20230605_25', 'c': 29, 'p': 25, 'i': 1}, {'id': '20230602_28', 'c': 30, 'p': 33, 'i': 0}, {'id': '20230607_28', 'c': 31, 'p': 26, 'i': 2}, {'id': '20230607_29', 'c': 32, 'p': 27, 'i': 2}, {'id': '20230607_30', 'c': 33, 'p': 28, 'i': 2}, {'id': '20230607_31', 'c': 34, 'p': 29, 'i': 2}, {'id': '20230607_34', 'c': 35, 'p': 30, 'i': 2}, {'id': '20230607_35', 'c': 36, 'p': 32, 'i': 2}, {'id': '20230607_36', 'c': 37, 'p': 31, 'i': 2}, {'id': '20230602_36', 'c': 38, 'p': 44, 'i': 0}, {'id': '20230607_33', 'c': 39, 'p': 34, 'i': 2}, {'id': '20230607_38', 'c': 40, 'p': 35, 'i': 2}, {'id': '20230607_40', 'c': 41, 'p': 36, 'i': 2}, {'id': '20230607_41', 'c': 42, 'p': 37, 'i': 2}, {'id': '20230602_41', 'c': 43, 'p': 42, 'i': 0}, {'id': '20230607_39', 'c': 44, 'p': 38, 'i': 2}, {'id': '20230607_43', 'c': 45, 'p': 39, 'i': 2}, {'id': '20230607_42', 'c': 46, 'p': 41, 'i': 2}, {'id': '20230602_45', 'c': 47, 'p': 48, 'i': 0}, {'id': '20230602_46', 'c': 48, 'p': 51, 'i': 0}, {'id': '20230607_46', 'c': 49, 'p': 43, 'i': 2}, {'id': '20230607_48', 'c': 50, 'p': 45, 'i': 2}, {'id': '20230607_49', 'c': 51, 'p': 47, 'i': 2}, {'id': '20230607_50', 'c': 52, 'p': 49, 'i': 2}, {'id': '20230607_51', 'c': 53, 'p': 50, 'i': 2}, {'id': '20230602_52', 'c': 54, 'p': 60, 'i': 0}, {'id': '20230607_53', 'c': 55, 'p': 52, 'i': 2}, {'id': '20230605_59', 'c': 56, 'p': 53, 'i': 1}, {'id': '20230607_55', 'c': 57, 'p': 54, 'i': 2}, {'id': '20230607_56', 'c': 58, 'p': 55, 'i': 2}, {'id': '20230607_57', 'c': 59, 'p': 56, 'i': 2}, {'id': '20230607_58', 'c': 60, 'p': 57, 'i': 2}, {'id': '20230607_61', 'c': 61, 'p': 58, 'i': 2}, {'id': '20230607_59', 'c': 62, 'p': 59, 'i': 2}, {'id': '20230602_61', 'c': 63, 'p': 89, 'i': 0}, {'id': '20230607_74', 'c': 64, 'p': 61, 'i': 2}, {'id': '20230607_62', 'c': 65, 'p': 62, 'i': 2}, {'id': '20230607_64', 'c': 66, 'p': 63, 'i': 2}, {'id': '20230607_65', 'c': 67, 'p': 64, 'i': 2}, {'id': '20230607_66', 'c': 68, 'p': 65, 'i': 2}, {'id': '20230607_67', 'c': 69, 'p': 66, 'i': 2}, {'id': '20230607_68', 'c': 70, 'p': 67, 'i': 2}, {'id': '20230607_70', 'c': 71, 'p': 68, 'i': 2}, {'id': '20230607_71', 'c': 72, 'p': 69, 'i': 2}, {'id': '20230607_72', 'c': 73, 'p': 70, 'i': 2}, {'id': '20230607_73', 'c': 74, 'p': 71, 'i': 2}, {'id': '20230607_75', 'c': 75, 'p': 72, 'i': 2}, {'id': '20230607_78', 'c': 76, 'p': 73, 'i': 2}, {'id': '20230607_77', 'c': 77, 'p': 74, 'i': 2}, {'id': '20230607_76', 'c': 78, 'p': 75, 'i': 2}, {'id': '20230605_58', 'c': 79, 'p': 76, 'i': 1}, {'id': '20230607_81', 'c': 80, 'p': 78, 'i': 2}, {'id': '20230607_80', 'c': 81, 'p': 77, 'i': 2}, {'id': '20230607_82', 'c': 82, 'p': 79, 'i': 2}, {'id': '20230607_83', 'c': 83, 'p': 80, 'i': 2}, {'id': '20230607_84', 'c': 84, 'p': 82, 'i': 2}, {'id': '20230607_85', 'c': 85, 'p': 81, 'i': 2}, {'id': '20230607_86', 'c': 86, 'p': 83, 'i': 2}, {'id': '20230605_92', 'c': 87, 'p': 84, 'i': 1}, {'id': '20230607_88', 'c': 88, 'p': 85, 'i': 2}, {'id': '20230605_72', 'c': 89, 'p': 86, 'i': 1}, {'id': '20230607_90', 'c': 90, 'p': 87, 'i': 2}, {'id': '20230607_91', 'c': 91, 'p': 88, 'i': 2}, {'id': '20230602_90', 'c': 92, 'p': 135, 'i': 0}, {'id': '20230607_93', 'c': 93, 'p': 90, 'i': 2}, {'id': '20230605_89', 'c': 94, 'p': 91, 'i': 1}, {'id': '20230605_109', 'c': 95, 'p': 92, 'i': 1}, {'id': '20230607_96', 'c': 96, 'p': 93, 'i': 2}, {'id': '20230607_97', 'c': 97, 'p': 95, 'i': 2}, {'id': '20230607_94', 'c': 98, 'p': 96, 'i': 2}, {'id': '20230605_117', 'c': 99, 'p': 97, 'i': 1}, {'id': '20230607_95', 'c': 100, 'p': 98, 'i': 2}, {'id': '20230607_100', 'c': 101, 'p': 99, 'i': 2}, {'id': '20230607_102', 'c': 102, 'p': 100, 'i': 2}, {'id': '20230607_104', 'c': 103, 'p': 101, 'i': 2}, {'id': '20230607_103', 'c': 104, 'p': 102, 'i': 2}, {'id': '20230607_105', 'c': 105, 'p': 103, 'i': 2}, {'id': '20230607_106', 'c': 106, 'p': 104, 'i': 2}, {'id': '20230607_98', 'c': 107, 'p': 105, 'i': 2}, {'id': '20230607_107', 'c': 108, 'p': 106, 'i': 2}, {'id': '20230607_109', 'c': 109, 'p': 107, 'i': 2}, {'id': '20230607_108', 'c': 110, 'p': 108, 'i': 2}, {'id': '20230605_112', 'c': 111, 'p': 109, 'i': 1}, {'id': '20230602_110', 'c': 112, 'p': 94, 'i': 0}, {'id': '20230607_111', 'c': 113, 'p': 110, 'i': 2}, {'id': '20230602_112', 'c': 114, 'p': 123, 'i': 0}, {'id': '20230607_112', 'c': 115, 'p': 111, 'i': 2}, {'id': '20230607_114', 'c': 116, 'p': 112, 'i': 2}, {'id': '20230605_125', 'c': 117, 'p': 113, 'i': 1}, {'id': '20230607_115', 'c': 118, 'p': 114, 'i': 2}, {'id': '20230607_116', 'c': 119, 'p': 115, 'i': 2}, {'id': '20230607_117', 'c': 120, 'p': 116, 'i': 2}, {'id': '20230605_133', 'c': 121, 'p': 117, 'i': 1}, {'id': '20230607_118', 'c': 122, 'p': 119, 'i': 2}, {'id': '20230607_99', 'c': 123, 'p': 118, 'i': 2}, {'id': '20230607_120', 'c': 124, 'p': 120, 'i': 2}, {'id': '20230607_123', 'c': 125, 'p': 121, 'i': 2}, {'id': '20230607_124', 'c': 126, 'p': 122, 'i': 2}, {'id': '20230607_125', 'c': 127, 'p': 124, 'i': 2}, {'id': '20230607_126', 'c': 128, 'p': 125, 'i': 2}, {'id': '20230605_238', 'c': 129, 'p': 126, 'i': 1}, {'id': '20230607_128', 'c': 130, 'p': 127, 'i': 2}, {'id': '20230607_127', 'c': 131, 'p': 128, 'i': 2}, {'id': '20230607_130', 'c': 132, 'p': 129, 'i': 2}, {'id': '20230607_129', 'c': 133, 'p': 130, 'i': 2}, {'id': '20230607_122', 'c': 134, 'p': 131, 'i': 2}, {'id': '20230607_131', 'c': 135, 'p': 132, 'i': 2}, {'id': '20230607_121', 'c': 136, 'p': 133, 'i': 2}, {'id': '20230605_142', 'c': 137, 'p': 134, 'i': 1}, {'id': '20230607_134', 'c': 138, 'p': 136, 'i': 2}, {'id': '20230607_135', 'c': 139, 'p': 137, 'i': 2}, {'id': '20230605_174', 'c': 140, 'p': 138, 'i': 1}, {'id': '20230607_137', 'c': 141, 'p': 139, 'i': 2}, {'id': '20230607_138', 'c': 142, 'p': 140, 'i': 2}, {'id': '20230605_141', 'c': 143, 'p': 141, 'i': 1}, {'id': '20230607_139', 'c': 144, 'p': 142, 'i': 2}, {'id': '20230607_132', 'c': 145, 'p': 143, 'i': 2}, {'id': '20230605_150', 'c': 146, 'p': 144, 'i': 1}, {'id': '20230602_145', 'c': 147, 'p': 146, 'i': 0}, {'id': '20230605_177', 'c': 148, 'p': 145, 'i': 1}, {'id': '20230607_143', 'c': 149, 'p': 147, 'i': 2}, {'id': '20230607_144', 'c': 150, 'p': 148, 'i': 2}, {'id': '20230602_149', 'c': 151, 'p': 193, 'i': 0}, {'id': '20230607_146', 'c': 152, 'p': 149, 'i': 2}, {'id': '20230607_147', 'c': 153, 'p': 150, 'i': 2}, {'id': '20230607_148', 'c': 154, 'p': 151, 'i': 2}, {'id': '20230607_149', 'c': 155, 'p': 152, 'i': 2}, {'id': '20230605_152', 'c': 156, 'p': 153, 'i': 1}, {'id': '20230607_152', 'c': 157, 'p': 154, 'i': 2}, {'id': '20230605_173', 'c': 158, 'p': 156, 'i': 1}, {'id': '20230605_155', 'c': 159, 'p': 155, 'i': 1}, {'id': '20230602_158', 'c': 160, 'p': 159, 'i': 0}, {'id': '20230607_154', 'c': 161, 'p': 157, 'i': 2}, {'id': '20230607_156', 'c': 162, 'p': 160, 'i': 2}, {'id': '20230607_157', 'c': 163, 'p': 161, 'i': 2}, {'id': '20230607_158', 'c': 164, 'p': 162, 'i': 2}, {'id': '20230607_159', 'c': 165, 'p': 163, 'i': 2}, {'id': '20230607_160', 'c': 166, 'p': 164, 'i': 2}, {'id': '20230607_162', 'c': 167, 'p': 165, 'i': 2}, {'id': '20230602_166', 'c': 168, 'p': 158, 'i': 0}, {'id': '20230607_163', 'c': 169, 'p': 167, 'i': 2}, {'id': '20230607_142', 'c': 170, 'p': 168, 'i': 2}, {'id': '20230607_165', 'c': 171, 'p': 169, 'i': 2}, {'id': '20230607_166', 'c': 172, 'p': 170, 'i': 2}, {'id': '20230607_168', 'c': 173, 'p': 171, 'i': 2}, {'id': '20230602_172', 'c': 174, 'p': 166, 'i': 0}, {'id': '20230605_175', 'c': 175, 'p': 174, 'i': 1}, {'id': '20230607_170', 'c': 176, 'p': 173, 'i': 2}, {'id': '20230607_167', 'c': 177, 'p': 172, 'i': 2}, {'id': '20230607_171', 'c': 178, 'p': 175, 'i': 2}, {'id': '20230605_223', 'c': 179, 'p': 176, 'i': 1}, {'id': '20230605_201', 'c': 180, 'p': 177, 'i': 1}, {'id': '20230607_175', 'c': 181, 'p': 178, 'i': 2}, {'id': '20230602_180', 'c': 182, 'p': 184, 'i': 0}, {'id': '20230607_176', 'c': 183, 'p': 179, 'i': 2}, {'id': '20230602_182', 'c': 184, 'p': 180, 'i': 0}, {'id': '20230607_179', 'c': 185, 'p': 181, 'i': 2}, {'id': '20230607_178', 'c': 186, 'p': 182, 'i': 2}, {'id': '20230607_180', 'c': 187, 'p': 183, 'i': 2}, {'id': '20230607_183', 'c': 188, 'p': 186, 'i': 2}, {'id': '20230607_181', 'c': 189, 'p': 185, 'i': 2}, {'id': '20230607_186', 'c': 190, 'p': 187, 'i': 2}, {'id': '20230607_187', 'c': 191, 'p': 188, 'i': 2}, {'id': '20230607_184', 'c': 192, 'p': 189, 'i': 2}, {'id': '20230607_188', 'c': 193, 'p': 190, 'i': 2}, {'id': '20230607_189', 'c': 194, 'p': 191, 'i': 2}, {'id': '20230607_191', 'c': 195, 'p': 192, 'i': 2}, {'id': '20230607_192', 'c': 196, 'p': 194, 'i': 2}, {'id': '20230602_195', 'c': 197, 'p': 204, 'i': 0}, {'id': '20230607_193', 'c': 198, 'p': 195, 'i': 2}, {'id': '20230602_197', 'c': 199, 'p': 199, 'i': 0}, {'id': '20230607_194', 'c': 200, 'p': 196, 'i': 2}, {'id': '20230607_195', 'c': 201, 'p': 198, 'i': 2}, {'id': '20230602_200', 'c': 202, 'p': 197, 'i': 0}, {'id': '20230602_201', 'c': 203, 'p': 208, 'i': 0}, {'id': '20230605_214', 'c': 204, 'p': 200, 'i': 1}, {'id': '20230607_199', 'c': 205, 'p': 201, 'i': 2}, {'id': '20230607_200', 'c': 206, 'p': 202, 'i': 2}, {'id': '20230607_202', 'c': 207, 'p': 203, 'i': 2}, {'id': '20230607_203', 'c': 208, 'p': 205, 'i': 2}, {'id': '20230602_207', 'c': 209, 'p': 207, 'i': 0}, {'id': '20230607_204', 'c': 210, 'p': 206, 'i': 2}, {'id': '20230602_209', 'c': 211, 'p': 236, 'i': 0}, {'id': '20230607_208', 'c': 212, 'p': 209, 'i': 2}, {'id': '20230607_207', 'c': 213, 'p': 210, 'i': 2}, {'id': '20230605_237', 'c': 214, 'p': 211, 'i': 1}, {'id': '20230607_210', 'c': 215, 'p': 213, 'i': 2}, {'id': '20230607_216', 'c': 216, 'p': 212, 'i': 2}, {'id': '20230607_212', 'c': 217, 'p': 215, 'i': 2}, {'id': '20230602_216', 'c': 218, 'p': 223, 'i': 0}, {'id': '20230605_218', 'c': 219, 'p': 216, 'i': 1}, {'id': '20230607_214', 'c': 220, 'p': 217, 'i': 2}, {'id': '20230607_215', 'c': 221, 'p': 218, 'i': 2}, {'id': '20230607_218', 'c': 222, 'p': 219, 'i': 2}, {'id': '20230607_217', 'c': 223, 'p': 220, 'i': 2}, {'id': '20230607_219', 'c': 224, 'p': 221, 'i': 2}, {'id': '20230602_223', 'c': 225, 'p': 237, 'i': 0}, {'id': '20230607_224', 'c': 226, 'p': 224, 'i': 2}, {'id': '20230607_222', 'c': 227, 'p': 225, 'i': 2}, {'id': '20230607_225', 'c': 228, 'p': 226, 'i': 2}, {'id': '20230602_227', 'c': 229, 'p': 214, 'i': 0}, {'id': '20230607_226', 'c': 230, 'p': 227, 'i': 2}, {'id': '20230607_228', 'c': 231, 'p': 229, 'i': 2}, {'id': '20230607_227', 'c': 232, 'p': 228, 'i': 2}, {'id': '20230607_229', 'c': 233, 'p': 230, 'i': 2}, {'id': '20230607_230', 'c': 234, 'p': 232, 'i': 2}, {'id': '20230605_232', 'c': 235, 'p': 231, 'i': 1}, {'id': '20230607_231', 'c': 236, 'p': 233, 'i': 2}, {'id': '20230607_233', 'c': 237, 'p': 234, 'i': 2}, {'id': '20230607_232', 'c': 238, 'p': 235, 'i': 2}, {'id': '20230602_237', 'c': 239, 'p': 222, 'i': 0}, {'id': '20230605_240', 'c': 240, 'p': 238, 'i': 1}, {'id': '20230607_236', 'c': 241, 'p': 239, 'i': 2}, {'id': '20230602_240', 'c': 242, 'p': 240, 'i': 0}]
Unmatched current: 2: {17, 6}
Unmatched previous 0: set()
Distance threshold: 2.7465812125256166


@plot_data: normalized_points: (243, 2), normalized_prev_points: (241, 2), current_points: (243, 2), prev_points: (241, 2), current_data: 243, prev_data: 241, matching: 241, unmatched_current: 2, unmatched_prev: 0, combined_distances: (243, 241), distance_threshold: 2.7465812125256166, current_date_string: 20230602, previous_date_string: 20230531, filename: output/crop1001/20230531_20230602_plot.png
Plots created
Plotted the normalized points
Drawing lines between the matched points
Plotting the unmatched points
Plotted the original points with diameter as size
Drawing lines between the matched points and add the indices to the plots with color coding
Setting the titles and labels
Done plotting
