Current memory usage: 2485.07421875 MB
@analyze_image: file_name: data/crop976/20230426.jpg, output_dir: output/crop976, external_logger: <Logger data_crop976.log (DEBUG)>
Loaded image & JSON file: data/crop976/20230426.jpg
Scaled JSON data: scalar_position: 0.5, scalar_size: 0.5

@find_prev_next_date: image_output_dir: output/crop976/20230426
data_dir: data/crop976
Previous date file: data/crop976/20230424.jpg, Next date file: None


Loaded prev_results from JSON file: 20230424, length: 20
Scaled JSON data: scalar_position: 0.5, scalar_size: 0.5
prev_results is not empty, generating matching
Current memory usage: 2485.3515625 MB
current_date:20230426, generating Matching: 20230424_20230426_matching.json
spatial_distances: (15, 20), attribute_distances: (15, 20)
combined_distances: (15, 20)
Current memory usage: 2485.49609375 MB

@find_matching: combined_distances: (15, 20), next_matching: None, current_date_string: 20230426, distance_threshold: 20
next_matching is None
match is None, entry: {'id': '20230426_0', 'p': {'id': 0, 'tq': 93.0, 'dx': -1, 'dy': 0, 'dd': 0, 'da': -2.0, 'dp': -1.66, 'de': -0.12}, 'c': {'id': 0}, 'n': {}, 'i': 0} len(matching): 0
match is None, entry: {'id': '20230426_1', 'p': {'id': 4, 'tq': 1.0, 'dx': -4, 'dy': -13, 'dd': -2, 'da': -30.0, 'dp': -16.14, 'de': -0.8}, 'c': {'id': 1}, 'n': {}, 'i': 0} len(matching): 1
match is None, entry: {'id': '20230426_2', 'p': {'id': 2, 'tq': 65.0, 'dx': 0, 'dy': 0, 'dd': -2, 'da': -21.0, 'dp': -9.66, 'de': 0.15}, 'c': {'id': 2}, 'n': {}, 'i': 0} len(matching): 2
match is None, entry: {'id': '20230426_3', 'p': {'id': 1, 'tq': 35.0, 'dx': 2, 'dy': 11, 'dd': -1, 'da': -17.0, 'dp': 1.66, 'de': 0.32}, 'c': {'id': 3}, 'n': {}, 'i': 0} len(matching): 3
match is None, entry: {'id': '20230426_4', 'p': {'id': 3, 'tq': -145.0, 'dx': 34, 'dy': 22, 'dd': 2, 'da': 69.0, 'dp': 4.24, 'de': -0.15}, 'c': {'id': 4}, 'n': {}, 'i': 0} len(matching): 4
match is None, entry: {'id': '20230426_5', 'p': {'id': 5, 'tq': 12.0, 'dx': 0, 'dy': -15, 'dd': 1, 'da': 23.0, 'dp': 5.66, 'de': 0.06}, 'c': {'id': 5}, 'n': {}, 'i': 0} len(matching): 5
match is None, entry: {'id': '20230426_6', 'p': {'id': 6, 'tq': 59.0, 'dx': 2, 'dy': 2, 'dd': -1, 'da': -20.0, 'dp': -4.0, 'de': 0.07}, 'c': {'id': 6}, 'n': {}, 'i': 0} len(matching): 6
match is None, entry: {'id': '20230426_7', 'p': {'id': 8, 'tq': -48.0, 'dx': 0, 'dy': -14, 'dd': -2, 'da': -65.0, 'dp': -12.24, 'de': 0.13}, 'c': {'id': 7}, 'n': {}, 'i': 0} len(matching): 7
match is None, entry: {'id': '20230426_8', 'p': {'id': 12, 'tq': -5.0, 'dx': 1, 'dy': 5, 'dd': 3, 'da': 55.0, 'dp': 18.66, 'de': 0.26}, 'c': {'id': 8}, 'n': {}, 'i': 0} len(matching): 8
match is None, entry: {'id': '20230426_9', 'p': {'id': 13, 'tq': -73.0, 'dx': -13, 'dy': -6, 'dd': 3, 'da': 80.0, 'dp': 16.49, 'de': 0.14}, 'c': {'id': 9}, 'n': {}, 'i': 0} len(matching): 9
match is None, entry: {'id': '20230426_10', 'p': {'id': 16, 'tq': 1.0, 'dx': 0, 'dy': -13, 'dd': -1, 'da': -35.0, 'dp': -5.66, 'de': 0.02}, 'c': {'id': 10}, 'n': {}, 'i': 0} len(matching): 10
match is None, entry: {'id': '20230426_11', 'p': {'id': 17, 'tq': -164.0, 'dx': -51, 'dy': 38, 'dd': 1, 'da': 27.0, 'dp': 6.24, 'de': -0.26}, 'c': {'id': 11}, 'n': {}, 'i': 0} len(matching): 11
match is None, entry: {'id': '20230426_12', 'p': {'id': 19, 'tq': -596.0, 'dx': -182, 'dy': 38, 'dd': 1, 'da': 30.0, 'dp': 4.0, 'de': -0.26}, 'c': {'id': 12}, 'n': {}, 'i': 0} len(matching): 12
match is None, entry: {'id': '20230426_13', 'p': {'id': 18, 'tq': -495.0, 'dx': -91, 'dy': 107, 'dd': -3, 'da': -67.0, 'dp': -16.24, 'de': 0.32}, 'c': {'id': 13}, 'n': {}, 'i': 0} len(matching): 13
match is None, entry: {'id': '20230426_14', 'p': {'id': 15, 'tq': -918.0, 'dx': -4, 'dy': 286, 'dd': -1, 'da': -11.0, 'dp': -2.24, 'de': 0.04}, 'c': {'id': 14}, 'n': {}, 'i': 0} len(matching): 14
i_dict: {0: 15}
tq_average: -145.2, dx_average: -20.4667, dy_average: 29.8667, dd_average: -0.1333, da_average: 1.0667, dp_average: -0.726, de_average: -0.0053
average_tracking_quality: 38.0
@find_matching:
Returning:
Matching(lenght=15): [{'id': '20230426_0', 'p': {'id': 0, 'tq': 93.0, 'dx': -1, 'dy': 0, 'dd': 0, 'da': -2.0, 'dp': -1.66, 'de': -0.12}, 'c': {'id': 0}, 'n': {}, 'i': 0}, {'id': '20230426_1', 'p': {'id': 4, 'tq': 1.0, 'dx': -4, 'dy': -13, 'dd': -2, 'da': -30.0, 'dp': -16.14, 'de': -0.8}, 'c': {'id': 1}, 'n': {}, 'i': 0}, {'id': '20230426_2', 'p': {'id': 2, 'tq': 65.0, 'dx': 0, 'dy': 0, 'dd': -2, 'da': -21.0, 'dp': -9.66, 'de': 0.15}, 'c': {'id': 2}, 'n': {}, 'i': 0}, {'id': '20230426_3', 'p': {'id': 1, 'tq': 35.0, 'dx': 2, 'dy': 11, 'dd': -1, 'da': -17.0, 'dp': 1.66, 'de': 0.32}, 'c': {'id': 3}, 'n': {}, 'i': 0}, {'id': '20230426_4', 'p': {'id': 3, 'tq': -145.0, 'dx': 34, 'dy': 22, 'dd': 2, 'da': 69.0, 'dp': 4.24, 'de': -0.15}, 'c': {'id': 4}, 'n': {}, 'i': 0}, {'id': '20230426_5', 'p': {'id': 5, 'tq': 12.0, 'dx': 0, 'dy': -15, 'dd': 1, 'da': 23.0, 'dp': 5.66, 'de': 0.06}, 'c': {'id': 5}, 'n': {}, 'i': 0}, {'id': '20230426_6', 'p': {'id': 6, 'tq': 59.0, 'dx': 2, 'dy': 2, 'dd': -1, 'da': -20.0, 'dp': -4.0, 'de': 0.07}, 'c': {'id': 6}, 'n': {}, 'i': 0}, {'id': '20230426_7', 'p': {'id': 8, 'tq': -48.0, 'dx': 0, 'dy': -14, 'dd': -2, 'da': -65.0, 'dp': -12.24, 'de': 0.13}, 'c': {'id': 7}, 'n': {}, 'i': 0}, {'id': '20230426_8', 'p': {'id': 12, 'tq': -5.0, 'dx': 1, 'dy': 5, 'dd': 3, 'da': 55.0, 'dp': 18.66, 'de': 0.26}, 'c': {'id': 8}, 'n': {}, 'i': 0}, {'id': '20230426_9', 'p': {'id': 13, 'tq': -73.0, 'dx': -13, 'dy': -6, 'dd': 3, 'da': 80.0, 'dp': 16.49, 'de': 0.14}, 'c': {'id': 9}, 'n': {}, 'i': 0}, {'id': '20230426_10', 'p': {'id': 16, 'tq': 1.0, 'dx': 0, 'dy': -13, 'dd': -1, 'da': -35.0, 'dp': -5.66, 'de': 0.02}, 'c': {'id': 10}, 'n': {}, 'i': 0}, {'id': '20230426_11', 'p': {'id': 17, 'tq': -164.0, 'dx': -51, 'dy': 38, 'dd': 1, 'da': 27.0, 'dp': 6.24, 'de': -0.26}, 'c': {'id': 11}, 'n': {}, 'i': 0}, {'id': '20230426_12', 'p': {'id': 19, 'tq': -596.0, 'dx': -182, 'dy': 38, 'dd': 1, 'da': 30.0, 'dp': 4.0, 'de': -0.26}, 'c': {'id': 12}, 'n': {}, 'i': 0}, {'id': '20230426_13', 'p': {'id': 18, 'tq': -495.0, 'dx': -91, 'dy': 107, 'dd': -3, 'da': -67.0, 'dp': -16.24, 'de': 0.32}, 'c': {'id': 13}, 'n': {}, 'i': 0}, {'id': '20230426_14', 'p': {'id': 15, 'tq': -918.0, 'dx': -4, 'dy': 286, 'dd': -1, 'da': -11.0, 'dp': -2.24, 'de': 0.04}, 'c': {'id': 14}, 'n': {}, 'i': 0}]
Unmatched current(length=0): set()
Unmatched previous(length=5): {7, 9, 10, 11, 14}
Distance threshold: 20



@plot_data: normalized_points: (15, 2), normalized_prev_points: (20, 2), current_points: (15, 2), prev_points: (20, 2), current_data: 15, prev_data: 20, matching: 15, unmatched_current: 0, unmatched_prev: 5, combined_distances: (15, 20), distance_threshold: 20, current_date_string: 20230426, previous_date_string: 20230424, filename: output/crop976/plots/20230424_20230426.png
Plots created
Plotted the normalized points
Drawing lines between the matched points
Plotting the unmatched points
Plotted the original points with diameter as size
Drawing lines between the matched points and add the indices to the plots with color coding
Setting the titles and labels
Done plotting

@process_image: output_dir: output/crop976/20230426, image_name: 20230426, date_string: 20230426
len(json_data) = 15 json_data entries
len(matching) = 15 matching entries, setting max_id_i to 15
crop_dir: output/crop976
nodules_dir: output/crop976/nodules-last-detected-on
Split image into left and right images: (705, 300, 3), (705, 300, 3)
Converted right image to HSV: (705, 300, 3)
Created mask to detect nodules: (705, 300)

Found 15 contours in mask, processing each contour...

@process_contour: max_id: 20230426_15
Moments: {'m00': 3.0, 'm10': 101.33333333333333, 'm01': 1980.0, 'm20': 3423.5, 'm11': 66880.0, 'm02': 1306800.8333333333, 'm30': 115684.6, 'm21': 2259510.0, 'm12': 44140828.03333333, 'm03': 862489650.0, 'mu20': 0.6851851851861284, 'mu11': 0.0, 'mu02': 0.8333333332557231, 'mu30': 0.08971193412435241, 'mu21': 1.0186340659856796e-10, 'mu12': -0.11481481418013217, 'mu03': 1.1920928955078125e-07, 'nu20': 0.07613168724290315, 'nu11': 0.0, 'nu02': 0.09259259258396924, 'nu30': 0.005755023257357426, 'nu21': 6.5345405800283894e-12, 'nu12': -0.007365373763761796, 'nu03': 7.64727949022751e-09}
Centroid: 33, 660
Processing contour#1: area: 3.0 centroid: 33, 660 rectangle: (33, 659, 3, 3)
@find_dayJSON_match_for_contour: x: 33, y: 659, w: 3, h: 3, area: 3.0
Matched with JSON#14: (33, 659, 3, 41.0, 21.6569, 0.617269)
Match with input JSON(nodules) ID: 14
Matched contour: {'x': 33, 'y': 659, 'd': 3, 'a': 41.0, 'p': 21.6569, 'e': 0.617269, 'id': 14, 'tq': 100}
JSON_entry: 14
Matched with first_id: 14 second_id: 15 name: 20230426_14
entry_id:20230426_14, entry saved to results list
created dirs at nodule_detection_path: output/crop976/nodules-last-detected-on/2023-04-26/14/detection and nodule_images_original_path: output/crop976/nodules-last-detected-on/2023-04-26/14
Segmented nodule image saved as output/crop976/nodules-last-detected-on/2023-04-26/14/detection/2023-04-26.jpg
Original nodule image saved as output/crop976/nodules-last-detected-on/2023-04-26/14/2023-04-26.jpg


@process_contour: max_id: 20230426_16
Moments: {'m00': 5.5, 'm10': 986.6666666666666, 'm01': 3542.333333333333, 'm20': 177005.75, 'm11': 635473.5416666666, 'm02': 2281479.083333333, 'm30': 31755097.3, 'm21': 114002578.14999999, 'm12': 409284048.85, 'm03': 1469413029.2, 'mu20': 3.7297979797876906, 'mu11': 0.41035353543702513, 'mu02': 1.7297979798167944, 'mu30': 0.3058157339692116, 'mu21': 0.2989133439559737, 'mu12': -0.13913370623737364, 'mu03': -0.11573266983032227, 'nu20': 0.12329910676984102, 'nu11': 0.013565406130149591, 'nu02': 0.057183404291464277, 'nu30': 0.0043107526317390215, 'nu21': 0.004213457127911708, 'nu12': -0.0019612169149764713, 'nu03': -0.0016313578918064166}
Centroid: 179, 644
Processing contour#2: area: 5.5 centroid: 179, 644 rectangle: (178, 643, 4, 3)
@find_dayJSON_match_for_contour: x: 178, y: 643, w: 4, h: 3, area: 5.5
Matched with JSON#13: (179, 643, 2, 26.0, 17.3137, 0.589702)
Match with input JSON(nodules) ID: 13
Matched contour: {'x': 179, 'y': 643, 'd': 2, 'a': 26.0, 'p': 17.3137, 'e': 0.589702, 'id': 13, 'tq': 100}
JSON_entry: 13
Matched with first_id: 13 second_id: 18 name: 20230426_13
entry_id:20230426_13, entry saved to results list
created dirs at nodule_detection_path: output/crop976/nodules-last-detected-on/2023-04-26/13/detection and nodule_images_original_path: output/crop976/nodules-last-detected-on/2023-04-26/13
Segmented nodule image saved as output/crop976/nodules-last-detected-on/2023-04-26/13/detection/2023-04-26.jpg
Original nodule image saved as output/crop976/nodules-last-detected-on/2023-04-26/13/2023-04-26.jpg


@process_contour: max_id: 20230426_17
Moments: {'m00': 41.0, 'm10': 3700.6666666666665, 'm01': 25987.166666666664, 'm20': 334169.1666666666, 'm11': 2345604.25, 'm02': 16471658.333333332, 'm30': 30188583.400000002, 'm21': 211807282.21666667, 'm12': 1486732486.8833332, 'm03': 10440445638.650002, 'mu20': 146.39159891597228, 'mu11': -1.6388888885267079, 'mu02': 125.8611111138016, 'mu30': -6.578826528042555, 'mu21': 21.26386622985592, 'mu12': 4.963052883047567, 'mu03': -18.229629516601562, 'nu20': 0.08708601958118518, 'nu11': -0.0009749487736625271, 'nu02': 0.0748727609243317, 'nu30': -0.0006112076666846896, 'nu21': 0.001975525271512606, 'nu12': 0.00046109377703606823, 'nu03': -0.0016936286849751562}
Centroid: 90, 633
Processing contour#3: area: 41.0 centroid: 90, 633 rectangle: (86, 630, 9, 8)
@find_dayJSON_match_for_contour: x: 86, y: 630, w: 9, h: 8, area: 41.0
Matched with JSON#12: (90, 634, 7, 175.0, 47.2132, 0.267025)
Match with input JSON(nodules) ID: 12
Matched contour: {'x': 90, 'y': 634, 'd': 7, 'a': 175.0, 'p': 47.2132, 'e': 0.267025, 'id': 12, 'tq': 100}
JSON_entry: 12
Matched with first_id: 12 second_id: 19 name: 20230426_12
entry_id:20230426_12, entry saved to results list
created dirs at nodule_detection_path: output/crop976/nodules-last-detected-on/2023-04-26/12/detection and nodule_images_original_path: output/crop976/nodules-last-detected-on/2023-04-26/12
Segmented nodule image saved as output/crop976/nodules-last-detected-on/2023-04-26/12/detection/2023-04-26.jpg
Original nodule image saved as output/crop976/nodules-last-detected-on/2023-04-26/12/2023-04-26.jpg


@process_contour: max_id: 20230426_18
Moments: {'m00': 11.0, 'm10': 2238.5, 'm01': 4970.333333333333, 'm20': 455542.3333333333, 'm11': 1011462.8333333333, 'm02': 2245850.5, 'm30': 92705951.25, 'm21': 205836111.95, 'm12': 457030576.75, 'm03': 1014795817.1, 'mu20': 7.583333333313931, 'mu11': 0.0, 'mu02': 12.914141414221376, 'mu30': 1.4901161193847656e-08, 'mu21': -1.151010084295649, 'mu12': 5.657784640789032e-08, 'mu03': 1.0083256959915161, 'nu20': 0.0626721763083796, 'nu11': 0.0, 'nu02': 0.10672844143984608, 'nu30': 3.713114997790909e-11, 'nu21': -0.0028681206457731086, 'nu12': 1.4098233507237357e-10, 'nu03': 0.0025125755071959614}
Centroid: 203, 451
Processing contour#4: area: 11.0 centroid: 203, 451 rectangle: (202, 450, 4, 5)
@find_dayJSON_match_for_contour: x: 202, y: 450, w: 4, h: 5, area: 11.0
Matched with JSON#11: (203, 452, 4, 64.0, 27.3137, 0.221241)
Match with input JSON(nodules) ID: 11
Matched contour: {'x': 203, 'y': 452, 'd': 4, 'a': 64.0, 'p': 27.3137, 'e': 0.221241, 'id': 11, 'tq': 100}
JSON_entry: 11
Matched with first_id: 11 second_id: 17 name: 20230426_11
entry_id:20230426_11, entry saved to results list
created dirs at nodule_detection_path: output/crop976/nodules-last-detected-on/2023-04-26/11/detection and nodule_images_original_path: output/crop976/nodules-last-detected-on/2023-04-26/11
Segmented nodule image saved as output/crop976/nodules-last-detected-on/2023-04-26/11/detection/2023-04-26.jpg
Original nodule image saved as output/crop976/nodules-last-detected-on/2023-04-26/11/2023-04-26.jpg


@process_contour: max_id: 20230426_19
Moments: {'m00': 30.5, 'm10': 7728.333333333333, 'm01': 11897.333333333332, 'm20': 1958358.9166666665, 'm11': 3014635.708333333, 'm02': 4640932.916666666, 'm30': 496271321.20000005, 'm21': 763906984.8166666, 'm12': 1175952291.3166666, 'm03': 1810367834.7, 'mu20': 92.15892531862482, 'mu11': -5.530282331630588, 'mu02': 62.738160291686654, 'mu30': 10.901817619800568, 'mu21': -9.877048607100733, 'mu12': -2.664128045018515, 'mu03': 7.787421703338623, 'nu20': 0.09906898717401219, 'nu11': -0.005944942038839654, 'nu02': 0.06744225777122995, 'nu30': 0.0021220192237100094, 'nu21': -0.0019225497755271882, 'nu12': -0.0005185677400882508, 'nu03': 0.001515807650974389}
Centroid: 253, 390
Processing contour#5: area: 30.5 centroid: 253, 390 rectangle: (250, 387, 8, 7)
@find_dayJSON_match_for_contour: x: 250, y: 387, w: 8, h: 7, area: 30.5
Matched with JSON#10: (253, 389, 5, 100.0, 35.5563, 0.431119)
Match with input JSON(nodules) ID: 10
Matched contour: {'x': 253, 'y': 389, 'd': 5, 'a': 100.0, 'p': 35.5563, 'e': 0.431119, 'id': 10, 'tq': 100}
JSON_entry: 10
Matched with first_id: 10 second_id: 16 name: 20230426_10
entry_id:20230426_10, entry saved to results list
created dirs at nodule_detection_path: output/crop976/nodules-last-detected-on/2023-04-26/10/detection and nodule_images_original_path: output/crop976/nodules-last-detected-on/2023-04-26/10
Segmented nodule image saved as output/crop976/nodules-last-detected-on/2023-04-26/10/detection/2023-04-26.jpg
Original nodule image saved as output/crop976/nodules-last-detected-on/2023-04-26/10/2023-04-26.jpg


@process_contour: max_id: 20230426_20
Moments: {'m00': 30.0, 'm10': 5796.833333333333, 'm01': 9555.0, 'm20': 1120206.8333333333, 'm11': 1846291.4166666665, 'm02': 3043321.333333333, 'm30': 216492813.35000002, 'm21': 356785876.4166667, 'm12': 588054208.7833333, 'm03': 969332136.5, 'mu20': 97.6101851852145, 'mu11': 0.0, 'mu02': 53.83333333302289, 'mu30': 14.295174956321716, 'mu21': 7.3225237429142e-08, 'mu12': -9.520370262700453, 'mu03': 2.384185791015625e-07, 'nu20': 0.108455761316905, 'nu11': 0.0, 'nu02': 0.05981481481446988, 'nu30': 0.0028999221433556785, 'nu21': 1.485448678467136e-11, 'nu12': -0.001931304277289786, 'nu03': 4.836564218602058e-11}
Centroid: 193, 318
Processing contour#6: area: 30.0 centroid: 193, 318 rectangle: (190, 316, 8, 6)
@find_dayJSON_match_for_contour: x: 190, y: 316, w: 8, h: 6, area: 30.0
Matched with JSON#9: (193, 318, 6, 115.0, 36.9706, 0.49)
Match with input JSON(nodules) ID: 9
Matched contour: {'x': 193, 'y': 318, 'd': 6, 'a': 115.0, 'p': 36.9706, 'e': 0.49, 'id': 9, 'tq': 100}
JSON_entry: 9
Matched with first_id: 9 second_id: 13 name: 20230426_9
entry_id:20230426_9, entry saved to results list
created dirs at nodule_detection_path: output/crop976/nodules-last-detected-on/2023-04-26/9/detection and nodule_images_original_path: output/crop976/nodules-last-detected-on/2023-04-26/9
Segmented nodule image saved as output/crop976/nodules-last-detected-on/2023-04-26/9/detection/2023-04-26.jpg
Original nodule image saved as output/crop976/nodules-last-detected-on/2023-04-26/9/2023-04-26.jpg


@process_contour: max_id: 20230426_21
Moments: {'m00': 19.0, 'm10': 575.8333333333333, 'm01': 5878.5, 'm20': 17481.666666666664, 'm11': 178162.3333333333, 'm02': 1818805.6666666665, 'm30': 531630.85, 'm21': 5408888.666666667, 'm12': 55124138.53333333, 'm03': 562746664.25, 'mu20': 29.875730994153855, 'mu11': 2.53070175438188, 'mu02': 28.706140350783244, 'mu30': 2.78303067618981, 'mu21': -0.3872730047460209, 'mu12': -2.6868113206448925, 'mu03': 0.5872577428817749, 'nu20': 0.08275825760153421, 'nu11': 0.007010254167262825, 'nu02': 0.07951839432349928, 'nu30': 0.001768617797679698, 'nu21': -0.00024611224540738483, 'nu12': -0.0017074703348960699, 'nu03': 0.00037320267605094753}
Centroid: 30, 309
Processing contour#7: area: 19.0 centroid: 30, 309 rectangle: (28, 307, 6, 6)
@find_dayJSON_match_for_contour: x: 28, y: 307, w: 6, h: 6, area: 19.0
Matched with JSON#8: (30, 309, 4, 67.0, 27.8995, 0.647323)
Match with input JSON(nodules) ID: 8
Matched contour: {'x': 30, 'y': 309, 'd': 4, 'a': 67.0, 'p': 27.8995, 'e': 0.647323, 'id': 8, 'tq': 100}
JSON_entry: 8
Matched with first_id: 8 second_id: 12 name: 20230426_8
entry_id:20230426_8, entry saved to results list
created dirs at nodule_detection_path: output/crop976/nodules-last-detected-on/2023-04-26/8/detection and nodule_images_original_path: output/crop976/nodules-last-detected-on/2023-04-26/8
Segmented nodule image saved as output/crop976/nodules-last-detected-on/2023-04-26/8/detection/2023-04-26.jpg
Original nodule image saved as output/crop976/nodules-last-detected-on/2023-04-26/8/2023-04-26.jpg


@process_contour: max_id: 20230426_22
Moments: {'m00': 10.0, 'm10': 1233.1666666666665, 'm01': 2274.5, 'm20': 152079.8333333333, 'm11': 280484.5833333333, 'm02': 517342.1666666666, 'm30': 18756401.650000002, 'm21': 34590760.666666664, 'm12': 63797287.46666667, 'm03': 117672725.25, 'mu20': 9.830555555556202, 'mu11': 0.8250000000116415, 'mu02': 7.1416666666045785, 'mu30': -1.0065740682184696, 'mu21': -0.897499997531213, 'mu12': 0.6547222322629977, 'mu03': 0.6975000351667404, 'nu20': 0.09830555555556204, 'nu11': 0.008250000000116418, 'nu02': 0.0714166666660458, 'nu30': -0.0031830666892320694, 'nu21': -0.0028381441921941307, 'nu12': 0.002070413488700851, 'nu03': 0.0022056887791744423}
Centroid: 123, 227
Processing contour#8: area: 10.0 centroid: 123, 227 rectangle: (121, 226, 5, 4)
@find_dayJSON_match_for_contour: x: 121, y: 226, w: 5, h: 4, area: 10.0
Matched with JSON#7: (123, 227, 4, 62.0, 26.7279, 0.585761)
Match with input JSON(nodules) ID: 7
Matched contour: {'x': 123, 'y': 227, 'd': 4, 'a': 62.0, 'p': 26.7279, 'e': 0.585761, 'id': 7, 'tq': 100}
JSON_entry: 7
Matched with first_id: 7 second_id: 8 name: 20230426_7
entry_id:20230426_7, entry saved to results list
created dirs at nodule_detection_path: output/crop976/nodules-last-detected-on/2023-04-26/7/detection and nodule_images_original_path: output/crop976/nodules-last-detected-on/2023-04-26/7
Segmented nodule image saved as output/crop976/nodules-last-detected-on/2023-04-26/7/detection/2023-04-26.jpg
Original nodule image saved as output/crop976/nodules-last-detected-on/2023-04-26/7/2023-04-26.jpg


@process_contour: max_id: 20230426_23
Moments: {'m00': 18.5, 'm10': 1902.3333333333333, 'm01': 2235.333333333333, 'm20': 195643.5833333333, 'm11': 229856.54166666666, 'm02': 270121.5833333333, 'm30': 20123733.2, 'm21': 23639354.65, 'm12': 27776249.65, 'm03': 32645446.700000003, 'mu20': 28.874624624615535, 'mu11': -0.16704204201232642, 'mu02': 28.874624624673743, 'mu30': -5.629708085209131, 'mu21': 3.9614330473200425, 'mu12': 3.9614330483191225, 'mu03': -5.6297080889344215, 'nu20': 0.08436705514862101, 'nu11': -0.0004880702469315601, 'nu02': 0.08436705514879109, 'nu30': -0.003824340521388165, 'nu21': 0.0026910576350193576, 'nu12': 0.0026910576356980465, 'nu03': -0.003824340523918808}
Centroid: 102, 120
Processing contour#9: area: 18.5 centroid: 102, 120 rectangle: (100, 118, 6, 6)
@find_dayJSON_match_for_contour: x: 100, y: 118, w: 6, h: 6, area: 18.5
Matched with JSON#6: (103, 121, 5, 97.0, 33.5563, 0.36828)
Match with input JSON(nodules) ID: 6
Matched contour: {'x': 103, 'y': 121, 'd': 5, 'a': 97.0, 'p': 33.5563, 'e': 0.36828, 'id': 6, 'tq': 100}
JSON_entry: 6
Matched with first_id: 6 second_id: 6 name: 20230426_6
entry_id:20230426_6, entry saved to results list
created dirs at nodule_detection_path: output/crop976/nodules-last-detected-on/2023-04-26/6/detection and nodule_images_original_path: output/crop976/nodules-last-detected-on/2023-04-26/6
Segmented nodule image saved as output/crop976/nodules-last-detected-on/2023-04-26/6/detection/2023-04-26.jpg
Original nodule image saved as output/crop976/nodules-last-detected-on/2023-04-26/6/2023-04-26.jpg


@process_contour: max_id: 20230426_24
Moments: {'m00': 18.0, 'm10': 3220.1666666666665, 'm01': 1694.8333333333333, 'm20': 576107.5, 'm11': 303203.3333333333, 'm02': 159609.8333333333, 'm30': 103073738.15, 'm21': 54245065.53333333, 'm12': 28554054.466666665, 'm03': 15033863.350000001, 'mu20': 25.646604938432574, 'mu11': 0.7885802469099872, 'mu02': 28.720679012330947, 'mu30': -2.9945187866687775, 'mu21': -5.205721306010673, 'mu12': 2.3557556054292945, 'mu03': 6.717255380004644, 'nu20': 0.07915618808158202, 'nu11': 0.0024338896509567506, 'nu02': 0.0886440710257128, 'nu30': -0.0021784408852304578, 'nu21': -0.0037870378975796678, 'nu12': 0.0017137559294416408, 'nu03': 0.004886642829385908}
Centroid: 178, 94
Processing contour#10: area: 18.0 centroid: 178, 94 rectangle: (176, 92, 6, 6)
@find_dayJSON_match_for_contour: x: 176, y: 92, w: 6, h: 6, area: 18.0
Matched with JSON#5: (178, 94, 5, 82.0, 31.5563, 0.450388)
Match with input JSON(nodules) ID: 5
Matched contour: {'x': 178, 'y': 94, 'd': 5, 'a': 82.0, 'p': 31.5563, 'e': 0.450388, 'id': 5, 'tq': 100}
JSON_entry: 5
Matched with first_id: 5 second_id: 5 name: 20230426_5
entry_id:20230426_5, entry saved to results list
created dirs at nodule_detection_path: output/crop976/nodules-last-detected-on/2023-04-26/5/detection and nodule_images_original_path: output/crop976/nodules-last-detected-on/2023-04-26/5
Segmented nodule image saved as output/crop976/nodules-last-detected-on/2023-04-26/5/detection/2023-04-26.jpg
Original nodule image saved as output/crop976/nodules-last-detected-on/2023-04-26/5/2023-04-26.jpg


@process_contour: max_id: 20230426_25
Moments: {'m00': 48.0, 'm10': 4766.666666666666, 'm01': 4013.833333333333, 'm20': 473555.0, 'm11': 398551.8333333333, 'm02': 335826.8333333333, 'm30': 47066060.400000006, 'm21': 39590629.28333333, 'm12': 33342105.716666665, 'm03': 28113112.85, 'mu20': 198.5185185186565, 'mu11': -44.115740740671754, 'mu02': 183.95775462966412, 'mu30': -9.94465021789074, 'mu21': -1.427186230521329, 'mu12': 13.513316607597517, 'mu03': -5.679083880037069, 'nu20': 0.0861625514403891, 'nu11': -0.019147456918694336, 'nu02': 0.07984277544690283, 'nu30': -0.0006229976649626615, 'nu21': -8.940824157717193e-05, 'nu12': 0.0008465621724219907, 'nu03': -0.0003557748054350983}
Centroid: 99, 83
Processing contour#11: area: 48.0 centroid: 99, 83 rectangle: (95, 80, 9, 9)
@find_dayJSON_match_for_contour: x: 95, y: 80, w: 9, h: 9, area: 48.0
Matched with JSON#4: (99, 83, 8, 206.0, 51.4558, 0.706395)
Match with input JSON(nodules) ID: 4
Matched contour: {'x': 99, 'y': 83, 'd': 8, 'a': 206.0, 'p': 51.4558, 'e': 0.706395, 'id': 4, 'tq': 100}
JSON_entry: 4
Matched with first_id: 4 second_id: 3 name: 20230426_4
entry_id:20230426_4, entry saved to results list
created dirs at nodule_detection_path: output/crop976/nodules-last-detected-on/2023-04-26/4/detection and nodule_images_original_path: output/crop976/nodules-last-detected-on/2023-04-26/4
Segmented nodule image saved as output/crop976/nodules-last-detected-on/2023-04-26/4/detection/2023-04-26.jpg
Original nodule image saved as output/crop976/nodules-last-detected-on/2023-04-26/4/2023-04-26.jpg


@process_contour: max_id: 20230426_26
Moments: {'m00': 12.0, 'm10': 781.6666666666666, 'm01': 758.5, 'm20': 50930.0, 'm11': 49410.25, 'm02': 47960.83333333333, 'm30': 3319229.9000000004, 'm21': 3219513.75, 'm12': 3124412.8833333333, 'm03': 3033718.25, 'mu20': 13.101851851854008, 'mu11': 2.4027777777810115, 'mu02': 17.3125, 'mu30': -0.591255143750459, 'mu21': 0.3047839503489058, 'mu12': -6.261342592433948, 'mu03': 5.321180555969477, 'nu20': 0.09098508230454172, 'nu11': 0.016685956790145912, 'nu02': 0.12022569444444443, 'nu30': -0.0011852823486252718, 'nu21': 0.0006109968603424246, 'nu12': -0.012552041080660447, 'nu03': 0.010667309119429095}
Centroid: 65, 63
Processing contour#12: area: 12.0 centroid: 65, 63 rectangle: (63, 61, 5, 6)
@find_dayJSON_match_for_contour: x: 63, y: 61, w: 5, h: 6, area: 12.0
Matched with JSON#3: (65, 63, 4, 78.0, 35.5563, 0.844615)
Match with input JSON(nodules) ID: 3
Matched contour: {'x': 65, 'y': 63, 'd': 4, 'a': 78.0, 'p': 35.5563, 'e': 0.844615, 'id': 3, 'tq': 100}
JSON_entry: 3
Matched with first_id: 3 second_id: 1 name: 20230426_3
entry_id:20230426_3, entry saved to results list
created dirs at nodule_detection_path: output/crop976/nodules-last-detected-on/2023-04-26/3/detection and nodule_images_original_path: output/crop976/nodules-last-detected-on/2023-04-26/3
Segmented nodule image saved as output/crop976/nodules-last-detected-on/2023-04-26/3/detection/2023-04-26.jpg
Original nodule image saved as output/crop976/nodules-last-detected-on/2023-04-26/3/2023-04-26.jpg


@process_contour: max_id: 20230426_27
Moments: {'m00': 0.0, 'm10': 0.0, 'm01': 0.0, 'm20': 0.0, 'm11': 0.0, 'm02': 0.0, 'm30': 0.0, 'm21': 0.0, 'm12': 0.0, 'm03': 0.0, 'mu20': 0.0, 'mu11': 0.0, 'mu02': 0.0, 'mu30': 0.0, 'mu21': 0.0, 'mu12': 0.0, 'mu03': 0.0, 'nu20': 0.0, 'nu11': 0.0, 'nu02': 0.0, 'nu30': 0.0, 'nu21': 0.0, 'nu12': 0.0, 'nu03': 0.0}
Skipping contour#13 because area is 0.


@process_contour: max_id: 20230426_28
Moments: {'m00': 1.0, 'm10': 45.5, 'm01': 54.5, 'm20': 2070.333333333333, 'm11': 2479.75, 'm02': 2970.333333333333, 'm30': 94207.75, 'm21': 112833.16666666667, 'm12': 135150.16666666666, 'm03': 161892.25, 'mu20': 0.08333333333303017, 'mu11': 0.0, 'mu02': 0.08333333333303017, 'mu30': 4.3655745685100555e-11, 'mu21': 2.1373125491663814e-11, 'mu12': 4.092726157978177e-12, 'mu03': 5.820766091346741e-11, 'nu20': 0.08333333333303017, 'nu11': 0.0, 'nu02': 0.08333333333303017, 'nu30': 4.3655745685100555e-11, 'nu21': 2.1373125491663814e-11, 'nu12': 4.092726157978177e-12, 'nu03': 5.820766091346741e-11}
Centroid: 45, 54
Processing contour#14: area: 1.0 centroid: 45, 54 rectangle: (45, 54, 2, 2)
@find_dayJSON_match_for_contour: x: 45, y: 54, w: 2, h: 2, area: 1.0
Matched with JSON#2: (45, 54, 1, 10.0, 8.8284, 0.612372)
Match with input JSON(nodules) ID: 2
Matched contour: {'x': 45, 'y': 54, 'd': 1, 'a': 10.0, 'p': 8.8284, 'e': 0.612372, 'id': 2, 'tq': 100}
JSON_entry: 2
Matched with first_id: 2 second_id: 2 name: 20230426_2
entry_id:20230426_2, entry saved to results list
created dirs at nodule_detection_path: output/crop976/nodules-last-detected-on/2023-04-26/2/detection and nodule_images_original_path: output/crop976/nodules-last-detected-on/2023-04-26/2
Segmented nodule image saved as output/crop976/nodules-last-detected-on/2023-04-26/2/detection/2023-04-26.jpg
Original nodule image saved as output/crop976/nodules-last-detected-on/2023-04-26/2/2023-04-26.jpg


@process_contour: max_id: 20230426_29
Moments: {'m00': 55.0, 'm10': 7806.5, 'm01': 1823.5, 'm20': 1108281.6666666665, 'm11': 258784.0833333333, 'm02': 60697.33333333333, 'm30': 157377970.25, 'm21': 36734088.333333336, 'm12': 8612725.5, 'm03': 2028318.75, 'mu20': 255.4439393938519, 'mu11': -36.875757575791795, 'mu02': 240.01969696969172, 'mu30': -12.969256162643433, 'mu21': -18.538732770843126, 'mu12': 11.92220385811379, 'mu03': 10.765123967314139, 'nu20': 0.08444427748557087, 'nu11': -0.012190333082906377, 'nu02': 0.07934535437014602, 'nu30': -0.0005781071551143641, 'nu21': -0.000826367674998032, 'nu12': 0.0005314345918280365, 'nu03': 0.000479857527151269}
Centroid: 141, 33
Processing contour#15: area: 55.0 centroid: 141, 33 rectangle: (138, 29, 9, 9)
@find_dayJSON_match_for_contour: x: 138, y: 29, w: 9, h: 9, area: 55.0
Matched with JSON#0: (141, 33, 8, 214.0, 52.6274, 0.627889)
Match with input JSON(nodules) ID: 0
Matched contour: {'x': 141, 'y': 33, 'd': 8, 'a': 214.0, 'p': 52.6274, 'e': 0.627889, 'id': 0, 'tq': 100}
JSON_entry: 0
Matched with first_id: 0 second_id: 0 name: 20230426_0
entry_id:20230426_0, entry saved to results list
created dirs at nodule_detection_path: output/crop976/nodules-last-detected-on/2023-04-26/0/detection and nodule_images_original_path: output/crop976/nodules-last-detected-on/2023-04-26/0
Segmented nodule image saved as output/crop976/nodules-last-detected-on/2023-04-26/0/detection/2023-04-26.jpg
Original nodule image saved as output/crop976/nodules-last-detected-on/2023-04-26/0/2023-04-26.jpg


Done analyzing contours, found 14 nodules.


results_entry: {'date': '20230426', 'json': 'output/crop976/20230426/20230426.json', 'log': 'output/crop976/20230426/crop976_20230426.log', 'image': 'data/crop976/20230426.jpg', 'plot': 'output/crop976/plots/20230424_20230426.png', 'match_stats': {'i_dict': {0: 15}, 'average_tracking_quality': 38.0, 'distance_threshold': 20, 'lengths': {'matching': 15, 'unmatched_current': 0, 'unmatched_previous': 5}, 'averages': {'tq': -145.2, 'i': 0.0, 'dx': -20.4667, 'dy': 29.8667, 'dd': -0.1333, 'da': 1.0667, 'dp': -0.726, 'de': -0.0053}}}
