Current memory usage: 2155.2265625 MB
@analyze_image: file_name: data/crop990/20230424.jpg, output_dir: output/crop990, external_logger: <Logger data_crop990.log (DEBUG)>
Loaded image & JSON file: data/crop990/20230424.jpg
Scaled JSON data: scalar_position: 0.5, scalar_size: 0.5

@find_prev_next_date: image_output_dir: output/crop990/20230424
data_dir: data/crop990
Previous date file: None, Next date file: data/crop990/20230426.jpg


Loaded next_results from JSON file: 20230426, length: 12
Scaled JSON data: scalar_position: 0.5, scalar_size: 0.5

@process_image: output_dir: output/crop990/20230424, image_name: 20230424, date_string: 20230424
len(json_data) = 15 json_data entries
len(matching) = 0 matching entries, setting max_id_i to 0
crop_dir: output/crop990
nodules_dir: output/crop990/nodules-last-detected-on
Split image into left and right images: (705, 300, 3), (705, 300, 3)
Converted right image to HSV: (705, 300, 3)
Created mask to detect nodules: (705, 300)

Found 16 contours in mask, processing each contour...

@process_contour: max_id: 20230424_0
Moments: {'m00': 17.5, 'm10': 5155.833333333333, 'm01': 12302.833333333332, 'm20': 1519119.25, 'm11': 3624647.625, 'm02': 8649131.916666666, 'm30': 447627777.95000005, 'm21': 1067968938.65, 'm12': 2548197019.3166666, 'm03': 6080512558.450001, 'mu20': 112.54365079384297, 'mu11': -1.4146825391799212, 'mu02': 5.743650794029236, 'mu30': -3.711186707019806, 'mu21': 3.8800829257816076, 'mu12': 0.3943685520264353, 'mu03': -0.1283283233642578, 'nu20': 0.3674894719798954, 'nu11': -0.0046193715565058645, 'nu02': 0.018754778102952605, 'nu30': -0.0028967944664891887, 'nu21': 0.0030286276698671516, 'nu12': 0.0003078273149412406, 'nu03': -0.00010016763002310284}
Centroid: 294, 703
Processing contour#1: area: 17.5 centroid: 294, 703 rectangle: (290, 702, 10, 3)
@find_dayJSON_match_for_contour: x: 290, y: 702, w: 10, h: 3, area: 17.5
Matched with JSON#14: (295, 702, 6, 138.0, 50.8995, 0.919406)
Match with input JSON(nodules) ID: 14
Matched contour: {'x': 295, 'y': 702, 'd': 6, 'a': 138.0, 'p': 50.8995, 'e': 0.919406, 'id': 14, 'tq': 100}
JSON_entry: 14
WARNING: match is empty
entry_id:20230424_0, entry saved to results list
WARNING: right_nodule_img.shape != (50, 50, 3) != (27, 31, 3)
@process_contour: max_id: 20230424_1
Moments: {'m00': 22.5, 'm10': 3165.6666666666665, 'm01': 13925.833333333332, 'm20': 445440.5833333333, 'm11': 1959316.4583333333, 'm02': 8619099.083333332, 'm30': 62683945.800000004, 'm21': 275695654.9, 'm12': 1212679384.2666667, 'm03': 5334633133.950001, 'mu20': 43.008024691429455, 'mu11': 3.2854938274249434, 'mu02': 39.79320987686515, 'mu30': 3.365368075668812, 'mu21': 4.901806061065145, 'mu12': -1.1237539926605677, 'mu03': -4.947917938232422, 'nu20': 0.08495412284726805, 'nu11': 0.006489864350469024, 'nu02': 0.07860387136170893, 'nu30': 0.0014014456999415746, 'nu21': 0.0020412670684950476, 'nu12': -0.0004679667024217988, 'nu03': -0.0020604695124831307}
Centroid: 140, 618
Processing contour#2: area: 22.5 centroid: 140, 618 rectangle: (138, 616, 7, 7)
@find_dayJSON_match_for_contour: x: 138, y: 616, w: 7, h: 7, area: 22.5
Matched with JSON#13: (140, 618, 4, 65.0, 27.8995, 0.512774)
Match with input JSON(nodules) ID: 13
Matched contour: {'x': 140, 'y': 618, 'd': 4, 'a': 65.0, 'p': 27.8995, 'e': 0.512774, 'id': 13, 'tq': 100}
JSON_entry: 13
WARNING: match is empty
entry_id:20230424_1, entry saved to results list
created dirs at nodule_detection_path: output/crop990/nodules-last-detected-on/2023-04-24/1/detection and nodule_images_original_path: output/crop990/nodules-last-detected-on/2023-04-24/1
Segmented nodule image saved as output/crop990/nodules-last-detected-on/2023-04-24/1/detection/2023-04-24.jpg
Original nodule image saved as output/crop990/nodules-last-detected-on/2023-04-24/1/2023-04-24.jpg


@process_contour: max_id: 20230424_2
Moments: {'m00': 5.0, 'm10': 140.66666666666666, 'm01': 2832.5, 'm20': 3958.833333333333, 'm11': 79687.66666666666, 'm02': 1604614.3333333333, 'm30': 111454.40000000001, 'm21': 2242679.0833333335, 'm12': 45143150.38333333, 'm03': 909017513.25, 'mu20': 1.4111111111110404, 'mu11': 0.0, 'mu02': 3.083333333255723, 'mu30': -0.1762962962675374, 'mu21': 2.780780050670728e-10, 'mu12': 0.4722222263924749, 'mu03': 1.1920928955078125e-07, 'nu20': 0.056444444444441626, 'nu11': 0.0, 'nu02': 0.12333333333022894, 'nu30': -0.003153684021085249, 'nu21': 4.974410579020047e-12, 'nu12': 0.008447367989598954, 'nu03': 2.132480599880018e-09}
Centroid: 28, 566
Processing contour#3: area: 5.0 centroid: 28, 566 rectangle: (27, 565, 3, 4)
@find_dayJSON_match_for_contour: x: 27, y: 565, w: 3, h: 4, area: 5.0
Matched with JSON#12: (28, 566, 2, 27.0, 17.3137, 0.553908)
Match with input JSON(nodules) ID: 12
Matched contour: {'x': 28, 'y': 566, 'd': 2, 'a': 27.0, 'p': 17.3137, 'e': 0.553908, 'id': 12, 'tq': 100}
JSON_entry: 12
WARNING: match is empty
entry_id:20230424_2, entry saved to results list
created dirs at nodule_detection_path: output/crop990/nodules-last-detected-on/2023-04-24/2/detection and nodule_images_original_path: output/crop990/nodules-last-detected-on/2023-04-24/2
Segmented nodule image saved as output/crop990/nodules-last-detected-on/2023-04-24/2/detection/2023-04-24.jpg
Original nodule image saved as output/crop990/nodules-last-detected-on/2023-04-24/2/2023-04-24.jpg


@process_contour: max_id: 20230424_3
Moments: {'m00': 29.5, 'm10': 5789.833333333333, 'm01': 16681.166666666664, 'm20': 1136406.9166666665, 'm11': 3273940.208333333, 'm02': 9432667.25, 'm30': 223061904.95000002, 'm21': 642597193.35, 'm12': 1851309863.6499999, 'm03': 5333917506.55, 'mu20': 62.1699623351451, 'mu11': 2.0793314506299794, 'mu02': 80.08521657437086, 'mu30': -12.127550512552261, 'mu21': -1.769814391496766, 'mu12': 11.526588835749862, 'mu03': 3.5619077682495117, 'nu20': 0.07143919831674243, 'nu11': 0.00238934955544956, 'nu02': 0.09202552895647327, 'nu30': -0.0025657719457938327, 'nu21': -0.0003744317626436286, 'nu12': 0.002438629155562542, 'nu03': 0.0007535769911509024}
Centroid: 196, 565
Processing contour#4: area: 29.5 centroid: 196, 565 rectangle: (193, 562, 7, 8)
@find_dayJSON_match_for_contour: x: 193, y: 562, w: 7, h: 8, area: 29.5
Matched with JSON#11: (196, 565, 5, 110.0, 36.9706, 0.450977)
Match with input JSON(nodules) ID: 11
Matched contour: {'x': 196, 'y': 565, 'd': 5, 'a': 110.0, 'p': 36.9706, 'e': 0.450977, 'id': 11, 'tq': 100}
JSON_entry: 11
WARNING: match is empty
entry_id:20230424_3, entry saved to results list
created dirs at nodule_detection_path: output/crop990/nodules-last-detected-on/2023-04-24/3/detection and nodule_images_original_path: output/crop990/nodules-last-detected-on/2023-04-24/3
Segmented nodule image saved as output/crop990/nodules-last-detected-on/2023-04-24/3/detection/2023-04-24.jpg
Original nodule image saved as output/crop990/nodules-last-detected-on/2023-04-24/3/2023-04-24.jpg


@process_contour: max_id: 20230424_4
Moments: {'m00': 16.0, 'm10': 4266.0, 'm01': 8968.5, 'm20': 1137441.3333333333, 'm11': 2391225.333333333, 'm02': 5027147.5, 'm30': 303280473.0, 'm21': 637570891.5833334, 'm12': 1340362102.4166667, 'm03': 2817899037.25, 'mu20': 19.083333333255723, 'mu11': -0.9791666669771075, 'mu02': 22.984375, 'mu30': 1.3125000596046448, 'mu21': 1.3489585357820033, 'mu12': -2.0638017654418945, 'mu03': -1.7802734375, 'nu20': 0.07454427083303017, 'nu11': -0.0038248697928793263, 'nu02': 0.08978271484375, 'nu30': 0.001281738339457661, 'nu21': 0.0013173423200996126, 'nu12': -0.00201543141156435, 'nu03': -0.0017385482788085938}
Centroid: 266, 560
Processing contour#5: area: 16.0 centroid: 266, 560 rectangle: (264, 558, 6, 6)
@find_dayJSON_match_for_contour: x: 264, y: 558, w: 6, h: 6, area: 16.0
Matched with JSON#10: (266, 560, 4, 73.0, 31.3848, 0.58871)
Match with input JSON(nodules) ID: 10
Matched contour: {'x': 266, 'y': 560, 'd': 4, 'a': 73.0, 'p': 31.3848, 'e': 0.58871, 'id': 10, 'tq': 100}
JSON_entry: 10
WARNING: match is empty
entry_id:20230424_4, entry saved to results list
created dirs at nodule_detection_path: output/crop990/nodules-last-detected-on/2023-04-24/4/detection and nodule_images_original_path: output/crop990/nodules-last-detected-on/2023-04-24/4
Segmented nodule image saved as output/crop990/nodules-last-detected-on/2023-04-24/4/detection/2023-04-24.jpg
Original nodule image saved as output/crop990/nodules-last-detected-on/2023-04-24/4/2023-04-24.jpg


@process_contour: max_id: 20230424_5
Moments: {'m00': 4.5, 'm10': 198.83333333333331, 'm01': 2336.6666666666665, 'm20': 8786.75, 'm11': 103246.79166666666, 'm02': 1213338.9166666665, 'm30': 388355.45, 'm21': 4562666.6, 'm12': 53612375.9, 'm03': 630040702.3000001, 'mu20': 1.2623456790151977, 'mu11': 0.7422839506180026, 'mu02': 3.114197530783713, 'mu30': -0.2798811158281751, 'mu21': -0.29220393218099616, 'mu12': 0.2990626546175008, 'mu03': 1.0494287014007568, 'nu20': 0.06233805822297272, 'nu11': 0.03665599756138284, 'nu02': 0.15378753238438087, 'nu30': -0.006515418433848894, 'nu21': -0.006802284178915437, 'nu12': 0.006961949994392927, 'nu03': 0.02442989797966313}
Centroid: 44, 519
Processing contour#6: area: 4.5 centroid: 44, 519 rectangle: (43, 518, 3, 4)
@find_dayJSON_match_for_contour: x: 43, y: 518, w: 3, h: 4, area: 4.5
Matched with JSON#9: (44, 519, 2, 19.0, 14.8284, 0.441331)
Match with input JSON(nodules) ID: 9
Matched contour: {'x': 44, 'y': 519, 'd': 2, 'a': 19.0, 'p': 14.8284, 'e': 0.441331, 'id': 9, 'tq': 100}
JSON_entry: 9
WARNING: match is empty
entry_id:20230424_5, entry saved to results list
created dirs at nodule_detection_path: output/crop990/nodules-last-detected-on/2023-04-24/5/detection and nodule_images_original_path: output/crop990/nodules-last-detected-on/2023-04-24/5
Segmented nodule image saved as output/crop990/nodules-last-detected-on/2023-04-24/5/detection/2023-04-24.jpg
Original nodule image saved as output/crop990/nodules-last-detected-on/2023-04-24/5/2023-04-24.jpg


@process_contour: max_id: 20230424_6
Moments: {'m00': 3.0, 'm10': 139.5, 'm01': 1498.5, 'm20': 6487.0, 'm11': 69680.25, 'm02': 748503.0, 'm30': 301668.75, 'm21': 3240256.5, 'm12': 34805389.5, 'm03': 373879496.25, 'mu20': 0.25, 'mu11': 0.0, 'mu02': 2.25, 'mu30': 0.0, 'mu21': 0.0, 'mu12': 0.0, 'mu03': 0.0, 'nu20': 0.027777777777777776, 'nu11': 0.0, 'nu02': 0.25, 'nu30': 0.0, 'nu21': 0.0, 'nu12': 0.0, 'nu03': 0.0}
Centroid: 46, 499
Processing contour#7: area: 3.0 centroid: 46, 499 rectangle: (46, 498, 2, 4)
@find_dayJSON_match_for_contour: x: 46, y: 498, w: 2, h: 4, area: 3.0
Matched with JSON#8: (46, 499, 2, 16.0, 12.6213, 0.332491)
Match with input JSON(nodules) ID: 8
Matched contour: {'x': 46, 'y': 499, 'd': 2, 'a': 16.0, 'p': 12.6213, 'e': 0.332491, 'id': 8, 'tq': 100}
JSON_entry: 8
WARNING: match is empty
entry_id:20230424_6, entry saved to results list
created dirs at nodule_detection_path: output/crop990/nodules-last-detected-on/2023-04-24/6/detection and nodule_images_original_path: output/crop990/nodules-last-detected-on/2023-04-24/6
Segmented nodule image saved as output/crop990/nodules-last-detected-on/2023-04-24/6/detection/2023-04-24.jpg
Original nodule image saved as output/crop990/nodules-last-detected-on/2023-04-24/6/2023-04-24.jpg


@process_contour: max_id: 20230424_7
Moments: {'m00': 2.0, 'm10': 378.0, 'm01': 949.0, 'm20': 71442.66666666666, 'm11': 179361.0, 'm02': 450300.6666666666, 'm30': 13502916.0, 'm21': 33899545.333333336, 'm12': 85106826.0, 'm03': 213667824.5, 'mu20': 0.6666666666569654, 'mu11': 0.0, 'mu02': 0.16666666662786156, 'mu30': 5.587935447692871e-09, 'mu21': 7.086782716214657e-09, 'mu12': 7.334165275096893e-09, 'mu03': 5.960464477539063e-08, 'nu20': 0.16666666666424135, 'nu11': 0.0, 'nu02': 0.04166666665696539, 'nu30': 9.87816761974079e-10, 'nu21': 1.252778028857751e-09, 'nu12': 1.2965095000909786e-09, 'nu03': 1.0536712127723509e-08}
Centroid: 189, 474
Processing contour#8: area: 2.0 centroid: 189, 474 rectangle: (188, 474, 3, 2)
@find_dayJSON_match_for_contour: x: 188, y: 474, w: 3, h: 2, area: 2.0
Matched with JSON#7: (189, 475, 2, 18.0, 13.8995, 0.561766)
Match with input JSON(nodules) ID: 7
Matched contour: {'x': 189, 'y': 475, 'd': 2, 'a': 18.0, 'p': 13.8995, 'e': 0.561766, 'id': 7, 'tq': 100}
JSON_entry: 7
WARNING: match is empty
entry_id:20230424_7, entry saved to results list
created dirs at nodule_detection_path: output/crop990/nodules-last-detected-on/2023-04-24/7/detection and nodule_images_original_path: output/crop990/nodules-last-detected-on/2023-04-24/7
Segmented nodule image saved as output/crop990/nodules-last-detected-on/2023-04-24/7/detection/2023-04-24.jpg
Original nodule image saved as output/crop990/nodules-last-detected-on/2023-04-24/7/2023-04-24.jpg


@process_contour: max_id: 20230424_8
Moments: {'m00': 2.0, 'm10': 56.0, 'm01': 873.0, 'm20': 1568.6666666666665, 'm11': 24444.0, 'm02': 381064.6666666666, 'm30': 43960.0, 'm21': 684723.0, 'm12': 10669810.666666666, 'm03': 166334872.5, 'mu20': 0.6666666666665151, 'mu11': 0.0, 'mu02': 0.16666666662786156, 'mu30': 1.4551915228366852e-11, 'mu21': 6.616573955398053e-11, 'mu12': 4.656612873077393e-10, 'mu03': 5.960464477539063e-08, 'nu20': 0.16666666666662877, 'nu11': 0.0, 'nu02': 0.04166666665696539, 'nu30': 2.5724394843074972e-12, 'nu21': 1.1696560780210651e-11, 'nu12': 8.231806349783991e-11, 'nu03': 1.0536712127723509e-08}
Centroid: 28, 436
Processing contour#9: area: 2.0 centroid: 28, 436 rectangle: (27, 436, 3, 2)
@find_dayJSON_match_for_contour: x: 27, y: 436, w: 3, h: 2, area: 2.0
Matched with JSON#6: (27, 436, 2, 13.0, 10.8284, 0.50814)
Match with input JSON(nodules) ID: 6
Matched contour: {'x': 27, 'y': 436, 'd': 2, 'a': 13.0, 'p': 10.8284, 'e': 0.50814, 'id': 6, 'tq': 100}
JSON_entry: 6
WARNING: match is empty
entry_id:20230424_8, entry saved to results list
created dirs at nodule_detection_path: output/crop990/nodules-last-detected-on/2023-04-24/8/detection and nodule_images_original_path: output/crop990/nodules-last-detected-on/2023-04-24/8
Segmented nodule image saved as output/crop990/nodules-last-detected-on/2023-04-24/8/detection/2023-04-24.jpg
Original nodule image saved as output/crop990/nodules-last-detected-on/2023-04-24/8/2023-04-24.jpg


@process_contour: max_id: 20230424_9
Moments: {'m00': 10.0, 'm10': 1425.0, 'm01': 4312.833333333333, 'm20': 203074.66666666666, 'm11': 614578.75, 'm02': 1860058.8333333333, 'm30': 28941607.5, 'm21': 87582716.78333333, 'm12': 265058383.75, 'm03': 802217289.35, 'mu20': 12.166666666656965, 'mu11': 0.0, 'mu02': 5.6972222223412246, 'mu30': 3.725290298461914e-09, 'mu21': -2.3722222200249234, 'mu12': 2.9103830456733704e-09, 'mu03': 1.279907464981079, 'nu20': 0.12166666666656968, 'nu11': 0.0, 'nu02': 0.05697222222341226, 'nu30': 1.1780402288468107e-11, 'nu21': -0.0075016253313398545, 'nu12': 9.203439287865709e-12, 'nu03': 0.004047422783592409}
Centroid: 142, 431
Processing contour#10: area: 10.0 centroid: 142, 431 rectangle: (140, 430, 6, 4)
@find_dayJSON_match_for_contour: x: 140, y: 430, w: 6, h: 4, area: 10.0
Matched with JSON#5: (142, 431, 4, 53.0, 24.4853, 0.37763)
Match with input JSON(nodules) ID: 5
Matched contour: {'x': 142, 'y': 431, 'd': 4, 'a': 53.0, 'p': 24.4853, 'e': 0.37763, 'id': 5, 'tq': 100}
JSON_entry: 5
WARNING: match is empty
entry_id:20230424_9, entry saved to results list
created dirs at nodule_detection_path: output/crop990/nodules-last-detected-on/2023-04-24/9/detection and nodule_images_original_path: output/crop990/nodules-last-detected-on/2023-04-24/9
Segmented nodule image saved as output/crop990/nodules-last-detected-on/2023-04-24/9/detection/2023-04-24.jpg
Original nodule image saved as output/crop990/nodules-last-detected-on/2023-04-24/9/2023-04-24.jpg


@process_contour: max_id: 20230424_10
Moments: {'m00': 1.0, 'm10': 30.5, 'm01': 424.5, 'm20': 930.3333333333333, 'm11': 12947.25, 'm02': 180200.3333333333, 'm30': 28380.25, 'm21': 394926.5, 'm12': 5496110.166666667, 'm03': 76495112.25, 'mu20': 0.08333333333325754, 'mu11': 0.0, 'mu02': 0.08333333331393078, 'mu30': 7.275957614183426e-12, 'mu21': 3.2173375075217336e-11, 'mu12': 9.022187441587448e-10, 'mu03': 2.9802322387695312e-08, 'nu20': 0.08333333333325754, 'nu11': 0.0, 'nu02': 0.08333333331393078, 'nu30': 7.275957614183426e-12, 'nu21': 3.2173375075217336e-11, 'nu12': 9.022187441587448e-10, 'nu03': 2.9802322387695312e-08}
Centroid: 30, 424
Processing contour#11: area: 1.0 centroid: 30, 424 rectangle: (30, 424, 2, 2)
@find_dayJSON_match_for_contour: x: 30, y: 424, w: 2, h: 2, area: 1.0
Matched with JSON#4: (30, 424, 1, 10.0, 9.2426, 0.832397)
Match with input JSON(nodules) ID: 4
Matched contour: {'x': 30, 'y': 424, 'd': 1, 'a': 10.0, 'p': 9.2426, 'e': 0.832397, 'id': 4, 'tq': 100}
JSON_entry: 4
WARNING: match is empty
entry_id:20230424_10, entry saved to results list
created dirs at nodule_detection_path: output/crop990/nodules-last-detected-on/2023-04-24/10/detection and nodule_images_original_path: output/crop990/nodules-last-detected-on/2023-04-24/10
Segmented nodule image saved as output/crop990/nodules-last-detected-on/2023-04-24/10/detection/2023-04-24.jpg
Original nodule image saved as output/crop990/nodules-last-detected-on/2023-04-24/10/2023-04-24.jpg


@process_contour: max_id: 20230424_11
Moments: {'m00': 27.0, 'm10': 6752.0, 'm01': 10425.666666666666, 'm20': 1688560.1666666665, 'm11': 2607193.5, 'm02': 4025782.833333333, 'm30': 422295147.0, 'm21': 652015814.1333333, 'm12': 1006747426.3333334, 'm03': 1554544967.9, 'mu20': 60.01851851865649, 'mu11': 4.561728395521641, 'mu02': 59.66872428031638, 'mu30': 8.651577532291412, 'mu21': -2.379926932764647, 'mu12': -11.029111453226506, 'mu03': 2.522897958755493, 'nu20': 0.0823299293808731, 'nu11': 0.006257514945845872, 'nu02': 0.08185010189343811, 'nu30': 0.002283946327015713, 'nu21': -0.0006282814153101551, 'nu12': -0.0029115960066038895, 'nu03': 0.0006660246070532424}
Centroid: 250, 386
Processing contour#12: area: 27.0 centroid: 250, 386 rectangle: (247, 383, 7, 7)
@find_dayJSON_match_for_contour: x: 247, y: 383, w: 7, h: 7, area: 27.0
Matched with JSON#3: (249, 386, 5, 104.0, 34.7279, 0.324306)
Match with input JSON(nodules) ID: 3
Matched contour: {'x': 249, 'y': 386, 'd': 5, 'a': 104.0, 'p': 34.7279, 'e': 0.324306, 'id': 3, 'tq': 100}
JSON_entry: 3
WARNING: match is empty
entry_id:20230424_11, entry saved to results list
created dirs at nodule_detection_path: output/crop990/nodules-last-detected-on/2023-04-24/11/detection and nodule_images_original_path: output/crop990/nodules-last-detected-on/2023-04-24/11
Segmented nodule image saved as output/crop990/nodules-last-detected-on/2023-04-24/11/detection/2023-04-24.jpg
Original nodule image saved as output/crop990/nodules-last-detected-on/2023-04-24/11/2023-04-24.jpg


@process_contour: max_id: 20230424_12
Moments: {'m00': 14.5, 'm10': 1811.3333333333333, 'm01': 4965.166666666666, 'm20': 226290.91666666666, 'm11': 620246.9583333333, 'm02': 1700215.4166666665, 'm30': 28273144.700000003, 'm21': 77487888.43333334, 'm12': 212390555.56666666, 'm03': 582208252.5500001, 'mu20': 19.989463601552416, 'mu11': 0.621168582350947, 'mu02': 16.794061302905902, 'mu30': -6.717404320836067, 'mu21': 1.0754371183356852, 'mu12': 2.0172436076013582, 'mu03': -1.4922666549682617, 'nu20': 0.09507473770060601, 'nu11': 0.002954428453512233, 'nu02': 0.07987662926471296, 'nu30': -0.008390377164760723, 'nu21': 0.0013432752606287574, 'nu12': 0.0025196391184134333, 'nu03': -0.0018639163979966018}
Centroid: 124, 342
Processing contour#13: area: 14.5 centroid: 124, 342 rectangle: (122, 340, 6, 6)
@find_dayJSON_match_for_contour: x: 122, y: 340, w: 6, h: 6, area: 14.5
Matched with JSON#2: (124, 342, 4, 60.0, 25.8995, 0.42164)
Match with input JSON(nodules) ID: 2
Matched contour: {'x': 124, 'y': 342, 'd': 4, 'a': 60.0, 'p': 25.8995, 'e': 0.42164, 'id': 2, 'tq': 100}
JSON_entry: 2
WARNING: match is empty
entry_id:20230424_12, entry saved to results list
created dirs at nodule_detection_path: output/crop990/nodules-last-detected-on/2023-04-24/12/detection and nodule_images_original_path: output/crop990/nodules-last-detected-on/2023-04-24/12
Segmented nodule image saved as output/crop990/nodules-last-detected-on/2023-04-24/12/detection/2023-04-24.jpg
Original nodule image saved as output/crop990/nodules-last-detected-on/2023-04-24/12/2023-04-24.jpg


@process_contour: max_id: 20230424_13
Moments: {'m00': 29.5, 'm10': 3535.333333333333, 'm01': 6562.166666666666, 'm20': 423770.4166666666, 'm11': 786426.2083333333, 'm02': 1459785.5833333333, 'm30': 50806902.7, 'm21': 94267194.43333334, 'm12': 174945254.23333332, 'm03': 324748729.05, 'mu20': 89.67843691149028, 'mu11': 4.291195856872946, 'mu02': 55.70668549928814, 'mu30': -4.623959682881832, 'mu21': -7.064461555375601, 'mu12': 1.6447705301743554, 'mu03': 3.336781620979309, 'nu20': 0.1030490513202991, 'nu11': 0.004930992079141564, 'nu02': 0.06401227865474075, 'nu30': -0.000978270593104555, 'nu21': -0.0014945967243889203, 'nu12': 0.00034797678881831194, 'nu03': 0.0007059480530291699}
Centroid: 119, 222
Processing contour#14: area: 29.5 centroid: 119, 222 rectangle: (116, 220, 8, 6)
@find_dayJSON_match_for_contour: x: 116, y: 220, w: 8, h: 6, area: 29.5
Matched with JSON#1: (120, 222, 6, 127.0, 40.6274, 0.566752)
Match with input JSON(nodules) ID: 1
Matched contour: {'x': 120, 'y': 222, 'd': 6, 'a': 127.0, 'p': 40.6274, 'e': 0.566752, 'id': 1, 'tq': 100}
JSON_entry: 1
WARNING: match is empty
entry_id:20230424_13, entry saved to results list
created dirs at nodule_detection_path: output/crop990/nodules-last-detected-on/2023-04-24/13/detection and nodule_images_original_path: output/crop990/nodules-last-detected-on/2023-04-24/13
Segmented nodule image saved as output/crop990/nodules-last-detected-on/2023-04-24/13/detection/2023-04-24.jpg
Original nodule image saved as output/crop990/nodules-last-detected-on/2023-04-24/13/2023-04-24.jpg


@process_contour: max_id: 20230424_14
Moments: {'m00': 0.0, 'm10': 0.0, 'm01': 0.0, 'm20': 0.0, 'm11': 0.0, 'm02': 0.0, 'm30': 0.0, 'm21': 0.0, 'm12': 0.0, 'm03': 0.0, 'mu20': 0.0, 'mu11': 0.0, 'mu02': 0.0, 'mu30': 0.0, 'mu21': 0.0, 'mu12': 0.0, 'mu03': 0.0, 'nu20': 0.0, 'nu11': 0.0, 'nu02': 0.0, 'nu30': 0.0, 'nu21': 0.0, 'nu12': 0.0, 'nu03': 0.0}
Skipping contour#15 because area is 0.


@process_contour: max_id: 20230424_15
Moments: {'m00': 0.0, 'm10': 0.0, 'm01': 0.0, 'm20': 0.0, 'm11': 0.0, 'm02': 0.0, 'm30': 0.0, 'm21': 0.0, 'm12': 0.0, 'm03': 0.0, 'mu20': 0.0, 'mu11': 0.0, 'mu02': 0.0, 'mu30': 0.0, 'mu21': 0.0, 'mu12': 0.0, 'mu03': 0.0, 'nu20': 0.0, 'nu11': 0.0, 'nu02': 0.0, 'nu30': 0.0, 'nu21': 0.0, 'nu12': 0.0, 'nu03': 0.0}
Skipping contour#16 because area is 0.


Done analyzing contours, found 14 nodules.


results_entry: {'date': '20230424', 'json': 'output/crop990/20230424/20230424.json', 'log': 'output/crop990/20230424/crop990_20230424.log', 'image': 'data/crop990/20230424.jpg', 'plot': None, 'match_stats': {}}
