@post_process: subdir: output\crop1000\nodules-last-detected-on\2023-05-29
@generate_gif: path:output\crop1000\nodules-last-detected-on\2023-05-29\0, output_name:o.gif
len_jpg_files: 1
@generate_gif: path:output\crop1000\nodules-last-detected-on\2023-05-29\0\detection, output_name:d.gif
len_jpg_files: 1
nodules_dir: output\crop1000\nodules-last-detected-on\2023-05-29\0 has 1 entries
nodules_dir: output\crop1000\nodules-last-detected-on\2023-05-29\0 has less than 2 entries, skipping
@generate_gif: path:output\crop1000\nodules-last-detected-on\2023-05-29\1, output_name:o.gif
len_jpg_files: 1
@generate_gif: path:output\crop1000\nodules-last-detected-on\2023-05-29\1\detection, output_name:d.gif
len_jpg_files: 1
nodules_dir: output\crop1000\nodules-last-detected-on\2023-05-29\1 has 1 entries
nodules_dir: output\crop1000\nodules-last-detected-on\2023-05-29\1 has less than 2 entries, skipping
@generate_gif: path:output\crop1000\nodules-last-detected-on\2023-05-29\105, output_name:o.gif
len_jpg_files: 1
@generate_gif: path:output\crop1000\nodules-last-detected-on\2023-05-29\105\detection, output_name:d.gif
len_jpg_files: 1
nodules_dir: output\crop1000\nodules-last-detected-on\2023-05-29\105 has 1 entries
nodules_dir: output\crop1000\nodules-last-detected-on\2023-05-29\105 has less than 2 entries, skipping
@generate_gif: path:output\crop1000\nodules-last-detected-on\2023-05-29\106, output_name:o.gif
len_jpg_files: 1
@generate_gif: path:output\crop1000\nodules-last-detected-on\2023-05-29\106\detection, output_name:d.gif
len_jpg_files: 1
nodules_dir: output\crop1000\nodules-last-detected-on\2023-05-29\106 has 1 entries
nodules_dir: output\crop1000\nodules-last-detected-on\2023-05-29\106 has less than 2 entries, skipping
@generate_gif: path:output\crop1000\nodules-last-detected-on\2023-05-29\108, output_name:o.gif
len_jpg_files: 4
@generate_gif: path:output\crop1000\nodules-last-detected-on\2023-05-29\108\detection, output_name:d.gif
len_jpg_files: 4
nodules_dir: output\crop1000\nodules-last-detected-on\2023-05-29\108 has 4 entries
nodules_dir: output\crop1000\nodules-last-detected-on\2023-05-29\108 has 4 entries


Plotting date: 2023-05-26

@check_overlap_helper: existing_positions:[], x:181, y:496, offset_increment:{'x': 0.13750000000000284, 'y': 0.2444444444444432}, xlim:(180.95, 182.05), ylim:(491.8, 496.2), i:0
returning: (181, 496), modified:False


Plotting date: 2023-05-24

@check_overlap_helper: existing_positions:[(181, 496)], x:181, y:493, offset_increment:{'x': 0.13750000000000284, 'y': 0.2444444444444432}, xlim:(180.95, 182.05), ylim:(491.8, 496.2), i:0
returning: (181, 493), modified:False


Plotting date: 2023-05-22

@check_overlap_helper: existing_positions:[(181, 496), (181, 493)], x:181, y:492, offset_increment:{'x': 0.13750000000000284, 'y': 0.2444444444444432}, xlim:(180.95, 182.05), ylim:(491.8, 496.2), i:0
returning: (181, 492), modified:False


Plotting date: 2023-05-19

@check_overlap_helper: existing_positions:[(181, 496), (181, 493), (181, 492)], x:182, y:492, offset_increment:{'x': 0.13750000000000284, 'y': 0.2444444444444432}, xlim:(180.95, 182.05), ylim:(491.8, 496.2), i:0
returning: (182, 492), modified:False
@generate_gif: path:output\crop1000\nodules-last-detected-on\2023-05-29\11, output_name:o.gif
len_jpg_files: 7
@generate_gif: path:output\crop1000\nodules-last-detected-on\2023-05-29\11\detection, output_name:d.gif
len_jpg_files: 7
nodules_dir: output\crop1000\nodules-last-detected-on\2023-05-29\11 has 7 entries
nodules_dir: output\crop1000\nodules-last-detected-on\2023-05-29\11 has 7 entries


Plotting date: 2023-05-29

@check_overlap_helper: existing_positions:[], x:84, y:129, offset_increment:{'x': 0.1374999999999993, 'y': 0.24444444444444396}, xlim:(83.95, 85.05), ylim:(126.8, 131.2), i:0
returning: (84, 129), modified:False


Plotting date: 2023-05-26

@check_overlap_helper: existing_positions:[(84, 129)], x:85, y:129, offset_increment:{'x': 0.1374999999999993, 'y': 0.24444444444444396}, xlim:(83.95, 85.05), ylim:(126.8, 131.2), i:0
returning: (85, 129), modified:False


Plotting date: 2023-05-24

@check_overlap_helper: existing_positions:[(84, 129), (85, 129)], x:85, y:127, offset_increment:{'x': 0.1374999999999993, 'y': 0.24444444444444396}, xlim:(83.95, 85.05), ylim:(126.8, 131.2), i:0
returning: (85, 127), modified:False


Plotting date: 2023-05-22

@check_overlap_helper: existing_positions:[(84, 129), (85, 129), (85, 127)], x:85, y:127, offset_increment:{'x': 0.1374999999999993, 'y': 0.24444444444444396}, xlim:(83.95, 85.05), ylim:(126.8, 131.2), i:0
returning: (85, 127.24444444444444), modified:True, original:(85, 127)


Plotting date: 2023-05-19

@check_overlap_helper: existing_positions:[(84, 129), (85, 129), (85, 127), (85, 127.24444444444444)], x:84, y:127, offset_increment:{'x': 0.1374999999999993, 'y': 0.24444444444444396}, xlim:(83.95, 85.05), ylim:(126.8, 131.2), i:0
returning: (84, 127), modified:False


Plotting date: 2023-05-17

@check_overlap_helper: existing_positions:[(84, 129), (85, 129), (85, 127), (85, 127.24444444444444), (84, 127)], x:85, y:131, offset_increment:{'x': 0.1374999999999993, 'y': 0.24444444444444396}, xlim:(83.95, 85.05), ylim:(126.8, 131.2), i:0
returning: (85, 131), modified:False


Plotting date: 2023-05-15

@check_overlap_helper: existing_positions:[(84, 129), (85, 129), (85, 127), (85, 127.24444444444444), (84, 127), (85, 131)], x:85, y:130, offset_increment:{'x': 0.1374999999999993, 'y': 0.24444444444444396}, xlim:(83.95, 85.05), ylim:(126.8, 131.2), i:0
returning: (85, 130), modified:False
@generate_gif: path:output\crop1000\nodules-last-detected-on\2023-05-29\123, output_name:o.gif
len_jpg_files: 3
@generate_gif: path:output\crop1000\nodules-last-detected-on\2023-05-29\123\detection, output_name:d.gif
len_jpg_files: 3
nodules_dir: output\crop1000\nodules-last-detected-on\2023-05-29\123 has 3 entries
nodules_dir: output\crop1000\nodules-last-detected-on\2023-05-29\123 has 3 entries


Plotting date: 2023-05-29

@check_overlap_helper: existing_positions:[], x:271, y:508, offset_increment:{'x': 1.7874999999999943, 'y': 0.36666666666666475}, xlim:(257.35, 271.65), ylim:(507.7, 514.3), i:0
returning: (271, 508), modified:False


Plotting date: 2023-05-26

@check_overlap_helper: existing_positions:[(271, 508)], x:260, y:514, offset_increment:{'x': 1.7874999999999943, 'y': 0.36666666666666475}, xlim:(257.35, 271.65), ylim:(507.7, 514.3), i:0
returning: (260, 514), modified:False


Plotting date: 2023-05-24

@check_overlap_helper: existing_positions:[(271, 508), (260, 514)], x:258, y:511, offset_increment:{'x': 1.7874999999999943, 'y': 0.36666666666666475}, xlim:(257.35, 271.65), ylim:(507.7, 514.3), i:0
returning: (258, 511), modified:False
@generate_gif: path:output\crop1000\nodules-last-detected-on\2023-05-29\129, output_name:o.gif
len_jpg_files: 1
@generate_gif: path:output\crop1000\nodules-last-detected-on\2023-05-29\129\detection, output_name:d.gif
len_jpg_files: 1
nodules_dir: output\crop1000\nodules-last-detected-on\2023-05-29\129 has 1 entries
nodules_dir: output\crop1000\nodules-last-detected-on\2023-05-29\129 has less than 2 entries, skipping
@generate_gif: path:output\crop1000\nodules-last-detected-on\2023-05-29\132, output_name:o.gif
len_jpg_files: 3
@generate_gif: path:output\crop1000\nodules-last-detected-on\2023-05-29\132\detection, output_name:d.gif
len_jpg_files: 3
nodules_dir: output\crop1000\nodules-last-detected-on\2023-05-29\132 has 3 entries
nodules_dir: output\crop1000\nodules-last-detected-on\2023-05-29\132 has 3 entries


Plotting date: 2023-05-29

@check_overlap_helper: existing_positions:[], x:267, y:546, offset_increment:{'x': 0.13750000000000284, 'y': 0.1833333333333308}, xlim:(265.95, 267.05), ylim:(544.85, 548.15), i:0
returning: (267, 546), modified:False


Plotting date: 2023-05-26

@check_overlap_helper: existing_positions:[(267, 546)], x:267, y:548, offset_increment:{'x': 0.13750000000000284, 'y': 0.1833333333333308}, xlim:(265.95, 267.05), ylim:(544.85, 548.15), i:0
returning: (267, 548), modified:False


Plotting date: 2023-05-24

@check_overlap_helper: existing_positions:[(267, 546), (267, 548)], x:266, y:545, offset_increment:{'x': 0.13750000000000284, 'y': 0.1833333333333308}, xlim:(265.95, 267.05), ylim:(544.85, 548.15), i:0
returning: (266, 545), modified:False
@generate_gif: path:output\crop1000\nodules-last-detected-on\2023-05-29\133, output_name:o.gif
len_jpg_files: 1
@generate_gif: path:output\crop1000\nodules-last-detected-on\2023-05-29\133\detection, output_name:d.gif
len_jpg_files: 1
nodules_dir: output\crop1000\nodules-last-detected-on\2023-05-29\133 has 1 entries
nodules_dir: output\crop1000\nodules-last-detected-on\2023-05-29\133 has less than 2 entries, skipping
@generate_gif: path:output\crop1000\nodules-last-detected-on\2023-05-29\165, output_name:o.gif
len_jpg_files: 1
@generate_gif: path:output\crop1000\nodules-last-detected-on\2023-05-29\165\detection, output_name:d.gif
len_jpg_files: 1
nodules_dir: output\crop1000\nodules-last-detected-on\2023-05-29\165 has 1 entries
nodules_dir: output\crop1000\nodules-last-detected-on\2023-05-29\165 has less than 2 entries, skipping
@generate_gif: path:output\crop1000\nodules-last-detected-on\2023-05-29\172, output_name:o.gif
len_jpg_files: 1
@generate_gif: path:output\crop1000\nodules-last-detected-on\2023-05-29\172\detection, output_name:d.gif
len_jpg_files: 1
nodules_dir: output\crop1000\nodules-last-detected-on\2023-05-29\172 has 1 entries
nodules_dir: output\crop1000\nodules-last-detected-on\2023-05-29\172 has less than 2 entries, skipping
@generate_gif: path:output\crop1000\nodules-last-detected-on\2023-05-29\175, output_name:o.gif
len_jpg_files: 1
@generate_gif: path:output\crop1000\nodules-last-detected-on\2023-05-29\175\detection, output_name:d.gif
len_jpg_files: 1
nodules_dir: output\crop1000\nodules-last-detected-on\2023-05-29\175 has 1 entries
nodules_dir: output\crop1000\nodules-last-detected-on\2023-05-29\175 has less than 2 entries, skipping
@generate_gif: path:output\crop1000\nodules-last-detected-on\2023-05-29\201, output_name:o.gif
len_jpg_files: 1
@generate_gif: path:output\crop1000\nodules-last-detected-on\2023-05-29\201\detection, output_name:d.gif
len_jpg_files: 1
nodules_dir: output\crop1000\nodules-last-detected-on\2023-05-29\201 has 1 entries
nodules_dir: output\crop1000\nodules-last-detected-on\2023-05-29\201 has less than 2 entries, skipping
@generate_gif: path:output\crop1000\nodules-last-detected-on\2023-05-29\23, output_name:o.gif
len_jpg_files: 1
@generate_gif: path:output\crop1000\nodules-last-detected-on\2023-05-29\23\detection, output_name:d.gif
len_jpg_files: 1
nodules_dir: output\crop1000\nodules-last-detected-on\2023-05-29\23 has 1 entries
nodules_dir: output\crop1000\nodules-last-detected-on\2023-05-29\23 has less than 2 entries, skipping
@generate_gif: path:output\crop1000\nodules-last-detected-on\2023-05-29\235, output_name:o.gif
len_jpg_files: 1
@generate_gif: path:output\crop1000\nodules-last-detected-on\2023-05-29\235\detection, output_name:d.gif
len_jpg_files: 1
nodules_dir: output\crop1000\nodules-last-detected-on\2023-05-29\235 has 1 entries
nodules_dir: output\crop1000\nodules-last-detected-on\2023-05-29\235 has less than 2 entries, skipping
@generate_gif: path:output\crop1000\nodules-last-detected-on\2023-05-29\246, output_name:o.gif
len_jpg_files: 1
@generate_gif: path:output\crop1000\nodules-last-detected-on\2023-05-29\246\detection, output_name:d.gif
len_jpg_files: 1
nodules_dir: output\crop1000\nodules-last-detected-on\2023-05-29\246 has 1 entries
nodules_dir: output\crop1000\nodules-last-detected-on\2023-05-29\246 has less than 2 entries, skipping
@generate_gif: path:output\crop1000\nodules-last-detected-on\2023-05-29\29, output_name:o.gif
len_jpg_files: 6
@generate_gif: path:output\crop1000\nodules-last-detected-on\2023-05-29\29\detection, output_name:d.gif
len_jpg_files: 6
nodules_dir: output\crop1000\nodules-last-detected-on\2023-05-29\29 has 6 entries
nodules_dir: output\crop1000\nodules-last-detected-on\2023-05-29\29 has 6 entries


Plotting date: 2023-05-29

@check_overlap_helper: existing_positions:[], x:160, y:225, offset_increment:{'x': 0.13750000000000284, 'y': 0.3055555555555556}, xlim:(158.95, 160.05), ylim:(219.75, 225.25), i:0
returning: (160, 225), modified:False


Plotting date: 2023-05-26

@check_overlap_helper: existing_positions:[(160, 225)], x:160, y:224, offset_increment:{'x': 0.13750000000000284, 'y': 0.3055555555555556}, xlim:(158.95, 160.05), ylim:(219.75, 225.25), i:0
returning: (160, 224), modified:False


Plotting date: 2023-05-24

@check_overlap_helper: existing_positions:[(160, 225), (160, 224)], x:160, y:222, offset_increment:{'x': 0.13750000000000284, 'y': 0.3055555555555556}, xlim:(158.95, 160.05), ylim:(219.75, 225.25), i:0
returning: (160, 222), modified:False


Plotting date: 2023-05-22

@check_overlap_helper: existing_positions:[(160, 225), (160, 224), (160, 222)], x:159, y:222, offset_increment:{'x': 0.13750000000000284, 'y': 0.3055555555555556}, xlim:(158.95, 160.05), ylim:(219.75, 225.25), i:0
returning: (159, 222), modified:False


Plotting date: 2023-05-19

@check_overlap_helper: existing_positions:[(160, 225), (160, 224), (160, 222), (159, 222)], x:159, y:220, offset_increment:{'x': 0.13750000000000284, 'y': 0.3055555555555556}, xlim:(158.95, 160.05), ylim:(219.75, 225.25), i:0
returning: (159, 220), modified:False


Plotting date: 2023-05-17

@check_overlap_helper: existing_positions:[(160, 225), (160, 224), (160, 222), (159, 222), (159, 220)], x:159, y:225, offset_increment:{'x': 0.13750000000000284, 'y': 0.3055555555555556}, xlim:(158.95, 160.05), ylim:(219.75, 225.25), i:0
returning: (159, 225), modified:False
@generate_gif: path:output\crop1000\nodules-last-detected-on\2023-05-29\38, output_name:o.gif
len_jpg_files: 4
@generate_gif: path:output\crop1000\nodules-last-detected-on\2023-05-29\38\detection, output_name:d.gif
len_jpg_files: 4
nodules_dir: output\crop1000\nodules-last-detected-on\2023-05-29\38 has 4 entries
nodules_dir: output\crop1000\nodules-last-detected-on\2023-05-29\38 has 4 entries


Plotting date: 2023-05-29

@check_overlap_helper: existing_positions:[], x:163, y:249, offset_increment:{'x': 0.13750000000000284, 'y': 0.18333333333333396}, xlim:(162.95, 164.05), ylim:(245.85, 249.15), i:0
returning: (163, 249), modified:False


Plotting date: 2023-05-26

@check_overlap_helper: existing_positions:[(163, 249)], x:164, y:248, offset_increment:{'x': 0.13750000000000284, 'y': 0.18333333333333396}, xlim:(162.95, 164.05), ylim:(245.85, 249.15), i:0
returning: (164, 248), modified:False


Plotting date: 2023-05-24

@check_overlap_helper: existing_positions:[(163, 249), (164, 248)], x:164, y:246, offset_increment:{'x': 0.13750000000000284, 'y': 0.18333333333333396}, xlim:(162.95, 164.05), ylim:(245.85, 249.15), i:0
returning: (164, 246), modified:False


Plotting date: 2023-05-22

@check_overlap_helper: existing_positions:[(163, 249), (164, 248), (164, 246)], x:163, y:246, offset_increment:{'x': 0.13750000000000284, 'y': 0.18333333333333396}, xlim:(162.95, 164.05), ylim:(245.85, 249.15), i:0
returning: (163, 246), modified:False
@generate_gif: path:output\crop1000\nodules-last-detected-on\2023-05-29\4, output_name:o.gif
len_jpg_files: 1
@generate_gif: path:output\crop1000\nodules-last-detected-on\2023-05-29\4\detection, output_name:d.gif
len_jpg_files: 1
nodules_dir: output\crop1000\nodules-last-detected-on\2023-05-29\4 has 1 entries
nodules_dir: output\crop1000\nodules-last-detected-on\2023-05-29\4 has less than 2 entries, skipping
@generate_gif: path:output\crop1000\nodules-last-detected-on\2023-05-29\44, output_name:o.gif
len_jpg_files: 2
@generate_gif: path:output\crop1000\nodules-last-detected-on\2023-05-29\44\detection, output_name:d.gif
len_jpg_files: 2
nodules_dir: output\crop1000\nodules-last-detected-on\2023-05-29\44 has 2 entries
nodules_dir: output\crop1000\nodules-last-detected-on\2023-05-29\44 has 2 entries


Plotting date: 2023-05-29

@check_overlap_helper: existing_positions:[], x:206, y:274, offset_increment:{'x': 0.13750000000000284, 'y': 0.06111111111111237}, xlim:(205.95, 207.05), ylim:(272.95, 274.05), i:0
returning: (206, 274), modified:False


Plotting date: 2023-05-26

@check_overlap_helper: existing_positions:[(206, 274)], x:207, y:273, offset_increment:{'x': 0.13750000000000284, 'y': 0.06111111111111237}, xlim:(205.95, 207.05), ylim:(272.95, 274.05), i:0
returning: (207, 273), modified:False
@generate_gif: path:output\crop1000\nodules-last-detected-on\2023-05-29\45, output_name:o.gif
len_jpg_files: 1
@generate_gif: path:output\crop1000\nodules-last-detected-on\2023-05-29\45\detection, output_name:d.gif
len_jpg_files: 1
nodules_dir: output\crop1000\nodules-last-detected-on\2023-05-29\45 has 1 entries
nodules_dir: output\crop1000\nodules-last-detected-on\2023-05-29\45 has less than 2 entries, skipping
@generate_gif: path:output\crop1000\nodules-last-detected-on\2023-05-29\47, output_name:o.gif
len_jpg_files: 1
@generate_gif: path:output\crop1000\nodules-last-detected-on\2023-05-29\47\detection, output_name:d.gif
len_jpg_files: 1
nodules_dir: output\crop1000\nodules-last-detected-on\2023-05-29\47 has 1 entries
nodules_dir: output\crop1000\nodules-last-detected-on\2023-05-29\47 has less than 2 entries, skipping
@generate_gif: path:output\crop1000\nodules-last-detected-on\2023-05-29\51, output_name:o.gif
len_jpg_files: 1
@generate_gif: path:output\crop1000\nodules-last-detected-on\2023-05-29\51\detection, output_name:d.gif
len_jpg_files: 1
nodules_dir: output\crop1000\nodules-last-detected-on\2023-05-29\51 has 1 entries
nodules_dir: output\crop1000\nodules-last-detected-on\2023-05-29\51 has less than 2 entries, skipping
@generate_gif: path:output\crop1000\nodules-last-detected-on\2023-05-29\53, output_name:o.gif
len_jpg_files: 5
@generate_gif: path:output\crop1000\nodules-last-detected-on\2023-05-29\53\detection, output_name:d.gif
len_jpg_files: 5
nodules_dir: output\crop1000\nodules-last-detected-on\2023-05-29\53 has 5 entries
nodules_dir: output\crop1000\nodules-last-detected-on\2023-05-29\53 has 5 entries


Plotting date: 2023-05-29

@check_overlap_helper: existing_positions:[], x:42, y:302, offset_increment:{'x': 0.41249999999999964, 'y': 0.06111111111111237}, xlim:(41.85, 45.15), ylim:(300.95, 302.05), i:0
returning: (42, 302), modified:False


Plotting date: 2023-05-26

@check_overlap_helper: existing_positions:[(42, 302)], x:42, y:301, offset_increment:{'x': 0.41249999999999964, 'y': 0.06111111111111237}, xlim:(41.85, 45.15), ylim:(300.95, 302.05), i:0
returning: (42, 301), modified:False


Plotting date: 2023-05-24

@check_overlap_helper: existing_positions:[(42, 302), (42, 301)], x:42, y:301, offset_increment:{'x': 0.41249999999999964, 'y': 0.06111111111111237}, xlim:(41.85, 45.15), ylim:(300.95, 302.05), i:0
returning: (42.4125, 301), modified:True, original:(42, 301)


Plotting date: 2023-05-22

@check_overlap_helper: existing_positions:[(42, 302), (42, 301), (42.4125, 301)], x:43, y:301, offset_increment:{'x': 0.41249999999999964, 'y': 0.06111111111111237}, xlim:(41.85, 45.15), ylim:(300.95, 302.05), i:0
returning: (43, 301), modified:False


Plotting date: 2023-05-19

@check_overlap_helper: existing_positions:[(42, 302), (42, 301), (42.4125, 301), (43, 301)], x:45, y:301, offset_increment:{'x': 0.41249999999999964, 'y': 0.06111111111111237}, xlim:(41.85, 45.15), ylim:(300.95, 302.05), i:0
returning: (45, 301), modified:False
@generate_gif: path:output\crop1000\nodules-last-detected-on\2023-05-29\56, output_name:o.gif
len_jpg_files: 1
@generate_gif: path:output\crop1000\nodules-last-detected-on\2023-05-29\56\detection, output_name:d.gif
len_jpg_files: 1
nodules_dir: output\crop1000\nodules-last-detected-on\2023-05-29\56 has 1 entries
nodules_dir: output\crop1000\nodules-last-detected-on\2023-05-29\56 has less than 2 entries, skipping
@generate_gif: path:output\crop1000\nodules-last-detected-on\2023-05-29\6, output_name:o.gif
len_jpg_files: 2
@generate_gif: path:output\crop1000\nodules-last-detected-on\2023-05-29\6\detection, output_name:d.gif
len_jpg_files: 2
nodules_dir: output\crop1000\nodules-last-detected-on\2023-05-29\6 has 2 entries
nodules_dir: output\crop1000\nodules-last-detected-on\2023-05-29\6 has 2 entries


Plotting date: 2023-05-29

@check_overlap_helper: existing_positions:[], x:143, y:88, offset_increment:{'x': 0.2749999999999986, 'y': 0.5377777777777781}, xlim:(142.9, 145.1), ylim:(83.16, 92.84), i:0
returning: (143, 88), modified:False


Plotting date: 2023-05-26

@check_overlap_helper: existing_positions:[(143, 88)], x:145, y:88, offset_increment:{'x': 0.2749999999999986, 'y': 0.5377777777777781}, xlim:(142.9, 145.1), ylim:(83.16, 92.84), i:0
returning: (145, 88), modified:False
@generate_gif: path:output\crop1000\nodules-last-detected-on\2023-05-29\66, output_name:o.gif
len_jpg_files: 3
@generate_gif: path:output\crop1000\nodules-last-detected-on\2023-05-29\66\detection, output_name:d.gif
len_jpg_files: 3
nodules_dir: output\crop1000\nodules-last-detected-on\2023-05-29\66 has 3 entries
nodules_dir: output\crop1000\nodules-last-detected-on\2023-05-29\66 has 3 entries


Plotting date: 2023-05-29

@check_overlap_helper: existing_positions:[], x:42, y:353, offset_increment:{'x': 0.5775000000000006, 'y': 0.12222222222222474}, xlim:(39.69, 44.31), ylim:(350.9, 353.1), i:0
returning: (42, 353), modified:False


Plotting date: 2023-05-26

@check_overlap_helper: existing_positions:[(42, 353)], x:42, y:353, offset_increment:{'x': 0.5775000000000006, 'y': 0.12222222222222474}, xlim:(39.69, 44.31), ylim:(350.9, 353.1), i:0
returning: (42.5775, 353), modified:True, original:(42, 353)


Plotting date: 2023-05-24

@check_overlap_helper: existing_positions:[(42, 353), (42.5775, 353)], x:42, y:351, offset_increment:{'x': 0.5775000000000006, 'y': 0.12222222222222474}, xlim:(39.69, 44.31), ylim:(350.9, 353.1), i:0
returning: (42, 351), modified:False
@generate_gif: path:output\crop1000\nodules-last-detected-on\2023-05-29\68, output_name:o.gif
len_jpg_files: 5
@generate_gif: path:output\crop1000\nodules-last-detected-on\2023-05-29\68\detection, output_name:d.gif
len_jpg_files: 5
nodules_dir: output\crop1000\nodules-last-detected-on\2023-05-29\68 has 5 entries
nodules_dir: output\crop1000\nodules-last-detected-on\2023-05-29\68 has 5 entries


Plotting date: 2023-05-29

@check_overlap_helper: existing_positions:[], x:226, y:353, offset_increment:{'x': 0.13750000000000284, 'y': 0.2444444444444432}, xlim:(225.95, 227.05), ylim:(349.8, 354.2), i:0
returning: (226, 353), modified:False


Plotting date: 2023-05-26

@check_overlap_helper: existing_positions:[(226, 353)], x:227, y:354, offset_increment:{'x': 0.13750000000000284, 'y': 0.2444444444444432}, xlim:(225.95, 227.05), ylim:(349.8, 354.2), i:0
returning: (227, 354), modified:False


Plotting date: 2023-05-24

@check_overlap_helper: existing_positions:[(226, 353), (227, 354)], x:227, y:351, offset_increment:{'x': 0.13750000000000284, 'y': 0.2444444444444432}, xlim:(225.95, 227.05), ylim:(349.8, 354.2), i:0
returning: (227, 351), modified:False


Plotting date: 2023-05-22

@check_overlap_helper: existing_positions:[(226, 353), (227, 354), (227, 351)], x:226, y:350, offset_increment:{'x': 0.13750000000000284, 'y': 0.2444444444444432}, xlim:(225.95, 227.05), ylim:(349.8, 354.2), i:0
returning: (226, 350), modified:False


Plotting date: 2023-05-19

@check_overlap_helper: existing_positions:[(226, 353), (227, 354), (227, 351), (226, 350)], x:227, y:350, offset_increment:{'x': 0.13750000000000284, 'y': 0.2444444444444432}, xlim:(225.95, 227.05), ylim:(349.8, 354.2), i:0
returning: (227, 350), modified:False
@generate_gif: path:output\crop1000\nodules-last-detected-on\2023-05-29\72, output_name:o.gif
len_jpg_files: 1
@generate_gif: path:output\crop1000\nodules-last-detected-on\2023-05-29\72\detection, output_name:d.gif
len_jpg_files: 1
nodules_dir: output\crop1000\nodules-last-detected-on\2023-05-29\72 has 1 entries
nodules_dir: output\crop1000\nodules-last-detected-on\2023-05-29\72 has less than 2 entries, skipping
@generate_gif: path:output\crop1000\nodules-last-detected-on\2023-05-29\73, output_name:o.gif
len_jpg_files: 6
@generate_gif: path:output\crop1000\nodules-last-detected-on\2023-05-29\73\detection, output_name:d.gif
len_jpg_files: 6
nodules_dir: output\crop1000\nodules-last-detected-on\2023-05-29\73 has 6 entries
nodules_dir: output\crop1000\nodules-last-detected-on\2023-05-29\73 has 6 entries


Plotting date: 2023-05-26

@check_overlap_helper: existing_positions:[], x:240, y:362, offset_increment:{'x': 1.5125000000000028, 'y': 0.8555555555555543}, xlim:(238.45, 250.55), ylim:(356.3, 371.7), i:0
returning: (240, 362), modified:False


Plotting date: 2023-05-24

@check_overlap_helper: existing_positions:[(240, 362)], x:239, y:359, offset_increment:{'x': 1.5125000000000028, 'y': 0.8555555555555543}, xlim:(238.45, 250.55), ylim:(356.3, 371.7), i:0
returning: (239, 359), modified:False


Plotting date: 2023-05-22

@check_overlap_helper: existing_positions:[(240, 362), (239, 359)], x:239, y:357, offset_increment:{'x': 1.5125000000000028, 'y': 0.8555555555555543}, xlim:(238.45, 250.55), ylim:(356.3, 371.7), i:0
returning: (239, 357), modified:False


Plotting date: 2023-05-19

@check_overlap_helper: existing_positions:[(240, 362), (239, 359), (239, 357)], x:240, y:357, offset_increment:{'x': 1.5125000000000028, 'y': 0.8555555555555543}, xlim:(238.45, 250.55), ylim:(356.3, 371.7), i:0
returning: (240, 357), modified:False


Plotting date: 2023-05-17

@check_overlap_helper: existing_positions:[(240, 362), (239, 359), (239, 357), (240, 357)], x:239, y:360, offset_increment:{'x': 1.5125000000000028, 'y': 0.8555555555555543}, xlim:(238.45, 250.55), ylim:(356.3, 371.7), i:0
returning: (239, 360), modified:False


Plotting date: 2023-05-15

@check_overlap_helper: existing_positions:[(240, 362), (239, 359), (239, 357), (240, 357), (239, 360)], x:250, y:371, offset_increment:{'x': 1.5125000000000028, 'y': 0.8555555555555543}, xlim:(238.45, 250.55), ylim:(356.3, 371.7), i:0
returning: (250, 371), modified:False
@generate_gif: path:output\crop1000\nodules-last-detected-on\2023-05-29\78, output_name:o.gif
len_jpg_files: 1
@generate_gif: path:output\crop1000\nodules-last-detected-on\2023-05-29\78\detection, output_name:d.gif
len_jpg_files: 1
nodules_dir: output\crop1000\nodules-last-detected-on\2023-05-29\78 has 1 entries
nodules_dir: output\crop1000\nodules-last-detected-on\2023-05-29\78 has less than 2 entries, skipping
@generate_gif: path:output\crop1000\nodules-last-detected-on\2023-05-29\82, output_name:o.gif
len_jpg_files: 1
@generate_gif: path:output\crop1000\nodules-last-detected-on\2023-05-29\82\detection, output_name:d.gif
len_jpg_files: 1
nodules_dir: output\crop1000\nodules-last-detected-on\2023-05-29\82 has 1 entries
nodules_dir: output\crop1000\nodules-last-detected-on\2023-05-29\82 has less than 2 entries, skipping
@generate_gif: path:output\crop1000\nodules-last-detected-on\2023-05-29\84, output_name:o.gif
len_jpg_files: 3
@generate_gif: path:output\crop1000\nodules-last-detected-on\2023-05-29\84\detection, output_name:d.gif
len_jpg_files: 3
nodules_dir: output\crop1000\nodules-last-detected-on\2023-05-29\84 has 3 entries
nodules_dir: output\crop1000\nodules-last-detected-on\2023-05-29\84 has 3 entries


Plotting date: 2023-05-29

@check_overlap_helper: existing_positions:[], x:33, y:393, offset_increment:{'x': 0.1374999999999993, 'y': 0.12222222222222474}, xlim:(32.95, 34.05), ylim:(390.9, 393.1), i:0
returning: (33, 393), modified:False


Plotting date: 2023-05-26

@check_overlap_helper: existing_positions:[(33, 393)], x:33, y:393, offset_increment:{'x': 0.1374999999999993, 'y': 0.12222222222222474}, xlim:(32.95, 34.05), ylim:(390.9, 393.1), i:0
returning: (33.1375, 393), modified:True, original:(33, 393)


Plotting date: 2023-05-24

@check_overlap_helper: existing_positions:[(33, 393), (33.1375, 393)], x:34, y:391, offset_increment:{'x': 0.1374999999999993, 'y': 0.12222222222222474}, xlim:(32.95, 34.05), ylim:(390.9, 393.1), i:0
returning: (34, 391), modified:False
@generate_gif: path:output\crop1000\nodules-last-detected-on\2023-05-29\92, output_name:o.gif
len_jpg_files: 1
@generate_gif: path:output\crop1000\nodules-last-detected-on\2023-05-29\92\detection, output_name:d.gif
len_jpg_files: 1
nodules_dir: output\crop1000\nodules-last-detected-on\2023-05-29\92 has 1 entries
nodules_dir: output\crop1000\nodules-last-detected-on\2023-05-29\92 has less than 2 entries, skipping
@post_process: output\crop1000\nodules-last-detected-on\2023-05-29, 35 nodules, took 9.37s
@post_process: subdir: output\crop1001\nodules-last-detected-on\2023-05-29
@generate_gif: path:output\crop1001\nodules-last-detected-on\2023-05-29\0, output_name:o.gif
len_jpg_files: 2
@generate_gif: path:output\crop1001\nodules-last-detected-on\2023-05-29\0\detection, output_name:d.gif
len_jpg_files: 2
nodules_dir: output\crop1001\nodules-last-detected-on\2023-05-29\0 has 2 entries
nodules_dir: output\crop1001\nodules-last-detected-on\2023-05-29\0 has 2 entries


Plotting date: 2023-05-29

@check_overlap_helper: existing_positions:[], x:246, y:28, offset_increment:{'x': 0.4125000000000014, 'y': 0.06111111111111119}, xlim:(245.85, 249.15), ylim:(27.95, 29.05), i:0
returning: (246, 28), modified:False


Plotting date: 2023-05-26

@check_overlap_helper: existing_positions:[(246, 28)], x:249, y:29, offset_increment:{'x': 0.4125000000000014, 'y': 0.06111111111111119}, xlim:(245.85, 249.15), ylim:(27.95, 29.05), i:0
returning: (249, 29), modified:False
@generate_gif: path:output\crop1001\nodules-last-detected-on\2023-05-29\1, output_name:o.gif
len_jpg_files: 1
@generate_gif: path:output\crop1001\nodules-last-detected-on\2023-05-29\1\detection, output_name:d.gif
len_jpg_files: 1
nodules_dir: output\crop1001\nodules-last-detected-on\2023-05-29\1 has 1 entries
nodules_dir: output\crop1001\nodules-last-detected-on\2023-05-29\1 has less than 2 entries, skipping
@generate_gif: path:output\crop1001\nodules-last-detected-on\2023-05-29\108, output_name:o.gif
len_jpg_files: 3
@generate_gif: path:output\crop1001\nodules-last-detected-on\2023-05-29\108\detection, output_name:d.gif
len_jpg_files: 3
nodules_dir: output\crop1001\nodules-last-detected-on\2023-05-29\108 has 3 entries
nodules_dir: output\crop1001\nodules-last-detected-on\2023-05-29\108 has 3 entries


Plotting date: 2023-05-29

@check_overlap_helper: existing_positions:[], x:167, y:329, offset_increment:{'x': 0.8250000000000028, 'y': 1.1611111111111099}, xlim:(160.7, 167.3), ylim:(328.05, 348.95), i:0
returning: (167, 329), modified:False


Plotting date: 2023-05-22

@check_overlap_helper: existing_positions:[(167, 329)], x:162, y:347, offset_increment:{'x': 0.8250000000000028, 'y': 1.1611111111111099}, xlim:(160.7, 167.3), ylim:(328.05, 348.95), i:0
returning: (162, 347), modified:False


Plotting date: 2023-05-19

@check_overlap_helper: existing_positions:[(167, 329), (162, 347)], x:161, y:348, offset_increment:{'x': 0.8250000000000028, 'y': 1.1611111111111099}, xlim:(160.7, 167.3), ylim:(328.05, 348.95), i:0
returning: (161, 348), modified:False
@generate_gif: path:output\crop1001\nodules-last-detected-on\2023-05-29\124, output_name:o.gif
len_jpg_files: 1
@generate_gif: path:output\crop1001\nodules-last-detected-on\2023-05-29\124\detection, output_name:d.gif
len_jpg_files: 1
nodules_dir: output\crop1001\nodules-last-detected-on\2023-05-29\124 has 1 entries
nodules_dir: output\crop1001\nodules-last-detected-on\2023-05-29\124 has less than 2 entries, skipping
@generate_gif: path:output\crop1001\nodules-last-detected-on\2023-05-29\133, output_name:o.gif
len_jpg_files: 1
@generate_gif: path:output\crop1001\nodules-last-detected-on\2023-05-29\133\detection, output_name:d.gif
len_jpg_files: 1
nodules_dir: output\crop1001\nodules-last-detected-on\2023-05-29\133 has 1 entries
nodules_dir: output\crop1001\nodules-last-detected-on\2023-05-29\133 has less than 2 entries, skipping
@generate_gif: path:output\crop1001\nodules-last-detected-on\2023-05-29\134, output_name:o.gif
len_jpg_files: 2
@generate_gif: path:output\crop1001\nodules-last-detected-on\2023-05-29\134\detection, output_name:d.gif
len_jpg_files: 2
nodules_dir: output\crop1001\nodules-last-detected-on\2023-05-29\134 has 3 entries
nodules_dir: output\crop1001\nodules-last-detected-on\2023-05-29\134 has 3 entries


Plotting date: 2023-05-29

@check_overlap_helper: existing_positions:[], x:193, y:380, offset_increment:{'x': 0.13750000000000284, 'y': 0.12222222222222474}, xlim:(191.95, 193.05), ylim:(379.9, 382.1), i:0
returning: (193, 380), modified:False


Plotting date: 2023-05-29

@check_overlap_helper: existing_positions:[(193, 380)], x:193, y:380, offset_increment:{'x': 0.13750000000000284, 'y': 0.12222222222222474}, xlim:(191.95, 193.05), ylim:(379.9, 382.1), i:0
returning: (193, 380.1222222222222), modified:True, original:(193, 380)


Plotting date: 2023-05-26

@check_overlap_helper: existing_positions:[(193, 380), (193, 380.1222222222222)], x:192, y:382, offset_increment:{'x': 0.13750000000000284, 'y': 0.12222222222222474}, xlim:(191.95, 193.05), ylim:(379.9, 382.1), i:0
returning: (192, 382), modified:False
@generate_gif: path:output\crop1001\nodules-last-detected-on\2023-05-29\14, output_name:o.gif
len_jpg_files: 5
@generate_gif: path:output\crop1001\nodules-last-detected-on\2023-05-29\14\detection, output_name:d.gif
len_jpg_files: 5
nodules_dir: output\crop1001\nodules-last-detected-on\2023-05-29\14 has 5 entries
nodules_dir: output\crop1001\nodules-last-detected-on\2023-05-29\14 has 5 entries


Plotting date: 2023-05-29

@check_overlap_helper: existing_positions:[], x:201, y:64, offset_increment:{'x': 2.200000000000003, 'y': 1.0388888888888888}, xlim:(200.2, 217.8), ylim:(63.15, 81.85), i:0
returning: (201, 64), modified:False


Plotting date: 2023-05-26

@check_overlap_helper: existing_positions:[(201, 64)], x:217, y:78, offset_increment:{'x': 2.200000000000003, 'y': 1.0388888888888888}, xlim:(200.2, 217.8), ylim:(63.15, 81.85), i:0
returning: (217, 78), modified:False


Plotting date: 2023-05-24

@check_overlap_helper: existing_positions:[(201, 64), (217, 78)], x:216, y:81, offset_increment:{'x': 2.200000000000003, 'y': 1.0388888888888888}, xlim:(200.2, 217.8), ylim:(63.15, 81.85), i:0
returning: (216, 81), modified:False


Plotting date: 2023-05-22

@check_overlap_helper: existing_positions:[(201, 64), (217, 78), (216, 81)], x:215, y:78, offset_increment:{'x': 2.200000000000003, 'y': 1.0388888888888888}, xlim:(200.2, 217.8), ylim:(63.15, 81.85), i:0
returning: (215, 78), modified:False


Plotting date: 2023-05-19

@check_overlap_helper: existing_positions:[(201, 64), (217, 78), (216, 81), (215, 78)], x:214, y:77, offset_increment:{'x': 2.200000000000003, 'y': 1.0388888888888888}, xlim:(200.2, 217.8), ylim:(63.15, 81.85), i:0
returning: (214, 77), modified:False
@generate_gif: path:output\crop1001\nodules-last-detected-on\2023-05-29\15, output_name:o.gif
len_jpg_files: 1
@generate_gif: path:output\crop1001\nodules-last-detected-on\2023-05-29\15\detection, output_name:d.gif
len_jpg_files: 1
nodules_dir: output\crop1001\nodules-last-detected-on\2023-05-29\15 has 1 entries
nodules_dir: output\crop1001\nodules-last-detected-on\2023-05-29\15 has less than 2 entries, skipping
@generate_gif: path:output\crop1001\nodules-last-detected-on\2023-05-29\159, output_name:o.gif
len_jpg_files: 2
@generate_gif: path:output\crop1001\nodules-last-detected-on\2023-05-29\159\detection, output_name:d.gif
len_jpg_files: 2
nodules_dir: output\crop1001\nodules-last-detected-on\2023-05-29\159 has 2 entries
nodules_dir: output\crop1001\nodules-last-detected-on\2023-05-29\159 has 2 entries


Plotting date: 2023-05-29

@check_overlap_helper: existing_positions:[], x:171, y:433, offset_increment:{'x': 0.5499999999999972, 'y': 0.9777777777777791}, xlim:(166.8, 171.2), ylim:(416.2, 433.8), i:0
returning: (171, 433), modified:False


Plotting date: 2023-05-26

@check_overlap_helper: existing_positions:[(171, 433)], x:167, y:417, offset_increment:{'x': 0.5499999999999972, 'y': 0.9777777777777791}, xlim:(166.8, 171.2), ylim:(416.2, 433.8), i:0
returning: (167, 417), modified:False
@generate_gif: path:output\crop1001\nodules-last-detected-on\2023-05-29\16, output_name:o.gif
len_jpg_files: 4
@generate_gif: path:output\crop1001\nodules-last-detected-on\2023-05-29\16\detection, output_name:d.gif
len_jpg_files: 4
nodules_dir: output\crop1001\nodules-last-detected-on\2023-05-29\16 has 4 entries
nodules_dir: output\crop1001\nodules-last-detected-on\2023-05-29\16 has 4 entries


Plotting date: 2023-05-24

@check_overlap_helper: existing_positions:[], x:155, y:78, offset_increment:{'x': 0.13750000000000284, 'y': 0.18333333333333396}, xlim:(153.95, 155.05), ylim:(74.85, 78.15), i:0
returning: (155, 78), modified:False


Plotting date: 2023-05-22

@check_overlap_helper: existing_positions:[(155, 78)], x:155, y:75, offset_increment:{'x': 0.13750000000000284, 'y': 0.18333333333333396}, xlim:(153.95, 155.05), ylim:(74.85, 78.15), i:0
returning: (155, 75), modified:False


Plotting date: 2023-05-19

@check_overlap_helper: existing_positions:[(155, 78), (155, 75)], x:155, y:76, offset_increment:{'x': 0.13750000000000284, 'y': 0.18333333333333396}, xlim:(153.95, 155.05), ylim:(74.85, 78.15), i:0
returning: (155, 76), modified:False


Plotting date: 2023-05-17

@check_overlap_helper: existing_positions:[(155, 78), (155, 75), (155, 76)], x:154, y:77, offset_increment:{'x': 0.13750000000000284, 'y': 0.18333333333333396}, xlim:(153.95, 155.05), ylim:(74.85, 78.15), i:0
returning: (154, 77), modified:False
@generate_gif: path:output\crop1001\nodules-last-detected-on\2023-05-29\17, output_name:o.gif
len_jpg_files: 5
@generate_gif: path:output\crop1001\nodules-last-detected-on\2023-05-29\17\detection, output_name:d.gif
len_jpg_files: 5
nodules_dir: output\crop1001\nodules-last-detected-on\2023-05-29\17 has 5 entries
nodules_dir: output\crop1001\nodules-last-detected-on\2023-05-29\17 has 5 entries


Plotting date: 2023-05-29

@check_overlap_helper: existing_positions:[], x:187, y:77, offset_increment:{'x': 0.2749999999999986, 'y': 0.18333333333333396}, xlim:(186.9, 189.1), ylim:(75.85, 79.15), i:0
returning: (187, 77), modified:False


Plotting date: 2023-05-26

@check_overlap_helper: existing_positions:[(187, 77)], x:189, y:78, offset_increment:{'x': 0.2749999999999986, 'y': 0.18333333333333396}, xlim:(186.9, 189.1), ylim:(75.85, 79.15), i:0
returning: (189, 78), modified:False


Plotting date: 2023-05-24

@check_overlap_helper: existing_positions:[(187, 77), (189, 78)], x:188, y:79, offset_increment:{'x': 0.2749999999999986, 'y': 0.18333333333333396}, xlim:(186.9, 189.1), ylim:(75.85, 79.15), i:0
returning: (188, 79), modified:False


Plotting date: 2023-05-22

@check_overlap_helper: existing_positions:[(187, 77), (189, 78), (188, 79)], x:187, y:76, offset_increment:{'x': 0.2749999999999986, 'y': 0.18333333333333396}, xlim:(186.9, 189.1), ylim:(75.85, 79.15), i:0
returning: (187, 76), modified:False


Plotting date: 2023-05-19

@check_overlap_helper: existing_positions:[(187, 77), (189, 78), (188, 79), (187, 76)], x:187, y:76, offset_increment:{'x': 0.2749999999999986, 'y': 0.18333333333333396}, xlim:(186.9, 189.1), ylim:(75.85, 79.15), i:0
returning: (187.275, 76), modified:True, original:(187, 76)
@generate_gif: path:output\crop1001\nodules-last-detected-on\2023-05-29\183, output_name:o.gif
len_jpg_files: 6
@generate_gif: path:output\crop1001\nodules-last-detected-on\2023-05-29\183\detection, output_name:d.gif
len_jpg_files: 6
nodules_dir: output\crop1001\nodules-last-detected-on\2023-05-29\183 has 6 entries
nodules_dir: output\crop1001\nodules-last-detected-on\2023-05-29\183 has 6 entries


Plotting date: 2023-05-29

@check_overlap_helper: existing_positions:[], x:177, y:471, offset_increment:{'x': 1.7875000000000014, 'y': 0.6722222222222235}, xlim:(176.35, 190.65), ylim:(464.45, 476.55), i:0
returning: (177, 471), modified:False


Plotting date: 2023-05-26

@check_overlap_helper: existing_positions:[(177, 471)], x:177, y:472, offset_increment:{'x': 1.7875000000000014, 'y': 0.6722222222222235}, xlim:(176.35, 190.65), ylim:(464.45, 476.55), i:0
returning: (177, 472), modified:False


Plotting date: 2023-05-24

@check_overlap_helper: existing_positions:[(177, 471), (177, 472)], x:179, y:476, offset_increment:{'x': 1.7875000000000014, 'y': 0.6722222222222235}, xlim:(176.35, 190.65), ylim:(464.45, 476.55), i:0
returning: (179, 476), modified:False


Plotting date: 2023-05-22

@check_overlap_helper: existing_positions:[(177, 471), (177, 472), (179, 476)], x:179, y:471, offset_increment:{'x': 1.7875000000000014, 'y': 0.6722222222222235}, xlim:(176.35, 190.65), ylim:(464.45, 476.55), i:0
returning: (179, 471), modified:False


Plotting date: 2023-05-19

@check_overlap_helper: existing_positions:[(177, 471), (177, 472), (179, 476), (179, 471)], x:190, y:465, offset_increment:{'x': 1.7875000000000014, 'y': 0.6722222222222235}, xlim:(176.35, 190.65), ylim:(464.45, 476.55), i:0
returning: (190, 465), modified:False


Plotting date: 2023-05-17

@check_overlap_helper: existing_positions:[(177, 471), (177, 472), (179, 476), (179, 471), (190, 465)], x:179, y:474, offset_increment:{'x': 1.7875000000000014, 'y': 0.6722222222222235}, xlim:(176.35, 190.65), ylim:(464.45, 476.55), i:0
returning: (179, 474), modified:False
@generate_gif: path:output\crop1001\nodules-last-detected-on\2023-05-29\184, output_name:o.gif
len_jpg_files: 1
@generate_gif: path:output\crop1001\nodules-last-detected-on\2023-05-29\184\detection, output_name:d.gif
len_jpg_files: 1
nodules_dir: output\crop1001\nodules-last-detected-on\2023-05-29\184 has 1 entries
nodules_dir: output\crop1001\nodules-last-detected-on\2023-05-29\184 has less than 2 entries, skipping
@generate_gif: path:output\crop1001\nodules-last-detected-on\2023-05-29\185, output_name:o.gif
len_jpg_files: 4
@generate_gif: path:output\crop1001\nodules-last-detected-on\2023-05-29\185\detection, output_name:d.gif
len_jpg_files: 4
nodules_dir: output\crop1001\nodules-last-detected-on\2023-05-29\185 has 4 entries
nodules_dir: output\crop1001\nodules-last-detected-on\2023-05-29\185 has 4 entries


Plotting date: 2023-05-29

@check_overlap_helper: existing_positions:[], x:58, y:477, offset_increment:{'x': 0.1374999999999993, 'y': 0.3055555555555556}, xlim:(57.95, 59.05), ylim:(475.75, 481.25), i:0
returning: (58, 477), modified:False


Plotting date: 2023-05-26

@check_overlap_helper: existing_positions:[(58, 477)], x:58, y:476, offset_increment:{'x': 0.1374999999999993, 'y': 0.3055555555555556}, xlim:(57.95, 59.05), ylim:(475.75, 481.25), i:0
returning: (58, 476), modified:False


Plotting date: 2023-05-24

@check_overlap_helper: existing_positions:[(58, 477), (58, 476)], x:59, y:481, offset_increment:{'x': 0.1374999999999993, 'y': 0.3055555555555556}, xlim:(57.95, 59.05), ylim:(475.75, 481.25), i:0
returning: (59, 481), modified:False


Plotting date: 2023-05-22

@check_overlap_helper: existing_positions:[(58, 477), (58, 476), (59, 481)], x:58, y:476, offset_increment:{'x': 0.1374999999999993, 'y': 0.3055555555555556}, xlim:(57.95, 59.05), ylim:(475.75, 481.25), i:0
returning: (58.1375, 476), modified:True, original:(58, 476)
@generate_gif: path:output\crop1001\nodules-last-detected-on\2023-05-29\187, output_name:o.gif
len_jpg_files: 4
@generate_gif: path:output\crop1001\nodules-last-detected-on\2023-05-29\187\detection, output_name:d.gif
len_jpg_files: 4
nodules_dir: output\crop1001\nodules-last-detected-on\2023-05-29\187 has 4 entries
nodules_dir: output\crop1001\nodules-last-detected-on\2023-05-29\187 has 4 entries


Plotting date: 2023-05-29

@check_overlap_helper: existing_positions:[], x:226, y:484, offset_increment:{'x': 0.13750000000000284, 'y': 0.2444444444444432}, xlim:(225.95, 227.05), ylim:(482.8, 487.2), i:0
returning: (226, 484), modified:False


Plotting date: 2023-05-26

@check_overlap_helper: existing_positions:[(226, 484)], x:226, y:485, offset_increment:{'x': 0.13750000000000284, 'y': 0.2444444444444432}, xlim:(225.95, 227.05), ylim:(482.8, 487.2), i:0
returning: (226, 485), modified:False


Plotting date: 2023-05-24

@check_overlap_helper: existing_positions:[(226, 484), (226, 485)], x:227, y:487, offset_increment:{'x': 0.13750000000000284, 'y': 0.2444444444444432}, xlim:(225.95, 227.05), ylim:(482.8, 487.2), i:0
returning: (227, 487), modified:False


Plotting date: 2023-05-22

@check_overlap_helper: existing_positions:[(226, 484), (226, 485), (227, 487)], x:227, y:483, offset_increment:{'x': 0.13750000000000284, 'y': 0.2444444444444432}, xlim:(225.95, 227.05), ylim:(482.8, 487.2), i:0
returning: (227, 483), modified:False
@generate_gif: path:output\crop1001\nodules-last-detected-on\2023-05-29\195, output_name:o.gif
len_jpg_files: 4
@generate_gif: path:output\crop1001\nodules-last-detected-on\2023-05-29\195\detection, output_name:d.gif
len_jpg_files: 4
nodules_dir: output\crop1001\nodules-last-detected-on\2023-05-29\195 has 4 entries
nodules_dir: output\crop1001\nodules-last-detected-on\2023-05-29\195 has 4 entries


Plotting date: 2023-05-29

@check_overlap_helper: existing_positions:[], x:70, y:499, offset_increment:{'x': 1.375, 'y': 0.4277777777777803}, xlim:(59.5, 70.5), ylim:(498.65, 506.35), i:0
returning: (70, 499), modified:False


Plotting date: 2023-05-26

@check_overlap_helper: existing_positions:[(70, 499)], x:60, y:501, offset_increment:{'x': 1.375, 'y': 0.4277777777777803}, xlim:(59.5, 70.5), ylim:(498.65, 506.35), i:0
returning: (60, 501), modified:False


Plotting date: 2023-05-24

@check_overlap_helper: existing_positions:[(70, 499), (60, 501)], x:61, y:506, offset_increment:{'x': 1.375, 'y': 0.4277777777777803}, xlim:(59.5, 70.5), ylim:(498.65, 506.35), i:0
returning: (61, 506), modified:False


Plotting date: 2023-05-22

@check_overlap_helper: existing_positions:[(70, 499), (60, 501), (61, 506)], x:60, y:502, offset_increment:{'x': 1.375, 'y': 0.4277777777777803}, xlim:(59.5, 70.5), ylim:(498.65, 506.35), i:0
returning: (60, 502), modified:False
@generate_gif: path:output\crop1001\nodules-last-detected-on\2023-05-29\20, output_name:o.gif
len_jpg_files: 2
@generate_gif: path:output\crop1001\nodules-last-detected-on\2023-05-29\20\detection, output_name:d.gif
len_jpg_files: 2
nodules_dir: output\crop1001\nodules-last-detected-on\2023-05-29\20 has 2 entries
nodules_dir: output\crop1001\nodules-last-detected-on\2023-05-29\20 has 2 entries


Plotting date: 2023-05-29

@check_overlap_helper: existing_positions:[], x:162, y:86, offset_increment:{'x': 1.7875000000000014, 'y': 0.36666666666666636}, xlim:(161.35, 175.65), ylim:(85.7, 92.3), i:0
returning: (162, 86), modified:False


Plotting date: 2023-05-26

@check_overlap_helper: existing_positions:[(162, 86)], x:175, y:92, offset_increment:{'x': 1.7875000000000014, 'y': 0.36666666666666636}, xlim:(161.35, 175.65), ylim:(85.7, 92.3), i:0
returning: (175, 92), modified:False
@generate_gif: path:output\crop1001\nodules-last-detected-on\2023-05-29\205, output_name:o.gif
len_jpg_files: 4
@generate_gif: path:output\crop1001\nodules-last-detected-on\2023-05-29\205\detection, output_name:d.gif
len_jpg_files: 4
nodules_dir: output\crop1001\nodules-last-detected-on\2023-05-29\205 has 4 entries
nodules_dir: output\crop1001\nodules-last-detected-on\2023-05-29\205 has 4 entries


Plotting date: 2023-05-29

@check_overlap_helper: existing_positions:[], x:233, y:543, offset_increment:{'x': 1.2374999999999972, 'y': 1.344444444444447}, xlim:(232.55, 242.45), ylim:(519.9, 544.1), i:0
returning: (233, 543), modified:False


Plotting date: 2023-05-26

@check_overlap_helper: existing_positions:[(233, 543)], x:241, y:524, offset_increment:{'x': 1.2374999999999972, 'y': 1.344444444444447}, xlim:(232.55, 242.45), ylim:(519.9, 544.1), i:0
returning: (241, 524), modified:False


Plotting date: 2023-05-24

@check_overlap_helper: existing_positions:[(233, 543), (241, 524)], x:242, y:524, offset_increment:{'x': 1.2374999999999972, 'y': 1.344444444444447}, xlim:(232.55, 242.45), ylim:(519.9, 544.1), i:0
returning: (242, 524), modified:False


Plotting date: 2023-05-22

@check_overlap_helper: existing_positions:[(233, 543), (241, 524), (242, 524)], x:242, y:521, offset_increment:{'x': 1.2374999999999972, 'y': 1.344444444444447}, xlim:(232.55, 242.45), ylim:(519.9, 544.1), i:0
returning: (242, 521), modified:False
@generate_gif: path:output\crop1001\nodules-last-detected-on\2023-05-29\21, output_name:o.gif
len_jpg_files: 10
@generate_gif: path:output\crop1001\nodules-last-detected-on\2023-05-29\21\detection, output_name:d.gif
len_jpg_files: 10
nodules_dir: output\crop1001\nodules-last-detected-on\2023-05-29\21 has 10 entries
nodules_dir: output\crop1001\nodules-last-detected-on\2023-05-29\21 has 10 entries


Plotting date: 2023-05-29

@check_overlap_helper: existing_positions:[], x:181, y:87, offset_increment:{'x': 1.5125000000000028, 'y': 0.42777777777777715}, xlim:(171.45, 183.55), ylim:(85.65, 93.35), i:0
returning: (181, 87), modified:False


Plotting date: 2023-05-24

@check_overlap_helper: existing_positions:[(181, 87)], x:182, y:90, offset_increment:{'x': 1.5125000000000028, 'y': 0.42777777777777715}, xlim:(171.45, 183.55), ylim:(85.65, 93.35), i:0
returning: (182, 90), modified:False


Plotting date: 2023-05-22

@check_overlap_helper: existing_positions:[(181, 87), (182, 90)], x:182, y:87, offset_increment:{'x': 1.5125000000000028, 'y': 0.42777777777777715}, xlim:(171.45, 183.55), ylim:(85.65, 93.35), i:0
returning: (182, 87), modified:False


Plotting date: 2023-05-19

@check_overlap_helper: existing_positions:[(181, 87), (182, 90), (182, 87)], x:181, y:86, offset_increment:{'x': 1.5125000000000028, 'y': 0.42777777777777715}, xlim:(171.45, 183.55), ylim:(85.65, 93.35), i:0
returning: (181, 86), modified:False


Plotting date: 2023-05-15

@check_overlap_helper: existing_positions:[(181, 87), (182, 90), (182, 87), (181, 86)], x:181, y:87, offset_increment:{'x': 1.5125000000000028, 'y': 0.42777777777777715}, xlim:(171.45, 183.55), ylim:(85.65, 93.35), i:0
returning: (181, 87.42777777777778), modified:True, original:(181, 87)


Plotting date: 2023-05-12

@check_overlap_helper: existing_positions:[(181, 87), (182, 90), (182, 87), (181, 86), (181, 87.42777777777778)], x:180, y:87, offset_increment:{'x': 1.5125000000000028, 'y': 0.42777777777777715}, xlim:(171.45, 183.55), ylim:(85.65, 93.35), i:0
returning: (180, 87), modified:False


Plotting date: 2023-05-10

@check_overlap_helper: existing_positions:[(181, 87), (182, 90), (182, 87), (181, 86), (181, 87.42777777777778), (180, 87)], x:172, y:92, offset_increment:{'x': 1.5125000000000028, 'y': 0.42777777777777715}, xlim:(171.45, 183.55), ylim:(85.65, 93.35), i:0
returning: (172, 92), modified:False


Plotting date: 2023-05-08

@check_overlap_helper: existing_positions:[(181, 87), (182, 90), (182, 87), (181, 86), (181, 87.42777777777778), (180, 87), (172, 92)], x:172, y:93, offset_increment:{'x': 1.5125000000000028, 'y': 0.42777777777777715}, xlim:(171.45, 183.55), ylim:(85.65, 93.35), i:0
returning: (172, 93), modified:False


Plotting date: 2023-05-05

@check_overlap_helper: existing_positions:[(181, 87), (182, 90), (182, 87), (181, 86), (181, 87.42777777777778), (180, 87), (172, 92), (172, 93)], x:183, y:89, offset_increment:{'x': 1.5125000000000028, 'y': 0.42777777777777715}, xlim:(171.45, 183.55), ylim:(85.65, 93.35), i:0
returning: (183, 89), modified:False


Plotting date: 2023-05-03

@check_overlap_helper: existing_positions:[(181, 87), (182, 90), (182, 87), (181, 86), (181, 87.42777777777778), (180, 87), (172, 92), (172, 93), (183, 89)], x:178, y:87, offset_increment:{'x': 1.5125000000000028, 'y': 0.42777777777777715}, xlim:(171.45, 183.55), ylim:(85.65, 93.35), i:0
returning: (178, 87), modified:False
@generate_gif: path:output\crop1001\nodules-last-detected-on\2023-05-29\215, output_name:o.gif
len_jpg_files: 1
@generate_gif: path:output\crop1001\nodules-last-detected-on\2023-05-29\215\detection, output_name:d.gif
len_jpg_files: 1
nodules_dir: output\crop1001\nodules-last-detected-on\2023-05-29\215 has 1 entries
nodules_dir: output\crop1001\nodules-last-detected-on\2023-05-29\215 has less than 2 entries, skipping
@generate_gif: path:output\crop1001\nodules-last-detected-on\2023-05-29\216, output_name:o.gif
len_jpg_files: 1
@generate_gif: path:output\crop1001\nodules-last-detected-on\2023-05-29\216\detection, output_name:d.gif
len_jpg_files: 1
nodules_dir: output\crop1001\nodules-last-detected-on\2023-05-29\216 has 1 entries
nodules_dir: output\crop1001\nodules-last-detected-on\2023-05-29\216 has less than 2 entries, skipping
@generate_gif: path:output\crop1001\nodules-last-detected-on\2023-05-29\219, output_name:o.gif
len_jpg_files: 1
@generate_gif: path:output\crop1001\nodules-last-detected-on\2023-05-29\219\detection, output_name:d.gif
len_jpg_files: 1
nodules_dir: output\crop1001\nodules-last-detected-on\2023-05-29\219 has 1 entries
nodules_dir: output\crop1001\nodules-last-detected-on\2023-05-29\219 has less than 2 entries, skipping
@generate_gif: path:output\crop1001\nodules-last-detected-on\2023-05-29\22, output_name:o.gif
len_jpg_files: 4
@generate_gif: path:output\crop1001\nodules-last-detected-on\2023-05-29\22\detection, output_name:d.gif
len_jpg_files: 4
nodules_dir: output\crop1001\nodules-last-detected-on\2023-05-29\22 has 4 entries
nodules_dir: output\crop1001\nodules-last-detected-on\2023-05-29\22 has 4 entries


Plotting date: 2023-05-19

@check_overlap_helper: existing_positions:[], x:194, y:89, offset_increment:{'x': 0.13750000000000284, 'y': 0.1222222222222216}, xlim:(192.95, 194.05), ylim:(88.9, 91.1), i:0
returning: (194, 89), modified:False


Plotting date: 2023-05-17

@check_overlap_helper: existing_positions:[(194, 89)], x:194, y:91, offset_increment:{'x': 0.13750000000000284, 'y': 0.1222222222222216}, xlim:(192.95, 194.05), ylim:(88.9, 91.1), i:0
returning: (194, 91), modified:False


Plotting date: 2023-05-12

@check_overlap_helper: existing_positions:[(194, 89), (194, 91)], x:194, y:89, offset_increment:{'x': 0.13750000000000284, 'y': 0.1222222222222216}, xlim:(192.95, 194.05), ylim:(88.9, 91.1), i:0
returning: (194, 89.12222222222222), modified:True, original:(194, 89)


Plotting date: 2023-05-10

@check_overlap_helper: existing_positions:[(194, 89), (194, 91), (194, 89.12222222222222)], x:193, y:89, offset_increment:{'x': 0.13750000000000284, 'y': 0.1222222222222216}, xlim:(192.95, 194.05), ylim:(88.9, 91.1), i:0
returning: (193, 89), modified:False
@generate_gif: path:output\crop1001\nodules-last-detected-on\2023-05-29\220, output_name:o.gif
len_jpg_files: 1
@generate_gif: path:output\crop1001\nodules-last-detected-on\2023-05-29\220\detection, output_name:d.gif
len_jpg_files: 1
nodules_dir: output\crop1001\nodules-last-detected-on\2023-05-29\220 has 1 entries
nodules_dir: output\crop1001\nodules-last-detected-on\2023-05-29\220 has less than 2 entries, skipping
@generate_gif: path:output\crop1001\nodules-last-detected-on\2023-05-29\231, output_name:o.gif
len_jpg_files: 1
@generate_gif: path:output\crop1001\nodules-last-detected-on\2023-05-29\231\detection, output_name:d.gif
len_jpg_files: 1
nodules_dir: output\crop1001\nodules-last-detected-on\2023-05-29\231 has 1 entries
nodules_dir: output\crop1001\nodules-last-detected-on\2023-05-29\231 has less than 2 entries, skipping
@generate_gif: path:output\crop1001\nodules-last-detected-on\2023-05-29\236, output_name:o.gif
len_jpg_files: 1
@generate_gif: path:output\crop1001\nodules-last-detected-on\2023-05-29\236\detection, output_name:d.gif
len_jpg_files: 1
nodules_dir: output\crop1001\nodules-last-detected-on\2023-05-29\236 has 1 entries
nodules_dir: output\crop1001\nodules-last-detected-on\2023-05-29\236 has less than 2 entries, skipping
@generate_gif: path:output\crop1001\nodules-last-detected-on\2023-05-29\239, output_name:o.gif
len_jpg_files: 1
@generate_gif: path:output\crop1001\nodules-last-detected-on\2023-05-29\239\detection, output_name:d.gif
len_jpg_files: 1
nodules_dir: output\crop1001\nodules-last-detected-on\2023-05-29\239 has 1 entries
nodules_dir: output\crop1001\nodules-last-detected-on\2023-05-29\239 has less than 2 entries, skipping
@generate_gif: path:output\crop1001\nodules-last-detected-on\2023-05-29\26, output_name:o.gif
len_jpg_files: 1
@generate_gif: path:output\crop1001\nodules-last-detected-on\2023-05-29\26\detection, output_name:d.gif
len_jpg_files: 1
nodules_dir: output\crop1001\nodules-last-detected-on\2023-05-29\26 has 1 entries
nodules_dir: output\crop1001\nodules-last-detected-on\2023-05-29\26 has less than 2 entries, skipping
@generate_gif: path:output\crop1001\nodules-last-detected-on\2023-05-29\27, output_name:o.gif
len_jpg_files: 4
@generate_gif: path:output\crop1001\nodules-last-detected-on\2023-05-29\27\detection, output_name:d.gif
len_jpg_files: 4
nodules_dir: output\crop1001\nodules-last-detected-on\2023-05-29\27 has 4 entries
nodules_dir: output\crop1001\nodules-last-detected-on\2023-05-29\27 has 4 entries


Plotting date: 2023-05-26

@check_overlap_helper: existing_positions:[], x:158, y:75, offset_increment:{'x': 0.8250000000000028, 'y': 0.7333333333333327}, xlim:(157.7, 164.3), ylim:(74.4, 87.6), i:0
returning: (158, 75), modified:False


Plotting date: 2023-05-24

@check_overlap_helper: existing_positions:[(158, 75)], x:164, y:87, offset_increment:{'x': 0.8250000000000028, 'y': 0.7333333333333327}, xlim:(157.7, 164.3), ylim:(74.4, 87.6), i:0
returning: (164, 87), modified:False


Plotting date: 2023-05-22

@check_overlap_helper: existing_positions:[(158, 75), (164, 87)], x:163, y:84, offset_increment:{'x': 0.8250000000000028, 'y': 0.7333333333333327}, xlim:(157.7, 164.3), ylim:(74.4, 87.6), i:0
returning: (163, 84), modified:False


Plotting date: 2023-05-19

@check_overlap_helper: existing_positions:[(158, 75), (164, 87), (163, 84)], x:163, y:84, offset_increment:{'x': 0.8250000000000028, 'y': 0.7333333333333327}, xlim:(157.7, 164.3), ylim:(74.4, 87.6), i:0
returning: (163.825, 84), modified:True, original:(163, 84)
@generate_gif: path:output\crop1001\nodules-last-detected-on\2023-05-29\283, output_name:o.gif
len_jpg_files: 1
@generate_gif: path:output\crop1001\nodules-last-detected-on\2023-05-29\283\detection, output_name:d.gif
len_jpg_files: 1
nodules_dir: output\crop1001\nodules-last-detected-on\2023-05-29\283 has 1 entries
nodules_dir: output\crop1001\nodules-last-detected-on\2023-05-29\283 has less than 2 entries, skipping
@generate_gif: path:output\crop1001\nodules-last-detected-on\2023-05-29\3, output_name:o.gif
len_jpg_files: 1
@generate_gif: path:output\crop1001\nodules-last-detected-on\2023-05-29\3\detection, output_name:d.gif
len_jpg_files: 1
nodules_dir: output\crop1001\nodules-last-detected-on\2023-05-29\3 has 1 entries
nodules_dir: output\crop1001\nodules-last-detected-on\2023-05-29\3 has less than 2 entries, skipping
@generate_gif: path:output\crop1001\nodules-last-detected-on\2023-05-29\381, output_name:o.gif
len_jpg_files: 1
@generate_gif: path:output\crop1001\nodules-last-detected-on\2023-05-29\381\detection, output_name:d.gif
len_jpg_files: 1
nodules_dir: output\crop1001\nodules-last-detected-on\2023-05-29\381 has 1 entries
nodules_dir: output\crop1001\nodules-last-detected-on\2023-05-29\381 has less than 2 entries, skipping
@generate_gif: path:output\crop1001\nodules-last-detected-on\2023-05-29\393, output_name:o.gif
len_jpg_files: 1
@generate_gif: path:output\crop1001\nodules-last-detected-on\2023-05-29\393\detection, output_name:d.gif
len_jpg_files: 1
nodules_dir: output\crop1001\nodules-last-detected-on\2023-05-29\393 has 1 entries
nodules_dir: output\crop1001\nodules-last-detected-on\2023-05-29\393 has less than 2 entries, skipping
@generate_gif: path:output\crop1001\nodules-last-detected-on\2023-05-29\42, output_name:o.gif
len_jpg_files: 2
@generate_gif: path:output\crop1001\nodules-last-detected-on\2023-05-29\42\detection, output_name:d.gif
len_jpg_files: 2
nodules_dir: output\crop1001\nodules-last-detected-on\2023-05-29\42 has 2 entries
nodules_dir: output\crop1001\nodules-last-detected-on\2023-05-29\42 has 2 entries


Plotting date: 2023-05-29

@check_overlap_helper: existing_positions:[], x:140, y:124, offset_increment:{'x': 0.2749999999999986, 'y': 0.0611111111111108}, xlim:(139.9, 142.1), ylim:(123.95, 125.05), i:0
returning: (140, 124), modified:False


Plotting date: 2023-05-26

@check_overlap_helper: existing_positions:[(140, 124)], x:142, y:125, offset_increment:{'x': 0.2749999999999986, 'y': 0.0611111111111108}, xlim:(139.9, 142.1), ylim:(123.95, 125.05), i:0
returning: (142, 125), modified:False
@generate_gif: path:output\crop1001\nodules-last-detected-on\2023-05-29\53, output_name:o.gif
len_jpg_files: 1
@generate_gif: path:output\crop1001\nodules-last-detected-on\2023-05-29\53\detection, output_name:d.gif
len_jpg_files: 1
nodules_dir: output\crop1001\nodules-last-detected-on\2023-05-29\53 has 1 entries
nodules_dir: output\crop1001\nodules-last-detected-on\2023-05-29\53 has less than 2 entries, skipping
@generate_gif: path:output\crop1001\nodules-last-detected-on\2023-05-29\54, output_name:o.gif
len_jpg_files: 1
@generate_gif: path:output\crop1001\nodules-last-detected-on\2023-05-29\54\detection, output_name:d.gif
len_jpg_files: 1
nodules_dir: output\crop1001\nodules-last-detected-on\2023-05-29\54 has 1 entries
nodules_dir: output\crop1001\nodules-last-detected-on\2023-05-29\54 has less than 2 entries, skipping
@generate_gif: path:output\crop1001\nodules-last-detected-on\2023-05-29\6, output_name:o.gif
len_jpg_files: 1
@generate_gif: path:output\crop1001\nodules-last-detected-on\2023-05-29\6\detection, output_name:d.gif
len_jpg_files: 1
nodules_dir: output\crop1001\nodules-last-detected-on\2023-05-29\6 has 1 entries
nodules_dir: output\crop1001\nodules-last-detected-on\2023-05-29\6 has less than 2 entries, skipping
@generate_gif: path:output\crop1001\nodules-last-detected-on\2023-05-29\7, output_name:o.gif
len_jpg_files: 4
@generate_gif: path:output\crop1001\nodules-last-detected-on\2023-05-29\7\detection, output_name:d.gif
len_jpg_files: 4
nodules_dir: output\crop1001\nodules-last-detected-on\2023-05-29\7 has 4 entries
nodules_dir: output\crop1001\nodules-last-detected-on\2023-05-29\7 has 4 entries


Plotting date: 2023-05-29

@check_overlap_helper: existing_positions:[], x:190, y:43, offset_increment:{'x': 0.5499999999999972, 'y': 0.18333333333333318}, xlim:(189.8, 194.2), ylim:(42.85, 46.15), i:0
returning: (190, 43), modified:False


Plotting date: 2023-05-26

@check_overlap_helper: existing_positions:[(190, 43)], x:194, y:44, offset_increment:{'x': 0.5499999999999972, 'y': 0.18333333333333318}, xlim:(189.8, 194.2), ylim:(42.85, 46.15), i:0
returning: (194, 44), modified:False


Plotting date: 2023-05-24

@check_overlap_helper: existing_positions:[(190, 43), (194, 44)], x:192, y:46, offset_increment:{'x': 0.5499999999999972, 'y': 0.18333333333333318}, xlim:(189.8, 194.2), ylim:(42.85, 46.15), i:0
returning: (192, 46), modified:False


Plotting date: 2023-05-22

@check_overlap_helper: existing_positions:[(190, 43), (194, 44), (192, 46)], x:191, y:45, offset_increment:{'x': 0.5499999999999972, 'y': 0.18333333333333318}, xlim:(189.8, 194.2), ylim:(42.85, 46.15), i:0
returning: (191, 45), modified:False
@generate_gif: path:output\crop1001\nodules-last-detected-on\2023-05-29\9, output_name:o.gif
len_jpg_files: 1
@generate_gif: path:output\crop1001\nodules-last-detected-on\2023-05-29\9\detection, output_name:d.gif
len_jpg_files: 1
nodules_dir: output\crop1001\nodules-last-detected-on\2023-05-29\9 has 1 entries
nodules_dir: output\crop1001\nodules-last-detected-on\2023-05-29\9 has less than 2 entries, skipping
@post_process: output\crop1001\nodules-last-detected-on\2023-05-29, 39 nodules, took 12.87s
