Current memory usage: 6472.4765625 MB
@analyze_image: file_name: data/crop1015/20230426.jpg, output_dir: output/crop1015, external_logger: <Logger data_crop1015.log (DEBUG)>
Loaded image & JSON file: data/crop1015/20230426.jpg
Scaled JSON data: scalar_position: 0.5, scalar_size: 0.5

@find_prev_next_date: image_output_dir: output/crop1015/20230426
data_dir: data/crop1015
Previous date file: data/crop1015/20230424.jpg, Next date file: data/crop1015/20230501.json


Loaded prev_results from JSON file: 20230424, length: 28
Scaled JSON data: scalar_position: 0.5, scalar_size: 0.5
Loaded next_results from JSON file: 20230501, length: 26
Scaled JSON data: scalar_position: 0.5, scalar_size: 0.5
prev_results is not empty, generating matching
Current memory usage: 6454.51171875 MB
current_date:20230426, generating Matching: 20230424_20230426_matching.json
spatial_distances: (15, 28), attribute_distances: (15, 28)
combined_distances: (15, 28)
Current memory usage: 6454.51171875 MB

@find_matching: combined_distances: (15, 28), next_matching: [{'id': '20230501_0', 'p': {'id': 0, 'tq': 33.0, 'dx': -3, 'dy': 3, 'dd': 0, 'da': -31.0, 'dp': -15.94, 'de': -0.03}, 'c': {'id': 0}, 'n': {}, 'i': 0}, {'id': '20230501_1', 'p': {'id': 1, 'tq': 75.0, 'dx': -2, 'dy': 2, 'dd': 1, 'da': 9.0, 'dp': 4.41, 'de': -0.08}, 'c': {'id': 1}, 'n': {}, 'i': 0}, {'id': '20230501_2', 'p': {'id': 2, 'tq': 73.0, 'dx': -6, 'dy': 3, 'dd': 0, 'da': -2.0, 'dp': -0.83, 'de': -0.01}, 'c': {'id': 6}, 'n': {}, 'i': 0}, {'id': '20230501_3', 'p': {'id': 3, 'tq': -263.0, 'dx': -47, 'dy': 54, 'dd': -3, 'da': -72.0, 'dp': -19.45, 'de': 0.17}, 'c': {'id': 9}, 'n': {}, 'i': 0}, {'id': '20230501_4', 'p': {'id': 4, 'tq': -15.0, 'dx': -29, 'dy': -11, 'dd': 0, 'da': -4.0, 'dp': 1.24, 'de': -0.03}, 'c': {'id': 10}, 'n': {}, 'i': 0}, {'id': '20230501_5', 'p': {'id': 5, 'tq': 26.0, 'dx': -4, 'dy': 1, 'dd': -2, 'da': -38.0, 'dp': -11.07, 'de': 0.38}, 'c': {'id': 11}, 'n': {}, 'i': 0}, {'id': '20230501_6', 'p': {'id': 10, 'tq': -144.0, 'dx': 1, 'dy': -65, 'dd': 0, 'da': -11.0, 'dp': -2.17, 'de': -0.27}, 'c': {'id': 12}, 'n': {}, 'i': 0}, {'id': '20230501_7', 'p': {'id': 6, 'tq': 62.0, 'dx': 2, 'dy': 1, 'dd': 0, 'da': -20.0, 'dp': -1.0, 'de': -0.04}, 'c': {'id': 15}, 'n': {}, 'i': 0}, {'id': '20230501_8', 'p': {'id': 7, 'tq': 35.0, 'dx': 12, 'dy': 2, 'dd': 1, 'da': 13.0, 'dp': 7.66, 'de': 0.05}, 'c': {'id': 16}, 'n': {}, 'i': 0}, {'id': '20230501_9', 'p': {'id': 9, 'tq': -84.0, 'dx': -42, 'dy': -30, 'dd': 0, 'da': -2.0, 'dp': -1.17, 'de': 0.13}, 'c': {'id': 17}, 'n': {}, 'i': 0}, {'id': '20230501_10', 'p': {'id': 8, 'tq': 85.0, 'dx': -4, 'dy': 1, 'dd': 0, 'da': 0.0, 'dp': -0.59, 'de': 0.05}, 'c': {'id': 18}, 'n': {}, 'i': 0}, {'id': '20230512_46', 'p': {'id': 11, 'tq': 62.0, 'dx': 0, 'dy': 3, 'dd': 1, 'da': 18.0, 'dp': 1.41, 'de': -0.18}, 'c': {'id': 20}, 'n': {'id': 6, 'dx': 2, 'dy': -5, 'dd': -1, 'da': -12.0, 'dp': -0.83, 'de': 0.1}, 'i': 5}, {'id': '20230508_10', 'p': {'id': 12, 'tq': 5.0, 'dx': -3, 'dy': 2, 'dd': -1, 'da': -54.0, 'dp': -10.41, 'de': 0.22}, 'c': {'id': 21}, 'n': {'id': 7, 'dx': 4, 'dy': -6, 'dd': 1, 'da': 34.0, 'dp': 6.41, 'de': -0.23}, 'i': 3}, {'id': '20230501_13', 'p': {'id': 13, 'tq': -388.0, 'dx': 39, 'dy': -69, 'dd': -3, 'da': -138.0, 'dp': -23.9, 'de': -0.43}, 'c': {'id': 23}, 'n': {}, 'i': 0}, {'id': '20230501_14', 'p': {'id': 14, 'tq': -217.0, 'dx': -31, 'dy': -44, 'dd': -2, 'da': -85.0, 'dp': -12.41, 'de': 0.2}, 'c': {'id': 24}, 'n': {}, 'i': 0}], current_date_string: 20230426, distance_threshold: 20
matched entry: {'id': '20230501_0', 'p': {'id': 0, 'tq': 33.0, 'dx': -3, 'dy': 3, 'dd': 0, 'da': -31.0, 'dp': -15.94, 'de': -0.03}, 'c': {'id': 0}, 'n': {}, 'i': 0}, len(matching): 0
matched entry: {'id': '20230501_1', 'p': {'id': 1, 'tq': 75.0, 'dx': -2, 'dy': 2, 'dd': 1, 'da': 9.0, 'dp': 4.41, 'de': -0.08}, 'c': {'id': 1}, 'n': {}, 'i': 0}, len(matching): 1
matched entry: {'id': '20230501_2', 'p': {'id': 2, 'tq': 73.0, 'dx': -6, 'dy': 3, 'dd': 0, 'da': -2.0, 'dp': -0.83, 'de': -0.01}, 'c': {'id': 6}, 'n': {}, 'i': 0}, len(matching): 2
tq < 0
tq < 0
matched entry: {'id': '20230501_5', 'p': {'id': 5, 'tq': 26.0, 'dx': -4, 'dy': 1, 'dd': -2, 'da': -38.0, 'dp': -11.07, 'de': 0.38}, 'c': {'id': 11}, 'n': {}, 'i': 0}, len(matching): 5
matched entry: {'id': '20230501_7', 'p': {'id': 6, 'tq': 62.0, 'dx': 2, 'dy': 1, 'dd': 0, 'da': -20.0, 'dp': -1.0, 'de': -0.04}, 'c': {'id': 15}, 'n': {}, 'i': 0}, len(matching): 6
matched entry: {'id': '20230501_8', 'p': {'id': 7, 'tq': 35.0, 'dx': 12, 'dy': 2, 'dd': 1, 'da': 13.0, 'dp': 7.66, 'de': 0.05}, 'c': {'id': 16}, 'n': {}, 'i': 0}, len(matching): 7
matched entry: {'id': '20230501_10', 'p': {'id': 8, 'tq': 85.0, 'dx': -4, 'dy': 1, 'dd': 0, 'da': 0.0, 'dp': -0.59, 'de': 0.05}, 'c': {'id': 18}, 'n': {}, 'i': 0}, len(matching): 8
tq < 0
tq < 0
matched entry: {'id': '20230512_46', 'p': {'id': 11, 'tq': 62.0, 'dx': 0, 'dy': 3, 'dd': 1, 'da': 18.0, 'dp': 1.41, 'de': -0.18}, 'c': {'id': 20}, 'n': {'id': 6, 'dx': 2, 'dy': -5, 'dd': -1, 'da': -12.0, 'dp': -0.83, 'de': 0.1}, 'i': 5}, len(matching): 11
matched entry: {'id': '20230508_10', 'p': {'id': 12, 'tq': 5.0, 'dx': -3, 'dy': 2, 'dd': -1, 'da': -54.0, 'dp': -10.41, 'de': 0.22}, 'c': {'id': 21}, 'n': {'id': 7, 'dx': 4, 'dy': -6, 'dd': 1, 'da': 34.0, 'dp': 6.41, 'de': -0.23}, 'i': 3}, len(matching): 12
tq < 0
tq < 0
i_dict: {0: 6, 1: 7, 4: 1, 6: 1}
tq_average: -20.4, dx_average: 7.4667, dy_average: 5.4667, dd_average: -0.6667, da_average: -26.4667, dp_average: -5.312, de_average: -0.014
average_tracking_quality: 43.1818
@find_matching:
Returning:
Matching(lenght=15): [{'id': '20230501_0', 'p': {'id': 0, 'tq': -285.0, 'dx': 7, 'dy': 1, 'dd': -3, 'da': -237.0, 'dp': -36.76, 'de': -0.03}, 'c': {'id': 0}, 'n': {'id': 0, 'dx': -3, 'dy': 3, 'dd': 0, 'da': -31.0, 'dp': -15.94, 'de': -0.03}, 'i': 1}, {'id': '20230501_1', 'p': {'id': 1, 'tq': 13.0, 'dx': 5, 'dy': 1, 'dd': -3, 'da': -44.0, 'dp': -14.41, 'de': -0.01}, 'c': {'id': 1}, 'n': {'id': 1, 'dx': -2, 'dy': 2, 'dd': 1, 'da': 9.0, 'dp': 4.41, 'de': -0.08}, 'i': 1}, {'id': '20230501_2', 'p': {'id': 5, 'tq': 14.0, 'dx': 6, 'dy': -1, 'dd': -1, 'da': -43.0, 'dp': -5.17, 'de': 0.15}, 'c': {'id': 2}, 'n': {'id': 6, 'dx': -6, 'dy': 3, 'dd': 0, 'da': -2.0, 'dp': -0.83, 'de': -0.01}, 'i': 1}, {'id': '20230426_3', 'p': {'id': 9, 'tq': 46.0, 'dx': 4, 'dy': -1, 'dd': 0, 'da': -26.0, 'dp': -4.83, 'de': 0.04}, 'c': {'id': 3}, 'n': {}, 'i': 0}, {'id': '20230426_4', 'p': {'id': 11, 'tq': -48.0, 'dx': 1, 'dy': 3, 'dd': -3, 'da': -88.0, 'dp': -23.73, 'de': -0.36}, 'c': {'id': 4}, 'n': {}, 'i': 0}, {'id': '20230501_5', 'p': {'id': 12, 'tq': 10.0, 'dx': 2, 'dy': 2, 'dd': -1, 'da': -52.0, 'dp': -11.66, 'de': 0.0}, 'c': {'id': 5}, 'n': {'id': 11, 'dx': -4, 'dy': 1, 'dd': -2, 'da': -38.0, 'dp': -11.07, 'de': 0.38}, 'i': 1}, {'id': '20230501_7', 'p': {'id': 13, 'tq': 71.0, 'dx': -1, 'dy': -1, 'dd': -1, 'da': -15.0, 'dp': -5.76, 'de': -0.12}, 'c': {'id': 6}, 'n': {'id': 15, 'dx': 2, 'dy': 1, 'dd': 0, 'da': -20.0, 'dp': -1.0, 'de': -0.04}, 'i': 1}, {'id': '20230501_8', 'p': {'id': 15, 'tq': 52.0, 'dx': 1, 'dy': -1, 'dd': -2, 'da': -26.0, 'dp': -12.49, 'de': 0.08}, 'c': {'id': 7}, 'n': {'id': 16, 'dx': 12, 'dy': 2, 'dd': 1, 'da': 13.0, 'dp': 7.66, 'de': 0.05}, 'i': 1}, {'id': '20230501_10', 'p': {'id': 17, 'tq': 47.0, 'dx': 2, 'dy': 2, 'dd': 1, 'da': 28.0, 'dp': 6.24, 'de': -0.09}, 'c': {'id': 8}, 'n': {'id': 18, 'dx': -4, 'dy': 1, 'dd': 0, 'da': 0.0, 'dp': -0.59, 'de': 0.05}, 'i': 1}, {'id': '20230426_9', 'p': {'id': 18, 'tq': 14.0, 'dx': 1, 'dy': 1, 'dd': -2, 'da': -53.0, 'dp': -11.07, 'de': 0.09}, 'c': {'id': 9}, 'n': {}, 'i': 0}, {'id': '20230426_10', 'p': {'id': 19, 'tq': 70.0, 'dx': 0, 'dy': 0, 'dd': 1, 'da': 19.0, 'dp': 6.24, 'de': 0.01}, 'c': {'id': 10}, 'n': {}, 'i': 0}, {'id': '20230512_46', 'p': {'id': 21, 'tq': 86.0, 'dx': -1, 'dy': 2, 'dd': 0, 'da': 4.0, 'dp': 1.41, 'de': 0.02}, 'c': {'id': 11}, 'n': {'id': 20, 'dx': 0, 'dy': 3, 'dd': 1, 'da': 18.0, 'dp': 1.41, 'de': -0.18}, 'i': 6}, {'id': '20230508_10', 'p': {'id': 23, 'tq': 52.0, 'dx': 0, 'dy': 2, 'dd': -1, 'da': -27.0, 'dp': -3.41, 'de': -0.04}, 'c': {'id': 12}, 'n': {'id': 21, 'dx': -3, 'dy': 2, 'dd': -1, 'da': -54.0, 'dp': -10.41, 'de': 0.22}, 'i': 4}, {'id': '20230426_13', 'p': {'id': 25, 'tq': -142.0, 'dx': 55, 'dy': 40, 'dd': 0, 'da': -2.0, 'dp': 1.41, 'de': 0.28}, 'c': {'id': 13}, 'n': {}, 'i': 0}, {'id': '20230426_14', 'p': {'id': 26, 'tq': -306.0, 'dx': 30, 'dy': 32, 'dd': 5, 'da': 165.0, 'dp': 34.31, 'de': -0.23}, 'c': {'id': 14}, 'n': {}, 'i': 0}]
Unmatched current(length=0): set()
Unmatched previous(length=13): {2, 3, 4, 6, 7, 8, 10, 14, 16, 20, 22, 24, 27}
Distance threshold: 20



@plot_data: normalized_points: (15, 2), normalized_prev_points: (28, 2), current_points: (15, 2), prev_points: (28, 2), current_data: 15, prev_data: 28, matching: 15, unmatched_current: 0, unmatched_prev: 13, combined_distances: (15, 28), distance_threshold: 20, current_date_string: 20230426, previous_date_string: 20230424, filename: output/crop1015/plots/20230424_20230426.png
Plots created
Plotted the normalized points
Drawing lines between the matched points
Plotting the unmatched points
Plotted the original points with diameter as size
Drawing lines between the matched points and add the indices to the plots with color coding
Setting the titles and labels
Done plotting

@process_image: output_dir: output/crop1015/20230426, image_name: 20230426, date_string: 20230426
len(json_data) = 15 json_data entries
len(matching) = 15 matching entries, setting max_id_i to 15
crop_dir: output/crop1015
nodules_dir: output/crop1015/nodules-last-detected-on
Split image into left and right images: (705, 300, 3), (705, 300, 3)
Converted right image to HSV: (705, 300, 3)
Created mask to detect nodules: (705, 300)

Found 15 contours in mask, processing each contour...

@process_contour: max_id: 20230426_15
Moments: {'m00': 54.5, 'm10': 4936.333333333333, 'm01': 34164.666666666664, 'm20': 447382.9166666666, 'm11': 3094445.2916666665, 'm02': 21417169.916666664, 'm30': 40571487.2, 'm21': 280449939.18333334, 'm12': 1939837480.1499999, 'm03': 13426140448.300001, 'mu20': 274.90239551477134, 'mu11': -16.779689092654735, 'mu02': 207.5598878674209, 'mu30': 15.19959007948637, 'mu21': -16.046035371808102, 'mu12': -10.131400046433555, 'mu03': 15.730415344238281, 'nu20': 0.0925519385623336, 'nu11': -0.005649251441008244, 'nu02': 0.06987960200906351, 'nu30': 0.0006931713748856441, 'nu21': -0.0007317731821696444, 'nu12': -0.00046203854597242814, 'nu03': 0.0007173794539632973}
Centroid: 90, 626
Processing contour#1: area: 54.5 centroid: 90, 626 rectangle: (86, 623, 10, 9)
@find_dayJSON_match_for_contour: x: 86, y: 623, w: 10, h: 9, area: 54.5
Matched with JSON#14: (90, 626, 7, 180.0, 46.9706, 0.433262)
Match with input JSON(nodules) ID: 14
Matched contour: {'x': 90, 'y': 626, 'd': 7, 'a': 180.0, 'p': 46.9706, 'e': 0.433262, 'id': 14, 'tq': 100}
JSON_entry: 14
Matched with first_id: 14 second_id: 26 name: 20230426_14
entry_id:20230426_14, entry saved to results list
created dirs at nodule_detection_path: output/crop1015/nodules-last-detected-on/2023-04-26/14/detection and nodule_images_original_path: output/crop1015/nodules-last-detected-on/2023-04-26/14
Segmented nodule image saved as output/crop1015/nodules-last-detected-on/2023-04-26/14/detection/2023-04-26.jpg
Original nodule image saved as output/crop1015/nodules-last-detected-on/2023-04-26/14/2023-04-26.jpg


@process_contour: max_id: 20230426_16
Moments: {'m00': 52.0, 'm10': 11787.666666666666, 'm01': 30545.5, 'm20': 2672386.6666666665, 'm11': 6924191.416666666, 'm02': 17943008.166666664, 'm30': 605923331.9, 'm21': 1569776572.9166667, 'm12': 4067376792.5499997, 'm03': 10540164576.75, 'mu20': 288.86965811951086, 'mu11': -42.66346153896302, 'mu02': 170.27724358811975, 'mu30': -3.2844454050064087, 'mu21': 12.890902727202047, 'mu12': 5.772777569334721, 'mu03': -7.13470458984375, 'nu20': 0.10683049486668303, 'nu11': -0.015777907373876857, 'nu02': 0.06297235339797329, 'nu30': -0.00016844327946080874, 'nu21': 0.0006611118964773777, 'nu12': 0.0002960577709388472, 'nu03': -0.0003659044042155484}
Centroid: 226, 587
Processing contour#2: area: 52.0 centroid: 226, 587 rectangle: (222, 584, 10, 8)
@find_dayJSON_match_for_contour: x: 222, y: 584, w: 10, h: 8, area: 52.0
Matched with JSON#13: (226, 587, 7, 198.0, 51.4558, 0.772624)
Match with input JSON(nodules) ID: 13
Matched contour: {'x': 226, 'y': 587, 'd': 7, 'a': 198.0, 'p': 51.4558, 'e': 0.772624, 'id': 13, 'tq': 100}
JSON_entry: 13
Matched with first_id: 13 second_id: 25 name: 20230426_13
entry_id:20230426_13, entry saved to results list
created dirs at nodule_detection_path: output/crop1015/nodules-last-detected-on/2023-04-26/13/detection and nodule_images_original_path: output/crop1015/nodules-last-detected-on/2023-04-26/13
Segmented nodule image saved as output/crop1015/nodules-last-detected-on/2023-04-26/13/detection/2023-04-26.jpg
Original nodule image saved as output/crop1015/nodules-last-detected-on/2023-04-26/13/2023-04-26.jpg


@process_contour: max_id: 20230426_17
Moments: {'m00': 21.5, 'm10': 4440.833333333333, 'm01': 9636.0, 'm20': 917295.9166666666, 'm11': 1990321.125, 'm02': 4318757.083333333, 'm30': 189484379.45000002, 'm21': 411119877.6333333, 'm12': 892042375.4, 'm03': 1935639242.9, 'mu20': 40.07041343674064, 'mu11': 1.5901162791997194, 'mu02': 36.339147286489606, 'mu30': -0.7974059879779816, 'mu21': -9.617027277865418, 'mu12': 0.5647887088971402, 'mu03': 6.479232549667358, 'nu20': 0.08668558883015821, 'nu11': 0.0034399486840448225, 'nu02': 0.0786136231184199, 'nu30': -0.00037203460920581246, 'nu21': -0.004486882515285418, 'nu12': 0.0002635056041292292, 'nu03': 0.003022925317731168}
Centroid: 206, 448
Processing contour#3: area: 21.5 centroid: 206, 448 rectangle: (204, 446, 6, 6)
@find_dayJSON_match_for_contour: x: 204, y: 446, w: 6, h: 6, area: 21.5
Matched with JSON#12: (206, 448, 5, 105.0, 36.1421, 0.321257)
Match with input JSON(nodules) ID: 12
Matched contour: {'x': 206, 'y': 448, 'd': 5, 'a': 105.0, 'p': 36.1421, 'e': 0.321257, 'id': 12, 'tq': 100}
JSON_entry: 12
Matched with first_id: 12 second_id: 23 name: 20230508_10
entry_id:20230508_10, entry saved to results list
created dirs at nodule_detection_path: output/crop1015/nodules-last-detected-on/2023-05-08/10/detection and nodule_images_original_path: output/crop1015/nodules-last-detected-on/2023-05-08/10
Segmented nodule image saved as output/crop1015/nodules-last-detected-on/2023-05-08/10/detection/2023-04-26.jpg
Original nodule image saved as output/crop1015/nodules-last-detected-on/2023-05-08/10/2023-04-26.jpg


@process_contour: max_id: 20230426_18
Moments: {'m00': 34.5, 'm10': 8863.666666666666, 'm01': 15296.166666666666, 'm20': 2277322.25, 'm11': 3929852.708333333, 'm02': 6781923.416666666, 'm30': 585129935.8000001, 'm21': 1009686837.1, 'm12': 1742392095.1, 'm03': 3006975692.05, 'mu20': 87.85064412280917, 'mu11': -5.918075684458017, 'mu02': 105.59943639300764, 'mu30': 3.213471293449402, 'mu21': 2.9548412175063277, 'mu12': -5.666678697678435, 'mu03': -1.7198758125305176, 'nu20': 0.0738085646904509, 'nu11': -0.004972128279317805, 'nu02': 0.08872038344298058, 'nu30': 0.00045964938877623464, 'nu21': 0.00042265538899515117, 'nu12': -0.0008105519427196384, 'nu03': -0.0002460080684747931}
Centroid: 256, 443
Processing contour#4: area: 34.5 centroid: 256, 443 rectangle: (254, 440, 7, 8)
@find_dayJSON_match_for_contour: x: 254, y: 440, w: 7, h: 8, area: 34.5
Matched with JSON#11: (256, 443, 6, 142.0, 42.3848, 0.451247)
Match with input JSON(nodules) ID: 11
Matched contour: {'x': 256, 'y': 443, 'd': 6, 'a': 142.0, 'p': 42.3848, 'e': 0.451247, 'id': 11, 'tq': 100}
JSON_entry: 11
Matched with first_id: 11 second_id: 21 name: 20230512_46
entry_id:20230512_46, entry saved to results list
created dirs at nodule_detection_path: output/crop1015/nodules-last-detected-on/2023-05-12/46/detection and nodule_images_original_path: output/crop1015/nodules-last-detected-on/2023-05-12/46
Segmented nodule image saved as output/crop1015/nodules-last-detected-on/2023-05-12/46/detection/2023-04-26.jpg
Original nodule image saved as output/crop1015/nodules-last-detected-on/2023-05-12/46/2023-04-26.jpg


@process_contour: max_id: 20230426_19
Moments: {'m00': 8.5, 'm10': 1766.5, 'm01': 3323.1666666666665, 'm20': 367125.4166666666, 'm11': 690632.7083333333, 'm02': 1299236.0833333333, 'm30': 76299439.35000001, 'm21': 143531841.01666665, 'm12': 270012208.6166667, 'm03': 507956799.55, 'mu20': 5.151960784278344, 'mu11': 0.4828431372297928, 'mu02': 8.236928104655817, 'mu30': -1.8757785111665726, 'mu21': -0.5171664460735883, 'mu12': 2.6937524304753424, 'mu03': 0.7695630192756653, 'nu20': 0.07130741569935425, 'nu11': 0.006682949996260108, 'nu02': 0.11400592532395595, 'nu30': -0.008905006524727721, 'nu21': -0.0024551782362574395, 'nu12': 0.01278822783531393, 'nu03': 0.0036533970652947783}
Centroid: 207, 390
Processing contour#5: area: 8.5 centroid: 207, 390 rectangle: (206, 389, 4, 5)
@find_dayJSON_match_for_contour: x: 206, y: 389, w: 4, h: 5, area: 8.5
Matched with JSON#9: (208, 390, 3, 40.0, 22.4853, 0.459455)
Match with input JSON(nodules) ID: 9
Matched contour: {'x': 208, 'y': 390, 'd': 3, 'a': 40.0, 'p': 22.4853, 'e': 0.459455, 'id': 9, 'tq': 100}
JSON_entry: 9
Matched with first_id: 9 second_id: 18 name: 20230426_9
entry_id:20230426_9, entry saved to results list
created dirs at nodule_detection_path: output/crop1015/nodules-last-detected-on/2023-04-26/9/detection and nodule_images_original_path: output/crop1015/nodules-last-detected-on/2023-04-26/9
Segmented nodule image saved as output/crop1015/nodules-last-detected-on/2023-04-26/9/detection/2023-04-26.jpg
Original nodule image saved as output/crop1015/nodules-last-detected-on/2023-04-26/9/2023-04-26.jpg


@process_contour: max_id: 20230426_20
Moments: {'m00': 13.0, 'm10': 367.66666666666663, 'm01': 5087.5, 'm20': 10408.5, 'm11': 143884.0, 'm02': 1990993.0, 'm30': 294945.9, 'm21': 4073271.5833333335, 'm12': 56308634.71666667, 'm03': 779182674.75, 'mu20': 10.132478632480343, 'mu11': -0.9358974358765408, 'mu02': 19.442307692253962, 'mu30': -0.9653298269258812, 'mu21': -1.9207758072398065, 'mu12': 1.1081853986610213, 'mu03': 4.520710110664368, 'nu20': 0.059955494866747595, 'nu11': -0.005537854650157047, 'nu02': 0.11504324078256783, 'nu30': -0.0015842267586327007, 'nu21': -0.0031522328910668453, 'nu12': 0.001818670586068646, 'nu03': 0.007419049661132848}
Centroid: 28, 391
Processing contour#6: area: 13.0 centroid: 28, 391 rectangle: (26, 389, 5, 6)
@find_dayJSON_match_for_contour: x: 26, y: 389, w: 5, h: 6, area: 13.0
Matched with JSON#10: (28, 391, 3, 45.0, 22.4853, 0.582942)
Match with input JSON(nodules) ID: 10
Matched contour: {'x': 28, 'y': 391, 'd': 3, 'a': 45.0, 'p': 22.4853, 'e': 0.582942, 'id': 10, 'tq': 100}
JSON_entry: 10
Matched with first_id: 10 second_id: 19 name: 20230426_10
entry_id:20230426_10, entry saved to results list
created dirs at nodule_detection_path: output/crop1015/nodules-last-detected-on/2023-04-26/10/detection and nodule_images_original_path: output/crop1015/nodules-last-detected-on/2023-04-26/10
Segmented nodule image saved as output/crop1015/nodules-last-detected-on/2023-04-26/10/detection/2023-04-26.jpg
Original nodule image saved as output/crop1015/nodules-last-detected-on/2023-04-26/10/2023-04-26.jpg


@process_contour: max_id: 20230426_21
Moments: {'m00': 23.0, 'm10': 5947.0, 'm01': 8893.666666666666, 'm20': 1537732.1666666665, 'm11': 2299589.6666666665, 'm02': 3439055.833333333, 'm30': 397627224.5, 'm21': 594610415.3, 'm12': 889217757.5, 'm03': 1329850956.9, 'mu20': 44.81884057982825, 'mu11': -3.1884057968854904, 'mu02': 42.49516908219084, 'mu30': -4.650283515453339, 'mu21': 7.037135047492484, 'mu12': 4.1262340020693955, 'mu03': -4.206944942474365, 'nu20': 0.08472370620005339, 'nu11': -0.0060272321302183175, 'nu02': 0.08033113248051198, 'nu30': -0.0018329889270775552, 'nu21': 0.002773807355516825, 'nu12': 0.0016264258321434378, 'nu03': -0.001658239432231411}
Centroid: 258, 386
Processing contour#7: area: 23.0 centroid: 258, 386 rectangle: (256, 384, 6, 6)
@find_dayJSON_match_for_contour: x: 256, y: 384, w: 6, h: 6, area: 23.0
Matched with JSON#8: (258, 387, 5, 89.0, 32.7279, 0.358207)
Match with input JSON(nodules) ID: 8
Matched contour: {'x': 258, 'y': 387, 'd': 5, 'a': 89.0, 'p': 32.7279, 'e': 0.358207, 'id': 8, 'tq': 100}
JSON_entry: 8
Matched with first_id: 8 second_id: 17 name: 20230501_10
entry_id:20230501_10, entry saved to results list
created dirs at nodule_detection_path: output/crop1015/nodules-last-detected-on/2023-05-01/10/detection and nodule_images_original_path: output/crop1015/nodules-last-detected-on/2023-05-01/10
Segmented nodule image saved as output/crop1015/nodules-last-detected-on/2023-05-01/10/detection/2023-04-26.jpg
Original nodule image saved as output/crop1015/nodules-last-detected-on/2023-05-01/10/2023-04-26.jpg


@process_contour: max_id: 20230426_22
Moments: {'m00': 1.0, 'm10': 48.5, 'm01': 356.5, 'm20': 2352.333333333333, 'm11': 17290.25, 'm02': 127092.33333333333, 'm30': 114096.25, 'm21': 838606.8333333334, 'm12': 6163978.166666667, 'm03': 45308476.25, 'mu20': 0.08333333333303017, 'mu11': 0.0, 'mu02': 0.0833333333284827, 'mu30': 4.3655745685100555e-11, 'mu21': 1.468833943363279e-10, 'mu12': 5.456968210637569e-10, 'mu03': 7.450580596923828e-09, 'nu20': 0.08333333333303017, 'nu11': 0.0, 'nu02': 0.0833333333284827, 'nu30': 4.3655745685100555e-11, 'nu21': 1.468833943363279e-10, 'nu12': 5.456968210637569e-10, 'nu03': 7.450580596923828e-09}
Centroid: 48, 356
Processing contour#8: area: 1.0 centroid: 48, 356 rectangle: (48, 356, 2, 2)
@find_dayJSON_match_for_contour: x: 48, y: 356, w: 2, h: 2, area: 1.0
Matched with JSON#7: (48, 356, 1, 8.0, 7.4142, 0.713215)
Match with input JSON(nodules) ID: 7
Matched contour: {'x': 48, 'y': 356, 'd': 1, 'a': 8.0, 'p': 7.4142, 'e': 0.713215, 'id': 7, 'tq': 100}
JSON_entry: 7
Matched with first_id: 7 second_id: 15 name: 20230501_8
entry_id:20230501_8, entry saved to results list
created dirs at nodule_detection_path: output/crop1015/nodules-last-detected-on/2023-05-01/8/detection and nodule_images_original_path: output/crop1015/nodules-last-detected-on/2023-05-01/8
Segmented nodule image saved as output/crop1015/nodules-last-detected-on/2023-05-01/8/detection/2023-04-26.jpg
Original nodule image saved as output/crop1015/nodules-last-detected-on/2023-05-01/8/2023-04-26.jpg


@process_contour: max_id: 20230426_23
Moments: {'m00': 52.0, 'm10': 1585.1666666666665, 'm01': 18589.666666666664, 'm20': 48592.83333333333, 'm11': 566701.5833333333, 'm02': 6645872.333333333, 'm30': 1497925.4500000002, 'm21': 17372574.216666665, 'm12': 202603001.31666666, 'm03': 2375989449.9, 'mu20': 270.65331196581246, 'mu11': 14.661324786371551, 'mu02': 185.66452991589904, 'mu30': 121.58739247801714, 'mu21': 53.92162365578406, 'mu12': -83.14494030131027, 'mu03': -55.27951526641846, 'nu20': 0.10009368046072947, 'nu11': 0.005422087568924391, 'nu02': 0.06866291786830586, 'nu30': 0.006235627816759437, 'nu21': 0.00276537862635414, 'nu12': -0.004264100841371281, 'nu03': -0.002835018303024951}
Centroid: 30, 357
Processing contour#9: area: 52.0 centroid: 30, 357 rectangle: (26, 353, 11, 9)
@find_dayJSON_match_for_contour: x: 26, y: 353, w: 11, h: 9, area: 52.0
Matched with JSON#6: (30, 357, 7, 197.0, 52.8701, 0.725745)
Match with input JSON(nodules) ID: 6
Matched contour: {'x': 30, 'y': 357, 'd': 7, 'a': 197.0, 'p': 52.8701, 'e': 0.725745, 'id': 6, 'tq': 100}
JSON_entry: 6
Matched with first_id: 6 second_id: 13 name: 20230501_7
entry_id:20230501_7, entry saved to results list
created dirs at nodule_detection_path: output/crop1015/nodules-last-detected-on/2023-05-01/7/detection and nodule_images_original_path: output/crop1015/nodules-last-detected-on/2023-05-01/7
Segmented nodule image saved as output/crop1015/nodules-last-detected-on/2023-05-01/7/detection/2023-04-26.jpg
Original nodule image saved as output/crop1015/nodules-last-detected-on/2023-05-01/7/2023-04-26.jpg


@process_contour: max_id: 20230426_24
Moments: {'m00': 9.0, 'm10': 1777.5, 'm01': 2839.5, 'm20': 351063.0, 'm11': 560801.25, 'm02': 895869.0, 'm30': 69337608.75, 'm21': 110760376.5, 'm12': 176934127.5, 'm03': 282650928.75, 'mu20': 6.75, 'mu11': 0.0, 'mu02': 6.75, 'mu30': 0.0, 'mu21': 0.0, 'mu12': 0.0, 'mu03': 0.0, 'nu20': 0.08333333333333333, 'nu11': 0.0, 'nu02': 0.08333333333333333, 'nu30': 0.0, 'nu21': 0.0, 'nu12': 0.0, 'nu03': 0.0}
Centroid: 197, 315
Processing contour#10: area: 9.0 centroid: 197, 315 rectangle: (196, 314, 4, 4)
@find_dayJSON_match_for_contour: x: 196, y: 314, w: 4, h: 4, area: 9.0
Matched with JSON#5: (197, 315, 4, 54.0, 23.8995, 0.368694)
Match with input JSON(nodules) ID: 5
Matched contour: {'x': 197, 'y': 315, 'd': 4, 'a': 54.0, 'p': 23.8995, 'e': 0.368694, 'id': 5, 'tq': 100}
JSON_entry: 5
Matched with first_id: 5 second_id: 12 name: 20230501_5
entry_id:20230501_5, entry saved to results list
created dirs at nodule_detection_path: output/crop1015/nodules-last-detected-on/2023-05-01/5/detection and nodule_images_original_path: output/crop1015/nodules-last-detected-on/2023-05-01/5
Segmented nodule image saved as output/crop1015/nodules-last-detected-on/2023-05-01/5/detection/2023-04-26.jpg
Original nodule image saved as output/crop1015/nodules-last-detected-on/2023-05-01/5/2023-04-26.jpg


@process_contour: max_id: 20230426_25
Moments: {'m00': 5.5, 'm10': 316.8333333333333, 'm01': 1710.1666666666665, 'm20': 18255.25, 'm11': 98516.375, 'm02': 531759.9166666666, 'm30': 1052042.45, 'm21': 5676323.35, 'm12': 30632849.316666666, 'm03': 165346182.05, 'mu20': 3.7297979797986045, 'mu11': 0.41035353536426555, 'mu02': 1.7297979798167944, 'mu30': -0.305815733037889, 'mu21': -0.29891337729736733, 'mu12': 0.13913375652875004, 'mu03': 0.1157330870628357, 'nu20': 0.12329910677020181, 'nu11': 0.013565406127744315, 'nu02': 0.057183404291464277, 'nu30': -0.004310752618611178, 'nu21': -0.004213457597889162, 'nu12': 0.0019612176238794445, 'nu03': 0.0016313637730805159}
Centroid: 57, 310
Processing contour#11: area: 5.5 centroid: 57, 310 rectangle: (56, 310, 4, 3)
@find_dayJSON_match_for_contour: x: 56, y: 310, w: 4, h: 3, area: 5.5
Matched with JSON#4: (57, 310, 3, 34.0, 19.4853, 0.456847)
Match with input JSON(nodules) ID: 4
Matched contour: {'x': 57, 'y': 310, 'd': 3, 'a': 34.0, 'p': 19.4853, 'e': 0.456847, 'id': 4, 'tq': 100}
JSON_entry: 4
Matched with first_id: 4 second_id: 11 name: 20230426_4
entry_id:20230426_4, entry saved to results list
created dirs at nodule_detection_path: output/crop1015/nodules-last-detected-on/2023-04-26/4/detection and nodule_images_original_path: output/crop1015/nodules-last-detected-on/2023-04-26/4
Segmented nodule image saved as output/crop1015/nodules-last-detected-on/2023-04-26/4/detection/2023-04-26.jpg
Original nodule image saved as output/crop1015/nodules-last-detected-on/2023-04-26/4/2023-04-26.jpg


@process_contour: max_id: 20230426_26
Moments: {'m00': 20.5, 'm10': 2635.333333333333, 'm01': 4565.833333333333, 'm20': 338814.9166666666, 'm11': 586949.375, 'm02': 1016951.4166666666, 'm30': 43564701.7, 'm21': 75461690.73333333, 'm12': 130731334.06666666, 'm03': 226513611.95000002, 'mu20': 35.31775067758281, 'mu11': -1.4922086719889194, 'mu02': 32.683604336110875, 'mu30': -0.3396809697151184, 'mu21': 4.127835038834746, 'mu12': 0.39007971930277563, 'mu03': -4.2635358273983, 'nu20': 0.08403985884017326, 'nu11': -0.0035507642403067685, 'nu02': 0.07777181281644469, 'nu30': -0.00017851987085889002, 'nu21': 0.0021693902330695756, 'nu12': 0.0002050070134132221, 'nu03': -0.002240707997117801}
Centroid: 128, 222
Processing contour#12: area: 20.5 centroid: 128, 222 rectangle: (126, 220, 6, 6)
@find_dayJSON_match_for_contour: x: 126, y: 220, w: 6, h: 6, area: 20.5
Matched with JSON#3: (128, 222, 5, 86.0, 32.1421, 0.623529)
Match with input JSON(nodules) ID: 3
Matched contour: {'x': 128, 'y': 222, 'd': 5, 'a': 86.0, 'p': 32.1421, 'e': 0.623529, 'id': 3, 'tq': 100}
JSON_entry: 3
Matched with first_id: 3 second_id: 9 name: 20230426_3
entry_id:20230426_3, entry saved to results list
created dirs at nodule_detection_path: output/crop1015/nodules-last-detected-on/2023-04-26/3/detection and nodule_images_original_path: output/crop1015/nodules-last-detected-on/2023-04-26/3
Segmented nodule image saved as output/crop1015/nodules-last-detected-on/2023-04-26/3/detection/2023-04-26.jpg
Original nodule image saved as output/crop1015/nodules-last-detected-on/2023-04-26/3/2023-04-26.jpg


@process_contour: max_id: 20230426_27
Moments: {'m00': 49.5, 'm10': 5261.666666666666, 'm01': 3938.6666666666665, 'm20': 559526.75, 'm11': 418615.7916666666, 'm02': 313576.0833333333, 'm30': 59524773.800000004, 'm21': 44510359.68333333, 'm12': 33324034.349999998, 'm03': 24979654.3, 'mu20': 231.07098765438423, 'mu11': -49.88734567898791, 'mu02': 180.22250280581648, 'mu30': 28.61595793068409, 'mu21': -31.79476036570486, 'mu12': -2.940663838355249, 'mu03': 31.277421053498983, 'nu20': 0.09430506587261882, 'nu11': -0.020360104348122812, 'nu02': 0.07355269984932823, 'nu30': 0.0016599510879907115, 'nu21': -0.0018443466819911569, 'nu12': -0.0001705816785765747, 'nu03': 0.0018143369246300138}
Centroid: 106, 79
Processing contour#13: area: 49.5 centroid: 106, 79 rectangle: (102, 76, 10, 9)
@find_dayJSON_match_for_contour: x: 102, y: 76, w: 10, h: 9, area: 49.5
Matched with JSON#2: (106, 79, 7, 189.0, 50.0416, 0.711475)
Match with input JSON(nodules) ID: 2
Matched contour: {'x': 106, 'y': 79, 'd': 7, 'a': 189.0, 'p': 50.0416, 'e': 0.711475, 'id': 2, 'tq': 100}
JSON_entry: 2
Matched with first_id: 2 second_id: 5 name: 20230501_2
entry_id:20230501_2, entry saved to results list
created dirs at nodule_detection_path: output/crop1015/nodules-last-detected-on/2023-05-01/2/detection and nodule_images_original_path: output/crop1015/nodules-last-detected-on/2023-05-01/2
Segmented nodule image saved as output/crop1015/nodules-last-detected-on/2023-05-01/2/detection/2023-04-26.jpg
Original nodule image saved as output/crop1015/nodules-last-detected-on/2023-05-01/2/2023-04-26.jpg


@process_contour: max_id: 20230426_28
Moments: {'m00': 2.0, 'm10': 150.5, 'm01': 104.66666666666666, 'm20': 11325.5, 'm11': 7876.083333333333, 'm02': 5478.0, 'm30': 852300.25, 'm21': 592688.7166666667, 'm12': 412210.75, 'm03': 286728.4, 'mu20': 0.375, 'mu11': -0.08333333333303017, 'mu02': 0.4444444444452529, 'mu30': -0.0625, 'mu21': 0.09166666667442769, 'mu12': -0.027777777819210314, 'mu03': -0.11851851857500151, 'nu20': 0.09375, 'nu11': -0.020833333333257542, 'nu02': 0.11111111111131322, 'nu30': -0.011048543456039806, 'nu21': 0.016204530403563684, 'nu12': -0.004910463765564221, 'nu03': -0.02095131204514184}
Centroid: 75, 52
Processing contour#14: area: 2.0 centroid: 75, 52 rectangle: (74, 51, 3, 3)
@find_dayJSON_match_for_contour: x: 74, y: 51, w: 3, h: 3, area: 2.0
Matched with JSON#1: (75, 51, 1, 12.0, 10.6569, 0.642894)
Match with input JSON(nodules) ID: 1
Matched contour: {'x': 75, 'y': 51, 'd': 1, 'a': 12.0, 'p': 10.6569, 'e': 0.642894, 'id': 1, 'tq': 100}
JSON_entry: 1
Matched with first_id: 1 second_id: 1 name: 20230501_1
entry_id:20230501_1, entry saved to results list
created dirs at nodule_detection_path: output/crop1015/nodules-last-detected-on/2023-05-01/1/detection and nodule_images_original_path: output/crop1015/nodules-last-detected-on/2023-05-01/1
Segmented nodule image saved as output/crop1015/nodules-last-detected-on/2023-05-01/1/detection/2023-04-26.jpg
Original nodule image saved as output/crop1015/nodules-last-detected-on/2023-05-01/1/2023-04-26.jpg


@process_contour: max_id: 20230426_29
Moments: {'m00': 105.0, 'm10': 14624.666666666666, 'm01': 4102.0, 'm20': 2038485.1666666665, 'm11': 570572.3333333333, 'm02': 161240.5, 'm30': 284348397.40000004, 'm21': 79424486.66666667, 'm12': 22398653.966666665, 'm03': 6375333.0, 'mu20': 1524.4513227511197, 'mu11': -764.644444444566, 'mu02': 989.0333333333256, 'mu30': -1652.622228860855, 'mu21': 669.3959083246664, 'mu12': 411.8462433925306, 'mu03': -1072.337777777575, 'nu20': 0.13827222882096327, 'nu11': -0.06935550516504002, 'nu02': 0.0897082388510953, 'nu30': -0.014628518400922235, 'nu21': 0.0059252926600044595, 'nu12': 0.0036455399453092976, 'nu03': -0.009492013746563298}
Centroid: 139, 39
Processing contour#15: area: 105.0 centroid: 139, 39 rectangle: (131, 32, 16, 14)
@find_dayJSON_match_for_contour: x: 131, y: 32, w: 16, h: 14, area: 105.0
Matched with JSON#0: (139, 38, 10, 363.0, 90.3614, 0.913919)
Match with input JSON(nodules) ID: 0
Matched contour: {'x': 139, 'y': 38, 'd': 10, 'a': 363.0, 'p': 90.3614, 'e': 0.913919, 'id': 0, 'tq': 100}
JSON_entry: 0
Matched with first_id: 0 second_id: 0 name: 20230501_0
entry_id:20230501_0, entry saved to results list
created dirs at nodule_detection_path: output/crop1015/nodules-last-detected-on/2023-05-01/0/detection and nodule_images_original_path: output/crop1015/nodules-last-detected-on/2023-05-01/0
Segmented nodule image saved as output/crop1015/nodules-last-detected-on/2023-05-01/0/detection/2023-04-26.jpg
Original nodule image saved as output/crop1015/nodules-last-detected-on/2023-05-01/0/2023-04-26.jpg


Done analyzing contours, found 15 nodules.


results_entry: {'date': '20230426', 'json': 'output/crop1015/20230426/20230426.json', 'log': 'output/crop1015/20230426/crop1015_20230426.log', 'image': 'data/crop1015/20230426.jpg', 'plot': 'output/crop1015/plots/20230424_20230426.png', 'match_stats': {'i_dict': {0: 6, 1: 7, 4: 1, 6: 1}, 'average_tracking_quality': 43.1818, 'distance_threshold': 20, 'lengths': {'matching': 15, 'unmatched_current': 0, 'unmatched_previous': 13}, 'averages': {'tq': -20.4, 'i': 1.1333, 'dx': 7.4667, 'dy': 5.4667, 'dd': -0.6667, 'da': -26.4667, 'dp': -5.312, 'de': -0.014}}}
