Current memory usage: 2676.42578125 MB
@analyze_image: file_name: data/crop992/20230503.jpg, output_dir: output/crop992, external_logger: <Logger data_crop992.log (DEBUG)>
Loaded image & JSON file: data/crop992/20230503.jpg
Scaled JSON data: scalar_position: 0.5, scalar_size: 0.5

@find_prev_next_date: image_output_dir: output/crop992/20230503
data_dir: data/crop992
Previous date file: data/crop992/20230501.json, Next date file: data/crop992/20230505.json


Loaded prev_results from JSON file: 20230501, length: 16
Scaled JSON data: scalar_position: 0.5, scalar_size: 0.5
Loaded next_results from JSON file: 20230505, length: 20
Scaled JSON data: scalar_position: 0.5, scalar_size: 0.5
prev_results is not empty, generating matching
Current memory usage: 2677.640625 MB
current_date:20230503, generating Matching: 20230501_20230503_matching.json
spatial_distances: (19, 16), attribute_distances: (19, 16)
combined_distances: (19, 16)
Current memory usage: 2677.6484375 MB

@find_matching: combined_distances: (19, 16), next_matching: [{'id': '20230524_1', 'p': {'id': 2, 'tq': -99.0, 'dx': -21, 'dy': -47, 'dd': 1, 'da': 12.0, 'dp': 3.66, 'de': 0.07}, 'c': {'id': 1}, 'n': {'id': 2, 'dx': 0, 'dy': 0, 'dd': 1, 'da': 51.0, 'dp': 8.59, 'de': -0.11}, 'i': 8}, {'id': '20230505_1', 'p': {'id': 5, 'tq': -146.0, 'dx': 41, 'dy': -52, 'dd': 1, 'da': 9.0, 'dp': 2.0, 'de': 0.07}, 'c': {'id': 2}, 'n': {}, 'i': 0}, {'id': '20230519_10', 'p': {'id': 0, 'tq': 76.0, 'dx': -2, 'dy': 1, 'dd': 1, 'da': 10.0, 'dp': 3.41, 'de': -0.12}, 'c': {'id': 3}, 'n': {'id': 8, 'dx': 0, 'dy': -1, 'dd': 1, 'da': 36.0, 'dp': 9.66, 'de': -0.24}, 'i': 6}, {'id': '20230508_4', 'p': {'id': 1, 'tq': 6.0, 'dx': -10, 'dy': 2, 'dd': -1, 'da': -38.0, 'dp': -6.83, 'de': 0.14}, 'c': {'id': 4}, 'n': {'id': 10, 'dx': 0, 'dy': -1, 'dd': 0, 'da': 21.0, 'dp': 3.41, 'de': -0.06}, 'i': 1}, {'id': '20230526_11', 'p': {'id': 3, 'tq': -2528.0, 'dx': 58, 'dy': -19, 'dd': -17, 'da': -1602.0, 'dp': -153.01, 'de': -0.67}, 'c': {'id': 5}, 'n': {'id': 11, 'dx': 0, 'dy': -1, 'dd': 1, 'da': 29.0, 'dp': 4.0, 'de': 0.01}, 'i': 9}, {'id': '20230512_14', 'p': {'id': 4, 'tq': 7.0, 'dx': -1, 'dy': 1, 'dd': 2, 'da': 57.0, 'dp': 12.73, 'de': -0.07}, 'c': {'id': 6}, 'n': {'id': 12, 'dx': -1, 'dy': -1, 'dd': 1, 'da': 31.0, 'dp': 2.93, 'de': 0.06}, 'i': 3}, {'id': '20230508_7', 'p': {'id': 11, 'tq': -1075.0, 'dx': 61, 'dy': -299, 'dd': -2, 'da': -70.0, 'dp': -12.24, 'de': -0.01}, 'c': {'id': 7}, 'n': {'id': 15, 'dx': 4, 'dy': 2, 'dd': 0, 'da': 12.0, 'dp': 2.0, 'de': -0.07}, 'i': 1}, {'id': '20230505_7', 'p': {'id': 7, 'tq': -417.0, 'dx': 70, 'dy': -129, 'dd': 0, 'da': 2.0, 'dp': 1.17, 'de': -0.28}, 'c': {'id': 8}, 'n': {}, 'i': 0}, {'id': '20230505_8', 'p': {'id': 6, 'tq': 21.0, 'dx': -9, 'dy': 12, 'dd': 1, 'da': 15.0, 'dp': 8.86, 'de': -0.21}, 'c': {'id': 9}, 'n': {}, 'i': 0}, {'id': '20230505_9', 'p': {'id': 12, 'tq': -975.0, 'dx': -13, 'dy': -306, 'dd': 0, 'da': -1.0, 'dp': 1.59, 'de': -0.14}, 'c': {'id': 10}, 'n': {}, 'i': 0}, {'id': '20230505_10', 'p': {'id': 9, 'tq': -375.0, 'dx': -46, 'dy': -115, 'dd': 0, 'da': -27.0, 'dp': -6.59, 'de': -0.29}, 'c': {'id': 11}, 'n': {}, 'i': 0}, {'id': '20230508_12', 'p': {'id': 8, 'tq': -127.0, 'dx': 38, 'dy': -52, 'dd': 0, 'da': -1.0, 'dp': -0.83, 'de': 0.07}, 'c': {'id': 12}, 'n': {'id': 35, 'dx': 1, 'dy': -13, 'dd': 1, 'da': 27.0, 'dp': 6.0, 'de': -0.08}, 'i': 1}, {'id': '20230505_12', 'p': {'id': 18, 'tq': -1235.0, 'dx': 41, 'dy': -365, 'dd': -1, 'da': -32.0, 'dp': -8.49, 'de': 0.1}, 'c': {'id': 13}, 'n': {}, 'i': 0}, {'id': '20230508_14', 'p': {'id': 10, 'tq': -172.0, 'dx': -3, 'dy': -75, 'dd': 0, 'da': -6.0, 'dp': -0.66, 'de': -0.12}, 'c': {'id': 14}, 'n': {'id': 44, 'dx': 1, 'dy': 1, 'dd': 0, 'da': 9.0, 'dp': 0.66, 'de': -0.21}, 'i': 1}, {'id': '20230508_16', 'p': {'id': 16, 'tq': -831.0, 'dx': 82, 'dy': -241, 'dd': -1, 'da': -26.0, 'dp': -6.0, 'de': 0.13}, 'c': {'id': 15}, 'n': {'id': 47, 'dx': 2, 'dy': -13, 'dd': 0, 'da': 2.0, 'dp': 2.0, 'de': -0.01}, 'i': 1}, {'id': '20230505_15', 'p': {'id': 15, 'tq': -623.0, 'dx': 22, 'dy': -187, 'dd': -1, 'da': -42.0, 'dp': -8.83, 'de': 0.02}, 'c': {'id': 16}, 'n': {}, 'i': 0}, {'id': '20230505_16', 'p': {'id': 14, 'tq': -1004.0, 'dx': -46, 'dy': -127, 'dd': -7, 'da': -416.0, 'dp': -64.38, 'de': -0.69}, 'c': {'id': 17}, 'n': {}, 'i': 0}, {'id': '20230508_18', 'p': {'id': 13, 'tq': 69.0, 'dx': 1, 'dy': 2, 'dd': 0, 'da': -15.0, 'dp': -2.0, 'de': 0.07}, 'c': {'id': 18}, 'n': {'id': 50, 'dx': 1, 'dy': -1, 'dd': 0, 'da': 24.0, 'dp': 3.41, 'de': -0.17}, 'i': 1}, {'id': '20230505_18', 'p': {'id': 17, 'tq': -159.0, 'dx': 31, 'dy': -55, 'dd': 0, 'da': 25.0, 'dp': 3.76, 'de': -0.13}, 'c': {'id': 19}, 'n': {}, 'i': 0}], current_date_string: 20230503, distance_threshold: 20
matched entry: {'id': '20230519_10', 'p': {'id': 0, 'tq': 76.0, 'dx': -2, 'dy': 1, 'dd': 1, 'da': 10.0, 'dp': 3.41, 'de': -0.12}, 'c': {'id': 3}, 'n': {'id': 8, 'dx': 0, 'dy': -1, 'dd': 1, 'da': 36.0, 'dp': 9.66, 'de': -0.24}, 'i': 6}, len(matching): 0
matched entry: {'id': '20230508_4', 'p': {'id': 1, 'tq': 6.0, 'dx': -10, 'dy': 2, 'dd': -1, 'da': -38.0, 'dp': -6.83, 'de': 0.14}, 'c': {'id': 4}, 'n': {'id': 10, 'dx': 0, 'dy': -1, 'dd': 0, 'da': 21.0, 'dp': 3.41, 'de': -0.06}, 'i': 1}, len(matching): 1
tq < 0
matched entry: {'id': '20230512_14', 'p': {'id': 4, 'tq': 7.0, 'dx': -1, 'dy': 1, 'dd': 2, 'da': 57.0, 'dp': 12.73, 'de': -0.07}, 'c': {'id': 6}, 'n': {'id': 12, 'dx': -1, 'dy': -1, 'dd': 1, 'da': 31.0, 'dp': 2.93, 'de': 0.06}, 'i': 3}, len(matching): 3
tq < 0
matched entry: {'id': '20230505_8', 'p': {'id': 6, 'tq': 21.0, 'dx': -9, 'dy': 12, 'dd': 1, 'da': 15.0, 'dp': 8.86, 'de': -0.21}, 'c': {'id': 9}, 'n': {}, 'i': 0}, len(matching): 5
tq < 0
tq < 0
tq < 0
tq < 0
tq < 0
tq < 0
matched entry: {'id': '20230508_18', 'p': {'id': 13, 'tq': 69.0, 'dx': 1, 'dy': 2, 'dd': 0, 'da': -15.0, 'dp': -2.0, 'de': 0.07}, 'c': {'id': 18}, 'n': {'id': 50, 'dx': 1, 'dy': -1, 'dd': 0, 'da': 24.0, 'dp': 3.41, 'de': -0.17}, 'i': 1}, len(matching): 12
tq < 0
tq < 0
tq < 0
i_dict: {0: 11, 1: 1, 2: 2, 4: 1, 7: 1}
tq_average: -178.625, dx_average: 18.6875, dy_average: 39.3125, dd_average: -0.125, da_average: -5.9375, dp_average: -0.5325, de_average: 0.0031
average_tracking_quality: 40.3333
@find_matching:
Returning:
Matching(lenght=16): [{'id': '20230519_10', 'p': {'id': 0, 'tq': -4.0, 'dx': 17, 'dy': 15, 'dd': 1, 'da': 14.0, 'dp': 9.04, 'de': -0.03}, 'c': {'id': 0}, 'n': {'id': 3, 'dx': -2, 'dy': 1, 'dd': 1, 'da': 10.0, 'dp': 3.41, 'de': -0.12}, 'i': 7}, {'id': '20230508_4', 'p': {'id': 2, 'tq': 55.0, 'dx': 7, 'dy': 2, 'dd': 1, 'da': 13.0, 'dp': 2.0, 'de': 0.05}, 'c': {'id': 1}, 'n': {'id': 4, 'dx': -10, 'dy': 2, 'dd': -1, 'da': -38.0, 'dp': -6.83, 'de': 0.14}, 'i': 2}, {'id': '20230503_2', 'p': {'id': 1, 'tq': -42.0, 'dx': 28, 'dy': 15, 'dd': 0, 'da': 20.0, 'dp': 4.24, 'de': -0.32}, 'c': {'id': 2}, 'n': {}, 'i': 0}, {'id': '20230512_14', 'p': {'id': 3, 'tq': -150.0, 'dx': 20, 'dy': 6, 'dd': -3, 'da': -116.0, 'dp': -19.9, 'de': -0.2}, 'c': {'id': 4}, 'n': {'id': 6, 'dx': -1, 'dy': 1, 'dd': 2, 'da': 57.0, 'dp': 12.73, 'de': -0.07}, 'i': 4}, {'id': '20230503_4', 'p': {'id': 4, 'tq': 65.0, 'dx': 6, 'dy': 1, 'dd': -1, 'da': -9.0, 'dp': -2.24, 'de': -0.09}, 'c': {'id': 5}, 'n': {}, 'i': 0}, {'id': '20230505_8', 'p': {'id': 6, 'tq': -588.0, 'dx': 119, 'dy': -143, 'dd': -2, 'da': -22.0, 'dp': -10.28, 'de': 0.22}, 'c': {'id': 6}, 'n': {'id': 9, 'dx': -9, 'dy': 12, 'dd': 1, 'da': 15.0, 'dp': 8.86, 'de': -0.21}, 'i': 1}, {'id': '20230503_6', 'p': {'id': 5, 'tq': 52.0, 'dx': 5, 'dy': 0, 'dd': 0, 'da': -20.0, 'dp': -4.0, 'de': 0.02}, 'c': {'id': 7}, 'n': {}, 'i': 0}, {'id': '20230503_7', 'p': {'id': 8, 'tq': -109.0, 'dx': 40, 'dy': 38, 'dd': 0, 'da': 10.0, 'dp': 3.41, 'de': -0.07}, 'c': {'id': 8}, 'n': {}, 'i': 0}, {'id': '20230503_8', 'p': {'id': 9, 'tq': 14.0, 'dx': 0, 'dy': 0, 'dd': 1, 'da': 56.0, 'dp': 11.62, 'de': 0.09}, 'c': {'id': 9}, 'n': {}, 'i': 0}, {'id': '20230503_9', 'p': {'id': 12, 'tq': -7.0, 'dx': 3, 'dy': 1, 'dd': -2, 'da': -63.0, 'dp': -12.24, 'de': 0.21}, 'c': {'id': 10}, 'n': {}, 'i': 0}, {'id': '20230503_10', 'p': {'id': 10, 'tq': -51.0, 'dx': -8, 'dy': 30, 'dd': 0, 'da': -28.0, 'dp': -2.83, 'de': 0.08}, 'c': {'id': 11}, 'n': {}, 'i': 0}, {'id': '20230503_11', 'p': {'id': 11, 'tq': -104.0, 'dx': -1, 'dy': 57, 'dd': 0, 'da': 3.0, 'dp': -0.17, 'de': 0.01}, 'c': {'id': 12}, 'n': {}, 'i': 0}, {'id': '20230508_18', 'p': {'id': 14, 'tq': 28.0, 'dx': 2, 'dy': 5, 'dd': -1, 'da': -35.0, 'dp': -5.66, 'de': 0.08}, 'c': {'id': 13}, 'n': {'id': 18, 'dx': 1, 'dy': 2, 'dd': 0, 'da': -15.0, 'dp': -2.0, 'de': 0.07}, 'i': 2}, {'id': '20230503_13', 'p': {'id': 7, 'tq': -1366.0, 'dx': 81, 'dy': 388, 'dd': 2, 'da': 51.0, 'dp': 11.07, 'de': -0.24}, 'c': {'id': 15}, 'n': {}, 'i': 0}, {'id': '20230503_14', 'p': {'id': 13, 'tq': -679.0, 'dx': -10, 'dy': 203, 'dd': 2, 'da': 44.0, 'dp': 10.83, 'de': 0.01}, 'c': {'id': 16}, 'n': {}, 'i': 0}, {'id': '20230503_15', 'p': {'id': 15, 'tq': 28.0, 'dx': -10, 'dy': 11, 'dd': 0, 'da': -13.0, 'dp': -3.41, 'de': 0.23}, 'c': {'id': 18}, 'n': {}, 'i': 0}]
Unmatched current(length=3): {17, 3, 14}
Unmatched previous(length=0): set()
Distance threshold: 20



@plot_data: normalized_points: (19, 2), normalized_prev_points: (16, 2), current_points: (19, 2), prev_points: (16, 2), current_data: 19, prev_data: 16, matching: 16, unmatched_current: 3, unmatched_prev: 0, combined_distances: (19, 16), distance_threshold: 20, current_date_string: 20230503, previous_date_string: 20230501, filename: output/crop992/plots/20230501_20230503.png
Plots created
Plotted the normalized points
Drawing lines between the matched points
Plotting the unmatched points
Plotted the original points with diameter as size
Drawing lines between the matched points and add the indices to the plots with color coding
Setting the titles and labels
Done plotting

@process_image: output_dir: output/crop992/20230503, image_name: 20230503, date_string: 20230503
len(json_data) = 19 json_data entries
len(matching) = 16 matching entries, setting max_id_i to 16
crop_dir: output/crop992
nodules_dir: output/crop992/nodules-last-detected-on
Split image into left and right images: (705, 300, 3), (705, 300, 3)
Converted right image to HSV: (705, 300, 3)
Created mask to detect nodules: (705, 300)

Found 19 contours in mask, processing each contour...

@process_contour: max_id: 20230503_16
Moments: {'m00': 12.0, 'm10': 1684.1666666666665, 'm01': 7942.333333333333, 'm20': 236378.8333333333, 'm11': 1114684.1666666665, 'm02': 5256734.666666666, 'm30': 33178120.150000002, 'm21': 156449884.95, 'm12': 737767773.05, 'm03': 3479245591.1000004, 'mu20': 10.719907407445135, 'mu11': -0.25462962966412306, 'mu02': 13.101851851679385, 'mu30': -1.5189171805977821, 'mu21': -0.8500256969600741, 'mu12': 1.6829734375160115, 'mu03': 0.5912561416625977, 'nu20': 0.0744438014405912, 'nu11': -0.0017682613171119655, 'nu02': 0.09098508230332905, 'nu30': -0.0030449557051905446, 'nu21': -0.0017040366838819375, 'nu12': 0.003373837386072427, 'nu03': 0.0011852843491281953}
Centroid: 140, 661
Processing contour#1: area: 12.0 centroid: 140, 661 rectangle: (138, 660, 5, 5)
@find_dayJSON_match_for_contour: x: 138, y: 660, w: 5, h: 5, area: 12.0
Matched with JSON#18: (140, 661, 4, 62.0, 26.7279, 0.53526)
Match with input JSON(nodules) ID: 18
Matched contour: {'x': 140, 'y': 661, 'd': 4, 'a': 62.0, 'p': 26.7279, 'e': 0.53526, 'id': 18, 'tq': 100}
JSON_entry: 18
Matched with first_id: 18 second_id: 15 name: 20230503_15
entry_id:20230503_15, entry saved to results list
created dirs at nodule_detection_path: output/crop992/nodules-last-detected-on/2023-05-03/15/detection and nodule_images_original_path: output/crop992/nodules-last-detected-on/2023-05-03/15
Segmented nodule image saved as output/crop992/nodules-last-detected-on/2023-05-03/15/detection/2023-05-03.jpg
Original nodule image saved as output/crop992/nodules-last-detected-on/2023-05-03/15/2023-05-03.jpg


@process_contour: max_id: 20230503_17
Moments: {'m00': 19.5, 'm10': 2927.333333333333, 'm01': 12853.666666666666, 'm20': 439488.4166666666, 'm11': 1929579.2083333333, 'm02': 8472681.083333332, 'm30': 65987304.7, 'm21': 289691583.68333334, 'm12': 1271904333.9833333, 'm03': 5584908866.8, 'mu20': 38.13746438751696, 'mu11': -8.837250711861998, 'mu02': 27.40242165327072, 'mu30': 3.4762193486094475, 'mu21': 0.47629349284034106, 'mu12': -3.236904431611947, 'mu03': 2.116593360900879, 'nu20': 0.10029576433272046, 'nu11': -0.023240633035797494, 'nu02': 0.07206422525514981, 'nu30': 0.0020702397549399415, 'nu21': 0.00028365348242242295, 'nu12': -0.0019277173173623005, 'nu03': 0.0012605233678742874}
Centroid: 150, 659
Processing contour#2: area: 19.5 centroid: 150, 659 rectangle: (147, 657, 7, 6)
@find_dayJSON_match_for_contour: x: 147, y: 657, w: 7, h: 6, area: 19.5
Matched with JSON#17: (150, 659, 6, 116.0, 38.3848, 0.393128)
Match with input JSON(nodules) ID: 17
Matched contour: {'x': 150, 'y': 659, 'd': 6, 'a': 116.0, 'p': 38.3848, 'e': 0.393128, 'id': 17, 'tq': 100}
JSON_entry: 17
WARNING: match is empty
entry_id:20230503_17, entry saved to results list
created dirs at nodule_detection_path: output/crop992/nodules-last-detected-on/2023-05-03/17/detection and nodule_images_original_path: output/crop992/nodules-last-detected-on/2023-05-03/17
Segmented nodule image saved as output/crop992/nodules-last-detected-on/2023-05-03/17/detection/2023-05-03.jpg
Original nodule image saved as output/crop992/nodules-last-detected-on/2023-05-03/17/2023-05-03.jpg


@process_contour: max_id: 20230503_18
Moments: {'m00': 21.0, 'm10': 3586.1666666666665, 'm01': 13574.333333333332, 'm20': 612443.6666666666, 'm11': 2318086.25, 'm02': 8774443.5, 'm30': 104598704.15, 'm21': 395881468.95, 'm12': 1498409685.7166667, 'm03': 5671820938.1, 'mu20': 34.5542328042211, 'mu11': -0.4986772481352091, 'mu02': 37.52645502798259, 'mu30': -5.235088586807251, 'mu21': -2.599655804595386, 'mu12': 6.6772566152267245, 'mu03': 1.1133947372436523, 'nu20': 0.07835426939732675, 'nu11': -0.0011307874107374355, 'nu02': 0.08509400233102628, 'nu30': -0.0025904534843800473, 'nu21': -0.0012863750680692887, 'nu12': 0.0033040744923789095, 'nu03': 0.0005509357155582015}
Centroid: 170, 646
Processing contour#3: area: 21.0 centroid: 170, 646 rectangle: (168, 644, 6, 6)
@find_dayJSON_match_for_contour: x: 168, y: 644, w: 6, h: 6, area: 21.0
Matched with JSON#16: (171, 646, 5, 84.0, 31.3137, 0.323391)
Match with input JSON(nodules) ID: 16
Matched contour: {'x': 171, 'y': 646, 'd': 5, 'a': 84.0, 'p': 31.3137, 'e': 0.323391, 'id': 16, 'tq': 100}
JSON_entry: 16
Matched with first_id: 16 second_id: 13 name: 20230503_14
entry_id:20230503_14, entry saved to results list
created dirs at nodule_detection_path: output/crop992/nodules-last-detected-on/2023-05-03/14/detection and nodule_images_original_path: output/crop992/nodules-last-detected-on/2023-05-03/14
Segmented nodule image saved as output/crop992/nodules-last-detected-on/2023-05-03/14/detection/2023-05-03.jpg
Original nodule image saved as output/crop992/nodules-last-detected-on/2023-05-03/14/2023-05-03.jpg


@process_contour: max_id: 20230503_19
Moments: {'m00': 35.5, 'm10': 4724.833333333333, 'm01': 22485.166666666664, 'm20': 628934.5833333333, 'm11': 2992630.0416666665, 'm02': 14241883.25, 'm30': 83730800.45, 'm21': 398355470.01666665, 'm12': 1895497097.9833333, 'm03': 9020742459.550001, 'mu20': 88.1036776213441, 'mu11': -8.408255085814744, 'mu02': 116.48865414969623, 'mu30': -6.1473259925842285, 'mu21': -8.109326128149405, 'mu12': 11.02536975460498, 'mu03': 7.238311767578125, 'nu20': 0.06990968269894395, 'nu11': -0.006671894533477282, 'nu02': 0.09243297294163558, 'nu30': -0.0008186822259630033, 'nu21': -0.001079975451710573, 'nu12': 0.0014683252952021647, 'nu03': 0.0009639764016490567}
Centroid: 133, 633
Processing contour#4: area: 35.5 centroid: 133, 633 rectangle: (130, 630, 7, 8)
@find_dayJSON_match_for_contour: x: 130, y: 630, w: 7, h: 8, area: 35.5
Matched with JSON#15: (133, 633, 6, 121.0, 38.9706, 0.351094)
Match with input JSON(nodules) ID: 15
Matched contour: {'x': 133, 'y': 633, 'd': 6, 'a': 121.0, 'p': 38.9706, 'e': 0.351094, 'id': 15, 'tq': 100}
JSON_entry: 15
Matched with first_id: 15 second_id: 7 name: 20230503_13
entry_id:20230503_13, entry saved to results list
created dirs at nodule_detection_path: output/crop992/nodules-last-detected-on/2023-05-03/13/detection and nodule_images_original_path: output/crop992/nodules-last-detected-on/2023-05-03/13
Segmented nodule image saved as output/crop992/nodules-last-detected-on/2023-05-03/13/detection/2023-05-03.jpg
Original nodule image saved as output/crop992/nodules-last-detected-on/2023-05-03/13/2023-05-03.jpg


@process_contour: max_id: 20230503_20
Moments: {'m00': 145.0, 'm10': 31510.5, 'm01': 90937.16666666666, 'm20': 6848481.0, 'm11': 19761251.333333332, 'm02': 57036074.0, 'm30': 1488622866.25, 'm21': 4294763431.133333, 'm12': 12393912235.5, 'm03': 35776059589.65, 'mu20': 814.7224137932062, 'mu11': -649.2890804596245, 'mu02': 4568.611302688718, 'mu30': -617.6930320262909, 'mu21': 1091.3860217241454, 'mu12': 1057.8562024092535, 'mu03': -8551.627716064453, 'nu20': 0.038750174258892094, 'nu11': -0.03088176363660521, 'nu02': 0.21729423556188907, 'nu30': -0.002439791402945774, 'nu21': 0.004310805035897547, 'nu12': 0.004178367464700667, 'nu03': -0.033777599391729606}
Centroid: 217, 627
Processing contour#5: area: 145.0 centroid: 217, 627 rectangle: (212, 615, 11, 23)
@find_dayJSON_match_for_contour: x: 212, y: 615, w: 11, h: 23, area: 145.0
Matched with JSON#14: (217, 627, 13, 561.0, 108.1838, 0.933813)
Match with input JSON(nodules) ID: 14
Matched contour: {'x': 217, 'y': 627, 'd': 13, 'a': 561.0, 'p': 108.1838, 'e': 0.933813, 'id': 14, 'tq': 100}
JSON_entry: 14
WARNING: match is empty
entry_id:20230503_20, entry saved to results list
created dirs at nodule_detection_path: output/crop992/nodules-last-detected-on/2023-05-03/20/detection and nodule_images_original_path: output/crop992/nodules-last-detected-on/2023-05-03/20
Segmented nodule image saved as output/crop992/nodules-last-detected-on/2023-05-03/20/detection/2023-05-03.jpg
Original nodule image saved as output/crop992/nodules-last-detected-on/2023-05-03/20/2023-05-03.jpg


@process_contour: max_id: 20230503_21
Moments: {'m00': 29.5, 'm10': 3616.833333333333, 'm01': 15657.333333333332, 'm20': 443497.9166666666, 'm11': 1919665.4583333333, 'm02': 8310329.75, 'm30': 54389014.45, 'm21': 235391029.9, 'm12': 1018889973.7333333, 'm03': 4410861220.7, 'mu20': 57.8027306967997, 'mu11': 5.624058380723, 'mu02': 89.5089453868568, 'mu30': -8.39576855301857, 'mu21': -0.4882212787779281, 'mu12': 15.553497181290368, 'mu03': 2.10830020904541, 'nu20': 0.06642083389462763, 'nu11': 0.0064625778577684576, 'nu02': 0.10285428944194978, 'nu30': -0.001776255427212371, 'nu21': -0.00010329080543770685, 'nu12': 0.0032905842515711646, 'nu03': 0.00044604370223658347}
Centroid: 122, 530
Processing contour#6: area: 29.5 centroid: 122, 530 rectangle: (120, 527, 6, 8)
@find_dayJSON_match_for_contour: x: 120, y: 527, w: 6, h: 8, area: 29.5
Matched with JSON#13: (122, 530, 6, 139.0, 40.9706, 0.482432)
Match with input JSON(nodules) ID: 13
Matched contour: {'x': 122, 'y': 530, 'd': 6, 'a': 139.0, 'p': 40.9706, 'e': 0.482432, 'id': 13, 'tq': 100}
JSON_entry: 13
Matched with first_id: 13 second_id: 14 name: 20230508_18
entry_id:20230508_18, entry saved to results list
created dirs at nodule_detection_path: output/crop992/nodules-last-detected-on/2023-05-08/18/detection and nodule_images_original_path: output/crop992/nodules-last-detected-on/2023-05-08/18
Segmented nodule image saved as output/crop992/nodules-last-detected-on/2023-05-08/18/detection/2023-05-03.jpg
Original nodule image saved as output/crop992/nodules-last-detected-on/2023-05-08/18/2023-05-03.jpg


@process_contour: max_id: 20230503_22
Moments: {'m00': 0.0, 'm10': 0.0, 'm01': 0.0, 'm20': 0.0, 'm11': 0.0, 'm02': 0.0, 'm30': 0.0, 'm21': 0.0, 'm12': 0.0, 'm03': 0.0, 'mu20': 0.0, 'mu11': 0.0, 'mu02': 0.0, 'mu30': 0.0, 'mu21': 0.0, 'mu12': 0.0, 'mu03': 0.0, 'nu20': 0.0, 'nu11': 0.0, 'nu02': 0.0, 'nu30': 0.0, 'nu21': 0.0, 'nu12': 0.0, 'nu03': 0.0}
Skipping contour#7 because area is 0.


@process_contour: max_id: 20230503_23
Moments: {'m00': 37.0, 'm10': 4437.666666666666, 'm01': 14645.166666666666, 'm20': 532346.1666666666, 'm11': 1756492.5833333333, 'm02': 5796897.333333333, 'm30': 63873383.900000006, 'm21': 210709857.55, 'm12': 695259081.2166667, 'm03': 2294592614.65, 'mu20': 106.01951951952651, 'mu11': -3.8475975973997265, 'mu02': 116.07132132072002, 'mu30': -16.032973505556583, 'mu21': 14.672074768102902, 'mu12': 17.1948813408344, 'mu03': -16.807138919830322, 'nu20': 0.07744303836342332, 'nu11': -0.0028105168717309915, 'nu02': 0.0847854794161578, 'nu30': -0.0019253503344098808, 'nu21': 0.001761924202735283, 'nu12': 0.0020648802624316726, 'nu03': -0.0020183174710887964}
Centroid: 119, 395
Processing contour#8: area: 37.0 centroid: 119, 395 rectangle: (116, 392, 8, 8)
@find_dayJSON_match_for_contour: x: 116, y: 392, w: 8, h: 8, area: 37.0
Matched with JSON#11: (120, 395, 7, 156.0, 44.3848, 0.395735)
Match with input JSON(nodules) ID: 11
Matched contour: {'x': 120, 'y': 395, 'd': 7, 'a': 156.0, 'p': 44.3848, 'e': 0.395735, 'id': 11, 'tq': 100}
JSON_entry: 11
Matched with first_id: 11 second_id: 10 name: 20230503_10
entry_id:20230503_10, entry saved to results list
created dirs at nodule_detection_path: output/crop992/nodules-last-detected-on/2023-05-03/10/detection and nodule_images_original_path: output/crop992/nodules-last-detected-on/2023-05-03/10
Segmented nodule image saved as output/crop992/nodules-last-detected-on/2023-05-03/10/detection/2023-05-03.jpg
Original nodule image saved as output/crop992/nodules-last-detected-on/2023-05-03/10/2023-05-03.jpg


@process_contour: max_id: 20230503_24
Moments: {'m00': 16.0, 'm10': 4093.0, 'm01': 6248.0, 'm20': 1047056.3333333333, 'm11': 1598316.5, 'm02': 2439871.333333333, 'm30': 267858168.5, 'm21': 408875498.1666667, 'm12': 624149583.8333334, 'm03': 952791103.0, 'mu20': 15.770833333255723, 'mu11': 0.0, 'mu02': 27.333333333022892, 'mu30': 1.4765625596046448, 'mu21': 5.0175003707408905e-08, 'mu12': -1.624999880848918, 'mu03': 3.5762786865234375e-07, 'nu20': 0.06160481770803017, 'nu11': 0.0, 'nu02': 0.10677083333212067, 'nu30': 0.001441955624613911, 'nu21': 4.899902705801651e-11, 'nu12': -0.0015869139461415216, 'nu03': 3.4924596548080444e-10}
Centroid: 255, 390
Processing contour#9: area: 16.0 centroid: 255, 390 rectangle: (254, 388, 5, 6)
@find_dayJSON_match_for_contour: x: 254, y: 388, w: 5, h: 6, area: 16.0
Matched with JSON#10: (256, 390, 4, 58.0, 26.7279, 0.490671)
Match with input JSON(nodules) ID: 10
Matched contour: {'x': 256, 'y': 390, 'd': 4, 'a': 58.0, 'p': 26.7279, 'e': 0.490671, 'id': 10, 'tq': 100}
JSON_entry: 10
Matched with first_id: 10 second_id: 12 name: 20230503_9
entry_id:20230503_9, entry saved to results list
created dirs at nodule_detection_path: output/crop992/nodules-last-detected-on/2023-05-03/9/detection and nodule_images_original_path: output/crop992/nodules-last-detected-on/2023-05-03/9
Segmented nodule image saved as output/crop992/nodules-last-detected-on/2023-05-03/9/detection/2023-05-03.jpg
Original nodule image saved as output/crop992/nodules-last-detected-on/2023-05-03/9/2023-05-03.jpg


@process_contour: max_id: 20230503_25
Moments: {'m00': 29.5, 'm10': 7522.833333333333, 'm01': 9324.166666666666, 'm20': 1918476.5833333333, 'm11': 2377777.375, 'm02': 2947195.583333333, 'm30': 489268431.45000005, 'm21': 606384366.35, 'm12': 751574204.8166666, 'm03': 931577093.0500001, 'mu20': 69.07956685498357, 'mu11': 9.517184557858855, 'mu02': 74.09086629003286, 'mu30': -7.141722679138184, 'mu21': 6.977671898417611, 'mu12': 13.163012324290321, 'mu03': -8.28679370880127, 'nu20': 0.07937899092787541, 'nu11': 0.010936150023394261, 'nu02': 0.08513745049127591, 'nu30': -0.0015109425168591609, 'nu21': 0.0014762350225120738, 'nu12': 0.0027848399978912916, 'nu03': -0.0017532001038970315}
Centroid: 255, 316
Processing contour#10: area: 29.5 centroid: 255, 316 rectangle: (252, 313, 7, 7)
@find_dayJSON_match_for_contour: x: 252, y: 313, w: 7, h: 7, area: 29.5
Matched with JSON#9: (255, 315, 5, 111.0, 38.1421, 0.56779)
Match with input JSON(nodules) ID: 9
Matched contour: {'x': 255, 'y': 315, 'd': 5, 'a': 111.0, 'p': 38.1421, 'e': 0.56779, 'id': 9, 'tq': 100}
JSON_entry: 9
Matched with first_id: 9 second_id: 9 name: 20230503_8
entry_id:20230503_8, entry saved to results list
created dirs at nodule_detection_path: output/crop992/nodules-last-detected-on/2023-05-03/8/detection and nodule_images_original_path: output/crop992/nodules-last-detected-on/2023-05-03/8
Segmented nodule image saved as output/crop992/nodules-last-detected-on/2023-05-03/8/detection/2023-05-03.jpg
Original nodule image saved as output/crop992/nodules-last-detected-on/2023-05-03/8/2023-05-03.jpg


@process_contour: max_id: 20230503_26
Moments: {'m00': 8.5, 'm10': 748.3333333333333, 'm01': 2492.0, 'm20': 65890.91666666666, 'm11': 219394.2083333333, 'm02': 730600.9166666666, 'm30': 5802434.2, 'm21': 19317748.716666665, 'm12': 64321815.31666666, 'm03': 214198020.9, 'mu20': 8.236928104583058, 'mu11': 0.4828431372588966, 'mu02': 5.151960784220137, 'mu30': -0.7695629885420203, 'mu21': -2.693752405651594, 'mu12': 0.5171664807096477, 'mu03': 1.875778615474701, 'nu20': 0.1140059253229489, 'nu11': 0.006682949996662929, 'nu02': 0.0713074156985486, 'nu30': -0.0036533969193909273, 'nu21': -0.012788227717466518, 'nu12': 0.002455178400687479, 'nu03': 0.00890500701991655}
Centroid: 88, 293
Processing contour#11: area: 8.5 centroid: 88, 293 rectangle: (86, 292, 5, 4)
@find_dayJSON_match_for_contour: x: 86, y: 292, w: 5, h: 4, area: 8.5
Matched with JSON#8: (88, 292, 3, 42.0, 22.7279, 0.560951)
Match with input JSON(nodules) ID: 8
Matched contour: {'x': 88, 'y': 292, 'd': 3, 'a': 42.0, 'p': 22.7279, 'e': 0.560951, 'id': 8, 'tq': 100}
JSON_entry: 8
Matched with first_id: 8 second_id: 8 name: 20230503_7
entry_id:20230503_7, entry saved to results list
created dirs at nodule_detection_path: output/crop992/nodules-last-detected-on/2023-05-03/7/detection and nodule_images_original_path: output/crop992/nodules-last-detected-on/2023-05-03/7
Segmented nodule image saved as output/crop992/nodules-last-detected-on/2023-05-03/7/detection/2023-05-03.jpg
Original nodule image saved as output/crop992/nodules-last-detected-on/2023-05-03/7/2023-05-03.jpg


@process_contour: max_id: 20230503_27
Moments: {'m00': 11.5, 'm10': 1471.1666666666665, 'm01': 2615.6666666666665, 'm20': 188217.25, 'm11': 334614.7916666666, 'm02': 594939.75, 'm30': 24081885.55, 'm21': 42809620.1, 'm12': 76108720.6, 'm03': 135322373.8, 'mu20': 14.52294685994275, 'mu11': -1.0006038647261448, 'mu02': 8.262077294755727, 'mu30': 0.7115381844341755, 'mu21': -1.013614086967209, 'mu12': -0.6506651195804807, 'mu03': 0.37127354741096497, 'nu20': 0.10981434298633458, 'nu11': -0.007566002757853647, 'nu02': 0.06247317425146107, 'nu30': 0.001586549441087014, 'nu21': -0.0022601019851584926, 'nu12': -0.0014508179664681456, 'nu03': 0.0008278457179408789}
Centroid: 127, 227
Processing contour#12: area: 11.5 centroid: 127, 227 rectangle: (126, 226, 5, 4)
@find_dayJSON_match_for_contour: x: 126, y: 226, w: 5, h: 4, area: 11.5
Matched with JSON#7: (127, 227, 5, 79.0, 30.1421, 0.563647)
Match with input JSON(nodules) ID: 7
Matched contour: {'x': 127, 'y': 227, 'd': 5, 'a': 79.0, 'p': 30.1421, 'e': 0.563647, 'id': 7, 'tq': 100}
JSON_entry: 7
Matched with first_id: 7 second_id: 5 name: 20230503_6
entry_id:20230503_6, entry saved to results list
created dirs at nodule_detection_path: output/crop992/nodules-last-detected-on/2023-05-03/6/detection and nodule_images_original_path: output/crop992/nodules-last-detected-on/2023-05-03/6
Segmented nodule image saved as output/crop992/nodules-last-detected-on/2023-05-03/6/detection/2023-05-03.jpg
Original nodule image saved as output/crop992/nodules-last-detected-on/2023-05-03/6/2023-05-03.jpg


@process_contour: max_id: 20230503_28
Moments: {'m00': 0.0, 'm10': 0.0, 'm01': 0.0, 'm20': 0.0, 'm11': 0.0, 'm02': 0.0, 'm30': 0.0, 'm21': 0.0, 'm12': 0.0, 'm03': 0.0, 'mu20': 0.0, 'mu11': 0.0, 'mu02': 0.0, 'mu30': 0.0, 'mu21': 0.0, 'mu12': 0.0, 'mu03': 0.0, 'nu20': 0.0, 'nu11': 0.0, 'nu02': 0.0, 'nu30': 0.0, 'nu21': 0.0, 'nu12': 0.0, 'nu03': 0.0}
Skipping contour#13 because area is 0.


@process_contour: max_id: 20230503_29
Moments: {'m00': 10.0, 'm10': 1851.5, 'm01': 956.6666666666666, 'm20': 342815.8333333333, 'm11': 177125.91666666666, 'm02': 91528.0, 'm30': 63476278.75, 'm21': 32795711.216666665, 'm12': 16946233.583333332, 'm03': 8757495.4, 'mu20': 10.608333333279006, 'mu11': -0.9166666666860692, 'mu02': 6.888888888890506, 'mu30': -1.0574999749660492, 'mu21': 2.6027777849618587, 'mu12': -0.22777777807709754, 'mu03': -1.3407407402992249, 'nu20': 0.10608333333279009, 'nu11': -0.009166666666860694, 'nu02': 0.06888888888890507, 'nu30': -0.003344108546463758, 'nu21': 0.008230706043767425, 'nu12': -0.0007202965790959965, 'nu03': -0.004239794491125854}
Centroid: 185, 95
Processing contour#14: area: 10.0 centroid: 185, 95 rectangle: (183, 94, 5, 4)
@find_dayJSON_match_for_contour: x: 183, y: 94, w: 5, h: 4, area: 10.0
Matched with JSON#5: (184, 95, 3, 48.0, 23.3137, 0.284956)
Match with input JSON(nodules) ID: 5
Matched contour: {'x': 184, 'y': 95, 'd': 3, 'a': 48.0, 'p': 23.3137, 'e': 0.284956, 'id': 5, 'tq': 100}
JSON_entry: 5
Matched with first_id: 5 second_id: 4 name: 20230503_4
entry_id:20230503_4, entry saved to results list
created dirs at nodule_detection_path: output/crop992/nodules-last-detected-on/2023-05-03/4/detection and nodule_images_original_path: output/crop992/nodules-last-detected-on/2023-05-03/4
Segmented nodule image saved as output/crop992/nodules-last-detected-on/2023-05-03/4/detection/2023-05-03.jpg
Original nodule image saved as output/crop992/nodules-last-detected-on/2023-05-03/4/2023-05-03.jpg


@process_contour: max_id: 20230503_30
Moments: {'m00': 16.5, 'm10': 1978.6666666666665, 'm01': 1494.8333333333333, 'm20': 237298.91666666666, 'm11': 179253.4583333333, 'm02': 135453.75, 'm30': 28461205.3, 'm21': 21496943.9, 'm12': 16242462.766666666, 'm03': 12276617.450000001, 'mu20': 18.808922558935592, 'mu11': -5.747053872066317, 'mu02': 27.889730639726622, 'mu30': -0.13155460357666016, 'mu21': -0.8023858077820023, 'mu12': -0.15603679729929354, 'mu03': 1.5940584316849709, 'nu20': 0.0690869515479728, 'nu11': -0.02110947244101494, 'nu02': 0.10244161851139257, 'nu30': -0.00011895869457811687, 'nu21': -0.0007255600765512797, 'nu12': -0.00014109680093450845, 'nu03': 0.0014414327203987503}
Centroid: 119, 90
Processing contour#15: area: 16.5 centroid: 119, 90 rectangle: (118, 88, 5, 6)
@find_dayJSON_match_for_contour: x: 118, y: 88, w: 5, h: 6, area: 16.5
Matched with JSON#4: (119, 90, 4, 75.0, 29.3137, 0.482289)
Match with input JSON(nodules) ID: 4
Matched contour: {'x': 119, 'y': 90, 'd': 4, 'a': 75.0, 'p': 29.3137, 'e': 0.482289, 'id': 4, 'tq': 100}
JSON_entry: 4
Matched with first_id: 4 second_id: 3 name: 20230512_14
entry_id:20230512_14, entry saved to results list
created dirs at nodule_detection_path: output/crop992/nodules-last-detected-on/2023-05-12/14/detection and nodule_images_original_path: output/crop992/nodules-last-detected-on/2023-05-12/14
Segmented nodule image saved as output/crop992/nodules-last-detected-on/2023-05-12/14/detection/2023-05-03.jpg
Original nodule image saved as output/crop992/nodules-last-detected-on/2023-05-12/14/2023-05-03.jpg


@process_contour: max_id: 20230503_31
Moments: {'m00': 470.0, 'm10': 23657.0, 'm01': 50811.0, 'm20': 1197436.0, 'm11': 2561859.833333333, 'm02': 5544814.333333333, 'm30': 60947164.5, 'm21': 129893771.0, 'm12': 280015521.3333333, 'm03': 610575181.5, 'mu20': 6683.555319149047, 'mu11': 4336.797163120471, 'mu02': 51712.79929077998, 'mu30': 2549.2055952847004, 'mu21': 4171.389413027326, 'mu12': -15088.634703428019, 'mu03': -47625.26708006859, 'nu20': 0.030256022268669296, 'nu11': 0.01963240001412617, 'nu02': 0.234100494752286, 'nu30': 0.0005323045987623332, 'nu21': 0.0008710359697507924, 'nu12': -0.0031506872794160273, 'nu03': -0.009944725027631048}
Centroid: 50, 108
Processing contour#16: area: 470.0 centroid: 50, 108 rectangle: (43, 88, 17, 40)
@find_dayJSON_match_for_contour: x: 43, y: 88, w: 17, h: 40, area: 470.0
Matched with JSON#3: (50, 107, 23, 1736.0, 193.397, 0.948098)
Match with input JSON(nodules) ID: 3
Matched contour: {'x': 50, 'y': 107, 'd': 23, 'a': 1736.0, 'p': 193.397, 'e': 0.948098, 'id': 3, 'tq': 100}
JSON_entry: 3
WARNING: match is empty
entry_id:20230503_31, entry saved to results list
created dirs at nodule_detection_path: output/crop992/nodules-last-detected-on/2023-05-03/31/detection and nodule_images_original_path: output/crop992/nodules-last-detected-on/2023-05-03/31
Segmented nodule image saved as output/crop992/nodules-last-detected-on/2023-05-03/31/detection/2023-05-03.jpg
Original nodule image saved as output/crop992/nodules-last-detected-on/2023-05-03/31/2023-05-03.jpg


@process_contour: max_id: 20230503_32
Moments: {'m00': 13.5, 'm10': 1477.1666666666665, 'm01': 1170.8333333333333, 'm20': 161641.25, 'm11': 128114.70833333333, 'm02': 101568.58333333333, 'm30': 17688943.55, 'm21': 14019414.816666666, 'm12': 11114024.516666666, 'm03': 8813055.450000001, 'mu20': 10.03806584366248, 'mu11': 2.414094650244806, 'mu02': 24.08744855968689, 'mu30': 1.161047600209713, 'mu21': 0.32911395026428636, 'mu12': -3.5341131977079385, 'mu03': -2.9027028400450945, 'nu20': 0.055078550582510176, 'nu11': 0.013246061181041458, 'nu02': 0.1321670702863478, 'nu30': 0.0017338662933069446, 'nu21': 0.0004914868132170233, 'nu12': -0.005277716218637557, 'nu03': -0.004334790936160987}
Centroid: 109, 86
Processing contour#17: area: 13.5 centroid: 109, 86 rectangle: (108, 84, 4, 6)
@find_dayJSON_match_for_contour: x: 108, y: 84, w: 4, h: 6, area: 13.5
Matched with JSON#2: (109, 86, 4, 72.0, 28.7279, 0.353352)
Match with input JSON(nodules) ID: 2
Matched contour: {'x': 109, 'y': 86, 'd': 4, 'a': 72.0, 'p': 28.7279, 'e': 0.353352, 'id': 2, 'tq': 100}
JSON_entry: 2
Matched with first_id: 2 second_id: 1 name: 20230503_2
entry_id:20230503_2, entry saved to results list
created dirs at nodule_detection_path: output/crop992/nodules-last-detected-on/2023-05-03/2/detection and nodule_images_original_path: output/crop992/nodules-last-detected-on/2023-05-03/2
Segmented nodule image saved as output/crop992/nodules-last-detected-on/2023-05-03/2/detection/2023-05-03.jpg
Original nodule image saved as output/crop992/nodules-last-detected-on/2023-05-03/2/2023-05-03.jpg


@process_contour: max_id: 20230503_33
Moments: {'m00': 30.0, 'm10': 5496.833333333333, 'm01': 2475.0, 'm20': 1007270.1666666666, 'm11': 453488.75, 'm02': 204241.3333333333, 'm30': 184595658.35000002, 'm21': 83099788.75, 'm12': 37422676.11666667, 'm03': 16858792.5, 'mu20': 97.61018518533092, 'mu11': 0.0, 'mu02': 53.83333333331393, 'mu30': 14.295174896717072, 'mu21': 1.2223608791828156e-09, 'mu12': -9.520370366317366, 'mu03': 3.725290298461914e-09, 'nu20': 0.10845576131703435, 'nu11': 0.0, 'nu02': 0.059814814814793255, 'nu30': 0.0028999221312642678, 'nu21': 2.4796838034825e-13, 'nu12': -0.0019313042983095342, 'nu03': 7.557131591565715e-13}
Centroid: 183, 82
Processing contour#18: area: 30.0 centroid: 183, 82 rectangle: (180, 80, 8, 6)
@find_dayJSON_match_for_contour: x: 180, y: 80, w: 8, h: 6, area: 30.0
Matched with JSON#1: (183, 82, 6, 126.0, 38.9706, 0.299258)
Match with input JSON(nodules) ID: 1
Matched contour: {'x': 183, 'y': 82, 'd': 6, 'a': 126.0, 'p': 38.9706, 'e': 0.299258, 'id': 1, 'tq': 100}
JSON_entry: 1
Matched with first_id: 1 second_id: 2 name: 20230508_4
entry_id:20230508_4, entry saved to results list
created dirs at nodule_detection_path: output/crop992/nodules-last-detected-on/2023-05-08/4/detection and nodule_images_original_path: output/crop992/nodules-last-detected-on/2023-05-08/4
Segmented nodule image saved as output/crop992/nodules-last-detected-on/2023-05-08/4/detection/2023-05-03.jpg
Original nodule image saved as output/crop992/nodules-last-detected-on/2023-05-08/4/2023-05-03.jpg


@process_contour: max_id: 20230503_34
Moments: {'m00': 3.0, 'm10': 249.0, 'm01': 212.33333333333331, 'm20': 20667.833333333332, 'm11': 17623.666666666664, 'm02': 15029.166666666666, 'm30': 1715568.5, 'm21': 1462823.2, 'm12': 1247420.8333333333, 'm03': 1063828.1, 'mu20': 0.8333333333321207, 'mu11': 0.0, 'mu02': 0.6851851851879474, 'mu30': 2.3283064365386963e-10, 'mu21': -0.114814814465106, 'mu12': -3.092281986027956e-11, 'mu03': 0.08971193409524858, 'nu20': 0.09259259259245785, 'nu11': 0.0, 'nu02': 0.07613168724310526, 'nu30': 1.4936092754350605e-11, 'nu21': -0.0073653737820428755, 'nu12': -1.98369981893719e-12, 'nu03': 0.005755023255490414}
Centroid: 83, 70
Processing contour#19: area: 3.0 centroid: 83, 70 rectangle: (82, 70, 3, 3)
@find_dayJSON_match_for_contour: x: 82, y: 70, w: 3, h: 3, area: 3.0
Matched with JSON#0: (83, 70, 2, 19.0, 14.2426, 0.784332)
Match with input JSON(nodules) ID: 0
Matched contour: {'x': 83, 'y': 70, 'd': 2, 'a': 19.0, 'p': 14.2426, 'e': 0.784332, 'id': 0, 'tq': 100}
JSON_entry: 0
Matched with first_id: 0 second_id: 0 name: 20230519_10
entry_id:20230519_10, entry saved to results list
created dirs at nodule_detection_path: output/crop992/nodules-last-detected-on/2023-05-19/10/detection and nodule_images_original_path: output/crop992/nodules-last-detected-on/2023-05-19/10
Segmented nodule image saved as output/crop992/nodules-last-detected-on/2023-05-19/10/detection/2023-05-03.jpg
Original nodule image saved as output/crop992/nodules-last-detected-on/2023-05-19/10/2023-05-03.jpg


Done analyzing contours, found 17 nodules.


results_entry: {'date': '20230503', 'json': 'output/crop992/20230503/20230503.json', 'log': 'output/crop992/20230503/crop992_20230503.log', 'image': 'data/crop992/20230503.jpg', 'plot': 'output/crop992/plots/20230501_20230503.png', 'match_stats': {'i_dict': {0: 11, 1: 1, 2: 2, 4: 1, 7: 1}, 'average_tracking_quality': 40.3333, 'distance_threshold': 20, 'lengths': {'matching': 16, 'unmatched_current': 3, 'unmatched_previous': 0}, 'averages': {'tq': -178.625, 'i': 1.0, 'dx': 18.6875, 'dy': 39.3125, 'dd': -0.125, 'da': -5.9375, 'dp': -0.5325, 'de': 0.0031}}}
