@post_process: subdir: output\crop1000\nodules-last-detected-on\2023-05-24
@generate_gif: path:output\crop1000\nodules-last-detected-on\2023-05-24\0, output_name:o.gif
len_jpg_files: 1
@generate_gif: path:output\crop1000\nodules-last-detected-on\2023-05-24\0\detection, output_name:d.gif
len_jpg_files: 1
nodules_dir: output\crop1000\nodules-last-detected-on\2023-05-24\0 has 1 entries
nodules_dir: output\crop1000\nodules-last-detected-on\2023-05-24\0 has less than 2 entries, skipping
@generate_gif: path:output\crop1000\nodules-last-detected-on\2023-05-24\1, output_name:o.gif
len_jpg_files: 4
@generate_gif: path:output\crop1000\nodules-last-detected-on\2023-05-24\1\detection, output_name:d.gif
len_jpg_files: 4
nodules_dir: output\crop1000\nodules-last-detected-on\2023-05-24\1 has 4 entries
nodules_dir: output\crop1000\nodules-last-detected-on\2023-05-24\1 has 4 entries


Plotting date: 2023-05-24

@check_overlap_helper: existing_positions:[], x:217, y:29, offset_increment:{'x': 0.6875, 'y': 0.06111111111111119}, xlim:(211.75, 217.25), ylim:(27.95, 29.05), i:0
returning: (217, 29), modified:False


Plotting date: 2023-05-22

@check_overlap_helper: existing_positions:[(217, 29)], x:216, y:28, offset_increment:{'x': 0.6875, 'y': 0.06111111111111119}, xlim:(211.75, 217.25), ylim:(27.95, 29.05), i:0
returning: (216, 28), modified:False


Plotting date: 2023-05-19

@check_overlap_helper: existing_positions:[(217, 29), (216, 28)], x:212, y:29, offset_increment:{'x': 0.6875, 'y': 0.06111111111111119}, xlim:(211.75, 217.25), ylim:(27.95, 29.05), i:0
returning: (212, 29), modified:False


Plotting date: 2023-05-17

@check_overlap_helper: existing_positions:[(217, 29), (216, 28), (212, 29)], x:214, y:28, offset_increment:{'x': 0.6875, 'y': 0.06111111111111119}, xlim:(211.75, 217.25), ylim:(27.95, 29.05), i:0
returning: (214, 28), modified:False
@generate_gif: path:output\crop1000\nodules-last-detected-on\2023-05-24\12, output_name:o.gif
len_jpg_files: 4
@generate_gif: path:output\crop1000\nodules-last-detected-on\2023-05-24\12\detection, output_name:d.gif
len_jpg_files: 4
nodules_dir: output\crop1000\nodules-last-detected-on\2023-05-24\12 has 4 entries
nodules_dir: output\crop1000\nodules-last-detected-on\2023-05-24\12 has 4 entries


Plotting date: 2023-05-24

@check_overlap_helper: existing_positions:[], x:168, y:120, offset_increment:{'x': 0.2749999999999986, 'y': 0.18333333333333396}, xlim:(165.9, 168.1), ylim:(117.85, 121.15), i:0
returning: (168, 120), modified:False


Plotting date: 2023-05-22

@check_overlap_helper: existing_positions:[(168, 120)], x:167, y:119, offset_increment:{'x': 0.2749999999999986, 'y': 0.18333333333333396}, xlim:(165.9, 168.1), ylim:(117.85, 121.15), i:0
returning: (167, 119), modified:False


Plotting date: 2023-05-19

@check_overlap_helper: existing_positions:[(168, 120), (167, 119)], x:166, y:118, offset_increment:{'x': 0.2749999999999986, 'y': 0.18333333333333396}, xlim:(165.9, 168.1), ylim:(117.85, 121.15), i:0
returning: (166, 118), modified:False


Plotting date: 2023-05-17

@check_overlap_helper: existing_positions:[(168, 120), (167, 119), (166, 118)], x:166, y:121, offset_increment:{'x': 0.2749999999999986, 'y': 0.18333333333333396}, xlim:(165.9, 168.1), ylim:(117.85, 121.15), i:0
returning: (166, 121), modified:False
@generate_gif: path:output\crop1000\nodules-last-detected-on\2023-05-24\120, output_name:o.gif
len_jpg_files: 1
@generate_gif: path:output\crop1000\nodules-last-detected-on\2023-05-24\120\detection, output_name:d.gif
len_jpg_files: 1
nodules_dir: output\crop1000\nodules-last-detected-on\2023-05-24\120 has 1 entries
nodules_dir: output\crop1000\nodules-last-detected-on\2023-05-24\120 has less than 2 entries, skipping
@generate_gif: path:output\crop1000\nodules-last-detected-on\2023-05-24\145, output_name:o.gif
len_jpg_files: 1
@generate_gif: path:output\crop1000\nodules-last-detected-on\2023-05-24\145\detection, output_name:d.gif
len_jpg_files: 1
nodules_dir: output\crop1000\nodules-last-detected-on\2023-05-24\145 has 1 entries
nodules_dir: output\crop1000\nodules-last-detected-on\2023-05-24\145 has less than 2 entries, skipping
@generate_gif: path:output\crop1000\nodules-last-detected-on\2023-05-24\171, output_name:o.gif
len_jpg_files: 1
@generate_gif: path:output\crop1000\nodules-last-detected-on\2023-05-24\171\detection, output_name:d.gif
len_jpg_files: 1
nodules_dir: output\crop1000\nodules-last-detected-on\2023-05-24\171 has 1 entries
nodules_dir: output\crop1000\nodules-last-detected-on\2023-05-24\171 has less than 2 entries, skipping
@generate_gif: path:output\crop1000\nodules-last-detected-on\2023-05-24\186, output_name:o.gif
len_jpg_files: 1
@generate_gif: path:output\crop1000\nodules-last-detected-on\2023-05-24\186\detection, output_name:d.gif
len_jpg_files: 1
nodules_dir: output\crop1000\nodules-last-detected-on\2023-05-24\186 has 1 entries
nodules_dir: output\crop1000\nodules-last-detected-on\2023-05-24\186 has less than 2 entries, skipping
@generate_gif: path:output\crop1000\nodules-last-detected-on\2023-05-24\2, output_name:o.gif
len_jpg_files: 1
@generate_gif: path:output\crop1000\nodules-last-detected-on\2023-05-24\2\detection, output_name:d.gif
len_jpg_files: 1
nodules_dir: output\crop1000\nodules-last-detected-on\2023-05-24\2 has 1 entries
nodules_dir: output\crop1000\nodules-last-detected-on\2023-05-24\2 has less than 2 entries, skipping
@generate_gif: path:output\crop1000\nodules-last-detected-on\2023-05-24\209, output_name:o.gif
len_jpg_files: 1
@generate_gif: path:output\crop1000\nodules-last-detected-on\2023-05-24\209\detection, output_name:d.gif
len_jpg_files: 1
nodules_dir: output\crop1000\nodules-last-detected-on\2023-05-24\209 has 1 entries
nodules_dir: output\crop1000\nodules-last-detected-on\2023-05-24\209 has less than 2 entries, skipping
@generate_gif: path:output\crop1000\nodules-last-detected-on\2023-05-24\211, output_name:o.gif
len_jpg_files: 1
@generate_gif: path:output\crop1000\nodules-last-detected-on\2023-05-24\211\detection, output_name:d.gif
len_jpg_files: 1
nodules_dir: output\crop1000\nodules-last-detected-on\2023-05-24\211 has 1 entries
nodules_dir: output\crop1000\nodules-last-detected-on\2023-05-24\211 has less than 2 entries, skipping
@generate_gif: path:output\crop1000\nodules-last-detected-on\2023-05-24\217, output_name:o.gif
len_jpg_files: 1
@generate_gif: path:output\crop1000\nodules-last-detected-on\2023-05-24\217\detection, output_name:d.gif
len_jpg_files: 1
nodules_dir: output\crop1000\nodules-last-detected-on\2023-05-24\217 has 1 entries
nodules_dir: output\crop1000\nodules-last-detected-on\2023-05-24\217 has less than 2 entries, skipping
@generate_gif: path:output\crop1000\nodules-last-detected-on\2023-05-24\218, output_name:o.gif
len_jpg_files: 1
@generate_gif: path:output\crop1000\nodules-last-detected-on\2023-05-24\218\detection, output_name:d.gif
len_jpg_files: 1
nodules_dir: output\crop1000\nodules-last-detected-on\2023-05-24\218 has 1 entries
nodules_dir: output\crop1000\nodules-last-detected-on\2023-05-24\218 has less than 2 entries, skipping
@generate_gif: path:output\crop1000\nodules-last-detected-on\2023-05-24\24, output_name:o.gif
len_jpg_files: 5
@generate_gif: path:output\crop1000\nodules-last-detected-on\2023-05-24\24\detection, output_name:d.gif
len_jpg_files: 5
nodules_dir: output\crop1000\nodules-last-detected-on\2023-05-24\24 has 5 entries
nodules_dir: output\crop1000\nodules-last-detected-on\2023-05-24\24 has 5 entries


Plotting date: 2023-05-24

@check_overlap_helper: existing_positions:[], x:33, y:207, offset_increment:{'x': 0.41249999999999964, 'y': 0.3055555555555556}, xlim:(32.85, 36.15), ylim:(206.75, 212.25), i:0
returning: (33, 207), modified:False


Plotting date: 2023-05-22

@check_overlap_helper: existing_positions:[(33, 207)], x:34, y:208, offset_increment:{'x': 0.41249999999999964, 'y': 0.3055555555555556}, xlim:(32.85, 36.15), ylim:(206.75, 212.25), i:0
returning: (34, 208), modified:False


Plotting date: 2023-05-19

@check_overlap_helper: existing_positions:[(33, 207), (34, 208)], x:35, y:208, offset_increment:{'x': 0.41249999999999964, 'y': 0.3055555555555556}, xlim:(32.85, 36.15), ylim:(206.75, 212.25), i:0
returning: (35, 208), modified:False


Plotting date: 2023-05-17

@check_overlap_helper: existing_positions:[(33, 207), (34, 208), (35, 208)], x:36, y:212, offset_increment:{'x': 0.41249999999999964, 'y': 0.3055555555555556}, xlim:(32.85, 36.15), ylim:(206.75, 212.25), i:0
returning: (36, 212), modified:False


Plotting date: 2023-05-15

@check_overlap_helper: existing_positions:[(33, 207), (34, 208), (35, 208), (36, 212)], x:35, y:210, offset_increment:{'x': 0.41249999999999964, 'y': 0.3055555555555556}, xlim:(32.85, 36.15), ylim:(206.75, 212.25), i:0
returning: (35, 210), modified:False
@generate_gif: path:output\crop1000\nodules-last-detected-on\2023-05-24\26, output_name:o.gif
len_jpg_files: 3
@generate_gif: path:output\crop1000\nodules-last-detected-on\2023-05-24\26\detection, output_name:d.gif
len_jpg_files: 3
nodules_dir: output\crop1000\nodules-last-detected-on\2023-05-24\26 has 3 entries
nodules_dir: output\crop1000\nodules-last-detected-on\2023-05-24\26 has 3 entries


Plotting date: 2023-05-22

@check_overlap_helper: existing_positions:[], x:30, y:195, offset_increment:{'x': 0.27500000000000036, 'y': 0.2444444444444432}, xlim:(29.9, 32.1), ylim:(194.8, 199.2), i:0
returning: (30, 195), modified:False


Plotting date: 2023-05-19

@check_overlap_helper: existing_positions:[(30, 195)], x:31, y:196, offset_increment:{'x': 0.27500000000000036, 'y': 0.2444444444444432}, xlim:(29.9, 32.1), ylim:(194.8, 199.2), i:0
returning: (31, 196), modified:False


Plotting date: 2023-05-17

@check_overlap_helper: existing_positions:[(30, 195), (31, 196)], x:32, y:199, offset_increment:{'x': 0.27500000000000036, 'y': 0.2444444444444432}, xlim:(29.9, 32.1), ylim:(194.8, 199.2), i:0
returning: (32, 199), modified:False
@generate_gif: path:output\crop1000\nodules-last-detected-on\2023-05-24\29, output_name:o.gif
len_jpg_files: 3
@generate_gif: path:output\crop1000\nodules-last-detected-on\2023-05-24\29\detection, output_name:d.gif
len_jpg_files: 3
nodules_dir: output\crop1000\nodules-last-detected-on\2023-05-24\29 has 3 entries
nodules_dir: output\crop1000\nodules-last-detected-on\2023-05-24\29 has 3 entries


Plotting date: 2023-05-24

@check_overlap_helper: existing_positions:[], x:226, y:218, offset_increment:{'x': 1.2374999999999972, 'y': 0.18333333333333396}, xlim:(216.55, 226.45), ylim:(214.85, 218.15), i:0
returning: (226, 218), modified:False


Plotting date: 2023-05-22

@check_overlap_helper: existing_positions:[(226, 218)], x:217, y:216, offset_increment:{'x': 1.2374999999999972, 'y': 0.18333333333333396}, xlim:(216.55, 226.45), ylim:(214.85, 218.15), i:0
returning: (217, 216), modified:False


Plotting date: 2023-05-19

@check_overlap_helper: existing_positions:[(226, 218), (217, 216)], x:217, y:215, offset_increment:{'x': 1.2374999999999972, 'y': 0.18333333333333396}, xlim:(216.55, 226.45), ylim:(214.85, 218.15), i:0
returning: (217, 215), modified:False
@generate_gif: path:output\crop1000\nodules-last-detected-on\2023-05-24\3, output_name:o.gif
len_jpg_files: 6
@generate_gif: path:output\crop1000\nodules-last-detected-on\2023-05-24\3\detection, output_name:d.gif
len_jpg_files: 6
nodules_dir: output\crop1000\nodules-last-detected-on\2023-05-24\3 has 6 entries
nodules_dir: output\crop1000\nodules-last-detected-on\2023-05-24\3 has 6 entries


Plotting date: 2023-05-24

@check_overlap_helper: existing_positions:[], x:75, y:42, offset_increment:{'x': 0.2749999999999986, 'y': 0.24444444444444477}, xlim:(72.9, 75.1), ylim:(41.8, 46.2), i:0
returning: (75, 42), modified:False


Plotting date: 2023-05-22

@check_overlap_helper: existing_positions:[(75, 42)], x:74, y:43, offset_increment:{'x': 0.2749999999999986, 'y': 0.24444444444444477}, xlim:(72.9, 75.1), ylim:(41.8, 46.2), i:0
returning: (74, 43), modified:False


Plotting date: 2023-05-19

@check_overlap_helper: existing_positions:[(75, 42), (74, 43)], x:73, y:43, offset_increment:{'x': 0.2749999999999986, 'y': 0.24444444444444477}, xlim:(72.9, 75.1), ylim:(41.8, 46.2), i:0
returning: (73, 43), modified:False


Plotting date: 2023-05-17

@check_overlap_helper: existing_positions:[(75, 42), (74, 43), (73, 43)], x:73, y:46, offset_increment:{'x': 0.2749999999999986, 'y': 0.24444444444444477}, xlim:(72.9, 75.1), ylim:(41.8, 46.2), i:0
returning: (73, 46), modified:False


Plotting date: 2023-05-15

@check_overlap_helper: existing_positions:[(75, 42), (74, 43), (73, 43), (73, 46)], x:74, y:45, offset_increment:{'x': 0.2749999999999986, 'y': 0.24444444444444477}, xlim:(72.9, 75.1), ylim:(41.8, 46.2), i:0
returning: (74, 45), modified:False


Plotting date: 2023-05-12

@check_overlap_helper: existing_positions:[(75, 42), (74, 43), (73, 43), (73, 46), (74, 45)], x:74, y:44, offset_increment:{'x': 0.2749999999999986, 'y': 0.24444444444444477}, xlim:(72.9, 75.1), ylim:(41.8, 46.2), i:0
returning: (74, 44), modified:False
@generate_gif: path:output\crop1000\nodules-last-detected-on\2023-05-24\37, output_name:o.gif
len_jpg_files: 1
@generate_gif: path:output\crop1000\nodules-last-detected-on\2023-05-24\37\detection, output_name:d.gif
len_jpg_files: 1
nodules_dir: output\crop1000\nodules-last-detected-on\2023-05-24\37 has 1 entries
nodules_dir: output\crop1000\nodules-last-detected-on\2023-05-24\37 has less than 2 entries, skipping
@generate_gif: path:output\crop1000\nodules-last-detected-on\2023-05-24\5, output_name:o.gif
len_jpg_files: 4
@generate_gif: path:output\crop1000\nodules-last-detected-on\2023-05-24\5\detection, output_name:d.gif
len_jpg_files: 4
nodules_dir: output\crop1000\nodules-last-detected-on\2023-05-24\5 has 4 entries
nodules_dir: output\crop1000\nodules-last-detected-on\2023-05-24\5 has 4 entries


Plotting date: 2023-05-24

@check_overlap_helper: existing_positions:[], x:149, y:58, offset_increment:{'x': 0.4125000000000014, 'y': 0.12222222222222238}, xlim:(145.85, 149.15), ylim:(57.9, 60.1), i:0
returning: (149, 58), modified:False


Plotting date: 2023-05-22

@check_overlap_helper: existing_positions:[(149, 58)], x:148, y:58, offset_increment:{'x': 0.4125000000000014, 'y': 0.12222222222222238}, xlim:(145.85, 149.15), ylim:(57.9, 60.1), i:0
returning: (148, 58), modified:False


Plotting date: 2023-05-19

@check_overlap_helper: existing_positions:[(149, 58), (148, 58)], x:146, y:58, offset_increment:{'x': 0.4125000000000014, 'y': 0.12222222222222238}, xlim:(145.85, 149.15), ylim:(57.9, 60.1), i:0
returning: (146, 58), modified:False


Plotting date: 2023-05-17

@check_overlap_helper: existing_positions:[(149, 58), (148, 58), (146, 58)], x:147, y:60, offset_increment:{'x': 0.4125000000000014, 'y': 0.12222222222222238}, xlim:(145.85, 149.15), ylim:(57.9, 60.1), i:0
returning: (147, 60), modified:False
@generate_gif: path:output\crop1000\nodules-last-detected-on\2023-05-24\59, output_name:o.gif
len_jpg_files: 1
@generate_gif: path:output\crop1000\nodules-last-detected-on\2023-05-24\59\detection, output_name:d.gif
len_jpg_files: 1
nodules_dir: output\crop1000\nodules-last-detected-on\2023-05-24\59 has 1 entries
nodules_dir: output\crop1000\nodules-last-detected-on\2023-05-24\59 has less than 2 entries, skipping
@generate_gif: path:output\crop1000\nodules-last-detected-on\2023-05-24\6, output_name:o.gif
len_jpg_files: 6
@generate_gif: path:output\crop1000\nodules-last-detected-on\2023-05-24\6\detection, output_name:d.gif
len_jpg_files: 6
nodules_dir: output\crop1000\nodules-last-detected-on\2023-05-24\6 has 6 entries
nodules_dir: output\crop1000\nodules-last-detected-on\2023-05-24\6 has 6 entries


Plotting date: 2023-05-24

@check_overlap_helper: existing_positions:[], x:36, y:70, offset_increment:{'x': 0.1374999999999993, 'y': 0.3055555555555556}, xlim:(34.95, 36.05), ylim:(69.75, 75.25), i:0
returning: (36, 70), modified:False


Plotting date: 2023-05-22

@check_overlap_helper: existing_positions:[(36, 70)], x:36, y:72, offset_increment:{'x': 0.1374999999999993, 'y': 0.3055555555555556}, xlim:(34.95, 36.05), ylim:(69.75, 75.25), i:0
returning: (36, 72), modified:False


Plotting date: 2023-05-19

@check_overlap_helper: existing_positions:[(36, 70), (36, 72)], x:35, y:71, offset_increment:{'x': 0.1374999999999993, 'y': 0.3055555555555556}, xlim:(34.95, 36.05), ylim:(69.75, 75.25), i:0
returning: (35, 71), modified:False


Plotting date: 2023-05-17

@check_overlap_helper: existing_positions:[(36, 70), (36, 72), (35, 71)], x:36, y:75, offset_increment:{'x': 0.1374999999999993, 'y': 0.3055555555555556}, xlim:(34.95, 36.05), ylim:(69.75, 75.25), i:0
returning: (36, 75), modified:False


Plotting date: 2023-05-15

@check_overlap_helper: existing_positions:[(36, 70), (36, 72), (35, 71), (36, 75)], x:35, y:74, offset_increment:{'x': 0.1374999999999993, 'y': 0.3055555555555556}, xlim:(34.95, 36.05), ylim:(69.75, 75.25), i:0
returning: (35, 74), modified:False


Plotting date: 2023-05-12

@check_overlap_helper: existing_positions:[(36, 70), (36, 72), (35, 71), (36, 75), (35, 74)], x:35, y:72, offset_increment:{'x': 0.1374999999999993, 'y': 0.3055555555555556}, xlim:(34.95, 36.05), ylim:(69.75, 75.25), i:0
returning: (35, 72), modified:False
@generate_gif: path:output\crop1000\nodules-last-detected-on\2023-05-24\8, output_name:o.gif
len_jpg_files: 4
@generate_gif: path:output\crop1000\nodules-last-detected-on\2023-05-24\8\detection, output_name:d.gif
len_jpg_files: 4
nodules_dir: output\crop1000\nodules-last-detected-on\2023-05-24\8 has 4 entries
nodules_dir: output\crop1000\nodules-last-detected-on\2023-05-24\8 has 4 entries


Plotting date: 2023-05-24

@check_overlap_helper: existing_positions:[], x:143, y:86, offset_increment:{'x': 0.4125000000000014, 'y': 0.18333333333333396}, xlim:(139.85, 143.15), ylim:(84.85, 88.15), i:0
returning: (143, 86), modified:False


Plotting date: 2023-05-22

@check_overlap_helper: existing_positions:[(143, 86)], x:141, y:86, offset_increment:{'x': 0.4125000000000014, 'y': 0.18333333333333396}, xlim:(139.85, 143.15), ylim:(84.85, 88.15), i:0
returning: (141, 86), modified:False


Plotting date: 2023-05-19

@check_overlap_helper: existing_positions:[(143, 86), (141, 86)], x:140, y:85, offset_increment:{'x': 0.4125000000000014, 'y': 0.18333333333333396}, xlim:(139.85, 143.15), ylim:(84.85, 88.15), i:0
returning: (140, 85), modified:False


Plotting date: 2023-05-17

@check_overlap_helper: existing_positions:[(143, 86), (141, 86), (140, 85)], x:141, y:88, offset_increment:{'x': 0.4125000000000014, 'y': 0.18333333333333396}, xlim:(139.85, 143.15), ylim:(84.85, 88.15), i:0
returning: (141, 88), modified:False
@post_process: output\crop1000\nodules-last-detected-on\2023-05-24, 21 nodules, took 6.46s
@post_process: subdir: output\crop1001\nodules-last-detected-on\2023-05-24
@generate_gif: path:output\crop1001\nodules-last-detected-on\2023-05-24\1, output_name:o.gif
len_jpg_files: 1
@generate_gif: path:output\crop1001\nodules-last-detected-on\2023-05-24\1\detection, output_name:d.gif
len_jpg_files: 1
nodules_dir: output\crop1001\nodules-last-detected-on\2023-05-24\1 has 1 entries
nodules_dir: output\crop1001\nodules-last-detected-on\2023-05-24\1 has less than 2 entries, skipping
@generate_gif: path:output\crop1001\nodules-last-detected-on\2023-05-24\102, output_name:o.gif
len_jpg_files: 1
@generate_gif: path:output\crop1001\nodules-last-detected-on\2023-05-24\102\detection, output_name:d.gif
len_jpg_files: 1
nodules_dir: output\crop1001\nodules-last-detected-on\2023-05-24\102 has 1 entries
nodules_dir: output\crop1001\nodules-last-detected-on\2023-05-24\102 has less than 2 entries, skipping
@generate_gif: path:output\crop1001\nodules-last-detected-on\2023-05-24\118, output_name:o.gif
len_jpg_files: 1
@generate_gif: path:output\crop1001\nodules-last-detected-on\2023-05-24\118\detection, output_name:d.gif
len_jpg_files: 1
nodules_dir: output\crop1001\nodules-last-detected-on\2023-05-24\118 has 1 entries
nodules_dir: output\crop1001\nodules-last-detected-on\2023-05-24\118 has less than 2 entries, skipping
@generate_gif: path:output\crop1001\nodules-last-detected-on\2023-05-24\120, output_name:o.gif
len_jpg_files: 2
@generate_gif: path:output\crop1001\nodules-last-detected-on\2023-05-24\120\detection, output_name:d.gif
len_jpg_files: 2
nodules_dir: output\crop1001\nodules-last-detected-on\2023-05-24\120 has 2 entries
nodules_dir: output\crop1001\nodules-last-detected-on\2023-05-24\120 has 2 entries


Plotting date: 2023-05-24

@check_overlap_helper: existing_positions:[], x:29, y:374, offset_increment:{'x': 0.3987499999999997, 'y': 0.3055555555555556}, xlim:(27.405, 30.595), ylim:(368.75, 374.25), i:0
returning: (29, 374), modified:False


Plotting date: 2023-05-22

@check_overlap_helper: existing_positions:[(29, 374)], x:29, y:369, offset_increment:{'x': 0.3987499999999997, 'y': 0.3055555555555556}, xlim:(27.405, 30.595), ylim:(368.75, 374.25), i:0
returning: (29, 369), modified:False
@generate_gif: path:output\crop1001\nodules-last-detected-on\2023-05-24\126, output_name:o.gif
len_jpg_files: 5
@generate_gif: path:output\crop1001\nodules-last-detected-on\2023-05-24\126\detection, output_name:d.gif
len_jpg_files: 5
nodules_dir: output\crop1001\nodules-last-detected-on\2023-05-24\126 has 5 entries
nodules_dir: output\crop1001\nodules-last-detected-on\2023-05-24\126 has 5 entries


Plotting date: 2023-05-24

@check_overlap_helper: existing_positions:[], x:174, y:386, offset_increment:{'x': 1.2374999999999972, 'y': 0.4277777777777803}, xlim:(172.55, 182.45), ylim:(380.65, 388.35), i:0
returning: (174, 386), modified:False


Plotting date: 2023-05-22

@check_overlap_helper: existing_positions:[(174, 386)], x:174, y:381, offset_increment:{'x': 1.2374999999999972, 'y': 0.4277777777777803}, xlim:(172.55, 182.45), ylim:(380.65, 388.35), i:0
returning: (174, 381), modified:False


Plotting date: 2023-05-19

@check_overlap_helper: existing_positions:[(174, 386), (174, 381)], x:173, y:382, offset_increment:{'x': 1.2374999999999972, 'y': 0.4277777777777803}, xlim:(172.55, 182.45), ylim:(380.65, 388.35), i:0
returning: (173, 382), modified:False


Plotting date: 2023-05-17

@check_overlap_helper: existing_positions:[(174, 386), (174, 381), (173, 382)], x:174, y:383, offset_increment:{'x': 1.2374999999999972, 'y': 0.4277777777777803}, xlim:(172.55, 182.45), ylim:(380.65, 388.35), i:0
returning: (174, 383), modified:False


Plotting date: 2023-05-15

@check_overlap_helper: existing_positions:[(174, 386), (174, 381), (173, 382), (174, 383)], x:182, y:388, offset_increment:{'x': 1.2374999999999972, 'y': 0.4277777777777803}, xlim:(172.55, 182.45), ylim:(380.65, 388.35), i:0
returning: (182, 388), modified:False
@generate_gif: path:output\crop1001\nodules-last-detected-on\2023-05-24\128, output_name:o.gif
len_jpg_files: 1
@generate_gif: path:output\crop1001\nodules-last-detected-on\2023-05-24\128\detection, output_name:d.gif
len_jpg_files: 1
nodules_dir: output\crop1001\nodules-last-detected-on\2023-05-24\128 has 1 entries
nodules_dir: output\crop1001\nodules-last-detected-on\2023-05-24\128 has less than 2 entries, skipping
@generate_gif: path:output\crop1001\nodules-last-detected-on\2023-05-24\131, output_name:o.gif
len_jpg_files: 1
@generate_gif: path:output\crop1001\nodules-last-detected-on\2023-05-24\131\detection, output_name:d.gif
len_jpg_files: 1
nodules_dir: output\crop1001\nodules-last-detected-on\2023-05-24\131 has 1 entries
nodules_dir: output\crop1001\nodules-last-detected-on\2023-05-24\131 has less than 2 entries, skipping
@generate_gif: path:output\crop1001\nodules-last-detected-on\2023-05-24\142, output_name:o.gif
len_jpg_files: 4
@generate_gif: path:output\crop1001\nodules-last-detected-on\2023-05-24\142\detection, output_name:d.gif
len_jpg_files: 4
nodules_dir: output\crop1001\nodules-last-detected-on\2023-05-24\142 has 4 entries
nodules_dir: output\crop1001\nodules-last-detected-on\2023-05-24\142 has 4 entries


Plotting date: 2023-05-24

@check_overlap_helper: existing_positions:[], x:35, y:412, offset_increment:{'x': 0.27500000000000036, 'y': 0.2444444444444432}, xlim:(33.9, 36.1), ylim:(407.8, 412.2), i:0
returning: (35, 412), modified:False


Plotting date: 2023-05-22

@check_overlap_helper: existing_positions:[(35, 412)], x:34, y:408, offset_increment:{'x': 0.27500000000000036, 'y': 0.2444444444444432}, xlim:(33.9, 36.1), ylim:(407.8, 412.2), i:0
returning: (34, 408), modified:False


Plotting date: 2023-05-19

@check_overlap_helper: existing_positions:[(35, 412), (34, 408)], x:35, y:408, offset_increment:{'x': 0.27500000000000036, 'y': 0.2444444444444432}, xlim:(33.9, 36.1), ylim:(407.8, 412.2), i:0
returning: (35, 408), modified:False


Plotting date: 2023-05-17

@check_overlap_helper: existing_positions:[(35, 412), (34, 408), (35, 408)], x:36, y:409, offset_increment:{'x': 0.27500000000000036, 'y': 0.2444444444444432}, xlim:(33.9, 36.1), ylim:(407.8, 412.2), i:0
returning: (36, 409), modified:False
@generate_gif: path:output\crop1001\nodules-last-detected-on\2023-05-24\144, output_name:o.gif
len_jpg_files: 1
@generate_gif: path:output\crop1001\nodules-last-detected-on\2023-05-24\144\detection, output_name:d.gif
len_jpg_files: 1
nodules_dir: output\crop1001\nodules-last-detected-on\2023-05-24\144 has 1 entries
nodules_dir: output\crop1001\nodules-last-detected-on\2023-05-24\144 has less than 2 entries, skipping
@generate_gif: path:output\crop1001\nodules-last-detected-on\2023-05-24\146, output_name:o.gif
len_jpg_files: 1
@generate_gif: path:output\crop1001\nodules-last-detected-on\2023-05-24\146\detection, output_name:d.gif
len_jpg_files: 1
nodules_dir: output\crop1001\nodules-last-detected-on\2023-05-24\146 has 1 entries
nodules_dir: output\crop1001\nodules-last-detected-on\2023-05-24\146 has less than 2 entries, skipping
@generate_gif: path:output\crop1001\nodules-last-detected-on\2023-05-24\147, output_name:o.gif
len_jpg_files: 1
@generate_gif: path:output\crop1001\nodules-last-detected-on\2023-05-24\147\detection, output_name:d.gif
len_jpg_files: 1
nodules_dir: output\crop1001\nodules-last-detected-on\2023-05-24\147 has 1 entries
nodules_dir: output\crop1001\nodules-last-detected-on\2023-05-24\147 has less than 2 entries, skipping
@generate_gif: path:output\crop1001\nodules-last-detected-on\2023-05-24\148, output_name:o.gif
len_jpg_files: 1
@generate_gif: path:output\crop1001\nodules-last-detected-on\2023-05-24\148\detection, output_name:d.gif
len_jpg_files: 1
nodules_dir: output\crop1001\nodules-last-detected-on\2023-05-24\148 has 1 entries
nodules_dir: output\crop1001\nodules-last-detected-on\2023-05-24\148 has less than 2 entries, skipping
@generate_gif: path:output\crop1001\nodules-last-detected-on\2023-05-24\150, output_name:o.gif
len_jpg_files: 1
@generate_gif: path:output\crop1001\nodules-last-detected-on\2023-05-24\150\detection, output_name:d.gif
len_jpg_files: 1
nodules_dir: output\crop1001\nodules-last-detected-on\2023-05-24\150 has 1 entries
nodules_dir: output\crop1001\nodules-last-detected-on\2023-05-24\150 has less than 2 entries, skipping
@generate_gif: path:output\crop1001\nodules-last-detected-on\2023-05-24\152, output_name:o.gif
len_jpg_files: 1
@generate_gif: path:output\crop1001\nodules-last-detected-on\2023-05-24\152\detection, output_name:d.gif
len_jpg_files: 1
nodules_dir: output\crop1001\nodules-last-detected-on\2023-05-24\152 has 1 entries
nodules_dir: output\crop1001\nodules-last-detected-on\2023-05-24\152 has less than 2 entries, skipping
@generate_gif: path:output\crop1001\nodules-last-detected-on\2023-05-24\154, output_name:o.gif
len_jpg_files: 2
@generate_gif: path:output\crop1001\nodules-last-detected-on\2023-05-24\154\detection, output_name:d.gif
len_jpg_files: 2
nodules_dir: output\crop1001\nodules-last-detected-on\2023-05-24\154 has 2 entries
nodules_dir: output\crop1001\nodules-last-detected-on\2023-05-24\154 has 2 entries


Plotting date: 2023-05-24

@check_overlap_helper: existing_positions:[], x:195, y:437, offset_increment:{'x': 2.6812499999999986, 'y': 0.3055555555555556}, xlim:(184.275, 205.725), ylim:(431.75, 437.25), i:0
returning: (195, 437), modified:False


Plotting date: 2023-05-22

@check_overlap_helper: existing_positions:[(195, 437)], x:195, y:432, offset_increment:{'x': 2.6812499999999986, 'y': 0.3055555555555556}, xlim:(184.275, 205.725), ylim:(431.75, 437.25), i:0
returning: (195, 432), modified:False
@generate_gif: path:output\crop1001\nodules-last-detected-on\2023-05-24\159, output_name:o.gif
len_jpg_files: 1
@generate_gif: path:output\crop1001\nodules-last-detected-on\2023-05-24\159\detection, output_name:d.gif
len_jpg_files: 1
nodules_dir: output\crop1001\nodules-last-detected-on\2023-05-24\159 has 1 entries
nodules_dir: output\crop1001\nodules-last-detected-on\2023-05-24\159 has less than 2 entries, skipping
@generate_gif: path:output\crop1001\nodules-last-detected-on\2023-05-24\160, output_name:o.gif
len_jpg_files: 2
@generate_gif: path:output\crop1001\nodules-last-detected-on\2023-05-24\160\detection, output_name:d.gif
len_jpg_files: 2
nodules_dir: output\crop1001\nodules-last-detected-on\2023-05-24\160 has 2 entries
nodules_dir: output\crop1001\nodules-last-detected-on\2023-05-24\160 has 2 entries


Plotting date: 2023-05-24

@check_overlap_helper: existing_positions:[], x:37, y:451, offset_increment:{'x': 0.27500000000000036, 'y': 0.2444444444444432}, xlim:(34.9, 37.1), ylim:(446.8, 451.2), i:0
returning: (37, 451), modified:False


Plotting date: 2023-05-22

@check_overlap_helper: existing_positions:[(37, 451)], x:35, y:447, offset_increment:{'x': 0.27500000000000036, 'y': 0.2444444444444432}, xlim:(34.9, 37.1), ylim:(446.8, 451.2), i:0
returning: (35, 447), modified:False
@generate_gif: path:output\crop1001\nodules-last-detected-on\2023-05-24\163, output_name:o.gif
len_jpg_files: 7
@generate_gif: path:output\crop1001\nodules-last-detected-on\2023-05-24\163\detection, output_name:d.gif
len_jpg_files: 7
nodules_dir: output\crop1001\nodules-last-detected-on\2023-05-24\163 has 7 entries
nodules_dir: output\crop1001\nodules-last-detected-on\2023-05-24\163 has 7 entries


Plotting date: 2023-05-24

@check_overlap_helper: existing_positions:[], x:177, y:452, offset_increment:{'x': 1.375, 'y': 0.3055555555555556}, xlim:(166.5, 177.5), ylim:(446.75, 452.25), i:0
returning: (177, 452), modified:False


Plotting date: 2023-05-22

@check_overlap_helper: existing_positions:[(177, 452)], x:177, y:447, offset_increment:{'x': 1.375, 'y': 0.3055555555555556}, xlim:(166.5, 177.5), ylim:(446.75, 452.25), i:0
returning: (177, 447), modified:False


Plotting date: 2023-05-19

@check_overlap_helper: existing_positions:[(177, 452), (177, 447)], x:176, y:449, offset_increment:{'x': 1.375, 'y': 0.3055555555555556}, xlim:(166.5, 177.5), ylim:(446.75, 452.25), i:0
returning: (176, 449), modified:False


Plotting date: 2023-05-17

@check_overlap_helper: existing_positions:[(177, 452), (177, 447), (176, 449)], x:167, y:449, offset_increment:{'x': 1.375, 'y': 0.3055555555555556}, xlim:(166.5, 177.5), ylim:(446.75, 452.25), i:0
returning: (167, 449), modified:False


Plotting date: 2023-05-15

@check_overlap_helper: existing_positions:[(177, 452), (177, 447), (176, 449), (167, 449)], x:167, y:449, offset_increment:{'x': 1.375, 'y': 0.3055555555555556}, xlim:(166.5, 177.5), ylim:(446.75, 452.25), i:0
returning: (168.375, 449), modified:True, original:(167, 449)


Plotting date: 2023-05-12

@check_overlap_helper: existing_positions:[(177, 452), (177, 447), (176, 449), (167, 449), (168.375, 449)], x:167, y:447, offset_increment:{'x': 1.375, 'y': 0.3055555555555556}, xlim:(166.5, 177.5), ylim:(446.75, 452.25), i:0
returning: (167, 447), modified:False


Plotting date: 2023-05-10

@check_overlap_helper: existing_positions:[(177, 452), (177, 447), (176, 449), (167, 449), (168.375, 449), (167, 447)], x:167, y:448, offset_increment:{'x': 1.375, 'y': 0.3055555555555556}, xlim:(166.5, 177.5), ylim:(446.75, 452.25), i:0
returning: (167, 448), modified:False
@generate_gif: path:output\crop1001\nodules-last-detected-on\2023-05-24\169, output_name:o.gif
len_jpg_files: 1
@generate_gif: path:output\crop1001\nodules-last-detected-on\2023-05-24\169\detection, output_name:d.gif
len_jpg_files: 1
nodules_dir: output\crop1001\nodules-last-detected-on\2023-05-24\169 has 1 entries
nodules_dir: output\crop1001\nodules-last-detected-on\2023-05-24\169 has less than 2 entries, skipping
@generate_gif: path:output\crop1001\nodules-last-detected-on\2023-05-24\170, output_name:o.gif
len_jpg_files: 3
@generate_gif: path:output\crop1001\nodules-last-detected-on\2023-05-24\170\detection, output_name:d.gif
len_jpg_files: 3
nodules_dir: output\crop1001\nodules-last-detected-on\2023-05-24\170 has 3 entries
nodules_dir: output\crop1001\nodules-last-detected-on\2023-05-24\170 has 3 entries


Plotting date: 2023-05-22

@check_overlap_helper: existing_positions:[], x:135, y:455, offset_increment:{'x': 3.7124999999999986, 'y': 0.6111111111111112}, xlim:(106.65, 136.35), ylim:(444.5, 455.5), i:0
returning: (135, 455), modified:False


Plotting date: 2023-05-17

@check_overlap_helper: existing_positions:[(135, 455)], x:109, y:446, offset_increment:{'x': 3.7124999999999986, 'y': 0.6111111111111112}, xlim:(106.65, 136.35), ylim:(444.5, 455.5), i:0
returning: (109, 446), modified:False


Plotting date: 2023-05-15

@check_overlap_helper: existing_positions:[(135, 455), (109, 446)], x:108, y:445, offset_increment:{'x': 3.7124999999999986, 'y': 0.6111111111111112}, xlim:(106.65, 136.35), ylim:(444.5, 455.5), i:0
returning: (108, 445), modified:False
@generate_gif: path:output\crop1001\nodules-last-detected-on\2023-05-24\171, output_name:o.gif
len_jpg_files: 1
@generate_gif: path:output\crop1001\nodules-last-detected-on\2023-05-24\171\detection, output_name:d.gif
len_jpg_files: 1
nodules_dir: output\crop1001\nodules-last-detected-on\2023-05-24\171 has 1 entries
nodules_dir: output\crop1001\nodules-last-detected-on\2023-05-24\171 has less than 2 entries, skipping
@generate_gif: path:output\crop1001\nodules-last-detected-on\2023-05-24\172, output_name:o.gif
len_jpg_files: 1
@generate_gif: path:output\crop1001\nodules-last-detected-on\2023-05-24\172\detection, output_name:d.gif
len_jpg_files: 1
nodules_dir: output\crop1001\nodules-last-detected-on\2023-05-24\172 has 1 entries
nodules_dir: output\crop1001\nodules-last-detected-on\2023-05-24\172 has less than 2 entries, skipping
@generate_gif: path:output\crop1001\nodules-last-detected-on\2023-05-24\189, output_name:o.gif
len_jpg_files: 1
@generate_gif: path:output\crop1001\nodules-last-detected-on\2023-05-24\189\detection, output_name:d.gif
len_jpg_files: 1
nodules_dir: output\crop1001\nodules-last-detected-on\2023-05-24\189 has 1 entries
nodules_dir: output\crop1001\nodules-last-detected-on\2023-05-24\189 has less than 2 entries, skipping
@generate_gif: path:output\crop1001\nodules-last-detected-on\2023-05-24\192, output_name:o.gif
len_jpg_files: 4
@generate_gif: path:output\crop1001\nodules-last-detected-on\2023-05-24\192\detection, output_name:d.gif
len_jpg_files: 4
nodules_dir: output\crop1001\nodules-last-detected-on\2023-05-24\192 has 4 entries
nodules_dir: output\crop1001\nodules-last-detected-on\2023-05-24\192 has 4 entries


Plotting date: 2023-05-24

@check_overlap_helper: existing_positions:[], x:170, y:513, offset_increment:{'x': 3.0249999999999986, 'y': 1.7111111111111086}, xlim:(146.9, 171.1), ylim:(483.6, 514.4), i:0
returning: (170, 513), modified:False


Plotting date: 2023-05-22

@check_overlap_helper: existing_positions:[(170, 513)], x:164, y:496, offset_increment:{'x': 3.0249999999999986, 'y': 1.7111111111111086}, xlim:(146.9, 171.1), ylim:(483.6, 514.4), i:0
returning: (164, 496), modified:False


Plotting date: 2023-05-19

@check_overlap_helper: existing_positions:[(170, 513), (164, 496)], x:148, y:485, offset_increment:{'x': 3.0249999999999986, 'y': 1.7111111111111086}, xlim:(146.9, 171.1), ylim:(483.6, 514.4), i:0
returning: (148, 485), modified:False


Plotting date: 2023-05-17

@check_overlap_helper: existing_positions:[(170, 513), (164, 496), (148, 485)], x:165, y:488, offset_increment:{'x': 3.0249999999999986, 'y': 1.7111111111111086}, xlim:(146.9, 171.1), ylim:(483.6, 514.4), i:0
returning: (165, 488), modified:False
@generate_gif: path:output\crop1001\nodules-last-detected-on\2023-05-24\195, output_name:o.gif
len_jpg_files: 1
@generate_gif: path:output\crop1001\nodules-last-detected-on\2023-05-24\195\detection, output_name:d.gif
len_jpg_files: 1
nodules_dir: output\crop1001\nodules-last-detected-on\2023-05-24\195 has 1 entries
nodules_dir: output\crop1001\nodules-last-detected-on\2023-05-24\195 has less than 2 entries, skipping
@generate_gif: path:output\crop1001\nodules-last-detected-on\2023-05-24\198, output_name:o.gif
len_jpg_files: 2
@generate_gif: path:output\crop1001\nodules-last-detected-on\2023-05-24\198\detection, output_name:d.gif
len_jpg_files: 2
nodules_dir: output\crop1001\nodules-last-detected-on\2023-05-24\198 has 2 entries
nodules_dir: output\crop1001\nodules-last-detected-on\2023-05-24\198 has 2 entries


Plotting date: 2023-05-24

@check_overlap_helper: existing_positions:[], x:226, y:536, offset_increment:{'x': 3.1075000000000017, 'y': 0.2444444444444495}, xlim:(213.57, 238.43), ylim:(531.8, 536.2), i:0
returning: (226, 536), modified:False


Plotting date: 2023-05-22

@check_overlap_helper: existing_positions:[(226, 536)], x:226, y:532, offset_increment:{'x': 3.1075000000000017, 'y': 0.2444444444444495}, xlim:(213.57, 238.43), ylim:(531.8, 536.2), i:0
returning: (226, 532), modified:False
@generate_gif: path:output\crop1001\nodules-last-detected-on\2023-05-24\200, output_name:o.gif
len_jpg_files: 1
@generate_gif: path:output\crop1001\nodules-last-detected-on\2023-05-24\200\detection, output_name:d.gif
len_jpg_files: 1
nodules_dir: output\crop1001\nodules-last-detected-on\2023-05-24\200 has 1 entries
nodules_dir: output\crop1001\nodules-last-detected-on\2023-05-24\200 has less than 2 entries, skipping
@generate_gif: path:output\crop1001\nodules-last-detected-on\2023-05-24\203, output_name:o.gif
len_jpg_files: 1
@generate_gif: path:output\crop1001\nodules-last-detected-on\2023-05-24\203\detection, output_name:d.gif
len_jpg_files: 1
nodules_dir: output\crop1001\nodules-last-detected-on\2023-05-24\203 has 1 entries
nodules_dir: output\crop1001\nodules-last-detected-on\2023-05-24\203 has less than 2 entries, skipping
@generate_gif: path:output\crop1001\nodules-last-detected-on\2023-05-24\204, output_name:o.gif
len_jpg_files: 3
@generate_gif: path:output\crop1001\nodules-last-detected-on\2023-05-24\204\detection, output_name:d.gif
len_jpg_files: 3
nodules_dir: output\crop1001\nodules-last-detected-on\2023-05-24\204 has 3 entries
nodules_dir: output\crop1001\nodules-last-detected-on\2023-05-24\204 has 3 entries


Plotting date: 2023-05-24

@check_overlap_helper: existing_positions:[], x:133, y:547, offset_increment:{'x': 0.2749999999999986, 'y': 0.2444444444444495}, xlim:(130.9, 133.1), ylim:(542.8, 547.2), i:0
returning: (133, 547), modified:False


Plotting date: 2023-05-22

@check_overlap_helper: existing_positions:[(133, 547)], x:131, y:543, offset_increment:{'x': 0.2749999999999986, 'y': 0.2444444444444495}, xlim:(130.9, 133.1), ylim:(542.8, 547.2), i:0
returning: (131, 543), modified:False


Plotting date: 2023-05-19

@check_overlap_helper: existing_positions:[(133, 547), (131, 543)], x:132, y:544, offset_increment:{'x': 0.2749999999999986, 'y': 0.2444444444444495}, xlim:(130.9, 133.1), ylim:(542.8, 547.2), i:0
returning: (132, 544), modified:False
@generate_gif: path:output\crop1001\nodules-last-detected-on\2023-05-24\218, output_name:o.gif
len_jpg_files: 1
@generate_gif: path:output\crop1001\nodules-last-detected-on\2023-05-24\218\detection, output_name:d.gif
len_jpg_files: 1
nodules_dir: output\crop1001\nodules-last-detected-on\2023-05-24\218 has 1 entries
nodules_dir: output\crop1001\nodules-last-detected-on\2023-05-24\218 has less than 2 entries, skipping
@generate_gif: path:output\crop1001\nodules-last-detected-on\2023-05-24\231, output_name:o.gif
len_jpg_files: 1
@generate_gif: path:output\crop1001\nodules-last-detected-on\2023-05-24\231\detection, output_name:d.gif
len_jpg_files: 1
nodules_dir: output\crop1001\nodules-last-detected-on\2023-05-24\231 has 1 entries
nodules_dir: output\crop1001\nodules-last-detected-on\2023-05-24\231 has less than 2 entries, skipping
@generate_gif: path:output\crop1001\nodules-last-detected-on\2023-05-24\236, output_name:o.gif
len_jpg_files: 1
@generate_gif: path:output\crop1001\nodules-last-detected-on\2023-05-24\236\detection, output_name:d.gif
len_jpg_files: 1
nodules_dir: output\crop1001\nodules-last-detected-on\2023-05-24\236 has 1 entries
nodules_dir: output\crop1001\nodules-last-detected-on\2023-05-24\236 has less than 2 entries, skipping
@generate_gif: path:output\crop1001\nodules-last-detected-on\2023-05-24\237, output_name:o.gif
len_jpg_files: 1
@generate_gif: path:output\crop1001\nodules-last-detected-on\2023-05-24\237\detection, output_name:d.gif
len_jpg_files: 1
nodules_dir: output\crop1001\nodules-last-detected-on\2023-05-24\237 has 1 entries
nodules_dir: output\crop1001\nodules-last-detected-on\2023-05-24\237 has less than 2 entries, skipping
@generate_gif: path:output\crop1001\nodules-last-detected-on\2023-05-24\24, output_name:o.gif
len_jpg_files: 1
@generate_gif: path:output\crop1001\nodules-last-detected-on\2023-05-24\24\detection, output_name:d.gif
len_jpg_files: 1
nodules_dir: output\crop1001\nodules-last-detected-on\2023-05-24\24 has 1 entries
nodules_dir: output\crop1001\nodules-last-detected-on\2023-05-24\24 has less than 2 entries, skipping
@generate_gif: path:output\crop1001\nodules-last-detected-on\2023-05-24\249, output_name:o.gif
len_jpg_files: 1
@generate_gif: path:output\crop1001\nodules-last-detected-on\2023-05-24\249\detection, output_name:d.gif
len_jpg_files: 1
nodules_dir: output\crop1001\nodules-last-detected-on\2023-05-24\249 has 1 entries
nodules_dir: output\crop1001\nodules-last-detected-on\2023-05-24\249 has less than 2 entries, skipping
@generate_gif: path:output\crop1001\nodules-last-detected-on\2023-05-24\25, output_name:o.gif
len_jpg_files: 1
@generate_gif: path:output\crop1001\nodules-last-detected-on\2023-05-24\25\detection, output_name:d.gif
len_jpg_files: 1
nodules_dir: output\crop1001\nodules-last-detected-on\2023-05-24\25 has 1 entries
nodules_dir: output\crop1001\nodules-last-detected-on\2023-05-24\25 has less than 2 entries, skipping
@generate_gif: path:output\crop1001\nodules-last-detected-on\2023-05-24\252, output_name:o.gif
len_jpg_files: 1
@generate_gif: path:output\crop1001\nodules-last-detected-on\2023-05-24\252\detection, output_name:d.gif
len_jpg_files: 1
nodules_dir: output\crop1001\nodules-last-detected-on\2023-05-24\252 has 1 entries
nodules_dir: output\crop1001\nodules-last-detected-on\2023-05-24\252 has less than 2 entries, skipping
@generate_gif: path:output\crop1001\nodules-last-detected-on\2023-05-24\256, output_name:o.gif
len_jpg_files: 1
@generate_gif: path:output\crop1001\nodules-last-detected-on\2023-05-24\256\detection, output_name:d.gif
len_jpg_files: 1
nodules_dir: output\crop1001\nodules-last-detected-on\2023-05-24\256 has 1 entries
nodules_dir: output\crop1001\nodules-last-detected-on\2023-05-24\256 has less than 2 entries, skipping
@generate_gif: path:output\crop1001\nodules-last-detected-on\2023-05-24\274, output_name:o.gif
len_jpg_files: 1
@generate_gif: path:output\crop1001\nodules-last-detected-on\2023-05-24\274\detection, output_name:d.gif
len_jpg_files: 1
nodules_dir: output\crop1001\nodules-last-detected-on\2023-05-24\274 has 1 entries
nodules_dir: output\crop1001\nodules-last-detected-on\2023-05-24\274 has less than 2 entries, skipping
@generate_gif: path:output\crop1001\nodules-last-detected-on\2023-05-24\32, output_name:o.gif
len_jpg_files: 1
@generate_gif: path:output\crop1001\nodules-last-detected-on\2023-05-24\32\detection, output_name:d.gif
len_jpg_files: 1
nodules_dir: output\crop1001\nodules-last-detected-on\2023-05-24\32 has 1 entries
nodules_dir: output\crop1001\nodules-last-detected-on\2023-05-24\32 has less than 2 entries, skipping
@generate_gif: path:output\crop1001\nodules-last-detected-on\2023-05-24\357, output_name:o.gif
len_jpg_files: 1
@generate_gif: path:output\crop1001\nodules-last-detected-on\2023-05-24\357\detection, output_name:d.gif
len_jpg_files: 1
nodules_dir: output\crop1001\nodules-last-detected-on\2023-05-24\357 has 1 entries
nodules_dir: output\crop1001\nodules-last-detected-on\2023-05-24\357 has less than 2 entries, skipping
@generate_gif: path:output\crop1001\nodules-last-detected-on\2023-05-24\366, output_name:o.gif
len_jpg_files: 1
@generate_gif: path:output\crop1001\nodules-last-detected-on\2023-05-24\366\detection, output_name:d.gif
len_jpg_files: 1
nodules_dir: output\crop1001\nodules-last-detected-on\2023-05-24\366 has 1 entries
nodules_dir: output\crop1001\nodules-last-detected-on\2023-05-24\366 has less than 2 entries, skipping
@generate_gif: path:output\crop1001\nodules-last-detected-on\2023-05-24\370, output_name:o.gif
len_jpg_files: 1
@generate_gif: path:output\crop1001\nodules-last-detected-on\2023-05-24\370\detection, output_name:d.gif
len_jpg_files: 1
nodules_dir: output\crop1001\nodules-last-detected-on\2023-05-24\370 has 1 entries
nodules_dir: output\crop1001\nodules-last-detected-on\2023-05-24\370 has less than 2 entries, skipping
@generate_gif: path:output\crop1001\nodules-last-detected-on\2023-05-24\38, output_name:o.gif
len_jpg_files: 1
@generate_gif: path:output\crop1001\nodules-last-detected-on\2023-05-24\38\detection, output_name:d.gif
len_jpg_files: 1
nodules_dir: output\crop1001\nodules-last-detected-on\2023-05-24\38 has 1 entries
nodules_dir: output\crop1001\nodules-last-detected-on\2023-05-24\38 has less than 2 entries, skipping
@generate_gif: path:output\crop1001\nodules-last-detected-on\2023-05-24\399, output_name:o.gif
len_jpg_files: 1
@generate_gif: path:output\crop1001\nodules-last-detected-on\2023-05-24\399\detection, output_name:d.gif
len_jpg_files: 1
nodules_dir: output\crop1001\nodules-last-detected-on\2023-05-24\399 has 1 entries
nodules_dir: output\crop1001\nodules-last-detected-on\2023-05-24\399 has less than 2 entries, skipping
@generate_gif: path:output\crop1001\nodules-last-detected-on\2023-05-24\73, output_name:o.gif
len_jpg_files: 3
@generate_gif: path:output\crop1001\nodules-last-detected-on\2023-05-24\73\detection, output_name:d.gif
len_jpg_files: 3
nodules_dir: output\crop1001\nodules-last-detected-on\2023-05-24\73 has 3 entries
nodules_dir: output\crop1001\nodules-last-detected-on\2023-05-24\73 has 3 entries


Plotting date: 2023-05-24

@check_overlap_helper: existing_positions:[], x:139, y:269, offset_increment:{'x': 0.13750000000000284, 'y': 0.3666666666666679}, xlim:(137.95, 139.05), ylim:(262.7, 269.3), i:0
returning: (139, 269), modified:False


Plotting date: 2023-05-22

@check_overlap_helper: existing_positions:[(139, 269)], x:139, y:263, offset_increment:{'x': 0.13750000000000284, 'y': 0.3666666666666679}, xlim:(137.95, 139.05), ylim:(262.7, 269.3), i:0
returning: (139, 263), modified:False


Plotting date: 2023-05-19

@check_overlap_helper: existing_positions:[(139, 269), (139, 263)], x:138, y:264, offset_increment:{'x': 0.13750000000000284, 'y': 0.3666666666666679}, xlim:(137.95, 139.05), ylim:(262.7, 269.3), i:0
returning: (138, 264), modified:False
@generate_gif: path:output\crop1001\nodules-last-detected-on\2023-05-24\76, output_name:o.gif
len_jpg_files: 6
@generate_gif: path:output\crop1001\nodules-last-detected-on\2023-05-24\76\detection, output_name:d.gif
len_jpg_files: 6
nodules_dir: output\crop1001\nodules-last-detected-on\2023-05-24\76 has 6 entries
nodules_dir: output\crop1001\nodules-last-detected-on\2023-05-24\76 has 6 entries


Plotting date: 2023-05-24

@check_overlap_helper: existing_positions:[], x:55, y:280, offset_increment:{'x': 0.1374999999999993, 'y': 0.3055555555555556}, xlim:(53.95, 55.05), ylim:(274.75, 280.25), i:0
returning: (55, 280), modified:False


Plotting date: 2023-05-22

@check_overlap_helper: existing_positions:[(55, 280)], x:55, y:275, offset_increment:{'x': 0.1374999999999993, 'y': 0.3055555555555556}, xlim:(53.95, 55.05), ylim:(274.75, 280.25), i:0
returning: (55, 275), modified:False


Plotting date: 2023-05-19

@check_overlap_helper: existing_positions:[(55, 280), (55, 275)], x:55, y:275, offset_increment:{'x': 0.1374999999999993, 'y': 0.3055555555555556}, xlim:(53.95, 55.05), ylim:(274.75, 280.25), i:0
returning: (55, 275.30555555555554), modified:True, original:(55, 275)


Plotting date: 2023-05-17

@check_overlap_helper: existing_positions:[(55, 280), (55, 275), (55, 275.30555555555554)], x:54, y:276, offset_increment:{'x': 0.1374999999999993, 'y': 0.3055555555555556}, xlim:(53.95, 55.05), ylim:(274.75, 280.25), i:0
returning: (54, 276), modified:False


Plotting date: 2023-05-15

@check_overlap_helper: existing_positions:[(55, 280), (55, 275), (55, 275.30555555555554), (54, 276)], x:54, y:275, offset_increment:{'x': 0.1374999999999993, 'y': 0.3055555555555556}, xlim:(53.95, 55.05), ylim:(274.75, 280.25), i:0
returning: (54, 275), modified:False


Plotting date: 2023-05-12

@check_overlap_helper: existing_positions:[(55, 280), (55, 275), (55, 275.30555555555554), (54, 276), (54, 275)], x:54, y:275, offset_increment:{'x': 0.1374999999999993, 'y': 0.3055555555555556}, xlim:(53.95, 55.05), ylim:(274.75, 280.25), i:0
returning: (54.1375, 275), modified:True, original:(54, 275)
@generate_gif: path:output\crop1001\nodules-last-detected-on\2023-05-24\91, output_name:o.gif
len_jpg_files: 3
@generate_gif: path:output\crop1001\nodules-last-detected-on\2023-05-24\91\detection, output_name:d.gif
len_jpg_files: 3
nodules_dir: output\crop1001\nodules-last-detected-on\2023-05-24\91 has 3 entries
nodules_dir: output\crop1001\nodules-last-detected-on\2023-05-24\91 has 3 entries


Plotting date: 2023-05-24

@check_overlap_helper: existing_positions:[], x:129, y:307, offset_increment:{'x': 0.13750000000000284, 'y': 0.3055555555555556}, xlim:(128.95, 130.05), ylim:(301.75, 307.25), i:0
returning: (129, 307), modified:False


Plotting date: 2023-05-22

@check_overlap_helper: existing_positions:[(129, 307)], x:130, y:302, offset_increment:{'x': 0.13750000000000284, 'y': 0.3055555555555556}, xlim:(128.95, 130.05), ylim:(301.75, 307.25), i:0
returning: (130, 302), modified:False


Plotting date: 2023-05-19

@check_overlap_helper: existing_positions:[(129, 307), (130, 302)], x:129, y:303, offset_increment:{'x': 0.13750000000000284, 'y': 0.3055555555555556}, xlim:(128.95, 130.05), ylim:(301.75, 307.25), i:0
returning: (129, 303), modified:False
@generate_gif: path:output\crop1001\nodules-last-detected-on\2023-05-24\97, output_name:o.gif
len_jpg_files: 1
@generate_gif: path:output\crop1001\nodules-last-detected-on\2023-05-24\97\detection, output_name:d.gif
len_jpg_files: 1
nodules_dir: output\crop1001\nodules-last-detected-on\2023-05-24\97 has 1 entries
nodules_dir: output\crop1001\nodules-last-detected-on\2023-05-24\97 has less than 2 entries, skipping
@post_process: output\crop1001\nodules-last-detected-on\2023-05-24, 49 nodules, took 9.85s
