Current memory usage: 2264.11328125 MB
@analyze_image: file_name: data/crop981/20230501.jpg, output_dir: output/crop981, external_logger: <Logger data_crop981.log (DEBUG)>
Loaded image & JSON file: data/crop981/20230501.jpg
Scaled JSON data: scalar_position: 0.5, scalar_size: 0.5

@find_prev_next_date: image_output_dir: output/crop981/20230501
data_dir: data/crop981
Previous date file: data/crop981/20230426.jpg, Next date file: data/crop981/20230503.json


Loaded prev_results from JSON file: 20230426, length: 11
Scaled JSON data: scalar_position: 0.5, scalar_size: 0.5
Loaded next_results from JSON file: 20230503, length: 36
Scaled JSON data: scalar_position: 0.5, scalar_size: 0.5
prev_results is not empty, generating matching
Current memory usage: 2264.12890625 MB
current_date:20230501, generating Matching: 20230426_20230501_matching.json
spatial_distances: (39, 11), attribute_distances: (39, 11)
combined_distances: (39, 11)
Current memory usage: 2264.12890625 MB

@find_matching: combined_distances: (39, 11), next_matching: [{'id': '20230503_0', 'p': {'id': 10, 'tq': -281.0, 'dx': 30, 'dy': -58, 'dd': -4, 'da': -96.0, 'dp': -32.11, 'de': 0.44}, 'c': {'id': 0}, 'n': {}, 'i': 0}, {'id': '20230503_1', 'p': {'id': 2, 'tq': -104.0, 'dx': 47, 'dy': -20, 'dd': -1, 'da': -16.0, 'dp': -4.83, 'de': 0.22}, 'c': {'id': 1}, 'n': {}, 'i': 0}, {'id': '20230503_2', 'p': {'id': 0, 'tq': 40.0, 'dx': 1, 'dy': 1, 'dd': 1, 'da': 36.0, 'dp': 6.0, 'de': 0.03}, 'c': {'id': 2}, 'n': {}, 'i': 0}, {'id': '20230503_3', 'p': {'id': 1, 'tq': 76.0, 'dx': 1, 'dy': 1, 'dd': 1, 'da': 9.0, 'dp': 8.45, 'de': 0.19}, 'c': {'id': 3}, 'n': {}, 'i': 0}, {'id': '20230503_4', 'p': {'id': 14, 'tq': -72.0, 'dx': -4, 'dy': -44, 'dd': 0, 'da': -11.0, 'dp': -4.41, 'de': 0.28}, 'c': {'id': 4}, 'n': {}, 'i': 0}, {'id': '20230503_5', 'p': {'id': 3, 'tq': 71.0, 'dx': 1, 'dy': 2, 'dd': 1, 'da': 10.0, 'dp': 9.9, 'de': -0.02}, 'c': {'id': 5}, 'n': {}, 'i': 0}, {'id': '20230503_6', 'p': {'id': 8, 'tq': -105.0, 'dx': 51, 'dy': -19, 'dd': 1, 'da': 8.0, 'dp': 5.24, 'de': -0.26}, 'c': {'id': 6}, 'n': {}, 'i': 0}, {'id': '20230503_7', 'p': {'id': 4, 'tq': 48.0, 'dx': 2, 'dy': 2, 'dd': 0, 'da': -25.0, 'dp': -13.07, 'de': -0.51}, 'c': {'id': 7}, 'n': {}, 'i': 0}, {'id': '20230508_6', 'p': {'id': 6, 'tq': 44.0, 'dx': 1, 'dy': 1, 'dd': 1, 'da': 34.0, 'dp': 1.76, 'de': -0.04}, 'c': {'id': 8}, 'n': {'id': 6, 'dx': 0, 'dy': -2, 'dd': 1, 'da': 58.0, 'dp': 7.66, 'de': -0.02}, 'i': 2}, {'id': '20230503_9', 'p': {'id': 7, 'tq': 72.0, 'dx': 2, 'dy': 1, 'dd': 0, 'da': 13.0, 'dp': 2.0, 'de': 0.06}, 'c': {'id': 9}, 'n': {}, 'i': 0}, {'id': '20230503_10', 'p': {'id': 11, 'tq': 61.0, 'dx': 5, 'dy': -7, 'dd': 0, 'da': 6.0, 'dp': 0.83, 'de': 0.03}, 'c': {'id': 10}, 'n': {}, 'i': 0}, {'id': '20230503_11', 'p': {'id': 12, 'tq': -206.0, 'dx': 28, 'dy': -10, 'dd': -3, 'da': -133.0, 'dp': -21.31, 'de': -0.28}, 'c': {'id': 11}, 'n': {}, 'i': 0}, {'id': '20230515_14', 'p': {'id': 9, 'tq': 16.0, 'dx': 2, 'dy': 1, 'dd': 1, 'da': 50.0, 'dp': 10.24, 'de': -0.16}, 'c': {'id': 12}, 'n': {'id': 9, 'dx': -1, 'dy': -2, 'dd': 2, 'da': 59.0, 'dp': 9.07, 'de': 0.19}, 'i': 5}, {'id': '20230503_13', 'p': {'id': 13, 'tq': -126.0, 'dx': -1, 'dy': -1, 'dd': 3, 'da': 142.0, 'dp': 40.38, 'de': 0.69}, 'c': {'id': 13}, 'n': {}, 'i': 0}, {'id': '20230503_14', 'p': {'id': 15, 'tq': -109.0, 'dx': 43, 'dy': -38, 'dd': 0, 'da': 5.0, 'dp': 1.17, 'de': 0.22}, 'c': {'id': 14}, 'n': {}, 'i': 0}, {'id': '20230503_15', 'p': {'id': 5, 'tq': -230.0, 'dx': 19, 'dy': 90, 'dd': 0, 'da': 5.0, 'dp': 2.41, 'de': 0.14}, 'c': {'id': 15}, 'n': {}, 'i': 0}, {'id': '20230607_38', 'p': {'id': 16, 'tq': -56.0, 'dx': 28, 'dy': -32, 'dd': 0, 'da': 5.0, 'dp': 0.83, 'de': -0.18}, 'c': {'id': 16}, 'n': {'id': 22, 'dx': -23, 'dy': 6, 'dd': -1, 'da': -8.0, 'dp': -2.0, 'de': -0.05}, 'i': 15}, {'id': '20230503_17', 'p': {'id': 18, 'tq': -145.0, 'dx': -56, 'dy': -15, 'dd': 2, 'da': 26.0, 'dp': 10.28, 'de': -0.33}, 'c': {'id': 17}, 'n': {}, 'i': 0}, {'id': '20230503_18', 'p': {'id': 20, 'tq': -154.0, 'dx': 38, 'dy': -37, 'dd': -1, 'da': -43.0, 'dp': -14.14, 'de': 0.03}, 'c': {'id': 18}, 'n': {}, 'i': 0}, {'id': '20230503_19', 'p': {'id': 17, 'tq': 53.0, 'dx': 0, 'dy': 1, 'dd': 1, 'da': 29.0, 'dp': 4.0, 'de': -0.06}, 'c': {'id': 19}, 'n': {}, 'i': 0}, {'id': '20230505_21', 'p': {'id': 19, 'tq': 47.0, 'dx': 5, 'dy': -8, 'dd': -1, 'da': -13.0, 'dp': -2.83, 'de': -0.01}, 'c': {'id': 20}, 'n': {'id': 30, 'dx': 20, 'dy': 9, 'dd': 0, 'da': -5.0, 'dp': -1.41, 'de': -0.24}, 'i': 1}, {'id': '20230505_20', 'p': {'id': 24, 'tq': -294.0, 'dx': -55, 'dy': -84, 'dd': -1, 'da': -28.0, 'dp': -4.83, 'de': 0.11}, 'c': {'id': 21}, 'n': {'id': 29, 'dx': 23, 'dy': -11, 'dd': 0, 'da': 5.0, 'dp': 1.41, 'de': 0.33}, 'i': 1}, {'id': '20230510_50', 'p': {'id': 21, 'tq': 11.0, 'dx': 21, 'dy': -2, 'dd': 0, 'da': 9.0, 'dp': 4.0, 'de': 0.33}, 'c': {'id': 22}, 'n': {'id': 35, 'dx': 2, 'dy': -1, 'dd': -2, 'da': -52.0, 'dp': -16.86, 'de': 0.08}, 'i': 3}, {'id': '20230503_23', 'p': {'id': 22, 'tq': 29.0, 'dx': 0, 'dy': 3, 'dd': 1, 'da': 39.0, 'dp': 10.24, 'de': 0.42}, 'c': {'id': 23}, 'n': {}, 'i': 0}, {'id': '20230503_24', 'p': {'id': 23, 'tq': 55.0, 'dx': 1, 'dy': 1, 'dd': -1, 'da': -26.0, 'dp': -6.59, 'de': 0.1}, 'c': {'id': 24}, 'n': {}, 'i': 0}, {'id': '20230503_25', 'p': {'id': 29, 'tq': -410.0, 'dx': 4, 'dy': -138, 'dd': -1, 'da': -17.0, 'dp': -5.66, 'de': -0.1}, 'c': {'id': 25}, 'n': {}, 'i': 0}, {'id': '20230503_26', 'p': {'id': 25, 'tq': 12.0, 'dx': 0, 'dy': 3, 'dd': -2, 'da': -50.0, 'dp': -13.49, 'de': 0.25}, 'c': {'id': 26}, 'n': {}, 'i': 0}, {'id': '20230503_27', 'p': {'id': 26, 'tq': 66.0, 'dx': 3, 'dy': -8, 'dd': 0, 'da': -3.0, 'dp': 0.0, 'de': -0.15}, 'c': {'id': 27}, 'n': {}, 'i': 0}, {'id': '20230503_28', 'p': {'id': 28, 'tq': -129.0, 'dx': -45, 'dy': -8, 'dd': 2, 'da': 45.0, 'dp': 9.41, 'de': -0.38}, 'c': {'id': 28}, 'n': {}, 'i': 0}, {'id': '20230512_100', 'p': {'id': 27, 'tq': 64.0, 'dx': 0, 'dy': 3, 'dd': 0, 'da': -16.0, 'dp': -4.83, 'de': 0.01}, 'c': {'id': 29}, 'n': {'id': 50, 'dx': 2, 'dy': -2, 'dd': 0, 'da': 13.0, 'dp': 4.24, 'de': -0.05}, 'i': 4}, {'id': '20230503_30', 'p': {'id': 31, 'tq': 49.0, 'dx': 2, 'dy': -8, 'dd': 1, 'da': 14.0, 'dp': 3.41, 'de': -0.07}, 'c': {'id': 30}, 'n': {}, 'i': 0}, {'id': '20230503_31', 'p': {'id': 32, 'tq': -807.0, 'dx': -16, 'dy': 64, 'dd': 9, 'da': 445.0, 'dp': 73.11, 'de': 0.13}, 'c': {'id': 31}, 'n': {}, 'i': 0}, {'id': '20230503_32', 'p': {'id': 35, 'tq': -393.0, 'dx': 99, 'dy': 17, 'dd': 4, 'da': 92.0, 'dp': 19.66, 'de': -0.32}, 'c': {'id': 32}, 'n': {}, 'i': 0}, {'id': '20230503_33', 'p': {'id': 38, 'tq': -257.0, 'dx': -36, 'dy': -54, 'dd': 3, 'da': 85.0, 'dp': 15.07, 'de': -0.63}, 'c': {'id': 33}, 'n': {}, 'i': 0}, {'id': '20230503_34', 'p': {'id': 37, 'tq': -61.0, 'dx': -25, 'dy': -32, 'dd': 1, 'da': 11.0, 'dp': 6.17, 'de': -0.08}, 'c': {'id': 34}, 'n': {}, 'i': 0}, {'id': '20230503_35', 'p': {'id': 36, 'tq': -79.0, 'dx': -12, 'dy': -29, 'dd': 2, 'da': 45.0, 'dp': 10.24, 'de': 0.08}, 'c': {'id': 35}, 'n': {}, 'i': 0}], current_date_string: 20230501, distance_threshold: 20
tq < 0
matched entry: {'id': '20230505_21', 'p': {'id': 19, 'tq': 47.0, 'dx': 5, 'dy': -8, 'dd': -1, 'da': -13.0, 'dp': -2.83, 'de': -0.01}, 'c': {'id': 20}, 'n': {'id': 30, 'dx': 20, 'dy': 9, 'dd': 0, 'da': -5.0, 'dp': -1.41, 'de': -0.24}, 'i': 1}, len(matching): 1
matched entry: {'id': '20230510_50', 'p': {'id': 21, 'tq': 11.0, 'dx': 21, 'dy': -2, 'dd': 0, 'da': 9.0, 'dp': 4.0, 'de': 0.33}, 'c': {'id': 22}, 'n': {'id': 35, 'dx': 2, 'dy': -1, 'dd': -2, 'da': -52.0, 'dp': -16.86, 'de': 0.08}, 'i': 3}, len(matching): 2
matched entry: {'id': '20230503_23', 'p': {'id': 22, 'tq': 29.0, 'dx': 0, 'dy': 3, 'dd': 1, 'da': 39.0, 'dp': 10.24, 'de': 0.42}, 'c': {'id': 23}, 'n': {}, 'i': 0}, len(matching): 3
tq < 0
matched entry: {'id': '20230503_27', 'p': {'id': 26, 'tq': 66.0, 'dx': 3, 'dy': -8, 'dd': 0, 'da': -3.0, 'dp': 0.0, 'de': -0.15}, 'c': {'id': 27}, 'n': {}, 'i': 0}, len(matching): 5
tq < 0
tq < 0
tq < 0
tq < 0
i_dict: {0: 7, 1: 2, 2: 1, 4: 1}
tq_average: -106.8182, dx_average: 11.5455, dy_average: -13.9091, dd_average: -0.2727, da_average: -5.3636, dp_average: -1.0091, de_average: -0.0191
average_tracking_quality: 46.8333
@find_matching:
Returning:
Matching(lenght=11): [{'id': '20230501_0', 'p': {'id': 0, 'tq': 11.0, 'dx': -15, 'dy': -1, 'dd': 1, 'da': 24.0, 'dp': 2.83, 'de': -0.04}, 'c': {'id': 12}, 'n': {}, 'i': 0}, {'id': '20230505_21', 'p': {'id': 1, 'tq': 27.0, 'dx': -12, 'dy': -3, 'dd': 1, 'da': 19.0, 'dp': 5.66, 'de': -0.03}, 'c': {'id': 19}, 'n': {'id': 20, 'dx': 5, 'dy': -8, 'dd': -1, 'da': -13.0, 'dp': -2.83, 'de': -0.01}, 'i': 2}, {'id': '20230510_50', 'p': {'id': 4, 'tq': -463.0, 'dx': 3, 'dy': -139, 'dd': 2, 'da': 48.0, 'dp': 16.66, 'de': -0.29}, 'c': {'id': 21}, 'n': {'id': 22, 'dx': 21, 'dy': -2, 'dd': 0, 'da': 9.0, 'dp': 4.0, 'de': 0.33}, 'i': 4}, {'id': '20230503_23', 'p': {'id': 2, 'tq': 77.0, 'dx': -1, 'dy': 0, 'dd': 1, 'da': 13.0, 'dp': 2.0, 'de': -0.22}, 'c': {'id': 22}, 'n': {'id': 23, 'dx': 0, 'dy': 3, 'dd': 1, 'da': 39.0, 'dp': 10.24, 'de': 0.42}, 'i': 1}, {'id': '20230501_4', 'p': {'id': 3, 'tq': 41.0, 'dx': -8, 'dy': -5, 'dd': 0, 'da': 17.0, 'dp': 2.59, 'de': -0.28}, 'c': {'id': 24}, 'n': {}, 'i': 0}, {'id': '20230503_27', 'p': {'id': 5, 'tq': 52.0, 'dx': -6, 'dy': -6, 'dd': 0, 'da': 12.0, 'dp': 1.41, 'de': 0.13}, 'c': {'id': 26}, 'n': {'id': 27, 'dx': 3, 'dy': -8, 'dd': 0, 'da': -3.0, 'dp': 0.0, 'de': -0.15}, 'i': 1}, {'id': '20230501_6', 'p': {'id': 6, 'tq': -363.0, 'dx': 125, 'dy': -17, 'dd': 0, 'da': 13.0, 'dp': 5.31, 'de': 0.38}, 'c': {'id': 28}, 'n': {}, 'i': 0}, {'id': '20230501_7', 'p': {'id': 7, 'tq': -112.0, 'dx': 25, 'dy': -44, 'dd': -1, 'da': -23.0, 'dp': -3.17, 'de': 0.17}, 'c': {'id': 29}, 'n': {}, 'i': 0}, {'id': '20230501_8', 'p': {'id': 8, 'tq': 73.0, 'dx': 1, 'dy': 1, 'dd': -1, 'da': -13.0, 'dp': -7.07, 'de': -0.0}, 'c': {'id': 33}, 'n': {}, 'i': 0}, {'id': '20230501_9', 'p': {'id': 9, 'tq': -195.0, 'dx': -48, 'dy': 8, 'dd': -3, 'da': -81.0, 'dp': -19.66, 'de': -0.05}, 'c': {'id': 35}, 'n': {}, 'i': 0}, {'id': '20230501_10', 'p': {'id': 10, 'tq': -323.0, 'dx': 63, 'dy': 53, 'dd': -3, 'da': -88.0, 'dp': -17.66, 'de': 0.02}, 'c': {'id': 36}, 'n': {}, 'i': 0}]
Unmatched current(length=28): {0, 1, 2, 3, 4, 5, 6, 7, 8, 9, 10, 11, 13, 14, 15, 16, 17, 18, 20, 23, 25, 27, 30, 31, 32, 34, 37, 38}
Unmatched previous(length=0): set()
Distance threshold: 20



@plot_data: normalized_points: (39, 2), normalized_prev_points: (11, 2), current_points: (39, 2), prev_points: (11, 2), current_data: 39, prev_data: 11, matching: 11, unmatched_current: 28, unmatched_prev: 0, combined_distances: (39, 11), distance_threshold: 20, current_date_string: 20230501, previous_date_string: 20230426, filename: output/crop981/plots/20230426_20230501.png
Plots created
Plotted the normalized points
Drawing lines between the matched points
Plotting the unmatched points
Plotted the original points with diameter as size
Drawing lines between the matched points and add the indices to the plots with color coding
Setting the titles and labels
Done plotting

@process_image: output_dir: output/crop981/20230501, image_name: 20230501, date_string: 20230501
len(json_data) = 39 json_data entries
len(matching) = 11 matching entries, setting max_id_i to 11
crop_dir: output/crop981
nodules_dir: output/crop981/nodules-last-detected-on
Split image into left and right images: (705, 300, 3), (705, 300, 3)
Converted right image to HSV: (705, 300, 3)
Created mask to detect nodules: (705, 300)

Found 33 contours in mask, processing each contour...

@process_contour: max_id: 20230501_11
Moments: {'m00': 2.0, 'm10': 283.0, 'm01': 1388.0, 'm20': 40044.666666666664, 'm11': 196402.0, 'm02': 963272.6666666666, 'm30': 5666367.5, 'm21': 27790998.666666668, 'm12': 136303082.33333334, 'm03': 668512156.0, 'mu20': 0.16666666666424135, 'mu11': 0.0, 'mu02': 0.6666666666278616, 'mu30': 9.313225746154785e-10, 'mu21': 2.9249349609017372e-09, 'mu12': 1.5425030142068863e-08, 'mu03': 1.1920928955078125e-07, 'nu20': 0.04166666666606034, 'nu11': 0.0, 'nu02': 0.1666666666569654, 'nu30': 1.6463612699567982e-10, 'nu21': 5.17060336345807e-10, 'nu12': 2.726785853365947e-09, 'nu03': 2.1073424255447017e-08}
Centroid: 141, 694
Processing contour#1: area: 2.0 centroid: 141, 694 rectangle: (141, 693, 2, 3)
@find_dayJSON_match_for_contour: x: 141, y: 693, w: 2, h: 3, area: 2.0
Matched with JSON#36: (141, 694, 4, 78.0, 29.5563, 0.55466)
Match with input JSON(nodules) ID: 36
Matched contour: {'x': 141, 'y': 694, 'd': 4, 'a': 78.0, 'p': 29.5563, 'e': 0.55466, 'id': 36, 'tq': 100}
JSON_entry: 36
Matched with first_id: 36 second_id: 10 name: 20230501_10
entry_id:20230501_10, entry saved to results list
WARNING: right_nodule_img.shape != (50, 50, 3) != (36, 50, 3)
@process_contour: max_id: 20230501_12
Moments: {'m00': 0.0, 'm10': 0.0, 'm01': 0.0, 'm20': 0.0, 'm11': 0.0, 'm02': 0.0, 'm30': 0.0, 'm21': 0.0, 'm12': 0.0, 'm03': 0.0, 'mu20': 0.0, 'mu11': 0.0, 'mu02': 0.0, 'mu30': 0.0, 'mu21': 0.0, 'mu12': 0.0, 'mu03': 0.0, 'nu20': 0.0, 'nu11': 0.0, 'nu02': 0.0, 'nu30': 0.0, 'nu21': 0.0, 'nu12': 0.0, 'nu03': 0.0}
Skipping contour#2 because area is 0.


@process_contour: max_id: 20230501_13
Moments: {'m00': 1.0, 'm10': 30.5, 'm01': 586.5, 'm20': 930.3333333333333, 'm11': 17888.25, 'm02': 343982.3333333333, 'm30': 28380.25, 'm21': 545640.5, 'm12': 10491461.166666666, 'm03': 201745736.25, 'mu20': 0.08333333333325754, 'mu11': 0.0, 'mu02': 0.08333333331393078, 'mu30': 7.275957614183426e-12, 'mu21': 4.445155354915187e-11, 'mu12': -2.9103830456733704e-11, 'mu03': 2.9802322387695312e-08, 'nu20': 0.08333333333325754, 'nu11': 0.0, 'nu02': 0.08333333331393078, 'nu30': 7.275957614183426e-12, 'nu21': 4.445155354915187e-11, 'nu12': -2.9103830456733704e-11, 'nu03': 2.9802322387695312e-08}
Centroid: 30, 586
Processing contour#3: area: 1.0 centroid: 30, 586 rectangle: (30, 586, 2, 2)
@find_dayJSON_match_for_contour: x: 30, y: 586, w: 2, h: 2, area: 1.0
Matched with JSON#33: (30, 587, 1, 7.0, 8.2426, 0.750061)
Match with input JSON(nodules) ID: 33
Matched contour: {'x': 30, 'y': 587, 'd': 1, 'a': 7.0, 'p': 8.2426, 'e': 0.750061, 'id': 33, 'tq': 100}
JSON_entry: 33
Matched with first_id: 33 second_id: 8 name: 20230501_8
entry_id:20230501_8, entry saved to results list
created dirs at nodule_detection_path: output/crop981/nodules-last-detected-on/2023-05-01/8/detection and nodule_images_original_path: output/crop981/nodules-last-detected-on/2023-05-01/8
Segmented nodule image saved as output/crop981/nodules-last-detected-on/2023-05-01/8/detection/2023-05-01.jpg
Original nodule image saved as output/crop981/nodules-last-detected-on/2023-05-01/8/2023-05-01.jpg


@process_contour: max_id: 20230501_14
Moments: {'m00': 11.0, 'm10': 2449.5, 'm01': 6253.5, 'm20': 545465.0, 'm11': 1392540.75, 'm02': 3555131.6666666665, 'm30': 121467758.75, 'm21': 310096852.5, 'm12': 791663184.6666666, 'm03': 2021111586.75, 'mu20': 5.886363636353053, 'mu11': 0.0, 'mu02': 16.916666666511446, 'mu30': -0.7768595069646835, 'mu21': -1.5657860785722733e-08, 'mu12': 1.2575757524041364, 'mu03': 2.384185791015625e-07, 'nu20': 0.0486476333582897, 'nu11': 0.0, 'nu02': 0.13980716253315245, 'nu30': -0.001935801276801159, 'nu21': -3.901671618772479e-11, 'nu12': 0.0031336640993038342, 'nu03': 5.940983996465455e-10}
Centroid: 222, 568
Processing contour#4: area: 11.0 centroid: 222, 568 rectangle: (221, 566, 4, 6)
@find_dayJSON_match_for_contour: x: 221, y: 566, w: 4, h: 6, area: 11.0
Matched with JSON#32: (222, 568, 3, 37.0, 20.4853, 0.690704)
Match with input JSON(nodules) ID: 32
Matched contour: {'x': 222, 'y': 568, 'd': 3, 'a': 37.0, 'p': 20.4853, 'e': 0.690704, 'id': 32, 'tq': 100}
JSON_entry: 32
WARNING: match is empty
entry_id:20230501_14, entry saved to results list
created dirs at nodule_detection_path: output/crop981/nodules-last-detected-on/2023-05-01/14/detection and nodule_images_original_path: output/crop981/nodules-last-detected-on/2023-05-01/14
Segmented nodule image saved as output/crop981/nodules-last-detected-on/2023-05-01/14/detection/2023-05-01.jpg
Original nodule image saved as output/crop981/nodules-last-detected-on/2023-05-01/14/2023-05-01.jpg


@process_contour: max_id: 20230501_15
Moments: {'m00': 18.5, 'm10': 4705.666666666666, 'm01': 9811.666666666666, 'm20': 1196962.9166666665, 'm11': 2495702.875, 'm02': 5203746.916666666, 'm30': 304474087.8, 'm21': 634823617.6833333, 'm12': 1323630975.6833334, 'm03': 2759890630.8, 'mu20': 27.847597597632557, 'mu11': 3.805930931121111, 'mu02': 27.847597597166896, 'mu30': 2.3287585377693176, 'mu21': -2.293914281695834, 'mu12': -2.293914071979998, 'mu03': 2.3287596702575684, 'nu20': 0.08136624571989061, 'nu11': 0.01112032412307118, 'nu02': 0.08136624571853002, 'nu30': 0.0015819586923020747, 'nu21': -0.0015582884951226591, 'nu12': -0.0015582883526597184, 'nu03': 0.0015819594616173999}
Centroid: 254, 530
Processing contour#5: area: 18.5 centroid: 254, 530 rectangle: (252, 528, 6, 6)
@find_dayJSON_match_for_contour: x: 252, y: 528, w: 6, h: 6, area: 18.5
Matched with JSON#31: (254, 530, 3, 50.0, 23.8995, 0.452491)
Match with input JSON(nodules) ID: 31
Matched contour: {'x': 254, 'y': 530, 'd': 3, 'a': 50.0, 'p': 23.8995, 'e': 0.452491, 'id': 31, 'tq': 100}
JSON_entry: 31
WARNING: match is empty
entry_id:20230501_15, entry saved to results list
created dirs at nodule_detection_path: output/crop981/nodules-last-detected-on/2023-05-01/15/detection and nodule_images_original_path: output/crop981/nodules-last-detected-on/2023-05-01/15
Segmented nodule image saved as output/crop981/nodules-last-detected-on/2023-05-01/15/detection/2023-05-01.jpg
Original nodule image saved as output/crop981/nodules-last-detected-on/2023-05-01/15/2023-05-01.jpg


@process_contour: max_id: 20230501_16
Moments: {'m00': 1.0, 'm10': 192.5, 'm01': 460.5, 'm20': 37056.33333333333, 'm11': 88646.25, 'm02': 212060.3333333333, 'm30': 7133376.25, 'm21': 17064441.5, 'm12': 40821614.166666664, 'm03': 97653860.25, 'mu20': 0.0833333333284827, 'mu11': 0.0, 'mu02': 0.08333333331393078, 'mu30': 2.7939677238464355e-09, 'mu21': 2.2337189875543118e-09, 'mu12': 1.2514647096395493e-09, 'mu03': 2.9802322387695312e-08, 'nu20': 0.0833333333284827, 'nu11': 0.0, 'nu02': 0.08333333331393078, 'nu30': 2.7939677238464355e-09, 'nu21': 2.2337189875543118e-09, 'nu12': 1.2514647096395493e-09, 'nu03': 2.9802322387695312e-08}
Centroid: 192, 460
Processing contour#6: area: 1.0 centroid: 192, 460 rectangle: (192, 460, 2, 2)
@find_dayJSON_match_for_contour: x: 192, y: 460, w: 2, h: 2, area: 1.0
Matched with JSON#30: (192, 460, 2, 13.0, 11.2426, 0.642403)
Match with input JSON(nodules) ID: 30
Matched contour: {'x': 192, 'y': 460, 'd': 2, 'a': 13.0, 'p': 11.2426, 'e': 0.642403, 'id': 30, 'tq': 100}
JSON_entry: 30
WARNING: match is empty
entry_id:20230501_16, entry saved to results list
created dirs at nodule_detection_path: output/crop981/nodules-last-detected-on/2023-05-01/16/detection and nodule_images_original_path: output/crop981/nodules-last-detected-on/2023-05-01/16
Segmented nodule image saved as output/crop981/nodules-last-detected-on/2023-05-01/16/detection/2023-05-01.jpg
Original nodule image saved as output/crop981/nodules-last-detected-on/2023-05-01/16/2023-05-01.jpg


@process_contour: max_id: 20230501_17
Moments: {'m00': 16.5, 'm10': 949.8333333333333, 'm01': 7071.166666666666, 'm20': 54701.416666666664, 'm11': 407054.125, 'm02': 3030409.4166666665, 'm30': 3151640.95, 'm21': 23442337.85, 'm12': 174445602.31666666, 'm03': 1298717353.5500002, 'mu20': 23.637205387210997, 'mu11': -2.2268518517958, 'mu02': 21.65740740764886, 'mu30': -3.3979831989854574, 'mu21': -1.7788814083105535, 'mu12': 3.2429666568930315, 'mu03': -0.3748970031738281, 'nu20': 0.08682169104577044, 'nu11': -0.008179437472160883, 'nu02': 0.07954970581321896, 'nu30': -0.0030726377835507265, 'nu21': -0.0016085595212074286, 'nu12': 0.002932463551832694, 'nu03': -0.0003390018812440782}
Centroid: 57, 428
Processing contour#7: area: 16.5 centroid: 57, 428 rectangle: (55, 426, 6, 6)
@find_dayJSON_match_for_contour: x: 55, y: 426, w: 6, h: 6, area: 16.5
Matched with JSON#29: (57, 428, 4, 65.0, 29.5563, 0.66534)
Match with input JSON(nodules) ID: 29
Matched contour: {'x': 57, 'y': 428, 'd': 4, 'a': 65.0, 'p': 29.5563, 'e': 0.66534, 'id': 29, 'tq': 100}
JSON_entry: 29
Matched with first_id: 29 second_id: 7 name: 20230501_7
entry_id:20230501_7, entry saved to results list
created dirs at nodule_detection_path: output/crop981/nodules-last-detected-on/2023-05-01/7/detection and nodule_images_original_path: output/crop981/nodules-last-detected-on/2023-05-01/7
Segmented nodule image saved as output/crop981/nodules-last-detected-on/2023-05-01/7/detection/2023-05-01.jpg
Original nodule image saved as output/crop981/nodules-last-detected-on/2023-05-01/7/2023-05-01.jpg


@process_contour: max_id: 20230501_18
Moments: {'m00': 9.0, 'm10': 1399.5, 'm01': 3631.5, 'm20': 217629.0, 'm11': 564698.25, 'm02': 1465317.0, 'm30': 33843408.75, 'm21': 87813301.5, 'm12': 227856793.5, 'm03': 591260856.75, 'mu20': 6.75, 'mu11': 0.0, 'mu02': 6.75, 'mu30': 0.0, 'mu21': 0.0, 'mu12': 0.0, 'mu03': 0.0, 'nu20': 0.08333333333333333, 'nu11': 0.0, 'nu02': 0.08333333333333333, 'nu30': 0.0, 'nu21': 0.0, 'nu12': 0.0, 'nu03': 0.0}
Centroid: 155, 403
Processing contour#8: area: 9.0 centroid: 155, 403 rectangle: (154, 402, 4, 4)
@find_dayJSON_match_for_contour: x: 154, y: 402, w: 4, h: 4, area: 9.0
Matched with JSON#28: (155, 403, 3, 48.0, 24.7279, 0.729826)
Match with input JSON(nodules) ID: 28
Matched contour: {'x': 155, 'y': 403, 'd': 3, 'a': 48.0, 'p': 24.7279, 'e': 0.729826, 'id': 28, 'tq': 100}
JSON_entry: 28
Matched with first_id: 28 second_id: 6 name: 20230501_6
entry_id:20230501_6, entry saved to results list
created dirs at nodule_detection_path: output/crop981/nodules-last-detected-on/2023-05-01/6/detection and nodule_images_original_path: output/crop981/nodules-last-detected-on/2023-05-01/6
Segmented nodule image saved as output/crop981/nodules-last-detected-on/2023-05-01/6/detection/2023-05-01.jpg
Original nodule image saved as output/crop981/nodules-last-detected-on/2023-05-01/6/2023-05-01.jpg


@process_contour: max_id: 20230501_19
Moments: {'m00': 33.0, 'm10': 8061.833333333333, 'm01': 13175.333333333332, 'm20': 1969569.6666666665, 'm11': 3218715.583333333, 'm02': 5260384.5, 'm30': 481201018.85, 'm21': 786359684.95, 'm12': 1285107895.95, 'm03': 2100301183.6000001, 'mu20': 80.06986531987786, 'mu11': 8.266835016664118, 'mu02': 99.39562289603055, 'mu30': 6.399272263050079, 'mu21': -17.26962878449558, 'mu12': -11.470118574372464, 'mu03': 20.268877267837524, 'nu20': 0.07352604712569134, 'nu11': 0.00759121672788257, 'nu02': 0.0912723809880905, 'nu30': 0.0010229295825289915, 'nu21': -0.0027605661138935156, 'nu12': -0.0018335090495506605, 'nu03': 0.003239998754489335}
Centroid: 244, 399
Processing contour#9: area: 33.0 centroid: 244, 399 rectangle: (241, 396, 8, 8)
@find_dayJSON_match_for_contour: x: 241, y: 396, w: 8, h: 8, area: 33.0
Matched with JSON#26: (244, 399, 6, 136.0, 40.9706, 0.445491)
Match with input JSON(nodules) ID: 26
Matched contour: {'x': 244, 'y': 399, 'd': 6, 'a': 136.0, 'p': 40.9706, 'e': 0.445491, 'id': 26, 'tq': 100}
JSON_entry: 26
Matched with first_id: 26 second_id: 5 name: 20230503_27
entry_id:20230503_27, entry saved to results list
created dirs at nodule_detection_path: output/crop981/nodules-last-detected-on/2023-05-03/27/detection and nodule_images_original_path: output/crop981/nodules-last-detected-on/2023-05-03/27
Segmented nodule image saved as output/crop981/nodules-last-detected-on/2023-05-03/27/detection/2023-05-01.jpg
Original nodule image saved as output/crop981/nodules-last-detected-on/2023-05-03/27/2023-05-01.jpg


@process_contour: max_id: 20230501_20
Moments: {'m00': 19.0, 'm10': 4256.5, 'm01': 7579.166666666666, 'm20': 953602.6666666666, 'm11': 1697933.3333333333, 'm02': 3023382.0, 'm30': 213647623.25, 'm21': 380395698.3, 'm12': 677317565.8333334, 'm03': 1206058286.65, 'mu20': 34.6535087719094, 'mu11': 0.5482456141617149, 'mu02': 25.823099416214973, 'mu30': 4.513850450515747, 'mu21': 2.949507564650048, 'mu12': -2.245075519454076, 'mu03': -3.357823371887207, 'nu20': 0.09599309909116176, 'nu11': 0.0015186859118053043, 'nu02': 0.07153213134685586, 'nu30': 0.002868554885559656, 'nu21': 0.001874413968146715, 'nu12': -0.001426746947064791, 'nu03': -0.0021338989281696062}
Centroid: 224, 398
Processing contour#10: area: 19.0 centroid: 224, 398 rectangle: (221, 396, 7, 6)
@find_dayJSON_match_for_contour: x: 221, y: 396, w: 7, h: 6, area: 19.0
Matched with JSON#27: (224, 398, 4, 77.0, 30.7279, 0.426717)
Match with input JSON(nodules) ID: 27
Matched contour: {'x': 224, 'y': 398, 'd': 4, 'a': 77.0, 'p': 30.7279, 'e': 0.426717, 'id': 27, 'tq': 100}
JSON_entry: 27
WARNING: match is empty
entry_id:20230501_20, entry saved to results list
created dirs at nodule_detection_path: output/crop981/nodules-last-detected-on/2023-05-01/20/detection and nodule_images_original_path: output/crop981/nodules-last-detected-on/2023-05-01/20
Segmented nodule image saved as output/crop981/nodules-last-detected-on/2023-05-01/20/detection/2023-05-01.jpg
Original nodule image saved as output/crop981/nodules-last-detected-on/2023-05-01/20/2023-05-01.jpg


@process_contour: max_id: 20230501_21
Moments: {'m00': 15.0, 'm10': 4072.5, 'm01': 5377.5, 'm20': 1105695.0, 'm11': 1459991.25, 'm02': 1927865.0, 'm30': 300202301.25, 'm21': 396391657.5, 'm12': 523415347.5, 'm03': 691162008.75, 'mu20': 11.25, 'mu11': 0.0, 'mu02': 31.25, 'mu30': 0.0, 'mu21': 0.0, 'mu12': 0.0, 'mu03': 0.0, 'nu20': 0.05, 'nu11': 0.0, 'nu02': 0.1388888888888889, 'nu30': 0.0, 'nu21': 0.0, 'nu12': 0.0, 'nu03': 0.0}
Centroid: 271, 358
Processing contour#11: area: 15.0 centroid: 271, 358 rectangle: (270, 356, 4, 6)
@find_dayJSON_match_for_contour: x: 270, y: 356, w: 4, h: 6, area: 15.0
Matched with JSON#25: (271, 358, 4, 69.0, 28.1421, 0.418818)
Match with input JSON(nodules) ID: 25
Matched contour: {'x': 271, 'y': 358, 'd': 4, 'a': 69.0, 'p': 28.1421, 'e': 0.418818, 'id': 25, 'tq': 100}
JSON_entry: 25
WARNING: match is empty
entry_id:20230501_21, entry saved to results list
created dirs at nodule_detection_path: output/crop981/nodules-last-detected-on/2023-05-01/21/detection and nodule_images_original_path: output/crop981/nodules-last-detected-on/2023-05-01/21
Segmented nodule image saved as output/crop981/nodules-last-detected-on/2023-05-01/21/detection/2023-05-01.jpg
Original nodule image saved as output/crop981/nodules-last-detected-on/2023-05-01/21/2023-05-01.jpg


@process_contour: max_id: 20230501_22
Moments: {'m00': 21.5, 'm10': 3960.0, 'm01': 7020.833333333333, 'm20': 729413.0833333333, 'm11': 1293141.125, 'm02': 2292695.9166666665, 'm30': 134361104.9, 'm21': 238190711.4, 'm12': 422283625.6333333, 'm03': 748706909.45, 'mu20': 36.33914728683885, 'mu11': 1.5901162791997194, 'mu02': 40.07041343674064, 'mu30': 6.479232043027878, 'mu21': 0.5647887587638252, 'mu12': -9.617027248060367, 'mu03': -0.7974059581756592, 'nu20': 0.07861362311917544, 'nu11': 0.0034399486840448225, 'nu02': 0.08668558883015821, 'nu30': 0.0030229250813554394, 'nu21': 0.00026350562739483414, 'nu12': -0.00448688250137969, 'nu03': -0.0003720345953013579}
Centroid: 184, 326
Processing contour#12: area: 21.5 centroid: 184, 326 rectangle: (182, 324, 6, 6)
@find_dayJSON_match_for_contour: x: 182, y: 324, w: 6, h: 6, area: 21.5
Matched with JSON#24: (184, 326, 5, 100.0, 34.1421, 0.294394)
Match with input JSON(nodules) ID: 24
Matched contour: {'x': 184, 'y': 326, 'd': 5, 'a': 100.0, 'p': 34.1421, 'e': 0.294394, 'id': 24, 'tq': 100}
JSON_entry: 24
Matched with first_id: 24 second_id: 3 name: 20230501_4
entry_id:20230501_4, entry saved to results list
created dirs at nodule_detection_path: output/crop981/nodules-last-detected-on/2023-05-01/4/detection and nodule_images_original_path: output/crop981/nodules-last-detected-on/2023-05-01/4
Segmented nodule image saved as output/crop981/nodules-last-detected-on/2023-05-01/4/detection/2023-05-01.jpg
Original nodule image saved as output/crop981/nodules-last-detected-on/2023-05-01/4/2023-05-01.jpg


@process_contour: max_id: 20230501_23
Moments: {'m00': 19.5, 'm10': 4377.166666666666, 'm01': 5344.5, 'm20': 982577.9166666666, 'm11': 1199683.375, 'm02': 1464831.9166666665, 'm30': 220575033.55, 'm21': 269303274.8833333, 'm12': 328812591.85, 'm03': 401491868.15000004, 'mu20': 34.940883191186, 'mu11': 3.0032051282469183, 'mu02': 27.80128205101937, 'mu30': -1.7512577772140503, 'mu21': -5.459423614855041, 'mu12': 0.0980824379457772, 'mu03': 4.225443959236145, 'nu20': 0.09188923916156738, 'nu11': 0.007897975353706557, 'nu02': 0.07311316778703318, 'nu30': -0.0010429501443821603, 'nu21': -0.003251324117694692, 'nu12': 5.841235604939696e-05, 'nu03': 0.00251643558401478}
Centroid: 224, 274
Processing contour#13: area: 19.5 centroid: 224, 274 rectangle: (222, 272, 6, 6)
@find_dayJSON_match_for_contour: x: 222, y: 272, w: 6, h: 6, area: 19.5
Matched with JSON#23: (224, 274, 4, 64.0, 27.3137, 0.43963)
Match with input JSON(nodules) ID: 23
Matched contour: {'x': 224, 'y': 274, 'd': 4, 'a': 64.0, 'p': 27.3137, 'e': 0.43963, 'id': 23, 'tq': 100}
JSON_entry: 23
WARNING: match is empty
entry_id:20230501_23, entry saved to results list
created dirs at nodule_detection_path: output/crop981/nodules-last-detected-on/2023-05-01/23/detection and nodule_images_original_path: output/crop981/nodules-last-detected-on/2023-05-01/23
Segmented nodule image saved as output/crop981/nodules-last-detected-on/2023-05-01/23/detection/2023-05-01.jpg
Original nodule image saved as output/crop981/nodules-last-detected-on/2023-05-01/23/2023-05-01.jpg


@process_contour: max_id: 20230501_24
Moments: {'m00': 34.0, 'm10': 980.8333333333333, 'm01': 8991.5, 'm20': 28375.833333333332, 'm11': 259383.25, 'm02': 2377962.833333333, 'm30': 823245.3500000001, 'm21': 7503924.666666667, 'm12': 68597502.86666666, 'm03': 628923268.75, 'mu20': 80.7148692810515, 'mu11': -3.8946078431035858, 'mu02': 107.76715686265379, 'mu30': 1.2657936048926786, 'mu21': -6.6714004240202485, 'mu12': -2.2988706429291597, 'mu03': 10.141219854354858, 'nu20': 0.06982255128118643, 'nu11': -0.0033690379265601954, 'nu02': 0.09322418413724377, 'nu30': 0.0001877870348802165, 'nu21': -0.0009897367938050228, 'nu12': -0.0003410493621868517, 'nu03': 0.0015045024711427145}
Centroid: 28, 264
Processing contour#14: area: 34.0 centroid: 28, 264 rectangle: (26, 261, 7, 8)
@find_dayJSON_match_for_contour: x: 26, y: 261, w: 7, h: 8, area: 34.0
Matched with JSON#22: (28, 264, 6, 121.0, 38.3848, 0.323453)
Match with input JSON(nodules) ID: 22
Matched contour: {'x': 28, 'y': 264, 'd': 6, 'a': 121.0, 'p': 38.3848, 'e': 0.323453, 'id': 22, 'tq': 100}
JSON_entry: 22
Matched with first_id: 22 second_id: 2 name: 20230503_23
entry_id:20230503_23, entry saved to results list
created dirs at nodule_detection_path: output/crop981/nodules-last-detected-on/2023-05-03/23/detection and nodule_images_original_path: output/crop981/nodules-last-detected-on/2023-05-03/23
Segmented nodule image saved as output/crop981/nodules-last-detected-on/2023-05-03/23/detection/2023-05-01.jpg
Original nodule image saved as output/crop981/nodules-last-detected-on/2023-05-03/23/2023-05-01.jpg


@process_contour: max_id: 20230501_25
Moments: {'m00': 14.0, 'm10': 520.6666666666666, 'm01': 3551.0, 'm20': 19378.0, 'm11': 132064.91666666666, 'm02': 900704.0, 'm30': 721728.4, 'm21': 4915205.0, 'm12': 33498391.8, 'm03': 228466376.5, 'mu20': 14.158730158735125, 'mu11': 1.535714285710128, 'mu02': 18.214285714318976, 'mu30': -1.7874527591047809, 'mu21': -0.5136054407394113, 'mu12': 2.087414967750078, 'mu03': 0.6530612111091614, 'nu20': 0.07223841917722001, 'nu11': 0.007835276967908816, 'nu02': 0.09293002915468865, 'nu30': -0.0024373308380517002, 'nu21': -0.0007003409589030262, 'nu12': 0.002846352636058516, 'nu03': 0.000890499746560543}
Centroid: 37, 253
Processing contour#15: area: 14.0 centroid: 37, 253 rectangle: (35, 251, 5, 6)
@find_dayJSON_match_for_contour: x: 35, y: 251, w: 5, h: 6, area: 14.0
Matched with JSON#21: (37, 253, 4, 62.0, 27.8995, 0.49713)
Match with input JSON(nodules) ID: 21
Matched contour: {'x': 37, 'y': 253, 'd': 4, 'a': 62.0, 'p': 27.8995, 'e': 0.49713, 'id': 21, 'tq': 100}
JSON_entry: 21
Matched with first_id: 21 second_id: 4 name: 20230510_50
entry_id:20230510_50, entry saved to results list
created dirs at nodule_detection_path: output/crop981/nodules-last-detected-on/2023-05-10/50/detection and nodule_images_original_path: output/crop981/nodules-last-detected-on/2023-05-10/50
Segmented nodule image saved as output/crop981/nodules-last-detected-on/2023-05-10/50/detection/2023-05-01.jpg
Original nodule image saved as output/crop981/nodules-last-detected-on/2023-05-10/50/2023-05-01.jpg


@process_contour: max_id: 20230501_26
Moments: {'m00': 34.5, 'm10': 1998.1666666666665, 'm01': 8581.833333333332, 'm20': 115817.41666666666, 'm11': 497057.625, 'm02': 2134828.75, 'm30': 6718078.050000001, 'm21': 28811318.15, 'm12': 123652741.18333334, 'm03': 531089822.95000005, 'mu20': 87.85064412238717, 'mu11': 16.07991143327672, 'mu02': 108.0728663452901, 'mu30': 3.213471339084208, 'mu21': 13.001692370609817, 'mu12': -1.933522802315565, 'mu03': -16.306869328022003, 'nu20': 0.07380856469009635, 'nu11': 0.013509692445517094, 'nu02': 0.09079845943733678, 'nu30': 0.0004596493953037586, 'nu21': 0.0018597396414867134, 'nu12': -0.00027656776523286397, 'nu03': -0.0023325064501925237}
Centroid: 57, 248
Processing contour#16: area: 34.5 centroid: 57, 248 rectangle: (55, 245, 7, 8)
@find_dayJSON_match_for_contour: x: 55, y: 245, w: 7, h: 8, area: 34.5
Matched with JSON#20: (57, 248, 6, 130.0, 46.8701, 0.563023)
Match with input JSON(nodules) ID: 20
Matched contour: {'x': 57, 'y': 248, 'd': 6, 'a': 130.0, 'p': 46.8701, 'e': 0.563023, 'id': 20, 'tq': 100}
JSON_entry: 20
WARNING: match is empty
entry_id:20230501_26, entry saved to results list
created dirs at nodule_detection_path: output/crop981/nodules-last-detected-on/2023-05-01/26/detection and nodule_images_original_path: output/crop981/nodules-last-detected-on/2023-05-01/26
Segmented nodule image saved as output/crop981/nodules-last-detected-on/2023-05-01/26/detection/2023-05-01.jpg
Original nodule image saved as output/crop981/nodules-last-detected-on/2023-05-01/26/2023-05-01.jpg


@process_contour: max_id: 20230501_27
Moments: {'m00': 13.5, 'm10': 1544.6666666666665, 'm01': 3172.1666666666665, 'm20': 176760.41666666666, 'm11': 362957.7916666666, 'm02': 745392.25, 'm30': 20229468.3, 'm21': 41534164.1, 'm12': 85287252.1, 'm03': 175154136.05, 'mu20': 20.03806584366248, 'mu11': -0.7350823045126162, 'mu02': 11.408436214085668, 'mu30': -0.4315449930727482, 'mu21': -1.1460625867339331, 'mu12': 0.3548519015544116, 'mu03': 0.6452725529670715, 'nu20': 0.1099482350818243, 'nu11': -0.004033373412963601, 'nu02': 0.06259772956974304, 'nu30': -0.0006444536101698731, 'nu21': -0.0017114882187424633, 'nu12': 0.0005299229343482014, 'nu03': 0.0009636265811872316}
Centroid: 114, 234
Processing contour#17: area: 13.5 centroid: 114, 234 rectangle: (112, 233, 6, 5)
@find_dayJSON_match_for_contour: x: 112, y: 233, w: 6, h: 5, area: 13.5
Matched with JSON#19: (114, 234, 4, 56.0, 25.3137, 0.515142)
Match with input JSON(nodules) ID: 19
Matched contour: {'x': 114, 'y': 234, 'd': 4, 'a': 56.0, 'p': 25.3137, 'e': 0.515142, 'id': 19, 'tq': 100}
JSON_entry: 19
Matched with first_id: 19 second_id: 1 name: 20230505_21
entry_id:20230505_21, entry saved to results list
created dirs at nodule_detection_path: output/crop981/nodules-last-detected-on/2023-05-05/21/detection and nodule_images_original_path: output/crop981/nodules-last-detected-on/2023-05-05/21
Segmented nodule image saved as output/crop981/nodules-last-detected-on/2023-05-05/21/detection/2023-05-01.jpg
Original nodule image saved as output/crop981/nodules-last-detected-on/2023-05-05/21/2023-05-01.jpg


@process_contour: max_id: 20230501_28
Moments: {'m00': 30.5, 'm10': 3552.1666666666665, 'm01': 6565.666666666666, 'm20': 413757.4166666666, 'm11': 764664.375, 'm02': 1413476.9166666665, 'm30': 48201127.050000004, 'm21': 89068023.76666667, 'm12': 164618739.76666665, 'm03': 304319314.8, 'mu20': 56.16985428048065, 'mu11': -2.584927140153013, 'mu02': 100.56329690362327, 'mu30': 0.724179096519947, 'mu21': -6.217280821781969, 'mu12': -2.657798632433696, 'mu03': 9.684136092662811, 'nu20': 0.06038146119911922, 'nu11': -0.0027787445742037233, 'nu02': 0.10810351723044695, 'nu30': 0.00014096016075642128, 'nu21': -0.001210182547822356, 'nu12': -0.0005173357312941042, 'nu03': 0.0018849997009975988}
Centroid: 116, 215
Processing contour#18: area: 30.5 centroid: 116, 215 rectangle: (114, 212, 6, 8)
@find_dayJSON_match_for_contour: x: 114, y: 212, w: 6, h: 8, area: 30.5
Matched with JSON#17: (116, 215, 6, 129.0, 40.3848, 0.383787)
Match with input JSON(nodules) ID: 17
Matched contour: {'x': 116, 'y': 215, 'd': 6, 'a': 129.0, 'p': 40.3848, 'e': 0.383787, 'id': 17, 'tq': 100}
JSON_entry: 17
WARNING: match is empty
entry_id:20230501_28, entry saved to results list
created dirs at nodule_detection_path: output/crop981/nodules-last-detected-on/2023-05-01/28/detection and nodule_images_original_path: output/crop981/nodules-last-detected-on/2023-05-01/28
Segmented nodule image saved as output/crop981/nodules-last-detected-on/2023-05-01/28/detection/2023-05-01.jpg
Original nodule image saved as output/crop981/nodules-last-detected-on/2023-05-01/28/2023-05-01.jpg


@process_contour: max_id: 20230501_29
Moments: {'m00': 9.0, 'm10': 859.5, 'm01': 1885.5, 'm20': 82089.0, 'm11': 180065.25, 'm02': 395019.0, 'm30': 7840788.75, 'm21': 17197645.5, 'm12': 37724314.5, 'm03': 82759308.75, 'mu20': 6.75, 'mu11': 0.0, 'mu02': 6.75, 'mu30': 0.0, 'mu21': 0.0, 'mu12': 0.0, 'mu03': 0.0, 'nu20': 0.08333333333333333, 'nu11': 0.0, 'nu02': 0.08333333333333333, 'nu30': 0.0, 'nu21': 0.0, 'nu12': 0.0, 'nu03': 0.0}
Centroid: 95, 209
Processing contour#19: area: 9.0 centroid: 95, 209 rectangle: (94, 208, 4, 4)
@find_dayJSON_match_for_contour: x: 94, y: 208, w: 4, h: 4, area: 9.0
Matched with JSON#16: (95, 209, 4, 51.0, 24.4853, 0.572176)
Match with input JSON(nodules) ID: 16
Matched contour: {'x': 95, 'y': 209, 'd': 4, 'a': 51.0, 'p': 24.4853, 'e': 0.572176, 'id': 16, 'tq': 100}
JSON_entry: 16
WARNING: match is empty
entry_id:20230501_29, entry saved to results list
created dirs at nodule_detection_path: output/crop981/nodules-last-detected-on/2023-05-01/29/detection and nodule_images_original_path: output/crop981/nodules-last-detected-on/2023-05-01/29
Segmented nodule image saved as output/crop981/nodules-last-detected-on/2023-05-01/29/detection/2023-05-01.jpg
Original nodule image saved as output/crop981/nodules-last-detected-on/2023-05-01/29/2023-05-01.jpg


@process_contour: max_id: 20230501_30
Moments: {'m00': 4.0, 'm10': 838.0, 'm01': 588.0, 'm20': 175562.66666666666, 'm11': 123186.0, 'm02': 86437.0, 'm30': 36781077.0, 'm21': 25807712.0, 'm12': 18108551.5, 'm03': 12706533.0, 'mu20': 1.6666666666569654, 'mu11': 0.0, 'mu02': 1.0, 'mu30': 7.450580596923828e-09, 'mu21': 1.4260876923799515e-09, 'mu12': 0.0, 'mu03': 0.0, 'nu20': 0.10416666666606034, 'nu11': 0.0, 'nu02': 0.0625, 'nu30': 2.3283064365386963e-10, 'nu21': 4.4565240386873484e-11, 'nu12': 0.0, 'nu03': 0.0}
Centroid: 209, 147
Processing contour#20: area: 4.0 centroid: 209, 147 rectangle: (208, 146, 4, 3)
@find_dayJSON_match_for_contour: x: 208, y: 146, w: 4, h: 3, area: 4.0
Matched with JSON#15: (209, 147, 2, 13.0, 11.6569, 0.359845)
Match with input JSON(nodules) ID: 15
Matched contour: {'x': 209, 'y': 147, 'd': 2, 'a': 13.0, 'p': 11.6569, 'e': 0.359845, 'id': 15, 'tq': 100}
JSON_entry: 15
WARNING: match is empty
entry_id:20230501_30, entry saved to results list
created dirs at nodule_detection_path: output/crop981/nodules-last-detected-on/2023-05-01/30/detection and nodule_images_original_path: output/crop981/nodules-last-detected-on/2023-05-01/30
Segmented nodule image saved as output/crop981/nodules-last-detected-on/2023-05-01/30/detection/2023-05-01.jpg
Original nodule image saved as output/crop981/nodules-last-detected-on/2023-05-01/30/2023-05-01.jpg


@process_contour: max_id: 20230501_31
Moments: {'m00': 9.5, 'm10': 1637.5, 'm01': 965.3333333333333, 'm20': 282262.5833333333, 'm11': 166391.54166666666, 'm02': 98097.75, 'm30': 48656357.85, 'm21': 28681344.4, 'm12': 16908662.7, 'm03': 9969394.700000001, 'mu20': 9.293859649158549, 'mu11': -1.4407894736796152, 'mu02': 6.334795321658021, 'mu30': -1.8972299173474312, 'mu21': 1.0464296747130675, 'mu12': 1.2325484761097414, 'mu03': -0.9187544900923967, 'nu20': 0.10297905428430523, 'nu11': -0.015964426301159167, 'nu02': 0.07019163791310826, 'nu30': -0.006820417360751233, 'nu21': 0.003761846181614523, 'nu12': 0.004430931089353528, 'nu03': -0.0033028622504832723}
Centroid: 172, 101
Processing contour#21: area: 9.5 centroid: 172, 101 rectangle: (170, 100, 5, 4)
@find_dayJSON_match_for_contour: x: 170, y: 100, w: 5, h: 4, area: 9.5
Matched with JSON#14: (172, 101, 3, 45.0, 23.7279, 0.330928)
Match with input JSON(nodules) ID: 14
Matched contour: {'x': 172, 'y': 101, 'd': 3, 'a': 45.0, 'p': 23.7279, 'e': 0.330928, 'id': 14, 'tq': 100}
JSON_entry: 14
WARNING: match is empty
entry_id:20230501_31, entry saved to results list
created dirs at nodule_detection_path: output/crop981/nodules-last-detected-on/2023-05-01/31/detection and nodule_images_original_path: output/crop981/nodules-last-detected-on/2023-05-01/31
Segmented nodule image saved as output/crop981/nodules-last-detected-on/2023-05-01/31/detection/2023-05-01.jpg
Original nodule image saved as output/crop981/nodules-last-detected-on/2023-05-01/31/2023-05-01.jpg


@process_contour: max_id: 20230501_32
Moments: {'m00': 54.5, 'm10': 5041.333333333333, 'm01': 4990.0, 'm20': 466608.25, 'm11': 461519.7083333333, 'm02': 457107.9166666666, 'm30': 43213291.7, 'm21': 42710759.71666667, 'm12': 42271679.983333334, 'm03': 41893946.900000006, 'mu20': 277.2082059123204, 'mu11': -62.92163608560804, 'mu02': 225.3478593271575, 'mu30': 30.74090253561735, 'mu21': -79.72585127146885, 'mu12': 20.91371705457641, 'mu03': 48.26141741126776, 'nu20': 0.09332824035428681, 'nu11': -0.02118395289474221, 'nu02': 0.07586831388844625, 'nu30': 0.0014019268654223821, 'nu21': -0.003635866339208533, 'nu12': 0.0009537619060039778, 'nu03': 0.0022009431100413535}
Centroid: 92, 91
Processing contour#22: area: 54.5 centroid: 92, 91 rectangle: (88, 88, 10, 9)
@find_dayJSON_match_for_contour: x: 88, y: 88, w: 10, h: 9, area: 54.5
Matched with JSON#12: (92, 91, 8, 223.0, 54.0416, 0.67534)
Match with input JSON(nodules) ID: 12
Matched contour: {'x': 92, 'y': 91, 'd': 8, 'a': 223.0, 'p': 54.0416, 'e': 0.67534, 'id': 12, 'tq': 100}
JSON_entry: 12
Matched with first_id: 12 second_id: 0 name: 20230501_0
entry_id:20230501_0, entry saved to results list
created dirs at nodule_detection_path: output/crop981/nodules-last-detected-on/2023-05-01/0/detection and nodule_images_original_path: output/crop981/nodules-last-detected-on/2023-05-01/0
Segmented nodule image saved as output/crop981/nodules-last-detected-on/2023-05-01/0/detection/2023-05-01.jpg
Original nodule image saved as output/crop981/nodules-last-detected-on/2023-05-01/0/2023-05-01.jpg


@process_contour: max_id: 20230501_33
Moments: {'m00': 23.0, 'm10': 3923.0, 'm01': 2031.3333333333333, 'm20': 669172.1666666666, 'm11': 346478.0, 'm02': 179447.5, 'm30': 114152780.5, 'm21': 59101590.53333333, 'm12': 30608069.166666668, 'm03': 15856105.600000001, 'mu20': 44.81884057971183, 'mu11': 3.188405797118321, 'mu02': 42.495169082132634, 'mu30': -4.650283545255661, 'mu21': -7.037135058862077, 'mu12': 4.126233985918589, 'mu03': 4.2069453205913305, 'nu20': 0.08472370619983333, 'nu11': 0.0060272321306584515, 'nu02': 0.08033113248040195, 'nu30': -0.0018329889388246513, 'nu21': -0.0027738073599983446, 'nu12': 0.0016264258257773206, 'nu03': 0.0016582395812726916}
Centroid: 170, 88
Processing contour#23: area: 23.0 centroid: 170, 88 rectangle: (168, 86, 6, 6)
@find_dayJSON_match_for_contour: x: 168, y: 86, w: 6, h: 6, area: 23.0
Matched with JSON#11: (170, 87, 5, 99.0, 34.7279, 0.327029)
Match with input JSON(nodules) ID: 11
Matched contour: {'x': 170, 'y': 87, 'd': 5, 'a': 99.0, 'p': 34.7279, 'e': 0.327029, 'id': 11, 'tq': 100}
JSON_entry: 11
WARNING: match is empty
entry_id:20230501_33, entry saved to results list
created dirs at nodule_detection_path: output/crop981/nodules-last-detected-on/2023-05-01/33/detection and nodule_images_original_path: output/crop981/nodules-last-detected-on/2023-05-01/33
Segmented nodule image saved as output/crop981/nodules-last-detected-on/2023-05-01/33/detection/2023-05-01.jpg
Original nodule image saved as output/crop981/nodules-last-detected-on/2023-05-01/33/2023-05-01.jpg


@process_contour: max_id: 20230501_34
Moments: {'m00': 78.0, 'm10': 14787.166666666666, 'm01': 7104.0, 'm20': 2803869.5, 'm11': 1347186.4166666665, 'm02': 647889.6666666666, 'm30': 531756964.65000004, 'm21': 255525804.41666666, 'm12': 122901944.88333333, 'm03': 59167456.0, 'mu20': 532.3457977212965, 'mu11': 416.7756410255097, 'mu02': 879.2051282050088, 'mu30': 177.72495210170746, 'mu21': -26.22093466611841, 'mu12': -286.28229231073055, 'mu03': -491.9289940595627, 'nu20': 0.08749930929015393, 'nu11': 0.0685035570390384, 'nu02': 0.14451103356426837, 'nu30': 0.003307591743248055, 'nu21': -0.00048799083064187657, 'nu12': -0.0053279234856296875, 'nu03': -0.009155159474087706}
Centroid: 189, 91
Processing contour#24: area: 78.0 centroid: 189, 91 rectangle: (184, 84, 12, 14)
@find_dayJSON_match_for_contour: x: 184, y: 84, w: 12, h: 14, area: 78.0
Matched with JSON#10: (187, 87, 5, 100.0, 35.3137, 0.471075)
Match with input JSON(nodules) ID: 10
Matched contour: {'x': 187, 'y': 87, 'd': 5, 'a': 100.0, 'p': 35.3137, 'e': 0.471075, 'id': 10, 'tq': 100}
JSON_entry: 10
WARNING: match is empty
entry_id:20230501_34, entry saved to results list
created dirs at nodule_detection_path: output/crop981/nodules-last-detected-on/2023-05-01/34/detection and nodule_images_original_path: output/crop981/nodules-last-detected-on/2023-05-01/34
Segmented nodule image saved as output/crop981/nodules-last-detected-on/2023-05-01/34/detection/2023-05-01.jpg
Original nodule image saved as output/crop981/nodules-last-detected-on/2023-05-01/34/2023-05-01.jpg


@process_contour: max_id: 20230501_35
Moments: {'m00': 13.0, 'm10': 1798.5, 'm01': 1113.1666666666665, 'm20': 248837.66666666666, 'm11': 154003.5, 'm02': 95327.66666666666, 'm30': 34431853.25, 'm21': 21307851.966666665, 'm12': 13188417.333333334, 'm03': 8164311.65, 'mu20': 22.108974358910928, 'mu11': 1.1730769230925944, 'mu02': 9.202991452999413, 'mu30': 1.7514793053269386, 'mu21': 4.620348450765505, 'mu12': 0.3979289935398356, 'mu03': -1.4170063557103276, 'nu20': 0.13082233348468006, 'nu11': 0.006941283568595234, 'nu02': 0.054455570727807184, 'nu30': 0.002874396196299648, 'nu21': 0.00758256861617917, 'nu12': 0.0006530511562137715, 'nu03': -0.002325484330073715}
Centroid: 138, 85
Processing contour#25: area: 13.0 centroid: 138, 85 rectangle: (136, 84, 6, 4)
@find_dayJSON_match_for_contour: x: 136, y: 84, w: 6, h: 4, area: 13.0
Matched with JSON#9: (138, 85, 4, 57.0, 25.8995, 0.377519)
Match with input JSON(nodules) ID: 9
Matched contour: {'x': 138, 'y': 85, 'd': 4, 'a': 57.0, 'p': 25.8995, 'e': 0.377519, 'id': 9, 'tq': 100}
JSON_entry: 9
WARNING: match is empty
entry_id:20230501_35, entry saved to results list
created dirs at nodule_detection_path: output/crop981/nodules-last-detected-on/2023-05-01/35/detection and nodule_images_original_path: output/crop981/nodules-last-detected-on/2023-05-01/35
Segmented nodule image saved as output/crop981/nodules-last-detected-on/2023-05-01/35/detection/2023-05-01.jpg
Original nodule image saved as output/crop981/nodules-last-detected-on/2023-05-01/35/2023-05-01.jpg


@process_contour: max_id: 20230501_36
Moments: {'m00': 20.0, 'm10': 2642.333333333333, 'm01': 1452.6666666666665, 'm20': 349125.3333333333, 'm11': 191922.3333333333, 'm02': 105549.0, 'm30': 46132957.1, 'm21': 25358367.466666665, 'm12': 13944902.7, 'm03': 7671743.4, 'mu20': 29.061111111193895, 'mu11': 0.8555555555794854, 'mu02': 36.97777777779265, 'mu30': 2.8968518376350403, 'mu21': 4.689259256298556, 'mu12': -3.633703704497748, 'mu03': -3.938518519513309, 'nu20': 0.07265277777798475, 'nu11': 0.002138888888948714, 'nu02': 0.09244444444448165, 'nu30': 0.0016193894074242835, 'nu21': 0.00262137561530092, 'nu12': -0.002031302123337443, 'nu03': -0.002201698785068398}
Centroid: 132, 72
Processing contour#26: area: 20.0 centroid: 132, 72 rectangle: (130, 70, 6, 6)
@find_dayJSON_match_for_contour: x: 130, y: 70, w: 6, h: 6, area: 20.0
Matched with JSON#7: (131, 72, 5, 94.0, 33.5563, 0.269809)
Match with input JSON(nodules) ID: 7
Matched contour: {'x': 131, 'y': 72, 'd': 5, 'a': 94.0, 'p': 33.5563, 'e': 0.269809, 'id': 7, 'tq': 100}
JSON_entry: 7
WARNING: match is empty
entry_id:20230501_36, entry saved to results list
created dirs at nodule_detection_path: output/crop981/nodules-last-detected-on/2023-05-01/36/detection and nodule_images_original_path: output/crop981/nodules-last-detected-on/2023-05-01/36
Segmented nodule image saved as output/crop981/nodules-last-detected-on/2023-05-01/36/detection/2023-05-01.jpg
Original nodule image saved as output/crop981/nodules-last-detected-on/2023-05-01/36/2023-05-01.jpg


@process_contour: max_id: 20230501_37
Moments: {'m00': 41.0, 'm10': 7350.0, 'm01': 2941.1666666666665, 'm20': 1317768.8333333333, 'm11': 527351.0, 'm02': 211182.3333333333, 'm30': 236286810.0, 'm21': 94564489.71666667, 'm12': 37871605.916666664, 'm03': 15177391.65, 'mu20': 146.8821138208732, 'mu11': 93.07317073165905, 'mu02': 195.47086720867082, 'mu30': -21.51397967338562, 'mu21': -45.46825960827118, 'mu12': -43.77637318824418, 'mu03': 19.35276180692017, 'nu20': 0.08737781904870506, 'nu11': 0.055367739876061306, 'nu02': 0.11628249090343298, 'nu30': -0.0019987621289634964, 'nu21': -0.004224241016984812, 'nu12': -0.0040670558492847154, 'nu03': 0.0017979735956697566}
Centroid: 179, 71
Processing contour#27: area: 41.0 centroid: 179, 71 rectangle: (175, 67, 9, 10)
@find_dayJSON_match_for_contour: x: 175, y: 67, w: 9, h: 10, area: 41.0
Matched with JSON#6: (179, 71, 6, 148.0, 49.6985, 0.865275)
Match with input JSON(nodules) ID: 6
Matched contour: {'x': 179, 'y': 71, 'd': 6, 'a': 148.0, 'p': 49.6985, 'e': 0.865275, 'id': 6, 'tq': 100}
JSON_entry: 6
WARNING: match is empty
entry_id:20230501_37, entry saved to results list
created dirs at nodule_detection_path: output/crop981/nodules-last-detected-on/2023-05-01/37/detection and nodule_images_original_path: output/crop981/nodules-last-detected-on/2023-05-01/37
Segmented nodule image saved as output/crop981/nodules-last-detected-on/2023-05-01/37/detection/2023-05-01.jpg
Original nodule image saved as output/crop981/nodules-last-detected-on/2023-05-01/37/2023-05-01.jpg


@process_contour: max_id: 20230501_38
Moments: {'m00': 1.0, 'm10': 66.0, 'm01': 64.66666666666666, 'm20': 4356.5, 'm11': 4268.0, 'm02': 4181.833333333333, 'm30': 287595.0, 'm21': 281720.3, 'm12': 276001.0, 'm03': 270432.4, 'mu20': 0.5, 'mu11': 9.094947017729282e-13, 'mu02': 0.055555555556566105, 'mu30': 0.0, 'mu21': -0.03333333340317779, 'mu12': -1.0550138540565968e-10, 'mu03': -0.007407407450955361, 'nu20': 0.5, 'nu11': 9.094947017729282e-13, 'nu02': 0.055555555556566105, 'nu30': 0.0, 'nu21': -0.03333333340317779, 'nu12': -1.0550138540565968e-10, 'nu03': -0.007407407450955361}
Centroid: 66, 64
Processing contour#28: area: 1.0 centroid: 66, 64 rectangle: (65, 64, 3, 2)
@find_dayJSON_match_for_contour: x: 65, y: 64, w: 3, h: 2, area: 1.0
Matched with JSON#5: (66, 64, 2, 17.0, 13.2426, 0.510132)
Match with input JSON(nodules) ID: 5
Matched contour: {'x': 66, 'y': 64, 'd': 2, 'a': 17.0, 'p': 13.2426, 'e': 0.510132, 'id': 5, 'tq': 100}
JSON_entry: 5
WARNING: match is empty
entry_id:20230501_38, entry saved to results list
created dirs at nodule_detection_path: output/crop981/nodules-last-detected-on/2023-05-01/38/detection and nodule_images_original_path: output/crop981/nodules-last-detected-on/2023-05-01/38
Segmented nodule image saved as output/crop981/nodules-last-detected-on/2023-05-01/38/detection/2023-05-01.jpg
Original nodule image saved as output/crop981/nodules-last-detected-on/2023-05-01/38/2023-05-01.jpg


@process_contour: max_id: 20230501_39
Moments: {'m00': 40.0, 'm10': 6917.0, 'm01': 2507.6666666666665, 'm20': 1196307.3333333333, 'm11': 433678.0, 'm02': 157314.66666666666, 'm30': 206935401.5, 'm21': 75012163.06666666, 'm12': 27208603.333333332, 'm03': 9875497.700000001, 'mu20': 185.1083333331626, 'mu11': 39.74166666669771, 'mu02': 104.86388888891088, 'mu30': -63.8337499499321, 'mu21': -82.16097223675024, 'mu12': -18.34263889446447, 'mu03': 30.871620370075107, 'nu20': 0.11569270833322665, 'nu11': 0.024838541666686073, 'nu02': 0.06553993055556931, 'nu30': -0.006308126294732647, 'nu21': -0.00811924397006218, 'nu12': -0.0018126411626406445, 'nu03': 0.0030507698571714875}
Centroid: 172, 62
Processing contour#29: area: 40.0 centroid: 172, 62 rectangle: (168, 60, 10, 7)
@find_dayJSON_match_for_contour: x: 168, y: 60, w: 10, h: 7, area: 40.0
Matched with JSON#4: (173, 62, 5, 110.0, 45.2132, 0.788993)
Match with input JSON(nodules) ID: 4
Matched contour: {'x': 173, 'y': 62, 'd': 5, 'a': 110.0, 'p': 45.2132, 'e': 0.788993, 'id': 4, 'tq': 100}
JSON_entry: 4
WARNING: match is empty
entry_id:20230501_39, entry saved to results list
created dirs at nodule_detection_path: output/crop981/nodules-last-detected-on/2023-05-01/39/detection and nodule_images_original_path: output/crop981/nodules-last-detected-on/2023-05-01/39
Segmented nodule image saved as output/crop981/nodules-last-detected-on/2023-05-01/39/detection/2023-05-01.jpg
Original nodule image saved as output/crop981/nodules-last-detected-on/2023-05-01/39/2023-05-01.jpg


@process_contour: max_id: 20230501_40
Moments: {'m00': 39.5, 'm10': 5178.666666666666, 'm01': 2350.333333333333, 'm20': 679056.75, 'm11': 308098.2083333333, 'm02': 140020.41666666666, 'm30': 89055641.30000001, 'm21': 40393930.15, 'm12': 18352280.35, 'm03': 8351826.2, 'mu20': 105.14381153334398, 'mu11': -43.38379043596797, 'mu02': 170.6248241912981, 'mu30': 6.730278819799423, 'mu21': -3.3783845836987894, 'mu12': -1.465363753181009, 'mu03': 10.93259567860514, 'nu20': 0.06738907965604485, 'nu11': -0.027805666038114383, 'nu02': 0.1093573620838315, 'nu30': 0.0006863415913635722, 'nu21': -0.00034452151441224975, 'nu12': -0.00014943512998689165, 'nu03': 0.0011148862204213975}
Centroid: 131, 59
Processing contour#30: area: 39.5 centroid: 131, 59 rectangle: (128, 55, 8, 10)
@find_dayJSON_match_for_contour: x: 128, y: 55, w: 8, h: 10, area: 39.5
Matched with JSON#3: (131, 59, 6, 150.0, 46.3848, 0.804238)
Match with input JSON(nodules) ID: 3
Matched contour: {'x': 131, 'y': 59, 'd': 6, 'a': 150.0, 'p': 46.3848, 'e': 0.804238, 'id': 3, 'tq': 100}
JSON_entry: 3
WARNING: match is empty
entry_id:20230501_40, entry saved to results list
created dirs at nodule_detection_path: output/crop981/nodules-last-detected-on/2023-05-01/40/detection and nodule_images_original_path: output/crop981/nodules-last-detected-on/2023-05-01/40
Segmented nodule image saved as output/crop981/nodules-last-detected-on/2023-05-01/40/detection/2023-05-01.jpg
Original nodule image saved as output/crop981/nodules-last-detected-on/2023-05-01/40/2023-05-01.jpg


@process_contour: max_id: 20230501_41
Moments: {'m00': 20.0, 'm10': 1654.5, 'm01': 1054.5, 'm20': 136902.5, 'm11': 87226.16666666666, 'm02': 55632.5, 'm30': 11330873.25, 'm21': 7216974.5, 'm12': 4601429.5, 'm03': 2936798.25, 'mu20': 33.98749999998836, 'mu11': -7.345833333340124, 'mu02': 33.987499999995634, 'mu30': -9.294374998658895, 'mu21': 5.5556249999804095, 'mu12': 5.5556250006588925, 'mu03': -9.294374999590218, 'nu20': 0.08496874999997091, 'nu11': -0.018364583333350313, 'nu02': 0.0849687499999891, 'nu30': -0.005195713576343952, 'nu21': 0.003105688789363366, 'nu12': 0.00310568878974265, 'nu03': -0.005195713576864577}
Centroid: 82, 52
Processing contour#31: area: 20.0 centroid: 82, 52 rectangle: (80, 50, 6, 6)
@find_dayJSON_match_for_contour: x: 80, y: 50, w: 6, h: 6, area: 20.0
Matched with JSON#2: (82, 52, 4, 62.0, 27.5563, 0.45815)
Match with input JSON(nodules) ID: 2
Matched contour: {'x': 82, 'y': 52, 'd': 4, 'a': 62.0, 'p': 27.5563, 'e': 0.45815, 'id': 2, 'tq': 100}
JSON_entry: 2
WARNING: match is empty
entry_id:20230501_41, entry saved to results list
created dirs at nodule_detection_path: output/crop981/nodules-last-detected-on/2023-05-01/41/detection and nodule_images_original_path: output/crop981/nodules-last-detected-on/2023-05-01/41
Segmented nodule image saved as output/crop981/nodules-last-detected-on/2023-05-01/41/detection/2023-05-01.jpg
Original nodule image saved as output/crop981/nodules-last-detected-on/2023-05-01/41/2023-05-01.jpg


@process_contour: max_id: 20230501_42
Moments: {'m00': 1.0, 'm10': 116.5, 'm01': 40.5, 'm20': 13572.333333333332, 'm11': 4718.25, 'm02': 1640.3333333333333, 'm30': 1581196.25, 'm21': 549679.5, 'm12': 191098.83333333334, 'm03': 66440.25, 'mu20': 0.08333333333212067, 'mu11': 0.0, 'mu02': 0.08333333333325754, 'mu30': 4.656612873077393e-10, 'mu21': 4.9112713895738125e-11, 'mu12': 1.8530954548623413e-11, 'mu03': 1.4551915228366852e-11, 'nu20': 0.08333333333212067, 'nu11': 0.0, 'nu02': 0.08333333333325754, 'nu30': 4.656612873077393e-10, 'nu21': 4.9112713895738125e-11, 'nu12': 1.8530954548623413e-11, 'nu03': 1.4551915228366852e-11}
Centroid: 116, 40
Processing contour#32: area: 1.0 centroid: 116, 40 rectangle: (116, 40, 2, 2)
@find_dayJSON_match_for_contour: x: 116, y: 40, w: 2, h: 2, area: 1.0
Matched with JSON#1: (116, 40, 1, 8.0, 7.4142, 0.612372)
Match with input JSON(nodules) ID: 1
Matched contour: {'x': 116, 'y': 40, 'd': 1, 'a': 8.0, 'p': 7.4142, 'e': 0.612372, 'id': 1, 'tq': 100}
JSON_entry: 1
WARNING: match is empty
entry_id:20230501_42, entry saved to results list
created dirs at nodule_detection_path: output/crop981/nodules-last-detected-on/2023-05-01/42/detection and nodule_images_original_path: output/crop981/nodules-last-detected-on/2023-05-01/42
Segmented nodule image saved as output/crop981/nodules-last-detected-on/2023-05-01/42/detection/2023-05-01.jpg
Original nodule image saved as output/crop981/nodules-last-detected-on/2023-05-01/42/2023-05-01.jpg


@process_contour: max_id: 20230501_43
Moments: {'m00': 41.5, 'm10': 5988.5, 'm01': 1431.6666666666665, 'm20': 864301.9166666666, 'm11': 206578.9583333333, 'm02': 49518.08333333333, 'm30': 124764248.35000001, 'm21': 29813122.266666666, 'm12': 7144712.033333333, 'm03': 1717145.8, 'mu20': 154.15160642564297, 'mu11': -12.266566265083384, 'mu02': 128.45816599732643, 'mu30': -48.07767452299595, 'mu21': -18.151733830376543, 'mu12': 39.29180093935065, 'mu03': 8.261344709433615, 'nu20': 0.08950594073197445, 'nu11': -0.007122407469927934, 'nu02': 0.07458740949184291, 'nu30': -0.004333344445436061, 'nu21': -0.0016360548996868264, 'nu12': 0.003541454719701042, 'nu03': 0.000744612807579403}
Centroid: 144, 34
Processing contour#33: area: 41.5 centroid: 144, 34 rectangle: (140, 31, 9, 8)
@find_dayJSON_match_for_contour: x: 140, y: 31, w: 9, h: 8, area: 41.5
Matched with JSON#0: (144, 34, 6, 147.0, 42.6274, 0.465151)
Match with input JSON(nodules) ID: 0
Matched contour: {'x': 144, 'y': 34, 'd': 6, 'a': 147.0, 'p': 42.6274, 'e': 0.465151, 'id': 0, 'tq': 100}
JSON_entry: 0
WARNING: match is empty
entry_id:20230501_43, entry saved to results list
created dirs at nodule_detection_path: output/crop981/nodules-last-detected-on/2023-05-01/43/detection and nodule_images_original_path: output/crop981/nodules-last-detected-on/2023-05-01/43
Segmented nodule image saved as output/crop981/nodules-last-detected-on/2023-05-01/43/detection/2023-05-01.jpg
Original nodule image saved as output/crop981/nodules-last-detected-on/2023-05-01/43/2023-05-01.jpg


Done analyzing contours, found 32 nodules.


results_entry: {'date': '20230501', 'json': 'output/crop981/20230501/20230501.json', 'log': 'output/crop981/20230501/crop981_20230501.log', 'image': 'data/crop981/20230501.jpg', 'plot': 'output/crop981/plots/20230426_20230501.png', 'match_stats': {'i_dict': {0: 7, 1: 2, 2: 1, 4: 1}, 'average_tracking_quality': 46.8333, 'distance_threshold': 20, 'lengths': {'matching': 11, 'unmatched_current': 28, 'unmatched_previous': 0}, 'averages': {'tq': -106.8182, 'i': 0.7273, 'dx': 11.5455, 'dy': -13.9091, 'dd': -0.2727, 'da': -5.3636, 'dp': -1.0091, 'de': -0.0191}}}
