@post_process: subdir: output\crop1001\nodules-last-detected-on\2023-05-22
@generate_gif: path:output\crop1001\nodules-last-detected-on\2023-05-22\10, output_name:o.gif
len_jpg_files: 1
@generate_gif: path:output\crop1001\nodules-last-detected-on\2023-05-22\10\detection, output_name:d.gif
len_jpg_files: 1
nodules_dir: output\crop1001\nodules-last-detected-on\2023-05-22\10 has 1 entries
nodules_dir: output\crop1001\nodules-last-detected-on\2023-05-22\10 has less than 2 entries, skipping
@generate_gif: path:output\crop1001\nodules-last-detected-on\2023-05-22\101, output_name:o.gif
len_jpg_files: 2
@generate_gif: path:output\crop1001\nodules-last-detected-on\2023-05-22\101\detection, output_name:d.gif
len_jpg_files: 2
nodules_dir: output\crop1001\nodules-last-detected-on\2023-05-22\101 has 2 entries
nodules_dir: output\crop1001\nodules-last-detected-on\2023-05-22\101 has 2 entries


Plotting date: 2023-05-22

@check_overlap_helper: existing_positions:[], x:230, y:325, offset_increment:{'x': 3.1625000000000014, 'y': 0.06111111111111237}, xlim:(217.35, 242.65), ylim:(324.95, 326.05), i:0
returning: (230, 325), modified:False


Plotting date: 2023-05-19

@check_overlap_helper: existing_positions:[(230, 325)], x:230, y:326, offset_increment:{'x': 3.1625000000000014, 'y': 0.06111111111111237}, xlim:(217.35, 242.65), ylim:(324.95, 326.05), i:0
returning: (230, 326), modified:False
@generate_gif: path:output\crop1001\nodules-last-detected-on\2023-05-22\102, output_name:o.gif
len_jpg_files: 1
@generate_gif: path:output\crop1001\nodules-last-detected-on\2023-05-22\102\detection, output_name:d.gif
len_jpg_files: 1
nodules_dir: output\crop1001\nodules-last-detected-on\2023-05-22\102 has 1 entries
nodules_dir: output\crop1001\nodules-last-detected-on\2023-05-22\102 has less than 2 entries, skipping
@generate_gif: path:output\crop1001\nodules-last-detected-on\2023-05-22\117, output_name:o.gif
len_jpg_files: 3
@generate_gif: path:output\crop1001\nodules-last-detected-on\2023-05-22\117\detection, output_name:d.gif
len_jpg_files: 3
nodules_dir: output\crop1001\nodules-last-detected-on\2023-05-22\117 has 3 entries
nodules_dir: output\crop1001\nodules-last-detected-on\2023-05-22\117 has 3 entries


Plotting date: 2023-05-22

@check_overlap_helper: existing_positions:[], x:194, y:365, offset_increment:{'x': 0.2749999999999986, 'y': 0.06111111111111237}, xlim:(191.9, 194.1), ylim:(364.95, 366.05), i:0
returning: (194, 365), modified:False


Plotting date: 2023-05-19

@check_overlap_helper: existing_positions:[(194, 365)], x:192, y:365, offset_increment:{'x': 0.2749999999999986, 'y': 0.06111111111111237}, xlim:(191.9, 194.1), ylim:(364.95, 366.05), i:0
returning: (192, 365), modified:False


Plotting date: 2023-05-17

@check_overlap_helper: existing_positions:[(194, 365), (192, 365)], x:194, y:366, offset_increment:{'x': 0.2749999999999986, 'y': 0.06111111111111237}, xlim:(191.9, 194.1), ylim:(364.95, 366.05), i:0
returning: (194, 366), modified:False
@generate_gif: path:output\crop1001\nodules-last-detected-on\2023-05-22\123, output_name:o.gif
len_jpg_files: 1
@generate_gif: path:output\crop1001\nodules-last-detected-on\2023-05-22\123\detection, output_name:d.gif
len_jpg_files: 1
nodules_dir: output\crop1001\nodules-last-detected-on\2023-05-22\123 has 1 entries
nodules_dir: output\crop1001\nodules-last-detected-on\2023-05-22\123 has less than 2 entries, skipping
@generate_gif: path:output\crop1001\nodules-last-detected-on\2023-05-22\124, output_name:o.gif
len_jpg_files: 1
@generate_gif: path:output\crop1001\nodules-last-detected-on\2023-05-22\124\detection, output_name:d.gif
len_jpg_files: 1
nodules_dir: output\crop1001\nodules-last-detected-on\2023-05-22\124 has 1 entries
nodules_dir: output\crop1001\nodules-last-detected-on\2023-05-22\124 has less than 2 entries, skipping
@generate_gif: path:output\crop1001\nodules-last-detected-on\2023-05-22\127, output_name:o.gif
len_jpg_files: 2
@generate_gif: path:output\crop1001\nodules-last-detected-on\2023-05-22\127\detection, output_name:d.gif
len_jpg_files: 2
nodules_dir: output\crop1001\nodules-last-detected-on\2023-05-22\127 has 2 entries
nodules_dir: output\crop1001\nodules-last-detected-on\2023-05-22\127 has 2 entries


Plotting date: 2023-05-22

@check_overlap_helper: existing_positions:[], x:29, y:379, offset_increment:{'x': 0.13750000000000018, 'y': 0.6111111111111112}, xlim:(28.95, 30.05), ylim:(368.5, 379.5), i:0
returning: (29, 379), modified:False


Plotting date: 2023-05-19

@check_overlap_helper: existing_positions:[(29, 379)], x:30, y:369, offset_increment:{'x': 0.13750000000000018, 'y': 0.6111111111111112}, xlim:(28.95, 30.05), ylim:(368.5, 379.5), i:0
returning: (30, 369), modified:False
@generate_gif: path:output\crop1001\nodules-last-detected-on\2023-05-22\132, output_name:o.gif
len_jpg_files: 2
@generate_gif: path:output\crop1001\nodules-last-detected-on\2023-05-22\132\detection, output_name:d.gif
len_jpg_files: 2
nodules_dir: output\crop1001\nodules-last-detected-on\2023-05-22\132 has 2 entries
nodules_dir: output\crop1001\nodules-last-detected-on\2023-05-22\132 has 2 entries


Plotting date: 2023-05-19

@check_overlap_helper: existing_positions:[], x:187, y:389, offset_increment:{'x': 0.6875, 'y': 0.06111111111111237}, xlim:(181.75, 187.25), ylim:(387.95, 389.05), i:0
returning: (187, 389), modified:False


Plotting date: 2023-05-17

@check_overlap_helper: existing_positions:[(187, 389)], x:182, y:388, offset_increment:{'x': 0.6875, 'y': 0.06111111111111237}, xlim:(181.75, 187.25), ylim:(387.95, 389.05), i:0
returning: (182, 388), modified:False
@generate_gif: path:output\crop1001\nodules-last-detected-on\2023-05-22\133, output_name:o.gif
len_jpg_files: 4
@generate_gif: path:output\crop1001\nodules-last-detected-on\2023-05-22\133\detection, output_name:d.gif
len_jpg_files: 4
nodules_dir: output\crop1001\nodules-last-detected-on\2023-05-22\133 has 4 entries
nodules_dir: output\crop1001\nodules-last-detected-on\2023-05-22\133 has 4 entries


Plotting date: 2023-05-22

@check_overlap_helper: existing_positions:[], x:168, y:390, offset_increment:{'x': 0.2749999999999986, 'y': 0.8555555555555543}, xlim:(165.9, 168.1), ylim:(375.3, 390.7), i:0
returning: (168, 390), modified:False


Plotting date: 2023-05-19

@check_overlap_helper: existing_positions:[(168, 390)], x:166, y:376, offset_increment:{'x': 0.2749999999999986, 'y': 0.8555555555555543}, xlim:(165.9, 168.1), ylim:(375.3, 390.7), i:0
returning: (166, 376), modified:False


Plotting date: 2023-05-17

@check_overlap_helper: existing_positions:[(168, 390), (166, 376)], x:167, y:377, offset_increment:{'x': 0.2749999999999986, 'y': 0.8555555555555543}, xlim:(165.9, 168.1), ylim:(375.3, 390.7), i:0
returning: (167, 377), modified:False


Plotting date: 2023-05-15

@check_overlap_helper: existing_positions:[(168, 390), (166, 376), (167, 377)], x:167, y:377, offset_increment:{'x': 0.2749999999999986, 'y': 0.8555555555555543}, xlim:(165.9, 168.1), ylim:(375.3, 390.7), i:0
returning: (167.275, 377), modified:True, original:(167, 377)
@generate_gif: path:output\crop1001\nodules-last-detected-on\2023-05-22\139, output_name:o.gif
len_jpg_files: 1
@generate_gif: path:output\crop1001\nodules-last-detected-on\2023-05-22\139\detection, output_name:d.gif
len_jpg_files: 1
nodules_dir: output\crop1001\nodules-last-detected-on\2023-05-22\139 has 1 entries
nodules_dir: output\crop1001\nodules-last-detected-on\2023-05-22\139 has less than 2 entries, skipping
@generate_gif: path:output\crop1001\nodules-last-detected-on\2023-05-22\140, output_name:o.gif
len_jpg_files: 1
@generate_gif: path:output\crop1001\nodules-last-detected-on\2023-05-22\140\detection, output_name:d.gif
len_jpg_files: 1
nodules_dir: output\crop1001\nodules-last-detected-on\2023-05-22\140 has 1 entries
nodules_dir: output\crop1001\nodules-last-detected-on\2023-05-22\140 has less than 2 entries, skipping
@generate_gif: path:output\crop1001\nodules-last-detected-on\2023-05-22\150, output_name:o.gif
len_jpg_files: 1
@generate_gif: path:output\crop1001\nodules-last-detected-on\2023-05-22\150\detection, output_name:d.gif
len_jpg_files: 1
nodules_dir: output\crop1001\nodules-last-detected-on\2023-05-22\150 has 1 entries
nodules_dir: output\crop1001\nodules-last-detected-on\2023-05-22\150 has less than 2 entries, skipping
@generate_gif: path:output\crop1001\nodules-last-detected-on\2023-05-22\151, output_name:o.gif
len_jpg_files: 1
@generate_gif: path:output\crop1001\nodules-last-detected-on\2023-05-22\151\detection, output_name:d.gif
len_jpg_files: 1
nodules_dir: output\crop1001\nodules-last-detected-on\2023-05-22\151 has 1 entries
nodules_dir: output\crop1001\nodules-last-detected-on\2023-05-22\151 has less than 2 entries, skipping
@generate_gif: path:output\crop1001\nodules-last-detected-on\2023-05-22\156, output_name:o.gif
len_jpg_files: 4
@generate_gif: path:output\crop1001\nodules-last-detected-on\2023-05-22\156\detection, output_name:d.gif
len_jpg_files: 4
nodules_dir: output\crop1001\nodules-last-detected-on\2023-05-22\156 has 4 entries
nodules_dir: output\crop1001\nodules-last-detected-on\2023-05-22\156 has 4 entries


Plotting date: 2023-05-22

@check_overlap_helper: existing_positions:[], x:96, y:436, offset_increment:{'x': 0.2749999999999986, 'y': 0.7333333333333358}, xlim:(95.9, 98.1), ylim:(423.4, 436.6), i:0
returning: (96, 436), modified:False


Plotting date: 2023-05-17

@check_overlap_helper: existing_positions:[(96, 436)], x:98, y:426, offset_increment:{'x': 0.2749999999999986, 'y': 0.7333333333333358}, xlim:(95.9, 98.1), ylim:(423.4, 436.6), i:0
returning: (98, 426), modified:False


Plotting date: 2023-05-15

@check_overlap_helper: existing_positions:[(96, 436), (98, 426)], x:98, y:425, offset_increment:{'x': 0.2749999999999986, 'y': 0.7333333333333358}, xlim:(95.9, 98.1), ylim:(423.4, 436.6), i:0
returning: (98, 425), modified:False


Plotting date: 2023-05-12

@check_overlap_helper: existing_positions:[(96, 436), (98, 426), (98, 425)], x:98, y:424, offset_increment:{'x': 0.2749999999999986, 'y': 0.7333333333333358}, xlim:(95.9, 98.1), ylim:(423.4, 436.6), i:0
returning: (98, 424), modified:False
@generate_gif: path:output\crop1001\nodules-last-detected-on\2023-05-22\18, output_name:o.gif
len_jpg_files: 6
@generate_gif: path:output\crop1001\nodules-last-detected-on\2023-05-22\18\detection, output_name:d.gif
len_jpg_files: 6
nodules_dir: output\crop1001\nodules-last-detected-on\2023-05-22\18 has 6 entries
nodules_dir: output\crop1001\nodules-last-detected-on\2023-05-22\18 has 6 entries


Plotting date: 2023-05-22

@check_overlap_helper: existing_positions:[], x:154, y:87, offset_increment:{'x': 0.2749999999999986, 'y': 0.18333333333333396}, xlim:(151.9, 154.1), ylim:(86.85, 90.15), i:0
returning: (154, 87), modified:False


Plotting date: 2023-05-19

@check_overlap_helper: existing_positions:[(154, 87)], x:153, y:87, offset_increment:{'x': 0.2749999999999986, 'y': 0.18333333333333396}, xlim:(151.9, 154.1), ylim:(86.85, 90.15), i:0
returning: (153, 87), modified:False


Plotting date: 2023-05-17

@check_overlap_helper: existing_positions:[(154, 87), (153, 87)], x:154, y:90, offset_increment:{'x': 0.2749999999999986, 'y': 0.18333333333333396}, xlim:(151.9, 154.1), ylim:(86.85, 90.15), i:0
returning: (154, 90), modified:False


Plotting date: 2023-05-15

@check_overlap_helper: existing_positions:[(154, 87), (153, 87), (154, 90)], x:153, y:88, offset_increment:{'x': 0.2749999999999986, 'y': 0.18333333333333396}, xlim:(151.9, 154.1), ylim:(86.85, 90.15), i:0
returning: (153, 88), modified:False


Plotting date: 2023-05-12

@check_overlap_helper: existing_positions:[(154, 87), (153, 87), (154, 90), (153, 88)], x:153, y:89, offset_increment:{'x': 0.2749999999999986, 'y': 0.18333333333333396}, xlim:(151.9, 154.1), ylim:(86.85, 90.15), i:0
returning: (153, 89), modified:False


Plotting date: 2023-05-10

@check_overlap_helper: existing_positions:[(154, 87), (153, 87), (154, 90), (153, 88), (153, 89)], x:152, y:89, offset_increment:{'x': 0.2749999999999986, 'y': 0.18333333333333396}, xlim:(151.9, 154.1), ylim:(86.85, 90.15), i:0
returning: (152, 89), modified:False
@generate_gif: path:output\crop1001\nodules-last-detected-on\2023-05-22\185, output_name:o.gif
len_jpg_files: 1
@generate_gif: path:output\crop1001\nodules-last-detected-on\2023-05-22\185\detection, output_name:d.gif
len_jpg_files: 1
nodules_dir: output\crop1001\nodules-last-detected-on\2023-05-22\185 has 1 entries
nodules_dir: output\crop1001\nodules-last-detected-on\2023-05-22\185 has less than 2 entries, skipping
@generate_gif: path:output\crop1001\nodules-last-detected-on\2023-05-22\194, output_name:o.gif
len_jpg_files: 5
@generate_gif: path:output\crop1001\nodules-last-detected-on\2023-05-22\194\detection, output_name:d.gif
len_jpg_files: 5
nodules_dir: output\crop1001\nodules-last-detected-on\2023-05-22\194 has 5 entries
nodules_dir: output\crop1001\nodules-last-detected-on\2023-05-22\194 has 5 entries


Plotting date: 2023-05-22

@check_overlap_helper: existing_positions:[], x:240, y:511, offset_increment:{'x': 0.13750000000000284, 'y': 0.794444444444442}, xlim:(238.95, 240.05), ylim:(502.35, 516.65), i:0
returning: (240, 511), modified:False


Plotting date: 2023-05-19

@check_overlap_helper: existing_positions:[(240, 511)], x:239, y:516, offset_increment:{'x': 0.13750000000000284, 'y': 0.794444444444442}, xlim:(238.95, 240.05), ylim:(502.35, 516.65), i:0
returning: (239, 516), modified:False


Plotting date: 2023-05-17

@check_overlap_helper: existing_positions:[(240, 511), (239, 516)], x:240, y:514, offset_increment:{'x': 0.13750000000000284, 'y': 0.794444444444442}, xlim:(238.95, 240.05), ylim:(502.35, 516.65), i:0
returning: (240, 514), modified:False


Plotting date: 2023-05-15

@check_overlap_helper: existing_positions:[(240, 511), (239, 516), (240, 514)], x:239, y:514, offset_increment:{'x': 0.13750000000000284, 'y': 0.794444444444442}, xlim:(238.95, 240.05), ylim:(502.35, 516.65), i:0
returning: (239, 514), modified:False


Plotting date: 2023-05-12

@check_overlap_helper: existing_positions:[(240, 511), (239, 516), (240, 514), (239, 514)], x:239, y:503, offset_increment:{'x': 0.13750000000000284, 'y': 0.794444444444442}, xlim:(238.95, 240.05), ylim:(502.35, 516.65), i:0
returning: (239, 503), modified:False
@generate_gif: path:output\crop1001\nodules-last-detected-on\2023-05-22\204, output_name:o.gif
len_jpg_files: 1
@generate_gif: path:output\crop1001\nodules-last-detected-on\2023-05-22\204\detection, output_name:d.gif
len_jpg_files: 1
nodules_dir: output\crop1001\nodules-last-detected-on\2023-05-22\204 has 1 entries
nodules_dir: output\crop1001\nodules-last-detected-on\2023-05-22\204 has less than 2 entries, skipping
@generate_gif: path:output\crop1001\nodules-last-detected-on\2023-05-22\205, output_name:o.gif
len_jpg_files: 1
@generate_gif: path:output\crop1001\nodules-last-detected-on\2023-05-22\205\detection, output_name:d.gif
len_jpg_files: 1
nodules_dir: output\crop1001\nodules-last-detected-on\2023-05-22\205 has 1 entries
nodules_dir: output\crop1001\nodules-last-detected-on\2023-05-22\205 has less than 2 entries, skipping
@generate_gif: path:output\crop1001\nodules-last-detected-on\2023-05-22\209, output_name:o.gif
len_jpg_files: 1
@generate_gif: path:output\crop1001\nodules-last-detected-on\2023-05-22\209\detection, output_name:d.gif
len_jpg_files: 1
nodules_dir: output\crop1001\nodules-last-detected-on\2023-05-22\209 has 1 entries
nodules_dir: output\crop1001\nodules-last-detected-on\2023-05-22\209 has less than 2 entries, skipping
@generate_gif: path:output\crop1001\nodules-last-detected-on\2023-05-22\220, output_name:o.gif
len_jpg_files: 1
@generate_gif: path:output\crop1001\nodules-last-detected-on\2023-05-22\220\detection, output_name:d.gif
len_jpg_files: 1
nodules_dir: output\crop1001\nodules-last-detected-on\2023-05-22\220 has 1 entries
nodules_dir: output\crop1001\nodules-last-detected-on\2023-05-22\220 has less than 2 entries, skipping
@generate_gif: path:output\crop1001\nodules-last-detected-on\2023-05-22\23, output_name:o.gif
len_jpg_files: 3
@generate_gif: path:output\crop1001\nodules-last-detected-on\2023-05-22\23\detection, output_name:d.gif
len_jpg_files: 3
nodules_dir: output\crop1001\nodules-last-detected-on\2023-05-22\23 has 3 entries
nodules_dir: output\crop1001\nodules-last-detected-on\2023-05-22\23 has 3 entries


Plotting date: 2023-05-22

@check_overlap_helper: existing_positions:[], x:158, y:100, offset_increment:{'x': 0.8250000000000028, 'y': 0.24444444444444477}, xlim:(151.7, 158.3), ylim:(96.8, 101.2), i:0
returning: (158, 100), modified:False


Plotting date: 2023-05-19

@check_overlap_helper: existing_positions:[(158, 100)], x:157, y:101, offset_increment:{'x': 0.8250000000000028, 'y': 0.24444444444444477}, xlim:(151.7, 158.3), ylim:(96.8, 101.2), i:0
returning: (157, 101), modified:False


Plotting date: 2023-05-17

@check_overlap_helper: existing_positions:[(158, 100), (157, 101)], x:152, y:97, offset_increment:{'x': 0.8250000000000028, 'y': 0.24444444444444477}, xlim:(151.7, 158.3), ylim:(96.8, 101.2), i:0
returning: (152, 97), modified:False
@generate_gif: path:output\crop1001\nodules-last-detected-on\2023-05-22\25, output_name:o.gif
len_jpg_files: 1
@generate_gif: path:output\crop1001\nodules-last-detected-on\2023-05-22\25\detection, output_name:d.gif
len_jpg_files: 1
nodules_dir: output\crop1001\nodules-last-detected-on\2023-05-22\25 has 1 entries
nodules_dir: output\crop1001\nodules-last-detected-on\2023-05-22\25 has less than 2 entries, skipping
@generate_gif: path:output\crop1001\nodules-last-detected-on\2023-05-22\33, output_name:o.gif
len_jpg_files: 1
@generate_gif: path:output\crop1001\nodules-last-detected-on\2023-05-22\33\detection, output_name:d.gif
len_jpg_files: 1
nodules_dir: output\crop1001\nodules-last-detected-on\2023-05-22\33 has 1 entries
nodules_dir: output\crop1001\nodules-last-detected-on\2023-05-22\33 has less than 2 entries, skipping
@generate_gif: path:output\crop1001\nodules-last-detected-on\2023-05-22\35, output_name:o.gif
len_jpg_files: 2
@generate_gif: path:output\crop1001\nodules-last-detected-on\2023-05-22\35\detection, output_name:d.gif
len_jpg_files: 2
nodules_dir: output\crop1001\nodules-last-detected-on\2023-05-22\35 has 2 entries
nodules_dir: output\crop1001\nodules-last-detected-on\2023-05-22\35 has 2 entries


Plotting date: 2023-05-22

@check_overlap_helper: existing_positions:[], x:154, y:132, offset_increment:{'x': 0.13750000000000284, 'y': 0.8066666666666656}, xlim:(152.95, 154.05), ylim:(124.74000000000001, 139.26), i:0
returning: (154, 132), modified:False


Plotting date: 2023-05-19

@check_overlap_helper: existing_positions:[(154, 132)], x:153, y:132, offset_increment:{'x': 0.13750000000000284, 'y': 0.8066666666666656}, xlim:(152.95, 154.05), ylim:(124.74000000000001, 139.26), i:0
returning: (153, 132), modified:False
@generate_gif: path:output\crop1001\nodules-last-detected-on\2023-05-22\45, output_name:o.gif
len_jpg_files: 1
@generate_gif: path:output\crop1001\nodules-last-detected-on\2023-05-22\45\detection, output_name:d.gif
len_jpg_files: 1
nodules_dir: output\crop1001\nodules-last-detected-on\2023-05-22\45 has 1 entries
nodules_dir: output\crop1001\nodules-last-detected-on\2023-05-22\45 has less than 2 entries, skipping
@generate_gif: path:output\crop1001\nodules-last-detected-on\2023-05-22\48, output_name:o.gif
len_jpg_files: 1
@generate_gif: path:output\crop1001\nodules-last-detected-on\2023-05-22\48\detection, output_name:d.gif
len_jpg_files: 1
nodules_dir: output\crop1001\nodules-last-detected-on\2023-05-22\48 has 1 entries
nodules_dir: output\crop1001\nodules-last-detected-on\2023-05-22\48 has less than 2 entries, skipping
@generate_gif: path:output\crop1001\nodules-last-detected-on\2023-05-22\49, output_name:o.gif
len_jpg_files: 1
@generate_gif: path:output\crop1001\nodules-last-detected-on\2023-05-22\49\detection, output_name:d.gif
len_jpg_files: 1
nodules_dir: output\crop1001\nodules-last-detected-on\2023-05-22\49 has 1 entries
nodules_dir: output\crop1001\nodules-last-detected-on\2023-05-22\49 has less than 2 entries, skipping
@generate_gif: path:output\crop1001\nodules-last-detected-on\2023-05-22\61, output_name:o.gif
len_jpg_files: 2
@generate_gif: path:output\crop1001\nodules-last-detected-on\2023-05-22\61\detection, output_name:d.gif
len_jpg_files: 2
nodules_dir: output\crop1001\nodules-last-detected-on\2023-05-22\61 has 2 entries
nodules_dir: output\crop1001\nodules-last-detected-on\2023-05-22\61 has 2 entries


Plotting date: 2023-05-22

@check_overlap_helper: existing_positions:[], x:234, y:229, offset_increment:{'x': 0.2749999999999986, 'y': 0.06111111111111237}, xlim:(231.9, 234.1), ylim:(228.95, 230.05), i:0
returning: (234, 229), modified:False


Plotting date: 2023-05-19

@check_overlap_helper: existing_positions:[(234, 229)], x:232, y:230, offset_increment:{'x': 0.2749999999999986, 'y': 0.06111111111111237}, xlim:(231.9, 234.1), ylim:(228.95, 230.05), i:0
returning: (232, 230), modified:False
@generate_gif: path:output\crop1001\nodules-last-detected-on\2023-05-22\7, output_name:o.gif
len_jpg_files: 6
@generate_gif: path:output\crop1001\nodules-last-detected-on\2023-05-22\7\detection, output_name:d.gif
len_jpg_files: 6
nodules_dir: output\crop1001\nodules-last-detected-on\2023-05-22\7 has 6 entries
nodules_dir: output\crop1001\nodules-last-detected-on\2023-05-22\7 has 6 entries


Plotting date: 2023-05-22

@check_overlap_helper: existing_positions:[], x:150, y:55, offset_increment:{'x': 0.13750000000000284, 'y': 0.12222222222222238}, xlim:(148.95, 150.05), ylim:(54.9, 57.1), i:0
returning: (150, 55), modified:False


Plotting date: 2023-05-19

@check_overlap_helper: existing_positions:[(150, 55)], x:150, y:55, offset_increment:{'x': 0.13750000000000284, 'y': 0.12222222222222238}, xlim:(148.95, 150.05), ylim:(54.9, 57.1), i:0
returning: (150, 55.12222222222222), modified:True, original:(150, 55)


Plotting date: 2023-05-17

@check_overlap_helper: existing_positions:[(150, 55), (150, 55.12222222222222)], x:150, y:57, offset_increment:{'x': 0.13750000000000284, 'y': 0.12222222222222238}, xlim:(148.95, 150.05), ylim:(54.9, 57.1), i:0
returning: (150, 57), modified:False


Plotting date: 2023-05-15

@check_overlap_helper: existing_positions:[(150, 55), (150, 55.12222222222222), (150, 57)], x:150, y:56, offset_increment:{'x': 0.13750000000000284, 'y': 0.12222222222222238}, xlim:(148.95, 150.05), ylim:(54.9, 57.1), i:0
returning: (150, 56), modified:False


Plotting date: 2023-05-12

@check_overlap_helper: existing_positions:[(150, 55), (150, 55.12222222222222), (150, 57), (150, 56)], x:150, y:55, offset_increment:{'x': 0.13750000000000284, 'y': 0.12222222222222238}, xlim:(148.95, 150.05), ylim:(54.9, 57.1), i:0
returning: (149.8625, 55), modified:True, original:(150, 55)


Plotting date: 2023-05-10

@check_overlap_helper: existing_positions:[(150, 55), (150, 55.12222222222222), (150, 57), (150, 56), (149.8625, 55)], x:149, y:55, offset_increment:{'x': 0.13750000000000284, 'y': 0.12222222222222238}, xlim:(148.95, 150.05), ylim:(54.9, 57.1), i:0
returning: (149, 55), modified:False
@generate_gif: path:output\crop1001\nodules-last-detected-on\2023-05-22\8, output_name:o.gif
len_jpg_files: 1
@generate_gif: path:output\crop1001\nodules-last-detected-on\2023-05-22\8\detection, output_name:d.gif
len_jpg_files: 1
nodules_dir: output\crop1001\nodules-last-detected-on\2023-05-22\8 has 1 entries
nodules_dir: output\crop1001\nodules-last-detected-on\2023-05-22\8 has less than 2 entries, skipping
@generate_gif: path:output\crop1001\nodules-last-detected-on\2023-05-22\81, output_name:o.gif
len_jpg_files: 1
@generate_gif: path:output\crop1001\nodules-last-detected-on\2023-05-22\81\detection, output_name:d.gif
len_jpg_files: 1
nodules_dir: output\crop1001\nodules-last-detected-on\2023-05-22\81 has 1 entries
nodules_dir: output\crop1001\nodules-last-detected-on\2023-05-22\81 has less than 2 entries, skipping
@post_process: output\crop1001\nodules-last-detected-on\2023-05-22, 32 nodules, took 8.45s
