Current memory usage: 3689.96875 MB
@analyze_image: file_name: data/crop993/20230501.jpg, output_dir: output/crop993, external_logger: <Logger data_crop993.log (DEBUG)>
Loaded image & JSON file: data/crop993/20230501.jpg
Scaled JSON data: scalar_position: 0.5, scalar_size: 0.5

@find_prev_next_date: image_output_dir: output/crop993/20230501
data_dir: data/crop993
Previous date file: data/crop993/20230426.jpg, Next date file: data/crop993/20230503.json


Loaded prev_results from JSON file: 20230426, length: 16
Scaled JSON data: scalar_position: 0.5, scalar_size: 0.5
Loaded next_results from JSON file: 20230503, length: 14
Scaled JSON data: scalar_position: 0.5, scalar_size: 0.5
prev_results is not empty, generating matching
Current memory usage: 3691.1796875 MB
current_date:20230501, generating Matching: 20230426_20230501_matching.json
spatial_distances: (25, 16), attribute_distances: (25, 16)
combined_distances: (25, 16)
Current memory usage: 3691.1953125 MB

@find_matching: combined_distances: (25, 16), next_matching: [{'id': '20230505_0', 'p': {'id': 5, 'tq': -210.0, 'dx': 36, 'dy': -56, 'dd': -1, 'da': -51.0, 'dp': -6.83, 'de': 0.38}, 'c': {'id': 0}, 'n': {'id': 0, 'dx': 3, 'dy': 0, 'dd': -2, 'da': -42.0, 'dp': -10.24, 'de': -0.36}, 'i': 1}, {'id': '20230505_1', 'p': {'id': 4, 'tq': -157.0, 'dx': 33, 'dy': -51, 'dd': -1, 'da': -29.0, 'dp': -7.07, 'de': 0.39}, 'c': {'id': 1}, 'n': {'id': 1, 'dx': 0, 'dy': 0, 'dd': -1, 'da': -10.0, 'dp': -3.41, 'de': -0.12}, 'i': 1}, {'id': '20230503_2', 'p': {'id': 0, 'tq': 20.0, 'dx': 0, 'dy': 8, 'dd': -2, 'da': -30.0, 'dp': -17.69, 'de': 0.11}, 'c': {'id': 2}, 'n': {}, 'i': 0}, {'id': '20230519_0', 'p': {'id': 1, 'tq': 54.0, 'dx': 0, 'dy': 0, 'dd': 1, 'da': 29.0, 'dp': 10.83, 'de': 0.14}, 'c': {'id': 3}, 'n': {'id': 2, 'dx': 1, 'dy': -1, 'dd': -1, 'da': -44.0, 'dp': -15.66, 'de': -0.05}, 'i': 7}, {'id': '20230512_23', 'p': {'id': 8, 'tq': 1.0, 'dx': -3, 'dy': -2, 'dd': -2, 'da': -56.0, 'dp': -12.07, 'de': 0.09}, 'c': {'id': 4}, 'n': {'id': 6, 'dx': 3, 'dy': 5, 'dd': 1, 'da': 23.0, 'dp': 4.41, 'de': -0.17}, 'i': 4}, {'id': '20230503_5', 'p': {'id': 9, 'tq': 1.0, 'dx': -22, 'dy': 8, 'dd': 1, 'da': 11.0, 'dp': 1.96, 'de': 0.09}, 'c': {'id': 5}, 'n': {}, 'i': 0}, {'id': '20230503_6', 'p': {'id': 12, 'tq': 16.0, 'dx': 1, 'dy': -14, 'dd': -1, 'da': -21.0, 'dp': -10.45, 'de': 0.28}, 'c': {'id': 6}, 'n': {}, 'i': 0}, {'id': '20230503_7', 'p': {'id': 15, 'tq': 23.0, 'dx': 2, 'dy': 0, 'dd': -1, 'da': -46.0, 'dp': -7.62, 'de': 0.05}, 'c': {'id': 7}, 'n': {}, 'i': 0}, {'id': '20230503_8', 'p': {'id': 18, 'tq': -130.0, 'dx': 51, 'dy': -33, 'dd': -1, 'da': -11.0, 'dp': -4.38, 'de': -0.42}, 'c': {'id': 8}, 'n': {}, 'i': 0}, {'id': '20230503_9', 'p': {'id': 17, 'tq': -26.0, 'dx': 3, 'dy': 0, 'dd': -2, 'da': -75.0, 'dp': -17.31, 'de': -0.11}, 'c': {'id': 9}, 'n': {}, 'i': 0}, {'id': '20230505_8', 'p': {'id': 19, 'tq': 40.0, 'dx': -2, 'dy': -4, 'dd': -1, 'da': -29.0, 'dp': -5.41, 'de': -0.15}, 'c': {'id': 10}, 'n': {'id': 8, 'dx': 3, 'dy': 5, 'dd': -1, 'da': -40.0, 'dp': -6.83, 'de': 0.17}, 'i': 1}, {'id': '20230503_11', 'p': {'id': 21, 'tq': -598.0, 'dx': 18, 'dy': 164, 'dd': 3, 'da': 79.0, 'dp': 14.24, 'de': -0.04}, 'c': {'id': 11}, 'n': {}, 'i': 0}, {'id': '20230503_12', 'p': {'id': 23, 'tq': -575.0, 'dx': -5, 'dy': 163, 'dd': 2, 'da': 68.0, 'dp': 13.66, 'de': -0.0}, 'c': {'id': 12}, 'n': {}, 'i': 0}, {'id': '20230503_13', 'p': {'id': 24, 'tq': -660.0, 'dx': -153, 'dy': 3, 'dd': -3, 'da': -147.0, 'dp': -26.14, 'de': -0.37}, 'c': {'id': 13}, 'n': {}, 'i': 0}], current_date_string: 20230501, distance_threshold: 20
matched entry: {'id': '20230503_2', 'p': {'id': 0, 'tq': 20.0, 'dx': 0, 'dy': 8, 'dd': -2, 'da': -30.0, 'dp': -17.69, 'de': 0.11}, 'c': {'id': 2}, 'n': {}, 'i': 0}, len(matching): 0
matched entry: {'id': '20230519_0', 'p': {'id': 1, 'tq': 54.0, 'dx': 0, 'dy': 0, 'dd': 1, 'da': 29.0, 'dp': 10.83, 'de': 0.14}, 'c': {'id': 3}, 'n': {'id': 2, 'dx': 1, 'dy': -1, 'dd': -1, 'da': -44.0, 'dp': -15.66, 'de': -0.05}, 'i': 7}, len(matching): 1
tq < 0
tq < 0
matched entry: {'id': '20230512_23', 'p': {'id': 8, 'tq': 1.0, 'dx': -3, 'dy': -2, 'dd': -2, 'da': -56.0, 'dp': -12.07, 'de': 0.09}, 'c': {'id': 4}, 'n': {'id': 6, 'dx': 3, 'dy': 5, 'dd': 1, 'da': 23.0, 'dp': 4.41, 'de': -0.17}, 'i': 4}, len(matching): 6
tq < 0
matched entry: {'id': '20230505_8', 'p': {'id': 19, 'tq': 40.0, 'dx': -2, 'dy': -4, 'dd': -1, 'da': -29.0, 'dp': -5.41, 'de': -0.15}, 'c': {'id': 10}, 'n': {'id': 8, 'dx': 3, 'dy': 5, 'dd': -1, 'da': -40.0, 'dp': -6.83, 'de': 0.17}, 'i': 1}, len(matching): 11
tq < 0
tq < 0
i_dict: {0: 12, 1: 1, 2: 1, 5: 1, 8: 1}
tq_average: -130.0625, dx_average: -11.9375, dy_average: -5.5625, dd_average: 0.25, da_average: 3.625, dp_average: 1.1381, de_average: -0.0156
average_tracking_quality: 50.7143
@find_matching:
Returning:
Matching(lenght=16): [{'id': '20230503_2', 'p': {'id': 0, 'tq': 51.0, 'dx': -3, 'dy': 0, 'dd': 2, 'da': 23.0, 'dp': 11.69, 'de': -0.22}, 'c': {'id': 0}, 'n': {'id': 2, 'dx': 0, 'dy': 8, 'dd': -2, 'da': -30.0, 'dp': -17.69, 'de': 0.11}, 'i': 1}, {'id': '20230519_0', 'p': {'id': 2, 'tq': 21.0, 'dx': 1, 'dy': -2, 'dd': 1, 'da': 46.0, 'dp': 10.73, 'de': -0.02}, 'c': {'id': 1}, 'n': {'id': 3, 'dx': 0, 'dy': 0, 'dd': 1, 'da': 29.0, 'dp': 10.83, 'de': 0.14}, 'i': 8}, {'id': '20230501_2', 'p': {'id': 5, 'tq': -438.0, 'dx': -143, 'dy': -28, 'dd': 1, 'da': 14.0, 'dp': 12.0, 'de': 0.24}, 'c': {'id': 2}, 'n': {}, 'i': 0}, {'id': '20230501_3', 'p': {'id': 4, 'tq': 67.0, 'dx': 2, 'dy': 2, 'dd': 0, 'da': -15.0, 'dp': -2.59, 'de': 0.01}, 'c': {'id': 3}, 'n': {}, 'i': 0}, {'id': '20230501_4', 'p': {'id': 1, 'tq': -220.0, 'dx': -63, 'dy': 37, 'dd': -1, 'da': -42.0, 'dp': -8.24, 'de': -0.04}, 'c': {'id': 4}, 'n': {}, 'i': 0}, {'id': '20230501_5', 'p': {'id': 3, 'tq': -83.0, 'dx': -34, 'dy': 35, 'dd': 0, 'da': -3.0, 'dp': -7.31, 'de': -0.61}, 'c': {'id': 5}, 'n': {}, 'i': 0}, {'id': '20230512_23', 'p': {'id': 7, 'tq': 71.0, 'dx': 1, 'dy': 3, 'dd': 0, 'da': -12.0, 'dp': -2.59, 'de': 0.02}, 'c': {'id': 8}, 'n': {'id': 4, 'dx': -3, 'dy': -2, 'dd': -2, 'da': -56.0, 'dp': -12.07, 'de': 0.09}, 'i': 5}, {'id': '20230501_7', 'p': {'id': 6, 'tq': -137.0, 'dx': -34, 'dy': 42, 'dd': -2, 'da': -29.0, 'dp': -13.86, 'de': 0.35}, 'c': {'id': 10}, 'n': {}, 'i': 0}, {'id': '20230501_8', 'p': {'id': 8, 'tq': 43.0, 'dx': 0, 'dy': 4, 'dd': 1, 'da': 28.0, 'dp': 6.59, 'de': -0.27}, 'c': {'id': 13}, 'n': {}, 'i': 0}, {'id': '20230501_9', 'p': {'id': 9, 'tq': -46.0, 'dx': 1, 'dy': -24, 'dd': -2, 'da': -38.0, 'dp': -16.49, 'de': -0.06}, 'c': {'id': 16}, 'n': {}, 'i': 0}, {'id': '20230501_10', 'p': {'id': 10, 'tq': -45.0, 'dx': -21, 'dy': 22, 'dd': 2, 'da': 23.0, 'dp': 11.21, 'de': 0.07}, 'c': {'id': 18}, 'n': {}, 'i': 0}, {'id': '20230505_8', 'p': {'id': 11, 'tq': 47.0, 'dx': 0, 'dy': 5, 'dd': 1, 'da': 23.0, 'dp': 4.24, 'de': 0.14}, 'c': {'id': 19}, 'n': {'id': 10, 'dx': -2, 'dy': -4, 'dd': -1, 'da': -29.0, 'dp': -5.41, 'de': -0.15}, 'i': 2}, {'id': '20230501_12', 'p': {'id': 12, 'tq': 55.0, 'dx': 1, 'dy': 3, 'dd': -1, 'da': -22.0, 'dp': -4.24, 'de': -0.24}, 'c': {'id': 20}, 'n': {}, 'i': 0}, {'id': '20230501_13', 'p': {'id': 13, 'tq': -386.0, 'dx': -20, 'dy': -127, 'dd': 1, 'da': 22.0, 'dp': 9.41, 'de': 0.38}, 'c': {'id': 22}, 'n': {}, 'i': 0}, {'id': '20230501_14', 'p': {'id': 14, 'tq': -400.0, 'dx': -73, 'dy': -119, 'dd': 0, 'da': -7.0, 'dp': -2.83, 'de': -0.15}, 'c': {'id': 23}, 'n': {}, 'i': 0}, {'id': '20230501_15', 'p': {'id': 15, 'tq': -681.0, 'dx': 194, 'dy': 58, 'dd': 1, 'da': 47.0, 'dp': 10.49, 'de': 0.15}, 'c': {'id': 24}, 'n': {}, 'i': 0}]
Unmatched current(length=9): {6, 7, 9, 11, 12, 14, 15, 17, 21}
Unmatched previous(length=0): set()
Distance threshold: 20



@plot_data: normalized_points: (25, 2), normalized_prev_points: (16, 2), current_points: (25, 2), prev_points: (16, 2), current_data: 25, prev_data: 16, matching: 16, unmatched_current: 9, unmatched_prev: 0, combined_distances: (25, 16), distance_threshold: 20, current_date_string: 20230501, previous_date_string: 20230426, filename: output/crop993/plots/20230426_20230501.png
Plots created
Plotted the normalized points
Drawing lines between the matched points
Plotting the unmatched points
Plotted the original points with diameter as size
Drawing lines between the matched points and add the indices to the plots with color coding
Setting the titles and labels
Done plotting

@process_image: output_dir: output/crop993/20230501, image_name: 20230501, date_string: 20230501
len(json_data) = 25 json_data entries
len(matching) = 16 matching entries, setting max_id_i to 16
crop_dir: output/crop993
nodules_dir: output/crop993/nodules-last-detected-on
Split image into left and right images: (705, 300, 3), (705, 300, 3)
Converted right image to HSV: (705, 300, 3)
Created mask to detect nodules: (705, 300)

Found 24 contours in mask, processing each contour...

@process_contour: max_id: 20230501_16
Moments: {'m00': 36.0, 'm10': 9967.333333333332, 'm01': 24661.0, 'm20': 2759763.333333333, 'm11': 6827881.083333333, 'm02': 16893593.0, 'm30': 764154354.6, 'm21': 1890503977.0, 'm12': 4677309125.033333, 'm03': 11572748946.5, 'mu20': 104.06172839552164, 'mu11': -19.120370369404554, 'mu02': 122.9722222238779, 'mu30': 35.146867871284485, 'mu21': 21.302126018330455, 'mu12': -29.793313657515682, 'mu03': -3.7484588623046875, 'nu20': 0.08029454351506299, 'nu11': -0.014753372198614624, 'nu02': 0.0948859739381774, 'nu30': 0.004519916135710453, 'nu21': 0.002739470938571303, 'nu12': -0.003831444657602325, 'nu03': -0.00048205489484370975}
Centroid: 276, 685
Processing contour#1: area: 36.0 centroid: 276, 685 rectangle: (274, 681, 9, 9)
@find_dayJSON_match_for_contour: x: 274, y: 681, w: 9, h: 9, area: 36.0
Matched with JSON#24: (277, 684, 8, 239.0, 59.6985, 0.629061)
Match with input JSON(nodules) ID: 24
Matched contour: {'x': 277, 'y': 684, 'd': 8, 'a': 239.0, 'p': 59.6985, 'e': 0.629061, 'id': 24, 'tq': 100}
JSON_entry: 24
Matched with first_id: 24 second_id: 15 name: 20230501_15
entry_id:20230501_15, entry saved to results list
WARNING: right_nodule_img.shape != (50, 50, 3) != (45, 49, 3)
@process_contour: max_id: 20230501_17
Moments: {'m00': 11.0, 'm10': 1424.5, 'm01': 5203.0, 'm20': 184480.3333333333, 'm11': 673790.4166666666, 'm02': 2461032.1666666665, 'm30': 23892167.25, 'm21': 87259694.08333333, 'm12': 318705478.75, 'm03': 1164080670.5, 'mu20': 7.583333333313931, 'mu11': 1.9166666666278616, 'mu02': 13.166666666511446, 'mu30': 7.450580596923828e-09, 'mu21': 1.414446160197258e-08, 'mu12': 5.98374754190445e-08, 'mu03': 2.384185791015625e-07, 'nu20': 0.0626721763083796, 'nu11': 0.01584022038535423, 'nu02': 0.10881542699596237, 'nu30': 1.8565574988954546e-11, 'nu21': 3.524558376809339e-11, 'nu12': 1.491047741300412e-10, 'nu03': 5.940983996465455e-10}
Centroid: 129, 473
Processing contour#2: area: 11.0 centroid: 129, 473 rectangle: (128, 471, 4, 5)
@find_dayJSON_match_for_contour: x: 128, y: 471, w: 4, h: 5, area: 11.0
Matched with JSON#23: (129, 472, 4, 55.0, 25.3137, 0.272747)
Match with input JSON(nodules) ID: 23
Matched contour: {'x': 129, 'y': 472, 'd': 4, 'a': 55.0, 'p': 25.3137, 'e': 0.272747, 'id': 23, 'tq': 100}
JSON_entry: 23
Matched with first_id: 23 second_id: 14 name: 20230501_14
entry_id:20230501_14, entry saved to results list
created dirs at nodule_detection_path: output/crop993/nodules-last-detected-on/2023-05-01/14/detection and nodule_images_original_path: output/crop993/nodules-last-detected-on/2023-05-01/14
Segmented nodule image saved as output/crop993/nodules-last-detected-on/2023-05-01/14/detection/2023-05-01.jpg
Original nodule image saved as output/crop993/nodules-last-detected-on/2023-05-01/14/2023-05-01.jpg


@process_contour: max_id: 20230501_18
Moments: {'m00': 12.0, 'm10': 1692.0, 'm01': 5154.0, 'm20': 238588.0, 'm11': 726714.0, 'm02': 2213652.0, 'm30': 33645420.0, 'm21': 102473546.0, 'm12': 312124932.0, 'm03': 950771265.0, 'mu20': 16.0, 'mu11': 0.0, 'mu02': 9.0, 'mu30': 0.0, 'mu21': 0.0, 'mu12': 0.0, 'mu03': 0.0, 'nu20': 0.1111111111111111, 'nu11': 0.0, 'nu02': 0.0625, 'nu30': 0.0, 'nu21': 0.0, 'nu12': 0.0, 'nu03': 0.0}
Centroid: 141, 429
Processing contour#3: area: 12.0 centroid: 141, 429 rectangle: (139, 428, 5, 4)
@find_dayJSON_match_for_contour: x: 139, y: 428, w: 5, h: 4, area: 12.0
Matched with JSON#21: (141, 429, 4, 77.0, 30.1421, 0.377618)
Match with input JSON(nodules) ID: 21
Matched contour: {'x': 141, 'y': 429, 'd': 4, 'a': 77.0, 'p': 30.1421, 'e': 0.377618, 'id': 21, 'tq': 100}
JSON_entry: 21
WARNING: match is empty
entry_id:20230501_18, entry saved to results list
created dirs at nodule_detection_path: output/crop993/nodules-last-detected-on/2023-05-01/18/detection and nodule_images_original_path: output/crop993/nodules-last-detected-on/2023-05-01/18
Segmented nodule image saved as output/crop993/nodules-last-detected-on/2023-05-01/18/detection/2023-05-01.jpg
Original nodule image saved as output/crop993/nodules-last-detected-on/2023-05-01/18/2023-05-01.jpg


@process_contour: max_id: 20230501_19
Moments: {'m00': 23.0, 'm10': 5532.166666666666, 'm01': 9911.166666666666, 'm20': 1330676.3333333333, 'm11': 2383937.9166666665, 'm02': 4270997.666666666, 'm30': 320080613.15000004, 'm21': 573422686.4666667, 'm12': 1027311720.3, 'm03': 1840524038.65, 'mu20': 29.897342995507643, 'mu11': 15.053140096832067, 'mu02': 74.85386473406106, 'mu30': 2.2996708750724792, 'mu21': 13.770349328660814, 'mu12': 11.025862993450573, 'mu03': -25.93851375579834, 'nu20': 0.05651671643763259, 'nu11': 0.02845584139287725, 'nu02': 0.1415006894783763, 'nu30': 0.0009064546787142881, 'nu21': 0.005427819133510288, 'nu12': 0.004346032819570757, 'nu03': -0.010224109635730935}
Centroid: 240, 430
Processing contour#4: area: 23.0 centroid: 240, 430 rectangle: (238, 427, 6, 8)
@find_dayJSON_match_for_contour: x: 238, y: 427, w: 6, h: 8, area: 23.0
Matched with JSON#22: (240, 430, 5, 91.0, 38.1421, 0.874829)
Match with input JSON(nodules) ID: 22
Matched contour: {'x': 240, 'y': 430, 'd': 5, 'a': 91.0, 'p': 38.1421, 'e': 0.874829, 'id': 22, 'tq': 100}
JSON_entry: 22
Matched with first_id: 22 second_id: 13 name: 20230501_13
entry_id:20230501_13, entry saved to results list
created dirs at nodule_detection_path: output/crop993/nodules-last-detected-on/2023-05-01/13/detection and nodule_images_original_path: output/crop993/nodules-last-detected-on/2023-05-01/13
Segmented nodule image saved as output/crop993/nodules-last-detected-on/2023-05-01/13/detection/2023-05-01.jpg
Original nodule image saved as output/crop993/nodules-last-detected-on/2023-05-01/13/2023-05-01.jpg


@process_contour: max_id: 20230501_20
Moments: {'m00': 18.0, 'm10': 4041.0, 'm01': 7391.166666666666, 'm20': 907229.3333333333, 'm11': 1659316.9166666665, 'm02': 3034991.5, 'm30': 203684135.5, 'm21': 372526844.8833333, 'm12': 681355591.75, 'm03': 1246252251.65, 'mu20': 24.833333333255723, 'mu11': 0.0, 'mu02': 27.90586419822648, 'mu30': 5.960464477539063e-08, 'mu21': 0.019135866128635826, 'mu12': 3.5157427191734314e-08, 'mu03': 0.4164891242980957, 'nu20': 0.07664609053473988, 'nu11': 0.0, 'nu02': 0.08612921048835333, 'nu30': 4.336095525812143e-11, 'nu21': 1.3920885497362508e-05, 'nu12': 2.557618845303256e-11, 'nu03': 0.0003029858889728707}
Centroid: 224, 410
Processing contour#5: area: 18.0 centroid: 224, 410 rectangle: (222, 408, 6, 6)
@find_dayJSON_match_for_contour: x: 222, y: 408, w: 6, h: 6, area: 18.0
Matched with JSON#20: (224, 410, 4, 69.0, 28.7279, 0.23984)
Match with input JSON(nodules) ID: 20
Matched contour: {'x': 224, 'y': 410, 'd': 4, 'a': 69.0, 'p': 28.7279, 'e': 0.23984, 'id': 20, 'tq': 100}
JSON_entry: 20
Matched with first_id: 20 second_id: 12 name: 20230501_12
entry_id:20230501_12, entry saved to results list
created dirs at nodule_detection_path: output/crop993/nodules-last-detected-on/2023-05-01/12/detection and nodule_images_original_path: output/crop993/nodules-last-detected-on/2023-05-01/12
Segmented nodule image saved as output/crop993/nodules-last-detected-on/2023-05-01/12/detection/2023-05-01.jpg
Original nodule image saved as output/crop993/nodules-last-detected-on/2023-05-01/12/2023-05-01.jpg


@process_contour: max_id: 20230501_21
Moments: {'m00': 35.0, 'm10': 8869.5, 'm01': 13884.166666666666, 'm20': 2247775.333333333, 'm11': 3518458.333333333, 'm02': 5507801.666666666, 'm30': 569677857.75, 'm21': 891677237.6333333, 'm12': 1395765262.6666667, 'm03': 2184959881.15, 'mu20': 117.32619047584012, 'mu11': 12.154761904850602, 'mu02': 84.98015873041004, 'mu30': 12.941632866859436, 'mu21': 9.903514976344013, 'mu12': -5.904194686307164, 'mu03': -6.4019646644592285, 'nu20': 0.09577648202109397, 'nu11': 0.009922254616204572, 'nu02': 0.0693715581472735, 'nu30': 0.001785743033560924, 'nu21': 0.0013665302561673021, 'nu12': -0.0008146865730413058, 'nu03': -0.0008833710489451977}
Centroid: 253, 396
Processing contour#6: area: 35.0 centroid: 253, 396 rectangle: (250, 393, 8, 8)
@find_dayJSON_match_for_contour: x: 250, y: 393, w: 8, h: 8, area: 35.0
Matched with JSON#19: (253, 396, 6, 133.0, 40.3848, 0.541536)
Match with input JSON(nodules) ID: 19
Matched contour: {'x': 253, 'y': 396, 'd': 6, 'a': 133.0, 'p': 40.3848, 'e': 0.541536, 'id': 19, 'tq': 100}
JSON_entry: 19
Matched with first_id: 19 second_id: 11 name: 20230505_8
entry_id:20230505_8, entry saved to results list
created dirs at nodule_detection_path: output/crop993/nodules-last-detected-on/2023-05-05/8/detection and nodule_images_original_path: output/crop993/nodules-last-detected-on/2023-05-05/8
Segmented nodule image saved as output/crop993/nodules-last-detected-on/2023-05-05/8/detection/2023-05-01.jpg
Original nodule image saved as output/crop993/nodules-last-detected-on/2023-05-05/8/2023-05-01.jpg


@process_contour: max_id: 20230501_22
Moments: {'m00': 6.0, 'm10': 698.0, 'm01': 2333.6666666666665, 'm20': 81205.33333333333, 'm11': 271483.6666666666, 'm02': 907669.3333333333, 'm30': 9447972.0, 'm21': 31584465.066666666, 'm12': 105592544.66666667, 'm03': 353035005.70000005, 'mu20': 4.666666666671517, 'mu11': 0.4444444444379769, 'mu02': 2.6481481482042, 'mu30': -0.8888888899236917, 'mu21': -1.5999999953739916, 'mu12': -0.17283947994775417, 'mu03': 1.1423869132995605, 'nu20': 0.12962962962976438, 'nu11': 0.012345679012166025, 'nu02': 0.07355967078344999, 'nu30': -0.010080204714546336, 'nu21': -0.01814436841260058, 'nu12': -0.001960039505925938, 'nu03': 0.012954930677856524}
Centroid: 116, 388
Processing contour#7: area: 6.0 centroid: 116, 388 rectangle: (114, 388, 5, 4)
@find_dayJSON_match_for_contour: x: 114, y: 388, w: 5, h: 4, area: 6.0
Matched with JSON#18: (116, 388, 3, 32.0, 18.8284, 0.684734)
Match with input JSON(nodules) ID: 18
Matched contour: {'x': 116, 'y': 388, 'd': 3, 'a': 32.0, 'p': 18.8284, 'e': 0.684734, 'id': 18, 'tq': 100}
JSON_entry: 18
Matched with first_id: 18 second_id: 10 name: 20230501_10
entry_id:20230501_10, entry saved to results list
created dirs at nodule_detection_path: output/crop993/nodules-last-detected-on/2023-05-01/10/detection and nodule_images_original_path: output/crop993/nodules-last-detected-on/2023-05-01/10
Segmented nodule image saved as output/crop993/nodules-last-detected-on/2023-05-01/10/detection/2023-05-01.jpg
Original nodule image saved as output/crop993/nodules-last-detected-on/2023-05-01/10/2023-05-01.jpg


@process_contour: max_id: 20230501_23
Moments: {'m00': 23.0, 'm10': 1712.0, 'm01': 8425.333333333332, 'm20': 127477.16666666666, 'm11': 627134.6666666666, 'm02': 3086400.833333333, 'm30': 9495412.0, 'm21': 46696806.2, 'm12': 229733235.0, 'm03': 1130637912.6000001, 'mu20': 44.81884057969728, 'mu11': -3.1884057970019057, 'mu02': 42.495169083122164, 'mu30': 4.650283556431532, 'mu21': -7.037135064470931, 'mu12': -4.126234037396898, 'mu03': 4.206945180892944, 'nu20': 0.08472370619980582, 'nu11': -0.0060272321304383845, 'nu02': 0.08033113248227251, 'nu30': 0.0018329889432298122, 'nu21': -0.0027738073622091707, 'nu12': -0.0016264258460683783, 'nu03': 0.001658239526208179}
Centroid: 74, 366
Processing contour#8: area: 23.0 centroid: 74, 366 rectangle: (72, 364, 6, 6)
@find_dayJSON_match_for_contour: x: 72, y: 364, w: 6, h: 6, area: 23.0
Matched with JSON#17: (74, 365, 5, 107.0, 36.3848, 0.293361)
Match with input JSON(nodules) ID: 17
Matched contour: {'x': 74, 'y': 365, 'd': 5, 'a': 107.0, 'p': 36.3848, 'e': 0.293361, 'id': 17, 'tq': 100}
JSON_entry: 17
WARNING: match is empty
entry_id:20230501_23, entry saved to results list
created dirs at nodule_detection_path: output/crop993/nodules-last-detected-on/2023-05-01/23/detection and nodule_images_original_path: output/crop993/nodules-last-detected-on/2023-05-01/23
Segmented nodule image saved as output/crop993/nodules-last-detected-on/2023-05-01/23/detection/2023-05-01.jpg
Original nodule image saved as output/crop993/nodules-last-detected-on/2023-05-01/23/2023-05-01.jpg


@process_contour: max_id: 20230501_24
Moments: {'m00': 1.0, 'm10': 236.5, 'm01': 332.5, 'm20': 55932.33333333333, 'm11': 78636.25, 'm02': 110556.33333333333, 'm30': 13228036.25, 'm21': 18597500.833333332, 'm12': 26146572.833333332, 'm03': 36760036.25, 'mu20': 0.0833333333284827, 'mu11': 0.0, 'mu02': 0.0833333333284827, 'mu30': 3.725290298461914e-09, 'mu21': 3.710738383233547e-10, 'mu12': -9.458744898438454e-11, 'mu03': 7.450580596923828e-09, 'nu20': 0.0833333333284827, 'nu11': 0.0, 'nu02': 0.0833333333284827, 'nu30': 3.725290298461914e-09, 'nu21': 3.710738383233547e-10, 'nu12': -9.458744898438454e-11, 'nu03': 7.450580596923828e-09}
Centroid: 236, 332
Processing contour#9: area: 1.0 centroid: 236, 332 rectangle: (236, 332, 2, 2)
@find_dayJSON_match_for_contour: x: 236, y: 332, w: 2, h: 2, area: 1.0
Matched with JSON#16: (236, 332, 1, 7.0, 6.8284, 0.377964)
Match with input JSON(nodules) ID: 16
Matched contour: {'x': 236, 'y': 332, 'd': 1, 'a': 7.0, 'p': 6.8284, 'e': 0.377964, 'id': 16, 'tq': 100}
JSON_entry: 16
Matched with first_id: 16 second_id: 9 name: 20230501_9
entry_id:20230501_9, entry saved to results list
created dirs at nodule_detection_path: output/crop993/nodules-last-detected-on/2023-05-01/9/detection and nodule_images_original_path: output/crop993/nodules-last-detected-on/2023-05-01/9
Segmented nodule image saved as output/crop993/nodules-last-detected-on/2023-05-01/9/detection/2023-05-01.jpg
Original nodule image saved as output/crop993/nodules-last-detected-on/2023-05-01/9/2023-05-01.jpg


@process_contour: max_id: 20230501_25
Moments: {'m00': 34.0, 'm10': 1074.5, 'm01': 11344.5, 'm20': 34049.83333333333, 'm11': 358540.3333333333, 'm02': 3785334.833333333, 'm30': 1081931.25, 'm21': 11362421.833333334, 'm12': 119641528.16666667, 'm03': 1263094203.25, 'mu20': 92.47303921568528, 'mu11': 20.767156862712, 'mu02': 108.94362745061517, 'mu30': 11.53006055392325, 'mu21': -18.25108131210436, 'mu12': -44.31682522929077, 'mu03': 2.1113758087158203, 'nu20': 0.07999397856028138, 'nu11': 0.01796466856635986, 'nu02': 0.09424189225831762, 'nu30': 0.0017105441795893506, 'nu21': -0.002707642406874379, 'nu12': -0.006574630471307273, 'nu03': 0.0003132335327845014}
Centroid: 31, 333
Processing contour#10: area: 34.0 centroid: 31, 333 rectangle: (28, 330, 8, 8)
@find_dayJSON_match_for_contour: x: 28, y: 330, w: 8, h: 8, area: 34.0
Matched with JSON#15: (31, 333, 6, 128.0, 40.1421, 0.676866)
Match with input JSON(nodules) ID: 15
Matched contour: {'x': 31, 'y': 333, 'd': 6, 'a': 128.0, 'p': 40.1421, 'e': 0.676866, 'id': 15, 'tq': 100}
JSON_entry: 15
WARNING: match is empty
entry_id:20230501_25, entry saved to results list
created dirs at nodule_detection_path: output/crop993/nodules-last-detected-on/2023-05-01/25/detection and nodule_images_original_path: output/crop993/nodules-last-detected-on/2023-05-01/25
Segmented nodule image saved as output/crop993/nodules-last-detected-on/2023-05-01/25/detection/2023-05-01.jpg
Original nodule image saved as output/crop993/nodules-last-detected-on/2023-05-01/25/2023-05-01.jpg


@process_contour: max_id: 20230501_26
Moments: {'m00': 3.5, 'm10': 954.6666666666666, 'm01': 1141.6666666666665, 'm20': 260397.41666666666, 'm11': 311403.125, 'm02': 372402.4166666666, 'm30': 71026887.3, 'm21': 84939130.18333334, 'm12': 101577160.01666667, 'm03': 121475180.80000001, 'mu20': 0.7182539682544302, 'mu11': -0.04960317455697805, 'mu02': 1.6230158730759285, 'mu30': 0.11027966439723969, 'mu21': -0.09822374679578161, 'mu12': -0.13110356573901072, 'mu03': 0.3483749032020569, 'nu20': 0.058632977000361644, 'nu11': -0.004049238739345146, 'nu02': 0.13249109167966763, 'nu30': 0.004811996745223126, 'nu21': -0.004285942947580752, 'nu12': -0.0057206370283355385, 'nu03': 0.015201160698922833}
Centroid: 272, 326
Processing contour#11: area: 3.5 centroid: 272, 326 rectangle: (272, 325, 3, 4)
@find_dayJSON_match_for_contour: x: 272, y: 325, w: 3, h: 4, area: 3.5
Matched with JSON#14: (273, 325, 2, 25.0, 19.0711, 0.646671)
Match with input JSON(nodules) ID: 14
Matched contour: {'x': 273, 'y': 325, 'd': 2, 'a': 25.0, 'p': 19.0711, 'e': 0.646671, 'id': 14, 'tq': 100}
JSON_entry: 14
WARNING: match is empty
entry_id:20230501_26, entry saved to results list
created dirs at nodule_detection_path: output/crop993/nodules-last-detected-on/2023-05-01/26/detection and nodule_images_original_path: output/crop993/nodules-last-detected-on/2023-05-01/26
Segmented nodule image saved as output/crop993/nodules-last-detected-on/2023-05-01/26/detection/2023-05-01.jpg
Original nodule image saved as output/crop993/nodules-last-detected-on/2023-05-01/26/2023-05-01.jpg


@process_contour: max_id: 20230501_27
Moments: {'m00': 20.5, 'm10': 4022.0, 'm01': 6612.333333333333, 'm20': 789130.25, 'm11': 1297305.5416666665, 'm02': 2132862.25, 'm30': 154836645.9, 'm21': 254535423.65, 'm12': 418455868.3833333, 'm03': 687983571.2, 'mu20': 33.46951219509356, 'mu11': -2.0030487806070596, 'mu02': 35.31775067746639, 'mu30': 7.155800133943558, 'mu21': 1.9967182969503483, 'mu12': -8.682401292207942, 'mu03': -0.33968091011047363, 'nu20': 0.07964190885209652, 'nu11': -0.004766326664145294, 'nu02': 0.08403985883989624, 'nu30': 0.0037607420777060253, 'nu21': 0.001049378458887784, 'nu12': -0.004563049730839942, 'nu03': -0.0001785198395335747}
Centroid: 196, 322
Processing contour#12: area: 20.5 centroid: 196, 322 rectangle: (194, 320, 6, 6)
@find_dayJSON_match_for_contour: x: 194, y: 320, w: 6, h: 6, area: 20.5
Matched with JSON#13: (195, 322, 5, 89.0, 33.3137, 0.192979)
Match with input JSON(nodules) ID: 13
Matched contour: {'x': 195, 'y': 322, 'd': 5, 'a': 89.0, 'p': 33.3137, 'e': 0.192979, 'id': 13, 'tq': 100}
JSON_entry: 13
Matched with first_id: 13 second_id: 8 name: 20230501_8
entry_id:20230501_8, entry saved to results list
created dirs at nodule_detection_path: output/crop993/nodules-last-detected-on/2023-05-01/8/detection and nodule_images_original_path: output/crop993/nodules-last-detected-on/2023-05-01/8
Segmented nodule image saved as output/crop993/nodules-last-detected-on/2023-05-01/8/detection/2023-05-01.jpg
Original nodule image saved as output/crop993/nodules-last-detected-on/2023-05-01/8/2023-05-01.jpg


@process_contour: max_id: 20230501_28
Moments: {'m00': 8.5, 'm10': 2308.333333333333, 'm01': 2563.333333333333, 'm20': 626876.9166666666, 'm11': 696120.2083333333, 'm02': 773026.9166666666, 'm30': 170243363.20000002, 'm21': 189046027.98333332, 'm12': 209929432.98333332, 'm03': 233124285.70000002, 'mu20': 6.001633987063542, 'mu11': -0.7066993461921811, 'mu02': 6.001633987179957, 'mu30': -0.35087788105010986, 'mu21': 0.4782070487412966, 'mu12': 0.47820702411149796, 'mu03': -0.35087794065475464, 'nu20': 0.08306759843686563, 'nu11': -0.009781305829649567, 'nu02': 0.08306759843847691, 'nu30': -0.0016657456099071382, 'nu21': 0.0022702237304998516, 'nu12': 0.002270223613573191, 'nu03': -0.001665745892872183}
Centroid: 271, 301
Processing contour#13: area: 8.5 centroid: 271, 301 rectangle: (270, 300, 4, 4)
@find_dayJSON_match_for_contour: x: 270, y: 300, w: 4, h: 4, area: 8.5
Matched with JSON#12: (271, 301, 2, 28.0, 17.6569, 0.606329)
Match with input JSON(nodules) ID: 12
Matched contour: {'x': 271, 'y': 301, 'd': 2, 'a': 28.0, 'p': 17.6569, 'e': 0.606329, 'id': 12, 'tq': 100}
JSON_entry: 12
WARNING: match is empty
entry_id:20230501_28, entry saved to results list
created dirs at nodule_detection_path: output/crop993/nodules-last-detected-on/2023-05-01/28/detection and nodule_images_original_path: output/crop993/nodules-last-detected-on/2023-05-01/28
Segmented nodule image saved as output/crop993/nodules-last-detected-on/2023-05-01/28/detection/2023-05-01.jpg
Original nodule image saved as output/crop993/nodules-last-detected-on/2023-05-01/28/2023-05-01.jpg


@process_contour: max_id: 20230501_29
Moments: {'m00': 31.0, 'm10': 7979.833333333333, 'm01': 8754.5, 'm20': 2054203.3333333333, 'm11': 2253529.0, 'm02': 2472373.0, 'm30': 528823232.85, 'm21': 580112792.1666666, 'm12': 636422416.2, 'm03': 698247877.25, 'mu20': 82.68727598595433, 'mu11': -1.6747311824001372, 'mu02': 73.95967741962522, 'mu30': 10.458384394645691, 'mu21': 6.569400913809659, 'mu12': -8.153711485447275, 'mu03': -6.2497398853302, 'nu20': 0.08604295107799617, 'nu11': -0.0017426963396463444, 'nu02': 0.07696116276756006, 'nu30': 0.0019546111216570744, 'nu21': 0.0012277827630174348, 'nu12': -0.0015238811800030606, 'nu03': -0.0011680399788694194}
Centroid: 257, 282
Processing contour#14: area: 31.0 centroid: 257, 282 rectangle: (254, 279, 8, 8)
@find_dayJSON_match_for_contour: x: 254, y: 279, w: 8, h: 8, area: 31.0
Matched with JSON#11: (257, 282, 6, 117.0, 37.5563, 0.298)
Match with input JSON(nodules) ID: 11
Matched contour: {'x': 257, 'y': 282, 'd': 6, 'a': 117.0, 'p': 37.5563, 'e': 0.298, 'id': 11, 'tq': 100}
JSON_entry: 11
WARNING: match is empty
entry_id:20230501_29, entry saved to results list
created dirs at nodule_detection_path: output/crop993/nodules-last-detected-on/2023-05-01/29/detection and nodule_images_original_path: output/crop993/nodules-last-detected-on/2023-05-01/29
Segmented nodule image saved as output/crop993/nodules-last-detected-on/2023-05-01/29/detection/2023-05-01.jpg
Original nodule image saved as output/crop993/nodules-last-detected-on/2023-05-01/29/2023-05-01.jpg


@process_contour: max_id: 20230501_30
Moments: {'m00': 4.5, 'm10': 765.8333333333333, 'm01': 1132.8333333333333, 'm20': 130334.75, 'm11': 192790.7083333333, 'm02': 285183.4166666666, 'm30': 22181472.950000003, 'm21': 32810314.15, 'm12': 48533619.15, 'm03': 71793851.45, 'mu20': 1.2623456790461205, 'mu11': -0.7422839505888987, 'mu02': 3.114197530900128, 'mu30': -0.2798811197280884, 'mu21': 0.2922039241983043, 'mu12': 0.29906263666805444, 'mu03': -1.0494284331798553, 'nu20': 0.062338058224499775, 'nu11': -0.03665599755994561, 'nu02': 0.15378753239012977, 'nu30': -0.006515418524635894, 'nu21': 0.006802283993084473, 'nu12': 0.006961949576543536, 'nu03': -0.024429891735685574}
Centroid: 170, 251
Processing contour#15: area: 4.5 centroid: 170, 251 rectangle: (169, 250, 3, 4)
@find_dayJSON_match_for_contour: x: 169, y: 250, w: 3, h: 4, area: 4.5
Matched with JSON#9: (170, 251, 2, 21.0, 17.6924, 0.468294)
Match with input JSON(nodules) ID: 9
Matched contour: {'x': 170, 'y': 251, 'd': 2, 'a': 21.0, 'p': 17.6924, 'e': 0.468294, 'id': 9, 'tq': 100}
JSON_entry: 9
WARNING: match is empty
entry_id:20230501_30, entry saved to results list
created dirs at nodule_detection_path: output/crop993/nodules-last-detected-on/2023-05-01/30/detection and nodule_images_original_path: output/crop993/nodules-last-detected-on/2023-05-01/30
Segmented nodule image saved as output/crop993/nodules-last-detected-on/2023-05-01/30/detection/2023-05-01.jpg
Original nodule image saved as output/crop993/nodules-last-detected-on/2023-05-01/30/2023-05-01.jpg


@process_contour: max_id: 20230501_31
Moments: {'m00': 21.5, 'm10': 2763.833333333333, 'm01': 4906.0, 'm20': 355331.9166666666, 'm11': 630669.7916666666, 'm02': 1119517.0833333333, 'm30': 45688356.95, 'm21': 81082184.46666667, 'm12': 143915081.23333332, 'm03': 255474767.9, 'mu20': 40.07041343674064, 'mu11': 1.590116279083304, 'mu02': 36.33914728672244, 'mu30': -0.7974060028791428, 'mu21': -9.617027218258954, 'mu12': 0.5647887944505783, 'mu03': 6.479232102632523, 'nu20': 0.08668558883015821, 'nu11': 0.0034399486837929775, 'nu02': 0.0786136231189236, 'nu30': -0.0003720346161580398, 'nu21': -0.00448688248747566, 'nu12': 0.0002635056440447057, 'nu03': 0.0030229251091643487}
Centroid: 128, 228
Processing contour#16: area: 21.5 centroid: 128, 228 rectangle: (126, 226, 6, 6)
@find_dayJSON_match_for_contour: x: 126, y: 226, w: 6, h: 6, area: 21.5
Matched with JSON#8: (128, 227, 5, 97.0, 34.3848, 0.474211)
Match with input JSON(nodules) ID: 8
Matched contour: {'x': 128, 'y': 227, 'd': 5, 'a': 97.0, 'p': 34.3848, 'e': 0.474211, 'id': 8, 'tq': 100}
JSON_entry: 8
Matched with first_id: 8 second_id: 7 name: 20230512_23
entry_id:20230512_23, entry saved to results list
created dirs at nodule_detection_path: output/crop993/nodules-last-detected-on/2023-05-12/23/detection and nodule_images_original_path: output/crop993/nodules-last-detected-on/2023-05-12/23
Segmented nodule image saved as output/crop993/nodules-last-detected-on/2023-05-12/23/detection/2023-05-01.jpg
Original nodule image saved as output/crop993/nodules-last-detected-on/2023-05-12/23/2023-05-01.jpg


@process_contour: max_id: 20230501_32
Moments: {'m00': 57.0, 'm10': 7332.166666666666, 'm01': 10579.166666666666, 'm20': 943504.3333333333, 'm11': 1360866.5833333333, 'm02': 1963694.3333333333, 'm30': 121453306.15, 'm21': 175119231.63333333, 'm12': 252606572.29999998, 'm03': 364537414.65000004, 'mu20': 334.7188109164126, 'mu11': 20.737816764274612, 'mu02': 207.18664717371576, 'mu30': -17.55067430436611, 'mu21': 43.92608438582829, 'mu12': 29.98370891758168, 'mu03': -12.698514640331268, 'nu20': 0.10302210246734768, 'nu11': 0.006382830644590523, 'nu02': 0.06376935893312273, 'nu30': -0.000715495106323267, 'nu21': 0.0017907516185964654, 'nu12': 0.001222357422165486, 'nu03': -0.0005176852424679269}
Centroid: 128, 185
Processing contour#17: area: 57.0 centroid: 128, 185 rectangle: (124, 182, 10, 8)
@find_dayJSON_match_for_contour: x: 124, y: 182, w: 10, h: 8, area: 57.0
Matched with JSON#7: (129, 186, 8, 229.0, 54.6274, 0.68756)
Match with input JSON(nodules) ID: 7
Matched contour: {'x': 129, 'y': 186, 'd': 8, 'a': 229.0, 'p': 54.6274, 'e': 0.68756, 'id': 7, 'tq': 100}
JSON_entry: 7
WARNING: match is empty
entry_id:20230501_32, entry saved to results list
created dirs at nodule_detection_path: output/crop993/nodules-last-detected-on/2023-05-01/32/detection and nodule_images_original_path: output/crop993/nodules-last-detected-on/2023-05-01/32
Segmented nodule image saved as output/crop993/nodules-last-detected-on/2023-05-01/32/detection/2023-05-01.jpg
Original nodule image saved as output/crop993/nodules-last-detected-on/2023-05-01/32/2023-05-01.jpg


@process_contour: max_id: 20230501_33
Moments: {'m00': 16.5, 'm10': 489.3333333333333, 'm01': 2118.6666666666665, 'm20': 14531.583333333332, 'm11': 62832.291666666664, 'm02': 272070.5833333333, 'm30': 432121.7, 'm21': 1865907.6833333333, 'm12': 8068656.649999999, 'm03': 34941441.300000004, 'mu20': 19.63720538720372, 'mu11': -0.08543771042604931, 'mu02': 25.223063973127864, 'mu30': 0.10063939064275473, 'mu21': -1.2625565424727938, 'mu12': -0.5267506739633063, 'mu03': 1.6382647976279259, 'nu20': 0.07212931271700174, 'nu11': -0.0003138207912802546, 'nu02': 0.09264669962581402, 'nu30': 9.100350887396282e-05, 'nu21': -0.0011416710175110188, 'nu12': -0.00047631607590458596, 'nu03': 0.001481406476098999}
Centroid: 29, 128
Processing contour#18: area: 16.5 centroid: 29, 128 rectangle: (27, 126, 6, 6)
@find_dayJSON_match_for_contour: x: 27, y: 126, w: 6, h: 6, area: 16.5
Matched with JSON#6: (29, 128, 3, 45.0, 21.8995, 0.495524)
Match with input JSON(nodules) ID: 6
Matched contour: {'x': 29, 'y': 128, 'd': 3, 'a': 45.0, 'p': 21.8995, 'e': 0.495524, 'id': 6, 'tq': 100}
JSON_entry: 6
WARNING: match is empty
entry_id:20230501_33, entry saved to results list
created dirs at nodule_detection_path: output/crop993/nodules-last-detected-on/2023-05-01/33/detection and nodule_images_original_path: output/crop993/nodules-last-detected-on/2023-05-01/33
Segmented nodule image saved as output/crop993/nodules-last-detected-on/2023-05-01/33/detection/2023-05-01.jpg
Original nodule image saved as output/crop993/nodules-last-detected-on/2023-05-01/33/2023-05-01.jpg


@process_contour: max_id: 20230501_34
Moments: {'m00': 40.5, 'm10': 5010.833333333333, 'm01': 3543.833333333333, 'm20': 620092.0833333333, 'm11': 438478.375, 'm02': 310229.4166666666, 'm30': 76752679.45, 'm21': 54264316.15, 'm12': 38386455.483333334, 'm03': 27169647.950000003, 'mu20': 130.337791495258, 'mu11': 20.147976680425927, 'mu02': 136.70816186559387, 'mu30': -18.890820041298866, 'mu21': -2.639112993259914, 'mu12': 18.343664017753326, 'mu03': 11.168622110038996, 'nu20': 0.0794621499742466, 'nu11': 0.012283479152827877, 'nu02': 0.08334593011162557, 'nu30': -0.0018097277790820724, 'nu21': -0.0002528252392218818, 'nu12': 0.0017573106022132187, 'nu03': 0.001069946441838958}
Centroid: 123, 87
Processing contour#19: area: 40.5 centroid: 123, 87 rectangle: (120, 84, 8, 8)
@find_dayJSON_match_for_contour: x: 120, y: 84, w: 8, h: 8, area: 40.5
Matched with JSON#5: (123, 87, 6, 138.0, 40.3848, 0.268928)
Match with input JSON(nodules) ID: 5
Matched contour: {'x': 123, 'y': 87, 'd': 6, 'a': 138.0, 'p': 40.3848, 'e': 0.268928, 'id': 5, 'tq': 100}
JSON_entry: 5
Matched with first_id: 5 second_id: 3 name: 20230501_5
entry_id:20230501_5, entry saved to results list
created dirs at nodule_detection_path: output/crop993/nodules-last-detected-on/2023-05-01/5/detection and nodule_images_original_path: output/crop993/nodules-last-detected-on/2023-05-01/5
Segmented nodule image saved as output/crop993/nodules-last-detected-on/2023-05-01/5/detection/2023-05-01.jpg
Original nodule image saved as output/crop993/nodules-last-detected-on/2023-05-01/5/2023-05-01.jpg


@process_contour: max_id: 20230501_35
Moments: {'m00': 18.5, 'm10': 3480.1666666666665, 'm01': 1524.3333333333333, 'm20': 654706.4166666666, 'm11': 286750.2916666666, 'm02': 125629.58333333333, 'm30': 123171838.05000001, 'm21': 53944356.233333334, 'm12': 23632590.6, 'm03': 10356375.200000001, 'mu20': 27.496246246271767, 'mu11': -2.900525525561534, 'mu02': 30.009759759763256, 'mu30': 9.359437823295593, 'mu21': -1.9205976141856809, 'mu12': -6.45558936526686, 'mu03': 4.8604307025671005, 'nu20': 0.0803396530205165, 'nu11': -0.008474873705073877, 'nu02': 0.08768373925423889, 'nu30': 0.006357998813310181, 'nu21': -0.0013046891899260672, 'nu12': -0.004385373384438181, 'nu03': 0.003301759488393795}
Centroid: 188, 82
Processing contour#20: area: 18.5 centroid: 188, 82 rectangle: (186, 80, 6, 6)
@find_dayJSON_match_for_contour: x: 186, y: 80, w: 6, h: 6, area: 18.5
Matched with JSON#4: (187, 82, 4, 67.0, 28.1421, 0.305739)
Match with input JSON(nodules) ID: 4
Matched contour: {'x': 187, 'y': 82, 'd': 4, 'a': 67.0, 'p': 28.1421, 'e': 0.305739, 'id': 4, 'tq': 100}
JSON_entry: 4
Matched with first_id: 4 second_id: 1 name: 20230501_4
entry_id:20230501_4, entry saved to results list
created dirs at nodule_detection_path: output/crop993/nodules-last-detected-on/2023-05-01/4/detection and nodule_images_original_path: output/crop993/nodules-last-detected-on/2023-05-01/4
Segmented nodule image saved as output/crop993/nodules-last-detected-on/2023-05-01/4/detection/2023-05-01.jpg
Original nodule image saved as output/crop993/nodules-last-detected-on/2023-05-01/4/2023-05-01.jpg


@process_contour: max_id: 20230501_36
Moments: {'m00': 52.5, 'm10': 5773.166666666666, 'm01': 4389.166666666666, 'm20': 635093.4166666666, 'm11': 482623.7083333333, 'm02': 367153.0833333333, 'm30': 69892352.55, 'm21': 53088924.68333333, 'm12': 40368770.85, 'm03': 30729419.55, 'mu20': 246.6859788360307, 'mu11': -31.352513227437157, 'mu02': 204.8161375662312, 'mu30': 0.8955286741256714, 'mu21': -5.756366019297275, 'mu12': -4.758608388714492, 'mu03': 9.659368429332972, 'nu20': 0.0895005818906234, 'nu11': -0.011375061488412577, 'nu02': 0.07430970977459636, 'nu30': 4.484161417996542e-05, 'nu21': -0.00028823727433184186, 'nu12': -0.00023827677166073368, 'nu03': 0.00048367147233244705}
Centroid: 109, 83
Processing contour#21: area: 52.5 centroid: 109, 83 rectangle: (106, 80, 9, 9)
@find_dayJSON_match_for_contour: x: 106, y: 80, w: 9, h: 9, area: 52.5
Matched with JSON#3: (109, 83, 8, 211.0, 52.8701, 0.687515)
Match with input JSON(nodules) ID: 3
Matched contour: {'x': 109, 'y': 83, 'd': 8, 'a': 211.0, 'p': 52.8701, 'e': 0.687515, 'id': 3, 'tq': 100}
JSON_entry: 3
Matched with first_id: 3 second_id: 4 name: 20230501_3
entry_id:20230501_3, entry saved to results list
created dirs at nodule_detection_path: output/crop993/nodules-last-detected-on/2023-05-01/3/detection and nodule_images_original_path: output/crop993/nodules-last-detected-on/2023-05-01/3
Segmented nodule image saved as output/crop993/nodules-last-detected-on/2023-05-01/3/detection/2023-05-01.jpg
Original nodule image saved as output/crop993/nodules-last-detected-on/2023-05-01/3/2023-05-01.jpg


@process_contour: max_id: 20230501_37
Moments: {'m00': 5.0, 'm10': 217.0, 'm01': 332.0, 'm20': 9420.166666666666, 'm11': 14409.583333333332, 'm02': 22047.166666666664, 'm30': 409040.5, 'm21': 625567.5, 'm12': 956951.5, 'm03': 1464246.0, 'mu20': 2.366666666664969, 'mu11': 0.7833333333310293, 'mu02': 2.366666666661331, 'mu30': -0.1599999998579733, 'mu21': 0.4400000002322315, 'mu12': 0.44000000033555864, 'mu03': -0.15999999921768904, 'nu20': 0.09466666666659877, 'nu11': 0.031333333333241176, 'nu02': 0.09466666666645325, 'nu30': -0.0028621670086590805, 'nu21': 0.007870959284953544, 'nu12': 0.007870959286801916, 'nu03': -0.002862166997205327}
Centroid: 43, 66
Processing contour#22: area: 5.0 centroid: 43, 66 rectangle: (42, 65, 4, 4)
@find_dayJSON_match_for_contour: x: 42, y: 65, w: 4, h: 4, area: 5.0
Matched with JSON#2: (43, 65, 2, 21.0, 14.8284, 0.695064)
Match with input JSON(nodules) ID: 2
Matched contour: {'x': 43, 'y': 65, 'd': 2, 'a': 21.0, 'p': 14.8284, 'e': 0.695064, 'id': 2, 'tq': 100}
JSON_entry: 2
Matched with first_id: 2 second_id: 5 name: 20230501_2
entry_id:20230501_2, entry saved to results list
created dirs at nodule_detection_path: output/crop993/nodules-last-detected-on/2023-05-01/2/detection and nodule_images_original_path: output/crop993/nodules-last-detected-on/2023-05-01/2
Segmented nodule image saved as output/crop993/nodules-last-detected-on/2023-05-01/2/detection/2023-05-01.jpg
Original nodule image saved as output/crop993/nodules-last-detected-on/2023-05-01/2/2023-05-01.jpg


@process_contour: max_id: 20230501_38
Moments: {'m00': 33.0, 'm10': 2112.0, 'm01': 1551.0, 'm20': 135246.5, 'm11': 99249.75, 'm02': 72997.5, 'm30': 8665824.0, 'm21': 6354761.5, 'm12': 4670500.5, 'm03': 3440329.5, 'mu20': 78.5, 'mu11': -14.25, 'mu02': 100.5, 'mu30': 0.0, 'mu21': 0.0, 'mu12': 0.0, 'mu03': 0.0, 'nu20': 0.07208448117539028, 'nu11': -0.013085399449035815, 'nu02': 0.09228650137741048, 'nu30': 0.0, 'nu21': 0.0, 'nu12': 0.0, 'nu03': 0.0}
Centroid: 64, 47
Processing contour#23: area: 33.0 centroid: 64, 47 rectangle: (61, 43, 7, 9)
@find_dayJSON_match_for_contour: x: 61, y: 43, w: 7, h: 9, area: 33.0
Matched with JSON#1: (64, 46, 5, 112.0, 39.2132, 0.661525)
Match with input JSON(nodules) ID: 1
Matched contour: {'x': 64, 'y': 46, 'd': 5, 'a': 112.0, 'p': 39.2132, 'e': 0.661525, 'id': 1, 'tq': 100}
JSON_entry: 1
Matched with first_id: 1 second_id: 2 name: 20230519_0
entry_id:20230519_0, entry saved to results list
created dirs at nodule_detection_path: output/crop993/nodules-last-detected-on/2023-05-19/0/detection and nodule_images_original_path: output/crop993/nodules-last-detected-on/2023-05-19/0
Segmented nodule image saved as output/crop993/nodules-last-detected-on/2023-05-19/0/detection/2023-05-01.jpg
Original nodule image saved as output/crop993/nodules-last-detected-on/2023-05-19/0/2023-05-01.jpg


@process_contour: max_id: 20230501_39
Moments: {'m00': 4.5, 'm10': 720.3333333333333, 'm01': 141.16666666666666, 'm20': 115307.91666666666, 'm11': 22596.791666666664, 'm02': 4430.75, 'm30': 18458200.2, 'm21': 3617145.7666666666, 'm12': 709227.5666666667, 'm03': 139138.55000000002, 'mu20': 1.2253086419950705, 'mu11': -0.3317901234549936, 'mu02': 2.2993827160498768, 'mu30': -0.07411980256438255, 'mu21': -0.0638088705632498, 'mu12': 0.17972107913863056, 'mu03': 0.016506630083313212, 'nu20': 0.06050906874049731, 'nu11': -0.016384697454567585, 'nu02': 0.11354976375554947, 'nu30': -0.0017254523461228955, 'nu21': -0.0014854217308684313, 'nu12': 0.004183769342587319, 'nu03': 0.0003842617305826712}
Centroid: 160, 31
Processing contour#24: area: 4.5 centroid: 160, 31 rectangle: (159, 30, 3, 4)
@find_dayJSON_match_for_contour: x: 159, y: 30, w: 3, h: 4, area: 4.5
Matched with JSON#0: (160, 31, 3, 35.0, 21.935, 0.706978)
Match with input JSON(nodules) ID: 0
Matched contour: {'x': 160, 'y': 31, 'd': 3, 'a': 35.0, 'p': 21.935, 'e': 0.706978, 'id': 0, 'tq': 100}
JSON_entry: 0
Matched with first_id: 0 second_id: 0 name: 20230503_2
entry_id:20230503_2, entry saved to results list
created dirs at nodule_detection_path: output/crop993/nodules-last-detected-on/2023-05-03/2/detection and nodule_images_original_path: output/crop993/nodules-last-detected-on/2023-05-03/2
Segmented nodule image saved as output/crop993/nodules-last-detected-on/2023-05-03/2/detection/2023-05-01.jpg
Original nodule image saved as output/crop993/nodules-last-detected-on/2023-05-03/2/2023-05-01.jpg


Done analyzing contours, found 24 nodules.


results_entry: {'date': '20230501', 'json': 'output/crop993/20230501/20230501.json', 'log': 'output/crop993/20230501/crop993_20230501.log', 'image': 'data/crop993/20230501.jpg', 'plot': 'output/crop993/plots/20230426_20230501.png', 'match_stats': {'i_dict': {0: 12, 1: 1, 2: 1, 5: 1, 8: 1}, 'average_tracking_quality': 50.7143, 'distance_threshold': 20, 'lengths': {'matching': 16, 'unmatched_current': 9, 'unmatched_previous': 0}, 'averages': {'tq': -130.0625, 'i': 1.0, 'dx': -11.9375, 'dy': -5.5625, 'dd': 0.25, 'da': 3.625, 'dp': 1.1381, 'de': -0.0156}}}
