@post_process: subdir: output\crop1001\nodules-last-detected-on\2023-05-12
@generate_gif: path:output\crop1001\nodules-last-detected-on\2023-05-12\104, output_name:o.gif
len_jpg_files: 2
@generate_gif: path:output\crop1001\nodules-last-detected-on\2023-05-12\104\detection, output_name:d.gif
len_jpg_files: 2
nodules_dir: output\crop1001\nodules-last-detected-on\2023-05-12\104 has 2 entries
nodules_dir: output\crop1001\nodules-last-detected-on\2023-05-12\104 has 2 entries


Plotting date: 2023-05-12

@check_overlap_helper: existing_positions:[], x:233, y:370, offset_increment:{'x': 1.2374999999999972, 'y': 0.5499999999999987}, xlim:(232.55, 242.45), ylim:(360.55, 370.45), i:0
returning: (233, 370), modified:False


Plotting date: 2023-05-10

@check_overlap_helper: existing_positions:[(233, 370)], x:242, y:361, offset_increment:{'x': 1.2374999999999972, 'y': 0.5499999999999987}, xlim:(232.55, 242.45), ylim:(360.55, 370.45), i:0
returning: (242, 361), modified:False
@generate_gif: path:output\crop1001\nodules-last-detected-on\2023-05-12\105, output_name:o.gif
len_jpg_files: 1
@generate_gif: path:output\crop1001\nodules-last-detected-on\2023-05-12\105\detection, output_name:d.gif
len_jpg_files: 1
nodules_dir: output\crop1001\nodules-last-detected-on\2023-05-12\105 has 1 entries
nodules_dir: output\crop1001\nodules-last-detected-on\2023-05-12\105 has less than 2 entries, skipping
@generate_gif: path:output\crop1001\nodules-last-detected-on\2023-05-12\117, output_name:o.gif
len_jpg_files: 2
@generate_gif: path:output\crop1001\nodules-last-detected-on\2023-05-12\117\detection, output_name:d.gif
len_jpg_files: 2
nodules_dir: output\crop1001\nodules-last-detected-on\2023-05-12\117 has 2 entries
nodules_dir: output\crop1001\nodules-last-detected-on\2023-05-12\117 has 2 entries


Plotting date: 2023-05-12

@check_overlap_helper: existing_positions:[], x:192, y:407, offset_increment:{'x': 0.13750000000000284, 'y': 0.12222222222222474}, xlim:(190.95, 192.05), ylim:(406.9, 409.1), i:0
returning: (192, 407), modified:False


Plotting date: 2023-05-10

@check_overlap_helper: existing_positions:[(192, 407)], x:191, y:409, offset_increment:{'x': 0.13750000000000284, 'y': 0.12222222222222474}, xlim:(190.95, 192.05), ylim:(406.9, 409.1), i:0
returning: (191, 409), modified:False
@generate_gif: path:output\crop1001\nodules-last-detected-on\2023-05-12\119, output_name:o.gif
len_jpg_files: 2
@generate_gif: path:output\crop1001\nodules-last-detected-on\2023-05-12\119\detection, output_name:d.gif
len_jpg_files: 2
nodules_dir: output\crop1001\nodules-last-detected-on\2023-05-12\119 has 2 entries
nodules_dir: output\crop1001\nodules-last-detected-on\2023-05-12\119 has 2 entries


Plotting date: 2023-05-12

@check_overlap_helper: existing_positions:[], x:197, y:421, offset_increment:{'x': 0.13750000000000284, 'y': 2.572777777777781}, xlim:(195.95, 197.05), ylim:(397.84499999999997, 444.15500000000003), i:0
returning: (197, 421), modified:False


Plotting date: 2023-05-10

@check_overlap_helper: existing_positions:[(197, 421)], x:196, y:421, offset_increment:{'x': 0.13750000000000284, 'y': 2.572777777777781}, xlim:(195.95, 197.05), ylim:(397.84499999999997, 444.15500000000003), i:0
returning: (196, 421), modified:False
@generate_gif: path:output\crop1001\nodules-last-detected-on\2023-05-12\121, output_name:o.gif
len_jpg_files: 1
@generate_gif: path:output\crop1001\nodules-last-detected-on\2023-05-12\121\detection, output_name:d.gif
len_jpg_files: 1
nodules_dir: output\crop1001\nodules-last-detected-on\2023-05-12\121 has 1 entries
nodules_dir: output\crop1001\nodules-last-detected-on\2023-05-12\121 has less than 2 entries, skipping
@generate_gif: path:output\crop1001\nodules-last-detected-on\2023-05-12\129, output_name:o.gif
len_jpg_files: 1
@generate_gif: path:output\crop1001\nodules-last-detected-on\2023-05-12\129\detection, output_name:d.gif
len_jpg_files: 1
nodules_dir: output\crop1001\nodules-last-detected-on\2023-05-12\129 has 1 entries
nodules_dir: output\crop1001\nodules-last-detected-on\2023-05-12\129 has less than 2 entries, skipping
@generate_gif: path:output\crop1001\nodules-last-detected-on\2023-05-12\130, output_name:o.gif
len_jpg_files: 1
@generate_gif: path:output\crop1001\nodules-last-detected-on\2023-05-12\130\detection, output_name:d.gif
len_jpg_files: 1
nodules_dir: output\crop1001\nodules-last-detected-on\2023-05-12\130 has 1 entries
nodules_dir: output\crop1001\nodules-last-detected-on\2023-05-12\130 has less than 2 entries, skipping
@generate_gif: path:output\crop1001\nodules-last-detected-on\2023-05-12\135, output_name:o.gif
len_jpg_files: 1
@generate_gif: path:output\crop1001\nodules-last-detected-on\2023-05-12\135\detection, output_name:d.gif
len_jpg_files: 1
nodules_dir: output\crop1001\nodules-last-detected-on\2023-05-12\135 has 1 entries
nodules_dir: output\crop1001\nodules-last-detected-on\2023-05-12\135 has less than 2 entries, skipping
@generate_gif: path:output\crop1001\nodules-last-detected-on\2023-05-12\137, output_name:o.gif
len_jpg_files: 1
@generate_gif: path:output\crop1001\nodules-last-detected-on\2023-05-12\137\detection, output_name:d.gif
len_jpg_files: 1
nodules_dir: output\crop1001\nodules-last-detected-on\2023-05-12\137 has 1 entries
nodules_dir: output\crop1001\nodules-last-detected-on\2023-05-12\137 has less than 2 entries, skipping
@generate_gif: path:output\crop1001\nodules-last-detected-on\2023-05-12\14, output_name:o.gif
len_jpg_files: 2
@generate_gif: path:output\crop1001\nodules-last-detected-on\2023-05-12\14\detection, output_name:d.gif
len_jpg_files: 2
nodules_dir: output\crop1001\nodules-last-detected-on\2023-05-12\14 has 2 entries
nodules_dir: output\crop1001\nodules-last-detected-on\2023-05-12\14 has 2 entries


Plotting date: 2023-05-12

@check_overlap_helper: existing_positions:[], x:185, y:74, offset_increment:{'x': 0.13750000000000284, 'y': 0.452222222222223}, xlim:(183.95, 185.05), ylim:(69.92999999999999, 78.07000000000001), i:0
returning: (185, 74), modified:False


Plotting date: 2023-05-10

@check_overlap_helper: existing_positions:[(185, 74)], x:184, y:74, offset_increment:{'x': 0.13750000000000284, 'y': 0.452222222222223}, xlim:(183.95, 185.05), ylim:(69.92999999999999, 78.07000000000001), i:0
returning: (184, 74), modified:False
@generate_gif: path:output\crop1001\nodules-last-detected-on\2023-05-12\142, output_name:o.gif
len_jpg_files: 1
@generate_gif: path:output\crop1001\nodules-last-detected-on\2023-05-12\142\detection, output_name:d.gif
len_jpg_files: 1
nodules_dir: output\crop1001\nodules-last-detected-on\2023-05-12\142 has 1 entries
nodules_dir: output\crop1001\nodules-last-detected-on\2023-05-12\142 has less than 2 entries, skipping
@generate_gif: path:output\crop1001\nodules-last-detected-on\2023-05-12\144, output_name:o.gif
len_jpg_files: 1
@generate_gif: path:output\crop1001\nodules-last-detected-on\2023-05-12\144\detection, output_name:d.gif
len_jpg_files: 1
nodules_dir: output\crop1001\nodules-last-detected-on\2023-05-12\144 has 1 entries
nodules_dir: output\crop1001\nodules-last-detected-on\2023-05-12\144 has less than 2 entries, skipping
@generate_gif: path:output\crop1001\nodules-last-detected-on\2023-05-12\147, output_name:o.gif
len_jpg_files: 1
@generate_gif: path:output\crop1001\nodules-last-detected-on\2023-05-12\147\detection, output_name:d.gif
len_jpg_files: 1
nodules_dir: output\crop1001\nodules-last-detected-on\2023-05-12\147 has 1 entries
nodules_dir: output\crop1001\nodules-last-detected-on\2023-05-12\147 has less than 2 entries, skipping
@generate_gif: path:output\crop1001\nodules-last-detected-on\2023-05-12\15, output_name:o.gif
len_jpg_files: 4
@generate_gif: path:output\crop1001\nodules-last-detected-on\2023-05-12\15\detection, output_name:d.gif
len_jpg_files: 4
nodules_dir: output\crop1001\nodules-last-detected-on\2023-05-12\15 has 4 entries
nodules_dir: output\crop1001\nodules-last-detected-on\2023-05-12\15 has 4 entries


Plotting date: 2023-05-12

@check_overlap_helper: existing_positions:[], x:70, y:73, offset_increment:{'x': 0.1374999999999993, 'y': 0.0611111111111108}, xlim:(69.95, 71.05), ylim:(72.95, 74.05), i:0
returning: (70, 73), modified:False


Plotting date: 2023-05-10

@check_overlap_helper: existing_positions:[(70, 73)], x:70, y:74, offset_increment:{'x': 0.1374999999999993, 'y': 0.0611111111111108}, xlim:(69.95, 71.05), ylim:(72.95, 74.05), i:0
returning: (70, 74), modified:False


Plotting date: 2023-05-08

@check_overlap_helper: existing_positions:[(70, 73), (70, 74)], x:70, y:74, offset_increment:{'x': 0.1374999999999993, 'y': 0.0611111111111108}, xlim:(69.95, 71.05), ylim:(72.95, 74.05), i:0
returning: (70.1375, 74), modified:True, original:(70, 74)


Plotting date: 2023-05-05

@check_overlap_helper: existing_positions:[(70, 73), (70, 74), (70.1375, 74)], x:71, y:74, offset_increment:{'x': 0.1374999999999993, 'y': 0.0611111111111108}, xlim:(69.95, 71.05), ylim:(72.95, 74.05), i:0
returning: (71, 74), modified:False
@generate_gif: path:output\crop1001\nodules-last-detected-on\2023-05-12\155, output_name:o.gif
len_jpg_files: 1
@generate_gif: path:output\crop1001\nodules-last-detected-on\2023-05-12\155\detection, output_name:d.gif
len_jpg_files: 1
nodules_dir: output\crop1001\nodules-last-detected-on\2023-05-12\155 has 1 entries
nodules_dir: output\crop1001\nodules-last-detected-on\2023-05-12\155 has less than 2 entries, skipping
@generate_gif: path:output\crop1001\nodules-last-detected-on\2023-05-12\162, output_name:o.gif
len_jpg_files: 1
@generate_gif: path:output\crop1001\nodules-last-detected-on\2023-05-12\162\detection, output_name:d.gif
len_jpg_files: 1
nodules_dir: output\crop1001\nodules-last-detected-on\2023-05-12\162 has 1 entries
nodules_dir: output\crop1001\nodules-last-detected-on\2023-05-12\162 has less than 2 entries, skipping
@generate_gif: path:output\crop1001\nodules-last-detected-on\2023-05-12\165, output_name:o.gif
len_jpg_files: 1
@generate_gif: path:output\crop1001\nodules-last-detected-on\2023-05-12\165\detection, output_name:d.gif
len_jpg_files: 1
nodules_dir: output\crop1001\nodules-last-detected-on\2023-05-12\165 has 1 entries
nodules_dir: output\crop1001\nodules-last-detected-on\2023-05-12\165 has less than 2 entries, skipping
@generate_gif: path:output\crop1001\nodules-last-detected-on\2023-05-12\169, output_name:o.gif
len_jpg_files: 1
@generate_gif: path:output\crop1001\nodules-last-detected-on\2023-05-12\169\detection, output_name:d.gif
len_jpg_files: 1
nodules_dir: output\crop1001\nodules-last-detected-on\2023-05-12\169 has 1 entries
nodules_dir: output\crop1001\nodules-last-detected-on\2023-05-12\169 has less than 2 entries, skipping
@generate_gif: path:output\crop1001\nodules-last-detected-on\2023-05-12\17, output_name:o.gif
len_jpg_files: 2
@generate_gif: path:output\crop1001\nodules-last-detected-on\2023-05-12\17\detection, output_name:d.gif
len_jpg_files: 2
nodules_dir: output\crop1001\nodules-last-detected-on\2023-05-12\17 has 2 entries
nodules_dir: output\crop1001\nodules-last-detected-on\2023-05-12\17 has 2 entries


Plotting date: 2023-05-12

@check_overlap_helper: existing_positions:[], x:154, y:75, offset_increment:{'x': 0.13750000000000284, 'y': 0.0611111111111108}, xlim:(152.95, 154.05), ylim:(74.95, 76.05), i:0
returning: (154, 75), modified:False


Plotting date: 2023-05-10

@check_overlap_helper: existing_positions:[(154, 75)], x:153, y:76, offset_increment:{'x': 0.13750000000000284, 'y': 0.0611111111111108}, xlim:(152.95, 154.05), ylim:(74.95, 76.05), i:0
returning: (153, 76), modified:False
@generate_gif: path:output\crop1001\nodules-last-detected-on\2023-05-12\172, output_name:o.gif
len_jpg_files: 1
@generate_gif: path:output\crop1001\nodules-last-detected-on\2023-05-12\172\detection, output_name:d.gif
len_jpg_files: 1
nodules_dir: output\crop1001\nodules-last-detected-on\2023-05-12\172 has 1 entries
nodules_dir: output\crop1001\nodules-last-detected-on\2023-05-12\172 has less than 2 entries, skipping
@generate_gif: path:output\crop1001\nodules-last-detected-on\2023-05-12\186, output_name:o.gif
len_jpg_files: 1
@generate_gif: path:output\crop1001\nodules-last-detected-on\2023-05-12\186\detection, output_name:d.gif
len_jpg_files: 1
nodules_dir: output\crop1001\nodules-last-detected-on\2023-05-12\186 has 1 entries
nodules_dir: output\crop1001\nodules-last-detected-on\2023-05-12\186 has less than 2 entries, skipping
@generate_gif: path:output\crop1001\nodules-last-detected-on\2023-05-12\26, output_name:o.gif
len_jpg_files: 2
@generate_gif: path:output\crop1001\nodules-last-detected-on\2023-05-12\26\detection, output_name:d.gif
len_jpg_files: 2
nodules_dir: output\crop1001\nodules-last-detected-on\2023-05-12\26 has 2 entries
nodules_dir: output\crop1001\nodules-last-detected-on\2023-05-12\26 has 2 entries


Plotting date: 2023-05-12

@check_overlap_helper: existing_positions:[], x:169, y:94, offset_increment:{'x': 1.7875000000000014, 'y': 0.1222222222222216}, xlim:(168.35, 182.65), ylim:(93.9, 96.1), i:0
returning: (169, 94), modified:False


Plotting date: 2023-05-10

@check_overlap_helper: existing_positions:[(169, 94)], x:182, y:96, offset_increment:{'x': 1.7875000000000014, 'y': 0.1222222222222216}, xlim:(168.35, 182.65), ylim:(93.9, 96.1), i:0
returning: (182, 96), modified:False
@generate_gif: path:output\crop1001\nodules-last-detected-on\2023-05-12\30, output_name:o.gif
len_jpg_files: 1
@generate_gif: path:output\crop1001\nodules-last-detected-on\2023-05-12\30\detection, output_name:d.gif
len_jpg_files: 1
nodules_dir: output\crop1001\nodules-last-detected-on\2023-05-12\30 has 1 entries
nodules_dir: output\crop1001\nodules-last-detected-on\2023-05-12\30 has less than 2 entries, skipping
@generate_gif: path:output\crop1001\nodules-last-detected-on\2023-05-12\41, output_name:o.gif
len_jpg_files: 5
@generate_gif: path:output\crop1001\nodules-last-detected-on\2023-05-12\41\detection, output_name:d.gif
len_jpg_files: 5
nodules_dir: output\crop1001\nodules-last-detected-on\2023-05-12\41 has 5 entries
nodules_dir: output\crop1001\nodules-last-detected-on\2023-05-12\41 has 5 entries


Plotting date: 2023-05-12

@check_overlap_helper: existing_positions:[], x:156, y:124, offset_increment:{'x': 3.8500000000000014, 'y': 0.7944444444444451}, xlim:(126.6, 157.4), ylim:(110.35, 124.65), i:0
returning: (156, 124), modified:False


Plotting date: 2023-05-10

@check_overlap_helper: existing_positions:[(156, 124)], x:138, y:117, offset_increment:{'x': 3.8500000000000014, 'y': 0.7944444444444451}, xlim:(126.6, 157.4), ylim:(110.35, 124.65), i:0
returning: (138, 117), modified:False


Plotting date: 2023-05-08

@check_overlap_helper: existing_positions:[(156, 124), (138, 117)], x:138, y:117, offset_increment:{'x': 3.8500000000000014, 'y': 0.7944444444444451}, xlim:(126.6, 157.4), ylim:(110.35, 124.65), i:0
returning: (141.85, 117), modified:True, original:(138, 117)


Plotting date: 2023-05-05

@check_overlap_helper: existing_positions:[(156, 124), (138, 117), (141.85, 117)], x:145, y:111, offset_increment:{'x': 3.8500000000000014, 'y': 0.7944444444444451}, xlim:(126.6, 157.4), ylim:(110.35, 124.65), i:0
returning: (145, 111), modified:False


Plotting date: 2023-05-03

@check_overlap_helper: existing_positions:[(156, 124), (138, 117), (141.85, 117), (145, 111)], x:128, y:111, offset_increment:{'x': 3.8500000000000014, 'y': 0.7944444444444451}, xlim:(126.6, 157.4), ylim:(110.35, 124.65), i:0
returning: (128, 111), modified:False
@generate_gif: path:output\crop1001\nodules-last-detected-on\2023-05-12\47, output_name:o.gif
len_jpg_files: 3
@generate_gif: path:output\crop1001\nodules-last-detected-on\2023-05-12\47\detection, output_name:d.gif
len_jpg_files: 3
nodules_dir: output\crop1001\nodules-last-detected-on\2023-05-12\47 has 3 entries
nodules_dir: output\crop1001\nodules-last-detected-on\2023-05-12\47 has 3 entries


Plotting date: 2023-05-12

@check_overlap_helper: existing_positions:[], x:160, y:149, offset_increment:{'x': 0.13750000000000284, 'y': 0.06111111111111237}, xlim:(158.95, 160.05), ylim:(148.95, 150.05), i:0
returning: (160, 149), modified:False


Plotting date: 2023-05-10

@check_overlap_helper: existing_positions:[(160, 149)], x:159, y:150, offset_increment:{'x': 0.13750000000000284, 'y': 0.06111111111111237}, xlim:(158.95, 160.05), ylim:(148.95, 150.05), i:0
returning: (159, 150), modified:False


Plotting date: 2023-05-08

@check_overlap_helper: existing_positions:[(160, 149), (159, 150)], x:159, y:150, offset_increment:{'x': 0.13750000000000284, 'y': 0.06111111111111237}, xlim:(158.95, 160.05), ylim:(148.95, 150.05), i:0
returning: (159.1375, 150), modified:True, original:(159, 150)
@generate_gif: path:output\crop1001\nodules-last-detected-on\2023-05-12\52, output_name:o.gif
len_jpg_files: 1
@generate_gif: path:output\crop1001\nodules-last-detected-on\2023-05-12\52\detection, output_name:d.gif
len_jpg_files: 1
nodules_dir: output\crop1001\nodules-last-detected-on\2023-05-12\52 has 1 entries
nodules_dir: output\crop1001\nodules-last-detected-on\2023-05-12\52 has less than 2 entries, skipping
@generate_gif: path:output\crop1001\nodules-last-detected-on\2023-05-12\54, output_name:o.gif
len_jpg_files: 1
@generate_gif: path:output\crop1001\nodules-last-detected-on\2023-05-12\54\detection, output_name:d.gif
len_jpg_files: 1
nodules_dir: output\crop1001\nodules-last-detected-on\2023-05-12\54 has 1 entries
nodules_dir: output\crop1001\nodules-last-detected-on\2023-05-12\54 has less than 2 entries, skipping
@generate_gif: path:output\crop1001\nodules-last-detected-on\2023-05-12\57, output_name:o.gif
len_jpg_files: 1
@generate_gif: path:output\crop1001\nodules-last-detected-on\2023-05-12\57\detection, output_name:d.gif
len_jpg_files: 1
nodules_dir: output\crop1001\nodules-last-detected-on\2023-05-12\57 has 1 entries
nodules_dir: output\crop1001\nodules-last-detected-on\2023-05-12\57 has less than 2 entries, skipping
@generate_gif: path:output\crop1001\nodules-last-detected-on\2023-05-12\58, output_name:o.gif
len_jpg_files: 1
@generate_gif: path:output\crop1001\nodules-last-detected-on\2023-05-12\58\detection, output_name:d.gif
len_jpg_files: 1
nodules_dir: output\crop1001\nodules-last-detected-on\2023-05-12\58 has 1 entries
nodules_dir: output\crop1001\nodules-last-detected-on\2023-05-12\58 has less than 2 entries, skipping
@generate_gif: path:output\crop1001\nodules-last-detected-on\2023-05-12\64, output_name:o.gif
len_jpg_files: 2
@generate_gif: path:output\crop1001\nodules-last-detected-on\2023-05-12\64\detection, output_name:d.gif
len_jpg_files: 2
nodules_dir: output\crop1001\nodules-last-detected-on\2023-05-12\64 has 2 entries
nodules_dir: output\crop1001\nodules-last-detected-on\2023-05-12\64 has 2 entries


Plotting date: 2023-05-12

@check_overlap_helper: existing_positions:[], x:213, y:207, offset_increment:{'x': 0.6875, 'y': 0.5499999999999987}, xlim:(207.75, 213.25), ylim:(197.55, 207.45), i:0
returning: (213, 207), modified:False


Plotting date: 2023-05-10

@check_overlap_helper: existing_positions:[(213, 207)], x:208, y:198, offset_increment:{'x': 0.6875, 'y': 0.5499999999999987}, xlim:(207.75, 213.25), ylim:(197.55, 207.45), i:0
returning: (208, 198), modified:False
@generate_gif: path:output\crop1001\nodules-last-detected-on\2023-05-12\67, output_name:o.gif
len_jpg_files: 4
@generate_gif: path:output\crop1001\nodules-last-detected-on\2023-05-12\67\detection, output_name:d.gif
len_jpg_files: 4
nodules_dir: output\crop1001\nodules-last-detected-on\2023-05-12\67 has 4 entries
nodules_dir: output\crop1001\nodules-last-detected-on\2023-05-12\67 has 4 entries


Plotting date: 2023-05-12

@check_overlap_helper: existing_positions:[], x:171, y:229, offset_increment:{'x': 0.5499999999999972, 'y': 0.6111111111111112}, xlim:(170.8, 175.2), ylim:(228.5, 239.5), i:0
returning: (171, 229), modified:False


Plotting date: 2023-05-10

@check_overlap_helper: existing_positions:[(171, 229)], x:171, y:230, offset_increment:{'x': 0.5499999999999972, 'y': 0.6111111111111112}, xlim:(170.8, 175.2), ylim:(228.5, 239.5), i:0
returning: (171, 230), modified:False


Plotting date: 2023-05-08

@check_overlap_helper: existing_positions:[(171, 229), (171, 230)], x:175, y:239, offset_increment:{'x': 0.5499999999999972, 'y': 0.6111111111111112}, xlim:(170.8, 175.2), ylim:(228.5, 239.5), i:0
returning: (175, 239), modified:False


Plotting date: 2023-05-05

@check_overlap_helper: existing_positions:[(171, 229), (171, 230), (175, 239)], x:175, y:239, offset_increment:{'x': 0.5499999999999972, 'y': 0.6111111111111112}, xlim:(170.8, 175.2), ylim:(228.5, 239.5), i:0
returning: (174.45, 239), modified:True, original:(175, 239)
@generate_gif: path:output\crop1001\nodules-last-detected-on\2023-05-12\68, output_name:o.gif
len_jpg_files: 3
@generate_gif: path:output\crop1001\nodules-last-detected-on\2023-05-12\68\detection, output_name:d.gif
len_jpg_files: 3
nodules_dir: output\crop1001\nodules-last-detected-on\2023-05-12\68 has 3 entries
nodules_dir: output\crop1001\nodules-last-detected-on\2023-05-12\68 has 3 entries


Plotting date: 2023-05-12

@check_overlap_helper: existing_positions:[], x:234, y:232, offset_increment:{'x': 0.13750000000000284, 'y': 0.06111111111111237}, xlim:(232.95, 234.05), ylim:(230.95, 232.05), i:0
returning: (234, 232), modified:False


Plotting date: 2023-05-10

@check_overlap_helper: existing_positions:[(234, 232)], x:233, y:231, offset_increment:{'x': 0.13750000000000284, 'y': 0.06111111111111237}, xlim:(232.95, 234.05), ylim:(230.95, 232.05), i:0
returning: (233, 231), modified:False


Plotting date: 2023-05-08

@check_overlap_helper: existing_positions:[(234, 232), (233, 231)], x:233, y:232, offset_increment:{'x': 0.13750000000000284, 'y': 0.06111111111111237}, xlim:(232.95, 234.05), ylim:(230.95, 232.05), i:0
returning: (233, 232), modified:False
@generate_gif: path:output\crop1001\nodules-last-detected-on\2023-05-12\71, output_name:o.gif
len_jpg_files: 2
@generate_gif: path:output\crop1001\nodules-last-detected-on\2023-05-12\71\detection, output_name:d.gif
len_jpg_files: 2
nodules_dir: output\crop1001\nodules-last-detected-on\2023-05-12\71 has 2 entries
nodules_dir: output\crop1001\nodules-last-detected-on\2023-05-12\71 has 2 entries


Plotting date: 2023-05-12

@check_overlap_helper: existing_positions:[], x:202, y:241, offset_increment:{'x': 2.7774999999999963, 'y': 1.4727777777777804}, xlim:(190.89000000000001, 213.10999999999999), ylim:(227.74499999999998, 254.25500000000002), i:0
returning: (202, 241), modified:False


Plotting date: 2023-05-10

@check_overlap_helper: existing_positions:[(202, 241)], x:202, y:241, offset_increment:{'x': 2.7774999999999963, 'y': 1.4727777777777804}, xlim:(190.89000000000001, 213.10999999999999), ylim:(227.74499999999998, 254.25500000000002), i:0
returning: (204.7775, 241), modified:True, original:(202, 241)
@generate_gif: path:output\crop1001\nodules-last-detected-on\2023-05-12\73, output_name:o.gif
len_jpg_files: 2
@generate_gif: path:output\crop1001\nodules-last-detected-on\2023-05-12\73\detection, output_name:d.gif
len_jpg_files: 2
nodules_dir: output\crop1001\nodules-last-detected-on\2023-05-12\73 has 2 entries
nodules_dir: output\crop1001\nodules-last-detected-on\2023-05-12\73 has 2 entries


Plotting date: 2023-05-12

@check_overlap_helper: existing_positions:[], x:240, y:248, offset_increment:{'x': 3.299999999999997, 'y': 0.06111111111111237}, xlim:(226.8, 253.2), ylim:(247.95, 249.05), i:0
returning: (240, 248), modified:False


Plotting date: 2023-05-10

@check_overlap_helper: existing_positions:[(240, 248)], x:240, y:249, offset_increment:{'x': 3.299999999999997, 'y': 0.06111111111111237}, xlim:(226.8, 253.2), ylim:(247.95, 249.05), i:0
returning: (240, 249), modified:False
@generate_gif: path:output\crop1001\nodules-last-detected-on\2023-05-12\79, output_name:o.gif
len_jpg_files: 1
@generate_gif: path:output\crop1001\nodules-last-detected-on\2023-05-12\79\detection, output_name:d.gif
len_jpg_files: 1
nodules_dir: output\crop1001\nodules-last-detected-on\2023-05-12\79 has 1 entries
nodules_dir: output\crop1001\nodules-last-detected-on\2023-05-12\79 has less than 2 entries, skipping
@generate_gif: path:output\crop1001\nodules-last-detected-on\2023-05-12\80, output_name:o.gif
len_jpg_files: 1
@generate_gif: path:output\crop1001\nodules-last-detected-on\2023-05-12\80\detection, output_name:d.gif
len_jpg_files: 1
nodules_dir: output\crop1001\nodules-last-detected-on\2023-05-12\80 has 1 entries
nodules_dir: output\crop1001\nodules-last-detected-on\2023-05-12\80 has less than 2 entries, skipping
@generate_gif: path:output\crop1001\nodules-last-detected-on\2023-05-12\85, output_name:o.gif
len_jpg_files: 2
@generate_gif: path:output\crop1001\nodules-last-detected-on\2023-05-12\85\detection, output_name:d.gif
len_jpg_files: 2
nodules_dir: output\crop1001\nodules-last-detected-on\2023-05-12\85 has 2 entries
nodules_dir: output\crop1001\nodules-last-detected-on\2023-05-12\85 has 2 entries


Plotting date: 2023-05-12

@check_overlap_helper: existing_positions:[], x:71, y:303, offset_increment:{'x': 0.1374999999999993, 'y': 0.12222222222222474}, xlim:(70.95, 72.05), ylim:(302.9, 305.1), i:0
returning: (71, 303), modified:False


Plotting date: 2023-05-10

@check_overlap_helper: existing_positions:[(71, 303)], x:72, y:305, offset_increment:{'x': 0.1374999999999993, 'y': 0.12222222222222474}, xlim:(70.95, 72.05), ylim:(302.9, 305.1), i:0
returning: (72, 305), modified:False
@generate_gif: path:output\crop1001\nodules-last-detected-on\2023-05-12\90, output_name:o.gif
len_jpg_files: 1
@generate_gif: path:output\crop1001\nodules-last-detected-on\2023-05-12\90\detection, output_name:d.gif
len_jpg_files: 1
nodules_dir: output\crop1001\nodules-last-detected-on\2023-05-12\90 has 1 entries
nodules_dir: output\crop1001\nodules-last-detected-on\2023-05-12\90 has less than 2 entries, skipping
@generate_gif: path:output\crop1001\nodules-last-detected-on\2023-05-12\95, output_name:o.gif
len_jpg_files: 1
@generate_gif: path:output\crop1001\nodules-last-detected-on\2023-05-12\95\detection, output_name:d.gif
len_jpg_files: 1
nodules_dir: output\crop1001\nodules-last-detected-on\2023-05-12\95 has 1 entries
nodules_dir: output\crop1001\nodules-last-detected-on\2023-05-12\95 has less than 2 entries, skipping
@generate_gif: path:output\crop1001\nodules-last-detected-on\2023-05-12\97, output_name:o.gif
len_jpg_files: 2
@generate_gif: path:output\crop1001\nodules-last-detected-on\2023-05-12\97\detection, output_name:d.gif
len_jpg_files: 2
nodules_dir: output\crop1001\nodules-last-detected-on\2023-05-12\97 has 2 entries
nodules_dir: output\crop1001\nodules-last-detected-on\2023-05-12\97 has 2 entries


Plotting date: 2023-05-12

@check_overlap_helper: existing_positions:[], x:117, y:341, offset_increment:{'x': 0.8249999999999993, 'y': 0.6111111111111112}, xlim:(116.7, 123.3), ylim:(340.5, 351.5), i:0
returning: (117, 341), modified:False


Plotting date: 2023-05-10

@check_overlap_helper: existing_positions:[(117, 341)], x:123, y:351, offset_increment:{'x': 0.8249999999999993, 'y': 0.6111111111111112}, xlim:(116.7, 123.3), ylim:(340.5, 351.5), i:0
returning: (123, 351), modified:False
@generate_gif: path:output\crop1001\nodules-last-detected-on\2023-05-12\99, output_name:o.gif
len_jpg_files: 2
@generate_gif: path:output\crop1001\nodules-last-detected-on\2023-05-12\99\detection, output_name:d.gif
len_jpg_files: 2
nodules_dir: output\crop1001\nodules-last-detected-on\2023-05-12\99 has 2 entries
nodules_dir: output\crop1001\nodules-last-detected-on\2023-05-12\99 has 2 entries


Plotting date: 2023-05-12

@check_overlap_helper: existing_positions:[], x:208, y:350, offset_increment:{'x': 0.13750000000000284, 'y': 2.138888888888889}, xlim:(207.95, 209.05), ylim:(330.75, 369.25), i:0
returning: (208, 350), modified:False


Plotting date: 2023-05-10

@check_overlap_helper: existing_positions:[(208, 350)], x:209, y:350, offset_increment:{'x': 0.13750000000000284, 'y': 2.138888888888889}, xlim:(207.95, 209.05), ylim:(330.75, 369.25), i:0
returning: (209, 350), modified:False
@post_process: output\crop1001\nodules-last-detected-on\2023-05-12, 41 nodules, took 11.24s
